#
# There is insufficient memory for the Java Runtime Environment to continue.
# Native memory allocation (malloc) failed to allocate 908352 bytes for Chunk::new
# Possible reasons:
#   The system is out of physical RAM or swap space
#   The process is running with CompressedOops enabled, and the Java Heap may be blocking the growth of the native heap
# Possible solutions:
#   Reduce memory load on the system
#   Increase physical memory or swap space
#   Check if swap backing store is full
#   Decrease Java heap size (-Xmx/-Xms)
#   Decrease number of Java threads
#   Decrease Java thread stack sizes (-Xss)
#   Set larger code cache with -XX:ReservedCodeCacheSize=
#   JVM is running with Unscaled Compressed Oops mode in which the Java heap is
#     placed in the first 4GB address space. The Java Heap base address is the
#     maximum limit for the native heap growth. Please use -XX:HeapBaseMinAddress
#     to set the Java Heap base and to place the Java Heap above 4GB virtual address.
# This output file may be truncated or incomplete.
#
#  Out of Memory Error (arena.cpp:168), pid=22096, tid=22172
#
# JRE version: Java(TM) SE Runtime Environment (21.0.5+9) (build 21.0.5+9-LTS-239)
# Java VM: Java HotSpot(TM) 64-Bit Server VM (21.0.5+9-LTS-239, mixed mode, sharing, tiered, compressed oops, compressed class ptrs, g1 gc, windows-amd64)
# No core dump will be written. Minidumps are not enabled by default on client versions of Windows
#

---------------  S U M M A R Y ------------

Command Line: -Dclassworlds.conf=C:\Program Files\NetBeans-20\netbeans\java\maven\bin\m2.conf -Dmaven.home=C:\Program Files\NetBeans-20\netbeans\java\maven -Dlibrary.jansi.path=C:\Program Files\NetBeans-20\netbeans\java\maven\lib\jansi-native -Dmaven.multiModuleProjectDirectory=D:\FILE MEEEEE\SEMESTER 3\PBO\Java_farm\Java_farm org.codehaus.plexus.classworlds.launcher.Launcher -Dexec.vmArgs= -Dexec.args=${exec.vmArgs} -classpath %classpath ${exec.mainClass} ${exec.appArgs} -Dexec.appArgs= -Dexec.mainClass=com.mycompany.java_farm.mainUi -Dexec.executable=C:\Program Files\Java\jdk-21\bin\java.exe -Dmaven.ext.class.path=C:\Program Files\NetBeans-20\netbeans\java\maven-nblib\netbeans-eventspy.jar --no-transfer-progress javafx:run

Host: 11th Gen Intel(R) Core(TM) i3-1115G4 @ 3.00GHz, 4 cores, 3G,  Windows 11 , 64 bit Build 22621 (10.0.22621.4391)
Time: Mon Dec  2 14:33:18 2024 SE Asia Standard Time elapsed time: 4.535684 seconds (0d 0h 0m 4s)

---------------  T H R E A D  ---------------

Current thread (0x000001fba3867ef0):  JavaThread "C2 CompilerThread0" daemon [_thread_in_native, id=22172, stack(0x000000bde2b00000,0x000000bde2c00000) (1024K)]


Current CompileTask:
C2:   4535 3659       4       org.codehaus.plexus.util.xml.Xpp3Dom::<init> (125 bytes)

Stack: [0x000000bde2b00000,0x000000bde2c00000]
Native frames: (J=compiled Java code, j=interpreted, Vv=VM code, C=native code)
V  [jvm.dll+0x6ca289]
V  [jvm.dll+0x854a51]
V  [jvm.dll+0x856f7e]
V  [jvm.dll+0x857653]
V  [jvm.dll+0x27dd26]
V  [jvm.dll+0xc4c2d]
V  [jvm.dll+0xc5163]
V  [jvm.dll+0x3b4d3c]
V  [jvm.dll+0x3814b5]
V  [jvm.dll+0x38092a]
V  [jvm.dll+0x246910]
V  [jvm.dll+0x245eef]
V  [jvm.dll+0x1c6d0e]
V  [jvm.dll+0x2554d9]
V  [jvm.dll+0x253a6a]
V  [jvm.dll+0x3ee136]
V  [jvm.dll+0x7fee9b]
V  [jvm.dll+0x6c896d]
C  [ucrtbase.dll+0x29333]
C  [KERNEL32.DLL+0x1259d]
C  [ntdll.dll+0x5af38]


---------------  P R O C E S S  ---------------

Threads class SMR info:
_java_thread_list=0x000001fba3a8b290, length=11, elements={
0x000001fb869ed660, 0x000001fba3850060, 0x000001fba3850d70, 0x000001fba3854f00,
0x000001fba3855950, 0x000001fba38565b0, 0x000001fba3859140, 0x000001fba3867ef0,
0x000001fba386a0b0, 0x000001fba3aafab0, 0x000001fba3ab2b00
}

Java Threads: ( => current thread )
  0x000001fb869ed660 JavaThread "main"                              [_thread_in_native, id=22116, stack(0x000000bde1d00000,0x000000bde1e00000) (1024K)]
  0x000001fba3850060 JavaThread "Reference Handler"          daemon [_thread_blocked, id=22148, stack(0x000000bde2500000,0x000000bde2600000) (1024K)]
  0x000001fba3850d70 JavaThread "Finalizer"                  daemon [_thread_blocked, id=22152, stack(0x000000bde2600000,0x000000bde2700000) (1024K)]
  0x000001fba3854f00 JavaThread "Signal Dispatcher"          daemon [_thread_blocked, id=22156, stack(0x000000bde2700000,0x000000bde2800000) (1024K)]
  0x000001fba3855950 JavaThread "Attach Listener"            daemon [_thread_blocked, id=22160, stack(0x000000bde2800000,0x000000bde2900000) (1024K)]
  0x000001fba38565b0 JavaThread "Service Thread"             daemon [_thread_blocked, id=22164, stack(0x000000bde2900000,0x000000bde2a00000) (1024K)]
  0x000001fba3859140 JavaThread "Monitor Deflation Thread"   daemon [_thread_blocked, id=22168, stack(0x000000bde2a00000,0x000000bde2b00000) (1024K)]
=>0x000001fba3867ef0 JavaThread "C2 CompilerThread0"         daemon [_thread_in_native, id=22172, stack(0x000000bde2b00000,0x000000bde2c00000) (1024K)]
  0x000001fba386a0b0 JavaThread "C1 CompilerThread0"         daemon [_thread_blocked, id=22176, stack(0x000000bde2c00000,0x000000bde2d00000) (1024K)]
  0x000001fba3aafab0 JavaThread "Notification Thread"        daemon [_thread_blocked, id=22180, stack(0x000000bde2d00000,0x000000bde2e00000) (1024K)]
  0x000001fba3ab2b00 JavaThread "Common-Cleaner"             daemon [_thread_blocked, id=22184, stack(0x000000bde2e00000,0x000000bde2f00000) (1024K)]
Total: 11

Other Threads:
  0x000001fb88d088c0 VMThread "VM Thread"                           [id=22144, stack(0x000000bde2400000,0x000000bde2500000) (1024K)]
  0x000001fba383b220 WatcherThread "VM Periodic Task Thread"        [id=22140, stack(0x000000bde2300000,0x000000bde2400000) (1024K)]
  0x000001fb88c81630 WorkerThread "GC Thread#0"                     [id=22120, stack(0x000000bde1e00000,0x000000bde1f00000) (1024K)]
  0x000001fbe92d7280 WorkerThread "GC Thread#1"                     [id=22228, stack(0x000000bde2f00000,0x000000bde3000000) (1024K)]
  0x000001fbe95509a0 WorkerThread "GC Thread#2"                     [id=22232, stack(0x000000bde3000000,0x000000bde3100000) (1024K)]
  0x000001fbe9550d40 WorkerThread "GC Thread#3"                     [id=22236, stack(0x000000bde3100000,0x000000bde3200000) (1024K)]
  0x000001fb88c8a080 ConcurrentGCThread "G1 Main Marker"            [id=22124, stack(0x000000bde1f00000,0x000000bde2000000) (1024K)]
  0x000001fb88c8aa80 WorkerThread "G1 Conc#0"                       [id=22128, stack(0x000000bde2000000,0x000000bde2100000) (1024K)]
  0x000001fb88ce56f0 ConcurrentGCThread "G1 Refine#0"               [id=22132, stack(0x000000bde2100000,0x000000bde2200000) (1024K)]
  0x000001fb88ce6160 ConcurrentGCThread "G1 Service"                [id=22136, stack(0x000000bde2200000,0x000000bde2300000) (1024K)]
Total: 10

Threads with active compile tasks:
C2 CompilerThread0     4586 3659       4       org.codehaus.plexus.util.xml.Xpp3Dom::<init> (125 bytes)
Total: 1

VM state: not at safepoint (normal execution)

VM Mutex/Monitor currently owned by a thread: None

Heap address: 0x00000000c3200000, size: 974 MB, Compressed Oops mode: 32-bit

CDS archive(s) mapped at: [0x000001fba4000000-0x000001fba4c90000-0x000001fba4c90000), size 13172736, SharedBaseAddress: 0x000001fba4000000, ArchiveRelocationMode: 1.
Compressed class space mapped at: 0x000001fba5000000-0x000001fbe5000000, reserved size: 1073741824
Narrow klass base: 0x000001fba4000000, Narrow klass shift: 0, Narrow klass range: 0x100000000

GC Precious Log:
 CardTable entry size: 512
 Card Set container configuration: InlinePtr #cards 5 size 8 Array Of Cards #cards 12 size 40 Howl #buckets 4 coarsen threshold 1843 Howl Bitmap #cards 512 size 80 coarsen threshold 460 Card regions per heap region 1 cards per card region 2048
 CPUs: 4 total, 4 available
 Memory: 3895M
 Large Page Support: Disabled
 NUMA Support: Disabled
 Compressed Oops: Enabled (32-bit)
 Heap Region Size: 1M
 Heap Min Capacity: 8M
 Heap Initial Capacity: 62M
 Heap Max Capacity: 974M
 Pre-touch: Disabled
 Parallel Workers: 4
 Concurrent Workers: 1
 Concurrent Refinement Workers: 4
 Periodic GC: Disabled

Heap:
 garbage-first heap   total 63488K, used 11667K [0x00000000c3200000, 0x0000000100000000)
  region size 1024K, 6 young (6144K), 3 survivors (3072K)
 Metaspace       used 16618K, committed 16896K, reserved 1114112K
  class space    used 1925K, committed 2048K, reserved 1048576K

Heap Regions: E=young(eden), S=young(survivor), O=old, HS=humongous(starts), HC=humongous(continues), CS=collection set, F=free, TAMS=top-at-mark-start, PB=parsable bottom
|   0|0x00000000c3200000, 0x00000000c3300000, 0x00000000c3300000|100%| O|  |TAMS 0x00000000c3200000| PB 0x00000000c3200000| Untracked 
|   1|0x00000000c3300000, 0x00000000c3400000, 0x00000000c3400000|100%| O|  |TAMS 0x00000000c3300000| PB 0x00000000c3300000| Untracked 
|   2|0x00000000c3400000, 0x00000000c3500000, 0x00000000c3500000|100%| O|  |TAMS 0x00000000c3400000| PB 0x00000000c3400000| Untracked 
|   3|0x00000000c3500000, 0x00000000c3600000, 0x00000000c3600000|100%| O|  |TAMS 0x00000000c3500000| PB 0x00000000c3500000| Untracked 
|   4|0x00000000c3600000, 0x00000000c3700000, 0x00000000c3700000|100%| O|  |TAMS 0x00000000c3600000| PB 0x00000000c3600000| Untracked 
|   5|0x00000000c3700000, 0x00000000c3800000, 0x00000000c3800000|100%| O|  |TAMS 0x00000000c3700000| PB 0x00000000c3700000| Untracked 
|   6|0x00000000c3800000, 0x00000000c389be00, 0x00000000c3900000| 60%| O|  |TAMS 0x00000000c3800000| PB 0x00000000c3800000| Untracked 
|   7|0x00000000c3900000, 0x00000000c3900000, 0x00000000c3a00000|  0%| F|  |TAMS 0x00000000c3900000| PB 0x00000000c3900000| Untracked 
|   8|0x00000000c3a00000, 0x00000000c3a00000, 0x00000000c3b00000|  0%| F|  |TAMS 0x00000000c3a00000| PB 0x00000000c3a00000| Untracked 
|   9|0x00000000c3b00000, 0x00000000c3b00000, 0x00000000c3c00000|  0%| F|  |TAMS 0x00000000c3b00000| PB 0x00000000c3b00000| Untracked 
|  10|0x00000000c3c00000, 0x00000000c3c00000, 0x00000000c3d00000|  0%| F|  |TAMS 0x00000000c3c00000| PB 0x00000000c3c00000| Untracked 
|  11|0x00000000c3d00000, 0x00000000c3d00000, 0x00000000c3e00000|  0%| F|  |TAMS 0x00000000c3d00000| PB 0x00000000c3d00000| Untracked 
|  12|0x00000000c3e00000, 0x00000000c3e00000, 0x00000000c3f00000|  0%| F|  |TAMS 0x00000000c3e00000| PB 0x00000000c3e00000| Untracked 
|  13|0x00000000c3f00000, 0x00000000c3f00000, 0x00000000c4000000|  0%| F|  |TAMS 0x00000000c3f00000| PB 0x00000000c3f00000| Untracked 
|  14|0x00000000c4000000, 0x00000000c4000000, 0x00000000c4100000|  0%| F|  |TAMS 0x00000000c4000000| PB 0x00000000c4000000| Untracked 
|  15|0x00000000c4100000, 0x00000000c4100000, 0x00000000c4200000|  0%| F|  |TAMS 0x00000000c4100000| PB 0x00000000c4100000| Untracked 
|  16|0x00000000c4200000, 0x00000000c4200000, 0x00000000c4300000|  0%| F|  |TAMS 0x00000000c4200000| PB 0x00000000c4200000| Untracked 
|  17|0x00000000c4300000, 0x00000000c4300000, 0x00000000c4400000|  0%| F|  |TAMS 0x00000000c4300000| PB 0x00000000c4300000| Untracked 
|  18|0x00000000c4400000, 0x00000000c4400000, 0x00000000c4500000|  0%| F|  |TAMS 0x00000000c4400000| PB 0x00000000c4400000| Untracked 
|  19|0x00000000c4500000, 0x00000000c4500000, 0x00000000c4600000|  0%| F|  |TAMS 0x00000000c4500000| PB 0x00000000c4500000| Untracked 
|  20|0x00000000c4600000, 0x00000000c4600000, 0x00000000c4700000|  0%| F|  |TAMS 0x00000000c4600000| PB 0x00000000c4600000| Untracked 
|  21|0x00000000c4700000, 0x00000000c4700000, 0x00000000c4800000|  0%| F|  |TAMS 0x00000000c4700000| PB 0x00000000c4700000| Untracked 
|  22|0x00000000c4800000, 0x00000000c4800000, 0x00000000c4900000|  0%| F|  |TAMS 0x00000000c4800000| PB 0x00000000c4800000| Untracked 
|  23|0x00000000c4900000, 0x00000000c4900000, 0x00000000c4a00000|  0%| F|  |TAMS 0x00000000c4900000| PB 0x00000000c4900000| Untracked 
|  24|0x00000000c4a00000, 0x00000000c4a00000, 0x00000000c4b00000|  0%| F|  |TAMS 0x00000000c4a00000| PB 0x00000000c4a00000| Untracked 
|  25|0x00000000c4b00000, 0x00000000c4b00000, 0x00000000c4c00000|  0%| F|  |TAMS 0x00000000c4b00000| PB 0x00000000c4b00000| Untracked 
|  26|0x00000000c4c00000, 0x00000000c4cc91f8, 0x00000000c4d00000| 78%| S|CS|TAMS 0x00000000c4c00000| PB 0x00000000c4c00000| Complete 
|  27|0x00000000c4d00000, 0x00000000c4e00000, 0x00000000c4e00000|100%| S|CS|TAMS 0x00000000c4d00000| PB 0x00000000c4d00000| Complete 
|  28|0x00000000c4e00000, 0x00000000c4f00000, 0x00000000c4f00000|100%| S|CS|TAMS 0x00000000c4e00000| PB 0x00000000c4e00000| Complete 
|  29|0x00000000c4f00000, 0x00000000c4f00000, 0x00000000c5000000|  0%| F|  |TAMS 0x00000000c4f00000| PB 0x00000000c4f00000| Untracked 
|  30|0x00000000c5000000, 0x00000000c5000000, 0x00000000c5100000|  0%| F|  |TAMS 0x00000000c5000000| PB 0x00000000c5000000| Untracked 
|  31|0x00000000c5100000, 0x00000000c5100000, 0x00000000c5200000|  0%| F|  |TAMS 0x00000000c5100000| PB 0x00000000c5100000| Untracked 
|  32|0x00000000c5200000, 0x00000000c5200000, 0x00000000c5300000|  0%| F|  |TAMS 0x00000000c5200000| PB 0x00000000c5200000| Untracked 
|  33|0x00000000c5300000, 0x00000000c5300000, 0x00000000c5400000|  0%| F|  |TAMS 0x00000000c5300000| PB 0x00000000c5300000| Untracked 
|  34|0x00000000c5400000, 0x00000000c5400000, 0x00000000c5500000|  0%| F|  |TAMS 0x00000000c5400000| PB 0x00000000c5400000| Untracked 
|  35|0x00000000c5500000, 0x00000000c5500000, 0x00000000c5600000|  0%| F|  |TAMS 0x00000000c5500000| PB 0x00000000c5500000| Untracked 
|  36|0x00000000c5600000, 0x00000000c5600000, 0x00000000c5700000|  0%| F|  |TAMS 0x00000000c5600000| PB 0x00000000c5600000| Untracked 
|  37|0x00000000c5700000, 0x00000000c5700000, 0x00000000c5800000|  0%| F|  |TAMS 0x00000000c5700000| PB 0x00000000c5700000| Untracked 
|  38|0x00000000c5800000, 0x00000000c5800000, 0x00000000c5900000|  0%| F|  |TAMS 0x00000000c5800000| PB 0x00000000c5800000| Untracked 
|  39|0x00000000c5900000, 0x00000000c5900000, 0x00000000c5a00000|  0%| F|  |TAMS 0x00000000c5900000| PB 0x00000000c5900000| Untracked 
|  40|0x00000000c5a00000, 0x00000000c5a00000, 0x00000000c5b00000|  0%| F|  |TAMS 0x00000000c5a00000| PB 0x00000000c5a00000| Untracked 
|  41|0x00000000c5b00000, 0x00000000c5b00000, 0x00000000c5c00000|  0%| F|  |TAMS 0x00000000c5b00000| PB 0x00000000c5b00000| Untracked 
|  42|0x00000000c5c00000, 0x00000000c5c00000, 0x00000000c5d00000|  0%| F|  |TAMS 0x00000000c5c00000| PB 0x00000000c5c00000| Untracked 
|  43|0x00000000c5d00000, 0x00000000c5d00000, 0x00000000c5e00000|  0%| F|  |TAMS 0x00000000c5d00000| PB 0x00000000c5d00000| Untracked 
|  44|0x00000000c5e00000, 0x00000000c5e00000, 0x00000000c5f00000|  0%| F|  |TAMS 0x00000000c5e00000| PB 0x00000000c5e00000| Untracked 
|  45|0x00000000c5f00000, 0x00000000c5f00000, 0x00000000c6000000|  0%| F|  |TAMS 0x00000000c5f00000| PB 0x00000000c5f00000| Untracked 
|  46|0x00000000c6000000, 0x00000000c6000000, 0x00000000c6100000|  0%| F|  |TAMS 0x00000000c6000000| PB 0x00000000c6000000| Untracked 
|  47|0x00000000c6100000, 0x00000000c6100000, 0x00000000c6200000|  0%| F|  |TAMS 0x00000000c6100000| PB 0x00000000c6100000| Untracked 
|  48|0x00000000c6200000, 0x00000000c6200000, 0x00000000c6300000|  0%| F|  |TAMS 0x00000000c6200000| PB 0x00000000c6200000| Untracked 
|  49|0x00000000c6300000, 0x00000000c6300000, 0x00000000c6400000|  0%| F|  |TAMS 0x00000000c6300000| PB 0x00000000c6300000| Untracked 
|  50|0x00000000c6400000, 0x00000000c6400000, 0x00000000c6500000|  0%| F|  |TAMS 0x00000000c6400000| PB 0x00000000c6400000| Untracked 
|  51|0x00000000c6500000, 0x00000000c6500000, 0x00000000c6600000|  0%| F|  |TAMS 0x00000000c6500000| PB 0x00000000c6500000| Untracked 
|  52|0x00000000c6600000, 0x00000000c6600000, 0x00000000c6700000|  0%| F|  |TAMS 0x00000000c6600000| PB 0x00000000c6600000| Untracked 
|  53|0x00000000c6700000, 0x00000000c6700000, 0x00000000c6800000|  0%| F|  |TAMS 0x00000000c6700000| PB 0x00000000c6700000| Untracked 
|  54|0x00000000c6800000, 0x00000000c6800000, 0x00000000c6900000|  0%| F|  |TAMS 0x00000000c6800000| PB 0x00000000c6800000| Untracked 
|  55|0x00000000c6900000, 0x00000000c6900000, 0x00000000c6a00000|  0%| F|  |TAMS 0x00000000c6900000| PB 0x00000000c6900000| Untracked 
|  56|0x00000000c6a00000, 0x00000000c6a00000, 0x00000000c6b00000|  0%| F|  |TAMS 0x00000000c6a00000| PB 0x00000000c6a00000| Untracked 
|  57|0x00000000c6b00000, 0x00000000c6b00000, 0x00000000c6c00000|  0%| F|  |TAMS 0x00000000c6b00000| PB 0x00000000c6b00000| Untracked 
|  58|0x00000000c6c00000, 0x00000000c6c00000, 0x00000000c6d00000|  0%| F|  |TAMS 0x00000000c6c00000| PB 0x00000000c6c00000| Untracked 
|  59|0x00000000c6d00000, 0x00000000c6d80800, 0x00000000c6e00000| 50%| E|  |TAMS 0x00000000c6d00000| PB 0x00000000c6d00000| Complete 
|  60|0x00000000c6e00000, 0x00000000c6f00000, 0x00000000c6f00000|100%| E|CS|TAMS 0x00000000c6e00000| PB 0x00000000c6e00000| Complete 
|  61|0x00000000c6f00000, 0x00000000c7000000, 0x00000000c7000000|100%| E|CS|TAMS 0x00000000c6f00000| PB 0x00000000c6f00000| Complete 

Card table byte_map: [0x000001fba02c0000,0x000001fba04b0000] _byte_map_base: 0x000001fb9fca7000

Marking Bits: (CMBitMap*) 0x000001fb88c81c30
 Bits: [0x000001fba04b0000, 0x000001fba13e8000)

Polling page: 0x000001fb88410000

Metaspace:

Usage:
  Non-class:     14.35 MB used.
      Class:      1.88 MB used.
       Both:     16.23 MB used.

Virtual space:
  Non-class space:       64.00 MB reserved,      14.50 MB ( 23%) committed,  1 nodes.
      Class space:        1.00 GB reserved,       2.00 MB ( <1%) committed,  1 nodes.
             Both:        1.06 GB reserved,      16.50 MB (  2%) committed. 

Chunk freelists:
   Non-Class:  1.28 MB
       Class:  13.86 MB
        Both:  15.14 MB

MaxMetaspaceSize: unlimited
CompressedClassSpaceSize: 1.00 GB
Initial GC threshold: 21.00 MB
Current GC threshold: 21.00 MB
CDS: on
 - commit_granule_bytes: 65536.
 - commit_granule_words: 8192.
 - virtual_space_node_default_size: 8388608.
 - enlarge_chunks_in_place: 1.
 - use_allocation_guard: 0.


Internal statistics:

num_allocs_failed_limit: 0.
num_arena_births: 176.
num_arena_deaths: 0.
num_vsnodes_births: 2.
num_vsnodes_deaths: 0.
num_space_committed: 264.
num_space_uncommitted: 0.
num_chunks_returned_to_freelist: 0.
num_chunks_taken_from_freelist: 737.
num_chunk_merges: 0.
num_chunk_splits: 516.
num_chunks_enlarged: 421.
num_inconsistent_stats: 0.

CodeHeap 'non-profiled nmethods': size=120000Kb used=1489Kb max_used=1489Kb free=118510Kb
 bounds [0x000001fb98ba0000, 0x000001fb98e10000, 0x000001fba00d0000]
CodeHeap 'profiled nmethods': size=120000Kb used=7500Kb max_used=7500Kb free=112499Kb
 bounds [0x000001fb910d0000, 0x000001fb91830000, 0x000001fb98600000]
CodeHeap 'non-nmethods': size=5760Kb used=1546Kb max_used=1570Kb free=4213Kb
 bounds [0x000001fb98600000, 0x000001fb98870000, 0x000001fb98ba0000]
 total_blobs=4178 nmethods=3682 adapters=400
 compilation: enabled
              stopped_count=0, restarted_count=0
 full_count=0

Compilation events (20 events):
Event: 4.495 Thread 0x000001fba386a0b0 3664       1       org.apache.maven.repository.internal.DefaultVersionResolver$Key::hashCode (5 bytes)
Event: 4.495 Thread 0x000001fba386a0b0 nmethod 3664 0x000001fb98d12c90 code [0x000001fb98d12e20, 0x000001fb98d12ee8]
Event: 4.495 Thread 0x000001fba386a0b0 3665       1       org.eclipse.aether.resolution.VersionResult::getVersion (5 bytes)
Event: 4.495 Thread 0x000001fba386a0b0 nmethod 3665 0x000001fb98d12f90 code [0x000001fb98d13120, 0x000001fb98d131e8]
Event: 4.505 Thread 0x000001fba386a0b0 3666       1       org.eclipse.aether.resolution.ArtifactResult::getRepository (5 bytes)
Event: 4.505 Thread 0x000001fba386a0b0 nmethod 3666 0x000001fb98d13290 code [0x000001fb98d13420, 0x000001fb98d134e8]
Event: 4.507 Thread 0x000001fba386a0b0 3667       3       java.util.Collections::singletonIterator (9 bytes)
Event: 4.507 Thread 0x000001fba386a0b0 nmethod 3667 0x000001fb9181a490 code [0x000001fb9181a640, 0x000001fb9181a8a8]
Event: 4.507 Thread 0x000001fba386a0b0 3668       3       java.util.Collections$1::<init> (15 bytes)
Event: 4.507 Thread 0x000001fba386a0b0 nmethod 3668 0x000001fb9181a990 code [0x000001fb9181ab20, 0x000001fb9181ace8]
Event: 4.507 Thread 0x000001fba386a0b0 3669       3       java.util.Collections$1::next (25 bytes)
Event: 4.508 Thread 0x000001fba386a0b0 nmethod 3669 0x000001fb9181ad90 code [0x000001fb9181af40, 0x000001fb9181b168]
Event: 4.515 Thread 0x000001fba386a0b0 3670       3       org.apache.maven.model.Dependency::<init> (11 bytes)
Event: 4.516 Thread 0x000001fba386a0b0 nmethod 3670 0x000001fb9181b290 code [0x000001fb9181b440, 0x000001fb9181b610]
Event: 4.525 Thread 0x000001fba386a0b0 3672       1       org.apache.maven.model.ReportPlugin::setVersion (6 bytes)
Event: 4.525 Thread 0x000001fba386a0b0 nmethod 3672 0x000001fb98d13590 code [0x000001fb98d13720, 0x000001fb98d13830]
Event: 4.527 Thread 0x000001fba386a0b0 3674   !   3       org.apache.maven.model.Repository::clone (87 bytes)
Event: 4.528 Thread 0x000001fba386a0b0 nmethod 3674 0x000001fb9181b710 code [0x000001fb9181b9c0, 0x000001fb9181c5e0]
Event: 4.528 Thread 0x000001fba386a0b0 3675   !   3       org.apache.maven.model.RepositoryBase::clone (73 bytes)
Event: 4.529 Thread 0x000001fba386a0b0 nmethod 3675 0x000001fb9181cb90 code [0x000001fb9181ce40, 0x000001fb9181db70]

GC Heap History (8 events):
Event: 0.894 GC heap before
{Heap before GC invocations=0 (full 0):
 garbage-first heap   total 63488K, used 13312K [0x00000000c3200000, 0x0000000100000000)
  region size 1024K, 13 young (13312K), 0 survivors (0K)
 Metaspace       used 4015K, committed 4224K, reserved 1114112K
  class space    used 408K, committed 512K, reserved 1048576K
}
Event: 0.904 GC heap after
{Heap after GC invocations=1 (full 0):
 garbage-first heap   total 63488K, used 3360K [0x00000000c3200000, 0x0000000100000000)
  region size 1024K, 2 young (2048K), 2 survivors (2048K)
 Metaspace       used 4015K, committed 4224K, reserved 1114112K
  class space    used 408K, committed 512K, reserved 1048576K
}
Event: 1.524 GC heap before
{Heap before GC invocations=1 (full 0):
 garbage-first heap   total 63488K, used 19744K [0x00000000c3200000, 0x0000000100000000)
  region size 1024K, 18 young (18432K), 2 survivors (2048K)
 Metaspace       used 6454K, committed 6656K, reserved 1114112K
  class space    used 731K, committed 832K, reserved 1048576K
}
Event: 1.529 GC heap after
{Heap after GC invocations=2 (full 0):
 garbage-first heap   total 63488K, used 4324K [0x00000000c3200000, 0x0000000100000000)
  region size 1024K, 1 young (1024K), 1 survivors (1024K)
 Metaspace       used 6454K, committed 6656K, reserved 1114112K
  class space    used 731K, committed 832K, reserved 1048576K
}
Event: 2.899 GC heap before
{Heap before GC invocations=2 (full 0):
 garbage-first heap   total 63488K, used 40164K [0x00000000c3200000, 0x0000000100000000)
  region size 1024K, 37 young (37888K), 1 survivors (1024K)
 Metaspace       used 12769K, committed 12992K, reserved 1114112K
  class space    used 1525K, committed 1600K, reserved 1048576K
}
Event: 2.907 GC heap after
{Heap after GC invocations=3 (full 0):
 garbage-first heap   total 63488K, used 6913K [0x00000000c3200000, 0x0000000100000000)
  region size 1024K, 4 young (4096K), 4 survivors (4096K)
 Metaspace       used 12769K, committed 12992K, reserved 1114112K
  class space    used 1525K, committed 1600K, reserved 1048576K
}
Event: 4.343 GC heap before
{Heap before GC invocations=3 (full 0):
 garbage-first heap   total 63488K, used 40705K [0x00000000c3200000, 0x0000000100000000)
  region size 1024K, 37 young (37888K), 4 survivors (4096K)
 Metaspace       used 16571K, committed 16768K, reserved 1114112K
  class space    used 1921K, committed 1984K, reserved 1048576K
}
Event: 4.357 GC heap after
{Heap after GC invocations=4 (full 0):
 garbage-first heap   total 63488K, used 9619K [0x00000000c3200000, 0x0000000100000000)
  region size 1024K, 3 young (3072K), 3 survivors (3072K)
 Metaspace       used 16571K, committed 16768K, reserved 1114112K
  class space    used 1921K, committed 1984K, reserved 1048576K
}

Dll operation events (8 events):
Event: 0.012 Loaded shared library C:\Program Files\Java\jdk-21\bin\java.dll
Event: 0.049 Loaded shared library C:\Program Files\Java\jdk-21\bin\jsvml.dll
Event: 0.077 Loaded shared library C:\Program Files\Java\jdk-21\bin\net.dll
Event: 0.078 Loaded shared library C:\Program Files\Java\jdk-21\bin\nio.dll
Event: 0.082 Loaded shared library C:\Program Files\Java\jdk-21\bin\zip.dll
Event: 0.355 Loaded shared library C:\Program Files\Java\jdk-21\bin\jimage.dll
Event: 0.488 Loaded shared library C:\Program Files\NetBeans-20\netbeans\java\maven\lib\jansi-native\Windows\x86_64\jansi.dll
Event: 0.506 Loaded shared library C:\Program Files\Java\jdk-21\bin\verify.dll

Deoptimization events (20 events):
Event: 4.072 Thread 0x000001fb869ed660 Uncommon trap: trap_request=0xffffff45 fr.pc=0x000001fb98ce2d68 relative=0x0000000000001148
Event: 4.072 Thread 0x000001fb869ed660 Uncommon trap: reason=unstable_if action=reinterpret pc=0x000001fb98ce2d68 method=org.codehaus.plexus.util.xml.pull.MXParser.nextImpl()I @ 925 c2
Event: 4.072 Thread 0x000001fb869ed660 DEOPT PACKING pc=0x000001fb98ce2d68 sp=0x000000bde1dfc870
Event: 4.072 Thread 0x000001fb869ed660 DEOPT UNPACKING pc=0x000001fb98657da2 sp=0x000000bde1dfc820 mode 2
Event: 4.315 Thread 0x000001fb869ed660 DEOPT PACKING pc=0x000001fb9167dde5 sp=0x000000bde1dfc5a0
Event: 4.315 Thread 0x000001fb869ed660 DEOPT UNPACKING pc=0x000001fb986588e2 sp=0x000000bde1dfbad8 mode 0
Event: 4.323 Thread 0x000001fb869ed660 DEOPT PACKING pc=0x000001fb9167dde5 sp=0x000000bde1dfc3b0
Event: 4.323 Thread 0x000001fb869ed660 DEOPT UNPACKING pc=0x000001fb986588e2 sp=0x000000bde1dfb8e8 mode 0
Event: 4.358 Thread 0x000001fba3850060 Uncommon trap: trap_request=0xffffff45 fr.pc=0x000001fb98ca202c relative=0x000000000000018c
Event: 4.358 Thread 0x000001fba3850060 Uncommon trap: reason=unstable_if action=reinterpret pc=0x000001fb98ca202c method=java.util.concurrent.locks.ReentrantLock$NonfairSync.initialTryLock()Z @ 25 c2
Event: 4.358 Thread 0x000001fba3850060 DEOPT PACKING pc=0x000001fb98ca202c sp=0x000000bde25feea0
Event: 4.358 Thread 0x000001fba3850060 DEOPT UNPACKING pc=0x000001fb98657da2 sp=0x000000bde25fed88 mode 2
Event: 4.365 Thread 0x000001fb869ed660 Uncommon trap: trap_request=0xffffff45 fr.pc=0x000001fb98c4d0c4 relative=0x00000000000000a4
Event: 4.365 Thread 0x000001fb869ed660 Uncommon trap: reason=unstable_if action=reinterpret pc=0x000001fb98c4d0c4 method=java.lang.ref.ReferenceQueue.poll()Ljava/lang/ref/Reference; @ 4 c2
Event: 4.365 Thread 0x000001fb869ed660 DEOPT PACKING pc=0x000001fb98c4d0c4 sp=0x000000bde1dfcfc0
Event: 4.365 Thread 0x000001fb869ed660 DEOPT UNPACKING pc=0x000001fb98657da2 sp=0x000000bde1dfcea8 mode 2
Event: 4.491 Thread 0x000001fb869ed660 Uncommon trap: trap_request=0xffffffcc fr.pc=0x000001fb98d1244c relative=0x000000000000020c
Event: 4.491 Thread 0x000001fb869ed660 Uncommon trap: reason=intrinsic_or_type_checked_inlining action=make_not_entrant pc=0x000001fb98d1244c method=java.util.Arrays.copyOf([Ljava/lang/Object;ILjava/lang/Class;)[Ljava/lang/Object; @ 35 c2
Event: 4.491 Thread 0x000001fb869ed660 DEOPT PACKING pc=0x000001fb98d1244c sp=0x000000bde1dfd140
Event: 4.491 Thread 0x000001fb869ed660 DEOPT UNPACKING pc=0x000001fb98657da2 sp=0x000000bde1dfd0d0 mode 2

Classes loaded (20 events):
Event: 3.439 Loading class java/util/stream/MatchOps$1MatchSink
Event: 3.439 Loading class java/util/stream/MatchOps$1MatchSink done
Event: 3.509 Loading class java/util/LinkedList$LLSpliterator
Event: 3.510 Loading class java/util/LinkedList$LLSpliterator done
Event: 3.746 Loading class sun/nio/cs/ISO_8859_1$Decoder
Event: 3.746 Loading class sun/nio/cs/ISO_8859_1$Decoder done
Event: 3.897 Loading class org/w3c/dom/Node
Event: 3.897 Loading class org/w3c/dom/Node done
Event: 3.898 Loading class javax/xml/parsers/ParserConfigurationException
Event: 3.898 Loading class javax/xml/parsers/ParserConfigurationException done
Event: 3.898 Loading class org/xml/sax/SAXException
Event: 3.898 Loading class org/xml/sax/SAXException done
Event: 3.899 Loading class org/w3c/dom/Document
Event: 3.899 Loading class org/w3c/dom/Document done
Event: 3.899 Loading class org/w3c/dom/Element
Event: 3.899 Loading class org/w3c/dom/Element done
Event: 3.981 Loading class java/net/URISyntaxException
Event: 3.981 Loading class java/net/URISyntaxException done
Event: 3.988 Loading class jdk/internal/reflect/MethodHandleBooleanFieldAccessorImpl
Event: 3.992 Loading class jdk/internal/reflect/MethodHandleBooleanFieldAccessorImpl done

Classes unloaded (0 events):
No events

Classes redefined (0 events):
No events

Internal exceptions (20 events):
Event: 2.574 Thread 0x000001fb869ed660 Exception <a 'java/lang/NoSuchMethodError'{0x00000000c5581f68}: 'java.lang.Object java.lang.invoke.DirectMethodHandle$Holder.invokeSpecial(java.lang.Object, java.lang.Object, java.lang.Object, java.lang.Object, long)'> (0x00000000c5581f68) 
thrown [s\open\src\hotspot\share\interpreter\linkResolver.cpp, line 773]
Event: 2.576 Thread 0x000001fb869ed660 Exception <a 'java/lang/NoSuchMethodError'{0x00000000c558da88}: 'java.lang.Object java.lang.invoke.DirectMethodHandle$Holder.invokeSpecial(java.lang.Object, java.lang.Object, java.lang.Object, int, java.lang.Object)'> (0x00000000c558da88) 
thrown [s\open\src\hotspot\share\interpreter\linkResolver.cpp, line 773]
Event: 2.577 Thread 0x000001fb869ed660 Exception <a 'java/lang/NoSuchMethodError'{0x00000000c5595bc8}: 'int java.lang.invoke.DirectMethodHandle$Holder.invokeSpecial(java.lang.Object, java.lang.Object, java.lang.Object, int)'> (0x00000000c5595bc8) 
thrown [s\open\src\hotspot\share\interpreter\linkResolver.cpp, line 773]
Event: 2.583 Thread 0x000001fb869ed660 Implicit null exception at 0x000001fb98c110ba to 0x000001fb98c112b4
Event: 2.585 Thread 0x000001fb869ed660 Exception <a 'java/lang/NoSuchMethodError'{0x00000000c55ba2e8}: 'java.lang.Object java.lang.invoke.Invokers$Holder.invokeExact_MT(java.lang.Object, int, java.lang.Object)'> (0x00000000c55ba2e8) 
thrown [s\open\src\hotspot\share\interpreter\linkResolver.cpp, line 773]
Event: 2.599 Thread 0x000001fb869ed660 Exception <a 'java/lang/NoSuchMethodError'{0x00000000c542a658}: 'void java.lang.invoke.DirectMethodHandle$Holder.invokeStatic(java.lang.Object, java.lang.Object)'> (0x00000000c542a658) 
thrown [s\open\src\hotspot\share\interpreter\linkResolver.cpp, line 773]
Event: 2.818 Thread 0x000001fb869ed660 Exception <a 'java/lang/NoSuchMethodError'{0x00000000c4da7ff8}: 'void java.lang.invoke.Invokers$Holder.invokeExact_MT(java.lang.Object, java.lang.Object, java.lang.Object, java.lang.Object)'> (0x00000000c4da7ff8) 
thrown [s\open\src\hotspot\share\interpreter\linkResolver.cpp, line 773]
Event: 2.839 Thread 0x000001fb869ed660 Exception <a 'java/lang/NoClassDefFoundError'{0x00000000c4c300c0}: com/google/inject/servlet/ServletModuleTargetVisitor> (0x00000000c4c300c0) 
thrown [s\open\src\hotspot\share\classfile\systemDictionary.cpp, line 301]
Event: 2.937 Thread 0x000001fb869ed660 Exception <a 'java/lang/NoSuchMethodError'{0x00000000c6e3a238}: 'void java.lang.invoke.DirectMethodHandle$Holder.invokeVirtual(java.lang.Object, java.lang.Object)'> (0x00000000c6e3a238) 
thrown [s\open\src\hotspot\share\interpreter\linkResolver.cpp, line 773]
Event: 3.001 Thread 0x000001fb869ed660 Exception <a 'java/lang/NoSuchMethodError'{0x00000000c6eca1a0}: 'java.lang.Object java.lang.invoke.DirectMethodHandle$Holder.invokeStaticInit(java.lang.Object, int, int, int, int)'> (0x00000000c6eca1a0) 
thrown [s\open\src\hotspot\share\interpreter\linkResolver.cpp, line 773]
Event: 3.292 Thread 0x000001fb869ed660 Exception <a 'java/lang/NoSuchMethodError'{0x00000000c6742358}: 'void java.lang.invoke.DirectMethodHandle$Holder.invokeVirtual(java.lang.Object, java.lang.Object, int)'> (0x00000000c6742358) 
thrown [s\open\src\hotspot\share\interpreter\linkResolver.cpp, line 773]
Event: 3.293 Thread 0x000001fb869ed660 Exception <a 'java/lang/NoSuchMethodError'{0x00000000c6749440}: 'void java.lang.invoke.DelegatingMethodHandle$Holder.reinvoke_L(java.lang.Object, java.lang.Object, int)'> (0x00000000c6749440) 
thrown [s\open\src\hotspot\share\interpreter\linkResolver.cpp, line 773]
Event: 3.533 Thread 0x000001fb869ed660 Implicit null exception at 0x000001fb98cb398d to 0x000001fb98cb41f8
Event: 3.533 Thread 0x000001fb869ed660 Implicit null exception at 0x000001fb98c4de18 to 0x000001fb98c4dff4
Event: 3.604 Thread 0x000001fb869ed660 Implicit null exception at 0x000001fb98c4bd18 to 0x000001fb98c4bf08
Event: 3.618 Thread 0x000001fb869ed660 Exception <a 'java/lang/NoSuchMethodError'{0x00000000c5c227c0}: 'java.lang.Object java.lang.invoke.DirectMethodHandle$Holder.newInvokeSpecial(java.lang.Object, java.lang.Object, java.lang.Object, java.lang.Object, java.lang.Object, java.lang.Object, java.lang.Object)'> (0x00000000c5c227c0) 
thrown [s\open\src\hotspot\share\interpreter\linkResolver.cpp, line 773]
Event: 3.949 Thread 0x000001fb869ed660 Exception <a 'java/lang/NoSuchMethodError'{0x00000000c53b2848}: 'java.lang.Object java.lang.invoke.DirectMethodHandle$Holder.invokeVirtual(java.lang.Object, java.lang.Object, java.lang.Object)'> (0x00000000c53b2848) 
thrown [s\open\src\hotspot\share\interpreter\linkResolver.cpp, line 773]
Event: 3.952 Thread 0x000001fb869ed660 Exception <a 'java/lang/NoSuchMethodError'{0x00000000c53b90e0}: 'void java.lang.invoke.DirectMethodHandle$Holder.invokeSpecial(java.lang.Object, java.lang.Object, java.lang.Object, java.lang.Object, java.lang.Object, java.lang.Object)'> (0x00000000c53b90e0) 
thrown [s\open\src\hotspot\share\interpreter\linkResolver.cpp, line 773]
Event: 3.958 Thread 0x000001fb869ed660 Exception <a 'java/lang/NoSuchMethodError'{0x00000000c53c3370}: 'int java.lang.invoke.DirectMethodHandle$Holder.invokeVirtual(java.lang.Object, java.lang.Object)'> (0x00000000c53c3370) 
thrown [s\open\src\hotspot\share\interpreter\linkResolver.cpp, line 773]
Event: 3.993 Thread 0x000001fb869ed660 Exception <a 'java/lang/NoSuchMethodError'{0x00000000c528a018}: 'void java.lang.invoke.Invokers$Holder.invokeExact_MT(java.lang.Object, java.lang.Object, int, java.lang.Object)'> (0x00000000c528a018) 
thrown [s\open\src\hotspot\share\interpreter\linkResolver.cpp, line 773]

ZGC Phase Switch (0 events):
No events

VM Operations (20 events):
Event: 2.955 Executing VM operation: HandshakeAllThreads (Deoptimize)
Event: 2.955 Executing VM operation: HandshakeAllThreads (Deoptimize) done
Event: 3.061 Executing VM operation: HandshakeAllThreads (Deoptimize)
Event: 3.061 Executing VM operation: HandshakeAllThreads (Deoptimize) done
Event: 3.140 Executing VM operation: HandshakeAllThreads (Deoptimize)
Event: 3.140 Executing VM operation: HandshakeAllThreads (Deoptimize) done
Event: 3.200 Executing VM operation: HandshakeAllThreads (Deoptimize)
Event: 3.200 Executing VM operation: HandshakeAllThreads (Deoptimize) done
Event: 3.344 Executing VM operation: HandshakeAllThreads (Deoptimize)
Event: 3.344 Executing VM operation: HandshakeAllThreads (Deoptimize) done
Event: 3.344 Executing VM operation: HandshakeAllThreads (Deoptimize)
Event: 3.344 Executing VM operation: HandshakeAllThreads (Deoptimize) done
Event: 3.345 Executing VM operation: HandshakeAllThreads (Deoptimize)
Event: 3.345 Executing VM operation: HandshakeAllThreads (Deoptimize) done
Event: 3.492 Executing VM operation: ICBufferFull
Event: 3.492 Executing VM operation: ICBufferFull done
Event: 3.764 Executing VM operation: ICBufferFull
Event: 3.764 Executing VM operation: ICBufferFull done
Event: 4.343 Executing VM operation: G1CollectForAllocation (G1 Evacuation Pause)
Event: 4.357 Executing VM operation: G1CollectForAllocation (G1 Evacuation Pause) done

Events (11 events):
Event: 0.030 Thread 0x000001fb869ed660 Thread added: 0x000001fb869ed660
Event: 0.046 Thread 0x000001fba3850060 Thread added: 0x000001fba3850060
Event: 0.046 Thread 0x000001fba3850d70 Thread added: 0x000001fba3850d70
Event: 0.046 Thread 0x000001fba3854f00 Thread added: 0x000001fba3854f00
Event: 0.046 Thread 0x000001fba3855950 Thread added: 0x000001fba3855950
Event: 0.046 Thread 0x000001fba38565b0 Thread added: 0x000001fba38565b0
Event: 0.046 Thread 0x000001fba3859140 Thread added: 0x000001fba3859140
Event: 0.046 Thread 0x000001fba3867ef0 Thread added: 0x000001fba3867ef0
Event: 0.046 Thread 0x000001fba386a0b0 Thread added: 0x000001fba386a0b0
Event: 0.071 Thread 0x000001fba3aafab0 Thread added: 0x000001fba3aafab0
Event: 0.074 Thread 0x000001fba3ab2b00 Thread added: 0x000001fba3ab2b00


Dynamic libraries:
0x00007ff601f30000 - 0x00007ff601f40000 	C:\Program Files\Java\jdk-21\bin\java.exe
0x00007ffb782f0000 - 0x00007ffb78507000 	C:\WINDOWS\SYSTEM32\ntdll.dll
0x00007ffb76140000 - 0x00007ffb76204000 	C:\WINDOWS\System32\KERNEL32.DLL
0x00007ffb75600000 - 0x00007ffb759ba000 	C:\WINDOWS\System32\KERNELBASE.dll
0x00007ffb759c0000 - 0x00007ffb75ad1000 	C:\WINDOWS\System32\ucrtbase.dll
0x00007ffb5ebd0000 - 0x00007ffb5ebeb000 	C:\Program Files\Java\jdk-21\bin\VCRUNTIME140.dll
0x00007ffb5e470000 - 0x00007ffb5e489000 	C:\Program Files\Java\jdk-21\bin\jli.dll
0x00007ffb76000000 - 0x00007ffb760b2000 	C:\WINDOWS\System32\ADVAPI32.dll
0x00007ffb765a0000 - 0x00007ffb76647000 	C:\WINDOWS\System32\msvcrt.dll
0x00007ffb775d0000 - 0x00007ffb77677000 	C:\WINDOWS\System32\sechost.dll
0x00007ffb75eb0000 - 0x00007ffb75ed8000 	C:\WINDOWS\System32\bcrypt.dll
0x00007ffb767b0000 - 0x00007ffb768c4000 	C:\WINDOWS\System32\RPCRT4.dll
0x00007ffb77d40000 - 0x00007ffb77eee000 	C:\WINDOWS\System32\USER32.dll
0x00007ffb5f8f0000 - 0x00007ffb5fb82000 	C:\WINDOWS\WinSxS\amd64_microsoft.windows.common-controls_6595b64144ccf1df_6.0.22621.4541_none_2710d1c57384c085\COMCTL32.dll
0x00007ffb755d0000 - 0x00007ffb755f6000 	C:\WINDOWS\System32\win32u.dll
0x00007ffb78280000 - 0x00007ffb782a9000 	C:\WINDOWS\System32\GDI32.dll
0x00007ffb75ee0000 - 0x00007ffb75ffb000 	C:\WINDOWS\System32\gdi32full.dll
0x00007ffb75e10000 - 0x00007ffb75eaa000 	C:\WINDOWS\System32\msvcp_win.dll
0x00007ffb6ca30000 - 0x00007ffb6ca3a000 	C:\WINDOWS\SYSTEM32\VERSION.dll
0x00007ffb76700000 - 0x00007ffb76731000 	C:\WINDOWS\System32\IMM32.DLL
0x00007ffb6e050000 - 0x00007ffb6e05c000 	C:\Program Files\Java\jdk-21\bin\vcruntime140_1.dll
0x00007ffb54fa0000 - 0x00007ffb5502e000 	C:\Program Files\Java\jdk-21\bin\msvcp140.dll
0x00007ffb27950000 - 0x00007ffb28668000 	C:\Program Files\Java\jdk-21\bin\server\jvm.dll
0x00007ffb77550000 - 0x00007ffb775c1000 	C:\WINDOWS\System32\WS2_32.dll
0x00007ffb754a0000 - 0x00007ffb754ed000 	C:\WINDOWS\SYSTEM32\POWRPROF.dll
0x00007ffb6e180000 - 0x00007ffb6e1b4000 	C:\WINDOWS\SYSTEM32\WINMM.dll
0x00007ffb75480000 - 0x00007ffb75493000 	C:\WINDOWS\SYSTEM32\UMPDC.dll
0x00007ffb74610000 - 0x00007ffb74628000 	C:\WINDOWS\SYSTEM32\kernel.appcore.dll
0x00007ffb5ebc0000 - 0x00007ffb5ebca000 	C:\Program Files\Java\jdk-21\bin\jimage.dll
0x00007ffb72e10000 - 0x00007ffb73042000 	C:\WINDOWS\SYSTEM32\DBGHELP.DLL
0x00007ffb77ef0000 - 0x00007ffb7827f000 	C:\WINDOWS\System32\combase.dll
0x00007ffb769d0000 - 0x00007ffb76aa7000 	C:\WINDOWS\System32\OLEAUT32.dll
0x00007ffb57770000 - 0x00007ffb577a2000 	C:\WINDOWS\SYSTEM32\dbgcore.DLL
0x00007ffb75c50000 - 0x00007ffb75ccb000 	C:\WINDOWS\System32\bcryptPrimitives.dll
0x00007ffb5e150000 - 0x00007ffb5e16f000 	C:\Program Files\Java\jdk-21\bin\java.dll
0x00007ffb76cc0000 - 0x00007ffb77538000 	C:\WINDOWS\System32\SHELL32.dll
0x00007ffb73510000 - 0x00007ffb73e18000 	C:\WINDOWS\SYSTEM32\windows.storage.dll
0x00007ffb733d0000 - 0x00007ffb7350f000 	C:\WINDOWS\SYSTEM32\wintypes.dll
0x00007ffb763a0000 - 0x00007ffb7649a000 	C:\WINDOWS\System32\SHCORE.dll
0x00007ffb76750000 - 0x00007ffb767ae000 	C:\WINDOWS\System32\shlwapi.dll
0x00007ffb75500000 - 0x00007ffb7552b000 	C:\WINDOWS\SYSTEM32\profapi.dll
0x00007ffb554d0000 - 0x00007ffb555a7000 	C:\Program Files\Java\jdk-21\bin\jsvml.dll
0x00007ffb5eb40000 - 0x00007ffb5eb50000 	C:\Program Files\Java\jdk-21\bin\net.dll
0x00007ffb6f3f0000 - 0x00007ffb6f526000 	C:\WINDOWS\SYSTEM32\WINHTTP.dll
0x00007ffb74a90000 - 0x00007ffb74af9000 	C:\WINDOWS\system32\mswsock.dll
0x00007ffb5e050000 - 0x00007ffb5e066000 	C:\Program Files\Java\jdk-21\bin\nio.dll
0x00007ffb5e030000 - 0x00007ffb5e048000 	C:\Program Files\Java\jdk-21\bin\zip.dll
0x0000000069ac0000 - 0x0000000069ae4000 	C:\Program Files\NetBeans-20\netbeans\java\maven\lib\jansi-native\Windows\x86_64\jansi.dll
0x00007ffb5e020000 - 0x00007ffb5e030000 	C:\Program Files\Java\jdk-21\bin\verify.dll

dbghelp: loaded successfully - version: 4.0.5 - missing functions: none
symbol engine: initialized successfully - sym options: 0x614 - pdb path: .;C:\Program Files\Java\jdk-21\bin;C:\WINDOWS\SYSTEM32;C:\WINDOWS\WinSxS\amd64_microsoft.windows.common-controls_6595b64144ccf1df_6.0.22621.4541_none_2710d1c57384c085;C:\Program Files\Java\jdk-21\bin\server;C:\Program Files\NetBeans-20\netbeans\java\maven\lib\jansi-native\Windows\x86_64

VM Arguments:
jvm_args: -Dclassworlds.conf=C:\Program Files\NetBeans-20\netbeans\java\maven\bin\m2.conf -Dmaven.home=C:\Program Files\NetBeans-20\netbeans\java\maven -Dlibrary.jansi.path=C:\Program Files\NetBeans-20\netbeans\java\maven\lib\jansi-native -Dmaven.multiModuleProjectDirectory=D:\FILE MEEEEE\SEMESTER 3\PBO\Java_farm\Java_farm 
java_command: org.codehaus.plexus.classworlds.launcher.Launcher -Dexec.vmArgs= -Dexec.args=${exec.vmArgs} -classpath %classpath ${exec.mainClass} ${exec.appArgs} -Dexec.appArgs= -Dexec.mainClass=com.mycompany.java_farm.mainUi -Dexec.executable=C:\Program Files\Java\jdk-21\bin\java.exe -Dmaven.ext.class.path=C:\Program Files\NetBeans-20\netbeans\java\maven-nblib\netbeans-eventspy.jar --no-transfer-progress javafx:run
java_class_path (initial): C:\Program Files\NetBeans-20\netbeans\java\maven\boot\plexus-classworlds-2.7.0.jar
Launcher Type: SUN_STANDARD

[Global flags]
     intx CICompilerCount                          = 3                                         {product} {ergonomic}
     uint ConcGCThreads                            = 1                                         {product} {ergonomic}
     uint G1ConcRefinementThreads                  = 4                                         {product} {ergonomic}
   size_t G1HeapRegionSize                         = 1048576                                   {product} {ergonomic}
    uintx GCDrainStackTargetSize                   = 64                                        {product} {ergonomic}
   size_t InitialHeapSize                          = 65011712                                  {product} {ergonomic}
   size_t MarkStackSize                            = 4194304                                   {product} {ergonomic}
   size_t MaxHeapSize                              = 1021313024                                {product} {ergonomic}
   size_t MaxNewSize                               = 612368384                                 {product} {ergonomic}
   size_t MinHeapDeltaBytes                        = 1048576                                   {product} {ergonomic}
   size_t MinHeapSize                              = 8388608                                   {product} {ergonomic}
    uintx NonNMethodCodeHeapSize                   = 5832780                                {pd product} {ergonomic}
    uintx NonProfiledCodeHeapSize                  = 122912730                              {pd product} {ergonomic}
    uintx ProfiledCodeHeapSize                     = 122912730                              {pd product} {ergonomic}
    uintx ReservedCodeCacheSize                    = 251658240                              {pd product} {ergonomic}
     bool SegmentedCodeCache                       = true                                      {product} {ergonomic}
   size_t SoftMaxHeapSize                          = 1021313024                             {manageable} {ergonomic}
     bool UseCompressedOops                        = true                           {product lp64_product} {ergonomic}
     bool UseG1GC                                  = true                                      {product} {ergonomic}
     bool UseLargePagesIndividualAllocation        = false                                  {pd product} {ergonomic}

Logging:
Log output configuration:
 #0: stdout all=warning uptime,level,tags foldmultilines=false
 #1: stderr all=off uptime,level,tags foldmultilines=false

Environment Variables:
JAVA_HOME=C:\Program Files\Java\jdk-21
PATH=C:\Program Files\Common Files\Oracle\Java\javapath;C:\WINDOWS\system32;C:\WINDOWS;C:\WINDOWS\System32\Wbem;C:\WINDOWS\System32\WindowsPowerShell\v1.0\;C:\WINDOWS\System32\OpenSSH\;C:\MinGW\bin;C:\Program Files\dotnet\;C:\Program Files\MySQL\MySQL Server 8.0\bin;C:\xampp\php;C:\Program Files\MATLAB\R2024b\bin;C:\Program Files\Java\jdk-23\bin;C:\Users\USER\Downloads\apache-ant-1.10.15-bin\bin;C:\Program Files\Java\javafx-sdk-23.0.1\bin;C:\Program Files\NetBeans-20\netbeans\java\maven;C:\Users\USER\Downloads\apache-maven-3.9.9-bin\apache-maven-3.9.9\bin;C:\Program Files\Java\jdk-21\bin;C:\Program Files\Java\javafx-sdk-21.0.5\bin;C:\Program Files\Java\jdk-21\bin;C:\Program Files\MySQL\MySQL Shell 8.0\bin\;C:\Users\USER\AppData\Local\Microsoft\WindowsApps;;C:\Users\USER\Documents\FILE MEEEEE\Microsoft VS Code\bin
USERNAME=USER
OS=Windows_NT
PROCESSOR_IDENTIFIER=Intel64 Family 6 Model 140 Stepping 1, GenuineIntel
TMP=C:\Users\USER\AppData\Local\Temp
TEMP=C:\Users\USER\AppData\Local\Temp




Periodic native trim disabled

---------------  S Y S T E M  ---------------

OS:
 Windows 11 , 64 bit Build 22621 (10.0.22621.4391)
OS uptime: 0 days 14:56 hours

CPU: total 4 (initial active 4) (2 cores per cpu, 2 threads per core) family 6 model 140 stepping 1 microcode 0x9a, cx8, cmov, fxsr, ht, mmx, 3dnowpref, sse, sse2, sse3, ssse3, sse4.1, sse4.2, popcnt, lzcnt, tsc, tscinvbit, avx, avx2, aes, erms, clmul, bmi1, bmi2, adx, avx512f, avx512dq, avx512cd, avx512bw, avx512vl, sha, fma, vzeroupper, avx512_vpopcntdq, avx512_vpclmulqdq, avx512_vaes, avx512_vnni, clflush, clflushopt, clwb, avx512_vbmi2, avx512_vbmi, rdtscp, rdpid, fsrm, gfni, avx512_bitalg, f16c, pku, cet_ibt, cet_ss, avx512_ifma
Processor Information for all 4 processors :
  Max Mhz: 2995, Current Mhz: 2995, Mhz Limit: 2995

Memory: 4k page, system-wide physical 3895M (56M free)
TotalPageFile size 15671M (AvailPageFile size 7M)
current process WorkingSet (physical memory assigned to process): 126M, peak: 126M
current process commit charge ("private bytes"): 173M, peak: 174M

vm_info: Java HotSpot(TM) 64-Bit Server VM (21.0.5+9-LTS-239) for windows-amd64 JRE (21.0.5+9-LTS-239), built on 2024-09-30T05:17:38Z by "mach5one" with MS VC++ 17.6 (VS2022)

END.
