#
# There is insufficient memory for the Java Runtime Environment to continue.
# Native memory allocation (malloc) failed to allocate 32744 bytes for Chunk::new
# Possible reasons:
#   The system is out of physical RAM or swap space
#   The process is running with CompressedOops enabled, and the Java Heap may be blocking the growth of the native heap
# Possible solutions:
#   Reduce memory load on the system
#   Increase physical memory or swap space
#   Check if swap backing store is full
#   Decrease Java heap size (-Xmx/-Xms)
#   Decrease number of Java threads
#   Decrease Java thread stack sizes (-Xss)
#   Set larger code cache with -XX:ReservedCodeCacheSize=
#   JVM is running with Unscaled Compressed Oops mode in which the Java heap is
#     placed in the first 4GB address space. The Java Heap base address is the
#     maximum limit for the native heap growth. Please use -XX:HeapBaseMinAddress
#     to set the Java Heap base and to place the Java Heap above 4GB virtual address.
# This output file may be truncated or incomplete.
#
#  Out of Memory Error (arena.cpp:168), pid=8896, tid=5948
#
# JRE version: Java(TM) SE Runtime Environment (21.0.5+9) (build 21.0.5+9-LTS-239)
# Java VM: Java HotSpot(TM) 64-Bit Server VM (21.0.5+9-LTS-239, mixed mode, sharing, tiered, compressed oops, compressed class ptrs, g1 gc, windows-amd64)
# No core dump will be written. Minidumps are not enabled by default on client versions of Windows
#

---------------  S U M M A R Y ------------

Command Line: -Dclassworlds.conf=C:\Program Files\NetBeans-20\netbeans\java\maven\bin\m2.conf -Dmaven.home=C:\Program Files\NetBeans-20\netbeans\java\maven -Dlibrary.jansi.path=C:\Program Files\NetBeans-20\netbeans\java\maven\lib\jansi-native -Dmaven.multiModuleProjectDirectory=D:\FILE MEEEEE\SEMESTER 3\PBO\Java_farm\Java_farm\Java_farm\Java_farm\Java_farm org.codehaus.plexus.classworlds.launcher.Launcher -Dexec.vmArgs=--enable-preview -Dexec.args=${exec.vmArgs} -classpath %classpath ${exec.mainClass} ${exec.appArgs} -Dexec.appArgs= -Dexec.mainClass=com.mycompany.java_farm.mainUi -Dexec.executable=C:\Program Files\Java\jdk-21\bin\java.exe -Dmaven.ext.class.path=C:\Program Files\NetBeans-20\netbeans\java\maven-nblib\netbeans-eventspy.jar --no-transfer-progress javafx:run

Host: 11th Gen Intel(R) Core(TM) i3-1115G4 @ 3.00GHz, 4 cores, 3G,  Windows 11 , 64 bit Build 22621 (10.0.22621.4391)
Time: Mon Jan  6 23:25:51 2025 SE Asia Standard Time elapsed time: 3.093599 seconds (0d 0h 0m 3s)

---------------  T H R E A D  ---------------

Current thread (0x000002a9a3928af0):  JavaThread "C1 CompilerThread0" daemon [_thread_in_native, id=5948, stack(0x000000b596000000,0x000000b596100000) (1024K)]


Current CompileTask:
C1:   3093 4442       3       com.sun.tools.javac.parser.JavacParser::term3 (2772 bytes)

Stack: [0x000000b596000000,0x000000b596100000]
Native frames: (J=compiled Java code, j=interpreted, Vv=VM code, C=native code)
V  [jvm.dll+0x6ca289]
V  [jvm.dll+0x854a51]
V  [jvm.dll+0x856f7e]
V  [jvm.dll+0x857653]
V  [jvm.dll+0x27dd26]
V  [jvm.dll+0xc4c2d]
V  [jvm.dll+0xc5163]
V  [jvm.dll+0xd0bcd]
V  [jvm.dll+0x195c1b]
V  [jvm.dll+0x19c926]
V  [jvm.dll+0x195281]
V  [jvm.dll+0x194755]
V  [jvm.dll+0x19d3bb]
V  [jvm.dll+0x195a08]
V  [jvm.dll+0x198812]
V  [jvm.dll+0x153613]
V  [jvm.dll+0x152e58]
V  [jvm.dll+0x1530a4]
V  [jvm.dll+0x1524d6]
V  [jvm.dll+0x1542ad]
V  [jvm.dll+0x2554d9]
V  [jvm.dll+0x253a6a]
V  [jvm.dll+0x3ee136]
V  [jvm.dll+0x7fee9b]
V  [jvm.dll+0x6c896d]
C  [ucrtbase.dll+0x29333]
C  [KERNEL32.DLL+0x1259d]
C  [ntdll.dll+0x5af38]


---------------  P R O C E S S  ---------------

Threads class SMR info:
_java_thread_list=0x000002a9a3b332c0, length=11, elements={
0x000002a986c32af0, 0x000002a9a390ede0, 0x000002a9a390fbe0, 0x000002a9a3914de0,
0x000002a9a3915db0, 0x000002a9a39171c0, 0x000002a9a39184a0, 0x000002a9a391f220,
0x000002a9a3928af0, 0x000002a9a3b70710, 0x000002a9a3b71480
}

Java Threads: ( => current thread )
  0x000002a986c32af0 JavaThread "main"                              [_thread_in_Java, id=16560, stack(0x000000b595100000,0x000000b595200000) (1024K)]
  0x000002a9a390ede0 JavaThread "Reference Handler"          daemon [_thread_blocked, id=9280, stack(0x000000b595900000,0x000000b595a00000) (1024K)]
  0x000002a9a390fbe0 JavaThread "Finalizer"                  daemon [_thread_blocked, id=17472, stack(0x000000b595a00000,0x000000b595b00000) (1024K)]
  0x000002a9a3914de0 JavaThread "Signal Dispatcher"          daemon [_thread_blocked, id=6580, stack(0x000000b595b00000,0x000000b595c00000) (1024K)]
  0x000002a9a3915db0 JavaThread "Attach Listener"            daemon [_thread_blocked, id=14484, stack(0x000000b595c00000,0x000000b595d00000) (1024K)]
  0x000002a9a39171c0 JavaThread "Service Thread"             daemon [_thread_blocked, id=7648, stack(0x000000b595d00000,0x000000b595e00000) (1024K)]
  0x000002a9a39184a0 JavaThread "Monitor Deflation Thread"   daemon [_thread_blocked, id=14816, stack(0x000000b595e00000,0x000000b595f00000) (1024K)]
  0x000002a9a391f220 JavaThread "C2 CompilerThread0"         daemon [_thread_in_native, id=12616, stack(0x000000b595f00000,0x000000b596000000) (1024K)]
=>0x000002a9a3928af0 JavaThread "C1 CompilerThread0"         daemon [_thread_in_native, id=5948, stack(0x000000b596000000,0x000000b596100000) (1024K)]
  0x000002a9a3b70710 JavaThread "Notification Thread"        daemon [_thread_blocked, id=1852, stack(0x000000b596100000,0x000000b596200000) (1024K)]
  0x000002a9a3b71480 JavaThread "Common-Cleaner"             daemon [_thread_blocked, id=13188, stack(0x000000b596200000,0x000000b596300000) (1024K)]
Total: 11

Other Threads:
  0x000002a986e78260 VMThread "VM Thread"                           [id=9256, stack(0x000000b595800000,0x000000b595900000) (1024K)]
  0x000002a9a38fc610 WatcherThread "VM Periodic Task Thread"        [id=4308, stack(0x000000b595700000,0x000000b595800000) (1024K)]
  0x000002a986df1e80 WorkerThread "GC Thread#0"                     [id=9224, stack(0x000000b595200000,0x000000b595300000) (1024K)]
  0x000002a9e9169930 WorkerThread "GC Thread#1"                     [id=12228, stack(0x000000b596300000,0x000000b596400000) (1024K)]
  0x000002a9e966db50 WorkerThread "GC Thread#2"                     [id=9052, stack(0x000000b596400000,0x000000b596500000) (1024K)]
  0x000002a9e96aaeb0 WorkerThread "GC Thread#3"                     [id=6224, stack(0x000000b596500000,0x000000b596600000) (1024K)]
  0x000002a986dfc340 ConcurrentGCThread "G1 Main Marker"            [id=15052, stack(0x000000b595300000,0x000000b595400000) (1024K)]
  0x000002a986dfcef0 WorkerThread "G1 Conc#0"                       [id=12768, stack(0x000000b595400000,0x000000b595500000) (1024K)]
  0x000002a986e56380 ConcurrentGCThread "G1 Refine#0"               [id=16540, stack(0x000000b595500000,0x000000b595600000) (1024K)]
  0x000002a986e56df0 ConcurrentGCThread "G1 Service"                [id=14264, stack(0x000000b595600000,0x000000b595700000) (1024K)]
Total: 10

Threads with active compile tasks:
C2 CompilerThread0     3171 4326       4       java.lang.invoke.MethodType::makeImpl (109 bytes)
C1 CompilerThread0     3171 4442       3       com.sun.tools.javac.parser.JavacParser::term3 (2772 bytes)
Total: 2

VM state: not at safepoint (normal execution)

VM Mutex/Monitor currently owned by a thread: None

Heap address: 0x00000000c3200000, size: 974 MB, Compressed Oops mode: 32-bit

CDS archive(s) mapped at: [0x000002a9a4000000-0x000002a9a4c90000-0x000002a9a4c90000), size 13172736, SharedBaseAddress: 0x000002a9a4000000, ArchiveRelocationMode: 1.
Compressed class space mapped at: 0x000002a9a5000000-0x000002a9e5000000, reserved size: 1073741824
Narrow klass base: 0x000002a9a4000000, Narrow klass shift: 0, Narrow klass range: 0x100000000

GC Precious Log:
 CardTable entry size: 512
 Card Set container configuration: InlinePtr #cards 5 size 8 Array Of Cards #cards 12 size 40 Howl #buckets 4 coarsen threshold 1843 Howl Bitmap #cards 512 size 80 coarsen threshold 460 Card regions per heap region 1 cards per card region 2048
 CPUs: 4 total, 4 available
 Memory: 3895M
 Large Page Support: Disabled
 NUMA Support: Disabled
 Compressed Oops: Enabled (32-bit)
 Heap Region Size: 1M
 Heap Min Capacity: 8M
 Heap Initial Capacity: 62M
 Heap Max Capacity: 974M
 Pre-touch: Disabled
 Parallel Workers: 4
 Concurrent Workers: 1
 Concurrent Refinement Workers: 4
 Periodic GC: Disabled

Heap:
 garbage-first heap   total 68608K, used 24442K [0x00000000c3200000, 0x0000000100000000)
  region size 1024K, 8 young (8192K), 1 survivors (1024K)
 Metaspace       used 24710K, committed 25024K, reserved 1114112K
  class space    used 2828K, committed 2944K, reserved 1048576K

Heap Regions: E=young(eden), S=young(survivor), O=old, HS=humongous(starts), HC=humongous(continues), CS=collection set, F=free, TAMS=top-at-mark-start, PB=parsable bottom
|   0|0x00000000c3200000, 0x00000000c3300000, 0x00000000c3300000|100%| O|  |TAMS 0x00000000c3200000| PB 0x00000000c3200000| Untracked 
|   1|0x00000000c3300000, 0x00000000c3400000, 0x00000000c3400000|100%| O|  |TAMS 0x00000000c3300000| PB 0x00000000c3300000| Untracked 
|   2|0x00000000c3400000, 0x00000000c3500000, 0x00000000c3500000|100%| O|  |TAMS 0x00000000c3400000| PB 0x00000000c3400000| Untracked 
|   3|0x00000000c3500000, 0x00000000c3600000, 0x00000000c3600000|100%| O|  |TAMS 0x00000000c3500000| PB 0x00000000c3500000| Untracked 
|   4|0x00000000c3600000, 0x00000000c3700000, 0x00000000c3700000|100%| O|  |TAMS 0x00000000c3600000| PB 0x00000000c3600000| Untracked 
|   5|0x00000000c3700000, 0x00000000c3800000, 0x00000000c3800000|100%| O|  |TAMS 0x00000000c3700000| PB 0x00000000c3700000| Untracked 
|   6|0x00000000c3800000, 0x00000000c3900000, 0x00000000c3900000|100%| O|  |TAMS 0x00000000c3800000| PB 0x00000000c3800000| Untracked 
|   7|0x00000000c3900000, 0x00000000c3900000, 0x00000000c3a00000|  0%| F|  |TAMS 0x00000000c3900000| PB 0x00000000c3900000| Untracked 
|   8|0x00000000c3a00000, 0x00000000c3a00000, 0x00000000c3b00000|  0%| F|  |TAMS 0x00000000c3a00000| PB 0x00000000c3a00000| Untracked 
|   9|0x00000000c3b00000, 0x00000000c3b00000, 0x00000000c3c00000|  0%| F|  |TAMS 0x00000000c3b00000| PB 0x00000000c3b00000| Untracked 
|  10|0x00000000c3c00000, 0x00000000c3d00000, 0x00000000c3d00000|100%|HS|  |TAMS 0x00000000c3c00000| PB 0x00000000c3c00000| Complete 
|  11|0x00000000c3d00000, 0x00000000c3e00000, 0x00000000c3e00000|100%|HC|  |TAMS 0x00000000c3d00000| PB 0x00000000c3d00000| Complete 
|  12|0x00000000c3e00000, 0x00000000c3f00000, 0x00000000c3f00000|100%|HC|  |TAMS 0x00000000c3e00000| PB 0x00000000c3e00000| Complete 
|  13|0x00000000c3f00000, 0x00000000c4000000, 0x00000000c4000000|100%| O|  |TAMS 0x00000000c3f00000| PB 0x00000000c3f00000| Untracked 
|  14|0x00000000c4000000, 0x00000000c4100000, 0x00000000c4100000|100%| O|  |TAMS 0x00000000c4000000| PB 0x00000000c4000000| Untracked 
|  15|0x00000000c4100000, 0x00000000c4200000, 0x00000000c4200000|100%| O|Cm|TAMS 0x00000000c4100000| PB 0x00000000c4100000| Complete 
|  16|0x00000000c4200000, 0x00000000c4300000, 0x00000000c4300000|100%| O|  |TAMS 0x00000000c4200000| PB 0x00000000c4200000| Untracked 
|  17|0x00000000c4300000, 0x00000000c4400000, 0x00000000c4400000|100%| O|  |TAMS 0x00000000c4300000| PB 0x00000000c4300000| Untracked 
|  18|0x00000000c4400000, 0x00000000c4500000, 0x00000000c4500000|100%| O|  |TAMS 0x00000000c4400000| PB 0x00000000c4400000| Untracked 
|  19|0x00000000c4500000, 0x00000000c4600000, 0x00000000c4600000|100%| O|  |TAMS 0x00000000c4500000| PB 0x00000000c4500000| Untracked 
|  20|0x00000000c4600000, 0x00000000c4600000, 0x00000000c4700000|  0%| F|  |TAMS 0x00000000c4600000| PB 0x00000000c4600000| Untracked 
|  21|0x00000000c4700000, 0x00000000c4700000, 0x00000000c4800000|  0%| F|  |TAMS 0x00000000c4700000| PB 0x00000000c4700000| Untracked 
|  22|0x00000000c4800000, 0x00000000c4800000, 0x00000000c4900000|  0%| F|  |TAMS 0x00000000c4800000| PB 0x00000000c4800000| Untracked 
|  23|0x00000000c4900000, 0x00000000c4900000, 0x00000000c4a00000|  0%| F|  |TAMS 0x00000000c4900000| PB 0x00000000c4900000| Untracked 
|  24|0x00000000c4a00000, 0x00000000c4a00000, 0x00000000c4b00000|  0%| F|  |TAMS 0x00000000c4a00000| PB 0x00000000c4a00000| Untracked 
|  25|0x00000000c4b00000, 0x00000000c4c00000, 0x00000000c4c00000|100%| O|  |TAMS 0x00000000c4b00000| PB 0x00000000c4b00000| Untracked 
|  26|0x00000000c4c00000, 0x00000000c4c00000, 0x00000000c4d00000|  0%| F|  |TAMS 0x00000000c4c00000| PB 0x00000000c4c00000| Untracked 
|  27|0x00000000c4d00000, 0x00000000c4d00000, 0x00000000c4e00000|  0%| F|  |TAMS 0x00000000c4d00000| PB 0x00000000c4d00000| Untracked 
|  28|0x00000000c4e00000, 0x00000000c4e00000, 0x00000000c4f00000|  0%| F|  |TAMS 0x00000000c4e00000| PB 0x00000000c4e00000| Untracked 
|  29|0x00000000c4f00000, 0x00000000c4f00000, 0x00000000c5000000|  0%| F|  |TAMS 0x00000000c4f00000| PB 0x00000000c4f00000| Untracked 
|  30|0x00000000c5000000, 0x00000000c5000000, 0x00000000c5100000|  0%| F|  |TAMS 0x00000000c5000000| PB 0x00000000c5000000| Untracked 
|  31|0x00000000c5100000, 0x00000000c5100000, 0x00000000c5200000|  0%| F|  |TAMS 0x00000000c5100000| PB 0x00000000c5100000| Untracked 
|  32|0x00000000c5200000, 0x00000000c5200000, 0x00000000c5300000|  0%| F|  |TAMS 0x00000000c5200000| PB 0x00000000c5200000| Untracked 
|  33|0x00000000c5300000, 0x00000000c5300000, 0x00000000c5400000|  0%| F|  |TAMS 0x00000000c5300000| PB 0x00000000c5300000| Untracked 
|  34|0x00000000c5400000, 0x00000000c5400000, 0x00000000c5500000|  0%| F|  |TAMS 0x00000000c5400000| PB 0x00000000c5400000| Untracked 
|  35|0x00000000c5500000, 0x00000000c5500000, 0x00000000c5600000|  0%| F|  |TAMS 0x00000000c5500000| PB 0x00000000c5500000| Untracked 
|  36|0x00000000c5600000, 0x00000000c5600000, 0x00000000c5700000|  0%| F|  |TAMS 0x00000000c5600000| PB 0x00000000c5600000| Untracked 
|  37|0x00000000c5700000, 0x00000000c5700000, 0x00000000c5800000|  0%| F|  |TAMS 0x00000000c5700000| PB 0x00000000c5700000| Untracked 
|  38|0x00000000c5800000, 0x00000000c5800000, 0x00000000c5900000|  0%| F|  |TAMS 0x00000000c5800000| PB 0x00000000c5800000| Untracked 
|  39|0x00000000c5900000, 0x00000000c5900000, 0x00000000c5a00000|  0%| F|  |TAMS 0x00000000c5900000| PB 0x00000000c5900000| Untracked 
|  40|0x00000000c5a00000, 0x00000000c5a00000, 0x00000000c5b00000|  0%| F|  |TAMS 0x00000000c5a00000| PB 0x00000000c5a00000| Untracked 
|  41|0x00000000c5b00000, 0x00000000c5b00000, 0x00000000c5c00000|  0%| F|  |TAMS 0x00000000c5b00000| PB 0x00000000c5b00000| Untracked 
|  42|0x00000000c5c00000, 0x00000000c5c00000, 0x00000000c5d00000|  0%| F|  |TAMS 0x00000000c5c00000| PB 0x00000000c5c00000| Untracked 
|  43|0x00000000c5d00000, 0x00000000c5d00000, 0x00000000c5e00000|  0%| F|  |TAMS 0x00000000c5d00000| PB 0x00000000c5d00000| Untracked 
|  44|0x00000000c5e00000, 0x00000000c5e00000, 0x00000000c5f00000|  0%| F|  |TAMS 0x00000000c5e00000| PB 0x00000000c5e00000| Untracked 
|  45|0x00000000c5f00000, 0x00000000c5f00000, 0x00000000c6000000|  0%| F|  |TAMS 0x00000000c5f00000| PB 0x00000000c5f00000| Untracked 
|  46|0x00000000c6000000, 0x00000000c6000000, 0x00000000c6100000|  0%| F|  |TAMS 0x00000000c6000000| PB 0x00000000c6000000| Untracked 
|  47|0x00000000c6100000, 0x00000000c6100000, 0x00000000c6200000|  0%| F|  |TAMS 0x00000000c6100000| PB 0x00000000c6100000| Untracked 
|  48|0x00000000c6200000, 0x00000000c6200000, 0x00000000c6300000|  0%| F|  |TAMS 0x00000000c6200000| PB 0x00000000c6200000| Untracked 
|  49|0x00000000c6300000, 0x00000000c6300000, 0x00000000c6400000|  0%| F|  |TAMS 0x00000000c6300000| PB 0x00000000c6300000| Untracked 
|  50|0x00000000c6400000, 0x00000000c6400000, 0x00000000c6500000|  0%| F|  |TAMS 0x00000000c6400000| PB 0x00000000c6400000| Untracked 
|  51|0x00000000c6500000, 0x00000000c6500000, 0x00000000c6600000|  0%| F|  |TAMS 0x00000000c6500000| PB 0x00000000c6500000| Untracked 
|  52|0x00000000c6600000, 0x00000000c6600000, 0x00000000c6700000|  0%| F|  |TAMS 0x00000000c6600000| PB 0x00000000c6600000| Untracked 
|  53|0x00000000c6700000, 0x00000000c6700000, 0x00000000c6800000|  0%| F|  |TAMS 0x00000000c6700000| PB 0x00000000c6700000| Untracked 
|  54|0x00000000c6800000, 0x00000000c6800000, 0x00000000c6900000|  0%| F|  |TAMS 0x00000000c6800000| PB 0x00000000c6800000| Untracked 
|  55|0x00000000c6900000, 0x00000000c6900000, 0x00000000c6a00000|  0%| F|  |TAMS 0x00000000c6900000| PB 0x00000000c6900000| Untracked 
|  56|0x00000000c6a00000, 0x00000000c6a00000, 0x00000000c6b00000|  0%| F|  |TAMS 0x00000000c6a00000| PB 0x00000000c6a00000| Untracked 
|  57|0x00000000c6b00000, 0x00000000c6b00000, 0x00000000c6c00000|  0%| F|  |TAMS 0x00000000c6b00000| PB 0x00000000c6b00000| Untracked 
|  58|0x00000000c6c00000, 0x00000000c6c00000, 0x00000000c6d00000|  0%| F|  |TAMS 0x00000000c6c00000| PB 0x00000000c6c00000| Untracked 
|  59|0x00000000c6d00000, 0x00000000c6dde960, 0x00000000c6e00000| 86%| S|CS|TAMS 0x00000000c6d00000| PB 0x00000000c6d00000| Complete 
|  60|0x00000000c6e00000, 0x00000000c6f00000, 0x00000000c6f00000|100%| E|  |TAMS 0x00000000c6e00000| PB 0x00000000c6e00000| Complete 
|  61|0x00000000c6f00000, 0x00000000c7000000, 0x00000000c7000000|100%| E|CS|TAMS 0x00000000c6f00000| PB 0x00000000c6f00000| Complete 
|  62|0x00000000c7000000, 0x00000000c7100000, 0x00000000c7100000|100%| E|CS|TAMS 0x00000000c7000000| PB 0x00000000c7000000| Complete 
|  63|0x00000000c7100000, 0x00000000c7200000, 0x00000000c7200000|100%| E|CS|TAMS 0x00000000c7100000| PB 0x00000000c7100000| Complete 
|  64|0x00000000c7200000, 0x00000000c7300000, 0x00000000c7300000|100%| E|  |TAMS 0x00000000c7200000| PB 0x00000000c7200000| Complete 
|  65|0x00000000c7300000, 0x00000000c7400000, 0x00000000c7400000|100%| E|CS|TAMS 0x00000000c7300000| PB 0x00000000c7300000| Complete 
|  74|0x00000000c7c00000, 0x00000000c7d00000, 0x00000000c7d00000|100%| E|CS|TAMS 0x00000000c7c00000| PB 0x00000000c7c00000| Complete 

Card table byte_map: [0x000002a9a0230000,0x000002a9a0420000] _byte_map_base: 0x000002a99fc17000

Marking Bits: (CMBitMap*) 0x000002a986df3090
 Bits: [0x000002a9a0420000, 0x000002a9a1358000)

Polling page: 0x000002a9909f0000

Metaspace:

Usage:
  Non-class:     21.37 MB used.
      Class:      2.76 MB used.
       Both:     24.13 MB used.

Virtual space:
  Non-class space:       64.00 MB reserved,      21.56 MB ( 34%) committed,  1 nodes.
      Class space:        1.00 GB reserved,       2.88 MB ( <1%) committed,  1 nodes.
             Both:        1.06 GB reserved,      24.44 MB (  2%) committed. 

Chunk freelists:
   Non-Class:  9.83 MB
       Class:  13.00 MB
        Both:  22.83 MB

MaxMetaspaceSize: unlimited
CompressedClassSpaceSize: 1.00 GB
Initial GC threshold: 21.00 MB
Current GC threshold: 35.44 MB
CDS: on
 - commit_granule_bytes: 65536.
 - commit_granule_words: 8192.
 - virtual_space_node_default_size: 8388608.
 - enlarge_chunks_in_place: 1.
 - use_allocation_guard: 0.


Internal statistics:

num_allocs_failed_limit: 3.
num_arena_births: 208.
num_arena_deaths: 0.
num_vsnodes_births: 2.
num_vsnodes_deaths: 0.
num_space_committed: 391.
num_space_uncommitted: 0.
num_chunks_returned_to_freelist: 3.
num_chunks_taken_from_freelist: 1036.
num_chunk_merges: 3.
num_chunk_splits: 768.
num_chunks_enlarged: 634.
num_inconsistent_stats: 0.

CodeHeap 'non-profiled nmethods': size=120000Kb used=1837Kb max_used=1837Kb free=118162Kb
 bounds [0x000002a9984e0000, 0x000002a998750000, 0x000002a99fa10000]
CodeHeap 'profiled nmethods': size=120000Kb used=8898Kb max_used=8898Kb free=111102Kb
 bounds [0x000002a990a10000, 0x000002a9912d0000, 0x000002a997f40000]
CodeHeap 'non-nmethods': size=5760Kb used=1632Kb max_used=1632Kb free=4127Kb
 bounds [0x000002a997f40000, 0x000002a9981b0000, 0x000002a9984e0000]
 total_blobs=4959 nmethods=4429 adapters=432
 compilation: enabled
              stopped_count=0, restarted_count=0
 full_count=0

Compilation events (20 events):
Event: 3.061 Thread 0x000002a9a3928af0 nmethod 4431 0x000002a9912bc690 code [0x000002a9912bc820, 0x000002a9912bc9c0]
Event: 3.061 Thread 0x000002a9a3928af0 4432       3       com.sun.tools.javac.parser.UnicodeReader::digit (94 bytes)
Event: 3.061 Thread 0x000002a9a3928af0 nmethod 4432 0x000002a9912bca90 code [0x000002a9912bcd20, 0x000002a9912bdb58]
Event: 3.061 Thread 0x000002a9a3928af0 4434       3       com.sun.tools.javac.parser.JavacParser::accept (11 bytes)
Event: 3.062 Thread 0x000002a9a3928af0 nmethod 4434 0x000002a9912bdf90 code [0x000002a9912be140, 0x000002a9912be458]
Event: 3.062 Thread 0x000002a9a3928af0 4435       3       com.sun.tools.javac.parser.UnicodeReader::reset (30 bytes)
Event: 3.062 Thread 0x000002a9a3928af0 nmethod 4435 0x000002a9912be590 code [0x000002a9912be740, 0x000002a9912be898]
Event: 3.062 Thread 0x000002a9a3928af0 4437       3       java.util.AbstractQueue::<init> (5 bytes)
Event: 3.062 Thread 0x000002a9a3928af0 nmethod 4437 0x000002a9912be990 code [0x000002a9912beb40, 0x000002a9912bed08]
Event: 3.062 Thread 0x000002a9a3928af0 4438       3       com.sun.tools.javac.util.ListBuffer::clear (23 bytes)
Event: 3.062 Thread 0x000002a9a3928af0 nmethod 4438 0x000002a9912bee10 code [0x000002a9912befc0, 0x000002a9912bf1d0]
Event: 3.062 Thread 0x000002a9a3928af0 4436       3       com.sun.tools.javac.util.ListBuffer::<init> (9 bytes)
Event: 3.062 Thread 0x000002a9a3928af0 nmethod 4436 0x000002a9912bf290 code [0x000002a9912bf460, 0x000002a9912bf7e0]
Event: 3.065 Thread 0x000002a9a3928af0 4439       3       com.sun.tools.javac.tree.TreeMaker::Ident (20 bytes)
Event: 3.065 Thread 0x000002a9a3928af0 nmethod 4439 0x000002a9912bf910 code [0x000002a9912bfac0, 0x000002a9912bfe08]
Event: 3.066 Thread 0x000002a9a3928af0 4440       3       com.sun.tools.javac.parser.JavacParser::storeEnd (10 bytes)
Event: 3.066 Thread 0x000002a9a3928af0 nmethod 4440 0x000002a9912bff90 code [0x000002a9912c0140, 0x000002a9912c0358]
Event: 3.066 Thread 0x000002a9a3928af0 4441       3       com.sun.tools.javac.util.ListBuffer::toList (10 bytes)
Event: 3.066 Thread 0x000002a9a3928af0 nmethod 4441 0x000002a9912c0490 code [0x000002a9912c0620, 0x000002a9912c0730]
Event: 3.066 Thread 0x000002a9a3928af0 4442       3       com.sun.tools.javac.parser.JavacParser::term3 (2772 bytes)

GC Heap History (12 events):
Event: 0.385 GC heap before
{Heap before GC invocations=0 (full 0):
 garbage-first heap   total 63488K, used 13312K [0x00000000c3200000, 0x0000000100000000)
  region size 1024K, 13 young (13312K), 0 survivors (0K)
 Metaspace       used 4007K, committed 4224K, reserved 1114112K
  class space    used 408K, committed 512K, reserved 1048576K
}
Event: 0.390 GC heap after
{Heap after GC invocations=1 (full 0):
 garbage-first heap   total 63488K, used 3328K [0x00000000c3200000, 0x0000000100000000)
  region size 1024K, 2 young (2048K), 2 survivors (2048K)
 Metaspace       used 4007K, committed 4224K, reserved 1114112K
  class space    used 408K, committed 512K, reserved 1048576K
}
Event: 0.716 GC heap before
{Heap before GC invocations=1 (full 0):
 garbage-first heap   total 63488K, used 19712K [0x00000000c3200000, 0x0000000100000000)
  region size 1024K, 18 young (18432K), 2 survivors (2048K)
 Metaspace       used 6457K, committed 6656K, reserved 1114112K
  class space    used 731K, committed 832K, reserved 1048576K
}
Event: 0.720 GC heap after
{Heap after GC invocations=2 (full 0):
 garbage-first heap   total 63488K, used 4382K [0x00000000c3200000, 0x0000000100000000)
  region size 1024K, 1 young (1024K), 1 survivors (1024K)
 Metaspace       used 6457K, committed 6656K, reserved 1114112K
  class space    used 731K, committed 832K, reserved 1048576K
}
Event: 1.345 GC heap before
{Heap before GC invocations=2 (full 0):
 garbage-first heap   total 63488K, used 40222K [0x00000000c3200000, 0x0000000100000000)
  region size 1024K, 37 young (37888K), 1 survivors (1024K)
 Metaspace       used 12767K, committed 12992K, reserved 1114112K
  class space    used 1529K, committed 1600K, reserved 1048576K
}
Event: 1.351 GC heap after
{Heap after GC invocations=3 (full 0):
 garbage-first heap   total 63488K, used 6925K [0x00000000c3200000, 0x0000000100000000)
  region size 1024K, 4 young (4096K), 4 survivors (4096K)
 Metaspace       used 12767K, committed 12992K, reserved 1114112K
  class space    used 1529K, committed 1600K, reserved 1048576K
}
Event: 1.976 GC heap before
{Heap before GC invocations=3 (full 0):
 garbage-first heap   total 63488K, used 40717K [0x00000000c3200000, 0x0000000100000000)
  region size 1024K, 37 young (37888K), 4 survivors (4096K)
 Metaspace       used 15998K, committed 16192K, reserved 1114112K
  class space    used 1842K, committed 1920K, reserved 1048576K
}
Event: 1.985 GC heap after
{Heap after GC invocations=4 (full 0):
 garbage-first heap   total 63488K, used 9387K [0x00000000c3200000, 0x0000000100000000)
  region size 1024K, 3 young (3072K), 3 survivors (3072K)
 Metaspace       used 15998K, committed 16192K, reserved 1114112K
  class space    used 1842K, committed 1920K, reserved 1048576K
}
Event: 2.725 GC heap before
{Heap before GC invocations=4 (full 0):
 garbage-first heap   total 63488K, used 50347K [0x00000000c3200000, 0x0000000100000000)
  region size 1024K, 37 young (37888K), 3 survivors (3072K)
 Metaspace       used 19558K, committed 19840K, reserved 1114112K
  class space    used 2236K, committed 2368K, reserved 1048576K
}
Event: 2.737 GC heap after
{Heap after GC invocations=5 (full 0):
 garbage-first heap   total 63488K, used 21240K [0x00000000c3200000, 0x0000000100000000)
  region size 1024K, 5 young (5120K), 5 survivors (5120K)
 Metaspace       used 19558K, committed 19840K, reserved 1114112K
  class space    used 2236K, committed 2368K, reserved 1048576K
}
Event: 2.813 GC heap before
{Heap before GC invocations=5 (full 0):
 garbage-first heap   total 63488K, used 22264K [0x00000000c3200000, 0x0000000100000000)
  region size 1024K, 7 young (7168K), 5 survivors (5120K)
 Metaspace       used 21200K, committed 21504K, reserved 1114112K
  class space    used 2488K, committed 2624K, reserved 1048576K
}
Event: 2.820 GC heap after
{Heap after GC invocations=6 (full 0):
 garbage-first heap   total 76800K, used 22394K [0x00000000c3200000, 0x0000000100000000)
  region size 1024K, 1 young (1024K), 1 survivors (1024K)
 Metaspace       used 21200K, committed 21504K, reserved 1114112K
  class space    used 2488K, committed 2624K, reserved 1048576K
}

Dll operation events (8 events):
Event: 0.008 Loaded shared library C:\Program Files\Java\jdk-21\bin\java.dll
Event: 0.034 Loaded shared library C:\Program Files\Java\jdk-21\bin\jsvml.dll
Event: 0.050 Loaded shared library C:\Program Files\Java\jdk-21\bin\net.dll
Event: 0.052 Loaded shared library C:\Program Files\Java\jdk-21\bin\nio.dll
Event: 0.056 Loaded shared library C:\Program Files\Java\jdk-21\bin\zip.dll
Event: 0.153 Loaded shared library C:\Program Files\Java\jdk-21\bin\jimage.dll
Event: 0.161 Loaded shared library C:\Program Files\NetBeans-20\netbeans\java\maven\lib\jansi-native\Windows\x86_64\jansi.dll
Event: 0.171 Loaded shared library C:\Program Files\Java\jdk-21\bin\verify.dll

Deoptimization events (20 events):
Event: 2.632 Thread 0x000002a986c32af0 Uncommon trap: trap_request=0xffffff45 fr.pc=0x000002a99868892c relative=0x000000000000020c
Event: 2.632 Thread 0x000002a986c32af0 Uncommon trap: reason=unstable_if action=reinterpret pc=0x000002a99868892c method=jdk.nio.zipfs.ZipFileSystem$IndexNode.normalize([B)[B @ 66 c2
Event: 2.632 Thread 0x000002a986c32af0 DEOPT PACKING pc=0x000002a99868892c sp=0x000000b5951fc0f0
Event: 2.632 Thread 0x000002a986c32af0 DEOPT UNPACKING pc=0x000002a997f97da2 sp=0x000000b5951fc058 mode 2
Event: 2.647 Thread 0x000002a986c32af0 Uncommon trap: trap_request=0xffffff45 fr.pc=0x000002a99868b16c relative=0x000000000000022c
Event: 2.647 Thread 0x000002a986c32af0 Uncommon trap: reason=unstable_if action=reinterpret pc=0x000002a99868b16c method=java.util.Arrays.hashCode([B)I @ 8 c2
Event: 2.647 Thread 0x000002a986c32af0 DEOPT PACKING pc=0x000002a99868b16c sp=0x000000b5951fc110
Event: 2.647 Thread 0x000002a986c32af0 DEOPT UNPACKING pc=0x000002a997f97da2 sp=0x000000b5951fc0a8 mode 2
Event: 2.664 Thread 0x000002a986c32af0 Uncommon trap: trap_request=0xffffff45 fr.pc=0x000002a99868ab10 relative=0x00000000000000f0
Event: 2.664 Thread 0x000002a986c32af0 Uncommon trap: reason=unstable_if action=reinterpret pc=0x000002a99868ab10 method=jdk.nio.zipfs.ZipConstants.pkSigAt([BIII)Z @ 5 c2
Event: 2.664 Thread 0x000002a986c32af0 DEOPT PACKING pc=0x000002a99868ab10 sp=0x000000b5951fcfd0
Event: 2.664 Thread 0x000002a986c32af0 DEOPT UNPACKING pc=0x000002a997f97da2 sp=0x000000b5951fcf78 mode 2
Event: 3.004 Thread 0x000002a986c32af0 Uncommon trap: trap_request=0xffffffde fr.pc=0x000002a99851cef4 relative=0x0000000000000774
Event: 3.005 Thread 0x000002a986c32af0 Uncommon trap: reason=class_check action=maybe_recompile pc=0x000002a99851cef4 method=jdk.internal.loader.URLClassPath.getLoader(I)Ljdk/internal/loader/URLClassPath$Loader; @ 88 c2
Event: 3.005 Thread 0x000002a986c32af0 DEOPT PACKING pc=0x000002a99851cef4 sp=0x000000b5951fcf70
Event: 3.005 Thread 0x000002a986c32af0 DEOPT UNPACKING pc=0x000002a997f97da2 sp=0x000000b5951fcf40 mode 2
Event: 3.009 Thread 0x000002a986c32af0 Uncommon trap: trap_request=0xffffffde fr.pc=0x000002a99851cef4 relative=0x0000000000000774
Event: 3.009 Thread 0x000002a986c32af0 Uncommon trap: reason=class_check action=maybe_recompile pc=0x000002a99851cef4 method=jdk.internal.loader.URLClassPath.getLoader(I)Ljdk/internal/loader/URLClassPath$Loader; @ 88 c2
Event: 3.009 Thread 0x000002a986c32af0 DEOPT PACKING pc=0x000002a99851cef4 sp=0x000000b5951fcf70
Event: 3.009 Thread 0x000002a986c32af0 DEOPT UNPACKING pc=0x000002a997f97da2 sp=0x000000b5951fcf40 mode 2

Classes loaded (20 events):
Event: 2.717 Loading class java/io/BufferedReader$1
Event: 2.718 Loading class java/io/BufferedReader$1 done
Event: 2.720 Loading class jdk/internal/jimage/ImageReader$SharedImageReader$LocationVisitor
Event: 2.720 Loading class jdk/internal/jimage/ImageReader$SharedImageReader$LocationVisitor done
Event: 2.721 Loading class java/nio/ByteBufferAsIntBufferL
Event: 2.721 Loading class java/nio/ByteBufferAsIntBufferL done
Event: 2.723 Loading class jdk/internal/jimage/ImageReader$Resource
Event: 2.723 Loading class jdk/internal/jimage/ImageReader$Resource done
Event: 2.724 Loading class jdk/internal/jrtfs/JrtFileAttributes
Event: 2.724 Loading class jdk/internal/jrtfs/JrtFileAttributes done
Event: 3.009 Loading class java/lang/UnsupportedClassVersionError
Event: 3.009 Loading class java/lang/UnsupportedClassVersionError done
Event: 3.010 Loading class java/util/ImmutableCollections$Access
Event: 3.010 Loading class java/util/ImmutableCollections$Access done
Event: 3.010 Loading class java/util/ImmutableCollections$Access$1
Event: 3.010 Loading class jdk/internal/access/JavaUtilCollectionAccess
Event: 3.010 Loading class jdk/internal/access/JavaUtilCollectionAccess done
Event: 3.010 Loading class java/util/ImmutableCollections$Access$1 done
Event: 3.033 Loading class java/util/BitSet
Event: 3.033 Loading class java/util/BitSet done

Classes unloaded (0 events):
No events

Classes redefined (0 events):
No events

Internal exceptions (20 events):
Event: 1.296 Thread 0x000002a986c32af0 Exception <a 'java/lang/NoClassDefFoundError'{0x00000000c4ddb3e0}: com/google/inject/servlet/ServletModuleTargetVisitor> (0x00000000c4ddb3e0) 
thrown [s\open\src\hotspot\share\classfile\systemDictionary.cpp, line 301]
Event: 1.379 Thread 0x000002a986c32af0 Exception <a 'java/lang/NoSuchMethodError'{0x00000000c6fc84c8}: 'void java.lang.invoke.DirectMethodHandle$Holder.invokeVirtual(java.lang.Object, java.lang.Object)'> (0x00000000c6fc84c8) 
thrown [s\open\src\hotspot\share\interpreter\linkResolver.cpp, line 773]
Event: 1.423 Thread 0x000002a986c32af0 Exception <a 'java/lang/NoSuchMethodError'{0x00000000c6e58c50}: 'java.lang.Object java.lang.invoke.DirectMethodHandle$Holder.invokeStaticInit(java.lang.Object, int, int, int, int)'> (0x00000000c6e58c50) 
thrown [s\open\src\hotspot\share\interpreter\linkResolver.cpp, line 773]
Event: 1.578 Thread 0x000002a986c32af0 Exception <a 'java/lang/NoSuchMethodError'{0x00000000c68d28e8}: 'void java.lang.invoke.DirectMethodHandle$Holder.invokeVirtual(java.lang.Object, java.lang.Object, int)'> (0x00000000c68d28e8) 
thrown [s\open\src\hotspot\share\interpreter\linkResolver.cpp, line 773]
Event: 1.578 Thread 0x000002a986c32af0 Exception <a 'java/lang/NoSuchMethodError'{0x00000000c68d99d0}: 'void java.lang.invoke.DelegatingMethodHandle$Holder.reinvoke_L(java.lang.Object, java.lang.Object, int)'> (0x00000000c68d99d0) 
thrown [s\open\src\hotspot\share\interpreter\linkResolver.cpp, line 773]
Event: 1.717 Thread 0x000002a986c32af0 Implicit null exception at 0x000002a9985a2898 to 0x000002a9985a2a74
Event: 1.930 Thread 0x000002a986c32af0 Implicit null exception at 0x000002a998588c18 to 0x000002a998588e08
Event: 1.930 Thread 0x000002a986c32af0 Implicit null exception at 0x000002a998573a3d to 0x000002a998573ac1
Event: 1.952 Thread 0x000002a986c32af0 Exception <a 'java/lang/NoSuchMethodError'{0x00000000c5094808}: 'java.lang.Object java.lang.invoke.DirectMethodHandle$Holder.newInvokeSpecial(java.lang.Object, java.lang.Object, java.lang.Object, java.lang.Object, java.lang.Object, java.lang.Object, java.lang.Object)'> (0x00000000c5094808) 
thrown [s\open\src\hotspot\share\interpreter\linkResolver.cpp, line 773]
Event: 2.101 Thread 0x000002a986c32af0 Exception <a 'java/lang/NoSuchMethodError'{0x00000000c6950498}: 'java.lang.Object java.lang.invoke.DirectMethodHandle$Holder.invokeVirtual(java.lang.Object, java.lang.Object, java.lang.Object)'> (0x00000000c6950498) 
thrown [s\open\src\hotspot\share\interpreter\linkResolver.cpp, line 773]
Event: 2.101 Thread 0x000002a986c32af0 Exception <a 'java/lang/NoSuchMethodError'{0x00000000c6956dc0}: 'void java.lang.invoke.DirectMethodHandle$Holder.invokeSpecial(java.lang.Object, java.lang.Object, java.lang.Object, java.lang.Object, java.lang.Object, java.lang.Object)'> (0x00000000c6956dc0) 
thrown [s\open\src\hotspot\share\interpreter\linkResolver.cpp, line 773]
Event: 2.102 Thread 0x000002a986c32af0 Exception <a 'java/lang/NoSuchMethodError'{0x00000000c69610a8}: 'int java.lang.invoke.DirectMethodHandle$Holder.invokeVirtual(java.lang.Object, java.lang.Object)'> (0x00000000c69610a8) 
thrown [s\open\src\hotspot\share\interpreter\linkResolver.cpp, line 773]
Event: 2.113 Thread 0x000002a986c32af0 Exception <a 'java/lang/NoSuchMethodError'{0x00000000c68269a0}: 'void java.lang.invoke.Invokers$Holder.invokeExact_MT(java.lang.Object, java.lang.Object, int, java.lang.Object)'> (0x00000000c68269a0) 
thrown [s\open\src\hotspot\share\interpreter\linkResolver.cpp, line 773]
Event: 2.476 Thread 0x000002a986c32af0 Exception <a 'java/lang/NoSuchMethodError'{0x00000000c595e8f8}: 'int java.lang.invoke.DirectMethodHandle$Holder.invokeInterface(java.lang.Object, java.lang.Object)'> (0x00000000c595e8f8) 
thrown [s\open\src\hotspot\share\interpreter\linkResolver.cpp, line 773]
Event: 2.601 Thread 0x000002a986c32af0 Exception <a 'java/lang/NoSuchMethodError'{0x00000000c5739938}: 'int java.lang.invoke.DirectMethodHandle$Holder.invokeVirtual(java.lang.Object, java.lang.Object, java.lang.Object)'> (0x00000000c5739938) 
thrown [s\open\src\hotspot\share\interpreter\linkResolver.cpp, line 773]
Event: 2.601 Thread 0x000002a986c32af0 Exception <a 'java/lang/NoSuchMethodError'{0x00000000c573f4d8}: 'void java.lang.invoke.DirectMethodHandle$Holder.invokeInterface(java.lang.Object, java.lang.Object, java.lang.Object)'> (0x00000000c573f4d8) 
thrown [s\open\src\hotspot\share\interpreter\linkResolver.cpp, line 773]
Event: 2.603 Thread 0x000002a986c32af0 Exception <a 'java/lang/NoSuchMethodError'{0x00000000c5749d38}: 'int java.lang.invoke.DirectMethodHandle$Holder.invokeStaticInit(java.lang.Object, java.lang.Object, java.lang.Object)'> (0x00000000c5749d38) 
thrown [s\open\src\hotspot\share\interpreter\linkResolver.cpp, line 773]
Event: 2.749 Thread 0x000002a986c32af0 Exception <a 'sun/nio/fs/WindowsException'{0x00000000c6f5efa8}> (0x00000000c6f5efa8) 
thrown [s\open\src\hotspot\share\prims\jni.cpp, line 520]
Event: 2.980 Thread 0x000002a986c32af0 Exception <a 'java/lang/NoSuchMethodError'{0x00000000c73014c8}: 'java.lang.Object java.lang.invoke.DirectMethodHandle$Holder.newInvokeSpecial(java.lang.Object, java.lang.Object, java.lang.Object, java.lang.Object, java.lang.Object, java.lang.Object)'> (0x00000000c73014c8) 
thrown [s\open\src\hotspot\share\interpreter\linkResolver.cpp, line 773]
Event: 2.996 Thread 0x000002a986c32af0 Exception <a 'sun/nio/fs/WindowsException'{0x00000000c7348750}> (0x00000000c7348750) 
thrown [s\open\src\hotspot\share\prims\jni.cpp, line 520]

ZGC Phase Switch (0 events):
No events

VM Operations (20 events):
Event: 2.474 Executing VM operation: HandshakeAllThreads (Deoptimize)
Event: 2.474 Executing VM operation: HandshakeAllThreads (Deoptimize) done
Event: 2.606 Executing VM operation: HandshakeAllThreads (Deoptimize)
Event: 2.606 Executing VM operation: HandshakeAllThreads (Deoptimize) done
Event: 2.614 Executing VM operation: HandshakeAllThreads (Deoptimize)
Event: 2.614 Executing VM operation: HandshakeAllThreads (Deoptimize) done
Event: 2.615 Executing VM operation: HandshakeAllThreads (Deoptimize)
Event: 2.615 Executing VM operation: HandshakeAllThreads (Deoptimize) done
Event: 2.722 Executing VM operation: HandshakeAllThreads (Deoptimize)
Event: 2.722 Executing VM operation: HandshakeAllThreads (Deoptimize) done
Event: 2.723 Executing VM operation: HandshakeAllThreads (Deoptimize)
Event: 2.723 Executing VM operation: HandshakeAllThreads (Deoptimize) done
Event: 2.725 Executing VM operation: G1CollectForAllocation (G1 Evacuation Pause)
Event: 2.737 Executing VM operation: G1CollectForAllocation (G1 Evacuation Pause) done
Event: 2.813 Executing VM operation: CollectForMetadataAllocation (Metadata GC Threshold)
Event: 2.820 Executing VM operation: CollectForMetadataAllocation (Metadata GC Threshold) done
Event: 2.842 Executing VM operation: G1PauseRemark
Event: 2.859 Executing VM operation: G1PauseRemark done
Event: 2.867 Executing VM operation: G1PauseCleanup
Event: 2.867 Executing VM operation: G1PauseCleanup done

Events (11 events):
Event: 0.022 Thread 0x000002a986c32af0 Thread added: 0x000002a986c32af0
Event: 0.032 Thread 0x000002a9a390ede0 Thread added: 0x000002a9a390ede0
Event: 0.032 Thread 0x000002a9a390fbe0 Thread added: 0x000002a9a390fbe0
Event: 0.032 Thread 0x000002a9a3914de0 Thread added: 0x000002a9a3914de0
Event: 0.032 Thread 0x000002a9a3915db0 Thread added: 0x000002a9a3915db0
Event: 0.032 Thread 0x000002a9a39171c0 Thread added: 0x000002a9a39171c0
Event: 0.032 Thread 0x000002a9a39184a0 Thread added: 0x000002a9a39184a0
Event: 0.032 Thread 0x000002a9a391f220 Thread added: 0x000002a9a391f220
Event: 0.033 Thread 0x000002a9a3928af0 Thread added: 0x000002a9a3928af0
Event: 0.045 Thread 0x000002a9a3b70710 Thread added: 0x000002a9a3b70710
Event: 0.048 Thread 0x000002a9a3b71480 Thread added: 0x000002a9a3b71480


Dynamic libraries:
0x00007ff6b1950000 - 0x00007ff6b1960000 	C:\Program Files\Java\jdk-21\bin\java.exe
0x00007ffbaa710000 - 0x00007ffbaa927000 	C:\WINDOWS\SYSTEM32\ntdll.dll
0x00007ffba95a0000 - 0x00007ffba9664000 	C:\WINDOWS\System32\KERNEL32.DLL
0x00007ffba7ec0000 - 0x00007ffba827a000 	C:\WINDOWS\System32\KERNELBASE.dll
0x00007ffba7da0000 - 0x00007ffba7eb1000 	C:\WINDOWS\System32\ucrtbase.dll
0x00007ffb3e6b0000 - 0x00007ffb3e6cb000 	C:\Program Files\Java\jdk-21\bin\VCRUNTIME140.dll
0x00007ffb9de50000 - 0x00007ffb9de69000 	C:\Program Files\Java\jdk-21\bin\jli.dll
0x00007ffbaa5f0000 - 0x00007ffbaa6a2000 	C:\WINDOWS\System32\ADVAPI32.dll
0x00007ffba8420000 - 0x00007ffba84c7000 	C:\WINDOWS\System32\msvcrt.dll
0x00007ffbaa380000 - 0x00007ffbaa427000 	C:\WINDOWS\System32\sechost.dll
0x00007ffba83f0000 - 0x00007ffba8418000 	C:\WINDOWS\System32\bcrypt.dll
0x00007ffbaa430000 - 0x00007ffbaa544000 	C:\WINDOWS\System32\RPCRT4.dll
0x00007ffba9680000 - 0x00007ffba982e000 	C:\WINDOWS\System32\USER32.dll
0x00007ffba83c0000 - 0x00007ffba83e6000 	C:\WINDOWS\System32\win32u.dll
0x00007ffba9a90000 - 0x00007ffba9ab9000 	C:\WINDOWS\System32\GDI32.dll
0x00007ffba7a90000 - 0x00007ffba7bab000 	C:\WINDOWS\System32\gdi32full.dll
0x00007ffba79f0000 - 0x00007ffba7a8a000 	C:\WINDOWS\System32\msvcp_win.dll
0x00007ffb91fe0000 - 0x00007ffb92272000 	C:\WINDOWS\WinSxS\amd64_microsoft.windows.common-controls_6595b64144ccf1df_6.0.22621.4541_none_2710d1c57384c085\COMCTL32.dll
0x00007ffba0e80000 - 0x00007ffba0e8a000 	C:\WINDOWS\SYSTEM32\VERSION.dll
0x00007ffbaa340000 - 0x00007ffbaa371000 	C:\WINDOWS\System32\IMM32.DLL
0x00007ffb108e0000 - 0x00007ffb108ec000 	C:\Program Files\Java\jdk-21\bin\vcruntime140_1.dll
0x00007ffb90fc0000 - 0x00007ffb9104e000 	C:\Program Files\Java\jdk-21\bin\msvcp140.dll
0x00007ffb108f0000 - 0x00007ffb11608000 	C:\Program Files\Java\jdk-21\bin\server\jvm.dll
0x00007ffba84d0000 - 0x00007ffba8541000 	C:\WINDOWS\System32\WS2_32.dll
0x00007ffba78c0000 - 0x00007ffba790d000 	C:\WINDOWS\SYSTEM32\POWRPROF.dll
0x00007ffb9e420000 - 0x00007ffb9e454000 	C:\WINDOWS\SYSTEM32\WINMM.dll
0x00007ffba78a0000 - 0x00007ffba78b3000 	C:\WINDOWS\SYSTEM32\UMPDC.dll
0x00007ffba6a30000 - 0x00007ffba6a48000 	C:\WINDOWS\SYSTEM32\kernel.appcore.dll
0x00007ffb10870000 - 0x00007ffb1087a000 	C:\Program Files\Java\jdk-21\bin\jimage.dll
0x00007ffba5280000 - 0x00007ffba54b2000 	C:\WINDOWS\SYSTEM32\DBGHELP.DLL
0x00007ffba8c40000 - 0x00007ffba8fcf000 	C:\WINDOWS\System32\combase.dll
0x00007ffba8fd0000 - 0x00007ffba90a7000 	C:\WINDOWS\System32\OLEAUT32.dll
0x00007ffb89750000 - 0x00007ffb89782000 	C:\WINDOWS\SYSTEM32\dbgcore.DLL
0x00007ffba8280000 - 0x00007ffba82fb000 	C:\WINDOWS\System32\bcryptPrimitives.dll
0x00007ffb10880000 - 0x00007ffb1089f000 	C:\Program Files\Java\jdk-21\bin\java.dll
0x00007ffba9ac0000 - 0x00007ffbaa338000 	C:\WINDOWS\System32\SHELL32.dll
0x00007ffba5930000 - 0x00007ffba6238000 	C:\WINDOWS\SYSTEM32\windows.storage.dll
0x00007ffba57f0000 - 0x00007ffba592f000 	C:\WINDOWS\SYSTEM32\wintypes.dll
0x00007ffba85b0000 - 0x00007ffba86aa000 	C:\WINDOWS\System32\SHCORE.dll
0x00007ffba87b0000 - 0x00007ffba880e000 	C:\WINDOWS\System32\shlwapi.dll
0x00007ffba7920000 - 0x00007ffba794b000 	C:\WINDOWS\SYSTEM32\profapi.dll
0x00007ffb10790000 - 0x00007ffb10867000 	C:\Program Files\Java\jdk-21\bin\jsvml.dll
0x00007ffb10780000 - 0x00007ffb10790000 	C:\Program Files\Java\jdk-21\bin\net.dll
0x00007ffba17d0000 - 0x00007ffba1906000 	C:\WINDOWS\SYSTEM32\WINHTTP.dll
0x00007ffba6eb0000 - 0x00007ffba6f19000 	C:\WINDOWS\system32\mswsock.dll
0x00007ffb10760000 - 0x00007ffb10776000 	C:\Program Files\Java\jdk-21\bin\nio.dll
0x00007ffb10740000 - 0x00007ffb10758000 	C:\Program Files\Java\jdk-21\bin\zip.dll
0x0000000069ac0000 - 0x0000000069ae4000 	C:\Program Files\NetBeans-20\netbeans\java\maven\lib\jansi-native\Windows\x86_64\jansi.dll
0x00007ffba1670000 - 0x00007ffba1680000 	C:\Program Files\Java\jdk-21\bin\verify.dll

dbghelp: loaded successfully - version: 4.0.5 - missing functions: none
symbol engine: initialized successfully - sym options: 0x614 - pdb path: .;C:\Program Files\Java\jdk-21\bin;C:\WINDOWS\SYSTEM32;C:\WINDOWS\WinSxS\amd64_microsoft.windows.common-controls_6595b64144ccf1df_6.0.22621.4541_none_2710d1c57384c085;C:\Program Files\Java\jdk-21\bin\server;C:\Program Files\NetBeans-20\netbeans\java\maven\lib\jansi-native\Windows\x86_64

VM Arguments:
jvm_args: -Dclassworlds.conf=C:\Program Files\NetBeans-20\netbeans\java\maven\bin\m2.conf -Dmaven.home=C:\Program Files\NetBeans-20\netbeans\java\maven -Dlibrary.jansi.path=C:\Program Files\NetBeans-20\netbeans\java\maven\lib\jansi-native -Dmaven.multiModuleProjectDirectory=D:\FILE MEEEEE\SEMESTER 3\PBO\Java_farm\Java_farm\Java_farm\Java_farm\Java_farm 
java_command: org.codehaus.plexus.classworlds.launcher.Launcher -Dexec.vmArgs=--enable-preview -Dexec.args=${exec.vmArgs} -classpath %classpath ${exec.mainClass} ${exec.appArgs} -Dexec.appArgs= -Dexec.mainClass=com.mycompany.java_farm.mainUi -Dexec.executable=C:\Program Files\Java\jdk-21\bin\java.exe -Dmaven.ext.class.path=C:\Program Files\NetBeans-20\netbeans\java\maven-nblib\netbeans-eventspy.jar --no-transfer-progress javafx:run
java_class_path (initial): C:\Program Files\NetBeans-20\netbeans\java\maven\boot\plexus-classworlds-2.7.0.jar
Launcher Type: SUN_STANDARD

[Global flags]
     intx CICompilerCount                          = 3                                         {product} {ergonomic}
     uint ConcGCThreads                            = 1                                         {product} {ergonomic}
     uint G1ConcRefinementThreads                  = 4                                         {product} {ergonomic}
   size_t G1HeapRegionSize                         = 1048576                                   {product} {ergonomic}
    uintx GCDrainStackTargetSize                   = 64                                        {product} {ergonomic}
   size_t InitialHeapSize                          = 65011712                                  {product} {ergonomic}
   size_t MarkStackSize                            = 4194304                                   {product} {ergonomic}
   size_t MaxHeapSize                              = 1021313024                                {product} {ergonomic}
   size_t MaxNewSize                               = 612368384                                 {product} {ergonomic}
   size_t MinHeapDeltaBytes                        = 1048576                                   {product} {ergonomic}
   size_t MinHeapSize                              = 8388608                                   {product} {ergonomic}
    uintx NonNMethodCodeHeapSize                   = 5832780                                {pd product} {ergonomic}
    uintx NonProfiledCodeHeapSize                  = 122912730                              {pd product} {ergonomic}
    uintx ProfiledCodeHeapSize                     = 122912730                              {pd product} {ergonomic}
    uintx ReservedCodeCacheSize                    = 251658240                              {pd product} {ergonomic}
     bool SegmentedCodeCache                       = true                                      {product} {ergonomic}
   size_t SoftMaxHeapSize                          = 1021313024                             {manageable} {ergonomic}
     bool UseCompressedOops                        = true                           {product lp64_product} {ergonomic}
     bool UseG1GC                                  = true                                      {product} {ergonomic}
     bool UseLargePagesIndividualAllocation        = false                                  {pd product} {ergonomic}

Logging:
Log output configuration:
 #0: stdout all=warning uptime,level,tags foldmultilines=false
 #1: stderr all=off uptime,level,tags foldmultilines=false

Environment Variables:
JAVA_HOME=C:\Program Files\Java\jdk-21
PATH=C:\Program Files\Common Files\Oracle\Java\javapath;C:\WINDOWS\system32;C:\WINDOWS;C:\WINDOWS\System32\Wbem;C:\WINDOWS\System32\WindowsPowerShell\v1.0\;C:\WINDOWS\System32\OpenSSH\;C:\MinGW\bin;C:\Program Files\dotnet\;C:\Program Files\MySQL\MySQL Server 8.0\bin;C:\xampp\php;C:\Program Files\MATLAB\R2024b\bin;C:\Program Files\Java\jdk-23\bin;C:\Users\USER\Downloads\apache-ant-1.10.15-bin\bin;C:\Program Files\Java\javafx-sdk-23.0.1\bin;C:\Program Files\NetBeans-20\netbeans\java\maven;C:\Users\USER\Downloads\apache-maven-3.9.9-bin\apache-maven-3.9.9\bin;C:\Program Files\Java\jdk-21\bin;C:\Program Files\Java\javafx-sdk-21.0.5\bin;C:\Program Files\Java\jdk-21\bin;C:\Program Files\MySQL\MySQL Shell 8.0\bin\;C:\Users\USER\AppData\Local\Microsoft\WindowsApps;;C:\Users\USER\Documents\FILE MEEEEE\Microsoft VS Code\bin
USERNAME=USER
OS=Windows_NT
PROCESSOR_IDENTIFIER=Intel64 Family 6 Model 140 Stepping 1, GenuineIntel
TMP=C:\Users\USER\AppData\Local\Temp
TEMP=C:\Users\USER\AppData\Local\Temp




Periodic native trim disabled

---------------  S Y S T E M  ---------------

OS:
 Windows 11 , 64 bit Build 22621 (10.0.22621.4391)
OS uptime: 0 days 3:19 hours

CPU: total 4 (initial active 4) (2 cores per cpu, 2 threads per core) family 6 model 140 stepping 1 microcode 0x9a, cx8, cmov, fxsr, ht, mmx, 3dnowpref, sse, sse2, sse3, ssse3, sse4.1, sse4.2, popcnt, lzcnt, tsc, tscinvbit, avx, avx2, aes, erms, clmul, bmi1, bmi2, adx, avx512f, avx512dq, avx512cd, avx512bw, avx512vl, sha, fma, vzeroupper, avx512_vpopcntdq, avx512_vpclmulqdq, avx512_vaes, avx512_vnni, clflush, clflushopt, clwb, avx512_vbmi2, avx512_vbmi, rdtscp, rdpid, fsrm, gfni, avx512_bitalg, f16c, pku, cet_ibt, cet_ss, avx512_ifma
Processor Information for all 4 processors :
  Max Mhz: 2995, Current Mhz: 2995, Mhz Limit: 2995

Memory: 4k page, system-wide physical 3895M (306M free)
TotalPageFile size 15671M (AvailPageFile size 2M)
current process WorkingSet (physical memory assigned to process): 181M, peak: 181M
current process commit charge ("private bytes"): 208M, peak: 208M

vm_info: Java HotSpot(TM) 64-Bit Server VM (21.0.5+9-LTS-239) for windows-amd64 JRE (21.0.5+9-LTS-239), built on 2024-09-30T05:17:38Z by "mach5one" with MS VC++ 17.6 (VS2022)

END.
