#
# There is insufficient memory for the Java Runtime Environment to continue.
# Native memory allocation (malloc) failed to allocate 992976 bytes for Chunk::new
# Possible reasons:
#   The system is out of physical RAM or swap space
#   The process is running with CompressedOops enabled, and the Java Heap may be blocking the growth of the native heap
# Possible solutions:
#   Reduce memory load on the system
#   Increase physical memory or swap space
#   Check if swap backing store is full
#   Decrease Java heap size (-Xmx/-Xms)
#   Decrease number of Java threads
#   Decrease Java thread stack sizes (-Xss)
#   Set larger code cache with -XX:ReservedCodeCacheSize=
#   JVM is running with Unscaled Compressed Oops mode in which the Java heap is
#     placed in the first 4GB address space. The Java Heap base address is the
#     maximum limit for the native heap growth. Please use -XX:HeapBaseMinAddress
#     to set the Java Heap base and to place the Java Heap above 4GB virtual address.
# This output file may be truncated or incomplete.
#
#  Out of Memory Error (arena.cpp:168), pid=17748, tid=16308
#
# JRE version: Java(TM) SE Runtime Environment (21.0.5+9) (build 21.0.5+9-LTS-239)
# Java VM: Java HotSpot(TM) 64-Bit Server VM (21.0.5+9-LTS-239, mixed mode, sharing, tiered, compressed oops, compressed class ptrs, g1 gc, windows-amd64)
# No core dump will be written. Minidumps are not enabled by default on client versions of Windows
#

---------------  S U M M A R Y ------------

Command Line: --module-path=C:\Users\USER\.m2\repository\org\openjfx\javafx-base\23.0.1\javafx-base-23.0.1-win.jar;C:\Users\USER\.m2\repository\org\openjfx\javafx-base\23.0.1\javafx-base-23.0.1.jar;C:\Users\USER\.m2\repository\org\openjfx\javafx-controls\23.0.1\javafx-controls-23.0.1-win.jar;C:\Users\USER\.m2\repository\org\openjfx\javafx-controls\23.0.1\javafx-controls-23.0.1.jar;C:\Users\USER\.m2\repository\org\openjfx\javafx-fxml\23.0.1\javafx-fxml-23.0.1-win.jar;C:\Users\USER\.m2\repository\org\openjfx\javafx-fxml\23.0.1\javafx-fxml-23.0.1.jar;C:\Users\USER\.m2\repository\org\openjfx\javafx-graphics\23.0.1\javafx-graphics-23.0.1-win.jar;C:\Users\USER\.m2\repository\org\openjfx\javafx-graphics\23.0.1\javafx-graphics-23.0.1.jar --add-modules=javafx.base,javafx.controls,javafx.fxml,javafx.graphics com.mycompany.java_farm.mainUi

Host: 11th Gen Intel(R) Core(TM) i3-1115G4 @ 3.00GHz, 4 cores, 3G,  Windows 11 , 64 bit Build 22621 (10.0.22621.4391)
Time: Wed Dec 18 22:04:17 2024 SE Asia Standard Time elapsed time: 23.651689 seconds (0d 0h 0m 23s)

---------------  T H R E A D  ---------------

Current thread (0x00000257b0ca2440):  JavaThread "C2 CompilerThread0" daemon [_thread_in_native, id=16308, stack(0x00000070b0f00000,0x00000070b1000000) (1024K)]


Current CompileTask:
C2:  23651 3995       4       sun.util.locale.LanguageTag::parse (205 bytes)

Stack: [0x00000070b0f00000,0x00000070b1000000]
Native frames: (J=compiled Java code, j=interpreted, Vv=VM code, C=native code)
V  [jvm.dll+0x6ca289]
V  [jvm.dll+0x854a51]
V  [jvm.dll+0x856f7e]
V  [jvm.dll+0x857653]
V  [jvm.dll+0x27dd26]
V  [jvm.dll+0xc4c2d]
V  [jvm.dll+0xc5163]
V  [jvm.dll+0x3b4d02]
V  [jvm.dll+0x3814b5]
V  [jvm.dll+0x38092a]
V  [jvm.dll+0x246910]
V  [jvm.dll+0x245eef]
V  [jvm.dll+0x1c6d0e]
V  [jvm.dll+0x2554d9]
V  [jvm.dll+0x253a6a]
V  [jvm.dll+0x3ee136]
V  [jvm.dll+0x7fee9b]
V  [jvm.dll+0x6c896d]
C  [ucrtbase.dll+0x29333]
C  [KERNEL32.DLL+0x1259d]
C  [ntdll.dll+0x5af38]


---------------  P R O C E S S  ---------------

Threads class SMR info:
_java_thread_list=0x00000257fd38e910, length=19, elements={
0x0000025793f33150, 0x00000257b0c951a0, 0x00000257b0c96350, 0x00000257b0c996c0,
0x00000257b0c9c3c0, 0x00000257b0c9fc60, 0x00000257b0ca0dd0, 0x00000257b0ca2440,
0x00000257b0cc98d0, 0x00000257f606b0e0, 0x00000257f6210530, 0x00000257f658dc30,
0x00000257f6845660, 0x00000257f6822d90, 0x00000257f6b51cb0, 0x00000257f6abff30,
0x00000257fc64dfa0, 0x00000257fcc31710, 0x00000257fcc31080
}

Java Threads: ( => current thread )
  0x0000025793f33150 JavaThread "main"                              [_thread_blocked, id=17540, stack(0x00000070b0100000,0x00000070b0200000) (1024K)]
  0x00000257b0c951a0 JavaThread "Reference Handler"          daemon [_thread_blocked, id=3220, stack(0x00000070b0900000,0x00000070b0a00000) (1024K)]
  0x00000257b0c96350 JavaThread "Finalizer"                  daemon [_thread_blocked, id=932, stack(0x00000070b0a00000,0x00000070b0b00000) (1024K)]
  0x00000257b0c996c0 JavaThread "Signal Dispatcher"          daemon [_thread_blocked, id=6092, stack(0x00000070b0b00000,0x00000070b0c00000) (1024K)]
  0x00000257b0c9c3c0 JavaThread "Attach Listener"            daemon [_thread_blocked, id=9356, stack(0x00000070b0c00000,0x00000070b0d00000) (1024K)]
  0x00000257b0c9fc60 JavaThread "Service Thread"             daemon [_thread_blocked, id=11960, stack(0x00000070b0d00000,0x00000070b0e00000) (1024K)]
  0x00000257b0ca0dd0 JavaThread "Monitor Deflation Thread"   daemon [_thread_blocked, id=1292, stack(0x00000070b0e00000,0x00000070b0f00000) (1024K)]
=>0x00000257b0ca2440 JavaThread "C2 CompilerThread0"         daemon [_thread_in_native, id=16308, stack(0x00000070b0f00000,0x00000070b1000000) (1024K)]
  0x00000257b0cc98d0 JavaThread "C1 CompilerThread0"         daemon [_thread_blocked, id=17196, stack(0x00000070b1000000,0x00000070b1100000) (1024K)]
  0x00000257f606b0e0 JavaThread "Common-Cleaner"             daemon [_thread_blocked, id=10168, stack(0x00000070b1100000,0x00000070b1200000) (1024K)]
  0x00000257f6210530 JavaThread "Notification Thread"        daemon [_thread_blocked, id=17592, stack(0x00000070b1200000,0x00000070b1300000) (1024K)]
  0x00000257f658dc30 JavaThread "QuantumRenderer-0"          daemon [_thread_blocked, id=16628, stack(0x00000070b1600000,0x00000070b1700000) (1024K)]
  0x00000257f6845660 JavaThread "InvokeLaterDispatcher"      daemon [_thread_blocked, id=17516, stack(0x00000070b1700000,0x00000070b1800000) (1024K)]
  0x00000257f6822d90 JavaThread "JavaFX Application Thread"         [_thread_in_native, id=17488, stack(0x00000070b1800000,0x00000070b1900000) (1024K)]
  0x00000257f6b51cb0 JavaThread "JavaFX-Launcher"                   [_thread_blocked, id=5996, stack(0x00000070b1d00000,0x00000070b1e00000) (1024K)]
  0x00000257f6abff30 JavaThread "Thread-2"                   daemon [_thread_in_native, id=16128, stack(0x00000070b1c00000,0x00000070b1d00000) (1024K)]
  0x00000257fc64dfa0 JavaThread "Prism Font Disposer"        daemon [_thread_blocked, id=4648, stack(0x00000070b1e00000,0x00000070b1f00000) (1024K)]
  0x00000257fcc31710 JavaThread "Cleaner-0"                  daemon [_thread_blocked, id=18068, stack(0x00000070b2200000,0x00000070b2300000) (1024K)]
  0x00000257fcc31080 JavaThread "mysql-cj-abandoned-connection-cleanup" daemon [_thread_blocked, id=6124, stack(0x00000070b2400000,0x00000070b2500000) (1024K)]
Total: 19

Other Threads:
  0x000002579614e680 VMThread "VM Thread"                           [id=14096, stack(0x00000070b0800000,0x00000070b0900000) (1024K)]
  0x00000257b0c7d680 WatcherThread "VM Periodic Task Thread"        [id=2756, stack(0x00000070b0700000,0x00000070b0800000) (1024K)]
  0x00000257960c2840 WorkerThread "GC Thread#0"                     [id=13792, stack(0x00000070b0200000,0x00000070b0300000) (1024K)]
  0x00000257f63fe760 WorkerThread "GC Thread#1"                     [id=7672, stack(0x00000070b1300000,0x00000070b1400000) (1024K)]
  0x00000257f6687100 WorkerThread "GC Thread#2"                     [id=17720, stack(0x00000070b1400000,0x00000070b1500000) (1024K)]
  0x00000257f6646350 WorkerThread "GC Thread#3"                     [id=17484, stack(0x00000070b1500000,0x00000070b1600000) (1024K)]
  0x00000257960cb9f0 ConcurrentGCThread "G1 Main Marker"            [id=16836, stack(0x00000070b0300000,0x00000070b0400000) (1024K)]
  0x00000257960cc850 WorkerThread "G1 Conc#0"                       [id=2716, stack(0x00000070b0400000,0x00000070b0500000) (1024K)]
  0x0000025796128cf0 ConcurrentGCThread "G1 Refine#0"               [id=6940, stack(0x00000070b0500000,0x00000070b0600000) (1024K)]
  0x0000025796129860 ConcurrentGCThread "G1 Service"                [id=14724, stack(0x00000070b0600000,0x00000070b0700000) (1024K)]
Total: 10

Threads with active compile tasks:
C2 CompilerThread0    23677 3995       4       sun.util.locale.LanguageTag::parse (205 bytes)
Total: 1

VM state: not at safepoint (normal execution)

VM Mutex/Monitor currently owned by a thread: None

Heap address: 0x00000000c3200000, size: 974 MB, Compressed Oops mode: 32-bit

CDS archive(s) mapped at: [0x00000257b1000000-0x00000257b1c90000-0x00000257b1c90000), size 13172736, SharedBaseAddress: 0x00000257b1000000, ArchiveRelocationMode: 1.
Compressed class space mapped at: 0x00000257b2000000-0x00000257f2000000, reserved size: 1073741824
Narrow klass base: 0x00000257b1000000, Narrow klass shift: 0, Narrow klass range: 0x100000000

GC Precious Log:
 CardTable entry size: 512
 Card Set container configuration: InlinePtr #cards 5 size 8 Array Of Cards #cards 12 size 40 Howl #buckets 4 coarsen threshold 1843 Howl Bitmap #cards 512 size 80 coarsen threshold 460 Card regions per heap region 1 cards per card region 2048
 CPUs: 4 total, 4 available
 Memory: 3895M
 Large Page Support: Disabled
 NUMA Support: Disabled
 Compressed Oops: Enabled (32-bit)
 Heap Region Size: 1M
 Heap Min Capacity: 8M
 Heap Initial Capacity: 62M
 Heap Max Capacity: 974M
 Pre-touch: Disabled
 Parallel Workers: 4
 Concurrent Workers: 1
 Concurrent Refinement Workers: 4
 Periodic GC: Disabled

Heap:
 garbage-first heap   total 63488K, used 53946K [0x00000000c3200000, 0x0000000100000000)
  region size 1024K, 18 young (18432K), 4 survivors (4096K)
 Metaspace       used 23227K, committed 23616K, reserved 1114112K
  class space    used 3273K, committed 3456K, reserved 1048576K

Heap Regions: E=young(eden), S=young(survivor), O=old, HS=humongous(starts), HC=humongous(continues), CS=collection set, F=free, TAMS=top-at-mark-start, PB=parsable bottom
|   0|0x00000000c3200000, 0x00000000c3300000, 0x00000000c3300000|100%| O|  |TAMS 0x00000000c3200000| PB 0x00000000c3200000| Untracked 
|   1|0x00000000c3300000, 0x00000000c3400000, 0x00000000c3400000|100%| O|  |TAMS 0x00000000c3300000| PB 0x00000000c3300000| Untracked 
|   2|0x00000000c3400000, 0x00000000c3500000, 0x00000000c3500000|100%| O|  |TAMS 0x00000000c3400000| PB 0x00000000c3400000| Untracked 
|   3|0x00000000c3500000, 0x00000000c3600000, 0x00000000c3600000|100%|HS|  |TAMS 0x00000000c3500000| PB 0x00000000c3500000| Complete 
|   4|0x00000000c3600000, 0x00000000c3700000, 0x00000000c3700000|100%|HC|  |TAMS 0x00000000c3600000| PB 0x00000000c3600000| Complete 
|   5|0x00000000c3700000, 0x00000000c3800000, 0x00000000c3800000|100%|HC|  |TAMS 0x00000000c3700000| PB 0x00000000c3700000| Complete 
|   6|0x00000000c3800000, 0x00000000c3900000, 0x00000000c3900000|100%|HC|  |TAMS 0x00000000c3800000| PB 0x00000000c3800000| Complete 
|   7|0x00000000c3900000, 0x00000000c3a00000, 0x00000000c3a00000|100%|HS|  |TAMS 0x00000000c3900000| PB 0x00000000c3900000| Complete 
|   8|0x00000000c3a00000, 0x00000000c3b00000, 0x00000000c3b00000|100%|HC|  |TAMS 0x00000000c3a00000| PB 0x00000000c3a00000| Complete 
|   9|0x00000000c3b00000, 0x00000000c3c00000, 0x00000000c3c00000|100%| O|  |TAMS 0x00000000c3b00000| PB 0x00000000c3b00000| Untracked 
|  10|0x00000000c3c00000, 0x00000000c3d00000, 0x00000000c3d00000|100%| O|  |TAMS 0x00000000c3c00000| PB 0x00000000c3c00000| Untracked 
|  11|0x00000000c3d00000, 0x00000000c3e00000, 0x00000000c3e00000|100%| O|Cm|TAMS 0x00000000c3d00000| PB 0x00000000c3d00000| Complete 
|  12|0x00000000c3e00000, 0x00000000c3f00000, 0x00000000c3f00000|100%|HS|  |TAMS 0x00000000c3e00000| PB 0x00000000c3e00000| Complete 
|  13|0x00000000c3f00000, 0x00000000c4000000, 0x00000000c4000000|100%|HC|  |TAMS 0x00000000c3f00000| PB 0x00000000c3f00000| Complete 
|  14|0x00000000c4000000, 0x00000000c4100000, 0x00000000c4100000|100%| O|  |TAMS 0x00000000c4000000| PB 0x00000000c4000000| Untracked 
|  15|0x00000000c4100000, 0x00000000c4200000, 0x00000000c4200000|100%| O|  |TAMS 0x00000000c4100000| PB 0x00000000c4100000| Untracked 
|  16|0x00000000c4200000, 0x00000000c4300000, 0x00000000c4300000|100%| O|  |TAMS 0x00000000c4200000| PB 0x00000000c4200000| Untracked 
|  17|0x00000000c4300000, 0x00000000c43773a0, 0x00000000c4400000| 46%| O|  |TAMS 0x00000000c4300000| PB 0x00000000c4300000| Untracked 
|  18|0x00000000c4400000, 0x00000000c4500000, 0x00000000c4500000|100%|HS|  |TAMS 0x00000000c4400000| PB 0x00000000c4400000| Complete 
|  19|0x00000000c4500000, 0x00000000c4600000, 0x00000000c4600000|100%|HC|  |TAMS 0x00000000c4500000| PB 0x00000000c4500000| Complete 
|  20|0x00000000c4600000, 0x00000000c4700000, 0x00000000c4700000|100%|HS|  |TAMS 0x00000000c4600000| PB 0x00000000c4600000| Complete 
|  21|0x00000000c4700000, 0x00000000c4800000, 0x00000000c4800000|100%|HC|  |TAMS 0x00000000c4700000| PB 0x00000000c4700000| Complete 
|  22|0x00000000c4800000, 0x00000000c4900000, 0x00000000c4900000|100%|HC|  |TAMS 0x00000000c4800000| PB 0x00000000c4800000| Complete 
|  23|0x00000000c4900000, 0x00000000c4a00000, 0x00000000c4a00000|100%|HC|  |TAMS 0x00000000c4900000| PB 0x00000000c4900000| Complete 
|  24|0x00000000c4a00000, 0x00000000c4b00000, 0x00000000c4b00000|100%|HS|  |TAMS 0x00000000c4a00000| PB 0x00000000c4a00000| Complete 
|  25|0x00000000c4b00000, 0x00000000c4c00000, 0x00000000c4c00000|100%|HC|  |TAMS 0x00000000c4b00000| PB 0x00000000c4b00000| Complete 
|  26|0x00000000c4c00000, 0x00000000c4d00000, 0x00000000c4d00000|100%|HS|  |TAMS 0x00000000c4c00000| PB 0x00000000c4c00000| Complete 
|  27|0x00000000c4d00000, 0x00000000c4e00000, 0x00000000c4e00000|100%|HC|  |TAMS 0x00000000c4d00000| PB 0x00000000c4d00000| Complete 
|  28|0x00000000c4e00000, 0x00000000c4f00000, 0x00000000c4f00000|100%|HS|  |TAMS 0x00000000c4e00000| PB 0x00000000c4e00000| Complete 
|  29|0x00000000c4f00000, 0x00000000c5000000, 0x00000000c5000000|100%|HC|  |TAMS 0x00000000c4f00000| PB 0x00000000c4f00000| Complete 
|  30|0x00000000c5000000, 0x00000000c5100000, 0x00000000c5100000|100%|HS|  |TAMS 0x00000000c5000000| PB 0x00000000c5000000| Complete 
|  31|0x00000000c5100000, 0x00000000c5200000, 0x00000000c5200000|100%|HC|  |TAMS 0x00000000c5100000| PB 0x00000000c5100000| Complete 
|  32|0x00000000c5200000, 0x00000000c5300000, 0x00000000c5300000|100%|HS|  |TAMS 0x00000000c5200000| PB 0x00000000c5200000| Complete 
|  33|0x00000000c5300000, 0x00000000c5400000, 0x00000000c5400000|100%|HC|  |TAMS 0x00000000c5300000| PB 0x00000000c5300000| Complete 
|  34|0x00000000c5400000, 0x00000000c5500000, 0x00000000c5500000|100%|HS|  |TAMS 0x00000000c5400000| PB 0x00000000c5400000| Complete 
|  35|0x00000000c5500000, 0x00000000c5600000, 0x00000000c5600000|100%|HC|  |TAMS 0x00000000c5500000| PB 0x00000000c5500000| Complete 
|  36|0x00000000c5600000, 0x00000000c5700000, 0x00000000c5700000|100%|HS|  |TAMS 0x00000000c5600000| PB 0x00000000c5600000| Complete 
|  37|0x00000000c5700000, 0x00000000c5800000, 0x00000000c5800000|100%|HC|  |TAMS 0x00000000c5700000| PB 0x00000000c5700000| Complete 
|  38|0x00000000c5800000, 0x00000000c5800000, 0x00000000c5900000|  0%| F|  |TAMS 0x00000000c5800000| PB 0x00000000c5800000| Untracked 
|  39|0x00000000c5900000, 0x00000000c5900000, 0x00000000c5a00000|  0%| F|  |TAMS 0x00000000c5900000| PB 0x00000000c5900000| Untracked 
|  40|0x00000000c5a00000, 0x00000000c5a00000, 0x00000000c5b00000|  0%| F|  |TAMS 0x00000000c5a00000| PB 0x00000000c5a00000| Untracked 
|  41|0x00000000c5b00000, 0x00000000c5b00000, 0x00000000c5c00000|  0%| F|  |TAMS 0x00000000c5b00000| PB 0x00000000c5b00000| Untracked 
|  42|0x00000000c5c00000, 0x00000000c5c00000, 0x00000000c5d00000|  0%| F|  |TAMS 0x00000000c5c00000| PB 0x00000000c5c00000| Untracked 
|  43|0x00000000c5d00000, 0x00000000c5d00000, 0x00000000c5e00000|  0%| F|  |TAMS 0x00000000c5d00000| PB 0x00000000c5d00000| Untracked 
|  44|0x00000000c5e00000, 0x00000000c5ed7008, 0x00000000c5f00000| 83%| E|  |TAMS 0x00000000c5e00000| PB 0x00000000c5e00000| Complete 
|  45|0x00000000c5f00000, 0x00000000c6000000, 0x00000000c6000000|100%| E|CS|TAMS 0x00000000c5f00000| PB 0x00000000c5f00000| Complete 
|  46|0x00000000c6000000, 0x00000000c6100000, 0x00000000c6100000|100%| E|  |TAMS 0x00000000c6000000| PB 0x00000000c6000000| Complete 
|  47|0x00000000c6100000, 0x00000000c6200000, 0x00000000c6200000|100%| E|CS|TAMS 0x00000000c6100000| PB 0x00000000c6100000| Complete 
|  48|0x00000000c6200000, 0x00000000c6300000, 0x00000000c6300000|100%| E|CS|TAMS 0x00000000c6200000| PB 0x00000000c6200000| Complete 
|  49|0x00000000c6300000, 0x00000000c6400000, 0x00000000c6400000|100%| E|CS|TAMS 0x00000000c6300000| PB 0x00000000c6300000| Complete 
|  50|0x00000000c6400000, 0x00000000c6500000, 0x00000000c6500000|100%| E|CS|TAMS 0x00000000c6400000| PB 0x00000000c6400000| Complete 
|  51|0x00000000c6500000, 0x00000000c6600000, 0x00000000c6600000|100%| E|CS|TAMS 0x00000000c6500000| PB 0x00000000c6500000| Complete 
|  52|0x00000000c6600000, 0x00000000c66375f0, 0x00000000c6700000| 21%| S|CS|TAMS 0x00000000c6600000| PB 0x00000000c6600000| Complete 
|  53|0x00000000c6700000, 0x00000000c6800000, 0x00000000c6800000|100%| S|CS|TAMS 0x00000000c6700000| PB 0x00000000c6700000| Complete 
|  54|0x00000000c6800000, 0x00000000c6900000, 0x00000000c6900000|100%| S|CS|TAMS 0x00000000c6800000| PB 0x00000000c6800000| Complete 
|  55|0x00000000c6900000, 0x00000000c6a00000, 0x00000000c6a00000|100%| S|CS|TAMS 0x00000000c6900000| PB 0x00000000c6900000| Complete 
|  56|0x00000000c6a00000, 0x00000000c6b00000, 0x00000000c6b00000|100%| E|CS|TAMS 0x00000000c6a00000| PB 0x00000000c6a00000| Complete 
|  57|0x00000000c6b00000, 0x00000000c6c00000, 0x00000000c6c00000|100%| E|CS|TAMS 0x00000000c6b00000| PB 0x00000000c6b00000| Complete 
|  58|0x00000000c6c00000, 0x00000000c6d00000, 0x00000000c6d00000|100%| E|CS|TAMS 0x00000000c6c00000| PB 0x00000000c6c00000| Complete 
|  59|0x00000000c6d00000, 0x00000000c6e00000, 0x00000000c6e00000|100%| E|CS|TAMS 0x00000000c6d00000| PB 0x00000000c6d00000| Complete 
|  60|0x00000000c6e00000, 0x00000000c6f00000, 0x00000000c6f00000|100%| E|CS|TAMS 0x00000000c6e00000| PB 0x00000000c6e00000| Complete 
|  61|0x00000000c6f00000, 0x00000000c7000000, 0x00000000c7000000|100%| E|CS|TAMS 0x00000000c6f00000| PB 0x00000000c6f00000| Complete 

Card table byte_map: [0x00000257ad700000,0x00000257ad8f0000] _byte_map_base: 0x00000257ad0e7000

Marking Bits: (CMBitMap*) 0x00000257960c3750
 Bits: [0x00000257ad8f0000, 0x00000257ae828000)

Polling page: 0x0000025794070000

Metaspace:

Usage:
  Non-class:     19.49 MB used.
      Class:      3.20 MB used.
       Both:     22.68 MB used.

Virtual space:
  Non-class space:       64.00 MB reserved,      19.69 MB ( 31%) committed,  1 nodes.
      Class space:        1.00 GB reserved,       3.38 MB ( <1%) committed,  1 nodes.
             Both:        1.06 GB reserved,      23.06 MB (  2%) committed. 

Chunk freelists:
   Non-Class:  11.56 MB
       Class:  12.64 MB
        Both:  24.20 MB

MaxMetaspaceSize: unlimited
CompressedClassSpaceSize: 1.00 GB
Initial GC threshold: 21.00 MB
Current GC threshold: 35.44 MB
CDS: on
 - commit_granule_bytes: 65536.
 - commit_granule_words: 8192.
 - virtual_space_node_default_size: 8388608.
 - enlarge_chunks_in_place: 1.
 - use_allocation_guard: 0.


Internal statistics:

num_allocs_failed_limit: 3.
num_arena_births: 410.
num_arena_deaths: 0.
num_vsnodes_births: 2.
num_vsnodes_deaths: 0.
num_space_committed: 369.
num_space_uncommitted: 0.
num_chunks_returned_to_freelist: 3.
num_chunks_taken_from_freelist: 1189.
num_chunk_merges: 3.
num_chunk_splits: 838.
num_chunks_enlarged: 626.
num_inconsistent_stats: 0.

CodeHeap 'non-profiled nmethods': size=120000Kb used=1852Kb max_used=1852Kb free=118147Kb
 bounds [0x00000257a5fe0000, 0x00000257a6250000, 0x00000257ad510000]
CodeHeap 'profiled nmethods': size=120000Kb used=9461Kb max_used=9461Kb free=110538Kb
 bounds [0x000002579e510000, 0x000002579ee50000, 0x00000257a5a40000]
CodeHeap 'non-nmethods': size=5760Kb used=2145Kb max_used=2163Kb free=3614Kb
 bounds [0x00000257a5a40000, 0x00000257a5cb0000, 0x00000257a5fe0000]
 total_blobs=5534 nmethods=4651 adapters=787
 compilation: enabled
              stopped_count=0, restarted_count=0
 full_count=0

Compilation events (20 events):
Event: 23.534 Thread 0x00000257b0ca2440 nmethod 4403 0x00000257a61a6510 code [0x00000257a61a66c0, 0x00000257a61a69c0]
Event: 23.534 Thread 0x00000257b0ca2440 4609       4       javafx.scene.Node::getScene (11 bytes)
Event: 23.535 Thread 0x00000257b0ca2440 nmethod 4609 0x00000257a61a6c10 code [0x00000257a61a6da0, 0x00000257a61a6ec8]
Event: 23.535 Thread 0x00000257b0ca2440 4599       4       com.sun.javafx.css.StyleMap::getCascadingStyles (384 bytes)
Event: 23.587 Thread 0x00000257b0ca2440 nmethod 4599 0x00000257a61a7010 code [0x00000257a61a7500, 0x00000257a61aa440]
Event: 23.587 Thread 0x00000257b0ca2440 4600       4       javafx.scene.CssStyleHelper::getStyle (162 bytes)
Event: 23.590 Thread 0x00000257b0cc98d0 4666       3       java.util.WeakHashMap::<init> (124 bytes)
Event: 23.591 Thread 0x00000257b0cc98d0 nmethod 4666 0x000002579ee4ac90 code [0x000002579ee4b080, 0x000002579ee4ccc8]
Event: 23.597 Thread 0x00000257b0ca2440 nmethod 4600 0x00000257a61aba10 code [0x00000257a61abcc0, 0x00000257a61ac7f0]
Event: 23.597 Thread 0x00000257b0ca2440 4035       4       com.sun.javafx.image.impl.ByteBgra$ToByteBgraPreConv::doConvert (214 bytes)
Event: 23.601 Thread 0x00000257b0ca2440 nmethod 4035 0x00000257a61ad190 code [0x00000257a61ad320, 0x00000257a61ad870]
Event: 23.601 Thread 0x00000257b0ca2440 4513       4       com.sun.javafx.css.StyleMap::isEmpty (36 bytes)
Event: 23.601 Thread 0x00000257b0ca2440 nmethod 4513 0x00000257a61ada10 code [0x00000257a61adba0, 0x00000257a61adcb8]
Event: 23.601 Thread 0x00000257b0ca2440 4089       4       java.lang.StringConcatHelper::mix (27 bytes)
Event: 23.602 Thread 0x00000257b0ca2440 nmethod 4089 0x00000257a61add90 code [0x00000257a61adf20, 0x00000257a61ae000]
Event: 23.602 Thread 0x00000257b0ca2440 4556       4       com.sun.marlin.FloatMath::max (11 bytes)
Event: 23.602 Thread 0x00000257b0ca2440 nmethod 4556 0x00000257a61ae110 code [0x00000257a61ae280, 0x00000257a61ae2f8]
Event: 23.602 Thread 0x00000257b0ca2440 4046       4       java.lang.StringBuilder::toString (9 bytes)
Event: 23.606 Thread 0x00000257b0ca2440 nmethod 4046 0x00000257a61ae410 code [0x00000257a61ae5e0, 0x00000257a61aee88]
Event: 23.606 Thread 0x00000257b0ca2440 3995       4       sun.util.locale.LanguageTag::parse (205 bytes)

GC Heap History (10 events):
Event: 0.428 GC heap before
{Heap before GC invocations=0 (full 0):
 garbage-first heap   total 63488K, used 12288K [0x00000000c3200000, 0x0000000100000000)
  region size 1024K, 13 young (13312K), 0 survivors (0K)
 Metaspace       used 1819K, committed 1984K, reserved 1114112K
  class space    used 183K, committed 256K, reserved 1048576K
}
Event: 0.431 GC heap after
{Heap after GC invocations=1 (full 0):
 garbage-first heap   total 63488K, used 1711K [0x00000000c3200000, 0x0000000100000000)
  region size 1024K, 2 young (2048K), 2 survivors (2048K)
 Metaspace       used 1819K, committed 1984K, reserved 1114112K
  class space    used 183K, committed 256K, reserved 1048576K
}
Event: 0.943 GC heap before
{Heap before GC invocations=1 (full 0):
 garbage-first heap   total 63488K, used 23215K [0x00000000c3200000, 0x0000000100000000)
  region size 1024K, 24 young (24576K), 2 survivors (2048K)
 Metaspace       used 4913K, committed 5120K, reserved 1114112K
  class space    used 539K, committed 640K, reserved 1048576K
}
Event: 0.948 GC heap after
{Heap after GC invocations=2 (full 0):
 garbage-first heap   total 63488K, used 5410K [0x00000000c3200000, 0x0000000100000000)
  region size 1024K, 3 young (3072K), 3 survivors (3072K)
 Metaspace       used 4913K, committed 5120K, reserved 1114112K
  class space    used 539K, committed 640K, reserved 1048576K
}
Event: 1.719 GC heap before
{Heap before GC invocations=2 (full 0):
 garbage-first heap   total 63488K, used 45346K [0x00000000c3200000, 0x0000000100000000)
  region size 1024K, 37 young (37888K), 3 survivors (3072K)
 Metaspace       used 12434K, committed 12736K, reserved 1114112K
  class space    used 1727K, committed 1856K, reserved 1048576K
}
Event: 1.727 GC heap after
{Heap after GC invocations=3 (full 0):
 garbage-first heap   total 63488K, used 15834K [0x00000000c3200000, 0x0000000100000000)
  region size 1024K, 4 young (4096K), 4 survivors (4096K)
 Metaspace       used 12434K, committed 12736K, reserved 1114112K
  class space    used 1727K, committed 1856K, reserved 1048576K
}
Event: 22.724 GC heap before
{Heap before GC invocations=3 (full 0):
 garbage-first heap   total 63488K, used 48602K [0x00000000c3200000, 0x0000000100000000)
  region size 1024K, 35 young (35840K), 4 survivors (4096K)
 Metaspace       used 19654K, committed 19968K, reserved 1114112K
  class space    used 2695K, committed 2816K, reserved 1048576K
}
Event: 22.735 GC heap after
{Heap after GC invocations=4 (full 0):
 garbage-first heap   total 63488K, used 20217K [0x00000000c3200000, 0x0000000100000000)
  region size 1024K, 3 young (3072K), 3 survivors (3072K)
 Metaspace       used 19654K, committed 19968K, reserved 1114112K
  class space    used 2695K, committed 2816K, reserved 1048576K
}
Event: 22.921 GC heap before
{Heap before GC invocations=4 (full 0):
 garbage-first heap   total 63488K, used 27385K [0x00000000c3200000, 0x0000000100000000)
  region size 1024K, 9 young (9216K), 3 survivors (3072K)
 Metaspace       used 21145K, committed 21504K, reserved 1114112K
  class space    used 2882K, committed 3072K, reserved 1048576K
}
Event: 22.924 GC heap after
{Heap after GC invocations=5 (full 0):
 garbage-first heap   total 63488K, used 23226K [0x00000000c3200000, 0x0000000100000000)
  region size 1024K, 4 young (4096K), 4 survivors (4096K)
 Metaspace       used 21145K, committed 21504K, reserved 1114112K
  class space    used 2882K, committed 3072K, reserved 1048576K
}

Dll operation events (20 events):
Event: 0.356 Loaded shared library C:\Users\USER\.openjfx\cache\23.0.1+4\amd64\api-ms-win-crt-math-l1-1-0.dll
Event: 0.360 Loaded shared library C:\Users\USER\.openjfx\cache\23.0.1+4\amd64\api-ms-win-crt-multibyte-l1-1-0.dll
Event: 0.363 Loaded shared library C:\Users\USER\.openjfx\cache\23.0.1+4\amd64\api-ms-win-crt-private-l1-1-0.dll
Event: 0.367 Loaded shared library C:\Users\USER\.openjfx\cache\23.0.1+4\amd64\api-ms-win-crt-process-l1-1-0.dll
Event: 0.369 Loaded shared library C:\Users\USER\.openjfx\cache\23.0.1+4\amd64\api-ms-win-crt-runtime-l1-1-0.dll
Event: 0.372 Loaded shared library C:\Users\USER\.openjfx\cache\23.0.1+4\amd64\api-ms-win-crt-stdio-l1-1-0.dll
Event: 0.375 Loaded shared library C:\Users\USER\.openjfx\cache\23.0.1+4\amd64\api-ms-win-crt-string-l1-1-0.dll
Event: 0.377 Loaded shared library C:\Users\USER\.openjfx\cache\23.0.1+4\amd64\api-ms-win-crt-time-l1-1-0.dll
Event: 0.379 Loaded shared library C:\Users\USER\.openjfx\cache\23.0.1+4\amd64\api-ms-win-crt-utility-l1-1-0.dll
Event: 0.393 Loaded shared library C:\Users\USER\.openjfx\cache\23.0.1+4\amd64\ucrtbase.dll
Event: 0.397 Loaded shared library C:\Users\USER\.openjfx\cache\23.0.1+4\amd64\vcruntime140.dll
Event: 0.400 Loaded shared library C:\Users\USER\.openjfx\cache\23.0.1+4\amd64\vcruntime140_1.dll
Event: 0.409 Loaded shared library C:\Users\USER\.openjfx\cache\23.0.1+4\amd64\msvcp140.dll
Event: 0.412 Loaded shared library C:\Users\USER\.openjfx\cache\23.0.1+4\amd64\msvcp140_1.dll
Event: 0.419 Loaded shared library C:\Users\USER\.openjfx\cache\23.0.1+4\amd64\msvcp140_2.dll
Event: 0.476 Loaded shared library C:\Users\USER\.openjfx\cache\23.0.1+4\amd64\prism_d3d.dll
Event: 0.573 Loaded shared library C:\Users\USER\.openjfx\cache\23.0.1+4\amd64\glass.dll
Event: 0.735 Loaded shared library C:\Program Files\Java\jdk-21\bin\jimage.dll
Event: 1.097 Loaded shared library C:\Users\USER\.openjfx\cache\23.0.1+4\amd64\javafx_font.dll
Event: 22.691 Loaded shared library C:\Program Files\Java\jdk-21\bin\extnet.dll

Deoptimization events (20 events):
Event: 23.277 Thread 0x00000257f658dc30 Uncommon trap: trap_request=0xffffff45 fr.pc=0x00000257a61623bc relative=0x000000000000017c
Event: 23.277 Thread 0x00000257f658dc30 Uncommon trap: reason=unstable_if action=reinterpret pc=0x00000257a61623bc method=com.sun.javafx.geom.transform.AffineBase.translate(DD)V @ 534 c2
Event: 23.277 Thread 0x00000257f658dc30 DEOPT PACKING pc=0x00000257a61623bc sp=0x00000070b16fc900
Event: 23.277 Thread 0x00000257f658dc30 DEOPT UNPACKING pc=0x00000257a5a97da2 sp=0x00000070b16fc888 mode 2
Event: 23.294 Thread 0x00000257f658dc30 Uncommon trap: trap_request=0xffffff45 fr.pc=0x00000257a60fc1b8 relative=0x00000000000003d8
Event: 23.294 Thread 0x00000257f658dc30 Uncommon trap: reason=unstable_if action=reinterpret pc=0x00000257a60fc1b8 method=com.sun.javafx.geom.transform.AffineBase.doTransform([FI[FIII)V @ 2 c2
Event: 23.294 Thread 0x00000257f658dc30 DEOPT PACKING pc=0x00000257a60fc1b8 sp=0x00000070b16fbaf0
Event: 23.294 Thread 0x00000257f658dc30 DEOPT UNPACKING pc=0x00000257a5a97da2 sp=0x00000070b16fba30 mode 2
Event: 23.308 Thread 0x00000257f658dc30 Uncommon trap: trap_request=0xffffffde fr.pc=0x00000257a615df54 relative=0x00000000000001f4
Event: 23.308 Thread 0x00000257f658dc30 Uncommon trap: reason=class_check action=maybe_recompile pc=0x00000257a615df54 method=com.sun.javafx.font.CompositeStrike.getStrikeSlot(I)Lcom/sun/javafx/font/FontStrike; @ 16 c2
Event: 23.308 Thread 0x00000257f658dc30 DEOPT PACKING pc=0x00000257a615df54 sp=0x00000070b16fbea0
Event: 23.308 Thread 0x00000257f658dc30 DEOPT UNPACKING pc=0x00000257a5a97da2 sp=0x00000070b16fbe50 mode 2
Event: 23.311 Thread 0x00000257f658dc30 Uncommon trap: trap_request=0xffffffde fr.pc=0x00000257a615df54 relative=0x00000000000001f4
Event: 23.311 Thread 0x00000257f658dc30 Uncommon trap: reason=class_check action=maybe_recompile pc=0x00000257a615df54 method=com.sun.javafx.font.CompositeStrike.getStrikeSlot(I)Lcom/sun/javafx/font/FontStrike; @ 16 c2
Event: 23.311 Thread 0x00000257f658dc30 DEOPT PACKING pc=0x00000257a615df54 sp=0x00000070b16fb2a0
Event: 23.311 Thread 0x00000257f658dc30 DEOPT UNPACKING pc=0x00000257a5a97da2 sp=0x00000070b16fb250 mode 2
Event: 23.372 Thread 0x00000257f6822d90 Uncommon trap: trap_request=0xffffff45 fr.pc=0x00000257a60a170c relative=0x000000000000006c
Event: 23.372 Thread 0x00000257f6822d90 Uncommon trap: reason=unstable_if action=reinterpret pc=0x00000257a60a170c method=java.util.Objects.equals(Ljava/lang/Object;Ljava/lang/Object;)Z @ 6 c2
Event: 23.372 Thread 0x00000257f6822d90 DEOPT PACKING pc=0x00000257a60a170c sp=0x00000070b18fd310
Event: 23.372 Thread 0x00000257f6822d90 DEOPT UNPACKING pc=0x00000257a5a97da2 sp=0x00000070b18fd2b0 mode 2

Classes loaded (20 events):
Event: 23.077 Loading class java/security/Key done
Event: 23.077 Loading class javax/security/auth/Destroyable
Event: 23.077 Loading class javax/security/auth/Destroyable done
Event: 23.077 Loading class java/security/PrivateKey done
Event: 23.077 Loading class java/security/spec/InvalidKeySpecException
Event: 23.078 Loading class java/security/spec/InvalidKeySpecException done
Event: 23.078 Loading class java/security/spec/KeySpec
Event: 23.078 Loading class java/security/spec/KeySpec done
Event: 23.078 Loading class javax/crypto/NoSuchPaddingException
Event: 23.078 Loading class javax/crypto/NoSuchPaddingException done
Event: 23.078 Loading class javax/crypto/IllegalBlockSizeException
Event: 23.078 Loading class javax/crypto/IllegalBlockSizeException done
Event: 23.078 Loading class javax/crypto/BadPaddingException
Event: 23.078 Loading class javax/crypto/BadPaddingException done
Event: 23.078 Loading class javax/net/ssl/SSLSocket
Event: 23.078 Loading class javax/net/ssl/SSLSocket done
Event: 23.324 Loading class java/lang/Throwable$WrappedPrintStream
Event: 23.324 Loading class java/lang/Throwable$PrintStreamOrWriter
Event: 23.325 Loading class java/lang/Throwable$PrintStreamOrWriter done
Event: 23.325 Loading class java/lang/Throwable$WrappedPrintStream done

Classes unloaded (0 events):
No events

Classes redefined (0 events):
No events

Internal exceptions (20 events):
Event: 2.143 Thread 0x00000257f6822d90 Exception <a 'java/lang/NoSuchMethodError'{0x00000000c64032e0}: 'java.lang.Object java.lang.invoke.DirectMethodHandle$Holder.newInvokeSpecial(java.lang.Object, java.lang.Object, int)'> (0x00000000c64032e0) 
thrown [s\open\src\hotspot\share\interpreter\linkResolver.cpp, line 773]
Event: 2.215 Thread 0x00000257f658dc30 Exception <a 'java/lang/NoSuchMethodError'{0x00000000c639adb0}: 'int java.lang.invoke.DirectMethodHandle$Holder.invokeStaticInit(java.lang.Object, java.lang.Object)'> (0x00000000c639adb0) 
thrown [s\open\src\hotspot\share\interpreter\linkResolver.cpp, line 773]
Event: 2.240 Thread 0x00000257f658dc30 Exception <a 'java/lang/NoSuchMethodError'{0x00000000c628c1c8}: 'java.lang.Object java.lang.invoke.DirectMethodHandle$Holder.invokeStaticInit(java.lang.Object, int)'> (0x00000000c628c1c8) 
thrown [s\open\src\hotspot\share\interpreter\linkResolver.cpp, line 773]
Event: 5.288 Thread 0x00000257f6822d90 Exception <a 'java/lang/NoSuchMethodError'{0x00000000c5d3f6f8}: 'void java.lang.invoke.DirectMethodHandle$Holder.invokeVirtual(java.lang.Object, java.lang.Object)'> (0x00000000c5d3f6f8) 
thrown [s\open\src\hotspot\share\interpreter\linkResolver.cpp, line 773]
Event: 5.290 Thread 0x00000257f6822d90 Exception <a 'java/lang/NoSuchMethodError'{0x00000000c5d678c8}: 'long java.lang.invoke.DirectMethodHandle$Holder.invokeStatic(java.lang.Object, java.lang.Object, java.lang.Object)'> (0x00000000c5d678c8) 
thrown [s\open\src\hotspot\share\interpreter\linkResolver.cpp, line 773]
Event: 5.290 Thread 0x00000257f6822d90 Exception <a 'java/lang/NoSuchMethodError'{0x00000000c5d6aca8}: 'long java.lang.invoke.DirectMethodHandle$Holder.invokeStaticInit(java.lang.Object, java.lang.Object, java.lang.Object)'> (0x00000000c5d6aca8) 
thrown [s\open\src\hotspot\share\interpreter\linkResolver.cpp, line 773]
Event: 5.291 Thread 0x00000257f6822d90 Exception <a 'java/lang/NoSuchMethodError'{0x00000000c5d7f340}: 'java.lang.Object java.lang.invoke.DirectMethodHandle$Holder.newInvokeSpecial(java.lang.Object, java.lang.Object, long)'> (0x00000000c5d7f340) 
thrown [s\open\src\hotspot\share\interpreter\linkResolver.cpp, line 773]
Event: 5.291 Thread 0x00000257f6822d90 Exception <a 'java/lang/NoSuchMethodError'{0x00000000c5d82c48}: 'java.lang.Object java.lang.invoke.Invokers$Holder.linkToTargetMethod(java.lang.Object, long, java.lang.Object)'> (0x00000000c5d82c48) 
thrown [s\open\src\hotspot\share\interpreter\linkResolver.cpp, line 773]
Event: 22.582 Thread 0x00000257f6822d90 Exception <a 'java/lang/NoSuchMethodError'{0x00000000c5525820}: 'java.lang.Object java.lang.invoke.DirectMethodHandle$Holder.invokeInterface(java.lang.Object, java.lang.Object)'> (0x00000000c5525820) 
thrown [s\open\src\hotspot\share\interpreter\linkResolver.cpp, line 773]
Event: 22.595 Thread 0x00000257f6822d90 Exception <a 'java/lang/NoSuchMethodError'{0x00000000c559c860}: 'java.lang.Object java.lang.invoke.DirectMethodHandle$Holder.invokeVirtual(java.lang.Object, java.lang.Object, java.lang.Object)'> (0x00000000c559c860) 
thrown [s\open\src\hotspot\share\interpreter\linkResolver.cpp, line 773]
Event: 22.870 Thread 0x00000257f6822d90 Implicit null exception at 0x00000257a615eef3 to 0x00000257a615ef70
Event: 22.985 Thread 0x00000257f6822d90 Exception <a 'java/lang/NoSuchMethodError'{0x00000000c6d12ee0}: 'java.lang.Object java.lang.invoke.DelegatingMethodHandle$Holder.reinvoke_L(java.lang.Object, double, double, double, double)'> (0x00000000c6d12ee0) 
thrown [s\open\src\hotspot\share\interpreter\linkResolver.cpp, line 773]
Event: 22.986 Thread 0x00000257f6822d90 Exception <a 'java/lang/NoSuchMethodError'{0x00000000c6d1e148}: 'java.lang.Object java.lang.invoke.DirectMethodHandle$Holder.invokeStatic(java.lang.Object, java.lang.Object, int)'> (0x00000000c6d1e148) 
thrown [s\open\src\hotspot\share\interpreter\linkResolver.cpp, line 773]
Event: 22.987 Thread 0x00000257f6822d90 Exception <a 'java/lang/NoSuchMethodError'{0x00000000c6d22290}: 'void java.lang.invoke.DirectMethodHandle$Holder.invokeStatic(java.lang.Object, java.lang.Object, int, java.lang.Object)'> (0x00000000c6d22290) 
thrown [s\open\src\hotspot\share\interpreter\linkResolver.cpp, line 773]
Event: 22.987 Thread 0x00000257f6822d90 Exception <a 'java/lang/NoSuchMethodError'{0x00000000c6d29280}: 'void java.lang.invoke.DelegatingMethodHandle$Holder.delegate(java.lang.Object, java.lang.Object, int, java.lang.Object)'> (0x00000000c6d29280) 
thrown [s\open\src\hotspot\share\interpreter\linkResolver.cpp, line 773]
Event: 23.014 Thread 0x00000257f6822d90 Exception <a 'java/lang/NoSuchMethodError'{0x00000000c6d9e468}: 'java.lang.Object java.lang.invoke.DelegatingMethodHandle$Holder.reinvoke_L(java.lang.Object, double, double, double)'> (0x00000000c6d9e468) 
thrown [s\open\src\hotspot\share\interpreter\linkResolver.cpp, line 773]
Event: 23.082 Thread 0x00000257f6822d90 Exception <a 'java/lang/NoSuchMethodError'{0x00000000c6cb9040}: 'void java.lang.invoke.DirectMethodHandle$Holder.invokeInterface(java.lang.Object, java.lang.Object)'> (0x00000000c6cb9040) 
thrown [s\open\src\hotspot\share\interpreter\linkResolver.cpp, line 773]
Event: 23.091 Thread 0x00000257f6822d90 Implicit null exception at 0x00000257a6155a5e to 0x00000257a6155adc
Event: 23.324 Thread 0x00000257f658dc30 Implicit null exception at 0x000002579ebfe92a to 0x000002579ebff2f3
Event: 23.324 Thread 0x00000257f658dc30 Exception <a 'java/lang/NullPointerException'{0x00000000c60697c0}> (0x00000000c60697c0) 
thrown [s\open\src\hotspot\share\runtime\sharedRuntime.cpp, line 625]

ZGC Phase Switch (0 events):
No events

VM Operations (20 events):
Event: 22.947 Executing VM operation: G1PauseCleanup
Event: 22.948 Executing VM operation: G1PauseCleanup done
Event: 22.984 Executing VM operation: HandshakeAllThreads (Deoptimize)
Event: 22.985 Executing VM operation: HandshakeAllThreads (Deoptimize) done
Event: 22.986 Executing VM operation: HandshakeAllThreads (Deoptimize)
Event: 22.986 Executing VM operation: HandshakeAllThreads (Deoptimize) done
Event: 23.084 Executing VM operation: HandshakeAllThreads (Deoptimize)
Event: 23.084 Executing VM operation: HandshakeAllThreads (Deoptimize) done
Event: 23.125 Executing VM operation: HandshakeAllThreads (Deoptimize)
Event: 23.125 Executing VM operation: HandshakeAllThreads (Deoptimize) done
Event: 23.131 Executing VM operation: HandshakeAllThreads (Deoptimize)
Event: 23.131 Executing VM operation: HandshakeAllThreads (Deoptimize) done
Event: 23.169 Executing VM operation: ICBufferFull
Event: 23.169 Executing VM operation: ICBufferFull done
Event: 23.294 Executing VM operation: HandshakeAllThreads (Deoptimize)
Event: 23.294 Executing VM operation: HandshakeAllThreads (Deoptimize) done
Event: 23.362 Executing VM operation: HandshakeAllThreads (Deoptimize)
Event: 23.362 Executing VM operation: HandshakeAllThreads (Deoptimize) done
Event: 23.369 Executing VM operation: ICBufferFull
Event: 23.369 Executing VM operation: ICBufferFull done

Events (19 events):
Event: 0.021 Thread 0x0000025793f33150 Thread added: 0x0000025793f33150
Event: 0.032 Thread 0x00000257b0c951a0 Thread added: 0x00000257b0c951a0
Event: 0.032 Thread 0x00000257b0c96350 Thread added: 0x00000257b0c96350
Event: 0.032 Thread 0x00000257b0c996c0 Thread added: 0x00000257b0c996c0
Event: 0.032 Thread 0x00000257b0c9c3c0 Thread added: 0x00000257b0c9c3c0
Event: 0.033 Thread 0x00000257b0c9fc60 Thread added: 0x00000257b0c9fc60
Event: 0.033 Thread 0x00000257b0ca0dd0 Thread added: 0x00000257b0ca0dd0
Event: 0.033 Thread 0x00000257b0ca2440 Thread added: 0x00000257b0ca2440
Event: 0.033 Thread 0x00000257b0cc98d0 Thread added: 0x00000257b0cc98d0
Event: 0.061 Thread 0x00000257f606b0e0 Thread added: 0x00000257f606b0e0
Event: 0.151 Thread 0x00000257f6210530 Thread added: 0x00000257f6210530
Event: 0.459 Thread 0x00000257f658dc30 Thread added: 0x00000257f658dc30
Event: 0.575 Thread 0x00000257f6845660 Thread added: 0x00000257f6845660
Event: 0.577 Thread 0x00000257f6822d90 Thread added: 0x00000257f6822d90
Event: 0.712 Thread 0x00000257f6b51cb0 Thread added: 0x00000257f6b51cb0
Event: 0.725 Thread 0x00000257f6abff30 Thread added: 0x00000257f6abff30
Event: 1.199 Thread 0x00000257fc64dfa0 Thread added: 0x00000257fc64dfa0
Event: 2.274 Thread 0x00000257fcc31710 Thread added: 0x00000257fcc31710
Event: 22.561 Thread 0x00000257fcc31080 Thread added: 0x00000257fcc31080


Dynamic libraries:
0x00007ff733ed0000 - 0x00007ff733ee0000 	C:\Program Files\Java\jdk-21\bin\java.exe
0x00007ff8590f0000 - 0x00007ff859307000 	C:\WINDOWS\SYSTEM32\ntdll.dll
0x00007ff8571e0000 - 0x00007ff8572a4000 	C:\WINDOWS\System32\KERNEL32.DLL
0x00007ff8564f0000 - 0x00007ff8568aa000 	C:\WINDOWS\System32\KERNELBASE.dll
0x00007ff856bf0000 - 0x00007ff856d01000 	C:\WINDOWS\System32\ucrtbase.dll
0x00007ff84f8b0000 - 0x00007ff84f8cb000 	C:\Program Files\Java\jdk-21\bin\VCRUNTIME140.dll
0x00007ff84f9c0000 - 0x00007ff84f9d9000 	C:\Program Files\Java\jdk-21\bin\jli.dll
0x00007ff8583d0000 - 0x00007ff858482000 	C:\WINDOWS\System32\ADVAPI32.dll
0x00007ff8579d0000 - 0x00007ff857a77000 	C:\WINDOWS\System32\msvcrt.dll
0x00007ff857130000 - 0x00007ff8571d7000 	C:\WINDOWS\System32\sechost.dll
0x00007ff8568b0000 - 0x00007ff8568d8000 	C:\WINDOWS\System32\bcrypt.dll
0x00007ff857010000 - 0x00007ff857124000 	C:\WINDOWS\System32\RPCRT4.dll
0x00007ff856e60000 - 0x00007ff85700e000 	C:\WINDOWS\System32\USER32.dll
0x00007ff8463e0000 - 0x00007ff846672000 	C:\WINDOWS\WinSxS\amd64_microsoft.windows.common-controls_6595b64144ccf1df_6.0.22621.4541_none_2710d1c57384c085\COMCTL32.dll
0x00007ff856d10000 - 0x00007ff856d36000 	C:\WINDOWS\System32\win32u.dll
0x00007ff858010000 - 0x00007ff858039000 	C:\WINDOWS\System32\GDI32.dll
0x00007ff856ad0000 - 0x00007ff856beb000 	C:\WINDOWS\System32\gdi32full.dll
0x00007ff8563d0000 - 0x00007ff85646a000 	C:\WINDOWS\System32\msvcp_win.dll
0x00007ff84cfb0000 - 0x00007ff84cfba000 	C:\WINDOWS\SYSTEM32\VERSION.dll
0x00007ff857cd0000 - 0x00007ff857d01000 	C:\WINDOWS\System32\IMM32.DLL
0x00007ff84f600000 - 0x00007ff84f60c000 	C:\Program Files\Java\jdk-21\bin\vcruntime140_1.dll
0x00007fffb6720000 - 0x00007fffb67ae000 	C:\Program Files\Java\jdk-21\bin\msvcp140.dll
0x00007fffb6a20000 - 0x00007fffb7738000 	C:\Program Files\Java\jdk-21\bin\server\jvm.dll
0x00007ff857c50000 - 0x00007ff857cc1000 	C:\WINDOWS\System32\WS2_32.dll
0x00007ff8562a0000 - 0x00007ff8562ed000 	C:\WINDOWS\SYSTEM32\POWRPROF.dll
0x00007ff84e6d0000 - 0x00007ff84e704000 	C:\WINDOWS\SYSTEM32\WINMM.dll
0x00007ff856280000 - 0x00007ff856293000 	C:\WINDOWS\SYSTEM32\UMPDC.dll
0x00007ff855410000 - 0x00007ff855428000 	C:\WINDOWS\SYSTEM32\kernel.appcore.dll
0x00007ff84f5f0000 - 0x00007ff84f5fa000 	C:\Program Files\Java\jdk-21\bin\jimage.dll
0x00007ff853dd0000 - 0x00007ff854002000 	C:\WINDOWS\SYSTEM32\DBGHELP.DLL
0x00007ff858040000 - 0x00007ff8583cf000 	C:\WINDOWS\System32\combase.dll
0x00007ff8584f0000 - 0x00007ff8585c7000 	C:\WINDOWS\System32\OLEAUT32.dll
0x00007ff838f10000 - 0x00007ff838f42000 	C:\WINDOWS\SYSTEM32\dbgcore.DLL
0x00007ff856470000 - 0x00007ff8564eb000 	C:\WINDOWS\System32\bcryptPrimitives.dll
0x00007ff81e350000 - 0x00007ff81e36f000 	C:\Program Files\Java\jdk-21\bin\java.dll
0x00007ff8585d0000 - 0x00007ff858e48000 	C:\WINDOWS\System32\SHELL32.dll
0x00007ff854310000 - 0x00007ff854c18000 	C:\WINDOWS\SYSTEM32\windows.storage.dll
0x00007ff8541d0000 - 0x00007ff85430f000 	C:\WINDOWS\SYSTEM32\wintypes.dll
0x00007ff858ee0000 - 0x00007ff858fda000 	C:\WINDOWS\System32\SHCORE.dll
0x00007ff856e00000 - 0x00007ff856e5e000 	C:\WINDOWS\System32\shlwapi.dll
0x00007ff856300000 - 0x00007ff85632b000 	C:\WINDOWS\SYSTEM32\profapi.dll
0x00007fffb6940000 - 0x00007fffb6a17000 	C:\Program Files\Java\jdk-21\bin\jsvml.dll
0x00007ff81e340000 - 0x00007ff81e350000 	C:\Program Files\Java\jdk-21\bin\net.dll
0x00007ff851da0000 - 0x00007ff851ed6000 	C:\WINDOWS\SYSTEM32\WINHTTP.dll
0x00007ff855890000 - 0x00007ff8558f9000 	C:\WINDOWS\system32\mswsock.dll
0x00007ff81e320000 - 0x00007ff81e336000 	C:\Program Files\Java\jdk-21\bin\nio.dll
0x00007ff81e300000 - 0x00007ff81e318000 	C:\Program Files\Java\jdk-21\bin\zip.dll
0x0000025795fd0000 - 0x0000025795fd3000 	C:\Users\USER\.openjfx\cache\23.0.1+4\amd64\api-ms-win-core-console-l1-1-0.dll
0x0000025795fe0000 - 0x0000025795fe3000 	C:\Users\USER\.openjfx\cache\23.0.1+4\amd64\api-ms-win-core-console-l1-2-0.dll
0x0000025795ff0000 - 0x0000025795ff3000 	C:\Users\USER\.openjfx\cache\23.0.1+4\amd64\api-ms-win-core-datetime-l1-1-0.dll
0x0000025796000000 - 0x0000025796003000 	C:\Users\USER\.openjfx\cache\23.0.1+4\amd64\api-ms-win-core-debug-l1-1-0.dll
0x0000025796010000 - 0x0000025796013000 	C:\Users\USER\.openjfx\cache\23.0.1+4\amd64\api-ms-win-core-errorhandling-l1-1-0.dll
0x0000025796020000 - 0x0000025796024000 	C:\Users\USER\.openjfx\cache\23.0.1+4\amd64\api-ms-win-core-file-l1-1-0.dll
0x0000025796030000 - 0x0000025796033000 	C:\Users\USER\.openjfx\cache\23.0.1+4\amd64\api-ms-win-core-file-l1-2-0.dll
0x0000025796040000 - 0x0000025796043000 	C:\Users\USER\.openjfx\cache\23.0.1+4\amd64\api-ms-win-core-file-l2-1-0.dll
0x00000257b0e60000 - 0x00000257b0e63000 	C:\Users\USER\.openjfx\cache\23.0.1+4\amd64\api-ms-win-core-handle-l1-1-0.dll
0x00000257b0e70000 - 0x00000257b0e73000 	C:\Users\USER\.openjfx\cache\23.0.1+4\amd64\api-ms-win-core-heap-l1-1-0.dll
0x00000257b0e80000 - 0x00000257b0e83000 	C:\Users\USER\.openjfx\cache\23.0.1+4\amd64\api-ms-win-core-interlocked-l1-1-0.dll
0x00000257b0e90000 - 0x00000257b0e93000 	C:\Users\USER\.openjfx\cache\23.0.1+4\amd64\api-ms-win-core-libraryloader-l1-1-0.dll
0x00000257b0ea0000 - 0x00000257b0ea3000 	C:\Users\USER\.openjfx\cache\23.0.1+4\amd64\api-ms-win-core-localization-l1-2-0.dll
0x00000257b0eb0000 - 0x00000257b0eb3000 	C:\Users\USER\.openjfx\cache\23.0.1+4\amd64\api-ms-win-core-memory-l1-1-0.dll
0x00000257b0ec0000 - 0x00000257b0ec3000 	C:\Users\USER\.openjfx\cache\23.0.1+4\amd64\api-ms-win-core-namedpipe-l1-1-0.dll
0x00000257b0ed0000 - 0x00000257b0ed3000 	C:\Users\USER\.openjfx\cache\23.0.1+4\amd64\api-ms-win-core-processenvironment-l1-1-0.dll
0x00000257b0ee0000 - 0x00000257b0ee3000 	C:\Users\USER\.openjfx\cache\23.0.1+4\amd64\api-ms-win-core-processthreads-l1-1-0.dll
0x00000257b0ef0000 - 0x00000257b0ef3000 	C:\Users\USER\.openjfx\cache\23.0.1+4\amd64\api-ms-win-core-processthreads-l1-1-1.dll
0x00000257b0f00000 - 0x00000257b0f03000 	C:\Users\USER\.openjfx\cache\23.0.1+4\amd64\api-ms-win-core-profile-l1-1-0.dll
0x00000257b0f10000 - 0x00000257b0f13000 	C:\Users\USER\.openjfx\cache\23.0.1+4\amd64\api-ms-win-core-rtlsupport-l1-1-0.dll
0x00000257b0f20000 - 0x00000257b0f23000 	C:\Users\USER\.openjfx\cache\23.0.1+4\amd64\api-ms-win-core-string-l1-1-0.dll
0x00000257b0f30000 - 0x00000257b0f33000 	C:\Users\USER\.openjfx\cache\23.0.1+4\amd64\api-ms-win-core-synch-l1-1-0.dll
0x00000257b0f40000 - 0x00000257b0f43000 	C:\Users\USER\.openjfx\cache\23.0.1+4\amd64\api-ms-win-core-synch-l1-2-0.dll
0x00000257b0f50000 - 0x00000257b0f53000 	C:\Users\USER\.openjfx\cache\23.0.1+4\amd64\api-ms-win-core-sysinfo-l1-1-0.dll
0x00000257b0f60000 - 0x00000257b0f63000 	C:\Users\USER\.openjfx\cache\23.0.1+4\amd64\api-ms-win-core-timezone-l1-1-0.dll
0x00000257b0f70000 - 0x00000257b0f73000 	C:\Users\USER\.openjfx\cache\23.0.1+4\amd64\api-ms-win-core-util-l1-1-0.dll
0x00000257b0f80000 - 0x00000257b0f83000 	C:\Users\USER\.openjfx\cache\23.0.1+4\amd64\api-ms-win-crt-conio-l1-1-0.dll
0x00000257b0f90000 - 0x00000257b0f94000 	C:\Users\USER\.openjfx\cache\23.0.1+4\amd64\api-ms-win-crt-convert-l1-1-0.dll
0x00000257b0fa0000 - 0x00000257b0fa3000 	C:\Users\USER\.openjfx\cache\23.0.1+4\amd64\api-ms-win-crt-environment-l1-1-0.dll
0x00000257b0fb0000 - 0x00000257b0fb3000 	C:\Users\USER\.openjfx\cache\23.0.1+4\amd64\api-ms-win-crt-filesystem-l1-1-0.dll
0x00000257b0fc0000 - 0x00000257b0fc3000 	C:\Users\USER\.openjfx\cache\23.0.1+4\amd64\api-ms-win-crt-heap-l1-1-0.dll
0x00000257b0fd0000 - 0x00000257b0fd3000 	C:\Users\USER\.openjfx\cache\23.0.1+4\amd64\api-ms-win-crt-locale-l1-1-0.dll
0x00000257b0fe0000 - 0x00000257b0fe5000 	C:\Users\USER\.openjfx\cache\23.0.1+4\amd64\api-ms-win-crt-math-l1-1-0.dll
0x00000257b0ff0000 - 0x00000257b0ff5000 	C:\Users\USER\.openjfx\cache\23.0.1+4\amd64\api-ms-win-crt-multibyte-l1-1-0.dll
0x00000257f6c00000 - 0x00000257f6c10000 	C:\Users\USER\.openjfx\cache\23.0.1+4\amd64\api-ms-win-crt-private-l1-1-0.dll
0x00000257f6c10000 - 0x00000257f6c13000 	C:\Users\USER\.openjfx\cache\23.0.1+4\amd64\api-ms-win-crt-process-l1-1-0.dll
0x00000257f6c20000 - 0x00000257f6c24000 	C:\Users\USER\.openjfx\cache\23.0.1+4\amd64\api-ms-win-crt-runtime-l1-1-0.dll
0x00000257f6c30000 - 0x00000257f6c34000 	C:\Users\USER\.openjfx\cache\23.0.1+4\amd64\api-ms-win-crt-stdio-l1-1-0.dll
0x00000257f6c40000 - 0x00000257f6c44000 	C:\Users\USER\.openjfx\cache\23.0.1+4\amd64\api-ms-win-crt-string-l1-1-0.dll
0x00000257f6c50000 - 0x00000257f6c53000 	C:\Users\USER\.openjfx\cache\23.0.1+4\amd64\api-ms-win-crt-time-l1-1-0.dll
0x00000257f6c60000 - 0x00000257f6c63000 	C:\Users\USER\.openjfx\cache\23.0.1+4\amd64\api-ms-win-crt-utility-l1-1-0.dll
0x00007ff81eaf0000 - 0x00007ff81ebec000 	C:\Users\USER\.openjfx\cache\23.0.1+4\amd64\ucrtbase.dll
0x00007ff84f9a0000 - 0x00007ff84f9bb000 	C:\Users\USER\.openjfx\cache\23.0.1+4\amd64\vcruntime140.dll
0x00007ff84fc00000 - 0x00007ff84fc0c000 	C:\Users\USER\.openjfx\cache\23.0.1+4\amd64\vcruntime140_1.dll
0x00007ff81ee00000 - 0x00007ff81ee8e000 	C:\Users\USER\.openjfx\cache\23.0.1+4\amd64\msvcp140.dll
0x00007ff84f950000 - 0x00007ff84f959000 	C:\Users\USER\.openjfx\cache\23.0.1+4\amd64\msvcp140_1.dll
0x00007ff836330000 - 0x00007ff836371000 	C:\Users\USER\.openjfx\cache\23.0.1+4\amd64\msvcp140_2.dll
0x00007ff84f920000 - 0x00007ff84f950000 	C:\Users\USER\.openjfx\cache\23.0.1+4\amd64\prism_d3d.dll
0x00007ff800150000 - 0x00007ff8002f8000 	C:\WINDOWS\system32\d3d9.dll
0x00007ff8536a0000 - 0x00007ff8536cb000 	C:\WINDOWS\SYSTEM32\dwmapi.dll
0x00007ff853530000 - 0x00007ff853567000 	C:\WINDOWS\SYSTEM32\dxcore.dll
0x00007ff853410000 - 0x00007ff8534c1000 	C:\WINDOWS\system32\uxtheme.dll
0x00007fffc9c60000 - 0x00007fffc9ecf000 	C:\WINDOWS\System32\DriverStore\FileRepository\iigd_dch.inf_amd64_03e2a5c7c3b3fa7c\igdumdim64.dll
0x00007ff857820000 - 0x00007ff8579c5000 	C:\WINDOWS\System32\ole32.dll
0x00007fff92760000 - 0x00007fff93c83000 	C:\WINDOWS\System32\DriverStore\FileRepository\iigd_dch.inf_amd64_03e2a5c7c3b3fa7c\igd9dxva64.dll
0x00007ff857390000 - 0x00007ff857804000 	C:\WINDOWS\System32\SETUPAPI.dll
0x00007ff855fa0000 - 0x00007ff855fee000 	C:\WINDOWS\SYSTEM32\cfgmgr32.dll
0x00007ff8075e0000 - 0x00007ff80930b000 	C:\WINDOWS\System32\DriverStore\FileRepository\iigd_dch.inf_amd64_03e2a5c7c3b3fa7c\media_bin_64.dll
0x00007ff847b80000 - 0x00007ff847fbf000 	C:\WINDOWS\System32\DriverStore\FileRepository\iigd_dch.inf_amd64_03e2a5c7c3b3fa7c\igdgmm64.dll
0x00007ff84e2c0000 - 0x00007ff84e309000 	C:\WINDOWS\SYSTEM32\directxdatabasehelper.dll
0x00007ff82e0a0000 - 0x00007ff82e0e5000 	C:\Users\USER\.openjfx\cache\23.0.1+4\amd64\glass.dll
0x00007ff857d10000 - 0x00007ff857e10000 	C:\WINDOWS\System32\COMDLG32.dll
0x00007ff857ea0000 - 0x00007ff858001000 	C:\WINDOWS\System32\MSCTF.dll
0x00007ff80b7e0000 - 0x00007ff80b807000 	C:\WINDOWS\System32\DriverStore\FileRepository\iigd_dch.inf_amd64_03e2a5c7c3b3fa7c\igdinfo64.dll
0x00007ff855ae0000 - 0x00007ff855afb000 	C:\WINDOWS\SYSTEM32\CRYPTSP.dll
0x00007ff855370000 - 0x00007ff8553a5000 	C:\WINDOWS\system32\rsaenh.dll
0x00007ff855b00000 - 0x00007ff855b0c000 	C:\WINDOWS\SYSTEM32\CRYPTBASE.dll
0x00007ff848470000 - 0x00007ff848494000 	C:\WINDOWS\System32\DriverStore\FileRepository\iigd_dch.inf_amd64_03e2a5c7c3b3fa7c\igc64.dll
0x00007ff83f070000 - 0x00007ff8437db000 	C:\WINDOWS\System32\DriverStore\FileRepository\iigd_dch.inf_amd64_03e2a5c7c3b3fa7c\igc1464.dll
0x00007ff859000000 - 0x00007ff8590b0000 	C:\WINDOWS\System32\clbcatq.dll
0x00007ff84b4a0000 - 0x00007ff84b61d000 	C:\Windows\System32\Windows.UI.dll
0x00007ff847fc0000 - 0x00007ff848135000 	C:\Windows\System32\Windows.UI.Immersive.dll
0x00007ff84f8e0000 - 0x00007ff84f8f5000 	C:\Users\USER\.openjfx\cache\23.0.1+4\amd64\javafx_font.dll
0x00007ff850310000 - 0x00007ff850583000 	C:\WINDOWS\SYSTEM32\dwrite.dll
0x00007ff853230000 - 0x00007ff8533e0000 	C:\WINDOWS\SYSTEM32\WindowsCodecs.dll
0x00007ff824a30000 - 0x00007ff824a8e000 	C:\WINDOWS\system32\dataexchange.dll
0x00007ff84caf0000 - 0x00007ff84cd94000 	C:\WINDOWS\system32\twinapi.appcore.dll
0x00007ff84bd80000 - 0x00007ff84bdb2000 	C:\Program Files\Common Files\Microsoft Shared\Ink\rtscom.dll
0x00007ff8468b0000 - 0x00007ff8469f5000 	C:\WINDOWS\SYSTEM32\textinputframework.dll
0x00007ff851650000 - 0x00007ff851783000 	C:\WINDOWS\SYSTEM32\CoreMessaging.dll
0x00007ff84db70000 - 0x00007ff84dedd000 	C:\WINDOWS\SYSTEM32\CoreUIComponents.dll

dbghelp: loaded successfully - version: 4.0.5 - missing functions: none
symbol engine: initialized successfully - sym options: 0x614 - pdb path: .;C:\Program Files\Java\jdk-21\bin;C:\WINDOWS\SYSTEM32;C:\WINDOWS\WinSxS\amd64_microsoft.windows.common-controls_6595b64144ccf1df_6.0.22621.4541_none_2710d1c57384c085;C:\Program Files\Java\jdk-21\bin\server;C:\Users\USER\.openjfx\cache\23.0.1+4\amd64;C:\WINDOWS\System32\DriverStore\FileRepository\iigd_dch.inf_amd64_03e2a5c7c3b3fa7c;C:\Program Files\Common Files\Microsoft Shared\Ink

VM Arguments:
jvm_args: --module-path=C:\Users\USER\.m2\repository\org\openjfx\javafx-base\23.0.1\javafx-base-23.0.1-win.jar;C:\Users\USER\.m2\repository\org\openjfx\javafx-base\23.0.1\javafx-base-23.0.1.jar;C:\Users\USER\.m2\repository\org\openjfx\javafx-controls\23.0.1\javafx-controls-23.0.1-win.jar;C:\Users\USER\.m2\repository\org\openjfx\javafx-controls\23.0.1\javafx-controls-23.0.1.jar;C:\Users\USER\.m2\repository\org\openjfx\javafx-fxml\23.0.1\javafx-fxml-23.0.1-win.jar;C:\Users\USER\.m2\repository\org\openjfx\javafx-fxml\23.0.1\javafx-fxml-23.0.1.jar;C:\Users\USER\.m2\repository\org\openjfx\javafx-graphics\23.0.1\javafx-graphics-23.0.1-win.jar;C:\Users\USER\.m2\repository\org\openjfx\javafx-graphics\23.0.1\javafx-graphics-23.0.1.jar --add-modules=javafx.base,javafx.controls,javafx.fxml,javafx.graphics 
java_command: com.mycompany.java_farm.mainUi
java_class_path (initial): D:\FILE MEEEEE\SEMESTER 3\PBO\Java_farm\Java_farm\target\classes;C:\Users\USER\.m2\repository\au\com\dius\pact\core\pactbroker\4.6.15\pactbroker-4.6.15.jar;C:\Users\USER\.m2\repository\au\com\dius\pact\core\support\4.6.15\support-4.6.15.jar;C:\Users\USER\.m2\repository\com\github\mifmif\generex\1.0.2\generex-1.0.2.jar;C:\Users\USER\.m2\repository\com\google\code\findbugs\jsr305\3.0.2\jsr305-3.0.2.jar;C:\Users\USER\.m2\repository\com\google\errorprone\error_prone_annotations\2.11.0\error_prone_annotations-2.11.0.jar;C:\Users\USER\.m2\repository\com\google\guava\failureaccess\1.0.1\failureaccess-1.0.1.jar;C:\Users\USER\.m2\repository\com\google\guava\guava\31.1-jre\guava-31.1-jre.jar;C:\Users\USER\.m2\repository\com\google\guava\listenablefuture\9999.0-empty-to-avoid-conflict-with-guava\listenablefuture-9999.0-empty-to-avoid-conflict-with-guava.jar;C:\Users\USER\.m2\repository\com\google\j2objc\j2objc-annotations\1.3\j2objc-annotations-1.3.jar;C:\Users\USER\.m2\repository\com\google\protobuf\protobuf-java\3.21.9\protobuf-java-3.21.9.jar;C:\Users\USER\.m2\repository\com\mysql\mysql-connector-j\8.0.33\mysql-connector-j-8.0.33.jar;C:\Users\USER\.m2\repository\commons-codec\commons-codec\1.15\commons-codec-1.15.jar;C:\Users\USER\.m2\repository\dk\brics\automaton\automaton\1.11-8\automaton-1.11-8.jar;C:\Users\USER\.m2\repository\io\github\oshai\kotlin-logging-jvm\5.1.4\kotlin-logging-jvm-5.1.4.jar;C:\Users\USER\.m2\repository\org\apache\commons\commons-lang3\3.12.0\commons-lang3-3.12.0.jar;C:\Users\USER\.m2\repository\org\apache\commons\commons-text\1.10.0\commons-text-1.10.0.jar;C:\Users\USER\.m2\repository\org\apache\httpcomponents\client5\httpclient5\5.3.1\httpclient5-5.3.1.jar;C:\Users\USER\.m2\repository\org\apache\httpcomponents\client5\httpclient5-fluent\5.3.1\httpclient5-fluent-5.3.1.jar;C:\Users\USER\.m2\repository\org\apache\httpcomponents\core5\httpcore5\5.2.4\httpcore5-5.2.4.jar;C:\Users\USER\.m2\repository\org\apache\httpcomponents\core5\httpcore5-h2\5.2.4\httpcore5-h2-5.2.4.jar;C:\Users\USER\.m2\repository\org\checkerframework\checker-qual\3.12.0\checker-qual-3.12.0.jar;C:\Users\USER\.m2\repository\org\jetbrains\annotations\13.0\annotations-13.0.jar;C:\Users\USER\.m2\repository\org\jetbrains\kotlin\kotlin-reflect\1.8.22\kotlin-reflect-1.8.22.jar;C:\Users\USER\.m2\repository\org\jetbrains\kotlin\kotlin-stdlib\1.8.22\kotlin-stdlib-1.8.22.jar;C:\Users\USER\.m2\repository\org\jetbrains\kotlin\kotlin-stdlib-common\1.8.22\kotlin-stdlib-common-1.8.22.jar;C:\Users\USER\.m2\repository\org\jetbrains\kotlin\kotlin-stdlib-jdk7\1.8.22\kotlin-stdlib-jdk7-1.8.22.jar;C:\Users\USER\.m2\repository\org\jetbrains\kotlin\kotlin-stdlib-jdk8\1.8.22\kotlin-stdlib-jdk8-1.8.22.jar;C:\Users\USER\.m2\repository\org\slf4j\slf4j-api\1.7.36\slf4j-api-1.7.36.jar
Launcher Type: SUN_STANDARD

[Global flags]
     intx CICompilerCount                          = 3                                         {product} {ergonomic}
     uint ConcGCThreads                            = 1                                         {product} {ergonomic}
     uint G1ConcRefinementThreads                  = 4                                         {product} {ergonomic}
   size_t G1HeapRegionSize                         = 1048576                                   {product} {ergonomic}
    uintx GCDrainStackTargetSize                   = 64                                        {product} {ergonomic}
   size_t InitialHeapSize                          = 65011712                                  {product} {ergonomic}
   size_t MarkStackSize                            = 4194304                                   {product} {ergonomic}
   size_t MaxHeapSize                              = 1021313024                                {product} {ergonomic}
   size_t MaxNewSize                               = 612368384                                 {product} {ergonomic}
   size_t MinHeapDeltaBytes                        = 1048576                                   {product} {ergonomic}
   size_t MinHeapSize                              = 8388608                                   {product} {ergonomic}
    uintx NonNMethodCodeHeapSize                   = 5832780                                {pd product} {ergonomic}
    uintx NonProfiledCodeHeapSize                  = 122912730                              {pd product} {ergonomic}
    uintx ProfiledCodeHeapSize                     = 122912730                              {pd product} {ergonomic}
    uintx ReservedCodeCacheSize                    = 251658240                              {pd product} {ergonomic}
     bool SegmentedCodeCache                       = true                                      {product} {ergonomic}
   size_t SoftMaxHeapSize                          = 1021313024                             {manageable} {ergonomic}
     bool UseCompressedOops                        = true                           {product lp64_product} {ergonomic}
     bool UseG1GC                                  = true                                      {product} {ergonomic}
     bool UseLargePagesIndividualAllocation        = false                                  {pd product} {ergonomic}

Logging:
Log output configuration:
 #0: stdout all=warning uptime,level,tags foldmultilines=false
 #1: stderr all=off uptime,level,tags foldmultilines=false

Environment Variables:
JAVA_HOME=C:\Program Files\Java\jdk-21
PATH=C:\Program Files\Common Files\Oracle\Java\javapath;C:\WINDOWS\system32;C:\WINDOWS;C:\WINDOWS\System32\Wbem;C:\WINDOWS\System32\WindowsPowerShell\v1.0\;C:\WINDOWS\System32\OpenSSH\;C:\MinGW\bin;C:\Program Files\dotnet\;C:\Program Files\MySQL\MySQL Server 8.0\bin;C:\xampp\php;C:\Program Files\MATLAB\R2024b\bin;C:\Program Files\Java\jdk-23\bin;C:\Users\USER\Downloads\apache-ant-1.10.15-bin\bin;C:\Program Files\Java\javafx-sdk-23.0.1\bin;C:\Program Files\NetBeans-20\netbeans\java\maven;C:\Users\USER\Downloads\apache-maven-3.9.9-bin\apache-maven-3.9.9\bin;C:\Program Files\Java\jdk-21\bin;C:\Program Files\Java\javafx-sdk-21.0.5\bin;C:\Program Files\Java\jdk-21\bin;C:\Program Files\MySQL\MySQL Shell 8.0\bin\;C:\Users\USER\AppData\Local\Microsoft\WindowsApps;;C:\Users\USER\Documents\FILE MEEEEE\Microsoft VS Code\bin
USERNAME=USER
OS=Windows_NT
PROCESSOR_IDENTIFIER=Intel64 Family 6 Model 140 Stepping 1, GenuineIntel
TMP=C:\Users\USER\AppData\Local\Temp
TEMP=C:\Users\USER\AppData\Local\Temp




Periodic native trim disabled

---------------  S Y S T E M  ---------------

OS:
 Windows 11 , 64 bit Build 22621 (10.0.22621.4391)
OS uptime: 0 days 10:29 hours

CPU: total 4 (initial active 4) (2 cores per cpu, 2 threads per core) family 6 model 140 stepping 1 microcode 0x9a, cx8, cmov, fxsr, ht, mmx, 3dnowpref, sse, sse2, sse3, ssse3, sse4.1, sse4.2, popcnt, lzcnt, tsc, tscinvbit, avx, avx2, aes, erms, clmul, bmi1, bmi2, adx, avx512f, avx512dq, avx512cd, avx512bw, avx512vl, sha, fma, vzeroupper, avx512_vpopcntdq, avx512_vpclmulqdq, avx512_vaes, avx512_vnni, clflush, clflushopt, clwb, avx512_vbmi2, avx512_vbmi, rdtscp, rdpid, fsrm, gfni, avx512_bitalg, f16c, pku, cet_ibt, cet_ss, avx512_ifma
Processor Information for all 4 processors :
  Max Mhz: 2995, Current Mhz: 2995, Mhz Limit: 2995

Memory: 4k page, system-wide physical 3895M (125M free)
TotalPageFile size 15671M (AvailPageFile size 0M)
current process WorkingSet (physical memory assigned to process): 241M, peak: 244M
current process commit charge ("private bytes"): 297M, peak: 298M

vm_info: Java HotSpot(TM) 64-Bit Server VM (21.0.5+9-LTS-239) for windows-amd64 JRE (21.0.5+9-LTS-239), built on 2024-09-30T05:17:38Z by "mach5one" with MS VC++ 17.6 (VS2022)

END.
