#
# There is insufficient memory for the Java Runtime Environment to continue.
# Native memory allocation (mmap) failed to map 99614720 bytes for G1 virtual space
# Possible reasons:
#   The system is out of physical RAM or swap space
#   The process is running with CompressedOops enabled, and the Java Heap may be blocking the growth of the native heap
# Possible solutions:
#   Reduce memory load on the system
#   Increase physical memory or swap space
#   Check if swap backing store is full
#   Decrease Java heap size (-Xmx/-Xms)
#   Decrease number of Java threads
#   Decrease Java thread stack sizes (-Xss)
#   Set larger code cache with -XX:ReservedCodeCacheSize=
#   JVM is running with Unscaled Compressed Oops mode in which the Java heap is
#     placed in the first 4GB address space. The Java Heap base address is the
#     maximum limit for the native heap growth. Please use -XX:HeapBaseMinAddress
#     to set the Java Heap base and to place the Java Heap above 4GB virtual address.
# This output file may be truncated or incomplete.
#
#  Out of Memory Error (os_windows.cpp:3600), pid=17468, tid=6268
#
# JRE version: Java(TM) SE Runtime Environment (21.0.5+9) (build 21.0.5+9-LTS-239)
# Java VM: Java HotSpot(TM) 64-Bit Server VM (21.0.5+9-LTS-239, mixed mode, sharing, tiered, compressed oops, compressed class ptrs, g1 gc, windows-amd64)
# No core dump will be written. Minidumps are not enabled by default on client versions of Windows
#

---------------  S U M M A R Y ------------

Command Line: --module-path=C:\Users\USER\.m2\repository\org\openjfx\javafx-base\23.0.1\javafx-base-23.0.1-win.jar;C:\Users\USER\.m2\repository\org\openjfx\javafx-base\23.0.1\javafx-base-23.0.1.jar;C:\Users\USER\.m2\repository\org\openjfx\javafx-controls\23.0.1\javafx-controls-23.0.1-win.jar;C:\Users\USER\.m2\repository\org\openjfx\javafx-controls\23.0.1\javafx-controls-23.0.1.jar;C:\Users\USER\.m2\repository\org\openjfx\javafx-fxml\23.0.1\javafx-fxml-23.0.1-win.jar;C:\Users\USER\.m2\repository\org\openjfx\javafx-fxml\23.0.1\javafx-fxml-23.0.1.jar;C:\Users\USER\.m2\repository\org\openjfx\javafx-graphics\23.0.1\javafx-graphics-23.0.1-win.jar;C:\Users\USER\.m2\repository\org\openjfx\javafx-graphics\23.0.1\javafx-graphics-23.0.1.jar --add-modules=javafx.base,javafx.controls,javafx.fxml,javafx.graphics com.mycompany.java_farm.mainUi

Host: 11th Gen Intel(R) Core(TM) i3-1115G4 @ 3.00GHz, 4 cores, 3G,  Windows 11 , 64 bit Build 22621 (10.0.22621.4391)
Time: Sat Dec 14 14:38:20 2024 SE Asia Standard Time elapsed time: 51.673021 seconds (0d 0h 0m 51s)

---------------  T H R E A D  ---------------

Current thread (0x000001bb647b8b40):  VMThread "VM Thread"          [id=6268, stack(0x0000001ac4f00000,0x0000001ac5000000) (1024K)]

Stack: [0x0000001ac4f00000,0x0000001ac5000000]
Native frames: (J=compiled Java code, j=interpreted, Vv=VM code, C=native code)
V  [jvm.dll+0x6ca289]
V  [jvm.dll+0x854a51]
V  [jvm.dll+0x856f7e]
V  [jvm.dll+0x857653]
V  [jvm.dll+0x27dd26]
V  [jvm.dll+0x6c6a25]
V  [jvm.dll+0x6bb5aa]
V  [jvm.dll+0x35359a]
V  [jvm.dll+0x35b1f6]
V  [jvm.dll+0x3adade]
V  [jvm.dll+0x3add88]
V  [jvm.dll+0x3278fc]
V  [jvm.dll+0x32a156]
V  [jvm.dll+0x334108]
V  [jvm.dll+0x36a3f5]
V  [jvm.dll+0x85d420]
V  [jvm.dll+0x85e7a4]
V  [jvm.dll+0x85ece0]
V  [jvm.dll+0x85ef83]
V  [jvm.dll+0x7fee9b]
V  [jvm.dll+0x6c896d]
C  [ucrtbase.dll+0x29333]
C  [KERNEL32.DLL+0x1259d]
C  [ntdll.dll+0x5af38]

VM_Operation (0x0000001ac4affa10): G1PauseRemark, mode: safepoint, requested by thread 0x000001bb6473b5d0


---------------  P R O C E S S  ---------------

Threads class SMR info:
_java_thread_list=0x000001bb7f886af0, length=19, elements={
0x000001bb62473d80, 0x000001bb7f300f40, 0x000001bb7f301e00, 0x000001bb7f306780,
0x000001bb7f307580, 0x000001bb7f30a880, 0x000001bb7f30b5b0, 0x000001bb7f3102e0,
0x000001bb7f30dd60, 0x000001bb7f5144e0, 0x000001bb7f68d0b0, 0x000001bb45205300,
0x000001bb45414410, 0x000001bb4544a190, 0x000001bb4568d0e0, 0x000001bb4574f700,
0x000001bb4b001540, 0x000001bb4b48ffa0, 0x000001bb7f3989d0
}

Java Threads: ( => current thread )
  0x000001bb62473d80 JavaThread "main"                              [_thread_blocked, id=15932, stack(0x0000001ac4800000,0x0000001ac4900000) (1024K)]
  0x000001bb7f300f40 JavaThread "Reference Handler"          daemon [_thread_blocked, id=16628, stack(0x0000001ac5000000,0x0000001ac5100000) (1024K)]
  0x000001bb7f301e00 JavaThread "Finalizer"                  daemon [_thread_blocked, id=9304, stack(0x0000001ac5100000,0x0000001ac5200000) (1024K)]
  0x000001bb7f306780 JavaThread "Signal Dispatcher"          daemon [_thread_blocked, id=7576, stack(0x0000001ac5200000,0x0000001ac5300000) (1024K)]
  0x000001bb7f307580 JavaThread "Attach Listener"            daemon [_thread_blocked, id=17648, stack(0x0000001ac5300000,0x0000001ac5400000) (1024K)]
  0x000001bb7f30a880 JavaThread "Service Thread"             daemon [_thread_blocked, id=16004, stack(0x0000001ac5400000,0x0000001ac5500000) (1024K)]
  0x000001bb7f30b5b0 JavaThread "Monitor Deflation Thread"   daemon [_thread_blocked, id=17544, stack(0x0000001ac5500000,0x0000001ac5600000) (1024K)]
  0x000001bb7f3102e0 JavaThread "C2 CompilerThread0"         daemon [_thread_blocked, id=2308, stack(0x0000001ac5600000,0x0000001ac5700000) (1024K)]
  0x000001bb7f30dd60 JavaThread "C1 CompilerThread0"         daemon [_thread_blocked, id=12356, stack(0x0000001ac5700000,0x0000001ac5800000) (1024K)]
  0x000001bb7f5144e0 JavaThread "Common-Cleaner"             daemon [_thread_blocked, id=17712, stack(0x0000001ac5800000,0x0000001ac5900000) (1024K)]
  0x000001bb7f68d0b0 JavaThread "Notification Thread"        daemon [_thread_blocked, id=6208, stack(0x0000001ac5900000,0x0000001ac5a00000) (1024K)]
  0x000001bb45205300 JavaThread "QuantumRenderer-0"          daemon [_thread_blocked, id=1328, stack(0x0000001ac5d00000,0x0000001ac5e00000) (1024K)]
  0x000001bb45414410 JavaThread "InvokeLaterDispatcher"      daemon [_thread_blocked, id=4724, stack(0x0000001ac5e00000,0x0000001ac5f00000) (1024K)]
  0x000001bb4544a190 JavaThread "JavaFX Application Thread"         [_thread_blocked, id=18424, stack(0x0000001ac5f00000,0x0000001ac6000000) (1024K)]
  0x000001bb4568d0e0 JavaThread "JavaFX-Launcher"                   [_thread_blocked, id=11508, stack(0x0000001ac6400000,0x0000001ac6500000) (1024K)]
  0x000001bb4574f700 JavaThread "Thread-2"                   daemon [_thread_blocked, id=17628, stack(0x0000001ac6300000,0x0000001ac6400000) (1024K)]
  0x000001bb4b001540 JavaThread "Prism Font Disposer"        daemon [_thread_blocked, id=8744, stack(0x0000001ac6500000,0x0000001ac6600000) (1024K)]
  0x000001bb4b48ffa0 JavaThread "Cleaner-0"                  daemon [_thread_blocked, id=18404, stack(0x0000001ac6c00000,0x0000001ac6d00000) (1024K)]
  0x000001bb7f3989d0 JavaThread "mysql-cj-abandoned-connection-cleanup" daemon [_thread_blocked, id=17048, stack(0x0000001ac6d00000,0x0000001ac6e00000) (1024K)]
Total: 19

Other Threads:
=>0x000001bb647b8b40 VMThread "VM Thread"                           [id=6268, stack(0x0000001ac4f00000,0x0000001ac5000000) (1024K)]
  0x000001bb7f2ed3a0 WatcherThread "VM Periodic Task Thread"        [id=17736, stack(0x0000001ac4e00000,0x0000001ac4f00000) (1024K)]
  0x000001bb64732420 WorkerThread "GC Thread#0"                     [id=17908, stack(0x0000001ac4900000,0x0000001ac4a00000) (1024K)]
  0x000001bb7f6b95a0 WorkerThread "GC Thread#1"                     [id=18312, stack(0x0000001ac5a00000,0x0000001ac5b00000) (1024K)]
  0x000001bb45292710 WorkerThread "GC Thread#2"                     [id=15824, stack(0x0000001ac5b00000,0x0000001ac5c00000) (1024K)]
  0x000001bb45292ab0 WorkerThread "GC Thread#3"                     [id=17160, stack(0x0000001ac5c00000,0x0000001ac5d00000) (1024K)]
  0x000001bb6473b5d0 ConcurrentGCThread "G1 Main Marker"            [id=17460, stack(0x0000001ac4a00000,0x0000001ac4b00000) (1024K)]
  0x000001bb6473c280 WorkerThread "G1 Conc#0"                       [id=13124, stack(0x0000001ac4b00000,0x0000001ac4c00000) (1024K)]
  0x000001bb64798b00 ConcurrentGCThread "G1 Refine#0"               [id=18308, stack(0x0000001ac4c00000,0x0000001ac4d00000) (1024K)]
  0x000001bb64799670 ConcurrentGCThread "G1 Service"                [id=10412, stack(0x0000001ac4d00000,0x0000001ac4e00000) (1024K)]
Total: 10

Threads with active compile tasks:
Total: 0

VM state: at safepoint (normal execution)

VM Mutex/Monitor currently owned by a thread:  ([mutex/lock_event])
[0x00007ff9015cbe98] Threads_lock - owner thread: 0x000001bb647b8b40
[0x00007ff9015cbf98] Heap_lock - owner thread: 0x000001bb6473b5d0

Heap address: 0x00000000c3200000, size: 974 MB, Compressed Oops mode: 32-bit

CDS archive(s) mapped at: [0x000001bb00000000-0x000001bb00c90000-0x000001bb00c90000), size 13172736, SharedBaseAddress: 0x000001bb00000000, ArchiveRelocationMode: 1.
Compressed class space mapped at: 0x000001bb01000000-0x000001bb41000000, reserved size: 1073741824
Narrow klass base: 0x000001bb00000000, Narrow klass shift: 0, Narrow klass range: 0x100000000

GC Precious Log:
 CardTable entry size: 512
 Card Set container configuration: InlinePtr #cards 5 size 8 Array Of Cards #cards 12 size 40 Howl #buckets 4 coarsen threshold 1843 Howl Bitmap #cards 512 size 80 coarsen threshold 460 Card regions per heap region 1 cards per card region 2048
 CPUs: 4 total, 4 available
 Memory: 3895M
 Large Page Support: Disabled
 NUMA Support: Disabled
 Compressed Oops: Enabled (32-bit)
 Heap Region Size: 1M
 Heap Min Capacity: 8M
 Heap Initial Capacity: 62M
 Heap Max Capacity: 974M
 Pre-touch: Disabled
 Parallel Workers: 4
 Concurrent Workers: 1
 Concurrent Refinement Workers: 4
 Periodic GC: Disabled

Heap:
 garbage-first heap   total 201728K, used 176899K [0x00000000c3200000, 0x0000000100000000)
  region size 1024K, 2 young (2048K), 1 survivors (1024K)
 Metaspace       used 23327K, committed 23680K, reserved 1114112K
  class space    used 3181K, committed 3328K, reserved 1048576K

Heap Regions: E=young(eden), S=young(survivor), O=old, HS=humongous(starts), HC=humongous(continues), CS=collection set, F=free, TAMS=top-at-mark-start, PB=parsable bottom
|   0|0x00000000c3200000, 0x00000000c3300000, 0x00000000c3300000|100%| O|  |TAMS 0x00000000c3300000| PB 0x00000000c3300000| Untracked 
|   1|0x00000000c3300000, 0x00000000c3400000, 0x00000000c3400000|100%| O|  |TAMS 0x00000000c3400000| PB 0x00000000c3400000| Untracked 
|   2|0x00000000c3400000, 0x00000000c3500000, 0x00000000c3500000|100%| O|  |TAMS 0x00000000c3500000| PB 0x00000000c3500000| Untracked 
|   3|0x00000000c3500000, 0x00000000c3600000, 0x00000000c3600000|100%| O|  |TAMS 0x00000000c3600000| PB 0x00000000c3600000| Untracked 
|   4|0x00000000c3600000, 0x00000000c3700000, 0x00000000c3700000|100%| O|  |TAMS 0x00000000c3700000| PB 0x00000000c3700000| Untracked 
|   5|0x00000000c3700000, 0x00000000c3800000, 0x00000000c3800000|100%| O|  |TAMS 0x00000000c3800000| PB 0x00000000c3800000| Untracked 
|   6|0x00000000c3800000, 0x00000000c3900000, 0x00000000c3900000|100%| O|  |TAMS 0x00000000c3900000| PB 0x00000000c3900000| Untracked 
|   7|0x00000000c3900000, 0x00000000c3a00000, 0x00000000c3a00000|100%| O|  |TAMS 0x00000000c3a00000| PB 0x00000000c3a00000| Untracked 
|   8|0x00000000c3a00000, 0x00000000c3b00000, 0x00000000c3b00000|100%| O|  |TAMS 0x00000000c3b00000| PB 0x00000000c3b00000| Updating 
|   9|0x00000000c3b00000, 0x00000000c3c00000, 0x00000000c3c00000|100%|HS|  |TAMS 0x00000000c3c00000| PB 0x00000000c3b00000| Complete 
|  10|0x00000000c3c00000, 0x00000000c3d00000, 0x00000000c3d00000|100%|HC|  |TAMS 0x00000000c3d00000| PB 0x00000000c3c00000| Complete 
|  11|0x00000000c3d00000, 0x00000000c3e00000, 0x00000000c3e00000|100%|HS|  |TAMS 0x00000000c3e00000| PB 0x00000000c3d00000| Complete 
|  12|0x00000000c3e00000, 0x00000000c3f00000, 0x00000000c3f00000|100%|HC|  |TAMS 0x00000000c3f00000| PB 0x00000000c3e00000| Complete 
|  13|0x00000000c3f00000, 0x00000000c4000000, 0x00000000c4000000|100%|HS|  |TAMS 0x00000000c4000000| PB 0x00000000c3f00000| Complete 
|  14|0x00000000c4000000, 0x00000000c4100000, 0x00000000c4100000|100%|HC|  |TAMS 0x00000000c4100000| PB 0x00000000c4000000| Complete 
|  15|0x00000000c4100000, 0x00000000c4200000, 0x00000000c4200000|100%|HS|  |TAMS 0x00000000c4200000| PB 0x00000000c4100000| Complete 
|  16|0x00000000c4200000, 0x00000000c4300000, 0x00000000c4300000|100%|HC|  |TAMS 0x00000000c4300000| PB 0x00000000c4200000| Complete 
|  17|0x00000000c4300000, 0x00000000c4400000, 0x00000000c4400000|100%| O|  |TAMS 0x00000000c4400000| PB 0x00000000c4400000| Untracked 
|  18|0x00000000c4400000, 0x00000000c4500000, 0x00000000c4500000|100%| O|  |TAMS 0x00000000c4500000| PB 0x00000000c4500000| Untracked 
|  19|0x00000000c4500000, 0x00000000c4600000, 0x00000000c4600000|100%| O|  |TAMS 0x00000000c4600000| PB 0x00000000c4600000| Untracked 
|  20|0x00000000c4600000, 0x00000000c4700000, 0x00000000c4700000|100%| O|  |TAMS 0x00000000c4700000| PB 0x00000000c4700000| Untracked 
|  21|0x00000000c4700000, 0x00000000c4800000, 0x00000000c4800000|100%| O|  |TAMS 0x00000000c4700000| PB 0x00000000c4700000| Untracked 
|  22|0x00000000c4800000, 0x00000000c4800000, 0x00000000c4900000|  0%| F|  |TAMS 0x00000000c4800000| PB 0x00000000c4800000| Untracked 
|  23|0x00000000c4900000, 0x00000000c4900000, 0x00000000c4a00000|  0%| F|  |TAMS 0x00000000c4900000| PB 0x00000000c4900000| Untracked 
|  24|0x00000000c4a00000, 0x00000000c4a00000, 0x00000000c4b00000|  0%| F|  |TAMS 0x00000000c4a00000| PB 0x00000000c4a00000| Untracked 
|  25|0x00000000c4b00000, 0x00000000c4b00000, 0x00000000c4c00000|  0%| F|  |TAMS 0x00000000c4b00000| PB 0x00000000c4b00000| Untracked 
|  26|0x00000000c4c00000, 0x00000000c4c00000, 0x00000000c4d00000|  0%| F|  |TAMS 0x00000000c4c00000| PB 0x00000000c4c00000| Untracked 
|  27|0x00000000c4d00000, 0x00000000c4d00000, 0x00000000c4e00000|  0%| F|  |TAMS 0x00000000c4d00000| PB 0x00000000c4d00000| Untracked 
|  28|0x00000000c4e00000, 0x00000000c4e00000, 0x00000000c4f00000|  0%| F|  |TAMS 0x00000000c4e00000| PB 0x00000000c4e00000| Untracked 
|  29|0x00000000c4f00000, 0x00000000c4f00000, 0x00000000c5000000|  0%| F|  |TAMS 0x00000000c4f00000| PB 0x00000000c4f00000| Untracked 
|  30|0x00000000c5000000, 0x00000000c5000000, 0x00000000c5100000|  0%| F|  |TAMS 0x00000000c5000000| PB 0x00000000c5000000| Untracked 
|  31|0x00000000c5100000, 0x00000000c5100000, 0x00000000c5200000|  0%| F|  |TAMS 0x00000000c5100000| PB 0x00000000c5100000| Untracked 
|  32|0x00000000c5200000, 0x00000000c5200000, 0x00000000c5300000|  0%| F|  |TAMS 0x00000000c5200000| PB 0x00000000c5200000| Untracked 
|  33|0x00000000c5300000, 0x00000000c5300000, 0x00000000c5400000|  0%| F|  |TAMS 0x00000000c5300000| PB 0x00000000c5300000| Untracked 
|  34|0x00000000c5400000, 0x00000000c5400000, 0x00000000c5500000|  0%| F|  |TAMS 0x00000000c5400000| PB 0x00000000c5400000| Untracked 
|  35|0x00000000c5500000, 0x00000000c5500000, 0x00000000c5600000|  0%| F|  |TAMS 0x00000000c5500000| PB 0x00000000c5500000| Untracked 
|  36|0x00000000c5600000, 0x00000000c5600000, 0x00000000c5700000|  0%| F|  |TAMS 0x00000000c5600000| PB 0x00000000c5600000| Untracked 
|  37|0x00000000c5700000, 0x00000000c5700000, 0x00000000c5800000|  0%| F|  |TAMS 0x00000000c5700000| PB 0x00000000c5700000| Untracked 
|  38|0x00000000c5800000, 0x00000000c5800000, 0x00000000c5900000|  0%| F|  |TAMS 0x00000000c5800000| PB 0x00000000c5800000| Untracked 
|  39|0x00000000c5900000, 0x00000000c5900000, 0x00000000c5a00000|  0%| F|  |TAMS 0x00000000c5900000| PB 0x00000000c5900000| Untracked 
|  40|0x00000000c5a00000, 0x00000000c5a00000, 0x00000000c5b00000|  0%| F|  |TAMS 0x00000000c5a00000| PB 0x00000000c5a00000| Untracked 
|  41|0x00000000c5b00000, 0x00000000c5b00000, 0x00000000c5c00000|  0%| F|  |TAMS 0x00000000c5b00000| PB 0x00000000c5b00000| Untracked 
|  42|0x00000000c5c00000, 0x00000000c5d00000, 0x00000000c5d00000|100%|HS|  |TAMS 0x00000000c5d00000| PB 0x00000000c5c00000| Complete 
|  43|0x00000000c5d00000, 0x00000000c5e00000, 0x00000000c5e00000|100%|HC|  |TAMS 0x00000000c5e00000| PB 0x00000000c5d00000| Complete 
|  44|0x00000000c5e00000, 0x00000000c5f00000, 0x00000000c5f00000|100%|HS|  |TAMS 0x00000000c5f00000| PB 0x00000000c5e00000| Complete 
|  45|0x00000000c5f00000, 0x00000000c6000000, 0x00000000c6000000|100%|HC|  |TAMS 0x00000000c6000000| PB 0x00000000c5f00000| Complete 
|  46|0x00000000c6000000, 0x00000000c6100000, 0x00000000c6100000|100%|HS|  |TAMS 0x00000000c6100000| PB 0x00000000c6000000| Complete 
|  47|0x00000000c6100000, 0x00000000c6200000, 0x00000000c6200000|100%|HC|  |TAMS 0x00000000c6200000| PB 0x00000000c6100000| Complete 
|  48|0x00000000c6200000, 0x00000000c6300000, 0x00000000c6300000|100%|HS|  |TAMS 0x00000000c6300000| PB 0x00000000c6200000| Complete 
|  49|0x00000000c6300000, 0x00000000c6400000, 0x00000000c6400000|100%|HC|  |TAMS 0x00000000c6400000| PB 0x00000000c6300000| Complete 
|  50|0x00000000c6400000, 0x00000000c6500000, 0x00000000c6500000|100%|HS|  |TAMS 0x00000000c6500000| PB 0x00000000c6400000| Complete 
|  51|0x00000000c6500000, 0x00000000c6600000, 0x00000000c6600000|100%|HC|  |TAMS 0x00000000c6600000| PB 0x00000000c6500000| Complete 
|  52|0x00000000c6600000, 0x00000000c6700000, 0x00000000c6700000|100%|HS|  |TAMS 0x00000000c6700000| PB 0x00000000c6600000| Complete 
|  53|0x00000000c6700000, 0x00000000c6800000, 0x00000000c6800000|100%|HC|  |TAMS 0x00000000c6800000| PB 0x00000000c6700000| Complete 
|  54|0x00000000c6800000, 0x00000000c6900000, 0x00000000c6900000|100%|HS|  |TAMS 0x00000000c6900000| PB 0x00000000c6800000| Complete 
|  55|0x00000000c6900000, 0x00000000c6a00000, 0x00000000c6a00000|100%|HC|  |TAMS 0x00000000c6a00000| PB 0x00000000c6900000| Complete 
|  56|0x00000000c6a00000, 0x00000000c6b00000, 0x00000000c6b00000|100%|HC|  |TAMS 0x00000000c6b00000| PB 0x00000000c6a00000| Complete 
|  57|0x00000000c6b00000, 0x00000000c6c00000, 0x00000000c6c00000|100%|HC|  |TAMS 0x00000000c6c00000| PB 0x00000000c6b00000| Complete 
|  58|0x00000000c6c00000, 0x00000000c6d00000, 0x00000000c6d00000|100%|HS|  |TAMS 0x00000000c6d00000| PB 0x00000000c6c00000| Complete 
|  59|0x00000000c6d00000, 0x00000000c6e00000, 0x00000000c6e00000|100%|HC|  |TAMS 0x00000000c6e00000| PB 0x00000000c6d00000| Complete 
|  60|0x00000000c6e00000, 0x00000000c6f00000, 0x00000000c6f00000|100%|HS|  |TAMS 0x00000000c6f00000| PB 0x00000000c6e00000| Complete 
|  61|0x00000000c6f00000, 0x00000000c7000000, 0x00000000c7000000|100%|HS|  |TAMS 0x00000000c7000000| PB 0x00000000c6f00000| Complete 
|  62|0x00000000c7000000, 0x00000000c7100000, 0x00000000c7100000|100%|HC|  |TAMS 0x00000000c7100000| PB 0x00000000c7000000| Complete 
|  63|0x00000000c7100000, 0x00000000c7200000, 0x00000000c7200000|100%|HS|  |TAMS 0x00000000c7200000| PB 0x00000000c7100000| Complete 
|  64|0x00000000c7200000, 0x00000000c7300000, 0x00000000c7300000|100%|HC|  |TAMS 0x00000000c7300000| PB 0x00000000c7200000| Complete 
|  65|0x00000000c7300000, 0x00000000c7400000, 0x00000000c7400000|100%|HS|  |TAMS 0x00000000c7400000| PB 0x00000000c7300000| Complete 
|  66|0x00000000c7400000, 0x00000000c7500000, 0x00000000c7500000|100%|HC|  |TAMS 0x00000000c7500000| PB 0x00000000c7400000| Complete 
|  67|0x00000000c7500000, 0x00000000c7600000, 0x00000000c7600000|100%|HS|  |TAMS 0x00000000c7600000| PB 0x00000000c7500000| Complete 
|  68|0x00000000c7600000, 0x00000000c7700000, 0x00000000c7700000|100%|HC|  |TAMS 0x00000000c7700000| PB 0x00000000c7600000| Complete 
|  69|0x00000000c7700000, 0x00000000c7800000, 0x00000000c7800000|100%|HS|  |TAMS 0x00000000c7800000| PB 0x00000000c7700000| Complete 
|  70|0x00000000c7800000, 0x00000000c7900000, 0x00000000c7900000|100%|HC|  |TAMS 0x00000000c7900000| PB 0x00000000c7800000| Complete 
|  71|0x00000000c7900000, 0x00000000c7a00000, 0x00000000c7a00000|100%|HC|  |TAMS 0x00000000c7a00000| PB 0x00000000c7900000| Complete 
|  72|0x00000000c7a00000, 0x00000000c7b00000, 0x00000000c7b00000|100%|HC|  |TAMS 0x00000000c7b00000| PB 0x00000000c7a00000| Complete 
|  73|0x00000000c7b00000, 0x00000000c7c00000, 0x00000000c7c00000|100%|HS|  |TAMS 0x00000000c7c00000| PB 0x00000000c7b00000| Complete 
|  74|0x00000000c7c00000, 0x00000000c7d00000, 0x00000000c7d00000|100%|HC|  |TAMS 0x00000000c7d00000| PB 0x00000000c7c00000| Complete 
|  75|0x00000000c7d00000, 0x00000000c7e00000, 0x00000000c7e00000|100%|HS|  |TAMS 0x00000000c7e00000| PB 0x00000000c7d00000| Complete 
|  76|0x00000000c7e00000, 0x00000000c7f00000, 0x00000000c7f00000|100%|HS|  |TAMS 0x00000000c7f00000| PB 0x00000000c7e00000| Complete 
|  77|0x00000000c7f00000, 0x00000000c8000000, 0x00000000c8000000|100%|HC|  |TAMS 0x00000000c8000000| PB 0x00000000c7f00000| Complete 
|  78|0x00000000c8000000, 0x00000000c8100000, 0x00000000c8100000|100%|HS|  |TAMS 0x00000000c8100000| PB 0x00000000c8000000| Complete 
|  79|0x00000000c8100000, 0x00000000c8200000, 0x00000000c8200000|100%|HC|  |TAMS 0x00000000c8200000| PB 0x00000000c8100000| Complete 
|  80|0x00000000c8200000, 0x00000000c8300000, 0x00000000c8300000|100%|HS|  |TAMS 0x00000000c8300000| PB 0x00000000c8200000| Complete 
|  81|0x00000000c8300000, 0x00000000c8400000, 0x00000000c8400000|100%|HC|  |TAMS 0x00000000c8400000| PB 0x00000000c8300000| Complete 
|  82|0x00000000c8400000, 0x00000000c8500000, 0x00000000c8500000|100%|HC|  |TAMS 0x00000000c8500000| PB 0x00000000c8400000| Complete 
|  83|0x00000000c8500000, 0x00000000c8600000, 0x00000000c8600000|100%|HC|  |TAMS 0x00000000c8600000| PB 0x00000000c8500000| Complete 
|  84|0x00000000c8600000, 0x00000000c8700000, 0x00000000c8700000|100%|HS|  |TAMS 0x00000000c8700000| PB 0x00000000c8600000| Complete 
|  85|0x00000000c8700000, 0x00000000c8800000, 0x00000000c8800000|100%|HC|  |TAMS 0x00000000c8800000| PB 0x00000000c8700000| Complete 
|  86|0x00000000c8800000, 0x00000000c8900000, 0x00000000c8900000|100%|HS|  |TAMS 0x00000000c8900000| PB 0x00000000c8800000| Complete 
|  87|0x00000000c8900000, 0x00000000c8a00000, 0x00000000c8a00000|100%|HC|  |TAMS 0x00000000c8a00000| PB 0x00000000c8900000| Complete 
|  88|0x00000000c8a00000, 0x00000000c8b00000, 0x00000000c8b00000|100%|HS|  |TAMS 0x00000000c8b00000| PB 0x00000000c8a00000| Complete 
|  89|0x00000000c8b00000, 0x00000000c8c00000, 0x00000000c8c00000|100%|HC|  |TAMS 0x00000000c8c00000| PB 0x00000000c8b00000| Complete 
|  90|0x00000000c8c00000, 0x00000000c8d00000, 0x00000000c8d00000|100%|HS|  |TAMS 0x00000000c8d00000| PB 0x00000000c8c00000| Complete 
|  91|0x00000000c8d00000, 0x00000000c8e00000, 0x00000000c8e00000|100%|HC|  |TAMS 0x00000000c8e00000| PB 0x00000000c8d00000| Complete 
|  92|0x00000000c8e00000, 0x00000000c8f00000, 0x00000000c8f00000|100%|HS|  |TAMS 0x00000000c8f00000| PB 0x00000000c8e00000| Complete 
|  93|0x00000000c8f00000, 0x00000000c9000000, 0x00000000c9000000|100%|HC|  |TAMS 0x00000000c9000000| PB 0x00000000c8f00000| Complete 
|  94|0x00000000c9000000, 0x00000000c9100000, 0x00000000c9100000|100%|HS|  |TAMS 0x00000000c9100000| PB 0x00000000c9000000| Complete 
|  95|0x00000000c9100000, 0x00000000c9200000, 0x00000000c9200000|100%|HC|  |TAMS 0x00000000c9200000| PB 0x00000000c9100000| Complete 
|  96|0x00000000c9200000, 0x00000000c9300000, 0x00000000c9300000|100%|HS|  |TAMS 0x00000000c9300000| PB 0x00000000c9200000| Complete 
|  97|0x00000000c9300000, 0x00000000c9400000, 0x00000000c9400000|100%|HC|  |TAMS 0x00000000c9400000| PB 0x00000000c9300000| Complete 
|  98|0x00000000c9400000, 0x00000000c9500000, 0x00000000c9500000|100%|HS|  |TAMS 0x00000000c9500000| PB 0x00000000c9400000| Complete 
|  99|0x00000000c9500000, 0x00000000c9600000, 0x00000000c9600000|100%|HC|  |TAMS 0x00000000c9600000| PB 0x00000000c9500000| Complete 
| 100|0x00000000c9600000, 0x00000000c969c728, 0x00000000c9700000| 61%| O|  |TAMS 0x00000000c9600000| PB 0x00000000c9600000| Updating 
| 101|0x00000000c9700000, 0x00000000c9800000, 0x00000000c9800000|100%|HS|  |TAMS 0x00000000c9700000| PB 0x00000000c9700000| Complete 
| 102|0x00000000c9800000, 0x00000000c9900000, 0x00000000c9900000|100%|HC|  |TAMS 0x00000000c9800000| PB 0x00000000c9800000| Complete 
| 103|0x00000000c9900000, 0x00000000c9a00000, 0x00000000c9a00000|100%|HS|  |TAMS 0x00000000c9900000| PB 0x00000000c9900000| Complete 
| 104|0x00000000c9a00000, 0x00000000c9b00000, 0x00000000c9b00000|100%|HC|  |TAMS 0x00000000c9a00000| PB 0x00000000c9a00000| Complete 
| 105|0x00000000c9b00000, 0x00000000c9b24540, 0x00000000c9c00000| 14%| S|CS|TAMS 0x00000000c9b00000| PB 0x00000000c9b00000| Complete 
| 106|0x00000000c9c00000, 0x00000000c9c00000, 0x00000000c9d00000|  0%| F|  |TAMS 0x00000000c9c00000| PB 0x00000000c9c00000| Untracked 
| 107|0x00000000c9d00000, 0x00000000c9e00000, 0x00000000c9e00000|100%|HS|  |TAMS 0x00000000c9e00000| PB 0x00000000c9d00000| Complete 
| 108|0x00000000c9e00000, 0x00000000c9f00000, 0x00000000c9f00000|100%|HC|  |TAMS 0x00000000c9f00000| PB 0x00000000c9e00000| Complete 
| 109|0x00000000c9f00000, 0x00000000ca000000, 0x00000000ca000000|100%|HC|  |TAMS 0x00000000ca000000| PB 0x00000000c9f00000| Complete 
| 110|0x00000000ca000000, 0x00000000ca100000, 0x00000000ca100000|100%|HC|  |TAMS 0x00000000ca100000| PB 0x00000000ca000000| Complete 
| 111|0x00000000ca100000, 0x00000000ca200000, 0x00000000ca200000|100%|HC|  |TAMS 0x00000000ca200000| PB 0x00000000ca100000| Complete 
| 112|0x00000000ca200000, 0x00000000ca300000, 0x00000000ca300000|100%|HC|  |TAMS 0x00000000ca300000| PB 0x00000000ca200000| Complete 
| 113|0x00000000ca300000, 0x00000000ca400000, 0x00000000ca400000|100%|HC|  |TAMS 0x00000000ca400000| PB 0x00000000ca300000| Complete 
| 114|0x00000000ca400000, 0x00000000ca500000, 0x00000000ca500000|100%|HC|  |TAMS 0x00000000ca500000| PB 0x00000000ca400000| Complete 
| 115|0x00000000ca500000, 0x00000000ca600000, 0x00000000ca600000|100%|HC|  |TAMS 0x00000000ca600000| PB 0x00000000ca500000| Complete 
| 116|0x00000000ca600000, 0x00000000ca700000, 0x00000000ca700000|100%|HC|  |TAMS 0x00000000ca700000| PB 0x00000000ca600000| Complete 
| 117|0x00000000ca700000, 0x00000000ca800000, 0x00000000ca800000|100%|HC|  |TAMS 0x00000000ca800000| PB 0x00000000ca700000| Complete 
| 118|0x00000000ca800000, 0x00000000ca900000, 0x00000000ca900000|100%|HC|  |TAMS 0x00000000ca900000| PB 0x00000000ca800000| Complete 
| 119|0x00000000ca900000, 0x00000000caa00000, 0x00000000caa00000|100%|HC|  |TAMS 0x00000000caa00000| PB 0x00000000ca900000| Complete 
| 120|0x00000000caa00000, 0x00000000cab00000, 0x00000000cab00000|100%|HC|  |TAMS 0x00000000cab00000| PB 0x00000000caa00000| Complete 
| 121|0x00000000cab00000, 0x00000000cac00000, 0x00000000cac00000|100%|HC|  |TAMS 0x00000000cac00000| PB 0x00000000cab00000| Complete 
| 122|0x00000000cac00000, 0x00000000cad00000, 0x00000000cad00000|100%|HC|  |TAMS 0x00000000cad00000| PB 0x00000000cac00000| Complete 
| 123|0x00000000cad00000, 0x00000000cae00000, 0x00000000cae00000|100%|HC|  |TAMS 0x00000000cae00000| PB 0x00000000cad00000| Complete 
| 124|0x00000000cae00000, 0x00000000caf00000, 0x00000000caf00000|100%|HC|  |TAMS 0x00000000caf00000| PB 0x00000000cae00000| Complete 
| 125|0x00000000caf00000, 0x00000000cb000000, 0x00000000cb000000|100%|HC|  |TAMS 0x00000000cb000000| PB 0x00000000caf00000| Complete 
| 126|0x00000000cb000000, 0x00000000cb100000, 0x00000000cb100000|100%|HC|  |TAMS 0x00000000cb100000| PB 0x00000000cb000000| Complete 
| 127|0x00000000cb100000, 0x00000000cb200000, 0x00000000cb200000|100%|HC|  |TAMS 0x00000000cb200000| PB 0x00000000cb100000| Complete 
| 128|0x00000000cb200000, 0x00000000cb300000, 0x00000000cb300000|100%|HC|  |TAMS 0x00000000cb300000| PB 0x00000000cb200000| Complete 
| 129|0x00000000cb300000, 0x00000000cb400000, 0x00000000cb400000|100%|HC|  |TAMS 0x00000000cb400000| PB 0x00000000cb300000| Complete 
| 130|0x00000000cb400000, 0x00000000cb500000, 0x00000000cb500000|100%|HC|  |TAMS 0x00000000cb500000| PB 0x00000000cb400000| Complete 
| 131|0x00000000cb500000, 0x00000000cb600000, 0x00000000cb600000|100%|HC|  |TAMS 0x00000000cb600000| PB 0x00000000cb500000| Complete 
| 132|0x00000000cb600000, 0x00000000cb700000, 0x00000000cb700000|100%|HC|  |TAMS 0x00000000cb700000| PB 0x00000000cb600000| Complete 
| 133|0x00000000cb700000, 0x00000000cb800000, 0x00000000cb800000|100%|HC|  |TAMS 0x00000000cb800000| PB 0x00000000cb700000| Complete 
| 134|0x00000000cb800000, 0x00000000cb900000, 0x00000000cb900000|100%|HC|  |TAMS 0x00000000cb900000| PB 0x00000000cb800000| Complete 
| 135|0x00000000cb900000, 0x00000000cba00000, 0x00000000cba00000|100%|HC|  |TAMS 0x00000000cba00000| PB 0x00000000cb900000| Complete 
| 136|0x00000000cba00000, 0x00000000cbb00000, 0x00000000cbb00000|100%|HC|  |TAMS 0x00000000cbb00000| PB 0x00000000cba00000| Complete 
| 137|0x00000000cbb00000, 0x00000000cbc00000, 0x00000000cbc00000|100%|HC|  |TAMS 0x00000000cbc00000| PB 0x00000000cbb00000| Complete 
| 138|0x00000000cbc00000, 0x00000000cbd00000, 0x00000000cbd00000|100%|HC|  |TAMS 0x00000000cbd00000| PB 0x00000000cbc00000| Complete 
| 139|0x00000000cbd00000, 0x00000000cbe00000, 0x00000000cbe00000|100%|HC|  |TAMS 0x00000000cbe00000| PB 0x00000000cbd00000| Complete 
| 140|0x00000000cbe00000, 0x00000000cbf00000, 0x00000000cbf00000|100%|HC|  |TAMS 0x00000000cbf00000| PB 0x00000000cbe00000| Complete 
| 141|0x00000000cbf00000, 0x00000000cc000000, 0x00000000cc000000|100%|HC|  |TAMS 0x00000000cc000000| PB 0x00000000cbf00000| Complete 
| 142|0x00000000cc000000, 0x00000000cc100000, 0x00000000cc100000|100%|HC|  |TAMS 0x00000000cc100000| PB 0x00000000cc000000| Complete 
| 143|0x00000000cc100000, 0x00000000cc200000, 0x00000000cc200000|100%|HC|  |TAMS 0x00000000cc200000| PB 0x00000000cc100000| Complete 
| 144|0x00000000cc200000, 0x00000000cc300000, 0x00000000cc300000|100%|HC|  |TAMS 0x00000000cc300000| PB 0x00000000cc200000| Complete 
| 145|0x00000000cc300000, 0x00000000cc400000, 0x00000000cc400000|100%|HC|  |TAMS 0x00000000cc400000| PB 0x00000000cc300000| Complete 
| 146|0x00000000cc400000, 0x00000000cc500000, 0x00000000cc500000|100%|HC|  |TAMS 0x00000000cc500000| PB 0x00000000cc400000| Complete 
| 147|0x00000000cc500000, 0x00000000cc600000, 0x00000000cc600000|100%|HC|  |TAMS 0x00000000cc600000| PB 0x00000000cc500000| Complete 
| 148|0x00000000cc600000, 0x00000000cc700000, 0x00000000cc700000|100%|HC|  |TAMS 0x00000000cc700000| PB 0x00000000cc600000| Complete 
| 149|0x00000000cc700000, 0x00000000cc800000, 0x00000000cc800000|100%|HC|  |TAMS 0x00000000cc800000| PB 0x00000000cc700000| Complete 
| 150|0x00000000cc800000, 0x00000000cc900000, 0x00000000cc900000|100%|HC|  |TAMS 0x00000000cc900000| PB 0x00000000cc800000| Complete 
| 151|0x00000000cc900000, 0x00000000cca00000, 0x00000000cca00000|100%|HC|  |TAMS 0x00000000cca00000| PB 0x00000000cc900000| Complete 
| 152|0x00000000cca00000, 0x00000000ccb00000, 0x00000000ccb00000|100%|HC|  |TAMS 0x00000000ccb00000| PB 0x00000000cca00000| Complete 
| 153|0x00000000ccb00000, 0x00000000ccc00000, 0x00000000ccc00000|100%|HC|  |TAMS 0x00000000ccc00000| PB 0x00000000ccb00000| Complete 
| 154|0x00000000ccc00000, 0x00000000ccd00000, 0x00000000ccd00000|100%|HC|  |TAMS 0x00000000ccd00000| PB 0x00000000ccc00000| Complete 
| 155|0x00000000ccd00000, 0x00000000cce00000, 0x00000000cce00000|100%|HC|  |TAMS 0x00000000cce00000| PB 0x00000000ccd00000| Complete 
| 156|0x00000000cce00000, 0x00000000ccf00000, 0x00000000ccf00000|100%|HC|  |TAMS 0x00000000ccf00000| PB 0x00000000cce00000| Complete 
| 157|0x00000000ccf00000, 0x00000000cd000000, 0x00000000cd000000|100%|HC|  |TAMS 0x00000000cd000000| PB 0x00000000ccf00000| Complete 
| 158|0x00000000cd000000, 0x00000000cd100000, 0x00000000cd100000|100%|HC|  |TAMS 0x00000000cd100000| PB 0x00000000cd000000| Complete 
| 159|0x00000000cd100000, 0x00000000cd200000, 0x00000000cd200000|100%|HC|  |TAMS 0x00000000cd200000| PB 0x00000000cd100000| Complete 
| 160|0x00000000cd200000, 0x00000000cd300000, 0x00000000cd300000|100%|HC|  |TAMS 0x00000000cd300000| PB 0x00000000cd200000| Complete 
| 161|0x00000000cd300000, 0x00000000cd400000, 0x00000000cd400000|100%|HC|  |TAMS 0x00000000cd400000| PB 0x00000000cd300000| Complete 
| 162|0x00000000cd400000, 0x00000000cd500000, 0x00000000cd500000|100%|HC|  |TAMS 0x00000000cd500000| PB 0x00000000cd400000| Complete 
| 163|0x00000000cd500000, 0x00000000cd600000, 0x00000000cd600000|100%|HC|  |TAMS 0x00000000cd600000| PB 0x00000000cd500000| Complete 
| 164|0x00000000cd600000, 0x00000000cd700000, 0x00000000cd700000|100%|HC|  |TAMS 0x00000000cd700000| PB 0x00000000cd600000| Complete 
| 165|0x00000000cd700000, 0x00000000cd800000, 0x00000000cd800000|100%|HC|  |TAMS 0x00000000cd800000| PB 0x00000000cd700000| Complete 
| 166|0x00000000cd800000, 0x00000000cd900000, 0x00000000cd900000|100%|HC|  |TAMS 0x00000000cd900000| PB 0x00000000cd800000| Complete 
| 167|0x00000000cd900000, 0x00000000cda00000, 0x00000000cda00000|100%|HC|  |TAMS 0x00000000cda00000| PB 0x00000000cd900000| Complete 
| 168|0x00000000cda00000, 0x00000000cdb00000, 0x00000000cdb00000|100%|HC|  |TAMS 0x00000000cdb00000| PB 0x00000000cda00000| Complete 
| 169|0x00000000cdb00000, 0x00000000cdc00000, 0x00000000cdc00000|100%|HC|  |TAMS 0x00000000cdc00000| PB 0x00000000cdb00000| Complete 
| 170|0x00000000cdc00000, 0x00000000cdd00000, 0x00000000cdd00000|100%|HC|  |TAMS 0x00000000cdd00000| PB 0x00000000cdc00000| Complete 
| 171|0x00000000cdd00000, 0x00000000cde00000, 0x00000000cde00000|100%|HC|  |TAMS 0x00000000cde00000| PB 0x00000000cdd00000| Complete 
| 172|0x00000000cde00000, 0x00000000cdf00000, 0x00000000cdf00000|100%|HS|  |TAMS 0x00000000cdf00000| PB 0x00000000cde00000| Complete 
| 173|0x00000000cdf00000, 0x00000000ce000000, 0x00000000ce000000|100%|HC|  |TAMS 0x00000000ce000000| PB 0x00000000cdf00000| Complete 
| 174|0x00000000ce000000, 0x00000000ce100000, 0x00000000ce100000|100%|HS|  |TAMS 0x00000000ce100000| PB 0x00000000ce000000| Complete 
| 175|0x00000000ce100000, 0x00000000ce200000, 0x00000000ce200000|100%|HC|  |TAMS 0x00000000ce200000| PB 0x00000000ce100000| Complete 
| 176|0x00000000ce200000, 0x00000000ce300000, 0x00000000ce300000|100%|HC|  |TAMS 0x00000000ce300000| PB 0x00000000ce200000| Complete 
| 177|0x00000000ce300000, 0x00000000ce400000, 0x00000000ce400000|100%|HC|  |TAMS 0x00000000ce400000| PB 0x00000000ce300000| Complete 
| 178|0x00000000ce400000, 0x00000000ce500000, 0x00000000ce500000|100%|HS|  |TAMS 0x00000000ce500000| PB 0x00000000ce400000| Complete 
| 179|0x00000000ce500000, 0x00000000ce600000, 0x00000000ce600000|100%|HC|  |TAMS 0x00000000ce600000| PB 0x00000000ce500000| Complete 
| 180|0x00000000ce600000, 0x00000000ce700000, 0x00000000ce700000|100%|HC|  |TAMS 0x00000000ce700000| PB 0x00000000ce600000| Complete 
| 181|0x00000000ce700000, 0x00000000ce800000, 0x00000000ce800000|100%|HC|  |TAMS 0x00000000ce800000| PB 0x00000000ce700000| Complete 
| 182|0x00000000ce800000, 0x00000000ce900000, 0x00000000ce900000|100%|HC|  |TAMS 0x00000000ce900000| PB 0x00000000ce800000| Complete 
| 183|0x00000000ce900000, 0x00000000cea00000, 0x00000000cea00000|100%|HC|  |TAMS 0x00000000cea00000| PB 0x00000000ce900000| Complete 
| 184|0x00000000cea00000, 0x00000000ceb00000, 0x00000000ceb00000|100%|HC|  |TAMS 0x00000000ceb00000| PB 0x00000000cea00000| Complete 
| 185|0x00000000ceb00000, 0x00000000cec00000, 0x00000000cec00000|100%|HC|  |TAMS 0x00000000cec00000| PB 0x00000000ceb00000| Complete 
| 186|0x00000000cec00000, 0x00000000ced00000, 0x00000000ced00000|100%|HS|  |TAMS 0x00000000ced00000| PB 0x00000000cec00000| Complete 
| 187|0x00000000ced00000, 0x00000000cee00000, 0x00000000cee00000|100%|HC|  |TAMS 0x00000000cee00000| PB 0x00000000ced00000| Complete 
| 188|0x00000000cee00000, 0x00000000cef00000, 0x00000000cef00000|100%|HS|  |TAMS 0x00000000cef00000| PB 0x00000000cee00000| Complete 
| 189|0x00000000cef00000, 0x00000000cf000000, 0x00000000cf000000|100%|HC|  |TAMS 0x00000000cf000000| PB 0x00000000cef00000| Complete 
| 190|0x00000000cf000000, 0x00000000cf000000, 0x00000000cf100000|  0%| F|  |TAMS 0x00000000cf000000| PB 0x00000000cf000000| Untracked 
| 191|0x00000000cf100000, 0x00000000cf144640, 0x00000000cf200000| 26%| E|  |TAMS 0x00000000cf100000| PB 0x00000000cf100000| Complete 
| 192|0x00000000cf200000, 0x00000000cf300000, 0x00000000cf300000|100%|HS|  |TAMS 0x00000000cf200000| PB 0x00000000cf200000| Complete 
| 193|0x00000000cf300000, 0x00000000cf400000, 0x00000000cf400000|100%|HC|  |TAMS 0x00000000cf300000| PB 0x00000000cf300000| Complete 
| 971|0x00000000ffd00000, 0x00000000ffe00000, 0x00000000ffe00000|100%| O|  |TAMS 0x00000000ffde6e10| PB 0x00000000ffde6e10| Updating 
| 972|0x00000000ffe00000, 0x00000000fff00000, 0x00000000fff00000|100%| O|  |TAMS 0x00000000fff00000| PB 0x00000000fff00000| Updating 
| 973|0x00000000fff00000, 0x0000000100000000, 0x0000000100000000|100%| O|  |TAMS 0x0000000100000000| PB 0x0000000100000000| Updating 

Card table byte_map: [0x000001bb7bd70000,0x000001bb7bf60000] _byte_map_base: 0x000001bb7b757000

Marking Bits: (CMBitMap*) 0x000001bb64732b20
 Bits: [0x000001bb7bf60000, 0x000001bb7ce98000)

Polling page: 0x000001bb626c0000

Metaspace:

Usage:
  Non-class:     19.67 MB used.
      Class:      3.11 MB used.
       Both:     22.78 MB used.

Virtual space:
  Non-class space:       64.00 MB reserved,      19.88 MB ( 31%) committed,  1 nodes.
      Class space:        1.00 GB reserved,       3.25 MB ( <1%) committed,  1 nodes.
             Both:        1.06 GB reserved,      23.12 MB (  2%) committed. 

Chunk freelists:
   Non-Class:  11.55 MB
       Class:  12.75 MB
        Both:  24.30 MB

MaxMetaspaceSize: unlimited
CompressedClassSpaceSize: 1.00 GB
Initial GC threshold: 21.00 MB
Current GC threshold: 37.94 MB
CDS: on
 - commit_granule_bytes: 65536.
 - commit_granule_words: 8192.
 - virtual_space_node_default_size: 8388608.
 - enlarge_chunks_in_place: 1.
 - use_allocation_guard: 0.


Internal statistics:

num_allocs_failed_limit: 3.
num_arena_births: 402.
num_arena_deaths: 0.
num_vsnodes_births: 2.
num_vsnodes_deaths: 0.
num_space_committed: 370.
num_space_uncommitted: 0.
num_chunks_returned_to_freelist: 3.
num_chunks_taken_from_freelist: 1223.
num_chunk_merges: 3.
num_chunk_splits: 837.
num_chunks_enlarged: 609.
num_inconsistent_stats: 0.

CodeHeap 'non-profiled nmethods': size=120000Kb used=2536Kb max_used=2695Kb free=117463Kb
 bounds [0x000001bb74650000, 0x000001bb74900000, 0x000001bb7bb80000]
CodeHeap 'profiled nmethods': size=120000Kb used=9203Kb max_used=10524Kb free=110797Kb
 bounds [0x000001bb6cb80000, 0x000001bb6d5d0000, 0x000001bb740b0000]
CodeHeap 'non-nmethods': size=5760Kb used=2149Kb max_used=2185Kb free=3610Kb
 bounds [0x000001bb740b0000, 0x000001bb74320000, 0x000001bb74650000]
 total_blobs=5805 nmethods=4919 adapters=789
 compilation: enabled
              stopped_count=0, restarted_count=0
 full_count=0

Compilation events (20 events):
Event: 51.566 Thread 0x000001bb7f3102e0 5810       4       com.sun.org.apache.xerces.internal.impl.XMLEntityScanner::scanContent (295 bytes)
Event: 51.576 Thread 0x000001bb7f3102e0 nmethod 5810 0x000001bb74743910 code [0x000001bb74743ae0, 0x000001bb74744040]
Event: 51.576 Thread 0x000001bb7f3102e0 5806       4       java.lang.invoke.DirectMethodHandle$Holder::invokeStatic (17 bytes)
Event: 51.577 Thread 0x000001bb7f3102e0 nmethod 5806 0x000001bb74743190 code [0x000001bb74743320, 0x000001bb74743408]
Event: 51.577 Thread 0x000001bb7f3102e0 5807       4       java.lang.invoke.LambdaForm$MH/0x000001bb01024800::invoke (32 bytes)
Event: 51.577 Thread 0x000001bb7f30dd60 5814       3       java.util.LinkedHashMap$LinkedValueIterator::next (8 bytes)
Event: 51.577 Thread 0x000001bb7f30dd60 nmethod 5814 0x000001bb6cd5f010 code [0x000001bb6cd5f1c0, 0x000001bb6cd5f300]
Event: 51.577 Thread 0x000001bb7f3102e0 nmethod 5807 0x000001bb74742d10 code [0x000001bb74742ec0, 0x000001bb74743010]
Event: 51.577 Thread 0x000001bb7f3102e0 5809       4       javafx.scene.Node::transformedBoundsChanged (43 bytes)
Event: 51.579 Thread 0x000001bb7f30dd60 5816       3       java.io.SequenceInputStream::read (31 bytes)
Event: 51.579 Thread 0x000001bb7f30dd60 nmethod 5816 0x000001bb6d057210 code [0x000001bb6d057400, 0x000001bb6d057888]
Event: 51.582 Thread 0x000001bb7f3102e0 nmethod 5809 0x000001bb748f0490 code [0x000001bb748f0680, 0x000001bb748f0a68]
Event: 51.582 Thread 0x000001bb7f3102e0 5815       4       java.lang.String::<init> (14 bytes)
Event: 51.592 Thread 0x000001bb7f3102e0 nmethod 5815 0x000001bb748f0e10 code [0x000001bb748f0fc0, 0x000001bb748f14e8]
Event: 51.593 Thread 0x000001bb7f30dd60 5817       3       java.lang.Class::copyConstructors (38 bytes)
Event: 51.593 Thread 0x000001bb7f3102e0 5819       4       com.sun.org.apache.xerces.internal.impl.XMLEntityScanner::skipChar (142 bytes)
Event: 51.594 Thread 0x000001bb7f30dd60 nmethod 5817 0x000001bb6d056010 code [0x000001bb6d056280, 0x000001bb6d056dc8]
Event: 51.594 Thread 0x000001bb7f30dd60 5818       3       java.lang.reflect.Constructor::hashCode (11 bytes)
Event: 51.594 Thread 0x000001bb7f30dd60 nmethod 5818 0x000001bb6d055a90 code [0x000001bb6d055c60, 0x000001bb6d055ea8]
Event: 51.595 Thread 0x000001bb7f3102e0 nmethod 5819 0x000001bb748f1710 code [0x000001bb748f18c0, 0x000001bb748f1aa8]

GC Heap History (20 events):
Event: 1.164 GC heap before
{Heap before GC invocations=1 (full 0):
 garbage-first heap   total 63488K, used 24295K [0x00000000c3200000, 0x0000000100000000)
  region size 1024K, 25 young (25600K), 2 survivors (2048K)
 Metaspace       used 4917K, committed 5120K, reserved 1114112K
  class space    used 539K, committed 640K, reserved 1048576K
}
Event: 1.169 GC heap after
{Heap after GC invocations=2 (full 0):
 garbage-first heap   total 63488K, used 5694K [0x00000000c3200000, 0x0000000100000000)
  region size 1024K, 4 young (4096K), 4 survivors (4096K)
 Metaspace       used 4917K, committed 5120K, reserved 1114112K
  class space    used 539K, committed 640K, reserved 1048576K
}
Event: 1.893 GC heap before
{Heap before GC invocations=2 (full 0):
 garbage-first heap   total 63488K, used 41534K [0x00000000c3200000, 0x0000000100000000)
  region size 1024K, 37 young (37888K), 4 survivors (4096K)
 Metaspace       used 12420K, committed 12800K, reserved 1114112K
  class space    used 1704K, committed 1856K, reserved 1048576K
}
Event: 1.908 GC heap after
{Heap after GC invocations=3 (full 0):
 garbage-first heap   total 63488K, used 12479K [0x00000000c3200000, 0x0000000100000000)
  region size 1024K, 4 young (4096K), 4 survivors (4096K)
 Metaspace       used 12420K, committed 12800K, reserved 1114112K
  class space    used 1704K, committed 1856K, reserved 1048576K
}
Event: 36.200 GC heap before
{Heap before GC invocations=3 (full 0):
 garbage-first heap   total 63488K, used 53439K [0x00000000c3200000, 0x0000000100000000)
  region size 1024K, 37 young (37888K), 4 survivors (4096K)
 Metaspace       used 20113K, committed 20480K, reserved 1114112K
  class space    used 2750K, committed 2944K, reserved 1048576K
}
Event: 36.207 GC heap after
{Heap after GC invocations=4 (full 0):
 garbage-first heap   total 64512K, used 22027K [0x00000000c3200000, 0x0000000100000000)
  region size 1024K, 5 young (5120K), 5 survivors (5120K)
 Metaspace       used 20113K, committed 20480K, reserved 1114112K
  class space    used 2750K, committed 2944K, reserved 1048576K
}
Event: 36.333 GC heap before
{Heap before GC invocations=4 (full 0):
 garbage-first heap   total 64512K, used 25099K [0x00000000c3200000, 0x0000000100000000)
  region size 1024K, 9 young (9216K), 5 survivors (5120K)
 Metaspace       used 21184K, committed 21504K, reserved 1114112K
  class space    used 2912K, committed 3072K, reserved 1048576K
}
Event: 36.337 GC heap after
{Heap after GC invocations=5 (full 0):
 garbage-first heap   total 64512K, used 22638K [0x00000000c3200000, 0x0000000100000000)
  region size 1024K, 1 young (1024K), 1 survivors (1024K)
 Metaspace       used 21184K, committed 21504K, reserved 1114112K
  class space    used 2912K, committed 3072K, reserved 1048576K
}
Event: 43.568 GC heap before
{Heap before GC invocations=6 (full 0):
 garbage-first heap   total 64512K, used 63598K [0x00000000c3200000, 0x0000000100000000)
  region size 1024K, 21 young (21504K), 1 survivors (1024K)
 Metaspace       used 22449K, committed 22784K, reserved 1114112K
  class space    used 3093K, committed 3264K, reserved 1048576K
}
Event: 43.572 GC heap after
{Heap after GC invocations=7 (full 0):
 garbage-first heap   total 66560K, used 44152K [0x00000000c3200000, 0x0000000100000000)
  region size 1024K, 2 young (2048K), 2 survivors (2048K)
 Metaspace       used 22449K, committed 22784K, reserved 1114112K
  class space    used 3093K, committed 3264K, reserved 1048576K
}
Event: 47.303 GC heap before
{Heap before GC invocations=7 (full 0):
 garbage-first heap   total 76800K, used 75896K [0x00000000c3200000, 0x0000000100000000)
  region size 1024K, 13 young (13312K), 2 survivors (2048K)
 Metaspace       used 22685K, committed 23040K, reserved 1114112K
  class space    used 3116K, committed 3264K, reserved 1048576K
}
Event: 47.306 GC heap after
{Heap after GC invocations=8 (full 0):
 garbage-first heap   total 79872K, used 64495K [0x00000000c3200000, 0x0000000100000000)
  region size 1024K, 1 young (1024K), 1 survivors (1024K)
 Metaspace       used 22685K, committed 23040K, reserved 1114112K
  class space    used 3116K, committed 3264K, reserved 1048576K
}
Event: 48.702 GC heap before
{Heap before GC invocations=8 (full 0):
 garbage-first heap   total 79872K, used 67567K [0x00000000c3200000, 0x0000000100000000)
  region size 1024K, 5 young (5120K), 1 survivors (1024K)
 Metaspace       used 22927K, committed 23296K, reserved 1114112K
  class space    used 3156K, committed 3328K, reserved 1048576K
}
Event: 48.706 GC heap after
{Heap after GC invocations=9 (full 0):
 garbage-first heap   total 79872K, used 64897K [0x00000000c3200000, 0x0000000100000000)
  region size 1024K, 1 young (1024K), 1 survivors (1024K)
 Metaspace       used 22927K, committed 23296K, reserved 1114112K
  class space    used 3156K, committed 3328K, reserved 1048576K
}
Event: 50.115 GC heap before
{Heap before GC invocations=10 (full 0):
 garbage-first heap   total 111616K, used 102785K [0x00000000c3200000, 0x0000000100000000)
  region size 1024K, 8 young (8192K), 1 survivors (1024K)
 Metaspace       used 23173K, committed 23552K, reserved 1114112K
  class space    used 3177K, committed 3328K, reserved 1048576K
}
Event: 50.118 GC heap after
{Heap after GC invocations=11 (full 0):
 garbage-first heap   total 111616K, used 96565K [0x00000000c3200000, 0x0000000100000000)
  region size 1024K, 1 young (1024K), 1 survivors (1024K)
 Metaspace       used 23173K, committed 23552K, reserved 1114112K
  class space    used 3177K, committed 3328K, reserved 1048576K
}
Event: 51.550 GC heap before
{Heap before GC invocations=11 (full 0):
 garbage-first heap   total 196608K, used 194869K [0x00000000c3200000, 0x0000000100000000)
  region size 1024K, 7 young (7168K), 1 survivors (1024K)
 Metaspace       used 23324K, committed 23680K, reserved 1114112K
  class space    used 3181K, committed 3328K, reserved 1048576K
}
Event: 51.558 GC heap after
{Heap after GC invocations=12 (full 0):
 garbage-first heap   total 199680K, used 191387K [0x00000000c3200000, 0x0000000100000000)
  region size 1024K, 2 young (2048K), 2 survivors (2048K)
 Metaspace       used 23324K, committed 23680K, reserved 1114112K
  class space    used 3181K, committed 3328K, reserved 1048576K
}
Event: 51.563 GC heap before
{Heap before GC invocations=12 (full 0):
 garbage-first heap   total 199680K, used 191387K [0x00000000c3200000, 0x0000000100000000)
  region size 1024K, 3 young (3072K), 2 survivors (2048K)
 Metaspace       used 23325K, committed 23680K, reserved 1114112K
  class space    used 3181K, committed 3328K, reserved 1048576K
}
Event: 51.566 GC heap after
{Heap after GC invocations=13 (full 0):
 garbage-first heap   total 199680K, used 191235K [0x00000000c3200000, 0x0000000100000000)
  region size 1024K, 1 young (1024K), 1 survivors (1024K)
 Metaspace       used 23325K, committed 23680K, reserved 1114112K
  class space    used 3181K, committed 3328K, reserved 1048576K
}

Dll operation events (20 events):
Event: 0.487 Loaded shared library C:\Users\USER\.openjfx\cache\23.0.1+4\amd64\api-ms-win-crt-multibyte-l1-1-0.dll
Event: 0.493 Loaded shared library C:\Users\USER\.openjfx\cache\23.0.1+4\amd64\api-ms-win-crt-private-l1-1-0.dll
Event: 0.497 Loaded shared library C:\Users\USER\.openjfx\cache\23.0.1+4\amd64\api-ms-win-crt-process-l1-1-0.dll
Event: 0.501 Loaded shared library C:\Users\USER\.openjfx\cache\23.0.1+4\amd64\api-ms-win-crt-runtime-l1-1-0.dll
Event: 0.505 Loaded shared library C:\Users\USER\.openjfx\cache\23.0.1+4\amd64\api-ms-win-crt-stdio-l1-1-0.dll
Event: 0.510 Loaded shared library C:\Users\USER\.openjfx\cache\23.0.1+4\amd64\api-ms-win-crt-string-l1-1-0.dll
Event: 0.513 Loaded shared library C:\Users\USER\.openjfx\cache\23.0.1+4\amd64\api-ms-win-crt-time-l1-1-0.dll
Event: 0.517 Loaded shared library C:\Users\USER\.openjfx\cache\23.0.1+4\amd64\api-ms-win-crt-utility-l1-1-0.dll
Event: 0.545 Loaded shared library C:\Users\USER\.openjfx\cache\23.0.1+4\amd64\ucrtbase.dll
Event: 0.552 Loaded shared library C:\Users\USER\.openjfx\cache\23.0.1+4\amd64\vcruntime140.dll
Event: 0.557 Loaded shared library C:\Users\USER\.openjfx\cache\23.0.1+4\amd64\vcruntime140_1.dll
Event: 0.572 Loaded shared library C:\Users\USER\.openjfx\cache\23.0.1+4\amd64\msvcp140.dll
Event: 0.577 Loaded shared library C:\Users\USER\.openjfx\cache\23.0.1+4\amd64\msvcp140_1.dll
Event: 0.588 Loaded shared library C:\Users\USER\.openjfx\cache\23.0.1+4\amd64\msvcp140_2.dll
Event: 0.658 Loaded shared library C:\Users\USER\.openjfx\cache\23.0.1+4\amd64\prism_d3d.dll
Event: 0.779 Loaded shared library C:\Users\USER\.openjfx\cache\23.0.1+4\amd64\glass.dll
Event: 0.954 Loaded shared library C:\Program Files\Java\jdk-21\bin\jimage.dll
Event: 1.355 Loaded shared library C:\Users\USER\.openjfx\cache\23.0.1+4\amd64\javafx_font.dll
Event: 36.135 Loaded shared library C:\Program Files\Java\jdk-21\bin\extnet.dll
Event: 51.451 Loaded shared library C:\Users\USER\.openjfx\cache\23.0.1+4\amd64\javafx_iio.dll

Deoptimization events (20 events):
Event: 51.280 Thread 0x000001bb4544a190 Uncommon trap: trap_request=0xffffffc6 fr.pc=0x000001bb747f7c60 relative=0x00000000000010a0
Event: 51.280 Thread 0x000001bb4544a190 Uncommon trap: reason=bimorphic_or_optimized_type_check action=maybe_recompile pc=0x000001bb747f7c60 method=java.io.BufferedInputStream.read1([BII)I @ 52 c2
Event: 51.280 Thread 0x000001bb4544a190 DEOPT PACKING pc=0x000001bb747f7c60 sp=0x0000001ac5ffbaf0
Event: 51.280 Thread 0x000001bb4544a190 DEOPT UNPACKING pc=0x000001bb74107da2 sp=0x0000001ac5ffba28 mode 2
Event: 51.280 Thread 0x000001bb4544a190 Uncommon trap: trap_request=0xffffffc6 fr.pc=0x000001bb747f7c60 relative=0x00000000000010a0
Event: 51.280 Thread 0x000001bb4544a190 Uncommon trap: reason=bimorphic_or_optimized_type_check action=maybe_recompile pc=0x000001bb747f7c60 method=java.io.BufferedInputStream.read1([BII)I @ 52 c2
Event: 51.280 Thread 0x000001bb4544a190 DEOPT PACKING pc=0x000001bb747f7c60 sp=0x0000001ac5ffbaf0
Event: 51.280 Thread 0x000001bb4544a190 DEOPT UNPACKING pc=0x000001bb74107da2 sp=0x0000001ac5ffba28 mode 2
Event: 51.281 Thread 0x000001bb4544a190 Uncommon trap: trap_request=0xffffffc6 fr.pc=0x000001bb747f7c60 relative=0x00000000000010a0
Event: 51.281 Thread 0x000001bb4544a190 Uncommon trap: reason=bimorphic_or_optimized_type_check action=maybe_recompile pc=0x000001bb747f7c60 method=java.io.BufferedInputStream.read1([BII)I @ 52 c2
Event: 51.281 Thread 0x000001bb4544a190 DEOPT PACKING pc=0x000001bb747f7c60 sp=0x0000001ac5ffbaf0
Event: 51.281 Thread 0x000001bb4544a190 DEOPT UNPACKING pc=0x000001bb74107da2 sp=0x0000001ac5ffba28 mode 2
Event: 51.281 Thread 0x000001bb4544a190 Uncommon trap: trap_request=0xffffffc6 fr.pc=0x000001bb747f7c60 relative=0x00000000000010a0
Event: 51.281 Thread 0x000001bb4544a190 Uncommon trap: reason=bimorphic_or_optimized_type_check action=maybe_recompile pc=0x000001bb747f7c60 method=java.io.BufferedInputStream.read1([BII)I @ 52 c2
Event: 51.281 Thread 0x000001bb4544a190 DEOPT PACKING pc=0x000001bb747f7c60 sp=0x0000001ac5ffbaf0
Event: 51.281 Thread 0x000001bb4544a190 DEOPT UNPACKING pc=0x000001bb74107da2 sp=0x0000001ac5ffba28 mode 2
Event: 51.281 Thread 0x000001bb4544a190 Uncommon trap: trap_request=0xffffffc6 fr.pc=0x000001bb747f9648 relative=0x0000000000000548
Event: 51.281 Thread 0x000001bb4544a190 Uncommon trap: reason=bimorphic_or_optimized_type_check action=maybe_recompile pc=0x000001bb747f9648 method=java.io.BufferedInputStream.read1([BII)I @ 52 c2
Event: 51.281 Thread 0x000001bb4544a190 DEOPT PACKING pc=0x000001bb747f9648 sp=0x0000001ac5ffba70
Event: 51.281 Thread 0x000001bb4544a190 DEOPT UNPACKING pc=0x000001bb74107da2 sp=0x0000001ac5ffba28 mode 2

Classes loaded (20 events):
Event: 38.604 Loading class javax/crypto/IllegalBlockSizeException
Event: 38.604 Loading class javax/crypto/IllegalBlockSizeException done
Event: 38.604 Loading class javax/crypto/BadPaddingException
Event: 38.605 Loading class javax/crypto/BadPaddingException done
Event: 38.605 Loading class java/security/UnrecoverableKeyException
Event: 38.605 Loading class java/security/UnrecoverableEntryException
Event: 38.605 Loading class java/security/UnrecoverableEntryException done
Event: 38.605 Loading class java/security/UnrecoverableKeyException done
Event: 38.605 Loading class java/security/KeyStoreException
Event: 38.605 Loading class java/security/KeyStoreException done
Event: 38.605 Loading class java/security/cert/CertificateException
Event: 38.605 Loading class java/security/cert/CertificateException done
Event: 38.605 Loading class java/security/KeyManagementException
Event: 38.605 Loading class java/security/KeyManagementException done
Event: 38.606 Loading class javax/net/ssl/TrustManager
Event: 38.606 Loading class javax/net/ssl/TrustManager done
Event: 41.698 Loading class java/lang/foreign/MemorySegment
Event: 41.701 Loading class java/lang/foreign/MemorySegment done
Event: 47.273 Loading class jdk/internal/math/FDBigInteger
Event: 47.275 Loading class jdk/internal/math/FDBigInteger done

Classes unloaded (0 events):
No events

Classes redefined (0 events):
No events

Internal exceptions (20 events):
Event: 18.713 Thread 0x000001bb4544a190 Exception <a 'java/lang/ClassNotFoundException'{0x00000000c65c5758}: sun/util/logging/resources/spi/loggingProvider> (0x00000000c65c5758) 
thrown [s\open\src\hotspot\share\classfile\systemDictionary.cpp, line 312]
Event: 18.747 Thread 0x000001bb4544a190 Exception <a 'java/lang/ClassNotFoundException'{0x00000000c63aae28}: com/sun/javafx/scene/control/skin/resources/controls> (0x00000000c63aae28) 
thrown [s\open\src\hotspot\share\prims\jni.cpp, line 539]
Event: 18.748 Thread 0x000001bb4544a190 Exception <a 'java/lang/ClassNotFoundException'{0x00000000c63b9560}: com/sun/javafx/scene/control/skin/resources/controls_en> (0x00000000c63b9560) 
thrown [s\open\src\hotspot\share\prims\jni.cpp, line 539]
Event: 18.748 Thread 0x000001bb4544a190 Exception <a 'java/lang/ClassNotFoundException'{0x00000000c63bb2e8}: com/sun/javafx/scene/control/skin/resources/controls_en_ID> (0x00000000c63bb2e8) 
thrown [s\open\src\hotspot\share\prims\jni.cpp, line 539]
Event: 18.763 Thread 0x000001bb4544a190 Exception <a 'java/lang/NoSuchMethodError'{0x00000000c62bde20}: 'void java.lang.invoke.DirectMethodHandle$Holder.invokeSpecial(java.lang.Object, java.lang.Object, java.lang.Object, java.lang.Object, java.lang.Object, java.lang.Object)'> (0x00000000c62bde20) 
thrown [s\open\src\hotspot\share\interpreter\linkResolver.cpp, line 773]
Event: 18.822 Thread 0x000001bb45205300 Exception <a 'java/lang/NoSuchMethodError'{0x00000000c5d87b58}: 'java.lang.Object java.lang.invoke.DirectMethodHandle$Holder.invokeStaticInit(java.lang.Object, int)'> (0x00000000c5d87b58) 
thrown [s\open\src\hotspot\share\interpreter\linkResolver.cpp, line 773]
Event: 20.591 Thread 0x000001bb4544a190 Exception <a 'java/lang/NoSuchMethodError'{0x00000000c5d4e3f0}: 'void java.lang.invoke.DirectMethodHandle$Holder.invokeVirtual(java.lang.Object, java.lang.Object)'> (0x00000000c5d4e3f0) 
thrown [s\open\src\hotspot\share\interpreter\linkResolver.cpp, line 773]
Event: 36.045 Thread 0x000001bb4544a190 Exception <a 'java/lang/NoSuchMethodError'{0x00000000c541a870}: 'java.lang.Object java.lang.invoke.DirectMethodHandle$Holder.invokeInterface(java.lang.Object, java.lang.Object)'> (0x00000000c541a870) 
thrown [s\open\src\hotspot\share\interpreter\linkResolver.cpp, line 773]
Event: 36.058 Thread 0x000001bb4544a190 Exception <a 'java/lang/NoSuchMethodError'{0x00000000c548afc0}: 'java.lang.Object java.lang.invoke.DirectMethodHandle$Holder.invokeVirtual(java.lang.Object, java.lang.Object, java.lang.Object)'> (0x00000000c548afc0) 
thrown [s\open\src\hotspot\share\interpreter\linkResolver.cpp, line 773]
Event: 38.323 Thread 0x000001bb4544a190 Exception <a 'java/lang/NoSuchMethodError'{0x00000000c6df84f8}: 'java.lang.Object java.lang.invoke.DelegatingMethodHandle$Holder.reinvoke_L(java.lang.Object, double, double, double, double)'> (0x00000000c6df84f8) 
thrown [s\open\src\hotspot\share\interpreter\linkResolver.cpp, line 773]
Event: 38.325 Thread 0x000001bb4544a190 Exception <a 'java/lang/NoSuchMethodError'{0x00000000c6c03c08}: 'java.lang.Object java.lang.invoke.DirectMethodHandle$Holder.invokeStatic(java.lang.Object, java.lang.Object, int)'> (0x00000000c6c03c08) 
thrown [s\open\src\hotspot\share\interpreter\linkResolver.cpp, line 773]
Event: 38.325 Thread 0x000001bb4544a190 Exception <a 'java/lang/NoSuchMethodError'{0x00000000c6c07d50}: 'void java.lang.invoke.DirectMethodHandle$Holder.invokeStatic(java.lang.Object, java.lang.Object, int, java.lang.Object)'> (0x00000000c6c07d50) 
thrown [s\open\src\hotspot\share\interpreter\linkResolver.cpp, line 773]
Event: 38.326 Thread 0x000001bb4544a190 Exception <a 'java/lang/NoSuchMethodError'{0x00000000c6c0ed40}: 'void java.lang.invoke.DelegatingMethodHandle$Holder.delegate(java.lang.Object, java.lang.Object, int, java.lang.Object)'> (0x00000000c6c0ed40) 
thrown [s\open\src\hotspot\share\interpreter\linkResolver.cpp, line 773]
Event: 38.357 Thread 0x000001bb4544a190 Exception <a 'java/lang/NoSuchMethodError'{0x00000000c6c38298}: 'java.lang.Object java.lang.invoke.DirectMethodHandle$Holder.newInvokeSpecial(java.lang.Object, double)'> (0x00000000c6c38298) 
thrown [s\open\src\hotspot\share\interpreter\linkResolver.cpp, line 773]
Event: 38.425 Thread 0x000001bb4544a190 Exception <a 'java/io/FileNotFoundException'{0x00000000c6a4a478}> (0x00000000c6a4a478) 
thrown [s\open\src\hotspot\share\prims\jni.cpp, line 520]
Event: 38.425 Thread 0x000001bb4544a190 Exception <a 'java/io/FileNotFoundException'{0x00000000c6a4bd98}> (0x00000000c6a4bd98) 
thrown [s\open\src\hotspot\share\prims\jni.cpp, line 520]
Event: 38.426 Thread 0x000001bb4544a190 Exception <a 'java/io/FileNotFoundException'{0x00000000c6a52aa0}> (0x00000000c6a52aa0) 
thrown [s\open\src\hotspot\share\prims\jni.cpp, line 520]
Event: 38.610 Thread 0x000001bb4544a190 Exception <a 'java/lang/NoSuchMethodError'{0x00000000c6564ab8}: 'void java.lang.invoke.DirectMethodHandle$Holder.invokeInterface(java.lang.Object, java.lang.Object)'> (0x00000000c6564ab8) 
thrown [s\open\src\hotspot\share\interpreter\linkResolver.cpp, line 773]
Event: 48.794 Thread 0x000001bb4544a190 Exception <a 'java/io/FileNotFoundException'{0x00000000c9c89828}> (0x00000000c9c89828) 
thrown [s\open\src\hotspot\share\prims\jni.cpp, line 520]
Event: 48.824 Thread 0x000001bb45205300 Implicit null exception at 0x000001bb7479d45e to 0x000001bb7479d4d0

ZGC Phase Switch (0 events):
No events

VM Operations (20 events):
Event: 47.098 Executing VM operation: HandshakeAllThreads (Deoptimize) done
Event: 47.098 Executing VM operation: Cleanup
Event: 47.098 Executing VM operation: Cleanup done
Event: 47.303 Executing VM operation: G1CollectForAllocation (G1 Evacuation Pause)
Event: 47.306 Executing VM operation: G1CollectForAllocation (G1 Evacuation Pause) done
Event: 48.702 Executing VM operation: G1TryInitiateConcMark (G1 Humongous Allocation)
Event: 48.706 Executing VM operation: G1TryInitiateConcMark (G1 Humongous Allocation) done
Event: 48.728 Executing VM operation: G1PauseRemark
Event: 48.733 Executing VM operation: G1PauseRemark done
Event: 48.741 Executing VM operation: G1PauseCleanup
Event: 48.741 Executing VM operation: G1PauseCleanup done
Event: 50.114 Executing VM operation: G1CollectForAllocation (G1 Evacuation Pause)
Event: 50.118 Executing VM operation: G1CollectForAllocation (G1 Evacuation Pause) done
Event: 51.118 Executing VM operation: Cleanup
Event: 51.118 Executing VM operation: Cleanup done
Event: 51.550 Executing VM operation: G1CollectForAllocation (G1 Evacuation Pause)
Event: 51.558 Executing VM operation: G1CollectForAllocation (G1 Evacuation Pause) done
Event: 51.563 Executing VM operation: G1TryInitiateConcMark (G1 Humongous Allocation)
Event: 51.566 Executing VM operation: G1TryInitiateConcMark (G1 Humongous Allocation) done
Event: 51.597 Executing VM operation: G1PauseRemark

Events (20 events):
Event: 51.613 Thread 0x000001bb647b8b40 flushing nmethod 0x000001bb6d243590
Event: 51.613 Thread 0x000001bb647b8b40 flushing nmethod 0x000001bb6d252590
Event: 51.613 Thread 0x000001bb647b8b40 flushing nmethod 0x000001bb6d252d10
Event: 51.613 Thread 0x000001bb647b8b40 flushing nmethod 0x000001bb6d253e10
Event: 51.613 Thread 0x000001bb647b8b40 flushing nmethod 0x000001bb6d278510
Event: 51.613 Thread 0x000001bb647b8b40 flushing nmethod 0x000001bb6d27a890
Event: 51.613 Thread 0x000001bb647b8b40 flushing nmethod 0x000001bb6d27bb10
Event: 51.613 Thread 0x000001bb647b8b40 flushing nmethod 0x000001bb6d27cd10
Event: 51.613 Thread 0x000001bb647b8b40 flushing nmethod 0x000001bb6d280110
Event: 51.613 Thread 0x000001bb647b8b40 flushing nmethod 0x000001bb6d29a290
Event: 51.613 Thread 0x000001bb647b8b40 flushing nmethod 0x000001bb6d2a1c90
Event: 51.613 Thread 0x000001bb647b8b40 flushing nmethod 0x000001bb6d2aa310
Event: 51.613 Thread 0x000001bb647b8b40 flushing nmethod 0x000001bb6d367710
Event: 51.613 Thread 0x000001bb647b8b40 flushing nmethod 0x000001bb6d3c0c90
Event: 51.613 Thread 0x000001bb647b8b40 flushing nmethod 0x000001bb6d3c4a90
Event: 51.613 Thread 0x000001bb647b8b40 flushing nmethod 0x000001bb6d4a3510
Event: 51.613 Thread 0x000001bb647b8b40 flushing nmethod 0x000001bb6d323710
Event: 51.613 Thread 0x000001bb647b8b40 flushing nmethod 0x000001bb6d35c390
Event: 51.613 Thread 0x000001bb647b8b40 flushing nmethod 0x000001bb6d35ed90
Event: 51.613 Thread 0x000001bb647b8b40 flushing nmethod 0x000001bb6d365810


Dynamic libraries:
0x00007ff768700000 - 0x00007ff768710000 	C:\Program Files\Java\jdk-21\bin\java.exe
0x00007ff943690000 - 0x00007ff9438a7000 	C:\WINDOWS\SYSTEM32\ntdll.dll
0x00007ff941fd0000 - 0x00007ff942094000 	C:\WINDOWS\System32\KERNEL32.DLL
0x00007ff940b40000 - 0x00007ff940efa000 	C:\WINDOWS\System32\KERNELBASE.dll
0x00007ff9409a0000 - 0x00007ff940ab1000 	C:\WINDOWS\System32\ucrtbase.dll
0x00007ff9260e0000 - 0x00007ff9260fb000 	C:\Program Files\Java\jdk-21\bin\VCRUNTIME140.dll
0x00007ff9170a0000 - 0x00007ff9170b9000 	C:\Program Files\Java\jdk-21\bin\jli.dll
0x00007ff943530000 - 0x00007ff9435e2000 	C:\WINDOWS\System32\ADVAPI32.dll
0x00007ff9427c0000 - 0x00007ff942867000 	C:\WINDOWS\System32\msvcrt.dll
0x00007ff942480000 - 0x00007ff942527000 	C:\WINDOWS\System32\sechost.dll
0x00007ff9410e0000 - 0x00007ff941108000 	C:\WINDOWS\System32\bcrypt.dll
0x00007ff943410000 - 0x00007ff943524000 	C:\WINDOWS\System32\RPCRT4.dll
0x00007ff9422d0000 - 0x00007ff94247e000 	C:\WINDOWS\System32\USER32.dll
0x00007ff940970000 - 0x00007ff940996000 	C:\WINDOWS\System32\win32u.dll
0x00007ff9422a0000 - 0x00007ff9422c9000 	C:\WINDOWS\System32\GDI32.dll
0x00007ff940fc0000 - 0x00007ff9410db000 	C:\WINDOWS\System32\gdi32full.dll
0x00007ff941110000 - 0x00007ff9411aa000 	C:\WINDOWS\System32\msvcp_win.dll
0x00007ff92a640000 - 0x00007ff92a8d2000 	C:\WINDOWS\WinSxS\amd64_microsoft.windows.common-controls_6595b64144ccf1df_6.0.22621.4541_none_2710d1c57384c085\COMCTL32.dll
0x00007ff936c00000 - 0x00007ff936c0a000 	C:\WINDOWS\SYSTEM32\VERSION.dll
0x00007ff9413a0000 - 0x00007ff9413d1000 	C:\WINDOWS\System32\IMM32.DLL
0x00007ff93a340000 - 0x00007ff93a34c000 	C:\Program Files\Java\jdk-21\bin\vcruntime140_1.dll
0x00007ff91f7b0000 - 0x00007ff91f83e000 	C:\Program Files\Java\jdk-21\bin\msvcp140.dll
0x00007ff900990000 - 0x00007ff9016a8000 	C:\Program Files\Java\jdk-21\bin\server\jvm.dll
0x00007ff9432e0000 - 0x00007ff943351000 	C:\WINDOWS\System32\WS2_32.dll
0x00007ff940840000 - 0x00007ff94088d000 	C:\WINDOWS\SYSTEM32\POWRPROF.dll
0x00007ff939260000 - 0x00007ff939294000 	C:\WINDOWS\SYSTEM32\WINMM.dll
0x00007ff940820000 - 0x00007ff940833000 	C:\WINDOWS\SYSTEM32\UMPDC.dll
0x00007ff93f9b0000 - 0x00007ff93f9c8000 	C:\WINDOWS\SYSTEM32\kernel.appcore.dll
0x00007ff936fc0000 - 0x00007ff936fca000 	C:\Program Files\Java\jdk-21\bin\jimage.dll
0x00007ff93e200000 - 0x00007ff93e432000 	C:\WINDOWS\SYSTEM32\DBGHELP.DLL
0x00007ff941c40000 - 0x00007ff941fcf000 	C:\WINDOWS\System32\combase.dll
0x00007ff9415b0000 - 0x00007ff941687000 	C:\WINDOWS\System32\OLEAUT32.dll
0x00007ff921190000 - 0x00007ff9211c2000 	C:\WINDOWS\SYSTEM32\dbgcore.DLL
0x00007ff940ac0000 - 0x00007ff940b3b000 	C:\WINDOWS\System32\bcryptPrimitives.dll
0x00007ff9260c0000 - 0x00007ff9260df000 	C:\Program Files\Java\jdk-21\bin\java.dll
0x00007ff942890000 - 0x00007ff943108000 	C:\WINDOWS\System32\SHELL32.dll
0x00007ff93e8b0000 - 0x00007ff93f1b8000 	C:\WINDOWS\SYSTEM32\windows.storage.dll
0x00007ff93e770000 - 0x00007ff93e8af000 	C:\WINDOWS\SYSTEM32\wintypes.dll
0x00007ff9420a0000 - 0x00007ff94219a000 	C:\WINDOWS\System32\SHCORE.dll
0x00007ff942540000 - 0x00007ff94259e000 	C:\WINDOWS\System32\shlwapi.dll
0x00007ff9408a0000 - 0x00007ff9408cb000 	C:\WINDOWS\SYSTEM32\profapi.dll
0x00007ff91fab0000 - 0x00007ff91fb87000 	C:\Program Files\Java\jdk-21\bin\jsvml.dll
0x00007ff929e50000 - 0x00007ff929e60000 	C:\Program Files\Java\jdk-21\bin\net.dll
0x00007ff93a650000 - 0x00007ff93a786000 	C:\WINDOWS\SYSTEM32\WINHTTP.dll
0x00007ff93fe30000 - 0x00007ff93fe99000 	C:\WINDOWS\system32\mswsock.dll
0x00007ff926020000 - 0x00007ff926036000 	C:\Program Files\Java\jdk-21\bin\nio.dll
0x00007ff91fe90000 - 0x00007ff91fea8000 	C:\Program Files\Java\jdk-21\bin\zip.dll
0x000001bb62700000 - 0x000001bb62703000 	C:\Users\USER\.openjfx\cache\23.0.1+4\amd64\api-ms-win-core-console-l1-1-0.dll
0x000001bb64620000 - 0x000001bb64623000 	C:\Users\USER\.openjfx\cache\23.0.1+4\amd64\api-ms-win-core-console-l1-2-0.dll
0x000001bb64630000 - 0x000001bb64633000 	C:\Users\USER\.openjfx\cache\23.0.1+4\amd64\api-ms-win-core-datetime-l1-1-0.dll
0x000001bb64640000 - 0x000001bb64643000 	C:\Users\USER\.openjfx\cache\23.0.1+4\amd64\api-ms-win-core-debug-l1-1-0.dll
0x000001bb64650000 - 0x000001bb64653000 	C:\Users\USER\.openjfx\cache\23.0.1+4\amd64\api-ms-win-core-errorhandling-l1-1-0.dll
0x000001bb64660000 - 0x000001bb64664000 	C:\Users\USER\.openjfx\cache\23.0.1+4\amd64\api-ms-win-core-file-l1-1-0.dll
0x000001bb64670000 - 0x000001bb64673000 	C:\Users\USER\.openjfx\cache\23.0.1+4\amd64\api-ms-win-core-file-l1-2-0.dll
0x000001bb64680000 - 0x000001bb64683000 	C:\Users\USER\.openjfx\cache\23.0.1+4\amd64\api-ms-win-core-file-l2-1-0.dll
0x000001bb64690000 - 0x000001bb64693000 	C:\Users\USER\.openjfx\cache\23.0.1+4\amd64\api-ms-win-core-handle-l1-1-0.dll
0x000001bb646a0000 - 0x000001bb646a3000 	C:\Users\USER\.openjfx\cache\23.0.1+4\amd64\api-ms-win-core-heap-l1-1-0.dll
0x000001bb646b0000 - 0x000001bb646b3000 	C:\Users\USER\.openjfx\cache\23.0.1+4\amd64\api-ms-win-core-interlocked-l1-1-0.dll
0x000001bb7f8d0000 - 0x000001bb7f8d3000 	C:\Users\USER\.openjfx\cache\23.0.1+4\amd64\api-ms-win-core-libraryloader-l1-1-0.dll
0x000001bb7f8e0000 - 0x000001bb7f8e3000 	C:\Users\USER\.openjfx\cache\23.0.1+4\amd64\api-ms-win-core-localization-l1-2-0.dll
0x000001bb7f8f0000 - 0x000001bb7f8f3000 	C:\Users\USER\.openjfx\cache\23.0.1+4\amd64\api-ms-win-core-memory-l1-1-0.dll
0x000001bb7f900000 - 0x000001bb7f903000 	C:\Users\USER\.openjfx\cache\23.0.1+4\amd64\api-ms-win-core-namedpipe-l1-1-0.dll
0x000001bb7f910000 - 0x000001bb7f913000 	C:\Users\USER\.openjfx\cache\23.0.1+4\amd64\api-ms-win-core-processenvironment-l1-1-0.dll
0x000001bb7f920000 - 0x000001bb7f923000 	C:\Users\USER\.openjfx\cache\23.0.1+4\amd64\api-ms-win-core-processthreads-l1-1-0.dll
0x000001bb7f930000 - 0x000001bb7f933000 	C:\Users\USER\.openjfx\cache\23.0.1+4\amd64\api-ms-win-core-processthreads-l1-1-1.dll
0x000001bb7f940000 - 0x000001bb7f943000 	C:\Users\USER\.openjfx\cache\23.0.1+4\amd64\api-ms-win-core-profile-l1-1-0.dll
0x000001bb7f950000 - 0x000001bb7f953000 	C:\Users\USER\.openjfx\cache\23.0.1+4\amd64\api-ms-win-core-rtlsupport-l1-1-0.dll
0x000001bb7f960000 - 0x000001bb7f963000 	C:\Users\USER\.openjfx\cache\23.0.1+4\amd64\api-ms-win-core-string-l1-1-0.dll
0x000001bb7f970000 - 0x000001bb7f973000 	C:\Users\USER\.openjfx\cache\23.0.1+4\amd64\api-ms-win-core-synch-l1-1-0.dll
0x000001bb7f980000 - 0x000001bb7f983000 	C:\Users\USER\.openjfx\cache\23.0.1+4\amd64\api-ms-win-core-synch-l1-2-0.dll
0x000001bb7f990000 - 0x000001bb7f993000 	C:\Users\USER\.openjfx\cache\23.0.1+4\amd64\api-ms-win-core-sysinfo-l1-1-0.dll
0x000001bb7f9a0000 - 0x000001bb7f9a3000 	C:\Users\USER\.openjfx\cache\23.0.1+4\amd64\api-ms-win-core-timezone-l1-1-0.dll
0x000001bb7f9b0000 - 0x000001bb7f9b3000 	C:\Users\USER\.openjfx\cache\23.0.1+4\amd64\api-ms-win-core-util-l1-1-0.dll
0x000001bb7f9c0000 - 0x000001bb7f9c3000 	C:\Users\USER\.openjfx\cache\23.0.1+4\amd64\api-ms-win-crt-conio-l1-1-0.dll
0x000001bb7f9d0000 - 0x000001bb7f9d4000 	C:\Users\USER\.openjfx\cache\23.0.1+4\amd64\api-ms-win-crt-convert-l1-1-0.dll
0x000001bb7f9e0000 - 0x000001bb7f9e3000 	C:\Users\USER\.openjfx\cache\23.0.1+4\amd64\api-ms-win-crt-environment-l1-1-0.dll
0x000001bb7f9f0000 - 0x000001bb7f9f3000 	C:\Users\USER\.openjfx\cache\23.0.1+4\amd64\api-ms-win-crt-filesystem-l1-1-0.dll
0x000001bb7fa00000 - 0x000001bb7fa03000 	C:\Users\USER\.openjfx\cache\23.0.1+4\amd64\api-ms-win-crt-heap-l1-1-0.dll
0x000001bb7fa10000 - 0x000001bb7fa13000 	C:\Users\USER\.openjfx\cache\23.0.1+4\amd64\api-ms-win-crt-locale-l1-1-0.dll
0x000001bb7fa20000 - 0x000001bb7fa25000 	C:\Users\USER\.openjfx\cache\23.0.1+4\amd64\api-ms-win-crt-math-l1-1-0.dll
0x000001bb7fa30000 - 0x000001bb7fa35000 	C:\Users\USER\.openjfx\cache\23.0.1+4\amd64\api-ms-win-crt-multibyte-l1-1-0.dll
0x000001bb7fa40000 - 0x000001bb7fa50000 	C:\Users\USER\.openjfx\cache\23.0.1+4\amd64\api-ms-win-crt-private-l1-1-0.dll
0x000001bb7fa50000 - 0x000001bb7fa53000 	C:\Users\USER\.openjfx\cache\23.0.1+4\amd64\api-ms-win-crt-process-l1-1-0.dll
0x000001bb7fa60000 - 0x000001bb7fa64000 	C:\Users\USER\.openjfx\cache\23.0.1+4\amd64\api-ms-win-crt-runtime-l1-1-0.dll
0x000001bb7fa70000 - 0x000001bb7fa74000 	C:\Users\USER\.openjfx\cache\23.0.1+4\amd64\api-ms-win-crt-stdio-l1-1-0.dll
0x000001bb7fa80000 - 0x000001bb7fa84000 	C:\Users\USER\.openjfx\cache\23.0.1+4\amd64\api-ms-win-crt-string-l1-1-0.dll
0x000001bb7fa90000 - 0x000001bb7fa93000 	C:\Users\USER\.openjfx\cache\23.0.1+4\amd64\api-ms-win-crt-time-l1-1-0.dll
0x000001bb7faa0000 - 0x000001bb7faa3000 	C:\Users\USER\.openjfx\cache\23.0.1+4\amd64\api-ms-win-crt-utility-l1-1-0.dll
0x00007ff89ff80000 - 0x00007ff8a007c000 	C:\Users\USER\.openjfx\cache\23.0.1+4\amd64\ucrtbase.dll
0x00007ff917060000 - 0x00007ff91707b000 	C:\Users\USER\.openjfx\cache\23.0.1+4\amd64\vcruntime140.dll
0x00007ff923020000 - 0x00007ff92302c000 	C:\Users\USER\.openjfx\cache\23.0.1+4\amd64\vcruntime140_1.dll
0x00007ff8f8860000 - 0x00007ff8f88ee000 	C:\Users\USER\.openjfx\cache\23.0.1+4\amd64\msvcp140.dll
0x00007ff91ba40000 - 0x00007ff91ba49000 	C:\Users\USER\.openjfx\cache\23.0.1+4\amd64\msvcp140_1.dll
0x00007ff8fb730000 - 0x00007ff8fb771000 	C:\Users\USER\.openjfx\cache\23.0.1+4\amd64\msvcp140_2.dll
0x00007ff8fdd70000 - 0x00007ff8fdda0000 	C:\Users\USER\.openjfx\cache\23.0.1+4\amd64\prism_d3d.dll
0x00007ff8ea480000 - 0x00007ff8ea628000 	C:\WINDOWS\system32\d3d9.dll
0x00007ff93de30000 - 0x00007ff93de5b000 	C:\WINDOWS\SYSTEM32\dwmapi.dll
0x00007ff93dbf0000 - 0x00007ff93dc27000 	C:\WINDOWS\SYSTEM32\dxcore.dll
0x00007ff93da00000 - 0x00007ff93dab1000 	C:\WINDOWS\system32\uxtheme.dll
0x00007ff919af0000 - 0x00007ff919d5f000 	C:\WINDOWS\System32\DriverStore\FileRepository\iigd_dch.inf_amd64_03e2a5c7c3b3fa7c\igdumdim64.dll
0x00007ff943120000 - 0x00007ff9432c5000 	C:\WINDOWS\System32\ole32.dll
0x00007ff8995b0000 - 0x00007ff89aad3000 	C:\WINDOWS\System32\DriverStore\FileRepository\iigd_dch.inf_amd64_03e2a5c7c3b3fa7c\igd9dxva64.dll
0x00007ff941720000 - 0x00007ff941b94000 	C:\WINDOWS\System32\SETUPAPI.dll
0x00007ff940540000 - 0x00007ff94058e000 	C:\WINDOWS\SYSTEM32\cfgmgr32.dll
0x00007ff8d1bd0000 - 0x00007ff8d38fb000 	C:\WINDOWS\System32\DriverStore\FileRepository\iigd_dch.inf_amd64_03e2a5c7c3b3fa7c\media_bin_64.dll
0x00007ff9345e0000 - 0x00007ff934a1f000 	C:\WINDOWS\System32\DriverStore\FileRepository\iigd_dch.inf_amd64_03e2a5c7c3b3fa7c\igdgmm64.dll
0x00007ff939440000 - 0x00007ff939489000 	C:\WINDOWS\SYSTEM32\directxdatabasehelper.dll
0x00007ff8f8810000 - 0x00007ff8f8855000 	C:\Users\USER\.openjfx\cache\23.0.1+4\amd64\glass.dll
0x00007ff9421a0000 - 0x00007ff9422a0000 	C:\WINDOWS\System32\COMDLG32.dll
0x00007ff942650000 - 0x00007ff9427b1000 	C:\WINDOWS\System32\MSCTF.dll
0x00007ff8ef880000 - 0x00007ff8ef8a7000 	C:\WINDOWS\System32\DriverStore\FileRepository\iigd_dch.inf_amd64_03e2a5c7c3b3fa7c\igdinfo64.dll
0x00007ff940080000 - 0x00007ff94009b000 	C:\WINDOWS\SYSTEM32\CRYPTSP.dll
0x00007ff93f910000 - 0x00007ff93f945000 	C:\WINDOWS\system32\rsaenh.dll
0x00007ff9400a0000 - 0x00007ff9400ac000 	C:\WINDOWS\SYSTEM32\CRYPTBASE.dll
0x00007ff9369a0000 - 0x00007ff9369c4000 	C:\WINDOWS\System32\DriverStore\FileRepository\iigd_dch.inf_amd64_03e2a5c7c3b3fa7c\igc64.dll
0x00007ff92fe70000 - 0x00007ff9345db000 	C:\WINDOWS\System32\DriverStore\FileRepository\iigd_dch.inf_amd64_03e2a5c7c3b3fa7c\igc1464.dll
0x00007ff9425a0000 - 0x00007ff942650000 	C:\WINDOWS\System32\clbcatq.dll
0x00007ff92ed30000 - 0x00007ff92eead000 	C:\Windows\System32\Windows.UI.dll
0x00007ff92d980000 - 0x00007ff92daf5000 	C:\Windows\System32\Windows.UI.Immersive.dll
0x00007ff90dae0000 - 0x00007ff90daf5000 	C:\Users\USER\.openjfx\cache\23.0.1+4\amd64\javafx_font.dll
0x00007ff93adc0000 - 0x00007ff93b033000 	C:\WINDOWS\SYSTEM32\dwrite.dll
0x00007ff93d820000 - 0x00007ff93d9d0000 	C:\WINDOWS\SYSTEM32\WindowsCodecs.dll
0x00007ff911160000 - 0x00007ff9111be000 	C:\WINDOWS\system32\dataexchange.dll
0x00007ff937a20000 - 0x00007ff937cc4000 	C:\WINDOWS\system32\twinapi.appcore.dll
0x00007ff919a60000 - 0x00007ff919a92000 	C:\Program Files\Common Files\Microsoft Shared\Ink\rtscom.dll
0x00007ff92b4e0000 - 0x00007ff92b625000 	C:\WINDOWS\SYSTEM32\textinputframework.dll
0x00007ff93bf50000 - 0x00007ff93c083000 	C:\WINDOWS\SYSTEM32\CoreMessaging.dll
0x00007ff938830000 - 0x00007ff938b9d000 	C:\WINDOWS\SYSTEM32\CoreUIComponents.dll

dbghelp: loaded successfully - version: 4.0.5 - missing functions: none
symbol engine: initialized successfully - sym options: 0x614 - pdb path: .;C:\Program Files\Java\jdk-21\bin;C:\WINDOWS\SYSTEM32;C:\WINDOWS\WinSxS\amd64_microsoft.windows.common-controls_6595b64144ccf1df_6.0.22621.4541_none_2710d1c57384c085;C:\Program Files\Java\jdk-21\bin\server;C:\Users\USER\.openjfx\cache\23.0.1+4\amd64;C:\WINDOWS\System32\DriverStore\FileRepository\iigd_dch.inf_amd64_03e2a5c7c3b3fa7c;C:\Program Files\Common Files\Microsoft Shared\Ink

VM Arguments:
jvm_args: --module-path=C:\Users\USER\.m2\repository\org\openjfx\javafx-base\23.0.1\javafx-base-23.0.1-win.jar;C:\Users\USER\.m2\repository\org\openjfx\javafx-base\23.0.1\javafx-base-23.0.1.jar;C:\Users\USER\.m2\repository\org\openjfx\javafx-controls\23.0.1\javafx-controls-23.0.1-win.jar;C:\Users\USER\.m2\repository\org\openjfx\javafx-controls\23.0.1\javafx-controls-23.0.1.jar;C:\Users\USER\.m2\repository\org\openjfx\javafx-fxml\23.0.1\javafx-fxml-23.0.1-win.jar;C:\Users\USER\.m2\repository\org\openjfx\javafx-fxml\23.0.1\javafx-fxml-23.0.1.jar;C:\Users\USER\.m2\repository\org\openjfx\javafx-graphics\23.0.1\javafx-graphics-23.0.1-win.jar;C:\Users\USER\.m2\repository\org\openjfx\javafx-graphics\23.0.1\javafx-graphics-23.0.1.jar --add-modules=javafx.base,javafx.controls,javafx.fxml,javafx.graphics 
java_command: com.mycompany.java_farm.mainUi
java_class_path (initial): D:\FILE MEEEEE\SEMESTER 3\PBO\Java_farm\Java_farm\target\classes;C:\Users\USER\.m2\repository\au\com\dius\pact\core\pactbroker\4.6.15\pactbroker-4.6.15.jar;C:\Users\USER\.m2\repository\au\com\dius\pact\core\support\4.6.15\support-4.6.15.jar;C:\Users\USER\.m2\repository\com\github\mifmif\generex\1.0.2\generex-1.0.2.jar;C:\Users\USER\.m2\repository\com\google\code\findbugs\jsr305\3.0.2\jsr305-3.0.2.jar;C:\Users\USER\.m2\repository\com\google\errorprone\error_prone_annotations\2.11.0\error_prone_annotations-2.11.0.jar;C:\Users\USER\.m2\repository\com\google\guava\failureaccess\1.0.1\failureaccess-1.0.1.jar;C:\Users\USER\.m2\repository\com\google\guava\guava\31.1-jre\guava-31.1-jre.jar;C:\Users\USER\.m2\repository\com\google\guava\listenablefuture\9999.0-empty-to-avoid-conflict-with-guava\listenablefuture-9999.0-empty-to-avoid-conflict-with-guava.jar;C:\Users\USER\.m2\repository\com\google\j2objc\j2objc-annotations\1.3\j2objc-annotations-1.3.jar;C:\Users\USER\.m2\repository\com\google\protobuf\protobuf-java\3.21.9\protobuf-java-3.21.9.jar;C:\Users\USER\.m2\repository\com\mysql\mysql-connector-j\8.0.33\mysql-connector-j-8.0.33.jar;C:\Users\USER\.m2\repository\commons-codec\commons-codec\1.15\commons-codec-1.15.jar;C:\Users\USER\.m2\repository\dk\brics\automaton\automaton\1.11-8\automaton-1.11-8.jar;C:\Users\USER\.m2\repository\io\github\oshai\kotlin-logging-jvm\5.1.4\kotlin-logging-jvm-5.1.4.jar;C:\Users\USER\.m2\repository\org\apache\commons\commons-lang3\3.12.0\commons-lang3-3.12.0.jar;C:\Users\USER\.m2\repository\org\apache\commons\commons-text\1.10.0\commons-text-1.10.0.jar;C:\Users\USER\.m2\repository\org\apache\httpcomponents\client5\httpclient5\5.3.1\httpclient5-5.3.1.jar;C:\Users\USER\.m2\repository\org\apache\httpcomponents\client5\httpclient5-fluent\5.3.1\httpclient5-fluent-5.3.1.jar;C:\Users\USER\.m2\repository\org\apache\httpcomponents\core5\httpcore5\5.2.4\httpcore5-5.2.4.jar;C:\Users\USER\.m2\repository\org\apache\httpcomponents\core5\httpcore5-h2\5.2.4\httpcore5-h2-5.2.4.jar;C:\Users\USER\.m2\repository\org\checkerframework\checker-qual\3.12.0\checker-qual-3.12.0.jar;C:\Users\USER\.m2\repository\org\jetbrains\annotations\13.0\annotations-13.0.jar;C:\Users\USER\.m2\repository\org\jetbrains\kotlin\kotlin-reflect\1.8.22\kotlin-reflect-1.8.22.jar;C:\Users\USER\.m2\repository\org\jetbrains\kotlin\kotlin-stdlib\1.8.22\kotlin-stdlib-1.8.22.jar;C:\Users\USER\.m2\repository\org\jetbrains\kotlin\kotlin-stdlib-common\1.8.22\kotlin-stdlib-common-1.8.22.jar;C:\Users\USER\.m2\repository\org\jetbrains\kotlin\kotlin-stdlib-jdk7\1.8.22\kotlin-stdlib-jdk7-1.8.22.jar;C:\Users\USER\.m2\repository\org\jetbrains\kotlin\kotlin-stdlib-jdk8\1.8.22\kotlin-stdlib-jdk8-1.8.22.jar;C:\Users\USER\.m2\repository\org\slf4j\slf4j-api\1.7.36\slf4j-api-1.7.36.jar
Launcher Type: SUN_STANDARD

[Global flags]
     intx CICompilerCount                          = 3                                         {product} {ergonomic}
     uint ConcGCThreads                            = 1                                         {product} {ergonomic}
     uint G1ConcRefinementThreads                  = 4                                         {product} {ergonomic}
   size_t G1HeapRegionSize                         = 1048576                                   {product} {ergonomic}
    uintx GCDrainStackTargetSize                   = 64                                        {product} {ergonomic}
   size_t InitialHeapSize                          = 65011712                                  {product} {ergonomic}
   size_t MarkStackSize                            = 4194304                                   {product} {ergonomic}
   size_t MaxHeapSize                              = 1021313024                                {product} {ergonomic}
   size_t MaxNewSize                               = 612368384                                 {product} {ergonomic}
   size_t MinHeapDeltaBytes                        = 1048576                                   {product} {ergonomic}
   size_t MinHeapSize                              = 8388608                                   {product} {ergonomic}
    uintx NonNMethodCodeHeapSize                   = 5832780                                {pd product} {ergonomic}
    uintx NonProfiledCodeHeapSize                  = 122912730                              {pd product} {ergonomic}
    uintx ProfiledCodeHeapSize                     = 122912730                              {pd product} {ergonomic}
    uintx ReservedCodeCacheSize                    = 251658240                              {pd product} {ergonomic}
     bool SegmentedCodeCache                       = true                                      {product} {ergonomic}
   size_t SoftMaxHeapSize                          = 1021313024                             {manageable} {ergonomic}
     bool UseCompressedOops                        = true                           {product lp64_product} {ergonomic}
     bool UseG1GC                                  = true                                      {product} {ergonomic}
     bool UseLargePagesIndividualAllocation        = false                                  {pd product} {ergonomic}

Logging:
Log output configuration:
 #0: stdout all=warning uptime,level,tags foldmultilines=false
 #1: stderr all=off uptime,level,tags foldmultilines=false

Environment Variables:
JAVA_HOME=C:\Program Files\Java\jdk-21
PATH=C:\Program Files\Common Files\Oracle\Java\javapath;C:\WINDOWS\system32;C:\WINDOWS;C:\WINDOWS\System32\Wbem;C:\WINDOWS\System32\WindowsPowerShell\v1.0\;C:\WINDOWS\System32\OpenSSH\;C:\MinGW\bin;C:\Program Files\dotnet\;C:\Program Files\MySQL\MySQL Server 8.0\bin;C:\xampp\php;C:\Program Files\MATLAB\R2024b\bin;C:\Program Files\Java\jdk-23\bin;C:\Users\USER\Downloads\apache-ant-1.10.15-bin\bin;C:\Program Files\Java\javafx-sdk-23.0.1\bin;C:\Program Files\NetBeans-20\netbeans\java\maven;C:\Users\USER\Downloads\apache-maven-3.9.9-bin\apache-maven-3.9.9\bin;C:\Program Files\Java\jdk-21\bin;C:\Program Files\Java\javafx-sdk-21.0.5\bin;C:\Program Files\Java\jdk-21\bin;C:\Program Files\MySQL\MySQL Shell 8.0\bin\;C:\Users\USER\AppData\Local\Microsoft\WindowsApps;;C:\Users\USER\Documents\FILE MEEEEE\Microsoft VS Code\bin
USERNAME=USER
OS=Windows_NT
PROCESSOR_IDENTIFIER=Intel64 Family 6 Model 140 Stepping 1, GenuineIntel
TMP=C:\Users\USER\AppData\Local\Temp
TEMP=C:\Users\USER\AppData\Local\Temp




Periodic native trim disabled

---------------  S Y S T E M  ---------------

OS:
 Windows 11 , 64 bit Build 22621 (10.0.22621.4391)
OS uptime: 0 days 5:22 hours

CPU: total 4 (initial active 4) (2 cores per cpu, 2 threads per core) family 6 model 140 stepping 1 microcode 0x9a, cx8, cmov, fxsr, ht, mmx, 3dnowpref, sse, sse2, sse3, ssse3, sse4.1, sse4.2, popcnt, lzcnt, tsc, tscinvbit, avx, avx2, aes, erms, clmul, bmi1, bmi2, adx, avx512f, avx512dq, avx512cd, avx512bw, avx512vl, sha, fma, vzeroupper, avx512_vpopcntdq, avx512_vpclmulqdq, avx512_vaes, avx512_vnni, clflush, clflushopt, clwb, avx512_vbmi2, avx512_vbmi, rdtscp, rdpid, fsrm, gfni, avx512_bitalg, f16c, pku, cet_ibt, cet_ss, avx512_ifma
Processor Information for all 4 processors :
  Max Mhz: 2995, Current Mhz: 2995, Mhz Limit: 2995

Memory: 4k page, system-wide physical 3895M (339M free)
TotalPageFile size 15671M (AvailPageFile size 46M)
current process WorkingSet (physical memory assigned to process): 244M, peak: 342M
current process commit charge ("private bytes"): 497M, peak: 592M

vm_info: Java HotSpot(TM) 64-Bit Server VM (21.0.5+9-LTS-239) for windows-amd64 JRE (21.0.5+9-LTS-239), built on 2024-09-30T05:17:38Z by "mach5one" with MS VC++ 17.6 (VS2022)

END.
