#
# There is insufficient memory for the Java Runtime Environment to continue.
# Native memory allocation (malloc) failed to allocate 1792752 bytes for Chunk::new
# Possible reasons:
#   The system is out of physical RAM or swap space
#   The process is running with CompressedOops enabled, and the Java Heap may be blocking the growth of the native heap
# Possible solutions:
#   Reduce memory load on the system
#   Increase physical memory or swap space
#   Check if swap backing store is full
#   Decrease Java heap size (-Xmx/-Xms)
#   Decrease number of Java threads
#   Decrease Java thread stack sizes (-Xss)
#   Set larger code cache with -XX:ReservedCodeCacheSize=
#   JVM is running with Unscaled Compressed Oops mode in which the Java heap is
#     placed in the first 4GB address space. The Java Heap base address is the
#     maximum limit for the native heap growth. Please use -XX:HeapBaseMinAddress
#     to set the Java Heap base and to place the Java Heap above 4GB virtual address.
# This output file may be truncated or incomplete.
#
#  Out of Memory Error (arena.cpp:168), pid=18532, tid=1380
#
# JRE version: Java(TM) SE Runtime Environment (21.0.5+9) (build 21.0.5+9-LTS-239)
# Java VM: Java HotSpot(TM) 64-Bit Server VM (21.0.5+9-LTS-239, mixed mode, sharing, tiered, compressed oops, compressed class ptrs, g1 gc, windows-amd64)
# No core dump will be written. Minidumps are not enabled by default on client versions of Windows
#

---------------  S U M M A R Y ------------

Command Line: --module-path=C:\Users\USER\.m2\repository\org\openjfx\javafx-base\23.0.1\javafx-base-23.0.1-win.jar;C:\Users\USER\.m2\repository\org\openjfx\javafx-base\23.0.1\javafx-base-23.0.1.jar;C:\Users\USER\.m2\repository\org\openjfx\javafx-controls\23.0.1\javafx-controls-23.0.1-win.jar;C:\Users\USER\.m2\repository\org\openjfx\javafx-controls\23.0.1\javafx-controls-23.0.1.jar;C:\Users\USER\.m2\repository\org\openjfx\javafx-fxml\23.0.1\javafx-fxml-23.0.1-win.jar;C:\Users\USER\.m2\repository\org\openjfx\javafx-fxml\23.0.1\javafx-fxml-23.0.1.jar;C:\Users\USER\.m2\repository\org\openjfx\javafx-graphics\23.0.1\javafx-graphics-23.0.1-win.jar;C:\Users\USER\.m2\repository\org\openjfx\javafx-graphics\23.0.1\javafx-graphics-23.0.1.jar --add-modules=javafx.base,javafx.controls,javafx.fxml,javafx.graphics com.mycompany.java_farm.mainUi

Host: 11th Gen Intel(R) Core(TM) i3-1115G4 @ 3.00GHz, 4 cores, 3G,  Windows 11 , 64 bit Build 22621 (10.0.22621.4391)
Time: Sat Dec 21 10:02:43 2024 SE Asia Standard Time elapsed time: 6.392379 seconds (0d 0h 0m 6s)

---------------  T H R E A D  ---------------

Current thread (0x000001f8fa4fe4f0):  JavaThread "C2 CompilerThread0" daemon [_thread_in_native, id=1380, stack(0x000000894d400000,0x000000894d500000) (1024K)]


Current CompileTask:
C2:   6392 4982 %     4       com.sun.marlin.Renderer::_endRendering @ 787 (2639 bytes)

Stack: [0x000000894d400000,0x000000894d500000]
Native frames: (J=compiled Java code, j=interpreted, Vv=VM code, C=native code)
V  [jvm.dll+0x6ca289]
V  [jvm.dll+0x854a51]
V  [jvm.dll+0x856f7e]
V  [jvm.dll+0x857653]
V  [jvm.dll+0x27dd26]
V  [jvm.dll+0xc4c2d]
V  [jvm.dll+0xc5163]
V  [jvm.dll+0x3b4d3c]
V  [jvm.dll+0x1df809]
V  [jvm.dll+0x246a62]
V  [jvm.dll+0x245eef]
V  [jvm.dll+0x1c6d0e]
V  [jvm.dll+0x2554d9]
V  [jvm.dll+0x253a6a]
V  [jvm.dll+0x3ee136]
V  [jvm.dll+0x7fee9b]
V  [jvm.dll+0x6c896d]
C  [ucrtbase.dll+0x29333]
C  [KERNEL32.DLL+0x1259d]
C  [ntdll.dll+0x5af38]


---------------  P R O C E S S  ---------------

Threads class SMR info:
_java_thread_list=0x000001f8c6a15e20, length=19, elements={
0x000001f8dd814010, 0x000001f8fa4e4130, 0x000001f8fa4e5130, 0x000001f8fa4e95e0,
0x000001f8fa4ec6f0, 0x000001f8fa4ee150, 0x000001f8fa4efbb0, 0x000001f8fa4fe4f0,
0x000001f8fa500f90, 0x000001f8fa703750, 0x000001f8fa827b30, 0x000001f8ff29f710,
0x000001f8ff4200c0, 0x000001f8ff42a740, 0x000001f8ff6a1d30, 0x000001f8ff6d5c30,
0x000001f8c63128e0, 0x000001f8c6730660, 0x000001f8c672e590
}

Java Threads: ( => current thread )
  0x000001f8dd814010 JavaThread "main"                              [_thread_blocked, id=11340, stack(0x000000894c600000,0x000000894c700000) (1024K)]
  0x000001f8fa4e4130 JavaThread "Reference Handler"          daemon [_thread_blocked, id=18736, stack(0x000000894ce00000,0x000000894cf00000) (1024K)]
  0x000001f8fa4e5130 JavaThread "Finalizer"                  daemon [_thread_blocked, id=12840, stack(0x000000894cf00000,0x000000894d000000) (1024K)]
  0x000001f8fa4e95e0 JavaThread "Signal Dispatcher"          daemon [_thread_blocked, id=3836, stack(0x000000894d000000,0x000000894d100000) (1024K)]
  0x000001f8fa4ec6f0 JavaThread "Attach Listener"            daemon [_thread_blocked, id=9912, stack(0x000000894d100000,0x000000894d200000) (1024K)]
  0x000001f8fa4ee150 JavaThread "Service Thread"             daemon [_thread_blocked, id=3992, stack(0x000000894d200000,0x000000894d300000) (1024K)]
  0x000001f8fa4efbb0 JavaThread "Monitor Deflation Thread"   daemon [_thread_blocked, id=4860, stack(0x000000894d300000,0x000000894d400000) (1024K)]
=>0x000001f8fa4fe4f0 JavaThread "C2 CompilerThread0"         daemon [_thread_in_native, id=1380, stack(0x000000894d400000,0x000000894d500000) (1024K)]
  0x000001f8fa500f90 JavaThread "C1 CompilerThread0"         daemon [_thread_blocked, id=18236, stack(0x000000894d500000,0x000000894d600000) (1024K)]
  0x000001f8fa703750 JavaThread "Common-Cleaner"             daemon [_thread_blocked, id=16020, stack(0x000000894d600000,0x000000894d700000) (1024K)]
  0x000001f8fa827b30 JavaThread "Notification Thread"        daemon [_thread_blocked, id=13104, stack(0x000000894d700000,0x000000894d800000) (1024K)]
  0x000001f8ff29f710 JavaThread "QuantumRenderer-0"          daemon [_thread_blocked, id=4580, stack(0x000000894db00000,0x000000894dc00000) (1024K)]
  0x000001f8ff4200c0 JavaThread "InvokeLaterDispatcher"      daemon [_thread_blocked, id=19864, stack(0x000000894dc00000,0x000000894dd00000) (1024K)]
  0x000001f8ff42a740 JavaThread "JavaFX Application Thread"         [_thread_in_native, id=11416, stack(0x000000894dd00000,0x000000894de00000) (1024K)]
  0x000001f8ff6a1d30 JavaThread "JavaFX-Launcher"                   [_thread_blocked, id=17264, stack(0x000000894e200000,0x000000894e300000) (1024K)]
  0x000001f8ff6d5c30 JavaThread "Thread-2"                   daemon [_thread_in_native, id=16596, stack(0x000000894e100000,0x000000894e200000) (1024K)]
  0x000001f8c63128e0 JavaThread "Prism Font Disposer"        daemon [_thread_blocked, id=10264, stack(0x000000894e300000,0x000000894e400000) (1024K)]
  0x000001f8c6730660 JavaThread "mysql-cj-abandoned-connection-cleanup" daemon [_thread_blocked, id=4892, stack(0x000000894e400000,0x000000894e500000) (1024K)]
  0x000001f8c672e590 JavaThread "Cleaner-0"                  daemon [_thread_blocked, id=15524, stack(0x000000894e800000,0x000000894e900000) (1024K)]
Total: 19

Other Threads:
  0x000001f8df98b670 VMThread "VM Thread"                           [id=10064, stack(0x000000894cd00000,0x000000894ce00000) (1024K)]
  0x000001f8fa4cd510 WatcherThread "VM Periodic Task Thread"        [id=20056, stack(0x000000894cc00000,0x000000894cd00000) (1024K)]
  0x000001f8df902760 WorkerThread "GC Thread#0"                     [id=17792, stack(0x000000894c700000,0x000000894c800000) (1024K)]
  0x000001f8ff28d200 WorkerThread "GC Thread#1"                     [id=12768, stack(0x000000894d800000,0x000000894d900000) (1024K)]
  0x000001f8ff296980 WorkerThread "GC Thread#2"                     [id=1584, stack(0x000000894d900000,0x000000894da00000) (1024K)]
  0x000001f8ff296d20 WorkerThread "GC Thread#3"                     [id=20608, stack(0x000000894da00000,0x000000894db00000) (1024K)]
  0x000001f8df90bac0 ConcurrentGCThread "G1 Main Marker"            [id=15640, stack(0x000000894c800000,0x000000894c900000) (1024K)]
  0x000001f8df90c5c0 WorkerThread "G1 Conc#0"                       [id=16256, stack(0x000000894c900000,0x000000894ca00000) (1024K)]
  0x000001f8df968ed0 ConcurrentGCThread "G1 Refine#0"               [id=10900, stack(0x000000894ca00000,0x000000894cb00000) (1024K)]
  0x000001f8df969a40 ConcurrentGCThread "G1 Service"                [id=14532, stack(0x000000894cb00000,0x000000894cc00000) (1024K)]
Total: 10

Threads with active compile tasks:
C2 CompilerThread0     6417 4982 %     4       com.sun.marlin.Renderer::_endRendering @ 787 (2639 bytes)
Total: 1

VM state: not at safepoint (normal execution)

VM Mutex/Monitor currently owned by a thread: None

Heap address: 0x00000000c3200000, size: 974 MB, Compressed Oops mode: 32-bit

CDS archive(s) mapped at: [0x000001f880000000-0x000001f880c90000-0x000001f880c90000), size 13172736, SharedBaseAddress: 0x000001f880000000, ArchiveRelocationMode: 1.
Compressed class space mapped at: 0x000001f881000000-0x000001f8c1000000, reserved size: 1073741824
Narrow klass base: 0x000001f880000000, Narrow klass shift: 0, Narrow klass range: 0x100000000

GC Precious Log:
 CardTable entry size: 512
 Card Set container configuration: InlinePtr #cards 5 size 8 Array Of Cards #cards 12 size 40 Howl #buckets 4 coarsen threshold 1843 Howl Bitmap #cards 512 size 80 coarsen threshold 460 Card regions per heap region 1 cards per card region 2048
 CPUs: 4 total, 4 available
 Memory: 3895M
 Large Page Support: Disabled
 NUMA Support: Disabled
 Compressed Oops: Enabled (32-bit)
 Heap Region Size: 1M
 Heap Min Capacity: 8M
 Heap Initial Capacity: 62M
 Heap Max Capacity: 974M
 Pre-touch: Disabled
 Parallel Workers: 4
 Concurrent Workers: 1
 Concurrent Refinement Workers: 4
 Periodic GC: Disabled

Heap:
 garbage-first heap   total 75776K, used 63951K [0x00000000c3200000, 0x0000000100000000)
  region size 1024K, 6 young (6144K), 2 survivors (2048K)
 Metaspace       used 23156K, committed 23552K, reserved 1114112K
  class space    used 3217K, committed 3392K, reserved 1048576K

Heap Regions: E=young(eden), S=young(survivor), O=old, HS=humongous(starts), HC=humongous(continues), CS=collection set, F=free, TAMS=top-at-mark-start, PB=parsable bottom
|   0|0x00000000c3200000, 0x00000000c3300000, 0x00000000c3300000|100%| O|  |TAMS 0x00000000c3200000| PB 0x00000000c3200000| Untracked 
|   1|0x00000000c3300000, 0x00000000c3400000, 0x00000000c3400000|100%| O|  |TAMS 0x00000000c3300000| PB 0x00000000c3300000| Untracked 
|   2|0x00000000c3400000, 0x00000000c3500000, 0x00000000c3500000|100%| O|  |TAMS 0x00000000c3400000| PB 0x00000000c3400000| Untracked 
|   3|0x00000000c3500000, 0x00000000c3600000, 0x00000000c3600000|100%|HS|  |TAMS 0x00000000c3500000| PB 0x00000000c3500000| Complete 
|   4|0x00000000c3600000, 0x00000000c3700000, 0x00000000c3700000|100%|HC|  |TAMS 0x00000000c3600000| PB 0x00000000c3600000| Complete 
|   5|0x00000000c3700000, 0x00000000c3800000, 0x00000000c3800000|100%|HS|  |TAMS 0x00000000c3700000| PB 0x00000000c3700000| Complete 
|   6|0x00000000c3800000, 0x00000000c3900000, 0x00000000c3900000|100%|HC|  |TAMS 0x00000000c3800000| PB 0x00000000c3800000| Complete 
|   7|0x00000000c3900000, 0x00000000c3a00000, 0x00000000c3a00000|100%|HC|  |TAMS 0x00000000c3900000| PB 0x00000000c3900000| Complete 
|   8|0x00000000c3a00000, 0x00000000c3b00000, 0x00000000c3b00000|100%|HC|  |TAMS 0x00000000c3a00000| PB 0x00000000c3a00000| Complete 
|   9|0x00000000c3b00000, 0x00000000c3c00000, 0x00000000c3c00000|100%|HS|  |TAMS 0x00000000c3b00000| PB 0x00000000c3b00000| Complete 
|  10|0x00000000c3c00000, 0x00000000c3d00000, 0x00000000c3d00000|100%|HC|  |TAMS 0x00000000c3c00000| PB 0x00000000c3c00000| Complete 
|  11|0x00000000c3d00000, 0x00000000c3e00000, 0x00000000c3e00000|100%|HS|  |TAMS 0x00000000c3d00000| PB 0x00000000c3d00000| Complete 
|  12|0x00000000c3e00000, 0x00000000c3f00000, 0x00000000c3f00000|100%|HC|  |TAMS 0x00000000c3e00000| PB 0x00000000c3e00000| Complete 
|  13|0x00000000c3f00000, 0x00000000c4000000, 0x00000000c4000000|100%|HS|  |TAMS 0x00000000c3f00000| PB 0x00000000c3f00000| Complete 
|  14|0x00000000c4000000, 0x00000000c4100000, 0x00000000c4100000|100%|HC|  |TAMS 0x00000000c4000000| PB 0x00000000c4000000| Complete 
|  15|0x00000000c4100000, 0x00000000c4200000, 0x00000000c4200000|100%|HS|  |TAMS 0x00000000c4100000| PB 0x00000000c4100000| Complete 
|  16|0x00000000c4200000, 0x00000000c4300000, 0x00000000c4300000|100%|HC|  |TAMS 0x00000000c4200000| PB 0x00000000c4200000| Complete 
|  17|0x00000000c4300000, 0x00000000c4400000, 0x00000000c4400000|100%|HS|  |TAMS 0x00000000c4300000| PB 0x00000000c4300000| Complete 
|  18|0x00000000c4400000, 0x00000000c4500000, 0x00000000c4500000|100%|HC|  |TAMS 0x00000000c4400000| PB 0x00000000c4400000| Complete 
|  19|0x00000000c4500000, 0x00000000c4600000, 0x00000000c4600000|100%|HS|  |TAMS 0x00000000c4500000| PB 0x00000000c4500000| Complete 
|  20|0x00000000c4600000, 0x00000000c4700000, 0x00000000c4700000|100%|HC|  |TAMS 0x00000000c4600000| PB 0x00000000c4600000| Complete 
|  21|0x00000000c4700000, 0x00000000c4800000, 0x00000000c4800000|100%|HS|  |TAMS 0x00000000c4700000| PB 0x00000000c4700000| Complete 
|  22|0x00000000c4800000, 0x00000000c4900000, 0x00000000c4900000|100%|HC|  |TAMS 0x00000000c4800000| PB 0x00000000c4800000| Complete 
|  23|0x00000000c4900000, 0x00000000c4a00000, 0x00000000c4a00000|100%| O|  |TAMS 0x00000000c4900000| PB 0x00000000c4900000| Untracked 
|  24|0x00000000c4a00000, 0x00000000c4b00000, 0x00000000c4b00000|100%| O|  |TAMS 0x00000000c4a00000| PB 0x00000000c4a00000| Untracked 
|  25|0x00000000c4b00000, 0x00000000c4c00000, 0x00000000c4c00000|100%| O|  |TAMS 0x00000000c4b00000| PB 0x00000000c4b00000| Untracked 
|  26|0x00000000c4c00000, 0x00000000c4d00000, 0x00000000c4d00000|100%| O|  |TAMS 0x00000000c4c00000| PB 0x00000000c4c00000| Untracked 
|  27|0x00000000c4d00000, 0x00000000c4e00000, 0x00000000c4e00000|100%| O|  |TAMS 0x00000000c4d00000| PB 0x00000000c4d00000| Untracked 
|  28|0x00000000c4e00000, 0x00000000c4e00000, 0x00000000c4f00000|  0%| F|  |TAMS 0x00000000c4e00000| PB 0x00000000c4e00000| Untracked 
|  29|0x00000000c4f00000, 0x00000000c5000000, 0x00000000c5000000|100%| O|  |TAMS 0x00000000c4f00000| PB 0x00000000c4f00000| Untracked 
|  30|0x00000000c5000000, 0x00000000c5100000, 0x00000000c5100000|100%| O|  |TAMS 0x00000000c5000000| PB 0x00000000c5000000| Untracked 
|  31|0x00000000c5100000, 0x00000000c5200000, 0x00000000c5200000|100%|HS|  |TAMS 0x00000000c5100000| PB 0x00000000c5100000| Complete 
|  32|0x00000000c5200000, 0x00000000c5300000, 0x00000000c5300000|100%|HC|  |TAMS 0x00000000c5200000| PB 0x00000000c5200000| Complete 
|  33|0x00000000c5300000, 0x00000000c5400000, 0x00000000c5400000|100%|HS|  |TAMS 0x00000000c5300000| PB 0x00000000c5300000| Complete 
|  34|0x00000000c5400000, 0x00000000c5500000, 0x00000000c5500000|100%|HC|  |TAMS 0x00000000c5400000| PB 0x00000000c5400000| Complete 
|  35|0x00000000c5500000, 0x00000000c5600000, 0x00000000c5600000|100%|HS|  |TAMS 0x00000000c5500000| PB 0x00000000c5500000| Complete 
|  36|0x00000000c5600000, 0x00000000c5700000, 0x00000000c5700000|100%|HC|  |TAMS 0x00000000c5600000| PB 0x00000000c5600000| Complete 
|  37|0x00000000c5700000, 0x00000000c5800000, 0x00000000c5800000|100%|HC|  |TAMS 0x00000000c5700000| PB 0x00000000c5700000| Complete 
|  38|0x00000000c5800000, 0x00000000c5900000, 0x00000000c5900000|100%|HC|  |TAMS 0x00000000c5800000| PB 0x00000000c5800000| Complete 
|  39|0x00000000c5900000, 0x00000000c5a00000, 0x00000000c5a00000|100%|HS|  |TAMS 0x00000000c5900000| PB 0x00000000c5900000| Complete 
|  40|0x00000000c5a00000, 0x00000000c5b00000, 0x00000000c5b00000|100%|HC|  |TAMS 0x00000000c5a00000| PB 0x00000000c5a00000| Complete 
|  41|0x00000000c5b00000, 0x00000000c5c00000, 0x00000000c5c00000|100%|HS|  |TAMS 0x00000000c5b00000| PB 0x00000000c5b00000| Complete 
|  42|0x00000000c5c00000, 0x00000000c5d00000, 0x00000000c5d00000|100%|HC|  |TAMS 0x00000000c5c00000| PB 0x00000000c5c00000| Complete 
|  43|0x00000000c5d00000, 0x00000000c5e00000, 0x00000000c5e00000|100%|HS|  |TAMS 0x00000000c5d00000| PB 0x00000000c5d00000| Complete 
|  44|0x00000000c5e00000, 0x00000000c5f00000, 0x00000000c5f00000|100%|HC|  |TAMS 0x00000000c5e00000| PB 0x00000000c5e00000| Complete 
|  45|0x00000000c5f00000, 0x00000000c6000000, 0x00000000c6000000|100%|HS|  |TAMS 0x00000000c5f00000| PB 0x00000000c5f00000| Complete 
|  46|0x00000000c6000000, 0x00000000c6100000, 0x00000000c6100000|100%|HC|  |TAMS 0x00000000c6000000| PB 0x00000000c6000000| Complete 
|  47|0x00000000c6100000, 0x00000000c6200000, 0x00000000c6200000|100%|HS|  |TAMS 0x00000000c6100000| PB 0x00000000c6100000| Complete 
|  48|0x00000000c6200000, 0x00000000c6300000, 0x00000000c6300000|100%|HC|  |TAMS 0x00000000c6200000| PB 0x00000000c6200000| Complete 
|  49|0x00000000c6300000, 0x00000000c6400000, 0x00000000c6400000|100%|HS|  |TAMS 0x00000000c6300000| PB 0x00000000c6300000| Complete 
|  50|0x00000000c6400000, 0x00000000c6500000, 0x00000000c6500000|100%|HC|  |TAMS 0x00000000c6400000| PB 0x00000000c6400000| Complete 
|  51|0x00000000c6500000, 0x00000000c6600000, 0x00000000c6600000|100%| O|  |TAMS 0x00000000c6500000| PB 0x00000000c6500000| Untracked 
|  52|0x00000000c6600000, 0x00000000c6700000, 0x00000000c6700000|100%| O|  |TAMS 0x00000000c6600000| PB 0x00000000c6600000| Untracked 
|  53|0x00000000c6700000, 0x00000000c6800000, 0x00000000c6800000|100%| O|  |TAMS 0x00000000c6700000| PB 0x00000000c6700000| Untracked 
|  54|0x00000000c6800000, 0x00000000c6873cd0, 0x00000000c6900000| 45%| O|  |TAMS 0x00000000c6800000| PB 0x00000000c6800000| Untracked 
|  55|0x00000000c6900000, 0x00000000c6900000, 0x00000000c6a00000|  0%| F|  |TAMS 0x00000000c6900000| PB 0x00000000c6900000| Untracked 
|  56|0x00000000c6a00000, 0x00000000c6a00000, 0x00000000c6b00000|  0%| F|  |TAMS 0x00000000c6a00000| PB 0x00000000c6a00000| Untracked 
|  57|0x00000000c6b00000, 0x00000000c6b00000, 0x00000000c6c00000|  0%| F|  |TAMS 0x00000000c6b00000| PB 0x00000000c6b00000| Untracked 
|  58|0x00000000c6c00000, 0x00000000c6d00000, 0x00000000c6d00000|100%| S|CS|TAMS 0x00000000c6c00000| PB 0x00000000c6c00000| Complete 
|  59|0x00000000c6d00000, 0x00000000c6e00000, 0x00000000c6e00000|100%| S|CS|TAMS 0x00000000c6d00000| PB 0x00000000c6d00000| Complete 
|  60|0x00000000c6e00000, 0x00000000c6e00000, 0x00000000c6f00000|  0%| F|  |TAMS 0x00000000c6e00000| PB 0x00000000c6e00000| Untracked 
|  61|0x00000000c6f00000, 0x00000000c6f00000, 0x00000000c7000000|  0%| F|  |TAMS 0x00000000c6f00000| PB 0x00000000c6f00000| Untracked 
|  62|0x00000000c7000000, 0x00000000c7000000, 0x00000000c7100000|  0%| F|  |TAMS 0x00000000c7000000| PB 0x00000000c7000000| Untracked 
|  63|0x00000000c7100000, 0x00000000c7100000, 0x00000000c7200000|  0%| F|  |TAMS 0x00000000c7100000| PB 0x00000000c7100000| Untracked 
|  64|0x00000000c7200000, 0x00000000c7200000, 0x00000000c7300000|  0%| F|  |TAMS 0x00000000c7200000| PB 0x00000000c7200000| Untracked 
|  65|0x00000000c7300000, 0x00000000c7300000, 0x00000000c7400000|  0%| F|  |TAMS 0x00000000c7300000| PB 0x00000000c7300000| Untracked 
|  66|0x00000000c7400000, 0x00000000c7500000, 0x00000000c7500000|100%|HS|  |TAMS 0x00000000c7400000| PB 0x00000000c7400000| Complete 
|  67|0x00000000c7500000, 0x00000000c7600000, 0x00000000c7600000|100%|HC|  |TAMS 0x00000000c7500000| PB 0x00000000c7500000| Complete 
|  68|0x00000000c7600000, 0x00000000c76acf38, 0x00000000c7700000| 67%| E|  |TAMS 0x00000000c7600000| PB 0x00000000c7600000| Complete 
|  69|0x00000000c7700000, 0x00000000c7800000, 0x00000000c7800000|100%| E|CS|TAMS 0x00000000c7700000| PB 0x00000000c7700000| Complete 
|  70|0x00000000c7800000, 0x00000000c7900000, 0x00000000c7900000|100%| E|CS|TAMS 0x00000000c7800000| PB 0x00000000c7800000| Complete 
|  71|0x00000000c7900000, 0x00000000c7a00000, 0x00000000c7a00000|100%| E|CS|TAMS 0x00000000c7900000| PB 0x00000000c7900000| Complete 
| 972|0x00000000ffe00000, 0x00000000fff00000, 0x00000000fff00000|100%| O|  |TAMS 0x00000000ffe00000| PB 0x00000000ffe00000| Untracked 
| 973|0x00000000fff00000, 0x0000000100000000, 0x0000000100000000|100%| O|  |TAMS 0x00000000fff00000| PB 0x00000000fff00000| Untracked 

Card table byte_map: [0x000001f8f6f40000,0x000001f8f7130000] _byte_map_base: 0x000001f8f6927000

Marking Bits: (CMBitMap*) 0x000001f8df902e60
 Bits: [0x000001f8f7130000, 0x000001f8f8068000)

Polling page: 0x000001f8dd7d0000

Metaspace:

Usage:
  Non-class:     19.47 MB used.
      Class:      3.14 MB used.
       Both:     22.61 MB used.

Virtual space:
  Non-class space:       64.00 MB reserved,      19.69 MB ( 31%) committed,  1 nodes.
      Class space:        1.00 GB reserved,       3.31 MB ( <1%) committed,  1 nodes.
             Both:        1.06 GB reserved,      23.00 MB (  2%) committed. 

Chunk freelists:
   Non-Class:  12.33 MB
       Class:  12.70 MB
        Both:  25.03 MB

MaxMetaspaceSize: unlimited
CompressedClassSpaceSize: 1.00 GB
Initial GC threshold: 21.00 MB
Current GC threshold: 35.31 MB
CDS: on
 - commit_granule_bytes: 65536.
 - commit_granule_words: 8192.
 - virtual_space_node_default_size: 8388608.
 - enlarge_chunks_in_place: 1.
 - use_allocation_guard: 0.


Internal statistics:

num_allocs_failed_limit: 3.
num_arena_births: 412.
num_arena_deaths: 0.
num_vsnodes_births: 2.
num_vsnodes_deaths: 0.
num_space_committed: 368.
num_space_uncommitted: 0.
num_chunks_returned_to_freelist: 3.
num_chunks_taken_from_freelist: 1234.
num_chunk_merges: 0.
num_chunk_splits: 837.
num_chunks_enlarged: 611.
num_inconsistent_stats: 0.

CodeHeap 'non-profiled nmethods': size=120000Kb used=1908Kb max_used=1908Kb free=118092Kb
 bounds [0x000001f8ef820000, 0x000001f8efa90000, 0x000001f8f6d50000]
CodeHeap 'profiled nmethods': size=120000Kb used=9319Kb max_used=9319Kb free=110680Kb
 bounds [0x000001f8e7d50000, 0x000001f8e8670000, 0x000001f8ef280000]
CodeHeap 'non-nmethods': size=5760Kb used=2141Kb max_used=2178Kb free=3618Kb
 bounds [0x000001f8ef280000, 0x000001f8ef4f0000, 0x000001f8ef820000]
 total_blobs=5870 nmethods=4988 adapters=783
 compilation: enabled
              stopped_count=0, restarted_count=0
 full_count=0

Compilation events (20 events):
Event: 6.355 Thread 0x000001f8fa500f90 4998       2       javafx.scene.paint.LinearGradient::acc_getPlatformPaint (23 bytes)
Event: 6.355 Thread 0x000001f8fa500f90 nmethod 4998 0x000001f8e8666210 code [0x000001f8e86663c0, 0x000001f8e8666578]
Event: 6.355 Thread 0x000001f8fa500f90 4999       2       com.sun.prism.impl.ps.BaseShaderGraphics::getPaintShaderTransform (9 bytes)
Event: 6.355 Thread 0x000001f8fa500f90 nmethod 4999 0x000001f8e8666690 code [0x000001f8e8666840, 0x000001f8e8666978]
Event: 6.355 Thread 0x000001f8fa500f90 5000       2       com.sun.javafx.geom.transform.Affine3D::preTranslate (153 bytes)
Event: 6.356 Thread 0x000001f8fa500f90 nmethod 5000 0x000001f8e8666a90 code [0x000001f8e8666c60, 0x000001f8e8666ee0]
Event: 6.356 Thread 0x000001f8fa500f90 5001       2       com.sun.javafx.geom.transform.AffineBase::rotate (149 bytes)
Event: 6.356 Thread 0x000001f8fa500f90 nmethod 5001 0x000001f8e8666f90 code [0x000001f8e86671c0, 0x000001f8e8667568]
Event: 6.356 Thread 0x000001f8fa500f90 5002       2       com.sun.javafx.geom.transform.AffineBase::rotate90 (87 bytes)
Event: 6.356 Thread 0x000001f8fa500f90 nmethod 5002 0x000001f8e8667690 code [0x000001f8e8667860, 0x000001f8e8667a70]
Event: 6.359 Thread 0x000001f8fa500f90 5003       3       com.sun.javafx.geom.Path2D::moveTo (166 bytes)
Event: 6.359 Thread 0x000001f8fa500f90 nmethod 5003 0x000001f8e8667b90 code [0x000001f8e8667d60, 0x000001f8e86680e0]
Event: 6.364 Thread 0x000001f8fa500f90 5004       2       com.sun.prism.d3d.D3DGraphics::getPaintShaderTransform (17 bytes)
Event: 6.364 Thread 0x000001f8fa500f90 nmethod 5004 0x000001f8e8668310 code [0x000001f8e86684e0, 0x000001f8e8668668]
Event: 6.364 Thread 0x000001f8fa500f90 5006       2       java.lang.FdLibm$Atan2::compute (409 bytes)
Event: 6.365 Thread 0x000001f8fa500f90 nmethod 5006 0x000001f8e8668790 code [0x000001f8e8668b20, 0x000001f8e8669308]
Event: 6.365 Thread 0x000001f8fa500f90 5007       2       com.sun.javafx.geom.transform.Affine3D::rotate (27 bytes)
Event: 6.365 Thread 0x000001f8fa500f90 nmethod 5007 0x000001f8e8669490 code [0x000001f8e8669680, 0x000001f8e8669818]
Event: 6.365 Thread 0x000001f8fa500f90 5005       2       com.sun.prism.impl.ps.PaintHelper::len (39 bytes)
Event: 6.365 Thread 0x000001f8fa500f90 nmethod 5005 0x000001f8e8669910 code [0x000001f8e8669ae0, 0x000001f8e8669cd8]

GC Heap History (14 events):
Event: 0.393 GC heap before
{Heap before GC invocations=0 (full 0):
 garbage-first heap   total 63488K, used 12288K [0x00000000c3200000, 0x0000000100000000)
  region size 1024K, 13 young (13312K), 0 survivors (0K)
 Metaspace       used 1835K, committed 1984K, reserved 1114112K
  class space    used 183K, committed 256K, reserved 1048576K
}
Event: 0.397 GC heap after
{Heap after GC invocations=1 (full 0):
 garbage-first heap   total 63488K, used 1879K [0x00000000c3200000, 0x0000000100000000)
  region size 1024K, 2 young (2048K), 2 survivors (2048K)
 Metaspace       used 1835K, committed 1984K, reserved 1114112K
  class space    used 183K, committed 256K, reserved 1048576K
}
Event: 0.868 GC heap before
{Heap before GC invocations=1 (full 0):
 garbage-first heap   total 63488K, used 23383K [0x00000000c3200000, 0x0000000100000000)
  region size 1024K, 24 young (24576K), 2 survivors (2048K)
 Metaspace       used 4908K, committed 5120K, reserved 1114112K
  class space    used 539K, committed 640K, reserved 1048576K
}
Event: 0.873 GC heap after
{Heap after GC invocations=2 (full 0):
 garbage-first heap   total 63488K, used 5716K [0x00000000c3200000, 0x0000000100000000)
  region size 1024K, 3 young (3072K), 3 survivors (3072K)
 Metaspace       used 4908K, committed 5120K, reserved 1114112K
  class space    used 539K, committed 640K, reserved 1048576K
}
Event: 1.588 GC heap before
{Heap before GC invocations=2 (full 0):
 garbage-first heap   total 63488K, used 59988K [0x00000000c3200000, 0x0000000100000000)
  region size 1024K, 37 young (37888K), 3 survivors (3072K)
 Metaspace       used 13444K, committed 13760K, reserved 1114112K
  class space    used 1721K, committed 1856K, reserved 1048576K
}
Event: 1.594 GC heap after
{Heap after GC invocations=3 (full 0):
 garbage-first heap   total 69632K, used 30879K [0x00000000c3200000, 0x0000000100000000)
  region size 1024K, 5 young (5120K), 5 survivors (5120K)
 Metaspace       used 13444K, committed 13760K, reserved 1114112K
  class space    used 1721K, committed 1856K, reserved 1048576K
}
Event: 2.112 GC heap before
{Heap before GC invocations=3 (full 0):
 garbage-first heap   total 69632K, used 55455K [0x00000000c3200000, 0x0000000100000000)
  region size 1024K, 29 young (29696K), 5 survivors (5120K)
 Metaspace       used 19133K, committed 19456K, reserved 1114112K
  class space    used 2641K, committed 2816K, reserved 1048576K
}
Event: 2.117 GC heap after
{Heap after GC invocations=4 (full 0):
 garbage-first heap   total 69632K, used 33540K [0x00000000c3200000, 0x0000000100000000)
  region size 1024K, 3 young (3072K), 3 survivors (3072K)
 Metaspace       used 19133K, committed 19456K, reserved 1114112K
  class space    used 2641K, committed 2816K, reserved 1048576K
}
Event: 2.358 GC heap before
{Heap before GC invocations=4 (full 0):
 garbage-first heap   total 69632K, used 44804K [0x00000000c3200000, 0x0000000100000000)
  region size 1024K, 16 young (16384K), 3 survivors (3072K)
 Metaspace       used 21190K, committed 21504K, reserved 1114112K
  class space    used 3089K, committed 3264K, reserved 1048576K
}
Event: 2.362 GC heap after
{Heap after GC invocations=5 (full 0):
 garbage-first heap   total 69632K, used 35533K [0x00000000c3200000, 0x0000000100000000)
  region size 1024K, 2 young (2048K), 2 survivors (2048K)
 Metaspace       used 21190K, committed 21504K, reserved 1114112K
  class space    used 3089K, committed 3264K, reserved 1048576K
}
Event: 5.721 GC heap before
{Heap before GC invocations=6 (full 0):
 garbage-first heap   total 71680K, used 70349K [0x00000000c3200000, 0x0000000100000000)
  region size 1024K, 15 young (15360K), 2 survivors (2048K)
 Metaspace       used 22741K, committed 23104K, reserved 1114112K
  class space    used 3197K, committed 3392K, reserved 1048576K
}
Event: 5.726 GC heap after
{Heap after GC invocations=7 (full 0):
 garbage-first heap   total 75776K, used 59379K [0x00000000c3200000, 0x0000000100000000)
  region size 1024K, 4 young (4096K), 4 survivors (4096K)
 Metaspace       used 22741K, committed 23104K, reserved 1114112K
  class space    used 3197K, committed 3392K, reserved 1048576K
}
Event: 5.807 GC heap before
{Heap before GC invocations=7 (full 0):
 garbage-first heap   total 75776K, used 65523K [0x00000000c3200000, 0x0000000100000000)
  region size 1024K, 10 young (10240K), 4 survivors (4096K)
 Metaspace       used 23022K, committed 23360K, reserved 1114112K
  class space    used 3215K, committed 3392K, reserved 1048576K
}
Event: 5.813 GC heap after
{Heap after GC invocations=8 (full 0):
 garbage-first heap   total 75776K, used 60879K [0x00000000c3200000, 0x0000000100000000)
  region size 1024K, 2 young (2048K), 2 survivors (2048K)
 Metaspace       used 23022K, committed 23360K, reserved 1114112K
  class space    used 3215K, committed 3392K, reserved 1048576K
}

Dll operation events (20 events):
Event: 0.317 Loaded shared library C:\Users\USER\.openjfx\cache\23.0.1+4\amd64\api-ms-win-crt-math-l1-1-0.dll
Event: 0.319 Loaded shared library C:\Users\USER\.openjfx\cache\23.0.1+4\amd64\api-ms-win-crt-multibyte-l1-1-0.dll
Event: 0.322 Loaded shared library C:\Users\USER\.openjfx\cache\23.0.1+4\amd64\api-ms-win-crt-private-l1-1-0.dll
Event: 0.326 Loaded shared library C:\Users\USER\.openjfx\cache\23.0.1+4\amd64\api-ms-win-crt-process-l1-1-0.dll
Event: 0.328 Loaded shared library C:\Users\USER\.openjfx\cache\23.0.1+4\amd64\api-ms-win-crt-runtime-l1-1-0.dll
Event: 0.331 Loaded shared library C:\Users\USER\.openjfx\cache\23.0.1+4\amd64\api-ms-win-crt-stdio-l1-1-0.dll
Event: 0.334 Loaded shared library C:\Users\USER\.openjfx\cache\23.0.1+4\amd64\api-ms-win-crt-string-l1-1-0.dll
Event: 0.337 Loaded shared library C:\Users\USER\.openjfx\cache\23.0.1+4\amd64\api-ms-win-crt-time-l1-1-0.dll
Event: 0.340 Loaded shared library C:\Users\USER\.openjfx\cache\23.0.1+4\amd64\api-ms-win-crt-utility-l1-1-0.dll
Event: 0.355 Loaded shared library C:\Users\USER\.openjfx\cache\23.0.1+4\amd64\ucrtbase.dll
Event: 0.359 Loaded shared library C:\Users\USER\.openjfx\cache\23.0.1+4\amd64\vcruntime140.dll
Event: 0.363 Loaded shared library C:\Users\USER\.openjfx\cache\23.0.1+4\amd64\vcruntime140_1.dll
Event: 0.372 Loaded shared library C:\Users\USER\.openjfx\cache\23.0.1+4\amd64\msvcp140.dll
Event: 0.375 Loaded shared library C:\Users\USER\.openjfx\cache\23.0.1+4\amd64\msvcp140_1.dll
Event: 0.382 Loaded shared library C:\Users\USER\.openjfx\cache\23.0.1+4\amd64\msvcp140_2.dll
Event: 0.438 Loaded shared library C:\Users\USER\.openjfx\cache\23.0.1+4\amd64\prism_d3d.dll
Event: 0.523 Loaded shared library C:\Users\USER\.openjfx\cache\23.0.1+4\amd64\glass.dll
Event: 0.642 Loaded shared library C:\Program Files\Java\jdk-21\bin\jimage.dll
Event: 1.020 Loaded shared library C:\Users\USER\.openjfx\cache\23.0.1+4\amd64\javafx_font.dll
Event: 1.569 Loaded shared library C:\Program Files\Java\jdk-21\bin\extnet.dll

Deoptimization events (20 events):
Event: 5.814 Thread 0x000001f8ff29f710 Uncommon trap: trap_request=0xffffff45 fr.pc=0x000001f8ef99d968 relative=0x0000000000003ae8
Event: 5.814 Thread 0x000001f8ff29f710 Uncommon trap: reason=unstable_if action=reinterpret pc=0x000001f8ef99d968 method=com.sun.marlin.Renderer._endRendering(IILcom/sun/marlin/MarlinAlphaConsumer;)V @ 375 c2
Event: 5.814 Thread 0x000001f8ff29f710 DEOPT PACKING pc=0x000001f8ef99d968 sp=0x000000894dbfbd70
Event: 5.814 Thread 0x000001f8ff29f710 DEOPT UNPACKING pc=0x000001f8ef2d7da2 sp=0x000000894dbfbc88 mode 2
Event: 5.815 Thread 0x000001f8ff29f710 DEOPT PACKING pc=0x000001f8e84ee176 sp=0x000000894dbfbdc0
Event: 5.815 Thread 0x000001f8ff29f710 DEOPT UNPACKING pc=0x000001f8ef2d88e2 sp=0x000000894dbfb270 mode 0
Event: 5.815 Thread 0x000001f8ff29f710 Uncommon trap: trap_request=0xffffff45 fr.pc=0x000001f8ef9cd66c relative=0x000000000000404c
Event: 5.815 Thread 0x000001f8ff29f710 Uncommon trap: reason=unstable_if action=reinterpret pc=0x000001f8ef9cd66c method=com.sun.marlin.Renderer._endRendering(IILcom/sun/marlin/MarlinAlphaConsumer;)V @ 375 c2
Event: 5.815 Thread 0x000001f8ff29f710 DEOPT PACKING pc=0x000001f8ef9cd66c sp=0x000000894dbfbfb0
Event: 5.815 Thread 0x000001f8ff29f710 DEOPT UNPACKING pc=0x000001f8ef2d7da2 sp=0x000000894dbfbee8 mode 2
Event: 5.817 Thread 0x000001f8ff29f710 Uncommon trap: trap_request=0xffffff45 fr.pc=0x000001f8ef9b5b0c relative=0x000000000000454c
Event: 5.817 Thread 0x000001f8ff29f710 Uncommon trap: reason=unstable_if action=reinterpret pc=0x000001f8ef9b5b0c method=com.sun.marlin.Renderer._endRendering(IILcom/sun/marlin/MarlinAlphaConsumer;)V @ 375 c2
Event: 5.817 Thread 0x000001f8ff29f710 DEOPT PACKING pc=0x000001f8ef9b5b0c sp=0x000000894dbfbfd0
Event: 5.817 Thread 0x000001f8ff29f710 DEOPT UNPACKING pc=0x000001f8ef2d7da2 sp=0x000000894dbfbee8 mode 2
Event: 5.865 Thread 0x000001f8ff29f710 DEOPT PACKING pc=0x000001f8e84ee176 sp=0x000000894dbfc240
Event: 5.865 Thread 0x000001f8ff29f710 DEOPT UNPACKING pc=0x000001f8ef2d88e2 sp=0x000000894dbfb6f0 mode 0
Event: 6.252 Thread 0x000001f8ff29f710 Uncommon trap: trap_request=0xffffff45 fr.pc=0x000001f8ef9fa4dc relative=0x000000000000005c
Event: 6.252 Thread 0x000001f8ff29f710 Uncommon trap: reason=unstable_if action=reinterpret pc=0x000001f8ef9fa4dc method=java.lang.Float.isNaN(F)Z @ 3 c2
Event: 6.252 Thread 0x000001f8ff29f710 DEOPT PACKING pc=0x000001f8ef9fa4dc sp=0x000000894dbfe070
Event: 6.252 Thread 0x000001f8ff29f710 DEOPT UNPACKING pc=0x000001f8ef2d7da2 sp=0x000000894dbfe000 mode 2

Classes loaded (20 events):
Event: 2.286 Loading class java/util/EnumMap$EnumMapIterator done
Event: 2.286 Loading class java/util/EnumMap$ValueIterator done
Event: 2.357 Loading class java/nio/ShortBuffer
Event: 2.357 Loading class java/nio/ShortBuffer done
Event: 2.357 Loading class java/nio/DoubleBuffer
Event: 2.358 Loading class java/nio/DoubleBuffer done
Event: 2.358 Loading class java/nio/DirectFloatBufferU
Event: 2.362 Loading class java/nio/DirectFloatBufferU done
Event: 2.376 Loading class java/util/concurrent/ConcurrentLinkedQueue
Event: 2.377 Loading class java/util/concurrent/ConcurrentLinkedQueue done
Event: 2.377 Loading class java/util/concurrent/ConcurrentLinkedQueue$Node
Event: 2.377 Loading class java/util/concurrent/ConcurrentLinkedQueue$Node done
Event: 2.379 Loading class jdk/internal/ref/CleanerImpl$InnocuousThreadFactory
Event: 2.379 Loading class jdk/internal/ref/CleanerImpl$InnocuousThreadFactory done
Event: 2.391 Loading class sun/misc/Unsafe
Event: 2.392 Loading class sun/misc/Unsafe done
Event: 2.392 Loading class java/lang/invoke/DirectMethodHandle$StaticAccessor
Event: 2.392 Loading class java/lang/invoke/DirectMethodHandle$StaticAccessor done
Event: 2.487 Loading class java/lang/FdLibm$Atan2
Event: 2.488 Loading class java/lang/FdLibm$Atan2 done

Classes unloaded (0 events):
No events

Classes redefined (0 events):
No events

Internal exceptions (20 events):
Event: 1.715 Thread 0x000001f8ff42a740 Exception <a 'java/io/FileNotFoundException'{0x00000000c69ad738}> (0x00000000c69ad738) 
thrown [s\open\src\hotspot\share\prims\jni.cpp, line 520]
Event: 1.757 Thread 0x000001f8ff42a740 Exception <a 'java/lang/ClassNotFoundException'{0x00000000c6747a40}: sun/util/logging/resources/spi/loggingProvider> (0x00000000c6747a40) 
thrown [s\open\src\hotspot\share\classfile\systemDictionary.cpp, line 312]
Event: 1.783 Thread 0x000001f8ff42a740 Implicit null exception at 0x000001f8ef871866 to 0x000001f8ef87190a
Event: 1.874 Thread 0x000001f8ff42a740 Exception <a 'java/lang/NoSuchMethodError'{0x00000000c60a5fe8}: 'java.lang.Object java.lang.invoke.DirectMethodHandle$Holder.invokeInterface(java.lang.Object, java.lang.Object, java.lang.Object)'> (0x00000000c60a5fe8) 
thrown [s\open\src\hotspot\share\interpreter\linkResolver.cpp, line 773]
Event: 1.874 Thread 0x000001f8ff42a740 Exception <a 'java/lang/IncompatibleClassChangeError'{0x00000000c60a93e0}: Found class java.lang.Object, but interface was expected> (0x00000000c60a93e0) 
thrown [s\open\src\hotspot\share\interpreter\linkResolver.cpp, line 840]
Event: 1.912 Thread 0x000001f8ff42a740 Exception <a 'java/lang/ClassNotFoundException'{0x00000000c5ec5998}: com/sun/javafx/scene/control/skin/resources/controls> (0x00000000c5ec5998) 
thrown [s\open\src\hotspot\share\prims\jni.cpp, line 539]
Event: 1.913 Thread 0x000001f8ff42a740 Exception <a 'java/lang/ClassNotFoundException'{0x00000000c5ed3b98}: com/sun/javafx/scene/control/skin/resources/controls_en> (0x00000000c5ed3b98) 
thrown [s\open\src\hotspot\share\prims\jni.cpp, line 539]
Event: 1.913 Thread 0x000001f8ff42a740 Exception <a 'java/lang/ClassNotFoundException'{0x00000000c5ed53e8}: com/sun/javafx/scene/control/skin/resources/controls_en_ID> (0x00000000c5ed53e8) 
thrown [s\open\src\hotspot\share\prims\jni.cpp, line 539]
Event: 2.009 Thread 0x000001f8ff42a740 Exception <a 'java/lang/NoSuchMethodError'{0x00000000c5badb38}: 'int java.lang.invoke.DirectMethodHandle$Holder.invokeVirtual(java.lang.Object, java.lang.Object)'> (0x00000000c5badb38) 
thrown [s\open\src\hotspot\share\interpreter\linkResolver.cpp, line 773]
Event: 2.061 Thread 0x000001f8ff42a740 Exception <a 'java/lang/NoSuchMethodError'{0x00000000c59648f8}: 'int java.lang.invoke.DirectMethodHandle$Holder.invokeSpecial(java.lang.Object, java.lang.Object, int)'> (0x00000000c59648f8) 
thrown [s\open\src\hotspot\share\interpreter\linkResolver.cpp, line 773]
Event: 2.146 Thread 0x000001f8ff42a740 Exception <a 'java/lang/NoSuchMethodError'{0x00000000c7023cf0}: 'void java.lang.invoke.DirectMethodHandle$Holder.invokeSpecial(java.lang.Object, java.lang.Object, java.lang.Object, java.lang.Object, java.lang.Object, java.lang.Object)'> (0x00000000c7023cf0) 
thrown [s\open\src\hotspot\share\interpreter\linkResolver.cpp, line 773]
Event: 2.254 Thread 0x000001f8ff42a740 Exception <a 'java/lang/NoSuchMethodError'{0x00000000c6a10580}: 'java.lang.Object java.lang.invoke.DirectMethodHandle$Holder.newInvokeSpecial(java.lang.Object, java.lang.Object, int)'> (0x00000000c6a10580) 
thrown [s\open\src\hotspot\share\interpreter\linkResolver.cpp, line 773]
Event: 2.320 Thread 0x000001f8ff29f710 Exception <a 'java/lang/NoSuchMethodError'{0x00000000c6999fe8}: 'int java.lang.invoke.DirectMethodHandle$Holder.invokeStaticInit(java.lang.Object, java.lang.Object)'> (0x00000000c6999fe8) 
thrown [s\open\src\hotspot\share\interpreter\linkResolver.cpp, line 773]
Event: 2.339 Thread 0x000001f8ff29f710 Exception <a 'java/lang/NoSuchMethodError'{0x00000000c6871f48}: 'java.lang.Object java.lang.invoke.DirectMethodHandle$Holder.invokeStaticInit(java.lang.Object, int)'> (0x00000000c6871f48) 
thrown [s\open\src\hotspot\share\interpreter\linkResolver.cpp, line 773]
Event: 3.807 Thread 0x000001f8ff42a740 Exception <a 'java/lang/NoSuchMethodError'{0x00000000c6dcaef0}: 'long java.lang.invoke.DirectMethodHandle$Holder.invokeStatic(java.lang.Object, java.lang.Object, java.lang.Object)'> (0x00000000c6dcaef0) 
thrown [s\open\src\hotspot\share\interpreter\linkResolver.cpp, line 773]
Event: 3.808 Thread 0x000001f8ff42a740 Exception <a 'java/lang/NoSuchMethodError'{0x00000000c6dce2d0}: 'long java.lang.invoke.DirectMethodHandle$Holder.invokeStaticInit(java.lang.Object, java.lang.Object, java.lang.Object)'> (0x00000000c6dce2d0) 
thrown [s\open\src\hotspot\share\interpreter\linkResolver.cpp, line 773]
Event: 3.810 Thread 0x000001f8ff42a740 Exception <a 'java/lang/NoSuchMethodError'{0x00000000c6de2870}: 'java.lang.Object java.lang.invoke.DirectMethodHandle$Holder.newInvokeSpecial(java.lang.Object, java.lang.Object, long)'> (0x00000000c6de2870) 
thrown [s\open\src\hotspot\share\interpreter\linkResolver.cpp, line 773]
Event: 3.811 Thread 0x000001f8ff42a740 Exception <a 'java/lang/NoSuchMethodError'{0x00000000c6de6178}: 'java.lang.Object java.lang.invoke.Invokers$Holder.linkToTargetMethod(java.lang.Object, long, java.lang.Object)'> (0x00000000c6de6178) 
thrown [s\open\src\hotspot\share\interpreter\linkResolver.cpp, line 773]
Event: 5.737 Thread 0x000001f8ff42a740 Exception <a 'java/lang/NoSuchMethodError'{0x00000000c73e3170}: 'double java.lang.invoke.DirectMethodHandle$Holder.invokeVirtual(java.lang.Object, java.lang.Object)'> (0x00000000c73e3170) 
thrown [s\open\src\hotspot\share\interpreter\linkResolver.cpp, line 773]
Event: 5.737 Thread 0x000001f8ff42a740 Exception <a 'java/lang/NoSuchMethodError'{0x00000000c73e73c8}: 'double java.lang.invoke.DelegatingMethodHandle$Holder.reinvoke_L(java.lang.Object, java.lang.Object)'> (0x00000000c73e73c8) 
thrown [s\open\src\hotspot\share\interpreter\linkResolver.cpp, line 773]

ZGC Phase Switch (0 events):
No events

VM Operations (20 events):
Event: 2.112 Executing VM operation: G1CollectForAllocation (G1 Evacuation Pause)
Event: 2.117 Executing VM operation: G1CollectForAllocation (G1 Evacuation Pause) done
Event: 2.145 Executing VM operation: HandshakeAllThreads (Deoptimize)
Event: 2.145 Executing VM operation: HandshakeAllThreads (Deoptimize) done
Event: 2.290 Executing VM operation: ICBufferFull
Event: 2.290 Executing VM operation: ICBufferFull done
Event: 2.358 Executing VM operation: CollectForMetadataAllocation (Metadata GC Threshold)
Event: 2.362 Executing VM operation: CollectForMetadataAllocation (Metadata GC Threshold) done
Event: 2.380 Executing VM operation: G1PauseRemark
Event: 2.386 Executing VM operation: G1PauseRemark done
Event: 2.394 Executing VM operation: G1PauseCleanup
Event: 2.394 Executing VM operation: G1PauseCleanup done
Event: 3.494 Executing VM operation: ICBufferFull
Event: 3.494 Executing VM operation: ICBufferFull done
Event: 5.494 Executing VM operation: Cleanup
Event: 5.494 Executing VM operation: Cleanup done
Event: 5.721 Executing VM operation: G1CollectForAllocation (G1 Evacuation Pause)
Event: 5.726 Executing VM operation: G1CollectForAllocation (G1 Evacuation Pause) done
Event: 5.807 Executing VM operation: G1CollectForAllocation (G1 Evacuation Pause)
Event: 5.813 Executing VM operation: G1CollectForAllocation (G1 Evacuation Pause) done

Events (19 events):
Event: 0.018 Thread 0x000001f8dd814010 Thread added: 0x000001f8dd814010
Event: 0.027 Thread 0x000001f8fa4e4130 Thread added: 0x000001f8fa4e4130
Event: 0.027 Thread 0x000001f8fa4e5130 Thread added: 0x000001f8fa4e5130
Event: 0.028 Thread 0x000001f8fa4e95e0 Thread added: 0x000001f8fa4e95e0
Event: 0.028 Thread 0x000001f8fa4ec6f0 Thread added: 0x000001f8fa4ec6f0
Event: 0.028 Thread 0x000001f8fa4ee150 Thread added: 0x000001f8fa4ee150
Event: 0.028 Thread 0x000001f8fa4efbb0 Thread added: 0x000001f8fa4efbb0
Event: 0.028 Thread 0x000001f8fa4fe4f0 Thread added: 0x000001f8fa4fe4f0
Event: 0.028 Thread 0x000001f8fa500f90 Thread added: 0x000001f8fa500f90
Event: 0.051 Thread 0x000001f8fa703750 Thread added: 0x000001f8fa703750
Event: 0.119 Thread 0x000001f8fa827b30 Thread added: 0x000001f8fa827b30
Event: 0.421 Thread 0x000001f8ff29f710 Thread added: 0x000001f8ff29f710
Event: 0.525 Thread 0x000001f8ff4200c0 Thread added: 0x000001f8ff4200c0
Event: 0.529 Thread 0x000001f8ff42a740 Thread added: 0x000001f8ff42a740
Event: 0.623 Thread 0x000001f8ff6a1d30 Thread added: 0x000001f8ff6a1d30
Event: 0.636 Thread 0x000001f8ff6d5c30 Thread added: 0x000001f8ff6d5c30
Event: 1.114 Thread 0x000001f8c63128e0 Thread added: 0x000001f8c63128e0
Event: 1.469 Thread 0x000001f8c6730660 Thread added: 0x000001f8c6730660
Event: 2.379 Thread 0x000001f8c672e590 Thread added: 0x000001f8c672e590


Dynamic libraries:
0x00007ff7e62b0000 - 0x00007ff7e62c0000 	C:\Program Files\Java\jdk-21\bin\java.exe
0x00007fff07850000 - 0x00007fff07a67000 	C:\WINDOWS\SYSTEM32\ntdll.dll
0x00007fff06180000 - 0x00007fff06244000 	C:\WINDOWS\System32\KERNEL32.DLL
0x00007fff04d00000 - 0x00007fff050ba000 	C:\WINDOWS\System32\KERNELBASE.dll
0x00007fff05410000 - 0x00007fff05521000 	C:\WINDOWS\System32\ucrtbase.dll
0x00007ffefe3a0000 - 0x00007ffefe3bb000 	C:\Program Files\Java\jdk-21\bin\VCRUNTIME140.dll
0x00007ffefe420000 - 0x00007ffefe439000 	C:\Program Files\Java\jdk-21\bin\jli.dll
0x00007fff05850000 - 0x00007fff05902000 	C:\WINDOWS\System32\ADVAPI32.dll
0x00007fff07220000 - 0x00007fff072c7000 	C:\WINDOWS\System32\msvcrt.dll
0x00007fff06250000 - 0x00007fff062f7000 	C:\WINDOWS\System32\sechost.dll
0x00007fff05530000 - 0x00007fff05558000 	C:\WINDOWS\System32\bcrypt.dll
0x00007fff06000000 - 0x00007fff06114000 	C:\WINDOWS\System32\RPCRT4.dll
0x00007fff05c30000 - 0x00007fff05dde000 	C:\WINDOWS\System32\USER32.dll
0x00007fff04b30000 - 0x00007fff04b56000 	C:\WINDOWS\System32\win32u.dll
0x00007ffef05f0000 - 0x00007ffef0882000 	C:\WINDOWS\WinSxS\amd64_microsoft.windows.common-controls_6595b64144ccf1df_6.0.22621.4541_none_2710d1c57384c085\COMCTL32.dll
0x00007fff072d0000 - 0x00007fff072f9000 	C:\WINDOWS\System32\GDI32.dll
0x00007fff04b60000 - 0x00007fff04c7b000 	C:\WINDOWS\System32\gdi32full.dll
0x00007fff050c0000 - 0x00007fff0515a000 	C:\WINDOWS\System32\msvcp_win.dll
0x00007ffefbd50000 - 0x00007ffefbd5a000 	C:\WINDOWS\SYSTEM32\VERSION.dll
0x00007fff05700000 - 0x00007fff05731000 	C:\WINDOWS\System32\IMM32.DLL
0x00007ffef39a0000 - 0x00007ffef39ac000 	C:\Program Files\Java\jdk-21\bin\vcruntime140_1.dll
0x00007ffeb6630000 - 0x00007ffeb66be000 	C:\Program Files\Java\jdk-21\bin\msvcp140.dll
0x00007ffeaaff0000 - 0x00007ffeabd08000 	C:\Program Files\Java\jdk-21\bin\server\jvm.dll
0x00007fff05600000 - 0x00007fff05671000 	C:\WINDOWS\System32\WS2_32.dll
0x00007fff04a00000 - 0x00007fff04a4d000 	C:\WINDOWS\SYSTEM32\POWRPROF.dll
0x00007ffefcd10000 - 0x00007ffefcd44000 	C:\WINDOWS\SYSTEM32\WINMM.dll
0x00007fff049e0000 - 0x00007fff049f3000 	C:\WINDOWS\SYSTEM32\UMPDC.dll
0x00007fff03b70000 - 0x00007fff03b88000 	C:\WINDOWS\SYSTEM32\kernel.appcore.dll
0x00007ffef3950000 - 0x00007ffef395a000 	C:\Program Files\Java\jdk-21\bin\jimage.dll
0x00007fff02360000 - 0x00007fff02592000 	C:\WINDOWS\SYSTEM32\DBGHELP.DLL
0x00007fff06400000 - 0x00007fff0678f000 	C:\WINDOWS\System32\combase.dll
0x00007fff07030000 - 0x00007fff07107000 	C:\WINDOWS\System32\OLEAUT32.dll
0x00007ffee65b0000 - 0x00007ffee65e2000 	C:\WINDOWS\SYSTEM32\dbgcore.DLL
0x00007fff05160000 - 0x00007fff051db000 	C:\WINDOWS\System32\bcryptPrimitives.dll
0x00007ffec7f90000 - 0x00007ffec7faf000 	C:\Program Files\Java\jdk-21\bin\java.dll
0x00007fff06790000 - 0x00007fff07008000 	C:\WINDOWS\System32\SHELL32.dll
0x00007fff02a70000 - 0x00007fff03378000 	C:\WINDOWS\SYSTEM32\windows.storage.dll
0x00007fff02930000 - 0x00007fff02a6f000 	C:\WINDOWS\SYSTEM32\wintypes.dll
0x00007fff05740000 - 0x00007fff0583a000 	C:\WINDOWS\System32\SHCORE.dll
0x00007fff05fa0000 - 0x00007fff05ffe000 	C:\WINDOWS\System32\shlwapi.dll
0x00007fff04a60000 - 0x00007fff04a8b000 	C:\WINDOWS\SYSTEM32\profapi.dll
0x00007ffeb8910000 - 0x00007ffeb89e7000 	C:\Program Files\Java\jdk-21\bin\jsvml.dll
0x00007ffeee740000 - 0x00007ffeee750000 	C:\Program Files\Java\jdk-21\bin\net.dll
0x00007ffefe860000 - 0x00007ffefe996000 	C:\WINDOWS\SYSTEM32\WINHTTP.dll
0x00007fff03ff0000 - 0x00007fff04059000 	C:\WINDOWS\system32\mswsock.dll
0x00007ffec7f70000 - 0x00007ffec7f86000 	C:\Program Files\Java\jdk-21\bin\nio.dll
0x00007ffec7f50000 - 0x00007ffec7f68000 	C:\Program Files\Java\jdk-21\bin\zip.dll
0x000001f8df820000 - 0x000001f8df823000 	C:\Users\USER\.openjfx\cache\23.0.1+4\amd64\api-ms-win-core-console-l1-1-0.dll
0x000001f8df830000 - 0x000001f8df833000 	C:\Users\USER\.openjfx\cache\23.0.1+4\amd64\api-ms-win-core-console-l1-2-0.dll
0x000001f8df840000 - 0x000001f8df843000 	C:\Users\USER\.openjfx\cache\23.0.1+4\amd64\api-ms-win-core-datetime-l1-1-0.dll
0x000001f8df850000 - 0x000001f8df853000 	C:\Users\USER\.openjfx\cache\23.0.1+4\amd64\api-ms-win-core-debug-l1-1-0.dll
0x000001f8df860000 - 0x000001f8df863000 	C:\Users\USER\.openjfx\cache\23.0.1+4\amd64\api-ms-win-core-errorhandling-l1-1-0.dll
0x000001f8df870000 - 0x000001f8df874000 	C:\Users\USER\.openjfx\cache\23.0.1+4\amd64\api-ms-win-core-file-l1-1-0.dll
0x000001f8df880000 - 0x000001f8df883000 	C:\Users\USER\.openjfx\cache\23.0.1+4\amd64\api-ms-win-core-file-l1-2-0.dll
0x000001f8faab0000 - 0x000001f8faab3000 	C:\Users\USER\.openjfx\cache\23.0.1+4\amd64\api-ms-win-core-file-l2-1-0.dll
0x000001f8faac0000 - 0x000001f8faac3000 	C:\Users\USER\.openjfx\cache\23.0.1+4\amd64\api-ms-win-core-handle-l1-1-0.dll
0x000001f8faad0000 - 0x000001f8faad3000 	C:\Users\USER\.openjfx\cache\23.0.1+4\amd64\api-ms-win-core-heap-l1-1-0.dll
0x000001f8faae0000 - 0x000001f8faae3000 	C:\Users\USER\.openjfx\cache\23.0.1+4\amd64\api-ms-win-core-interlocked-l1-1-0.dll
0x000001f8faaf0000 - 0x000001f8faaf3000 	C:\Users\USER\.openjfx\cache\23.0.1+4\amd64\api-ms-win-core-libraryloader-l1-1-0.dll
0x000001f8fab00000 - 0x000001f8fab03000 	C:\Users\USER\.openjfx\cache\23.0.1+4\amd64\api-ms-win-core-localization-l1-2-0.dll
0x000001f8fab10000 - 0x000001f8fab13000 	C:\Users\USER\.openjfx\cache\23.0.1+4\amd64\api-ms-win-core-memory-l1-1-0.dll
0x000001f8fab20000 - 0x000001f8fab23000 	C:\Users\USER\.openjfx\cache\23.0.1+4\amd64\api-ms-win-core-namedpipe-l1-1-0.dll
0x000001f8fab30000 - 0x000001f8fab33000 	C:\Users\USER\.openjfx\cache\23.0.1+4\amd64\api-ms-win-core-processenvironment-l1-1-0.dll
0x000001f8fab40000 - 0x000001f8fab43000 	C:\Users\USER\.openjfx\cache\23.0.1+4\amd64\api-ms-win-core-processthreads-l1-1-0.dll
0x000001f8fab50000 - 0x000001f8fab53000 	C:\Users\USER\.openjfx\cache\23.0.1+4\amd64\api-ms-win-core-processthreads-l1-1-1.dll
0x000001f8fab60000 - 0x000001f8fab63000 	C:\Users\USER\.openjfx\cache\23.0.1+4\amd64\api-ms-win-core-profile-l1-1-0.dll
0x000001f8fab70000 - 0x000001f8fab73000 	C:\Users\USER\.openjfx\cache\23.0.1+4\amd64\api-ms-win-core-rtlsupport-l1-1-0.dll
0x000001f8fab80000 - 0x000001f8fab83000 	C:\Users\USER\.openjfx\cache\23.0.1+4\amd64\api-ms-win-core-string-l1-1-0.dll
0x000001f8fab90000 - 0x000001f8fab93000 	C:\Users\USER\.openjfx\cache\23.0.1+4\amd64\api-ms-win-core-synch-l1-1-0.dll
0x000001f8faba0000 - 0x000001f8faba3000 	C:\Users\USER\.openjfx\cache\23.0.1+4\amd64\api-ms-win-core-synch-l1-2-0.dll
0x000001f8fabb0000 - 0x000001f8fabb3000 	C:\Users\USER\.openjfx\cache\23.0.1+4\amd64\api-ms-win-core-sysinfo-l1-1-0.dll
0x000001f8fabc0000 - 0x000001f8fabc3000 	C:\Users\USER\.openjfx\cache\23.0.1+4\amd64\api-ms-win-core-timezone-l1-1-0.dll
0x000001f8fabd0000 - 0x000001f8fabd3000 	C:\Users\USER\.openjfx\cache\23.0.1+4\amd64\api-ms-win-core-util-l1-1-0.dll
0x000001f8fabe0000 - 0x000001f8fabe3000 	C:\Users\USER\.openjfx\cache\23.0.1+4\amd64\api-ms-win-crt-conio-l1-1-0.dll
0x000001f8fabf0000 - 0x000001f8fabf4000 	C:\Users\USER\.openjfx\cache\23.0.1+4\amd64\api-ms-win-crt-convert-l1-1-0.dll
0x000001f8fac00000 - 0x000001f8fac03000 	C:\Users\USER\.openjfx\cache\23.0.1+4\amd64\api-ms-win-crt-environment-l1-1-0.dll
0x000001f8fac10000 - 0x000001f8fac13000 	C:\Users\USER\.openjfx\cache\23.0.1+4\amd64\api-ms-win-crt-filesystem-l1-1-0.dll
0x000001f8fac20000 - 0x000001f8fac23000 	C:\Users\USER\.openjfx\cache\23.0.1+4\amd64\api-ms-win-crt-heap-l1-1-0.dll
0x000001f8fac30000 - 0x000001f8fac33000 	C:\Users\USER\.openjfx\cache\23.0.1+4\amd64\api-ms-win-crt-locale-l1-1-0.dll
0x000001f8fac40000 - 0x000001f8fac45000 	C:\Users\USER\.openjfx\cache\23.0.1+4\amd64\api-ms-win-crt-math-l1-1-0.dll
0x000001f8fac50000 - 0x000001f8fac55000 	C:\Users\USER\.openjfx\cache\23.0.1+4\amd64\api-ms-win-crt-multibyte-l1-1-0.dll
0x000001f8fac60000 - 0x000001f8fac70000 	C:\Users\USER\.openjfx\cache\23.0.1+4\amd64\api-ms-win-crt-private-l1-1-0.dll
0x000001f8fac70000 - 0x000001f8fac73000 	C:\Users\USER\.openjfx\cache\23.0.1+4\amd64\api-ms-win-crt-process-l1-1-0.dll
0x000001f8fac80000 - 0x000001f8fac84000 	C:\Users\USER\.openjfx\cache\23.0.1+4\amd64\api-ms-win-crt-runtime-l1-1-0.dll
0x000001f8fac90000 - 0x000001f8fac94000 	C:\Users\USER\.openjfx\cache\23.0.1+4\amd64\api-ms-win-crt-stdio-l1-1-0.dll
0x000001f8faca0000 - 0x000001f8faca4000 	C:\Users\USER\.openjfx\cache\23.0.1+4\amd64\api-ms-win-crt-string-l1-1-0.dll
0x000001f8facb0000 - 0x000001f8facb3000 	C:\Users\USER\.openjfx\cache\23.0.1+4\amd64\api-ms-win-crt-time-l1-1-0.dll
0x000001f8facc0000 - 0x000001f8facc3000 	C:\Users\USER\.openjfx\cache\23.0.1+4\amd64\api-ms-win-crt-utility-l1-1-0.dll
0x00007ffec8270000 - 0x00007ffec836c000 	C:\Users\USER\.openjfx\cache\23.0.1+4\amd64\ucrtbase.dll
0x00007ffefe380000 - 0x00007ffefe39b000 	C:\Users\USER\.openjfx\cache\23.0.1+4\amd64\vcruntime140.dll
0x00007ffefe400000 - 0x00007ffefe40c000 	C:\Users\USER\.openjfx\cache\23.0.1+4\amd64\vcruntime140_1.dll
0x00007ffee3de0000 - 0x00007ffee3e6e000 	C:\Users\USER\.openjfx\cache\23.0.1+4\amd64\msvcp140.dll
0x00007ffefdb10000 - 0x00007ffefdb19000 	C:\Users\USER\.openjfx\cache\23.0.1+4\amd64\msvcp140_1.dll
0x00007ffee3d90000 - 0x00007ffee3dd1000 	C:\Users\USER\.openjfx\cache\23.0.1+4\amd64\msvcp140_2.dll
0x00007ffef3aa0000 - 0x00007ffef3ad0000 	C:\Users\USER\.openjfx\cache\23.0.1+4\amd64\prism_d3d.dll
0x00007ffe84900000 - 0x00007ffe84aa8000 	C:\WINDOWS\system32\d3d9.dll
0x00007fff01d50000 - 0x00007fff01d7b000 	C:\WINDOWS\SYSTEM32\dwmapi.dll
0x00007fff01ec0000 - 0x00007fff01ef7000 	C:\WINDOWS\SYSTEM32\dxcore.dll
0x00007fff01b10000 - 0x00007fff01bc1000 	C:\WINDOWS\system32\uxtheme.dll
0x00007ffebf020000 - 0x00007ffebf28f000 	C:\WINDOWS\System32\DriverStore\FileRepository\iigd_dch.inf_amd64_03e2a5c7c3b3fa7c\igdumdim64.dll
0x00007fff05a80000 - 0x00007fff05c25000 	C:\WINDOWS\System32\ole32.dll
0x00007ffea5750000 - 0x00007ffea6c73000 	C:\WINDOWS\System32\DriverStore\FileRepository\iigd_dch.inf_amd64_03e2a5c7c3b3fa7c\igd9dxva64.dll
0x00007fff07390000 - 0x00007fff07804000 	C:\WINDOWS\System32\SETUPAPI.dll
0x00007fff04710000 - 0x00007fff0475e000 	C:\WINDOWS\SYSTEM32\cfgmgr32.dll
0x00007ffe9b1e0000 - 0x00007ffe9cf0b000 	C:\WINDOWS\System32\DriverStore\FileRepository\iigd_dch.inf_amd64_03e2a5c7c3b3fa7c\media_bin_64.dll
0x00007ffef8c20000 - 0x00007ffef905f000 	C:\WINDOWS\System32\DriverStore\FileRepository\iigd_dch.inf_amd64_03e2a5c7c3b3fa7c\igdgmm64.dll
0x00007ffefd1e0000 - 0x00007ffefd229000 	C:\WINDOWS\SYSTEM32\directxdatabasehelper.dll
0x00007ffedc6a0000 - 0x00007ffedc6e5000 	C:\Users\USER\.openjfx\cache\23.0.1+4\amd64\glass.dll
0x00007fff06300000 - 0x00007fff06400000 	C:\WINDOWS\System32\COMDLG32.dll
0x00007fff05910000 - 0x00007fff05a71000 	C:\WINDOWS\System32\MSCTF.dll
0x00007ffefdbb0000 - 0x00007ffefdbd7000 	C:\WINDOWS\System32\DriverStore\FileRepository\iigd_dch.inf_amd64_03e2a5c7c3b3fa7c\igdinfo64.dll
0x00007fff04240000 - 0x00007fff0425b000 	C:\WINDOWS\SYSTEM32\CRYPTSP.dll
0x00007fff03ad0000 - 0x00007fff03b05000 	C:\WINDOWS\system32\rsaenh.dll
0x00007fff04260000 - 0x00007fff0426c000 	C:\WINDOWS\SYSTEM32\CRYPTBASE.dll
0x00007ffef8ba0000 - 0x00007ffef8bc4000 	C:\WINDOWS\System32\DriverStore\FileRepository\iigd_dch.inf_amd64_03e2a5c7c3b3fa7c\igc64.dll
0x00007ffef43a0000 - 0x00007ffef8b0b000 	C:\WINDOWS\System32\DriverStore\FileRepository\iigd_dch.inf_amd64_03e2a5c7c3b3fa7c\igc1464.dll
0x00007fff07110000 - 0x00007fff071c0000 	C:\WINDOWS\System32\clbcatq.dll
0x00007ffef32f0000 - 0x00007ffef346d000 	C:\Windows\System32\Windows.UI.dll
0x00007ffef1b90000 - 0x00007ffef1d05000 	C:\Windows\System32\Windows.UI.Immersive.dll
0x00007ffefcf20000 - 0x00007ffefcf35000 	C:\Users\USER\.openjfx\cache\23.0.1+4\amd64\javafx_font.dll
0x00007ffeff420000 - 0x00007ffeff693000 	C:\WINDOWS\SYSTEM32\dwrite.dll
0x00007fff03650000 - 0x00007fff03752000 	C:\WINDOWS\SYSTEM32\DNSAPI.dll
0x00007fff03620000 - 0x00007fff0364d000 	C:\WINDOWS\SYSTEM32\IPHLPAPI.DLL
0x00007fff05840000 - 0x00007fff05849000 	C:\WINDOWS\System32\NSI.dll
0x00007ffefac10000 - 0x00007ffefac1a000 	C:\Windows\System32\rasadhlp.dll
0x00007ffef4050000 - 0x00007ffef40d3000 	C:\WINDOWS\System32\fwpuclnt.dll
0x00007ffee08b0000 - 0x00007ffee08b9000 	C:\Program Files\Java\jdk-21\bin\extnet.dll
0x00007fff018e0000 - 0x00007fff01a90000 	C:\WINDOWS\SYSTEM32\WindowsCodecs.dll

dbghelp: loaded successfully - version: 4.0.5 - missing functions: none
symbol engine: initialized successfully - sym options: 0x614 - pdb path: .;C:\Program Files\Java\jdk-21\bin;C:\WINDOWS\SYSTEM32;C:\WINDOWS\WinSxS\amd64_microsoft.windows.common-controls_6595b64144ccf1df_6.0.22621.4541_none_2710d1c57384c085;C:\Program Files\Java\jdk-21\bin\server;C:\Users\USER\.openjfx\cache\23.0.1+4\amd64;C:\WINDOWS\System32\DriverStore\FileRepository\iigd_dch.inf_amd64_03e2a5c7c3b3fa7c;C:\Program Files\Common Files\Microsoft Shared\Ink

VM Arguments:
jvm_args: --module-path=C:\Users\USER\.m2\repository\org\openjfx\javafx-base\23.0.1\javafx-base-23.0.1-win.jar;C:\Users\USER\.m2\repository\org\openjfx\javafx-base\23.0.1\javafx-base-23.0.1.jar;C:\Users\USER\.m2\repository\org\openjfx\javafx-controls\23.0.1\javafx-controls-23.0.1-win.jar;C:\Users\USER\.m2\repository\org\openjfx\javafx-controls\23.0.1\javafx-controls-23.0.1.jar;C:\Users\USER\.m2\repository\org\openjfx\javafx-fxml\23.0.1\javafx-fxml-23.0.1-win.jar;C:\Users\USER\.m2\repository\org\openjfx\javafx-fxml\23.0.1\javafx-fxml-23.0.1.jar;C:\Users\USER\.m2\repository\org\openjfx\javafx-graphics\23.0.1\javafx-graphics-23.0.1-win.jar;C:\Users\USER\.m2\repository\org\openjfx\javafx-graphics\23.0.1\javafx-graphics-23.0.1.jar --add-modules=javafx.base,javafx.controls,javafx.fxml,javafx.graphics 
java_command: com.mycompany.java_farm.mainUi
java_class_path (initial): D:\FILE MEEEEE\SEMESTER 3\PBO\Java_farm\Java_farm\target\classes;C:\Users\USER\.m2\repository\au\com\dius\pact\core\pactbroker\4.6.15\pactbroker-4.6.15.jar;C:\Users\USER\.m2\repository\au\com\dius\pact\core\support\4.6.15\support-4.6.15.jar;C:\Users\USER\.m2\repository\com\github\mifmif\generex\1.0.2\generex-1.0.2.jar;C:\Users\USER\.m2\repository\com\google\code\findbugs\jsr305\3.0.2\jsr305-3.0.2.jar;C:\Users\USER\.m2\repository\com\google\errorprone\error_prone_annotations\2.11.0\error_prone_annotations-2.11.0.jar;C:\Users\USER\.m2\repository\com\google\guava\failureaccess\1.0.1\failureaccess-1.0.1.jar;C:\Users\USER\.m2\repository\com\google\guava\guava\31.1-jre\guava-31.1-jre.jar;C:\Users\USER\.m2\repository\com\google\guava\listenablefuture\9999.0-empty-to-avoid-conflict-with-guava\listenablefuture-9999.0-empty-to-avoid-conflict-with-guava.jar;C:\Users\USER\.m2\repository\com\google\j2objc\j2objc-annotations\1.3\j2objc-annotations-1.3.jar;C:\Users\USER\.m2\repository\com\google\protobuf\protobuf-java\3.21.9\protobuf-java-3.21.9.jar;C:\Users\USER\.m2\repository\com\mysql\mysql-connector-j\8.0.33\mysql-connector-j-8.0.33.jar;C:\Users\USER\.m2\repository\commons-codec\commons-codec\1.15\commons-codec-1.15.jar;C:\Users\USER\.m2\repository\dk\brics\automaton\automaton\1.11-8\automaton-1.11-8.jar;C:\Users\USER\.m2\repository\io\github\oshai\kotlin-logging-jvm\5.1.4\kotlin-logging-jvm-5.1.4.jar;C:\Users\USER\.m2\repository\org\apache\commons\commons-lang3\3.12.0\commons-lang3-3.12.0.jar;C:\Users\USER\.m2\repository\org\apache\commons\commons-text\1.10.0\commons-text-1.10.0.jar;C:\Users\USER\.m2\repository\org\apache\httpcomponents\client5\httpclient5\5.3.1\httpclient5-5.3.1.jar;C:\Users\USER\.m2\repository\org\apache\httpcomponents\client5\httpclient5-fluent\5.3.1\httpclient5-fluent-5.3.1.jar;C:\Users\USER\.m2\repository\org\apache\httpcomponents\core5\httpcore5\5.2.4\httpcore5-5.2.4.jar;C:\Users\USER\.m2\repository\org\apache\httpcomponents\core5\httpcore5-h2\5.2.4\httpcore5-h2-5.2.4.jar;C:\Users\USER\.m2\repository\org\checkerframework\checker-qual\3.12.0\checker-qual-3.12.0.jar;C:\Users\USER\.m2\repository\org\jetbrains\annotations\13.0\annotations-13.0.jar;C:\Users\USER\.m2\repository\org\jetbrains\kotlin\kotlin-reflect\1.8.22\kotlin-reflect-1.8.22.jar;C:\Users\USER\.m2\repository\org\jetbrains\kotlin\kotlin-stdlib\1.8.22\kotlin-stdlib-1.8.22.jar;C:\Users\USER\.m2\repository\org\jetbrains\kotlin\kotlin-stdlib-common\1.8.22\kotlin-stdlib-common-1.8.22.jar;C:\Users\USER\.m2\repository\org\jetbrains\kotlin\kotlin-stdlib-jdk7\1.8.22\kotlin-stdlib-jdk7-1.8.22.jar;C:\Users\USER\.m2\repository\org\jetbrains\kotlin\kotlin-stdlib-jdk8\1.8.22\kotlin-stdlib-jdk8-1.8.22.jar;C:\Users\USER\.m2\repository\org\slf4j\slf4j-api\1.7.36\slf4j-api-1.7.36.jar
Launcher Type: SUN_STANDARD

[Global flags]
     intx CICompilerCount                          = 3                                         {product} {ergonomic}
     uint ConcGCThreads                            = 1                                         {product} {ergonomic}
     uint G1ConcRefinementThreads                  = 4                                         {product} {ergonomic}
   size_t G1HeapRegionSize                         = 1048576                                   {product} {ergonomic}
    uintx GCDrainStackTargetSize                   = 64                                        {product} {ergonomic}
   size_t InitialHeapSize                          = 65011712                                  {product} {ergonomic}
   size_t MarkStackSize                            = 4194304                                   {product} {ergonomic}
   size_t MaxHeapSize                              = 1021313024                                {product} {ergonomic}
   size_t MaxNewSize                               = 612368384                                 {product} {ergonomic}
   size_t MinHeapDeltaBytes                        = 1048576                                   {product} {ergonomic}
   size_t MinHeapSize                              = 8388608                                   {product} {ergonomic}
    uintx NonNMethodCodeHeapSize                   = 5832780                                {pd product} {ergonomic}
    uintx NonProfiledCodeHeapSize                  = 122912730                              {pd product} {ergonomic}
    uintx ProfiledCodeHeapSize                     = 122912730                              {pd product} {ergonomic}
    uintx ReservedCodeCacheSize                    = 251658240                              {pd product} {ergonomic}
     bool SegmentedCodeCache                       = true                                      {product} {ergonomic}
   size_t SoftMaxHeapSize                          = 1021313024                             {manageable} {ergonomic}
     bool UseCompressedOops                        = true                           {product lp64_product} {ergonomic}
     bool UseG1GC                                  = true                                      {product} {ergonomic}
     bool UseLargePagesIndividualAllocation        = false                                  {pd product} {ergonomic}

Logging:
Log output configuration:
 #0: stdout all=warning uptime,level,tags foldmultilines=false
 #1: stderr all=off uptime,level,tags foldmultilines=false

Environment Variables:
JAVA_HOME=C:\Program Files\Java\jdk-21
PATH=C:\Program Files\Common Files\Oracle\Java\javapath;C:\WINDOWS\system32;C:\WINDOWS;C:\WINDOWS\System32\Wbem;C:\WINDOWS\System32\WindowsPowerShell\v1.0\;C:\WINDOWS\System32\OpenSSH\;C:\MinGW\bin;C:\Program Files\dotnet\;C:\Program Files\MySQL\MySQL Server 8.0\bin;C:\xampp\php;C:\Program Files\MATLAB\R2024b\bin;C:\Program Files\Java\jdk-23\bin;C:\Users\USER\Downloads\apache-ant-1.10.15-bin\bin;C:\Program Files\Java\javafx-sdk-23.0.1\bin;C:\Program Files\NetBeans-20\netbeans\java\maven;C:\Users\USER\Downloads\apache-maven-3.9.9-bin\apache-maven-3.9.9\bin;C:\Program Files\Java\jdk-21\bin;C:\Program Files\Java\javafx-sdk-21.0.5\bin;C:\Program Files\Java\jdk-21\bin;C:\Program Files\MySQL\MySQL Shell 8.0\bin\;C:\Users\USER\AppData\Local\Microsoft\WindowsApps;;C:\Users\USER\Documents\FILE MEEEEE\Microsoft VS Code\bin
USERNAME=USER
OS=Windows_NT
PROCESSOR_IDENTIFIER=Intel64 Family 6 Model 140 Stepping 1, GenuineIntel
TMP=C:\Users\USER\AppData\Local\Temp
TEMP=C:\Users\USER\AppData\Local\Temp




Periodic native trim disabled

---------------  S Y S T E M  ---------------

OS:
 Windows 11 , 64 bit Build 22621 (10.0.22621.4391)
OS uptime: 1 days 22:34 hours

CPU: total 4 (initial active 4) (2 cores per cpu, 2 threads per core) family 6 model 140 stepping 1 microcode 0x9a, cx8, cmov, fxsr, ht, mmx, 3dnowpref, sse, sse2, sse3, ssse3, sse4.1, sse4.2, popcnt, lzcnt, tsc, tscinvbit, avx, avx2, aes, erms, clmul, bmi1, bmi2, adx, avx512f, avx512dq, avx512cd, avx512bw, avx512vl, sha, fma, vzeroupper, avx512_vpopcntdq, avx512_vpclmulqdq, avx512_vaes, avx512_vnni, clflush, clflushopt, clwb, avx512_vbmi2, avx512_vbmi, rdtscp, rdpid, fsrm, gfni, avx512_bitalg, f16c, pku, cet_ibt, cet_ss, avx512_ifma
Processor Information for processor 0
  Max Mhz: 2995, Current Mhz: 1198, Mhz Limit: 2995
Processor Information for processor 1
  Max Mhz: 2995, Current Mhz: 2995, Mhz Limit: 2995
Processor Information for processor 2
  Max Mhz: 2995, Current Mhz: 2995, Mhz Limit: 2995
Processor Information for processor 3
  Max Mhz: 2995, Current Mhz: 2995, Mhz Limit: 2995

Memory: 4k page, system-wide physical 3895M (207M free)
TotalPageFile size 15671M (AvailPageFile size 4M)
current process WorkingSet (physical memory assigned to process): 282M, peak: 284M
current process commit charge ("private bytes"): 329M, peak: 330M

vm_info: Java HotSpot(TM) 64-Bit Server VM (21.0.5+9-LTS-239) for windows-amd64 JRE (21.0.5+9-LTS-239), built on 2024-09-30T05:17:38Z by "mach5one" with MS VC++ 17.6 (VS2022)

END.
