#
# There is insufficient memory for the Java Runtime Environment to continue.
# Native memory allocation (mmap) failed to map 65011712 bytes for G1 virtual space
# Possible reasons:
#   The system is out of physical RAM or swap space
#   The process is running with CompressedOops enabled, and the Java Heap may be blocking the growth of the native heap
# Possible solutions:
#   Reduce memory load on the system
#   Increase physical memory or swap space
#   Check if swap backing store is full
#   Decrease Java heap size (-Xmx/-Xms)
#   Decrease number of Java threads
#   Decrease Java thread stack sizes (-Xss)
#   Set larger code cache with -XX:ReservedCodeCacheSize=
#   JVM is running with Unscaled Compressed Oops mode in which the Java heap is
#     placed in the first 4GB address space. The Java Heap base address is the
#     maximum limit for the native heap growth. Please use -XX:HeapBaseMinAddress
#     to set the Java Heap base and to place the Java Heap above 4GB virtual address.
# This output file may be truncated or incomplete.
#
#  Out of Memory Error (os_windows.cpp:3600), pid=16588, tid=4348
#
# JRE version:  (21.0.5+9) (build )
# Java VM: Java HotSpot(TM) 64-Bit Server VM (21.0.5+9-LTS-239, mixed mode, sharing, tiered, compressed oops, compressed class ptrs, g1 gc, windows-amd64)
# No core dump will be written. Minidumps are not enabled by default on client versions of Windows
#

---------------  S U M M A R Y ------------

Command Line: -Dclassworlds.conf=C:\Program Files\NetBeans-20\netbeans\java\maven\bin\m2.conf -Dmaven.home=C:\Program Files\NetBeans-20\netbeans\java\maven -Dlibrary.jansi.path=C:\Program Files\NetBeans-20\netbeans\java\maven\lib\jansi-native -Dmaven.multiModuleProjectDirectory=D:\FILE MEEEEE\SEMESTER 3\PBO\Java_farm\Java_farm org.codehaus.plexus.classworlds.launcher.Launcher -Dexec.vmArgs= -Dexec.args=${exec.vmArgs} -classpath %classpath ${exec.mainClass} ${exec.appArgs} -Dexec.appArgs= -Dexec.mainClass=com.mycompany.java_farm.mainUi -Dexec.executable=C:\Program Files\Java\jdk-21\bin\java.exe -Dmaven.ext.class.path=C:\Program Files\NetBeans-20\netbeans\java\maven-nblib\netbeans-eventspy.jar --no-transfer-progress javafx:run

Host: 11th Gen Intel(R) Core(TM) i3-1115G4 @ 3.00GHz, 4 cores, 3G,  Windows 11 , 64 bit Build 22621 (10.0.22621.4391)
Time: Wed Dec  4 14:08:26 2024 SE Asia Standard Time elapsed time: 0.039256 seconds (0d 0h 0m 0s)

---------------  T H R E A D  ---------------

Current thread (0x0000029dc225ef70):  JavaThread "Unknown thread" [_thread_in_vm, id=4348, stack(0x000000c73b100000,0x000000c73b200000) (1024K)]

Stack: [0x000000c73b100000,0x000000c73b200000]
Native frames: (J=compiled Java code, j=interpreted, Vv=VM code, C=native code)
V  [jvm.dll+0x6ca289]
V  [jvm.dll+0x854a51]
V  [jvm.dll+0x856f7e]
V  [jvm.dll+0x857653]
V  [jvm.dll+0x27dd26]
V  [jvm.dll+0x6c6a25]
V  [jvm.dll+0x6bb5aa]
V  [jvm.dll+0x35359a]
V  [jvm.dll+0x35b1f6]
V  [jvm.dll+0x3adade]
V  [jvm.dll+0x3add88]
V  [jvm.dll+0x3278fc]
V  [jvm.dll+0x32845b]
V  [jvm.dll+0x81de19]
V  [jvm.dll+0x3ba7c1]
V  [jvm.dll+0x807168]
V  [jvm.dll+0x44f96e]
V  [jvm.dll+0x451561]
C  [jli.dll+0x52a3]
C  [ucrtbase.dll+0x29333]
C  [KERNEL32.DLL+0x1259d]
C  [ntdll.dll+0x5af38]


---------------  P R O C E S S  ---------------

Threads class SMR info:
_java_thread_list=0x00007ff9111fac08, length=0, elements={
}

Java Threads: ( => current thread )
Total: 0

Other Threads:
  0x0000029dc24e0dc0 WorkerThread "GC Thread#0"                     [id=16544, stack(0x000000c73b200000,0x000000c73b300000) (1024K)]
  0x0000029dc24e9760 ConcurrentGCThread "G1 Main Marker"            [id=420, stack(0x000000c73b300000,0x000000c73b400000) (1024K)]
  0x0000029dc24ea260 WorkerThread "G1 Conc#0"                       [id=17252, stack(0x000000c73b400000,0x000000c73b500000) (1024K)]

[error occurred during error reporting (printing all threads), id 0xc0000005, EXCEPTION_ACCESS_VIOLATION (0xc0000005) at pc=0x00007ff91096a087]
VM state: not at safepoint (not fully initialized)

VM Mutex/Monitor currently owned by a thread:  ([mutex/lock_event])
[0x00007ff91126bf98] Heap_lock - owner thread: 0x0000029dc225ef70

Heap address: 0x00000000c3200000, size: 974 MB, Compressed Oops mode: 32-bit

CDS archive(s) mapped at: [0x0000000000000000-0x0000000000000000-0x0000000000000000), size 0, SharedBaseAddress: 0x0000000800000000, ArchiveRelocationMode: 1.
Narrow klass base: 0x0000000000000000, Narrow klass shift: 0, Narrow klass range: 0x0

GC Precious Log:
 CardTable entry size: 512
 Card Set container configuration: InlinePtr #cards 5 size 8 Array Of Cards #cards 12 size 40 Howl #buckets 4 coarsen threshold 1843 Howl Bitmap #cards 512 size 80 coarsen threshold 460 Card regions per heap region 1 cards per card region 2048

Heap:
 garbage-first heap   total 0K, used 0K [0x00000000c3200000, 0x0000000100000000)
  region size 1024K, 0 young (0K), 0 survivors (0K)

[error occurred during error reporting (printing heap information), id 0xc0000005, EXCEPTION_ACCESS_VIOLATION (0xc0000005) at pc=0x00007ff910d53259]
GC Heap History (0 events):
No events

Dll operation events (1 events):
Event: 0.016 Loaded shared library C:\Program Files\Java\jdk-21\bin\java.dll

Deoptimization events (0 events):
No events

Classes loaded (0 events):
No events

Classes unloaded (0 events):
No events

Classes redefined (0 events):
No events

Internal exceptions (0 events):
No events

ZGC Phase Switch (0 events):
No events

VM Operations (0 events):
No events

Events (0 events):
No events


Dynamic libraries:
0x00007ff636e00000 - 0x00007ff636e10000 	C:\Program Files\Java\jdk-21\bin\java.exe
0x00007ff9994d0000 - 0x00007ff9996e7000 	C:\WINDOWS\SYSTEM32\ntdll.dll
0x00007ff997a40000 - 0x00007ff997b04000 	C:\WINDOWS\System32\KERNEL32.DLL
0x00007ff9968d0000 - 0x00007ff996c8a000 	C:\WINDOWS\System32\KERNELBASE.dll
0x00007ff996f00000 - 0x00007ff997011000 	C:\WINDOWS\System32\ucrtbase.dll
0x00007ff9810f0000 - 0x00007ff98110b000 	C:\Program Files\Java\jdk-21\bin\VCRUNTIME140.dll
0x00007ff98ebc0000 - 0x00007ff98ebd9000 	C:\Program Files\Java\jdk-21\bin\jli.dll
0x00007ff997870000 - 0x00007ff997922000 	C:\WINDOWS\System32\ADVAPI32.dll
0x00007ff997c00000 - 0x00007ff997ca7000 	C:\WINDOWS\System32\msvcrt.dll
0x00007ff997500000 - 0x00007ff9975a7000 	C:\WINDOWS\System32\sechost.dll
0x00007ff9970c0000 - 0x00007ff9970e8000 	C:\WINDOWS\System32\bcrypt.dll
0x00007ff998280000 - 0x00007ff998394000 	C:\WINDOWS\System32\RPCRT4.dll
0x00007ff997690000 - 0x00007ff99783e000 	C:\WINDOWS\System32\USER32.dll
0x00007ff9971b0000 - 0x00007ff9971d6000 	C:\WINDOWS\System32\win32u.dll
0x00007ff982090000 - 0x00007ff982322000 	C:\WINDOWS\WinSxS\amd64_microsoft.windows.common-controls_6595b64144ccf1df_6.0.22621.4541_none_2710d1c57384c085\COMCTL32.dll
0x00007ff9981f0000 - 0x00007ff998219000 	C:\WINDOWS\System32\GDI32.dll
0x00007ff9967b0000 - 0x00007ff9968cb000 	C:\WINDOWS\System32\gdi32full.dll
0x00007ff997020000 - 0x00007ff9970ba000 	C:\WINDOWS\System32\msvcp_win.dll
0x00007ff98ef00000 - 0x00007ff98ef0a000 	C:\WINDOWS\SYSTEM32\VERSION.dll
0x00007ff9981b0000 - 0x00007ff9981e1000 	C:\WINDOWS\System32\IMM32.DLL
0x00007ff992350000 - 0x00007ff99235c000 	C:\Program Files\Java\jdk-21\bin\vcruntime140_1.dll
0x00007ff95e600000 - 0x00007ff95e68e000 	C:\Program Files\Java\jdk-21\bin\msvcp140.dll
0x00007ff910630000 - 0x00007ff911348000 	C:\Program Files\Java\jdk-21\bin\server\jvm.dll
0x00007ff998480000 - 0x00007ff9984f1000 	C:\WINDOWS\System32\WS2_32.dll
0x00007ff996680000 - 0x00007ff9966cd000 	C:\WINDOWS\SYSTEM32\POWRPROF.dll
0x00007ff9911c0000 - 0x00007ff9911f4000 	C:\WINDOWS\SYSTEM32\WINMM.dll
0x00007ff996660000 - 0x00007ff996673000 	C:\WINDOWS\SYSTEM32\UMPDC.dll
0x00007ff9957f0000 - 0x00007ff995808000 	C:\WINDOWS\SYSTEM32\kernel.appcore.dll
0x00007ff991b40000 - 0x00007ff991b4a000 	C:\Program Files\Java\jdk-21\bin\jimage.dll
0x00007ff994040000 - 0x00007ff994272000 	C:\WINDOWS\SYSTEM32\DBGHELP.DLL
0x00007ff997cb0000 - 0x00007ff99803f000 	C:\WINDOWS\System32\combase.dll
0x00007ff9975b0000 - 0x00007ff997687000 	C:\WINDOWS\System32\OLEAUT32.dll
0x00007ff9771e0000 - 0x00007ff977212000 	C:\WINDOWS\SYSTEM32\dbgcore.DLL
0x00007ff996e00000 - 0x00007ff996e7b000 	C:\WINDOWS\System32\bcryptPrimitives.dll
0x00007ff97f3d0000 - 0x00007ff97f3ef000 	C:\Program Files\Java\jdk-21\bin\java.dll

dbghelp: loaded successfully - version: 4.0.5 - missing functions: none
symbol engine: initialized successfully - sym options: 0x614 - pdb path: .;C:\Program Files\Java\jdk-21\bin;C:\WINDOWS\SYSTEM32;C:\WINDOWS\WinSxS\amd64_microsoft.windows.common-controls_6595b64144ccf1df_6.0.22621.4541_none_2710d1c57384c085;C:\Program Files\Java\jdk-21\bin\server

VM Arguments:
jvm_args: -Dclassworlds.conf=C:\Program Files\NetBeans-20\netbeans\java\maven\bin\m2.conf -Dmaven.home=C:\Program Files\NetBeans-20\netbeans\java\maven -Dlibrary.jansi.path=C:\Program Files\NetBeans-20\netbeans\java\maven\lib\jansi-native -Dmaven.multiModuleProjectDirectory=D:\FILE MEEEEE\SEMESTER 3\PBO\Java_farm\Java_farm 
java_command: org.codehaus.plexus.classworlds.launcher.Launcher -Dexec.vmArgs= -Dexec.args=${exec.vmArgs} -classpath %classpath ${exec.mainClass} ${exec.appArgs} -Dexec.appArgs= -Dexec.mainClass=com.mycompany.java_farm.mainUi -Dexec.executable=C:\Program Files\Java\jdk-21\bin\java.exe -Dmaven.ext.class.path=C:\Program Files\NetBeans-20\netbeans\java\maven-nblib\netbeans-eventspy.jar --no-transfer-progress javafx:run
java_class_path (initial): C:\Program Files\NetBeans-20\netbeans\java\maven\boot\plexus-classworlds-2.7.0.jar
Launcher Type: SUN_STANDARD

[Global flags]
     intx CICompilerCount                          = 3                                         {product} {ergonomic}
     uint ConcGCThreads                            = 1                                         {product} {ergonomic}
     uint G1ConcRefinementThreads                  = 4                                         {product} {ergonomic}
   size_t G1HeapRegionSize                         = 1048576                                   {product} {ergonomic}
    uintx GCDrainStackTargetSize                   = 64                                        {product} {ergonomic}
   size_t InitialHeapSize                          = 65011712                                  {product} {ergonomic}
   size_t MarkStackSize                            = 4194304                                   {product} {ergonomic}
   size_t MaxHeapSize                              = 1021313024                                {product} {ergonomic}
   size_t MinHeapDeltaBytes                        = 1048576                                   {product} {ergonomic}
   size_t MinHeapSize                              = 8388608                                   {product} {ergonomic}
    uintx NonNMethodCodeHeapSize                   = 5832780                                {pd product} {ergonomic}
    uintx NonProfiledCodeHeapSize                  = 122912730                              {pd product} {ergonomic}
    uintx ProfiledCodeHeapSize                     = 122912730                              {pd product} {ergonomic}
    uintx ReservedCodeCacheSize                    = 251658240                              {pd product} {ergonomic}
     bool SegmentedCodeCache                       = true                                      {product} {ergonomic}
   size_t SoftMaxHeapSize                          = 1021313024                             {manageable} {ergonomic}
     bool UseCompressedOops                        = true                           {product lp64_product} {ergonomic}
     bool UseG1GC                                  = true                                      {product} {ergonomic}
     bool UseLargePagesIndividualAllocation        = false                                  {pd product} {ergonomic}

Logging:
Log output configuration:
 #0: stdout all=warning uptime,level,tags foldmultilines=false
 #1: stderr all=off uptime,level,tags foldmultilines=false

Environment Variables:
JAVA_HOME=C:\Program Files\Java\jdk-21
PATH=C:\Program Files\Common Files\Oracle\Java\javapath;C:\WINDOWS\system32;C:\WINDOWS;C:\WINDOWS\System32\Wbem;C:\WINDOWS\System32\WindowsPowerShell\v1.0\;C:\WINDOWS\System32\OpenSSH\;C:\MinGW\bin;C:\Program Files\dotnet\;C:\Program Files\MySQL\MySQL Server 8.0\bin;C:\xampp\php;C:\Program Files\MATLAB\R2024b\bin;C:\Program Files\Java\jdk-23\bin;C:\Users\USER\Downloads\apache-ant-1.10.15-bin\bin;C:\Program Files\Java\javafx-sdk-23.0.1\bin;C:\Program Files\NetBeans-20\netbeans\java\maven;C:\Users\USER\Downloads\apache-maven-3.9.9-bin\apache-maven-3.9.9\bin;C:\Program Files\Java\jdk-21\bin;C:\Program Files\Java\javafx-sdk-21.0.5\bin;C:\Program Files\Java\jdk-21\bin;C:\Program Files\MySQL\MySQL Shell 8.0\bin\;C:\Users\USER\AppData\Local\Microsoft\WindowsApps;;C:\Users\USER\Documents\FILE MEEEEE\Microsoft VS Code\bin
USERNAME=USER
OS=Windows_NT
PROCESSOR_IDENTIFIER=Intel64 Family 6 Model 140 Stepping 1, GenuineIntel
TMP=C:\Users\USER\AppData\Local\Temp
TEMP=C:\Users\USER\AppData\Local\Temp




Periodic native trim disabled

---------------  S Y S T E M  ---------------

OS:
 Windows 11 , 64 bit Build 22621 (10.0.22621.4391)
OS uptime: 0 days 3:42 hours

CPU: total 4 (initial active 4) (2 cores per cpu, 2 threads per core) family 6 model 140 stepping 1 microcode 0x9a, cx8, cmov, fxsr, ht, mmx, 3dnowpref, sse, sse2, sse3, ssse3, sse4.1, sse4.2, popcnt, lzcnt, tsc, tscinvbit, avx, avx2, aes, erms, clmul, bmi1, bmi2, adx, avx512f, avx512dq, avx512cd, avx512bw, avx512vl, sha, fma, vzeroupper, avx512_vpopcntdq, avx512_vpclmulqdq, avx512_vaes, avx512_vnni, clflush, clflushopt, clwb, avx512_vbmi2, avx512_vbmi, rdtscp, rdpid, fsrm, gfni, avx512_bitalg, f16c, pku, cet_ibt, cet_ss, avx512_ifma
Processor Information for processor 0
  Max Mhz: 2995, Current Mhz: 2995, Mhz Limit: 2995
Processor Information for processor 1
  Max Mhz: 2995, Current Mhz: 2995, Mhz Limit: 2995
Processor Information for processor 2
  Max Mhz: 2995, Current Mhz: 2995, Mhz Limit: 2995
Processor Information for processor 3
  Max Mhz: 2995, Current Mhz: 1198, Mhz Limit: 2995

Memory: 4k page, system-wide physical 3895M (201M free)
TotalPageFile size 15657M (AvailPageFile size 43M)
current process WorkingSet (physical memory assigned to process): 11M, peak: 11M
current process commit charge ("private bytes"): 51M, peak: 113M

vm_info: Java HotSpot(TM) 64-Bit Server VM (21.0.5+9-LTS-239) for windows-amd64 JRE (21.0.5+9-LTS-239), built on 2024-09-30T05:17:38Z by "mach5one" with MS VC++ 17.6 (VS2022)

END.
