#
# There is insufficient memory for the Java Runtime Environment to continue.
# Native memory allocation (malloc) failed to allocate 2310720 bytes for Chunk::new
# Possible reasons:
#   The system is out of physical RAM or swap space
#   The process is running with CompressedOops enabled, and the Java Heap may be blocking the growth of the native heap
# Possible solutions:
#   Reduce memory load on the system
#   Increase physical memory or swap space
#   Check if swap backing store is full
#   Decrease Java heap size (-Xmx/-Xms)
#   Decrease number of Java threads
#   Decrease Java thread stack sizes (-Xss)
#   Set larger code cache with -XX:ReservedCodeCacheSize=
#   JVM is running with Unscaled Compressed Oops mode in which the Java heap is
#     placed in the first 4GB address space. The Java Heap base address is the
#     maximum limit for the native heap growth. Please use -XX:HeapBaseMinAddress
#     to set the Java Heap base and to place the Java Heap above 4GB virtual address.
# This output file may be truncated or incomplete.
#
#  Out of Memory Error (arena.cpp:168), pid=2552, tid=18408
#
# JRE version: Java(TM) SE Runtime Environment (21.0.5+9) (build 21.0.5+9-LTS-239)
# Java VM: Java HotSpot(TM) 64-Bit Server VM (21.0.5+9-LTS-239, mixed mode, sharing, tiered, compressed oops, compressed class ptrs, g1 gc, windows-amd64)
# No core dump will be written. Minidumps are not enabled by default on client versions of Windows
#

---------------  S U M M A R Y ------------

Command Line: -Dclassworlds.conf=C:\Program Files\NetBeans-20\netbeans\java\maven\bin\m2.conf -Dmaven.home=C:\Program Files\NetBeans-20\netbeans\java\maven -Dlibrary.jansi.path=C:\Program Files\NetBeans-20\netbeans\java\maven\lib\jansi-native -Dmaven.multiModuleProjectDirectory=D:\FILE MEEEEE\SEMESTER 3\PBO\Java_farm\Java_farm\Java_farm\Java_farm\Java_farm org.codehaus.plexus.classworlds.launcher.Launcher -Dexec.vmArgs=--enable-preview -Dexec.args=${exec.vmArgs} -classpath %classpath ${exec.mainClass} ${exec.appArgs} -Dexec.appArgs= -Dexec.mainClass=com.mycompany.java_farm.mainUi -Dexec.executable=C:\Program Files\Java\jdk-21\bin\java.exe -Dmaven.ext.class.path=C:\Program Files\NetBeans-20\netbeans\java\maven-nblib\netbeans-eventspy.jar --no-transfer-progress javafx:run

Host: 11th Gen Intel(R) Core(TM) i3-1115G4 @ 3.00GHz, 4 cores, 3G,  Windows 11 , 64 bit Build 22621 (10.0.22621.4391)
Time: Mon Jan  6 23:26:12 2025 SE Asia Standard Time elapsed time: 3.948894 seconds (0d 0h 0m 3s)

---------------  T H R E A D  ---------------

Current thread (0x000001fddfd7c1b0):  JavaThread "C2 CompilerThread1" daemon [_thread_in_native, id=18408, stack(0x000000dd2c700000,0x000000dd2c800000) (1024K)]


Current CompileTask:
C2:   3948 5357   !   4       com.sun.tools.javac.jvm.ClassReader::classSigToType (482 bytes)

Stack: [0x000000dd2c700000,0x000000dd2c800000]
Native frames: (J=compiled Java code, j=interpreted, Vv=VM code, C=native code)
V  [jvm.dll+0x6ca289]
V  [jvm.dll+0x854a51]
V  [jvm.dll+0x856f7e]
V  [jvm.dll+0x857653]
V  [jvm.dll+0x27dd26]
V  [jvm.dll+0xc4c2d]
V  [jvm.dll+0xc5163]
V  [jvm.dll+0x3b4d3c]
V  [jvm.dll+0x3814b5]
V  [jvm.dll+0x38092a]
V  [jvm.dll+0x246910]
V  [jvm.dll+0x245eef]
V  [jvm.dll+0x1c6d0e]
V  [jvm.dll+0x2554d9]
V  [jvm.dll+0x253a6a]
V  [jvm.dll+0x3ee136]
V  [jvm.dll+0x7fee9b]
V  [jvm.dll+0x6c896d]
C  [ucrtbase.dll+0x29333]
C  [KERNEL32.DLL+0x1259d]
C  [ntdll.dll+0x5af38]


---------------  P R O C E S S  ---------------

Threads class SMR info:
_java_thread_list=0x000001fddfcaaa20, length=12, elements={
0x000001fdfb0313e0, 0x000001fd994f03a0, 0x000001fd994f13a0, 0x000001fd994f4ce0,
0x000001fd994f7930, 0x000001fd994f8c80, 0x000001fd994f97c0, 0x000001fd99504cc0,
0x000001fd99509d90, 0x000001fd99754f00, 0x000001fd99757f40, 0x000001fddfd7c1b0
}

Java Threads: ( => current thread )
  0x000001fdfb0313e0 JavaThread "main"                              [_thread_in_vm, id=18040, stack(0x000000dd2b200000,0x000000dd2b300000) (1024K)]
  0x000001fd994f03a0 JavaThread "Reference Handler"          daemon [_thread_blocked, id=6532, stack(0x000000dd2ba00000,0x000000dd2bb00000) (1024K)]
  0x000001fd994f13a0 JavaThread "Finalizer"                  daemon [_thread_blocked, id=13632, stack(0x000000dd2bb00000,0x000000dd2bc00000) (1024K)]
  0x000001fd994f4ce0 JavaThread "Signal Dispatcher"          daemon [_thread_blocked, id=17244, stack(0x000000dd2bc00000,0x000000dd2bd00000) (1024K)]
  0x000001fd994f7930 JavaThread "Attach Listener"            daemon [_thread_blocked, id=2052, stack(0x000000dd2bd00000,0x000000dd2be00000) (1024K)]
  0x000001fd994f8c80 JavaThread "Service Thread"             daemon [_thread_blocked, id=3664, stack(0x000000dd2be00000,0x000000dd2bf00000) (1024K)]
  0x000001fd994f97c0 JavaThread "Monitor Deflation Thread"   daemon [_thread_blocked, id=6560, stack(0x000000dd2bf00000,0x000000dd2c000000) (1024K)]
  0x000001fd99504cc0 JavaThread "C2 CompilerThread0"         daemon [_thread_in_native, id=10392, stack(0x000000dd2c000000,0x000000dd2c100000) (1024K)]
  0x000001fd99509d90 JavaThread "C1 CompilerThread0"         daemon [_thread_blocked, id=16912, stack(0x000000dd2c100000,0x000000dd2c200000) (1024K)]
  0x000001fd99754f00 JavaThread "Notification Thread"        daemon [_thread_blocked, id=16456, stack(0x000000dd2c200000,0x000000dd2c300000) (1024K)]
  0x000001fd99757f40 JavaThread "Common-Cleaner"             daemon [_thread_blocked, id=13912, stack(0x000000dd2c300000,0x000000dd2c400000) (1024K)]
=>0x000001fddfd7c1b0 JavaThread "C2 CompilerThread1"         daemon [_thread_in_native, id=18408, stack(0x000000dd2c700000,0x000000dd2c800000) (1024K)]
Total: 12

Other Threads:
  0x000001fdfd19aa50 VMThread "VM Thread"                           [id=11940, stack(0x000000dd2b900000,0x000000dd2ba00000) (1024K)]
  0x000001fd994dcee0 WatcherThread "VM Periodic Task Thread"        [id=15096, stack(0x000000dd2b800000,0x000000dd2b900000) (1024K)]
  0x000001fdfd112780 WorkerThread "GC Thread#0"                     [id=8200, stack(0x000000dd2b300000,0x000000dd2b400000) (1024K)]
  0x000001fddf613a40 WorkerThread "GC Thread#1"                     [id=12028, stack(0x000000dd2c400000,0x000000dd2c500000) (1024K)]
  0x000001fddf635630 WorkerThread "GC Thread#2"                     [id=15864, stack(0x000000dd2c500000,0x000000dd2c600000) (1024K)]
  0x000001fddf31a2f0 WorkerThread "GC Thread#3"                     [id=2548, stack(0x000000dd2c600000,0x000000dd2c700000) (1024K)]
  0x000001fdfd11ca80 ConcurrentGCThread "G1 Main Marker"            [id=7672, stack(0x000000dd2b400000,0x000000dd2b500000) (1024K)]
  0x000001fdfd11d580 WorkerThread "G1 Conc#0"                       [id=13344, stack(0x000000dd2b500000,0x000000dd2b600000) (1024K)]
  0x000001fdfd17c4e0 ConcurrentGCThread "G1 Refine#0"               [id=2248, stack(0x000000dd2b600000,0x000000dd2b700000) (1024K)]
  0x000001fdfd17d050 ConcurrentGCThread "G1 Service"                [id=2888, stack(0x000000dd2b700000,0x000000dd2b800000) (1024K)]
Total: 10

Threads with active compile tasks:
C2 CompilerThread0     3969 5635       4       com.sun.tools.javac.jvm.ClassReader::sigToType (881 bytes)
C2 CompilerThread1     3969 5357   !   4       com.sun.tools.javac.jvm.ClassReader::classSigToType (482 bytes)
Total: 2

VM state: not at safepoint (normal execution)

VM Mutex/Monitor currently owned by a thread: None

Heap address: 0x00000000c3200000, size: 974 MB, Compressed Oops mode: 32-bit

CDS archive(s) mapped at: [0x000001fd9a000000-0x000001fd9ac90000-0x000001fd9ac90000), size 13172736, SharedBaseAddress: 0x000001fd9a000000, ArchiveRelocationMode: 1.
Compressed class space mapped at: 0x000001fd9b000000-0x000001fddb000000, reserved size: 1073741824
Narrow klass base: 0x000001fd9a000000, Narrow klass shift: 0, Narrow klass range: 0x100000000

GC Precious Log:
 CardTable entry size: 512
 Card Set container configuration: InlinePtr #cards 5 size 8 Array Of Cards #cards 12 size 40 Howl #buckets 4 coarsen threshold 1843 Howl Bitmap #cards 512 size 80 coarsen threshold 460 Card regions per heap region 1 cards per card region 2048
 CPUs: 4 total, 4 available
 Memory: 3895M
 Large Page Support: Disabled
 NUMA Support: Disabled
 Compressed Oops: Enabled (32-bit)
 Heap Region Size: 1M
 Heap Min Capacity: 8M
 Heap Initial Capacity: 62M
 Heap Max Capacity: 974M
 Pre-touch: Disabled
 Parallel Workers: 4
 Concurrent Workers: 1
 Concurrent Refinement Workers: 4
 Periodic GC: Disabled

Heap:
 garbage-first heap   total 76800K, used 41402K [0x00000000c3200000, 0x0000000100000000)
  region size 1024K, 14 young (14336K), 3 survivors (3072K)
 Metaspace       used 26874K, committed 27200K, reserved 1114112K
  class space    used 3045K, committed 3200K, reserved 1048576K

Heap Regions: E=young(eden), S=young(survivor), O=old, HS=humongous(starts), HC=humongous(continues), CS=collection set, F=free, TAMS=top-at-mark-start, PB=parsable bottom
|   0|0x00000000c3200000, 0x00000000c3300000, 0x00000000c3300000|100%| O|  |TAMS 0x00000000c3200000| PB 0x00000000c3200000| Untracked 
|   1|0x00000000c3300000, 0x00000000c3400000, 0x00000000c3400000|100%| O|  |TAMS 0x00000000c3300000| PB 0x00000000c3300000| Untracked 
|   2|0x00000000c3400000, 0x00000000c3500000, 0x00000000c3500000|100%| O|  |TAMS 0x00000000c3400000| PB 0x00000000c3400000| Untracked 
|   3|0x00000000c3500000, 0x00000000c3600000, 0x00000000c3600000|100%| O|  |TAMS 0x00000000c3500000| PB 0x00000000c3500000| Untracked 
|   4|0x00000000c3600000, 0x00000000c3700000, 0x00000000c3700000|100%| O|  |TAMS 0x00000000c3600000| PB 0x00000000c3600000| Untracked 
|   5|0x00000000c3700000, 0x00000000c3800000, 0x00000000c3800000|100%| O|  |TAMS 0x00000000c3700000| PB 0x00000000c3700000| Untracked 
|   6|0x00000000c3800000, 0x00000000c3900000, 0x00000000c3900000|100%| O|  |TAMS 0x00000000c3800000| PB 0x00000000c3800000| Untracked 
|   7|0x00000000c3900000, 0x00000000c3a00000, 0x00000000c3a00000|100%| O|  |TAMS 0x00000000c3900000| PB 0x00000000c3900000| Untracked 
|   8|0x00000000c3a00000, 0x00000000c3b00000, 0x00000000c3b00000|100%| O|  |TAMS 0x00000000c3a00000| PB 0x00000000c3a00000| Untracked 
|   9|0x00000000c3b00000, 0x00000000c3c00000, 0x00000000c3c00000|100%| O|  |TAMS 0x00000000c3b00000| PB 0x00000000c3b00000| Untracked 
|  10|0x00000000c3c00000, 0x00000000c3d00000, 0x00000000c3d00000|100%|HS|  |TAMS 0x00000000c3c00000| PB 0x00000000c3c00000| Complete 
|  11|0x00000000c3d00000, 0x00000000c3e00000, 0x00000000c3e00000|100%|HC|  |TAMS 0x00000000c3d00000| PB 0x00000000c3d00000| Complete 
|  12|0x00000000c3e00000, 0x00000000c3f00000, 0x00000000c3f00000|100%|HC|  |TAMS 0x00000000c3e00000| PB 0x00000000c3e00000| Complete 
|  13|0x00000000c3f00000, 0x00000000c4000000, 0x00000000c4000000|100%| O|  |TAMS 0x00000000c3f00000| PB 0x00000000c3f00000| Untracked 
|  14|0x00000000c4000000, 0x00000000c4100000, 0x00000000c4100000|100%| O|  |TAMS 0x00000000c4000000| PB 0x00000000c4000000| Untracked 
|  15|0x00000000c4100000, 0x00000000c4100000, 0x00000000c4200000|  0%| F|  |TAMS 0x00000000c4100000| PB 0x00000000c4100000| Untracked 
|  16|0x00000000c4200000, 0x00000000c4300000, 0x00000000c4300000|100%| O|  |TAMS 0x00000000c4200000| PB 0x00000000c4200000| Untracked 
|  17|0x00000000c4300000, 0x00000000c4400000, 0x00000000c4400000|100%| O|  |TAMS 0x00000000c4300000| PB 0x00000000c4300000| Untracked 
|  18|0x00000000c4400000, 0x00000000c4500000, 0x00000000c4500000|100%| O|  |TAMS 0x00000000c4400000| PB 0x00000000c4400000| Untracked 
|  19|0x00000000c4500000, 0x00000000c4600000, 0x00000000c4600000|100%| O|  |TAMS 0x00000000c4500000| PB 0x00000000c4500000| Untracked 
|  20|0x00000000c4600000, 0x00000000c4700000, 0x00000000c4700000|100%| O|  |TAMS 0x00000000c4600000| PB 0x00000000c4600000| Untracked 
|  21|0x00000000c4700000, 0x00000000c4800000, 0x00000000c4800000|100%| O|  |TAMS 0x00000000c4700000| PB 0x00000000c4700000| Untracked 
|  22|0x00000000c4800000, 0x00000000c4900000, 0x00000000c4900000|100%|HS|  |TAMS 0x00000000c4800000| PB 0x00000000c4800000| Complete 
|  23|0x00000000c4900000, 0x00000000c4a00000, 0x00000000c4a00000|100%| O|  |TAMS 0x00000000c4900000| PB 0x00000000c4900000| Untracked 
|  24|0x00000000c4a00000, 0x00000000c4b00000, 0x00000000c4b00000|100%| O|  |TAMS 0x00000000c4a00000| PB 0x00000000c4a00000| Untracked 
|  25|0x00000000c4b00000, 0x00000000c4c00000, 0x00000000c4c00000|100%| O|  |TAMS 0x00000000c4b00000| PB 0x00000000c4b00000| Untracked 
|  26|0x00000000c4c00000, 0x00000000c4d00000, 0x00000000c4d00000|100%| O|  |TAMS 0x00000000c4c00000| PB 0x00000000c4c00000| Untracked 
|  27|0x00000000c4d00000, 0x00000000c4e00000, 0x00000000c4e00000|100%| O|  |TAMS 0x00000000c4d00000| PB 0x00000000c4d00000| Untracked 
|  28|0x00000000c4e00000, 0x00000000c4e6e998, 0x00000000c4f00000| 43%| O|  |TAMS 0x00000000c4e00000| PB 0x00000000c4e00000| Untracked 
|  29|0x00000000c4f00000, 0x00000000c4f00000, 0x00000000c5000000|  0%| F|  |TAMS 0x00000000c4f00000| PB 0x00000000c4f00000| Untracked 
|  30|0x00000000c5000000, 0x00000000c5000000, 0x00000000c5100000|  0%| F|  |TAMS 0x00000000c5000000| PB 0x00000000c5000000| Untracked 
|  31|0x00000000c5100000, 0x00000000c5100000, 0x00000000c5200000|  0%| F|  |TAMS 0x00000000c5100000| PB 0x00000000c5100000| Untracked 
|  32|0x00000000c5200000, 0x00000000c5200000, 0x00000000c5300000|  0%| F|  |TAMS 0x00000000c5200000| PB 0x00000000c5200000| Untracked 
|  33|0x00000000c5300000, 0x00000000c5300000, 0x00000000c5400000|  0%| F|  |TAMS 0x00000000c5300000| PB 0x00000000c5300000| Untracked 
|  34|0x00000000c5400000, 0x00000000c5400000, 0x00000000c5500000|  0%| F|  |TAMS 0x00000000c5400000| PB 0x00000000c5400000| Untracked 
|  35|0x00000000c5500000, 0x00000000c5500000, 0x00000000c5600000|  0%| F|  |TAMS 0x00000000c5500000| PB 0x00000000c5500000| Untracked 
|  36|0x00000000c5600000, 0x00000000c5600000, 0x00000000c5700000|  0%| F|  |TAMS 0x00000000c5600000| PB 0x00000000c5600000| Untracked 
|  37|0x00000000c5700000, 0x00000000c5700000, 0x00000000c5800000|  0%| F|  |TAMS 0x00000000c5700000| PB 0x00000000c5700000| Untracked 
|  38|0x00000000c5800000, 0x00000000c5800000, 0x00000000c5900000|  0%| F|  |TAMS 0x00000000c5800000| PB 0x00000000c5800000| Untracked 
|  39|0x00000000c5900000, 0x00000000c5a00000, 0x00000000c5a00000|100%| S|CS|TAMS 0x00000000c5900000| PB 0x00000000c5900000| Complete 
|  40|0x00000000c5a00000, 0x00000000c5b00000, 0x00000000c5b00000|100%| S|CS|TAMS 0x00000000c5a00000| PB 0x00000000c5a00000| Complete 
|  41|0x00000000c5b00000, 0x00000000c5c00000, 0x00000000c5c00000|100%| S|CS|TAMS 0x00000000c5b00000| PB 0x00000000c5b00000| Complete 
|  42|0x00000000c5c00000, 0x00000000c5c00000, 0x00000000c5d00000|  0%| F|  |TAMS 0x00000000c5c00000| PB 0x00000000c5c00000| Untracked 
|  43|0x00000000c5d00000, 0x00000000c5d00000, 0x00000000c5e00000|  0%| F|  |TAMS 0x00000000c5d00000| PB 0x00000000c5d00000| Untracked 
|  44|0x00000000c5e00000, 0x00000000c5e00000, 0x00000000c5f00000|  0%| F|  |TAMS 0x00000000c5e00000| PB 0x00000000c5e00000| Untracked 
|  45|0x00000000c5f00000, 0x00000000c5f00000, 0x00000000c6000000|  0%| F|  |TAMS 0x00000000c5f00000| PB 0x00000000c5f00000| Untracked 
|  46|0x00000000c6000000, 0x00000000c6000000, 0x00000000c6100000|  0%| F|  |TAMS 0x00000000c6000000| PB 0x00000000c6000000| Untracked 
|  47|0x00000000c6100000, 0x00000000c6100000, 0x00000000c6200000|  0%| F|  |TAMS 0x00000000c6100000| PB 0x00000000c6100000| Untracked 
|  48|0x00000000c6200000, 0x00000000c6200000, 0x00000000c6300000|  0%| F|  |TAMS 0x00000000c6200000| PB 0x00000000c6200000| Untracked 
|  49|0x00000000c6300000, 0x00000000c6300000, 0x00000000c6400000|  0%| F|  |TAMS 0x00000000c6300000| PB 0x00000000c6300000| Untracked 
|  50|0x00000000c6400000, 0x00000000c6400000, 0x00000000c6500000|  0%| F|  |TAMS 0x00000000c6400000| PB 0x00000000c6400000| Untracked 
|  51|0x00000000c6500000, 0x00000000c6500000, 0x00000000c6600000|  0%| F|  |TAMS 0x00000000c6500000| PB 0x00000000c6500000| Untracked 
|  52|0x00000000c6600000, 0x00000000c6600000, 0x00000000c6700000|  0%| F|  |TAMS 0x00000000c6600000| PB 0x00000000c6600000| Untracked 
|  53|0x00000000c6700000, 0x00000000c6700000, 0x00000000c6800000|  0%| F|  |TAMS 0x00000000c6700000| PB 0x00000000c6700000| Untracked 
|  54|0x00000000c6800000, 0x00000000c6800000, 0x00000000c6900000|  0%| F|  |TAMS 0x00000000c6800000| PB 0x00000000c6800000| Untracked 
|  55|0x00000000c6900000, 0x00000000c6900000, 0x00000000c6a00000|  0%| F|  |TAMS 0x00000000c6900000| PB 0x00000000c6900000| Untracked 
|  56|0x00000000c6a00000, 0x00000000c6a00000, 0x00000000c6b00000|  0%| F|  |TAMS 0x00000000c6a00000| PB 0x00000000c6a00000| Untracked 
|  57|0x00000000c6b00000, 0x00000000c6b00000, 0x00000000c6c00000|  0%| F|  |TAMS 0x00000000c6b00000| PB 0x00000000c6b00000| Untracked 
|  58|0x00000000c6c00000, 0x00000000c6c00000, 0x00000000c6d00000|  0%| F|  |TAMS 0x00000000c6c00000| PB 0x00000000c6c00000| Untracked 
|  59|0x00000000c6d00000, 0x00000000c6d00000, 0x00000000c6e00000|  0%| F|  |TAMS 0x00000000c6d00000| PB 0x00000000c6d00000| Untracked 
|  60|0x00000000c6e00000, 0x00000000c6e00000, 0x00000000c6f00000|  0%| F|  |TAMS 0x00000000c6e00000| PB 0x00000000c6e00000| Untracked 
|  61|0x00000000c6f00000, 0x00000000c6f00000, 0x00000000c7000000|  0%| F|  |TAMS 0x00000000c6f00000| PB 0x00000000c6f00000| Untracked 
|  62|0x00000000c7000000, 0x00000000c7000000, 0x00000000c7100000|  0%| F|  |TAMS 0x00000000c7000000| PB 0x00000000c7000000| Untracked 
|  63|0x00000000c7100000, 0x00000000c7100000, 0x00000000c7200000|  0%| F|  |TAMS 0x00000000c7100000| PB 0x00000000c7100000| Untracked 
|  64|0x00000000c7200000, 0x00000000c72cc248, 0x00000000c7300000| 79%| E|  |TAMS 0x00000000c7200000| PB 0x00000000c7200000| Complete 
|  65|0x00000000c7300000, 0x00000000c7400000, 0x00000000c7400000|100%| E|CS|TAMS 0x00000000c7300000| PB 0x00000000c7300000| Complete 
|  66|0x00000000c7400000, 0x00000000c7500000, 0x00000000c7500000|100%| E|CS|TAMS 0x00000000c7400000| PB 0x00000000c7400000| Complete 
|  67|0x00000000c7500000, 0x00000000c7600000, 0x00000000c7600000|100%| E|CS|TAMS 0x00000000c7500000| PB 0x00000000c7500000| Complete 
|  68|0x00000000c7600000, 0x00000000c7700000, 0x00000000c7700000|100%| E|CS|TAMS 0x00000000c7600000| PB 0x00000000c7600000| Complete 
|  69|0x00000000c7700000, 0x00000000c7800000, 0x00000000c7800000|100%| E|CS|TAMS 0x00000000c7700000| PB 0x00000000c7700000| Complete 
|  70|0x00000000c7800000, 0x00000000c7900000, 0x00000000c7900000|100%| E|CS|TAMS 0x00000000c7800000| PB 0x00000000c7800000| Complete 
|  71|0x00000000c7900000, 0x00000000c7a00000, 0x00000000c7a00000|100%| E|CS|TAMS 0x00000000c7900000| PB 0x00000000c7900000| Complete 
|  72|0x00000000c7a00000, 0x00000000c7b00000, 0x00000000c7b00000|100%| E|CS|TAMS 0x00000000c7a00000| PB 0x00000000c7a00000| Complete 
|  73|0x00000000c7b00000, 0x00000000c7c00000, 0x00000000c7c00000|100%| E|CS|TAMS 0x00000000c7b00000| PB 0x00000000c7b00000| Complete 
|  74|0x00000000c7c00000, 0x00000000c7d00000, 0x00000000c7d00000|100%| E|CS|TAMS 0x00000000c7c00000| PB 0x00000000c7c00000| Complete 

Card table byte_map: [0x000001fdfd390000,0x000001fdfd580000] _byte_map_base: 0x000001fdfcd77000

Marking Bits: (CMBitMap*) 0x000001fdfd112e80
 Bits: [0x000001fdfd580000, 0x000001fdfe4b8000)

Polling page: 0x000001fdfc8a0000

Metaspace:

Usage:
  Non-class:     23.29 MB used.
      Class:      2.98 MB used.
       Both:     26.26 MB used.

Virtual space:
  Non-class space:       64.00 MB reserved,      23.44 MB ( 37%) committed,  1 nodes.
      Class space:        1.00 GB reserved,       3.19 MB ( <1%) committed,  1 nodes.
             Both:        1.06 GB reserved,      26.62 MB (  2%) committed. 

Chunk freelists:
   Non-Class:  8.27 MB
       Class:  12.80 MB
        Both:  21.06 MB

MaxMetaspaceSize: unlimited
CompressedClassSpaceSize: 1.00 GB
Initial GC threshold: 21.00 MB
Current GC threshold: 35.62 MB
CDS: on
 - commit_granule_bytes: 65536.
 - commit_granule_words: 8192.
 - virtual_space_node_default_size: 8388608.
 - enlarge_chunks_in_place: 1.
 - use_allocation_guard: 0.


Internal statistics:

num_allocs_failed_limit: 6.
num_arena_births: 226.
num_arena_deaths: 0.
num_vsnodes_births: 2.
num_vsnodes_deaths: 0.
num_space_committed: 426.
num_space_uncommitted: 0.
num_chunks_returned_to_freelist: 6.
num_chunks_taken_from_freelist: 1164.
num_chunk_merges: 6.
num_chunk_splits: 844.
num_chunks_enlarged: 676.
num_inconsistent_stats: 0.

CodeHeap 'non-profiled nmethods': size=120000Kb used=2350Kb max_used=2350Kb free=117649Kb
 bounds [0x000001fd8fe90000, 0x000001fd90100000, 0x000001fd973c0000]
CodeHeap 'profiled nmethods': size=120000Kb used=12249Kb max_used=12249Kb free=107750Kb
 bounds [0x000001fd883c0000, 0x000001fd88fc0000, 0x000001fd8f8f0000]
CodeHeap 'non-nmethods': size=5760Kb used=1598Kb max_used=1637Kb free=4161Kb
 bounds [0x000001fd8f8f0000, 0x000001fd8fb60000, 0x000001fd8fe90000]
 total_blobs=6329 nmethods=5799 adapters=433
 compilation: enabled
              stopped_count=0, restarted_count=0
 full_count=0

Compilation events (20 events):
Event: 3.927 Thread 0x000001fd99504cc0 nmethod 5611 0x000001fd900d6110 code [0x000001fd900d6500, 0x000001fd900d8268]
Event: 3.927 Thread 0x000001fd99504cc0 5642       4       java.util.HashMap::put (13 bytes)
Event: 3.933 Thread 0x000001fd99509d90 5791       2       jdk.internal.misc.CDS::isSharingEnabled (4 bytes)
Event: 3.933 Thread 0x000001fd99509d90 nmethod 5791 0x000001fd88f9e910 code [0x000001fd88f9eaa0, 0x000001fd88f9eb88]
Event: 3.933 Thread 0x000001fd99509d90 5792       2       java.lang.invoke.BoundMethodHandle::rebind (14 bytes)
Event: 3.933 Thread 0x000001fd99509d90 nmethod 5792 0x000001fd88f9ec10 code [0x000001fd88f9ede0, 0x000001fd88f9eff0]
Event: 3.933 Thread 0x000001fd99509d90 5793       2       java.lang.invoke.LambdaForm::expressionCount (11 bytes)
Event: 3.933 Thread 0x000001fd99509d90 nmethod 5793 0x000001fd88f9f190 code [0x000001fd88f9f320, 0x000001fd88f9f438]
Event: 3.936 Thread 0x000001fd99504cc0 nmethod 5642 0x000001fd900d9b10 code [0x000001fd900d9d20, 0x000001fd900da5b8]
Event: 3.936 Thread 0x000001fd99504cc0 5635       4       com.sun.tools.javac.jvm.ClassReader::sigToType (881 bytes)
Event: 3.936 Thread 0x000001fd99509d90 5794       2       com.sun.tools.javac.code.Symtab::lookupPackage (259 bytes)
Event: 3.937 Thread 0x000001fd99509d90 nmethod 5794 0x000001fd88f9f510 code [0x000001fd88f9f8c0, 0x000001fd88fa08c8]
Event: 3.938 Thread 0x000001fd99509d90 5799       2       java.lang.invoke.DirectMethodHandle::make (21 bytes)
Event: 3.938 Thread 0x000001fd99509d90 nmethod 5799 0x000001fd88fa1110 code [0x000001fd88fa12c0, 0x000001fd88fa1440]
Event: 3.941 Thread 0x000001fd99509d90 5800       2       java.util.RegularEnumSet$EnumSetIterator::next (5 bytes)
Event: 3.942 Thread 0x000001fd99509d90 nmethod 5800 0x000001fd88fa1510 code [0x000001fd88fa16a0, 0x000001fd88fa17c8]
Event: 3.942 Thread 0x000001fd99509d90 5801       2       java.util.RegularEnumSet$EnumSetIterator::next (60 bytes)
Event: 3.942 Thread 0x000001fd99509d90 nmethod 5801 0x000001fd88fa1890 code [0x000001fd88fa1a40, 0x000001fd88fa1c98]
Event: 3.944 Thread 0x000001fd99509d90 5803       2       java.util.EnumMap::unmaskNull (13 bytes)
Event: 3.944 Thread 0x000001fd99509d90 nmethod 5803 0x000001fd88fa1e10 code [0x000001fd88fa1fa0, 0x000001fd88fa20c0]

GC Heap History (16 events):
Event: 0.750 GC heap before
{Heap before GC invocations=0 (full 0):
 garbage-first heap   total 63488K, used 13312K [0x00000000c3200000, 0x0000000100000000)
  region size 1024K, 13 young (13312K), 0 survivors (0K)
 Metaspace       used 3990K, committed 4224K, reserved 1114112K
  class space    used 408K, committed 512K, reserved 1048576K
}
Event: 0.754 GC heap after
{Heap after GC invocations=1 (full 0):
 garbage-first heap   total 63488K, used 3296K [0x00000000c3200000, 0x0000000100000000)
  region size 1024K, 2 young (2048K), 2 survivors (2048K)
 Metaspace       used 3990K, committed 4224K, reserved 1114112K
  class space    used 408K, committed 512K, reserved 1048576K
}
Event: 1.018 GC heap before
{Heap before GC invocations=1 (full 0):
 garbage-first heap   total 63488K, used 19680K [0x00000000c3200000, 0x0000000100000000)
  region size 1024K, 18 young (18432K), 2 survivors (2048K)
 Metaspace       used 6427K, committed 6656K, reserved 1114112K
  class space    used 731K, committed 832K, reserved 1048576K
}
Event: 1.022 GC heap after
{Heap after GC invocations=2 (full 0):
 garbage-first heap   total 63488K, used 4350K [0x00000000c3200000, 0x0000000100000000)
  region size 1024K, 1 young (1024K), 1 survivors (1024K)
 Metaspace       used 6427K, committed 6656K, reserved 1114112K
  class space    used 731K, committed 832K, reserved 1048576K
}
Event: 1.772 GC heap before
{Heap before GC invocations=2 (full 0):
 garbage-first heap   total 63488K, used 40190K [0x00000000c3200000, 0x0000000100000000)
  region size 1024K, 37 young (37888K), 1 survivors (1024K)
 Metaspace       used 12794K, committed 12992K, reserved 1114112K
  class space    used 1528K, committed 1600K, reserved 1048576K
}
Event: 1.778 GC heap after
{Heap after GC invocations=3 (full 0):
 garbage-first heap   total 63488K, used 6908K [0x00000000c3200000, 0x0000000100000000)
  region size 1024K, 4 young (4096K), 4 survivors (4096K)
 Metaspace       used 12794K, committed 12992K, reserved 1114112K
  class space    used 1528K, committed 1600K, reserved 1048576K
}
Event: 2.419 GC heap before
{Heap before GC invocations=3 (full 0):
 garbage-first heap   total 63488K, used 40700K [0x00000000c3200000, 0x0000000100000000)
  region size 1024K, 37 young (37888K), 4 survivors (4096K)
 Metaspace       used 16012K, committed 16192K, reserved 1114112K
  class space    used 1842K, committed 1920K, reserved 1048576K
}
Event: 2.429 GC heap after
{Heap after GC invocations=4 (full 0):
 garbage-first heap   total 63488K, used 9390K [0x00000000c3200000, 0x0000000100000000)
  region size 1024K, 3 young (3072K), 3 survivors (3072K)
 Metaspace       used 16012K, committed 16192K, reserved 1114112K
  class space    used 1842K, committed 1920K, reserved 1048576K
}
Event: 3.115 GC heap before
{Heap before GC invocations=4 (full 0):
 garbage-first heap   total 63488K, used 50350K [0x00000000c3200000, 0x0000000100000000)
  region size 1024K, 37 young (37888K), 3 survivors (3072K)
 Metaspace       used 19337K, committed 19648K, reserved 1114112K
  class space    used 2211K, committed 2368K, reserved 1048576K
}
Event: 3.123 GC heap after
{Heap after GC invocations=5 (full 0):
 garbage-first heap   total 63488K, used 20987K [0x00000000c3200000, 0x0000000100000000)
  region size 1024K, 5 young (5120K), 5 survivors (5120K)
 Metaspace       used 19337K, committed 19648K, reserved 1114112K
  class space    used 2211K, committed 2368K, reserved 1048576K
}
Event: 3.203 GC heap before
{Heap before GC invocations=5 (full 0):
 garbage-first heap   total 63488K, used 22011K [0x00000000c3200000, 0x0000000100000000)
  region size 1024K, 7 young (7168K), 5 survivors (5120K)
 Metaspace       used 21228K, committed 21504K, reserved 1114112K
  class space    used 2481K, committed 2624K, reserved 1048576K
}
Event: 3.211 GC heap after
{Heap after GC invocations=6 (full 0):
 garbage-first heap   total 63488K, used 22499K [0x00000000c3200000, 0x0000000100000000)
  region size 1024K, 1 young (1024K), 1 survivors (1024K)
 Metaspace       used 21228K, committed 21504K, reserved 1114112K
  class space    used 2481K, committed 2624K, reserved 1048576K
}
Event: 3.643 GC heap before
{Heap before GC invocations=7 (full 0):
 garbage-first heap   total 63488K, used 42979K [0x00000000c3200000, 0x0000000100000000)
  region size 1024K, 24 young (24576K), 1 survivors (1024K)
 Metaspace       used 25502K, committed 25856K, reserved 1114112K
  class space    used 2904K, committed 3072K, reserved 1048576K
}
Event: 3.650 GC heap after
{Heap after GC invocations=8 (full 0):
 garbage-first heap   total 63488K, used 26624K [0x00000000c3200000, 0x0000000100000000)
  region size 1024K, 3 young (3072K), 3 survivors (3072K)
 Metaspace       used 25502K, committed 25856K, reserved 1114112K
  class space    used 2904K, committed 3072K, reserved 1048576K
}
Event: 3.786 GC heap before
{Heap before GC invocations=8 (full 0):
 garbage-first heap   total 63488K, used 48128K [0x00000000c3200000, 0x0000000100000000)
  region size 1024K, 23 young (23552K), 3 survivors (3072K)
 Metaspace       used 25816K, committed 26176K, reserved 1114112K
  class space    used 2940K, committed 3136K, reserved 1048576K
}
Event: 3.794 GC heap after
{Heap after GC invocations=9 (full 0):
 garbage-first heap   total 76800K, used 31162K [0x00000000c3200000, 0x0000000100000000)
  region size 1024K, 3 young (3072K), 3 survivors (3072K)
 Metaspace       used 25816K, committed 26176K, reserved 1114112K
  class space    used 2940K, committed 3136K, reserved 1048576K
}

Dll operation events (8 events):
Event: 0.016 Loaded shared library C:\Program Files\Java\jdk-21\bin\java.dll
Event: 0.098 Loaded shared library C:\Program Files\Java\jdk-21\bin\jsvml.dll
Event: 0.119 Loaded shared library C:\Program Files\Java\jdk-21\bin\net.dll
Event: 0.122 Loaded shared library C:\Program Files\Java\jdk-21\bin\nio.dll
Event: 0.127 Loaded shared library C:\Program Files\Java\jdk-21\bin\zip.dll
Event: 0.313 Loaded shared library C:\Program Files\Java\jdk-21\bin\jimage.dll
Event: 0.380 Loaded shared library C:\Program Files\NetBeans-20\netbeans\java\maven\lib\jansi-native\Windows\x86_64\jansi.dll
Event: 0.405 Loaded shared library C:\Program Files\Java\jdk-21\bin\verify.dll

Deoptimization events (20 events):
Event: 3.894 Thread 0x000001fdfb0313e0 DEOPT PACKING pc=0x000001fd88f56e4b sp=0x000000dd2b2fc7b0
Event: 3.894 Thread 0x000001fdfb0313e0 DEOPT UNPACKING pc=0x000001fd8f9488e2 sp=0x000000dd2b2fbc60 mode 0
Event: 3.907 Thread 0x000001fdfb0313e0 DEOPT PACKING pc=0x000001fd88f56e4b sp=0x000000dd2b2fc6d0
Event: 3.907 Thread 0x000001fdfb0313e0 DEOPT UNPACKING pc=0x000001fd8f9488e2 sp=0x000000dd2b2fbb80 mode 0
Event: 3.929 Thread 0x000001fdfb0313e0 Uncommon trap: trap_request=0xffffffbe fr.pc=0x000001fd900d7c50 relative=0x0000000000001750
Event: 3.929 Thread 0x000001fdfb0313e0 Uncommon trap: reason=profile_predicate action=maybe_recompile pc=0x000001fd900d7c50 method=java.util.stream.ReferencePipeline.forEachWithCancel(Ljava/util/Spliterator;Ljava/util/stream/Sink;)Z @ 8 c2
Event: 3.929 Thread 0x000001fdfb0313e0 DEOPT PACKING pc=0x000001fd900d7c50 sp=0x000000dd2b2fb1e0
Event: 3.929 Thread 0x000001fdfb0313e0 DEOPT UNPACKING pc=0x000001fd8f947da2 sp=0x000000dd2b2fae30 mode 2
Event: 3.929 Thread 0x000001fdfb0313e0 Uncommon trap: trap_request=0xffffffbe fr.pc=0x000001fd900d7c50 relative=0x0000000000001750
Event: 3.929 Thread 0x000001fdfb0313e0 Uncommon trap: reason=profile_predicate action=maybe_recompile pc=0x000001fd900d7c50 method=java.util.stream.ReferencePipeline.forEachWithCancel(Ljava/util/Spliterator;Ljava/util/stream/Sink;)Z @ 8 c2
Event: 3.929 Thread 0x000001fdfb0313e0 DEOPT PACKING pc=0x000001fd900d7c50 sp=0x000000dd2b2faec0
Event: 3.929 Thread 0x000001fdfb0313e0 DEOPT UNPACKING pc=0x000001fd8f947da2 sp=0x000000dd2b2fab10 mode 2
Event: 3.929 Thread 0x000001fdfb0313e0 Uncommon trap: trap_request=0xffffffbe fr.pc=0x000001fd900d7c50 relative=0x0000000000001750
Event: 3.929 Thread 0x000001fdfb0313e0 Uncommon trap: reason=profile_predicate action=maybe_recompile pc=0x000001fd900d7c50 method=java.util.stream.ReferencePipeline.forEachWithCancel(Ljava/util/Spliterator;Ljava/util/stream/Sink;)Z @ 8 c2
Event: 3.929 Thread 0x000001fdfb0313e0 DEOPT PACKING pc=0x000001fd900d7c50 sp=0x000000dd2b2fb1e0
Event: 3.929 Thread 0x000001fdfb0313e0 DEOPT UNPACKING pc=0x000001fd8f947da2 sp=0x000000dd2b2fae30 mode 2
Event: 3.929 Thread 0x000001fdfb0313e0 Uncommon trap: trap_request=0xffffffbe fr.pc=0x000001fd900d7c50 relative=0x0000000000001750
Event: 3.929 Thread 0x000001fdfb0313e0 Uncommon trap: reason=profile_predicate action=maybe_recompile pc=0x000001fd900d7c50 method=java.util.stream.ReferencePipeline.forEachWithCancel(Ljava/util/Spliterator;Ljava/util/stream/Sink;)Z @ 8 c2
Event: 3.929 Thread 0x000001fdfb0313e0 DEOPT PACKING pc=0x000001fd900d7c50 sp=0x000000dd2b2fb020
Event: 3.929 Thread 0x000001fdfb0313e0 DEOPT UNPACKING pc=0x000001fd8f947da2 sp=0x000000dd2b2fac70 mode 2

Classes loaded (20 events):
Event: 3.630 Loading class jdk/internal/jrtfs/JrtDirectoryStream$1
Event: 3.630 Loading class jdk/internal/jrtfs/JrtDirectoryStream$1 done
Event: 3.631 Loading class java/util/stream/StreamSpliterators
Event: 3.631 Loading class java/util/stream/StreamSpliterators done
Event: 3.631 Loading class java/util/function/BooleanSupplier
Event: 3.631 Loading class java/util/function/BooleanSupplier done
Event: 3.676 Loading class java/nio/file/FileTreeWalker$1
Event: 3.676 Loading class java/nio/file/FileTreeWalker$1 done
Event: 3.911 Loading class java/util/stream/ReduceOps$1
Event: 3.911 Loading class java/util/stream/ReduceOps$1 done
Event: 3.912 Loading class java/util/stream/ReduceOps$1ReducingSink
Event: 3.912 Loading class java/util/stream/ReduceOps$1ReducingSink done
Event: 3.942 Loading class java/util/EnumMap$EntrySet
Event: 3.943 Loading class java/util/EnumMap$EntrySet done
Event: 3.943 Loading class java/util/EnumMap$EntryIterator
Event: 3.943 Loading class java/util/EnumMap$EnumMapIterator
Event: 3.943 Loading class java/util/EnumMap$EnumMapIterator done
Event: 3.943 Loading class java/util/EnumMap$EntryIterator done
Event: 3.943 Loading class java/util/EnumMap$EntryIterator$Entry
Event: 3.943 Loading class java/util/EnumMap$EntryIterator$Entry done

Classes unloaded (0 events):
No events

Classes redefined (0 events):
No events

Internal exceptions (20 events):
Event: 3.870 Thread 0x000001fdfb0313e0 Exception <a 'sun/nio/fs/WindowsException'{0x00000000c76480c8}> (0x00000000c76480c8) 
thrown [s\open\src\hotspot\share\prims\jni.cpp, line 520]
Event: 3.870 Thread 0x000001fdfb0313e0 Exception <a 'sun/nio/fs/WindowsException'{0x00000000c7648e30}> (0x00000000c7648e30) 
thrown [s\open\src\hotspot\share\prims\jni.cpp, line 520]
Event: 3.873 Thread 0x000001fdfb0313e0 Exception <a 'sun/nio/fs/WindowsException'{0x00000000c7674e50}> (0x00000000c7674e50) 
thrown [s\open\src\hotspot\share\prims\jni.cpp, line 520]
Event: 3.873 Thread 0x000001fdfb0313e0 Exception <a 'sun/nio/fs/WindowsException'{0x00000000c767c5a8}> (0x00000000c767c5a8) 
thrown [s\open\src\hotspot\share\prims\jni.cpp, line 520]
Event: 3.873 Thread 0x000001fdfb0313e0 Exception <a 'sun/nio/fs/WindowsException'{0x00000000c768e1c8}> (0x00000000c768e1c8) 
thrown [s\open\src\hotspot\share\prims\jni.cpp, line 520]
Event: 3.873 Thread 0x000001fdfb0313e0 Exception <a 'sun/nio/fs/WindowsException'{0x00000000c768ef50}> (0x00000000c768ef50) 
thrown [s\open\src\hotspot\share\prims\jni.cpp, line 520]
Event: 3.876 Thread 0x000001fdfb0313e0 Exception <a 'sun/nio/fs/WindowsException'{0x00000000c76aec90}> (0x00000000c76aec90) 
thrown [s\open\src\hotspot\share\prims\jni.cpp, line 520]
Event: 3.876 Thread 0x000001fdfb0313e0 Exception <a 'sun/nio/fs/WindowsException'{0x00000000c76b1758}> (0x00000000c76b1758) 
thrown [s\open\src\hotspot\share\prims\jni.cpp, line 520]
Event: 3.876 Thread 0x000001fdfb0313e0 Exception <a 'sun/nio/fs/WindowsException'{0x00000000c76b5c98}> (0x00000000c76b5c98) 
thrown [s\open\src\hotspot\share\prims\jni.cpp, line 520]
Event: 3.876 Thread 0x000001fdfb0313e0 Exception <a 'sun/nio/fs/WindowsException'{0x00000000c76b69c0}> (0x00000000c76b69c0) 
thrown [s\open\src\hotspot\share\prims\jni.cpp, line 520]
Event: 3.876 Thread 0x000001fdfb0313e0 Exception <a 'sun/nio/fs/WindowsException'{0x00000000c76b8080}> (0x00000000c76b8080) 
thrown [s\open\src\hotspot\share\prims\jni.cpp, line 520]
Event: 3.877 Thread 0x000001fdfb0313e0 Exception <a 'sun/nio/fs/WindowsException'{0x00000000c76bdd98}> (0x00000000c76bdd98) 
thrown [s\open\src\hotspot\share\prims\jni.cpp, line 520]
Event: 3.877 Thread 0x000001fdfb0313e0 Exception <a 'sun/nio/fs/WindowsException'{0x00000000c76cb840}> (0x00000000c76cb840) 
thrown [s\open\src\hotspot\share\prims\jni.cpp, line 520]
Event: 3.877 Thread 0x000001fdfb0313e0 Exception <a 'sun/nio/fs/WindowsException'{0x00000000c76cc878}> (0x00000000c76cc878) 
thrown [s\open\src\hotspot\share\prims\jni.cpp, line 520]
Event: 3.896 Thread 0x000001fdfb0313e0 Exception <a 'sun/nio/fs/WindowsException'{0x00000000c7416740}> (0x00000000c7416740) 
thrown [s\open\src\hotspot\share\prims\jni.cpp, line 520]
Event: 3.897 Thread 0x000001fdfb0313e0 Exception <a 'sun/nio/fs/WindowsException'{0x00000000c7417ef8}> (0x00000000c7417ef8) 
thrown [s\open\src\hotspot\share\prims\jni.cpp, line 520]
Event: 3.897 Thread 0x000001fdfb0313e0 Exception <a 'sun/nio/fs/WindowsException'{0x00000000c74194c8}> (0x00000000c74194c8) 
thrown [s\open\src\hotspot\share\prims\jni.cpp, line 520]
Event: 3.897 Thread 0x000001fdfb0313e0 Exception <a 'sun/nio/fs/WindowsException'{0x00000000c741a230}> (0x00000000c741a230) 
thrown [s\open\src\hotspot\share\prims\jni.cpp, line 520]
Event: 3.937 Thread 0x000001fdfb0313e0 Exception <a 'java/lang/NoSuchMethodError'{0x00000000c738fa88}: 'int java.lang.invoke.DirectMethodHandle$Holder.invokeVirtual(java.lang.Object, java.lang.Object, java.lang.Object, java.lang.Object)'> (0x00000000c738fa88) 
thrown [s\open\src\hotspot\share\interpreter\linkResolver.cpp, line 773]
Event: 3.938 Thread 0x000001fdfb0313e0 Exception <a 'java/lang/NoSuchMethodError'{0x00000000c7399850}: 'java.lang.Object java.lang.invoke.DirectMethodHandle$Holder.newInvokeSpecial(java.lang.Object, java.lang.Object, int, java.lang.Object)'> (0x00000000c7399850) 
thrown [s\open\src\hotspot\share\interpreter\linkResolver.cpp, line 773]

ZGC Phase Switch (0 events):
No events

VM Operations (20 events):
Event: 3.607 Executing VM operation: HandshakeAllThreads (Deoptimize)
Event: 3.607 Executing VM operation: HandshakeAllThreads (Deoptimize) done
Event: 3.609 Executing VM operation: HandshakeAllThreads (Deoptimize)
Event: 3.609 Executing VM operation: HandshakeAllThreads (Deoptimize) done
Event: 3.643 Executing VM operation: G1CollectForAllocation (G1 Evacuation Pause)
Event: 3.650 Executing VM operation: G1CollectForAllocation (G1 Evacuation Pause) done
Event: 3.659 Executing VM operation: HandshakeAllThreads (Deoptimize)
Event: 3.659 Executing VM operation: HandshakeAllThreads (Deoptimize) done
Event: 3.706 Executing VM operation: HandshakeAllThreads (Deoptimize)
Event: 3.706 Executing VM operation: HandshakeAllThreads (Deoptimize) done
Event: 3.786 Executing VM operation: G1CollectForAllocation (G1 Evacuation Pause)
Event: 3.794 Executing VM operation: G1CollectForAllocation (G1 Evacuation Pause) done
Event: 3.875 Executing VM operation: ICBufferFull
Event: 3.876 Executing VM operation: ICBufferFull done
Event: 3.912 Executing VM operation: HandshakeAllThreads (Deoptimize)
Event: 3.912 Executing VM operation: HandshakeAllThreads (Deoptimize) done
Event: 3.931 Executing VM operation: HandshakeAllThreads (Deoptimize)
Event: 3.931 Executing VM operation: HandshakeAllThreads (Deoptimize) done
Event: 3.935 Executing VM operation: HandshakeAllThreads (Deoptimize)
Event: 3.935 Executing VM operation: HandshakeAllThreads (Deoptimize) done

Events (12 events):
Event: 0.074 Thread 0x000001fdfb0313e0 Thread added: 0x000001fdfb0313e0
Event: 0.092 Thread 0x000001fd994f03a0 Thread added: 0x000001fd994f03a0
Event: 0.092 Thread 0x000001fd994f13a0 Thread added: 0x000001fd994f13a0
Event: 0.093 Thread 0x000001fd994f4ce0 Thread added: 0x000001fd994f4ce0
Event: 0.093 Thread 0x000001fd994f7930 Thread added: 0x000001fd994f7930
Event: 0.093 Thread 0x000001fd994f8c80 Thread added: 0x000001fd994f8c80
Event: 0.093 Thread 0x000001fd994f97c0 Thread added: 0x000001fd994f97c0
Event: 0.093 Thread 0x000001fd99504cc0 Thread added: 0x000001fd99504cc0
Event: 0.093 Thread 0x000001fd99509d90 Thread added: 0x000001fd99509d90
Event: 0.111 Thread 0x000001fd99754f00 Thread added: 0x000001fd99754f00
Event: 0.115 Thread 0x000001fd99757f40 Thread added: 0x000001fd99757f40
Event: 2.873 Thread 0x000001fddfd7c1b0 Thread added: 0x000001fddfd7c1b0


Dynamic libraries:
0x00007ff6b1950000 - 0x00007ff6b1960000 	C:\Program Files\Java\jdk-21\bin\java.exe
0x00007ffbaa710000 - 0x00007ffbaa927000 	C:\WINDOWS\SYSTEM32\ntdll.dll
0x00007ffba95a0000 - 0x00007ffba9664000 	C:\WINDOWS\System32\KERNEL32.DLL
0x00007ffba7ec0000 - 0x00007ffba827a000 	C:\WINDOWS\System32\KERNELBASE.dll
0x00007ffba7da0000 - 0x00007ffba7eb1000 	C:\WINDOWS\System32\ucrtbase.dll
0x00007ffb3e6b0000 - 0x00007ffb3e6cb000 	C:\Program Files\Java\jdk-21\bin\VCRUNTIME140.dll
0x00007ffb9de50000 - 0x00007ffb9de69000 	C:\Program Files\Java\jdk-21\bin\jli.dll
0x00007ffbaa5f0000 - 0x00007ffbaa6a2000 	C:\WINDOWS\System32\ADVAPI32.dll
0x00007ffba8420000 - 0x00007ffba84c7000 	C:\WINDOWS\System32\msvcrt.dll
0x00007ffbaa380000 - 0x00007ffbaa427000 	C:\WINDOWS\System32\sechost.dll
0x00007ffba83f0000 - 0x00007ffba8418000 	C:\WINDOWS\System32\bcrypt.dll
0x00007ffbaa430000 - 0x00007ffbaa544000 	C:\WINDOWS\System32\RPCRT4.dll
0x00007ffba9680000 - 0x00007ffba982e000 	C:\WINDOWS\System32\USER32.dll
0x00007ffba83c0000 - 0x00007ffba83e6000 	C:\WINDOWS\System32\win32u.dll
0x00007ffba9a90000 - 0x00007ffba9ab9000 	C:\WINDOWS\System32\GDI32.dll
0x00007ffb91fe0000 - 0x00007ffb92272000 	C:\WINDOWS\WinSxS\amd64_microsoft.windows.common-controls_6595b64144ccf1df_6.0.22621.4541_none_2710d1c57384c085\COMCTL32.dll
0x00007ffba7a90000 - 0x00007ffba7bab000 	C:\WINDOWS\System32\gdi32full.dll
0x00007ffba79f0000 - 0x00007ffba7a8a000 	C:\WINDOWS\System32\msvcp_win.dll
0x00007ffba0e80000 - 0x00007ffba0e8a000 	C:\WINDOWS\SYSTEM32\VERSION.dll
0x00007ffbaa340000 - 0x00007ffbaa371000 	C:\WINDOWS\System32\IMM32.DLL
0x00007ffb108e0000 - 0x00007ffb108ec000 	C:\Program Files\Java\jdk-21\bin\vcruntime140_1.dll
0x00007ffb90fc0000 - 0x00007ffb9104e000 	C:\Program Files\Java\jdk-21\bin\msvcp140.dll
0x00007ffb108f0000 - 0x00007ffb11608000 	C:\Program Files\Java\jdk-21\bin\server\jvm.dll
0x00007ffba84d0000 - 0x00007ffba8541000 	C:\WINDOWS\System32\WS2_32.dll
0x00007ffba78c0000 - 0x00007ffba790d000 	C:\WINDOWS\SYSTEM32\POWRPROF.dll
0x00007ffb9e420000 - 0x00007ffb9e454000 	C:\WINDOWS\SYSTEM32\WINMM.dll
0x00007ffba78a0000 - 0x00007ffba78b3000 	C:\WINDOWS\SYSTEM32\UMPDC.dll
0x00007ffba6a30000 - 0x00007ffba6a48000 	C:\WINDOWS\SYSTEM32\kernel.appcore.dll
0x00007ffb10870000 - 0x00007ffb1087a000 	C:\Program Files\Java\jdk-21\bin\jimage.dll
0x00007ffba5280000 - 0x00007ffba54b2000 	C:\WINDOWS\SYSTEM32\DBGHELP.DLL
0x00007ffba8c40000 - 0x00007ffba8fcf000 	C:\WINDOWS\System32\combase.dll
0x00007ffba8fd0000 - 0x00007ffba90a7000 	C:\WINDOWS\System32\OLEAUT32.dll
0x00007ffb89750000 - 0x00007ffb89782000 	C:\WINDOWS\SYSTEM32\dbgcore.DLL
0x00007ffba8280000 - 0x00007ffba82fb000 	C:\WINDOWS\System32\bcryptPrimitives.dll
0x00007ffb10880000 - 0x00007ffb1089f000 	C:\Program Files\Java\jdk-21\bin\java.dll
0x00007ffba9ac0000 - 0x00007ffbaa338000 	C:\WINDOWS\System32\SHELL32.dll
0x00007ffba5930000 - 0x00007ffba6238000 	C:\WINDOWS\SYSTEM32\windows.storage.dll
0x00007ffba57f0000 - 0x00007ffba592f000 	C:\WINDOWS\SYSTEM32\wintypes.dll
0x00007ffba85b0000 - 0x00007ffba86aa000 	C:\WINDOWS\System32\SHCORE.dll
0x00007ffba87b0000 - 0x00007ffba880e000 	C:\WINDOWS\System32\shlwapi.dll
0x00007ffba7920000 - 0x00007ffba794b000 	C:\WINDOWS\SYSTEM32\profapi.dll
0x00007ffb10790000 - 0x00007ffb10867000 	C:\Program Files\Java\jdk-21\bin\jsvml.dll
0x00007ffb10780000 - 0x00007ffb10790000 	C:\Program Files\Java\jdk-21\bin\net.dll
0x00007ffba17d0000 - 0x00007ffba1906000 	C:\WINDOWS\SYSTEM32\WINHTTP.dll
0x00007ffba6eb0000 - 0x00007ffba6f19000 	C:\WINDOWS\system32\mswsock.dll
0x00007ffb10760000 - 0x00007ffb10776000 	C:\Program Files\Java\jdk-21\bin\nio.dll
0x00007ffb10740000 - 0x00007ffb10758000 	C:\Program Files\Java\jdk-21\bin\zip.dll
0x0000000069ac0000 - 0x0000000069ae4000 	C:\Program Files\NetBeans-20\netbeans\java\maven\lib\jansi-native\Windows\x86_64\jansi.dll
0x00007ffba1670000 - 0x00007ffba1680000 	C:\Program Files\Java\jdk-21\bin\verify.dll

dbghelp: loaded successfully - version: 4.0.5 - missing functions: none
symbol engine: initialized successfully - sym options: 0x614 - pdb path: .;C:\Program Files\Java\jdk-21\bin;C:\WINDOWS\SYSTEM32;C:\WINDOWS\WinSxS\amd64_microsoft.windows.common-controls_6595b64144ccf1df_6.0.22621.4541_none_2710d1c57384c085;C:\Program Files\Java\jdk-21\bin\server;C:\Program Files\NetBeans-20\netbeans\java\maven\lib\jansi-native\Windows\x86_64

VM Arguments:
jvm_args: -Dclassworlds.conf=C:\Program Files\NetBeans-20\netbeans\java\maven\bin\m2.conf -Dmaven.home=C:\Program Files\NetBeans-20\netbeans\java\maven -Dlibrary.jansi.path=C:\Program Files\NetBeans-20\netbeans\java\maven\lib\jansi-native -Dmaven.multiModuleProjectDirectory=D:\FILE MEEEEE\SEMESTER 3\PBO\Java_farm\Java_farm\Java_farm\Java_farm\Java_farm 
java_command: org.codehaus.plexus.classworlds.launcher.Launcher -Dexec.vmArgs=--enable-preview -Dexec.args=${exec.vmArgs} -classpath %classpath ${exec.mainClass} ${exec.appArgs} -Dexec.appArgs= -Dexec.mainClass=com.mycompany.java_farm.mainUi -Dexec.executable=C:\Program Files\Java\jdk-21\bin\java.exe -Dmaven.ext.class.path=C:\Program Files\NetBeans-20\netbeans\java\maven-nblib\netbeans-eventspy.jar --no-transfer-progress javafx:run
java_class_path (initial): C:\Program Files\NetBeans-20\netbeans\java\maven\boot\plexus-classworlds-2.7.0.jar
Launcher Type: SUN_STANDARD

[Global flags]
     intx CICompilerCount                          = 3                                         {product} {ergonomic}
     uint ConcGCThreads                            = 1                                         {product} {ergonomic}
     uint G1ConcRefinementThreads                  = 4                                         {product} {ergonomic}
   size_t G1HeapRegionSize                         = 1048576                                   {product} {ergonomic}
    uintx GCDrainStackTargetSize                   = 64                                        {product} {ergonomic}
   size_t InitialHeapSize                          = 65011712                                  {product} {ergonomic}
   size_t MarkStackSize                            = 4194304                                   {product} {ergonomic}
   size_t MaxHeapSize                              = 1021313024                                {product} {ergonomic}
   size_t MaxNewSize                               = 612368384                                 {product} {ergonomic}
   size_t MinHeapDeltaBytes                        = 1048576                                   {product} {ergonomic}
   size_t MinHeapSize                              = 8388608                                   {product} {ergonomic}
    uintx NonNMethodCodeHeapSize                   = 5832780                                {pd product} {ergonomic}
    uintx NonProfiledCodeHeapSize                  = 122912730                              {pd product} {ergonomic}
    uintx ProfiledCodeHeapSize                     = 122912730                              {pd product} {ergonomic}
    uintx ReservedCodeCacheSize                    = 251658240                              {pd product} {ergonomic}
     bool SegmentedCodeCache                       = true                                      {product} {ergonomic}
   size_t SoftMaxHeapSize                          = 1021313024                             {manageable} {ergonomic}
     bool UseCompressedOops                        = true                           {product lp64_product} {ergonomic}
     bool UseG1GC                                  = true                                      {product} {ergonomic}
     bool UseLargePagesIndividualAllocation        = false                                  {pd product} {ergonomic}

Logging:
Log output configuration:
 #0: stdout all=warning uptime,level,tags foldmultilines=false
 #1: stderr all=off uptime,level,tags foldmultilines=false

Environment Variables:
JAVA_HOME=C:\Program Files\Java\jdk-21
PATH=C:\Program Files\Common Files\Oracle\Java\javapath;C:\WINDOWS\system32;C:\WINDOWS;C:\WINDOWS\System32\Wbem;C:\WINDOWS\System32\WindowsPowerShell\v1.0\;C:\WINDOWS\System32\OpenSSH\;C:\MinGW\bin;C:\Program Files\dotnet\;C:\Program Files\MySQL\MySQL Server 8.0\bin;C:\xampp\php;C:\Program Files\MATLAB\R2024b\bin;C:\Program Files\Java\jdk-23\bin;C:\Users\USER\Downloads\apache-ant-1.10.15-bin\bin;C:\Program Files\Java\javafx-sdk-23.0.1\bin;C:\Program Files\NetBeans-20\netbeans\java\maven;C:\Users\USER\Downloads\apache-maven-3.9.9-bin\apache-maven-3.9.9\bin;C:\Program Files\Java\jdk-21\bin;C:\Program Files\Java\javafx-sdk-21.0.5\bin;C:\Program Files\Java\jdk-21\bin;C:\Program Files\MySQL\MySQL Shell 8.0\bin\;C:\Users\USER\AppData\Local\Microsoft\WindowsApps;;C:\Users\USER\Documents\FILE MEEEEE\Microsoft VS Code\bin
USERNAME=USER
OS=Windows_NT
PROCESSOR_IDENTIFIER=Intel64 Family 6 Model 140 Stepping 1, GenuineIntel
TMP=C:\Users\USER\AppData\Local\Temp
TEMP=C:\Users\USER\AppData\Local\Temp




Periodic native trim disabled

---------------  S Y S T E M  ---------------

OS:
 Windows 11 , 64 bit Build 22621 (10.0.22621.4391)
OS uptime: 0 days 3:19 hours

CPU: total 4 (initial active 4) (2 cores per cpu, 2 threads per core) family 6 model 140 stepping 1 microcode 0x9a, cx8, cmov, fxsr, ht, mmx, 3dnowpref, sse, sse2, sse3, ssse3, sse4.1, sse4.2, popcnt, lzcnt, tsc, tscinvbit, avx, avx2, aes, erms, clmul, bmi1, bmi2, adx, avx512f, avx512dq, avx512cd, avx512bw, avx512vl, sha, fma, vzeroupper, avx512_vpopcntdq, avx512_vpclmulqdq, avx512_vaes, avx512_vnni, clflush, clflushopt, clwb, avx512_vbmi2, avx512_vbmi, rdtscp, rdpid, fsrm, gfni, avx512_bitalg, f16c, pku, cet_ibt, cet_ss, avx512_ifma
Processor Information for processor 0
  Max Mhz: 2995, Current Mhz: 1198, Mhz Limit: 2995
Processor Information for processor 1
  Max Mhz: 2995, Current Mhz: 2995, Mhz Limit: 2995
Processor Information for processor 2
  Max Mhz: 2995, Current Mhz: 2995, Mhz Limit: 2995
Processor Information for processor 3
  Max Mhz: 2995, Current Mhz: 2995, Mhz Limit: 2995

Memory: 4k page, system-wide physical 3895M (365M free)
TotalPageFile size 15671M (AvailPageFile size 17M)
current process WorkingSet (physical memory assigned to process): 202M, peak: 202M
current process commit charge ("private bytes"): 231M, peak: 231M

vm_info: Java HotSpot(TM) 64-Bit Server VM (21.0.5+9-LTS-239) for windows-amd64 JRE (21.0.5+9-LTS-239), built on 2024-09-30T05:17:38Z by "mach5one" with MS VC++ 17.6 (VS2022)

END.
