#
# There is insufficient memory for the Java Runtime Environment to continue.
# Native memory allocation (mmap) failed to map 44040192 bytes for G1 virtual space
# Possible reasons:
#   The system is out of physical RAM or swap space
#   The process is running with CompressedOops enabled, and the Java Heap may be blocking the growth of the native heap
# Possible solutions:
#   Reduce memory load on the system
#   Increase physical memory or swap space
#   Check if swap backing store is full
#   Decrease Java heap size (-Xmx/-Xms)
#   Decrease number of Java threads
#   Decrease Java thread stack sizes (-Xss)
#   Set larger code cache with -XX:ReservedCodeCacheSize=
#   JVM is running with Unscaled Compressed Oops mode in which the Java heap is
#     placed in the first 4GB address space. The Java Heap base address is the
#     maximum limit for the native heap growth. Please use -XX:HeapBaseMinAddress
#     to set the Java Heap base and to place the Java Heap above 4GB virtual address.
# This output file may be truncated or incomplete.
#
#  Out of Memory Error (os_windows.cpp:3600), pid=13132, tid=6432
#
# JRE version: Java(TM) SE Runtime Environment (21.0.5+9) (build 21.0.5+9-LTS-239)
# Java VM: Java HotSpot(TM) 64-Bit Server VM (21.0.5+9-LTS-239, mixed mode, sharing, tiered, compressed oops, compressed class ptrs, g1 gc, windows-amd64)
# No core dump will be written. Minidumps are not enabled by default on client versions of Windows
#

---------------  S U M M A R Y ------------

Command Line: --module-path=C:\Users\USER\.m2\repository\org\openjfx\javafx-base\23.0.1\javafx-base-23.0.1-win.jar;C:\Users\USER\.m2\repository\org\openjfx\javafx-base\23.0.1\javafx-base-23.0.1.jar;C:\Users\USER\.m2\repository\org\openjfx\javafx-controls\23.0.1\javafx-controls-23.0.1-win.jar;C:\Users\USER\.m2\repository\org\openjfx\javafx-controls\23.0.1\javafx-controls-23.0.1.jar;C:\Users\USER\.m2\repository\org\openjfx\javafx-fxml\23.0.1\javafx-fxml-23.0.1-win.jar;C:\Users\USER\.m2\repository\org\openjfx\javafx-fxml\23.0.1\javafx-fxml-23.0.1.jar;C:\Users\USER\.m2\repository\org\openjfx\javafx-graphics\23.0.1\javafx-graphics-23.0.1-win.jar;C:\Users\USER\.m2\repository\org\openjfx\javafx-graphics\23.0.1\javafx-graphics-23.0.1.jar --add-modules=javafx.base,javafx.controls,javafx.fxml,javafx.graphics com.mycompany.java_farm.mainUi

Host: 11th Gen Intel(R) Core(TM) i3-1115G4 @ 3.00GHz, 4 cores, 3G,  Windows 11 , 64 bit Build 22621 (10.0.22621.4391)
Time: Tue Dec 17 17:41:32 2024 SE Asia Standard Time elapsed time: 7.529642 seconds (0d 0h 0m 7s)

---------------  T H R E A D  ---------------

Current thread (0x0000021f1bafe190):  VMThread "VM Thread"          [id=6432, stack(0x000000fe84b00000,0x000000fe84c00000) (1024K)]

Stack: [0x000000fe84b00000,0x000000fe84c00000]
Native frames: (J=compiled Java code, j=interpreted, Vv=VM code, C=native code)
V  [jvm.dll+0x6ca289]
V  [jvm.dll+0x854a51]
V  [jvm.dll+0x856f7e]
V  [jvm.dll+0x857653]
V  [jvm.dll+0x27dd26]
V  [jvm.dll+0x6c6a25]
V  [jvm.dll+0x6bb5aa]
V  [jvm.dll+0x35359a]
V  [jvm.dll+0x35b1f6]
V  [jvm.dll+0x3adade]
V  [jvm.dll+0x3add88]
V  [jvm.dll+0x3278fc]
V  [jvm.dll+0x32a156]
V  [jvm.dll+0x334108]
V  [jvm.dll+0x36a3f5]
V  [jvm.dll+0x85d420]
V  [jvm.dll+0x85e7a4]
V  [jvm.dll+0x85ece0]
V  [jvm.dll+0x85ef83]
V  [jvm.dll+0x7fee9b]
V  [jvm.dll+0x6c896d]
C  [ucrtbase.dll+0x29333]
C  [KERNEL32.DLL+0x1259d]
C  [ntdll.dll+0x5af38]

VM_Operation (0x000000fe846ff730): G1PauseRemark, mode: safepoint, requested by thread 0x0000021f1ba7d670


---------------  P R O C E S S  ---------------

Threads class SMR info:
_java_thread_list=0x0000021f0897db20, length=18, elements={
0x0000021f197929b0, 0x0000021f366442c0, 0x0000021f36645510, 0x0000021f366479b0,
0x0000021f36648400, 0x0000021f36649000, 0x0000021f36649db0, 0x0000021f36653ae0,
0x0000021f36661770, 0x0000021f3687fd80, 0x0000021f3687f6f0, 0x0000021f3687cf90,
0x0000021f3687c900, 0x0000021f3687e340, 0x0000021f3687d620, 0x0000021f3687dcb0,
0x0000021f3687f060, 0x0000021f3687e9d0
}

Java Threads: ( => current thread )
  0x0000021f197929b0 JavaThread "main"                              [_thread_blocked, id=17500, stack(0x000000fe84400000,0x000000fe84500000) (1024K)]
  0x0000021f366442c0 JavaThread "Reference Handler"          daemon [_thread_blocked, id=10176, stack(0x000000fe84c00000,0x000000fe84d00000) (1024K)]
  0x0000021f36645510 JavaThread "Finalizer"                  daemon [_thread_blocked, id=12264, stack(0x000000fe84d00000,0x000000fe84e00000) (1024K)]
  0x0000021f366479b0 JavaThread "Signal Dispatcher"          daemon [_thread_blocked, id=17076, stack(0x000000fe84e00000,0x000000fe84f00000) (1024K)]
  0x0000021f36648400 JavaThread "Attach Listener"            daemon [_thread_blocked, id=11480, stack(0x000000fe84f00000,0x000000fe85000000) (1024K)]
  0x0000021f36649000 JavaThread "Service Thread"             daemon [_thread_blocked, id=17228, stack(0x000000fe85000000,0x000000fe85100000) (1024K)]
  0x0000021f36649db0 JavaThread "Monitor Deflation Thread"   daemon [_thread_blocked, id=8188, stack(0x000000fe85100000,0x000000fe85200000) (1024K)]
  0x0000021f36653ae0 JavaThread "C2 CompilerThread0"         daemon [_thread_blocked, id=12652, stack(0x000000fe85200000,0x000000fe85300000) (1024K)]
  0x0000021f36661770 JavaThread "C1 CompilerThread0"         daemon [_thread_blocked, id=6836, stack(0x000000fe85300000,0x000000fe85400000) (1024K)]
  0x0000021f3687fd80 JavaThread "Common-Cleaner"             daemon [_thread_blocked, id=15376, stack(0x000000fe85400000,0x000000fe85500000) (1024K)]
  0x0000021f3687f6f0 JavaThread "Notification Thread"        daemon [_thread_blocked, id=18068, stack(0x000000fe85600000,0x000000fe85700000) (1024K)]
  0x0000021f3687cf90 JavaThread "QuantumRenderer-0"          daemon [_thread_blocked, id=15480, stack(0x000000fe85a00000,0x000000fe85b00000) (1024K)]
  0x0000021f3687c900 JavaThread "InvokeLaterDispatcher"      daemon [_thread_blocked, id=16644, stack(0x000000fe85b00000,0x000000fe85c00000) (1024K)]
  0x0000021f3687e340 JavaThread "JavaFX Application Thread"         [_thread_blocked, id=18016, stack(0x000000fe85c00000,0x000000fe85d00000) (1024K)]
  0x0000021f3687d620 JavaThread "JavaFX-Launcher"                   [_thread_blocked, id=7808, stack(0x000000fe86100000,0x000000fe86200000) (1024K)]
  0x0000021f3687dcb0 JavaThread "Thread-2"                   daemon [_thread_blocked, id=15964, stack(0x000000fe86000000,0x000000fe86100000) (1024K)]
  0x0000021f3687f060 JavaThread "Prism Font Disposer"        daemon [_thread_blocked, id=16760, stack(0x000000fe86200000,0x000000fe86300000) (1024K)]
  0x0000021f3687e9d0 JavaThread "Cleaner-0"                  daemon [_thread_blocked, id=18072, stack(0x000000fe86600000,0x000000fe86700000) (1024K)]
Total: 18

Other Threads:
=>0x0000021f1bafe190 VMThread "VM Thread"                           [id=6432, stack(0x000000fe84b00000,0x000000fe84c00000) (1024K)]
  0x0000021f3662d960 WatcherThread "VM Periodic Task Thread"        [id=16536, stack(0x000000fe84a00000,0x000000fe84b00000) (1024K)]
  0x0000021f1ba745c0 WorkerThread "GC Thread#0"                     [id=13156, stack(0x000000fe84500000,0x000000fe84600000) (1024K)]
  0x0000021f7c1f3c00 WorkerThread "GC Thread#1"                     [id=16204, stack(0x000000fe85700000,0x000000fe85800000) (1024K)]
  0x0000021f36adebc0 WorkerThread "GC Thread#2"                     [id=15776, stack(0x000000fe85800000,0x000000fe85900000) (1024K)]
  0x0000021f7c1bb020 WorkerThread "GC Thread#3"                     [id=17644, stack(0x000000fe85900000,0x000000fe85a00000) (1024K)]
  0x0000021f1ba7d670 ConcurrentGCThread "G1 Main Marker"            [id=18388, stack(0x000000fe84600000,0x000000fe84700000) (1024K)]
  0x0000021f1ba7e220 WorkerThread "G1 Conc#0"                       [id=52, stack(0x000000fe84700000,0x000000fe84800000) (1024K)]
  0x0000021f1badb270 ConcurrentGCThread "G1 Refine#0"               [id=2900, stack(0x000000fe84800000,0x000000fe84900000) (1024K)]
  0x0000021f1badfea0 ConcurrentGCThread "G1 Service"                [id=11952, stack(0x000000fe84900000,0x000000fe84a00000) (1024K)]
Total: 10

Threads with active compile tasks:
C2 CompilerThread0     7578 3991       4       java.lang.StringLatin1::indexOf (121 bytes)
Total: 1

VM state: at safepoint (normal execution)

VM Mutex/Monitor currently owned by a thread:  ([mutex/lock_event])
[0x00007ff9d9cdbe98] Threads_lock - owner thread: 0x0000021f1bafe190
[0x00007ff9d9cdbf98] Heap_lock - owner thread: 0x0000021f1ba7d670

Heap address: 0x00000000c3200000, size: 974 MB, Compressed Oops mode: 32-bit

CDS archive(s) mapped at: [0x0000021f37000000-0x0000021f37c90000-0x0000021f37c90000), size 13172736, SharedBaseAddress: 0x0000021f37000000, ArchiveRelocationMode: 1.
Compressed class space mapped at: 0x0000021f38000000-0x0000021f78000000, reserved size: 1073741824
Narrow klass base: 0x0000021f37000000, Narrow klass shift: 0, Narrow klass range: 0x100000000

GC Precious Log:
 CardTable entry size: 512
 Card Set container configuration: InlinePtr #cards 5 size 8 Array Of Cards #cards 12 size 40 Howl #buckets 4 coarsen threshold 1843 Howl Bitmap #cards 512 size 80 coarsen threshold 460 Card regions per heap region 1 cards per card region 2048
 CPUs: 4 total, 4 available
 Memory: 3895M
 Large Page Support: Disabled
 NUMA Support: Disabled
 Compressed Oops: Enabled (32-bit)
 Heap Region Size: 1M
 Heap Min Capacity: 8M
 Heap Initial Capacity: 62M
 Heap Max Capacity: 974M
 Pre-touch: Disabled
 Parallel Workers: 4
 Concurrent Workers: 1
 Concurrent Refinement Workers: 4
 Periodic GC: Disabled

Heap:
 garbage-first heap   total 136192K, used 105223K [0x00000000c3200000, 0x0000000100000000)
  region size 1024K, 2 young (2048K), 1 survivors (1024K)
 Metaspace       used 17989K, committed 18304K, reserved 1114112K
  class space    used 2618K, committed 2752K, reserved 1048576K

Heap Regions: E=young(eden), S=young(survivor), O=old, HS=humongous(starts), HC=humongous(continues), CS=collection set, F=free, TAMS=top-at-mark-start, PB=parsable bottom
|   0|0x00000000c3200000, 0x00000000c3300000, 0x00000000c3300000|100%| O|  |TAMS 0x00000000c3300000| PB 0x00000000c3300000| Untracked 
|   1|0x00000000c3300000, 0x00000000c3400000, 0x00000000c3400000|100%| O|  |TAMS 0x00000000c3400000| PB 0x00000000c3400000| Untracked 
|   2|0x00000000c3400000, 0x00000000c3500000, 0x00000000c3500000|100%| O|  |TAMS 0x00000000c3500000| PB 0x00000000c3500000| Untracked 
|   3|0x00000000c3500000, 0x00000000c3600000, 0x00000000c3600000|100%|HS|  |TAMS 0x00000000c3600000| PB 0x00000000c3500000| Complete 
|   4|0x00000000c3600000, 0x00000000c3700000, 0x00000000c3700000|100%|HC|  |TAMS 0x00000000c3700000| PB 0x00000000c3600000| Complete 
|   5|0x00000000c3700000, 0x00000000c3800000, 0x00000000c3800000|100%|HS|  |TAMS 0x00000000c3800000| PB 0x00000000c3700000| Complete 
|   6|0x00000000c3800000, 0x00000000c3900000, 0x00000000c3900000|100%|HC|  |TAMS 0x00000000c3900000| PB 0x00000000c3800000| Complete 
|   7|0x00000000c3900000, 0x00000000c3a00000, 0x00000000c3a00000|100%|HC|  |TAMS 0x00000000c3a00000| PB 0x00000000c3900000| Complete 
|   8|0x00000000c3a00000, 0x00000000c3b00000, 0x00000000c3b00000|100%|HC|  |TAMS 0x00000000c3b00000| PB 0x00000000c3a00000| Complete 
|   9|0x00000000c3b00000, 0x00000000c3c00000, 0x00000000c3c00000|100%|HC|  |TAMS 0x00000000c3c00000| PB 0x00000000c3b00000| Complete 
|  10|0x00000000c3c00000, 0x00000000c3d00000, 0x00000000c3d00000|100%|HC|  |TAMS 0x00000000c3d00000| PB 0x00000000c3c00000| Complete 
|  11|0x00000000c3d00000, 0x00000000c3e00000, 0x00000000c3e00000|100%|HS|  |TAMS 0x00000000c3e00000| PB 0x00000000c3d00000| Complete 
|  12|0x00000000c3e00000, 0x00000000c3f00000, 0x00000000c3f00000|100%|HC|  |TAMS 0x00000000c3f00000| PB 0x00000000c3e00000| Complete 
|  13|0x00000000c3f00000, 0x00000000c4000000, 0x00000000c4000000|100%|HC|  |TAMS 0x00000000c4000000| PB 0x00000000c3f00000| Complete 
|  14|0x00000000c4000000, 0x00000000c4100000, 0x00000000c4100000|100%|HC|  |TAMS 0x00000000c4100000| PB 0x00000000c4000000| Complete 
|  15|0x00000000c4100000, 0x00000000c4200000, 0x00000000c4200000|100%|HC|  |TAMS 0x00000000c4200000| PB 0x00000000c4100000| Complete 
|  16|0x00000000c4200000, 0x00000000c4300000, 0x00000000c4300000|100%|HC|  |TAMS 0x00000000c4300000| PB 0x00000000c4200000| Complete 
|  17|0x00000000c4300000, 0x00000000c4400000, 0x00000000c4400000|100%|HS|  |TAMS 0x00000000c4400000| PB 0x00000000c4300000| Complete 
|  18|0x00000000c4400000, 0x00000000c4500000, 0x00000000c4500000|100%|HC|  |TAMS 0x00000000c4500000| PB 0x00000000c4400000| Complete 
|  19|0x00000000c4500000, 0x00000000c4600000, 0x00000000c4600000|100%|HC|  |TAMS 0x00000000c4600000| PB 0x00000000c4500000| Complete 
|  20|0x00000000c4600000, 0x00000000c4700000, 0x00000000c4700000|100%|HC|  |TAMS 0x00000000c4700000| PB 0x00000000c4600000| Complete 
|  21|0x00000000c4700000, 0x00000000c4800000, 0x00000000c4800000|100%|HC|  |TAMS 0x00000000c4800000| PB 0x00000000c4700000| Complete 
|  22|0x00000000c4800000, 0x00000000c4900000, 0x00000000c4900000|100%|HC|  |TAMS 0x00000000c4900000| PB 0x00000000c4800000| Complete 
|  23|0x00000000c4900000, 0x00000000c4a00000, 0x00000000c4a00000|100%| O|  |TAMS 0x00000000c4a00000| PB 0x00000000c4a00000| Untracked 
|  24|0x00000000c4a00000, 0x00000000c4b00000, 0x00000000c4b00000|100%| O|  |TAMS 0x00000000c4b00000| PB 0x00000000c4b00000| Untracked 
|  25|0x00000000c4b00000, 0x00000000c4c00000, 0x00000000c4c00000|100%| O|  |TAMS 0x00000000c4bde820| PB 0x00000000c4bde820| Untracked 
|  26|0x00000000c4c00000, 0x00000000c4d00000, 0x00000000c4d00000|100%| O|  |TAMS 0x00000000c4d00000| PB 0x00000000c4d00000| Untracked 
|  27|0x00000000c4d00000, 0x00000000c4e00000, 0x00000000c4e00000|100%| O|  |TAMS 0x00000000c4e00000| PB 0x00000000c4e00000| Untracked 
|  28|0x00000000c4e00000, 0x00000000c4f00000, 0x00000000c4f00000|100%| O|  |TAMS 0x00000000c4e00000| PB 0x00000000c4e00000| Untracked 
|  29|0x00000000c4f00000, 0x00000000c5000000, 0x00000000c5000000|100%|HS|  |TAMS 0x00000000c5000000| PB 0x00000000c4f00000| Complete 
|  30|0x00000000c5000000, 0x00000000c5100000, 0x00000000c5100000|100%|HC|  |TAMS 0x00000000c5100000| PB 0x00000000c5000000| Complete 
|  31|0x00000000c5100000, 0x00000000c5200000, 0x00000000c5200000|100%|HC|  |TAMS 0x00000000c5200000| PB 0x00000000c5100000| Complete 
|  32|0x00000000c5200000, 0x00000000c5300000, 0x00000000c5300000|100%|HC|  |TAMS 0x00000000c5300000| PB 0x00000000c5200000| Complete 
|  33|0x00000000c5300000, 0x00000000c5400000, 0x00000000c5400000|100%|HS|  |TAMS 0x00000000c5400000| PB 0x00000000c5300000| Complete 
|  34|0x00000000c5400000, 0x00000000c5500000, 0x00000000c5500000|100%|HC|  |TAMS 0x00000000c5500000| PB 0x00000000c5400000| Complete 
|  35|0x00000000c5500000, 0x00000000c5600000, 0x00000000c5600000|100%|HS|  |TAMS 0x00000000c5600000| PB 0x00000000c5500000| Complete 
|  36|0x00000000c5600000, 0x00000000c5700000, 0x00000000c5700000|100%|HC|  |TAMS 0x00000000c5700000| PB 0x00000000c5600000| Complete 
|  37|0x00000000c5700000, 0x00000000c5800000, 0x00000000c5800000|100%|HC|  |TAMS 0x00000000c5800000| PB 0x00000000c5700000| Complete 
|  38|0x00000000c5800000, 0x00000000c5900000, 0x00000000c5900000|100%|HC|  |TAMS 0x00000000c5900000| PB 0x00000000c5800000| Complete 
|  39|0x00000000c5900000, 0x00000000c5a00000, 0x00000000c5a00000|100%|HC|  |TAMS 0x00000000c5a00000| PB 0x00000000c5900000| Complete 
|  40|0x00000000c5a00000, 0x00000000c5b00000, 0x00000000c5b00000|100%|HC|  |TAMS 0x00000000c5b00000| PB 0x00000000c5a00000| Complete 
|  41|0x00000000c5b00000, 0x00000000c5c00000, 0x00000000c5c00000|100%|HS|  |TAMS 0x00000000c5c00000| PB 0x00000000c5b00000| Complete 
|  42|0x00000000c5c00000, 0x00000000c5d00000, 0x00000000c5d00000|100%|HC|  |TAMS 0x00000000c5d00000| PB 0x00000000c5c00000| Complete 
|  43|0x00000000c5d00000, 0x00000000c5e00000, 0x00000000c5e00000|100%|HC|  |TAMS 0x00000000c5e00000| PB 0x00000000c5d00000| Complete 
|  44|0x00000000c5e00000, 0x00000000c5f00000, 0x00000000c5f00000|100%|HC|  |TAMS 0x00000000c5f00000| PB 0x00000000c5e00000| Complete 
|  45|0x00000000c5f00000, 0x00000000c6000000, 0x00000000c6000000|100%|HS|  |TAMS 0x00000000c6000000| PB 0x00000000c5f00000| Complete 
|  46|0x00000000c6000000, 0x00000000c6100000, 0x00000000c6100000|100%|HC|  |TAMS 0x00000000c6100000| PB 0x00000000c6000000| Complete 
|  47|0x00000000c6100000, 0x00000000c6200000, 0x00000000c6200000|100%|HS|  |TAMS 0x00000000c6200000| PB 0x00000000c6100000| Complete 
|  48|0x00000000c6200000, 0x00000000c6300000, 0x00000000c6300000|100%|HC|  |TAMS 0x00000000c6300000| PB 0x00000000c6200000| Complete 
|  49|0x00000000c6300000, 0x00000000c6400000, 0x00000000c6400000|100%|HS|  |TAMS 0x00000000c6400000| PB 0x00000000c6300000| Complete 
|  50|0x00000000c6400000, 0x00000000c6500000, 0x00000000c6500000|100%|HC|  |TAMS 0x00000000c6500000| PB 0x00000000c6400000| Complete 
|  51|0x00000000c6500000, 0x00000000c6600000, 0x00000000c6600000|100%|HS|  |TAMS 0x00000000c6600000| PB 0x00000000c6500000| Complete 
|  52|0x00000000c6600000, 0x00000000c6700000, 0x00000000c6700000|100%|HC|  |TAMS 0x00000000c6700000| PB 0x00000000c6600000| Complete 
|  53|0x00000000c6700000, 0x00000000c6800000, 0x00000000c6800000|100%|HS|  |TAMS 0x00000000c6800000| PB 0x00000000c6700000| Complete 
|  54|0x00000000c6800000, 0x00000000c6900000, 0x00000000c6900000|100%|HC|  |TAMS 0x00000000c6900000| PB 0x00000000c6800000| Complete 
|  55|0x00000000c6900000, 0x00000000c6a00000, 0x00000000c6a00000|100%|HS|  |TAMS 0x00000000c6a00000| PB 0x00000000c6900000| Complete 
|  56|0x00000000c6a00000, 0x00000000c6b00000, 0x00000000c6b00000|100%|HC|  |TAMS 0x00000000c6b00000| PB 0x00000000c6a00000| Complete 
|  57|0x00000000c6b00000, 0x00000000c6c00000, 0x00000000c6c00000|100%|HS|  |TAMS 0x00000000c6c00000| PB 0x00000000c6b00000| Complete 
|  58|0x00000000c6c00000, 0x00000000c6d00000, 0x00000000c6d00000|100%|HC|  |TAMS 0x00000000c6d00000| PB 0x00000000c6c00000| Complete 
|  59|0x00000000c6d00000, 0x00000000c6e00000, 0x00000000c6e00000|100%| O|  |TAMS 0x00000000c6e00000| PB 0x00000000c6e00000| Untracked 
|  60|0x00000000c6e00000, 0x00000000c6f00000, 0x00000000c6f00000|100%|HS|  |TAMS 0x00000000c6f00000| PB 0x00000000c6e00000| Complete 
|  61|0x00000000c6f00000, 0x00000000c7000000, 0x00000000c7000000|100%|HC|  |TAMS 0x00000000c7000000| PB 0x00000000c6f00000| Complete 
|  62|0x00000000c7000000, 0x00000000c7100000, 0x00000000c7100000|100%|HS|  |TAMS 0x00000000c7100000| PB 0x00000000c7000000| Complete 
|  63|0x00000000c7100000, 0x00000000c7200000, 0x00000000c7200000|100%|HC|  |TAMS 0x00000000c7200000| PB 0x00000000c7100000| Complete 
|  64|0x00000000c7200000, 0x00000000c7300000, 0x00000000c7300000|100%|HS|  |TAMS 0x00000000c7300000| PB 0x00000000c7200000| Complete 
|  65|0x00000000c7300000, 0x00000000c7400000, 0x00000000c7400000|100%|HC|  |TAMS 0x00000000c7400000| PB 0x00000000c7300000| Complete 
|  66|0x00000000c7400000, 0x00000000c7500000, 0x00000000c7500000|100%|HS|  |TAMS 0x00000000c7500000| PB 0x00000000c7400000| Complete 
|  67|0x00000000c7500000, 0x00000000c7600000, 0x00000000c7600000|100%|HC|  |TAMS 0x00000000c7600000| PB 0x00000000c7500000| Complete 
|  68|0x00000000c7600000, 0x00000000c7600000, 0x00000000c7700000|  0%| F|  |TAMS 0x00000000c7600000| PB 0x00000000c7600000| Untracked 
|  69|0x00000000c7700000, 0x00000000c7800000, 0x00000000c7800000|100%|HS|  |TAMS 0x00000000c7800000| PB 0x00000000c7700000| Complete 
|  70|0x00000000c7800000, 0x00000000c7900000, 0x00000000c7900000|100%|HC|  |TAMS 0x00000000c7900000| PB 0x00000000c7800000| Complete 
|  71|0x00000000c7900000, 0x00000000c7a00000, 0x00000000c7a00000|100%|HS|  |TAMS 0x00000000c7a00000| PB 0x00000000c7900000| Complete 
|  72|0x00000000c7a00000, 0x00000000c7b00000, 0x00000000c7b00000|100%|HC|  |TAMS 0x00000000c7b00000| PB 0x00000000c7a00000| Complete 
|  73|0x00000000c7b00000, 0x00000000c7c00000, 0x00000000c7c00000|100%|HS|  |TAMS 0x00000000c7c00000| PB 0x00000000c7b00000| Complete 
|  74|0x00000000c7c00000, 0x00000000c7d00000, 0x00000000c7d00000|100%|HC|  |TAMS 0x00000000c7d00000| PB 0x00000000c7c00000| Complete 
|  75|0x00000000c7d00000, 0x00000000c7e00000, 0x00000000c7e00000|100%|HC|  |TAMS 0x00000000c7e00000| PB 0x00000000c7d00000| Complete 
|  76|0x00000000c7e00000, 0x00000000c7f00000, 0x00000000c7f00000|100%|HC|  |TAMS 0x00000000c7f00000| PB 0x00000000c7e00000| Complete 
|  77|0x00000000c7f00000, 0x00000000c8000000, 0x00000000c8000000|100%|HS|  |TAMS 0x00000000c8000000| PB 0x00000000c7f00000| Complete 
|  78|0x00000000c8000000, 0x00000000c8100000, 0x00000000c8100000|100%|HC|  |TAMS 0x00000000c8100000| PB 0x00000000c8000000| Complete 
|  79|0x00000000c8100000, 0x00000000c8200000, 0x00000000c8200000|100%|HS|  |TAMS 0x00000000c8200000| PB 0x00000000c8100000| Complete 
|  80|0x00000000c8200000, 0x00000000c8300000, 0x00000000c8300000|100%|HC|  |TAMS 0x00000000c8300000| PB 0x00000000c8200000| Complete 
|  81|0x00000000c8300000, 0x00000000c8400000, 0x00000000c8400000|100%|HS|  |TAMS 0x00000000c8400000| PB 0x00000000c8300000| Complete 
|  82|0x00000000c8400000, 0x00000000c8500000, 0x00000000c8500000|100%|HC|  |TAMS 0x00000000c8500000| PB 0x00000000c8400000| Complete 
|  83|0x00000000c8500000, 0x00000000c8500000, 0x00000000c8600000|  0%| F|  |TAMS 0x00000000c8500000| PB 0x00000000c8500000| Untracked 
|  84|0x00000000c8600000, 0x00000000c8700000, 0x00000000c8700000|100%| O|  |TAMS 0x00000000c8600000| PB 0x00000000c8600000| Untracked 
|  85|0x00000000c8700000, 0x00000000c8800000, 0x00000000c8800000|100%| O|  |TAMS 0x00000000c8700000| PB 0x00000000c8700000| Untracked 
|  86|0x00000000c8800000, 0x00000000c884bee0, 0x00000000c8900000| 29%| O|  |TAMS 0x00000000c8800000| PB 0x00000000c8800000| Updating 
|  87|0x00000000c8900000, 0x00000000c8a00000, 0x00000000c8a00000|100%|HS|  |TAMS 0x00000000c8900000| PB 0x00000000c8900000| Complete 
|  88|0x00000000c8a00000, 0x00000000c8b00000, 0x00000000c8b00000|100%|HC|  |TAMS 0x00000000c8a00000| PB 0x00000000c8a00000| Complete 
|  89|0x00000000c8b00000, 0x00000000c8b00000, 0x00000000c8c00000|  0%| F|  |TAMS 0x00000000c8b00000| PB 0x00000000c8b00000| Untracked 
|  90|0x00000000c8c00000, 0x00000000c8c00000, 0x00000000c8d00000|  0%| F|  |TAMS 0x00000000c8c00000| PB 0x00000000c8c00000| Untracked 
|  91|0x00000000c8d00000, 0x00000000c8d00000, 0x00000000c8e00000|  0%| F|  |TAMS 0x00000000c8d00000| PB 0x00000000c8d00000| Untracked 
|  92|0x00000000c8e00000, 0x00000000c8e00000, 0x00000000c8f00000|  0%| F|  |TAMS 0x00000000c8e00000| PB 0x00000000c8e00000| Untracked 
|  93|0x00000000c8f00000, 0x00000000c8f00000, 0x00000000c9000000|  0%| F|  |TAMS 0x00000000c8f00000| PB 0x00000000c8f00000| Untracked 
|  94|0x00000000c9000000, 0x00000000c9000000, 0x00000000c9100000|  0%| F|  |TAMS 0x00000000c9000000| PB 0x00000000c9000000| Untracked 
|  95|0x00000000c9100000, 0x00000000c9100000, 0x00000000c9200000|  0%| F|  |TAMS 0x00000000c9100000| PB 0x00000000c9100000| Untracked 
|  96|0x00000000c9200000, 0x00000000c9200000, 0x00000000c9300000|  0%| F|  |TAMS 0x00000000c9200000| PB 0x00000000c9200000| Untracked 
|  97|0x00000000c9300000, 0x00000000c9300000, 0x00000000c9400000|  0%| F|  |TAMS 0x00000000c9300000| PB 0x00000000c9300000| Untracked 
|  98|0x00000000c9400000, 0x00000000c9400000, 0x00000000c9500000|  0%| F|  |TAMS 0x00000000c9400000| PB 0x00000000c9400000| Untracked 
|  99|0x00000000c9500000, 0x00000000c9500000, 0x00000000c9600000|  0%| F|  |TAMS 0x00000000c9500000| PB 0x00000000c9500000| Untracked 
| 100|0x00000000c9600000, 0x00000000c9600000, 0x00000000c9700000|  0%| F|  |TAMS 0x00000000c9600000| PB 0x00000000c9600000| Untracked 
| 101|0x00000000c9700000, 0x00000000c9700000, 0x00000000c9800000|  0%| F|  |TAMS 0x00000000c9700000| PB 0x00000000c9700000| Untracked 
| 102|0x00000000c9800000, 0x00000000c9800000, 0x00000000c9900000|  0%| F|  |TAMS 0x00000000c9800000| PB 0x00000000c9800000| Untracked 
| 103|0x00000000c9900000, 0x00000000c9900000, 0x00000000c9a00000|  0%| F|  |TAMS 0x00000000c9900000| PB 0x00000000c9900000| Untracked 
| 104|0x00000000c9a00000, 0x00000000c9a00000, 0x00000000c9b00000|  0%| F|  |TAMS 0x00000000c9a00000| PB 0x00000000c9a00000| Untracked 
| 105|0x00000000c9b00000, 0x00000000c9b00000, 0x00000000c9c00000|  0%| F|  |TAMS 0x00000000c9b00000| PB 0x00000000c9b00000| Untracked 
| 106|0x00000000c9c00000, 0x00000000c9c00000, 0x00000000c9d00000|  0%| F|  |TAMS 0x00000000c9c00000| PB 0x00000000c9c00000| Untracked 
| 107|0x00000000c9d00000, 0x00000000c9d00000, 0x00000000c9e00000|  0%| F|  |TAMS 0x00000000c9d00000| PB 0x00000000c9d00000| Untracked 
| 108|0x00000000c9e00000, 0x00000000c9e00000, 0x00000000c9f00000|  0%| F|  |TAMS 0x00000000c9e00000| PB 0x00000000c9e00000| Untracked 
| 109|0x00000000c9f00000, 0x00000000c9f00000, 0x00000000ca000000|  0%| F|  |TAMS 0x00000000c9f00000| PB 0x00000000c9f00000| Untracked 
| 110|0x00000000ca000000, 0x00000000ca000000, 0x00000000ca100000|  0%| F|  |TAMS 0x00000000ca000000| PB 0x00000000ca000000| Untracked 
| 111|0x00000000ca100000, 0x00000000ca100000, 0x00000000ca200000|  0%| F|  |TAMS 0x00000000ca100000| PB 0x00000000ca100000| Untracked 
| 112|0x00000000ca200000, 0x00000000ca200000, 0x00000000ca300000|  0%| F|  |TAMS 0x00000000ca200000| PB 0x00000000ca200000| Untracked 
| 113|0x00000000ca300000, 0x00000000ca376000, 0x00000000ca400000| 46%| S|CS|TAMS 0x00000000ca300000| PB 0x00000000ca300000| Complete 
| 114|0x00000000ca400000, 0x00000000ca400000, 0x00000000ca500000|  0%| F|  |TAMS 0x00000000ca400000| PB 0x00000000ca400000| Untracked 
| 115|0x00000000ca500000, 0x00000000ca600000, 0x00000000ca600000|100%|HS|  |TAMS 0x00000000ca600000| PB 0x00000000ca500000| Complete 
| 116|0x00000000ca600000, 0x00000000ca700000, 0x00000000ca700000|100%|HC|  |TAMS 0x00000000ca700000| PB 0x00000000ca600000| Complete 
| 117|0x00000000ca700000, 0x00000000ca800000, 0x00000000ca800000|100%|HS|  |TAMS 0x00000000ca800000| PB 0x00000000ca700000| Complete 
| 118|0x00000000ca800000, 0x00000000ca900000, 0x00000000ca900000|100%|HC|  |TAMS 0x00000000ca900000| PB 0x00000000ca800000| Complete 
| 119|0x00000000ca900000, 0x00000000caa00000, 0x00000000caa00000|100%|HS|  |TAMS 0x00000000caa00000| PB 0x00000000ca900000| Complete 
| 120|0x00000000caa00000, 0x00000000cab00000, 0x00000000cab00000|100%|HC|  |TAMS 0x00000000cab00000| PB 0x00000000caa00000| Complete 
| 121|0x00000000cab00000, 0x00000000cac00000, 0x00000000cac00000|100%|HS|  |TAMS 0x00000000cac00000| PB 0x00000000cab00000| Complete 
| 122|0x00000000cac00000, 0x00000000cad00000, 0x00000000cad00000|100%|HC|  |TAMS 0x00000000cad00000| PB 0x00000000cac00000| Complete 
| 123|0x00000000cad00000, 0x00000000cae00000, 0x00000000cae00000|100%|HS|  |TAMS 0x00000000cae00000| PB 0x00000000cad00000| Complete 
| 124|0x00000000cae00000, 0x00000000caf00000, 0x00000000caf00000|100%|HC|  |TAMS 0x00000000caf00000| PB 0x00000000cae00000| Complete 
| 125|0x00000000caf00000, 0x00000000cb000000, 0x00000000cb000000|100%|HS|  |TAMS 0x00000000cb000000| PB 0x00000000caf00000| Complete 
| 126|0x00000000cb000000, 0x00000000cb100000, 0x00000000cb100000|100%|HC|  |TAMS 0x00000000cb100000| PB 0x00000000cb000000| Complete 
| 127|0x00000000cb100000, 0x00000000cb200000, 0x00000000cb200000|100%|HS|  |TAMS 0x00000000cb200000| PB 0x00000000cb100000| Complete 
| 128|0x00000000cb200000, 0x00000000cb300000, 0x00000000cb300000|100%|HC|  |TAMS 0x00000000cb300000| PB 0x00000000cb200000| Complete 
| 129|0x00000000cb300000, 0x00000000cb400000, 0x00000000cb400000|100%|HS|  |TAMS 0x00000000cb400000| PB 0x00000000cb300000| Complete 
| 130|0x00000000cb400000, 0x00000000cb500000, 0x00000000cb500000|100%|HC|  |TAMS 0x00000000cb500000| PB 0x00000000cb400000| Complete 
| 131|0x00000000cb500000, 0x00000000cb500000, 0x00000000cb600000|  0%| F|  |TAMS 0x00000000cb500000| PB 0x00000000cb500000| Untracked 
| 132|0x00000000cb600000, 0x00000000cb673f98, 0x00000000cb700000| 45%| E|  |TAMS 0x00000000cb600000| PB 0x00000000cb600000| Complete 

Card table byte_map: [0x0000021f330b0000,0x0000021f332a0000] _byte_map_base: 0x0000021f32a97000

Marking Bits: (CMBitMap*) 0x0000021f1ba74bc0
 Bits: [0x0000021f332a0000, 0x0000021f341d8000)

Polling page: 0x0000021f19a00000

Metaspace:

Usage:
  Non-class:     15.01 MB used.
      Class:      2.56 MB used.
       Both:     17.57 MB used.

Virtual space:
  Non-class space:       64.00 MB reserved,      15.19 MB ( 24%) committed,  1 nodes.
      Class space:        1.00 GB reserved,       2.69 MB ( <1%) committed,  1 nodes.
             Both:        1.06 GB reserved,      17.88 MB (  2%) committed. 

Chunk freelists:
   Non-Class:  864.00 KB
       Class:  13.20 MB
        Both:  14.05 MB

MaxMetaspaceSize: unlimited
CompressedClassSpaceSize: 1.00 GB
Initial GC threshold: 21.00 MB
Current GC threshold: 21.00 MB
CDS: on
 - commit_granule_bytes: 65536.
 - commit_granule_words: 8192.
 - virtual_space_node_default_size: 8388608.
 - enlarge_chunks_in_place: 1.
 - use_allocation_guard: 0.


Internal statistics:

num_allocs_failed_limit: 0.
num_arena_births: 388.
num_arena_deaths: 0.
num_vsnodes_births: 2.
num_vsnodes_deaths: 0.
num_space_committed: 286.
num_space_uncommitted: 0.
num_chunks_returned_to_freelist: 0.
num_chunks_taken_from_freelist: 1025.
num_chunk_merges: 0.
num_chunk_splits: 683.
num_chunks_enlarged: 484.
num_inconsistent_stats: 0.

CodeHeap 'non-profiled nmethods': size=120000Kb used=1380Kb max_used=1505Kb free=118619Kb
 bounds [0x0000021f2b990000, 0x0000021f2bc00000, 0x0000021f32ec0000]
CodeHeap 'profiled nmethods': size=120000Kb used=6494Kb max_used=6592Kb free=113505Kb
 bounds [0x0000021f23ec0000, 0x0000021f24540000, 0x0000021f2b3f0000]
CodeHeap 'non-nmethods': size=5760Kb used=2059Kb max_used=2147Kb free=3700Kb
 bounds [0x0000021f2b3f0000, 0x0000021f2b660000, 0x0000021f2b990000]
 total_blobs=4462 nmethods=3631 adapters=734
 compilation: enabled
              stopped_count=0, restarted_count=0
 full_count=0

Compilation events (20 events):
Event: 7.514 Thread 0x0000021f36653ae0 3990       4       jdk.internal.jimage.ImageStringsReader::unmaskedHashCode (166 bytes)
Event: 7.514 Thread 0x0000021f36661770 nmethod 3988 0x0000021f24528690 code [0x0000021f24528ac0, 0x0000021f2452a3c0]
Event: 7.514 Thread 0x0000021f36661770 3989       3       java.nio.MappedByteBuffer::position (6 bytes)
Event: 7.514 Thread 0x0000021f36661770 nmethod 3989 0x0000021f2452ae90 code [0x0000021f2452b040, 0x0000021f2452b250]
Event: 7.514 Thread 0x0000021f36661770 3987       3       java.lang.invoke.MethodHandles::argumentsWithCombiner (130 bytes)
Event: 7.515 Thread 0x0000021f36661770 nmethod 3987 0x0000021f2452b390 code [0x0000021f2452b640, 0x0000021f2452c4f8]
Event: 7.515 Thread 0x0000021f36661770 3992       3       java.lang.Character::isLetterOrDigit (5 bytes)
Event: 7.516 Thread 0x0000021f36661770 nmethod 3992 0x0000021f2452cb90 code [0x0000021f2452cd60, 0x0000021f2452d078]
Event: 7.516 Thread 0x0000021f36661770 3993       3       java.lang.Character::isLetterOrDigit (19 bytes)
Event: 7.516 Thread 0x0000021f36661770 nmethod 3993 0x0000021f2452d190 code [0x0000021f2452d360, 0x0000021f2452d610]
Event: 7.516 Thread 0x0000021f36661770 3994       3       java.util.WeakHashMap::newTable (5 bytes)
Event: 7.516 Thread 0x0000021f36661770 nmethod 3994 0x0000021f2452d710 code [0x0000021f2452d8a0, 0x0000021f2452da48]
Event: 7.516 Thread 0x0000021f36653ae0 nmethod 3990 0x0000021f2bb08090 code [0x0000021f2bb08220, 0x0000021f2bb08408]
Event: 7.516 Thread 0x0000021f36653ae0 3991       4       java.lang.StringLatin1::indexOf (121 bytes)
Event: 7.517 Thread 0x0000021f36661770 3995       3       java.util.LinkedHashMap::newNode (23 bytes)
Event: 7.517 Thread 0x0000021f36661770 nmethod 3995 0x0000021f2452db10 code [0x0000021f2452dcc0, 0x0000021f2452dec0]
Event: 7.517 Thread 0x0000021f36661770 3996       3       java.util.LinkedHashMap::afterNodeInsertion (40 bytes)
Event: 7.517 Thread 0x0000021f36661770 nmethod 3996 0x0000021f2452e010 code [0x0000021f2452e1e0, 0x0000021f2452e658]
Event: 7.520 Thread 0x0000021f36661770 3998       3       jdk.internal.jimage.ImageStringsReader::stringFromByteBufferMatches (138 bytes)
Event: 7.521 Thread 0x0000021f36661770 nmethod 3998 0x0000021f2452e810 code [0x0000021f2452eae0, 0x0000021f2452fc00]

GC Heap History (20 events):
Event: 0.654 GC heap before
{Heap before GC invocations=0 (full 0):
 garbage-first heap   total 63488K, used 12288K [0x00000000c3200000, 0x0000000100000000)
  region size 1024K, 13 young (13312K), 0 survivors (0K)
 Metaspace       used 1848K, committed 2048K, reserved 1114112K
  class space    used 182K, committed 256K, reserved 1048576K
}
Event: 0.659 GC heap after
{Heap after GC invocations=1 (full 0):
 garbage-first heap   total 63488K, used 1855K [0x00000000c3200000, 0x0000000100000000)
  region size 1024K, 2 young (2048K), 2 survivors (2048K)
 Metaspace       used 1848K, committed 2048K, reserved 1114112K
  class space    used 182K, committed 256K, reserved 1048576K
}
Event: 1.242 GC heap before
{Heap before GC invocations=1 (full 0):
 garbage-first heap   total 63488K, used 23359K [0x00000000c3200000, 0x0000000100000000)
  region size 1024K, 24 young (24576K), 2 survivors (2048K)
 Metaspace       used 4924K, committed 5120K, reserved 1114112K
  class space    used 539K, committed 640K, reserved 1048576K
}
Event: 1.249 GC heap after
{Heap after GC invocations=2 (full 0):
 garbage-first heap   total 63488K, used 5507K [0x00000000c3200000, 0x0000000100000000)
  region size 1024K, 3 young (3072K), 3 survivors (3072K)
 Metaspace       used 4924K, committed 5120K, reserved 1114112K
  class space    used 539K, committed 640K, reserved 1048576K
}
Event: 2.480 GC heap before
{Heap before GC invocations=2 (full 0):
 garbage-first heap   total 63488K, used 48515K [0x00000000c3200000, 0x0000000100000000)
  region size 1024K, 27 young (27648K), 3 survivors (3072K)
 Metaspace       used 10157K, committed 10496K, reserved 1114112K
  class space    used 1302K, committed 1472K, reserved 1048576K
}
Event: 2.489 GC heap after
{Heap after GC invocations=3 (full 0):
 garbage-first heap   total 63488K, used 29311K [0x00000000c3200000, 0x0000000100000000)
  region size 1024K, 4 young (4096K), 4 survivors (4096K)
 Metaspace       used 10157K, committed 10496K, reserved 1114112K
  class space    used 1302K, committed 1472K, reserved 1048576K
}
Event: 2.621 GC heap before
{Heap before GC invocations=3 (full 0):
 garbage-first heap   total 63488K, used 35455K [0x00000000c3200000, 0x0000000100000000)
  region size 1024K, 5 young (5120K), 4 survivors (4096K)
 Metaspace       used 10297K, committed 10624K, reserved 1114112K
  class space    used 1317K, committed 1472K, reserved 1048576K
}
Event: 2.628 GC heap after
{Heap after GC invocations=4 (full 0):
 garbage-first heap   total 63488K, used 36051K [0x00000000c3200000, 0x0000000100000000)
  region size 1024K, 1 young (1024K), 1 survivors (1024K)
 Metaspace       used 10297K, committed 10624K, reserved 1114112K
  class space    used 1317K, committed 1472K, reserved 1048576K
}
Event: 2.978 GC heap before
{Heap before GC invocations=5 (full 0):
 garbage-first heap   total 72704K, used 71891K [0x00000000c3200000, 0x0000000100000000)
  region size 1024K, 4 young (4096K), 1 survivors (1024K)
 Metaspace       used 10673K, committed 11008K, reserved 1114112K
  class space    used 1390K, committed 1536K, reserved 1048576K
}
Event: 2.980 GC heap after
{Heap after GC invocations=6 (full 0):
 garbage-first heap   total 73728K, used 68790K [0x00000000c3200000, 0x0000000100000000)
  region size 1024K, 1 young (1024K), 1 survivors (1024K)
 Metaspace       used 10673K, committed 11008K, reserved 1114112K
  class space    used 1390K, committed 1536K, reserved 1048576K
}
Event: 3.005 GC heap before
{Heap before GC invocations=6 (full 0):
 garbage-first heap   total 73728K, used 70838K [0x00000000c3200000, 0x0000000100000000)
  region size 1024K, 3 young (3072K), 1 survivors (1024K)
 Metaspace       used 11006K, committed 11328K, reserved 1114112K
  class space    used 1484K, committed 1600K, reserved 1048576K
}
Event: 3.008 GC heap after
{Heap after GC invocations=7 (full 0):
 garbage-first heap   total 73728K, used 68832K [0x00000000c3200000, 0x0000000100000000)
  region size 1024K, 1 young (1024K), 1 survivors (1024K)
 Metaspace       used 11006K, committed 11328K, reserved 1114112K
  class space    used 1484K, committed 1600K, reserved 1048576K
}
Event: 3.107 GC heap before
{Heap before GC invocations=7 (full 0):
 garbage-first heap   total 73728K, used 69856K [0x00000000c3200000, 0x0000000100000000)
  region size 1024K, 3 young (3072K), 1 survivors (1024K)
 Metaspace       used 11663K, committed 11968K, reserved 1114112K
  class space    used 1565K, committed 1728K, reserved 1048576K
}
Event: 3.109 GC heap after
{Heap after GC invocations=8 (full 0):
 garbage-first heap   total 73728K, used 69265K [0x00000000c3200000, 0x0000000100000000)
  region size 1024K, 1 young (1024K), 1 survivors (1024K)
 Metaspace       used 11663K, committed 11968K, reserved 1114112K
  class space    used 1565K, committed 1728K, reserved 1048576K
}
Event: 3.169 GC heap before
{Heap before GC invocations=9 (full 0):
 garbage-first heap   total 117760K, used 70289K [0x00000000c3200000, 0x0000000100000000)
  region size 1024K, 3 young (3072K), 1 survivors (1024K)
 Metaspace       used 12049K, committed 12352K, reserved 1114112K
  class space    used 1632K, committed 1792K, reserved 1048576K
}
Event: 3.171 GC heap after
{Heap after GC invocations=10 (full 0):
 garbage-first heap   total 117760K, used 69614K [0x00000000c3200000, 0x0000000100000000)
  region size 1024K, 1 young (1024K), 1 survivors (1024K)
 Metaspace       used 12049K, committed 12352K, reserved 1114112K
  class space    used 1632K, committed 1792K, reserved 1048576K
}
Event: 7.491 GC heap before
{Heap before GC invocations=10 (full 0):
 garbage-first heap   total 134144K, used 130030K [0x00000000c3200000, 0x0000000100000000)
  region size 1024K, 31 young (31744K), 1 survivors (1024K)
 Metaspace       used 17893K, committed 18240K, reserved 1114112K
  class space    used 2607K, committed 2752K, reserved 1048576K
}
Event: 7.497 GC heap after
{Heap after GC invocations=11 (full 0):
 garbage-first heap   total 136192K, used 102709K [0x00000000c3200000, 0x0000000100000000)
  region size 1024K, 4 young (4096K), 4 survivors (4096K)
 Metaspace       used 17893K, committed 18240K, reserved 1114112K
  class space    used 2607K, committed 2752K, reserved 1048576K
}
Event: 7.499 GC heap before
{Heap before GC invocations=11 (full 0):
 garbage-first heap   total 136192K, used 102709K [0x00000000c3200000, 0x0000000100000000)
  region size 1024K, 5 young (5120K), 4 survivors (4096K)
 Metaspace       used 17897K, committed 18240K, reserved 1114112K
  class space    used 2607K, committed 2752K, reserved 1048576K
}
Event: 7.503 GC heap after
{Heap after GC invocations=12 (full 0):
 garbage-first heap   total 136192K, used 103175K [0x00000000c3200000, 0x0000000100000000)
  region size 1024K, 1 young (1024K), 1 survivors (1024K)
 Metaspace       used 17897K, committed 18240K, reserved 1114112K
  class space    used 2607K, committed 2752K, reserved 1048576K
}

Dll operation events (20 events):
Event: 0.563 Loaded shared library C:\Users\USER\.openjfx\cache\23.0.1+4\amd64\api-ms-win-crt-locale-l1-1-0.dll
Event: 0.568 Loaded shared library C:\Users\USER\.openjfx\cache\23.0.1+4\amd64\api-ms-win-crt-math-l1-1-0.dll
Event: 0.571 Loaded shared library C:\Users\USER\.openjfx\cache\23.0.1+4\amd64\api-ms-win-crt-multibyte-l1-1-0.dll
Event: 0.575 Loaded shared library C:\Users\USER\.openjfx\cache\23.0.1+4\amd64\api-ms-win-crt-private-l1-1-0.dll
Event: 0.581 Loaded shared library C:\Users\USER\.openjfx\cache\23.0.1+4\amd64\api-ms-win-crt-process-l1-1-0.dll
Event: 0.584 Loaded shared library C:\Users\USER\.openjfx\cache\23.0.1+4\amd64\api-ms-win-crt-runtime-l1-1-0.dll
Event: 0.587 Loaded shared library C:\Users\USER\.openjfx\cache\23.0.1+4\amd64\api-ms-win-crt-stdio-l1-1-0.dll
Event: 0.591 Loaded shared library C:\Users\USER\.openjfx\cache\23.0.1+4\amd64\api-ms-win-crt-string-l1-1-0.dll
Event: 0.595 Loaded shared library C:\Users\USER\.openjfx\cache\23.0.1+4\amd64\api-ms-win-crt-time-l1-1-0.dll
Event: 0.598 Loaded shared library C:\Users\USER\.openjfx\cache\23.0.1+4\amd64\api-ms-win-crt-utility-l1-1-0.dll
Event: 0.615 Loaded shared library C:\Users\USER\.openjfx\cache\23.0.1+4\amd64\ucrtbase.dll
Event: 0.620 Loaded shared library C:\Users\USER\.openjfx\cache\23.0.1+4\amd64\vcruntime140.dll
Event: 0.624 Loaded shared library C:\Users\USER\.openjfx\cache\23.0.1+4\amd64\vcruntime140_1.dll
Event: 0.633 Loaded shared library C:\Users\USER\.openjfx\cache\23.0.1+4\amd64\msvcp140.dll
Event: 0.638 Loaded shared library C:\Users\USER\.openjfx\cache\23.0.1+4\amd64\msvcp140_1.dll
Event: 0.644 Loaded shared library C:\Users\USER\.openjfx\cache\23.0.1+4\amd64\msvcp140_2.dll
Event: 0.711 Loaded shared library C:\Users\USER\.openjfx\cache\23.0.1+4\amd64\prism_d3d.dll
Event: 0.802 Loaded shared library C:\Users\USER\.openjfx\cache\23.0.1+4\amd64\glass.dll
Event: 0.957 Loaded shared library C:\Program Files\Java\jdk-21\bin\jimage.dll
Event: 1.622 Loaded shared library C:\Users\USER\.openjfx\cache\23.0.1+4\amd64\javafx_font.dll

Deoptimization events (20 events):
Event: 7.353 Thread 0x0000021f3687e340 DEOPT PACKING pc=0x0000021f2ba645a0 sp=0x000000fe85cfc100
Event: 7.353 Thread 0x0000021f3687e340 DEOPT UNPACKING pc=0x0000021f2b447da2 sp=0x000000fe85cfc078 mode 2
Event: 7.413 Thread 0x0000021f3687e340 Uncommon trap: trap_request=0xffffffde fr.pc=0x0000021f2bafdccc relative=0x000000000000012c
Event: 7.413 Thread 0x0000021f3687e340 Uncommon trap: reason=class_check action=maybe_recompile pc=0x0000021f2bafdccc method=jdk.internal.misc.Unsafe.allocateUninitializedArray(Ljava/lang/Class;I)Ljava/lang/Object; @ 51 c2
Event: 7.413 Thread 0x0000021f3687e340 DEOPT PACKING pc=0x0000021f2bafdccc sp=0x000000fe85cfc1d0
Event: 7.413 Thread 0x0000021f3687e340 DEOPT UNPACKING pc=0x0000021f2b447da2 sp=0x000000fe85cfc148 mode 2
Event: 7.413 Thread 0x0000021f3687e340 Uncommon trap: trap_request=0xffffffde fr.pc=0x0000021f2bafdccc relative=0x000000000000012c
Event: 7.413 Thread 0x0000021f3687e340 Uncommon trap: reason=class_check action=maybe_recompile pc=0x0000021f2bafdccc method=jdk.internal.misc.Unsafe.allocateUninitializedArray(Ljava/lang/Class;I)Ljava/lang/Object; @ 51 c2
Event: 7.413 Thread 0x0000021f3687e340 DEOPT PACKING pc=0x0000021f2bafdccc sp=0x000000fe85cfc460
Event: 7.413 Thread 0x0000021f3687e340 DEOPT UNPACKING pc=0x0000021f2b447da2 sp=0x000000fe85cfc3d8 mode 2
Event: 7.413 Thread 0x0000021f3687e340 Uncommon trap: trap_request=0xffffffde fr.pc=0x0000021f2bafdccc relative=0x000000000000012c
Event: 7.413 Thread 0x0000021f3687e340 Uncommon trap: reason=class_check action=maybe_recompile pc=0x0000021f2bafdccc method=jdk.internal.misc.Unsafe.allocateUninitializedArray(Ljava/lang/Class;I)Ljava/lang/Object; @ 51 c2
Event: 7.413 Thread 0x0000021f3687e340 DEOPT PACKING pc=0x0000021f2bafdccc sp=0x000000fe85cfc410
Event: 7.413 Thread 0x0000021f3687e340 DEOPT UNPACKING pc=0x0000021f2b447da2 sp=0x000000fe85cfc388 mode 2
Event: 7.413 Thread 0x0000021f3687e340 Uncommon trap: trap_request=0xffffffde fr.pc=0x0000021f2bafdccc relative=0x000000000000012c
Event: 7.413 Thread 0x0000021f3687e340 Uncommon trap: reason=class_check action=maybe_recompile pc=0x0000021f2bafdccc method=jdk.internal.misc.Unsafe.allocateUninitializedArray(Ljava/lang/Class;I)Ljava/lang/Object; @ 51 c2
Event: 7.413 Thread 0x0000021f3687e340 DEOPT PACKING pc=0x0000021f2bafdccc sp=0x000000fe85cfc240
Event: 7.413 Thread 0x0000021f3687e340 DEOPT UNPACKING pc=0x0000021f2b447da2 sp=0x000000fe85cfc1b8 mode 2
Event: 7.515 Thread 0x0000021f3687e340 DEOPT PACKING pc=0x0000021f240873a4 sp=0x000000fe85cfc070
Event: 7.515 Thread 0x0000021f3687e340 DEOPT UNPACKING pc=0x0000021f2b4488e2 sp=0x000000fe85cfb520 mode 0

Classes loaded (20 events):
Event: 3.825 Loading class java/util/concurrent/ConcurrentLinkedQueue
Event: 3.825 Loading class java/util/concurrent/ConcurrentLinkedQueue done
Event: 3.825 Loading class java/util/concurrent/ConcurrentLinkedQueue$Node
Event: 3.825 Loading class java/util/concurrent/ConcurrentLinkedQueue$Node done
Event: 3.827 Loading class jdk/internal/ref/CleanerImpl$InnocuousThreadFactory
Event: 3.827 Loading class jdk/internal/ref/CleanerImpl$InnocuousThreadFactory done
Event: 3.835 Loading class sun/misc/Unsafe
Event: 3.835 Loading class sun/misc/Unsafe done
Event: 3.836 Loading class java/lang/invoke/DirectMethodHandle$StaticAccessor
Event: 3.836 Loading class java/lang/invoke/DirectMethodHandle$StaticAccessor done
Event: 3.869 Loading class java/lang/FdLibm$Acos
Event: 3.870 Loading class java/lang/FdLibm$Acos done
Event: 3.981 Loading class java/lang/FdLibm$Atan2
Event: 3.983 Loading class java/lang/FdLibm$Atan2 done
Event: 4.009 Loading class jdk/internal/foreign/MemorySessionImpl
Event: 4.009 Loading class java/lang/foreign/MemorySegment$Scope
Event: 4.009 Loading class java/lang/foreign/MemorySegment$Scope done
Event: 4.009 Loading class jdk/internal/foreign/MemorySessionImpl done
Event: 6.276 Loading class java/io/UnsupportedEncodingException
Event: 6.276 Loading class java/io/UnsupportedEncodingException done

Classes unloaded (0 events):
No events

Classes redefined (0 events):
No events

Internal exceptions (20 events):
Event: 2.805 Thread 0x0000021f3687e340 Exception <a 'java/lang/NoSuchMethodError'{0x00000000c6fcca40}: 'void java.lang.invoke.DelegatingMethodHandle$Holder.delegate(java.lang.Object, java.lang.Object, int, java.lang.Object)'> (0x00000000c6fcca40) 
thrown [s\open\src\hotspot\share\interpreter\linkResolver.cpp, line 773]
Event: 3.035 Thread 0x0000021f3687e340 Exception <a 'java/io/FileNotFoundException'{0x00000000c798a200}> (0x00000000c798a200) 
thrown [s\open\src\hotspot\share\prims\jni.cpp, line 520]
Event: 3.136 Thread 0x0000021f3687e340 Exception <a 'java/lang/ClassNotFoundException'{0x00000000c7964808}: sun/util/logging/resources/spi/loggingProvider> (0x00000000c7964808) 
thrown [s\open\src\hotspot\share\classfile\systemDictionary.cpp, line 312]
Event: 3.184 Thread 0x0000021f3687e340 Exception <a 'java/io/FileNotFoundException'{0x00000000ca470780}> (0x00000000ca470780) 
thrown [s\open\src\hotspot\share\prims\jni.cpp, line 520]
Event: 3.184 Thread 0x0000021f3687e340 Exception <a 'java/io/FileNotFoundException'{0x00000000ca471b08}> (0x00000000ca471b08) 
thrown [s\open\src\hotspot\share\prims\jni.cpp, line 520]
Event: 3.304 Thread 0x0000021f3687e340 Exception <a 'java/lang/ClassCastException'{0x00000000c9faed50}: class java.lang.String cannot be cast to class javafx.scene.paint.Paint (java.lang.String is in module java.base of loader 'bootstrap'; javafx.scene.paint.Paint is in module javafx.graphics@23.0.1 of loader 'app')> (0x00000000c9faed50) 
thrown [s\open\src\hotspot\share\interpreter\interpreterRuntime.cpp, line 455]
Event: 3.328 Thread 0x0000021f3687e340 Exception <a 'java/lang/NoSuchMethodError'{0x00000000c9edc2c0}: 'java.lang.Object java.lang.invoke.DirectMethodHandle$Holder.invokeInterface(java.lang.Object, java.lang.Object, java.lang.Object)'> (0x00000000c9edc2c0) 
thrown [s\open\src\hotspot\share\interpreter\linkResolver.cpp, line 773]
Event: 3.328 Thread 0x0000021f3687e340 Exception <a 'java/lang/IncompatibleClassChangeError'{0x00000000c9edf978}: Found class java.lang.Object, but interface was expected> (0x00000000c9edf978) 
thrown [s\open\src\hotspot\share\interpreter\linkResolver.cpp, line 840]
Event: 3.458 Thread 0x0000021f3687e340 Exception <a 'java/lang/NoSuchMethodError'{0x00000000c99e1378}: 'void java.lang.invoke.DirectMethodHandle$Holder.invokeSpecial(java.lang.Object, java.lang.Object, java.lang.Object, java.lang.Object, java.lang.Object, java.lang.Object)'> (0x00000000c99e1378) 
thrown [s\open\src\hotspot\share\interpreter\linkResolver.cpp, line 773]
Event: 3.495 Thread 0x0000021f3687e340 Exception <a 'java/lang/ClassNotFoundException'{0x00000000c9620bd8}: com/sun/javafx/scene/control/skin/resources/controls> (0x00000000c9620bd8) 
thrown [s\open\src\hotspot\share\prims\jni.cpp, line 539]
Event: 3.495 Thread 0x0000021f3687e340 Exception <a 'java/lang/ClassNotFoundException'{0x00000000c962f0d8}: com/sun/javafx/scene/control/skin/resources/controls_en> (0x00000000c962f0d8) 
thrown [s\open\src\hotspot\share\prims\jni.cpp, line 539]
Event: 3.496 Thread 0x0000021f3687e340 Exception <a 'java/lang/ClassNotFoundException'{0x00000000c9630928}: com/sun/javafx/scene/control/skin/resources/controls_en_ID> (0x00000000c9630928) 
thrown [s\open\src\hotspot\share\prims\jni.cpp, line 539]
Event: 3.567 Thread 0x0000021f3687e340 Exception <a 'java/lang/NoSuchMethodError'{0x00000000c92fd4a8}: 'int java.lang.invoke.DirectMethodHandle$Holder.invokeSpecial(java.lang.Object, java.lang.Object, int)'> (0x00000000c92fd4a8) 
thrown [s\open\src\hotspot\share\interpreter\linkResolver.cpp, line 773]
Event: 3.616 Thread 0x0000021f3687e340 Exception <a 'java/lang/NoSuchMethodError'{0x00000000c9197cc8}: 'java.lang.Object java.lang.invoke.DirectMethodHandle$Holder.newInvokeSpecial(java.lang.Object, java.lang.Object, int)'> (0x00000000c9197cc8) 
thrown [s\open\src\hotspot\share\interpreter\linkResolver.cpp, line 773]
Event: 3.724 Thread 0x0000021f3687cf90 Exception <a 'java/lang/NoSuchMethodError'{0x00000000c90d9800}: 'int java.lang.invoke.DirectMethodHandle$Holder.invokeStaticInit(java.lang.Object, java.lang.Object)'> (0x00000000c90d9800) 
thrown [s\open\src\hotspot\share\interpreter\linkResolver.cpp, line 773]
Event: 3.750 Thread 0x0000021f3687cf90 Exception <a 'java/lang/NoSuchMethodError'{0x00000000c8fbdde8}: 'java.lang.Object java.lang.invoke.DirectMethodHandle$Holder.invokeStaticInit(java.lang.Object, int)'> (0x00000000c8fbdde8) 
thrown [s\open\src\hotspot\share\interpreter\linkResolver.cpp, line 773]
Event: 6.294 Thread 0x0000021f3687e340 Exception <a 'java/lang/NoSuchMethodError'{0x00000000c89ff4e8}: 'long java.lang.invoke.DirectMethodHandle$Holder.invokeStatic(java.lang.Object, java.lang.Object, java.lang.Object)'> (0x00000000c89ff4e8) 
thrown [s\open\src\hotspot\share\interpreter\linkResolver.cpp, line 773]
Event: 6.294 Thread 0x0000021f3687e340 Exception <a 'java/lang/NoSuchMethodError'{0x00000000c8802b08}: 'long java.lang.invoke.DirectMethodHandle$Holder.invokeStaticInit(java.lang.Object, java.lang.Object, java.lang.Object)'> (0x00000000c8802b08) 
thrown [s\open\src\hotspot\share\interpreter\linkResolver.cpp, line 773]
Event: 6.297 Thread 0x0000021f3687e340 Exception <a 'java/lang/NoSuchMethodError'{0x00000000c8817680}: 'java.lang.Object java.lang.invoke.DirectMethodHandle$Holder.newInvokeSpecial(java.lang.Object, java.lang.Object, long)'> (0x00000000c8817680) 
thrown [s\open\src\hotspot\share\interpreter\linkResolver.cpp, line 773]
Event: 6.297 Thread 0x0000021f3687e340 Exception <a 'java/lang/NoSuchMethodError'{0x00000000c881af88}: 'java.lang.Object java.lang.invoke.Invokers$Holder.linkToTargetMethod(java.lang.Object, long, java.lang.Object)'> (0x00000000c881af88) 
thrown [s\open\src\hotspot\share\interpreter\linkResolver.cpp, line 773]

ZGC Phase Switch (0 events):
No events

VM Operations (20 events):
Event: 3.454 Executing VM operation: HandshakeAllThreads (Deoptimize) done
Event: 3.455 Executing VM operation: HandshakeAllThreads (Deoptimize)
Event: 3.455 Executing VM operation: HandshakeAllThreads (Deoptimize) done
Event: 3.482 Executing VM operation: HandshakeAllThreads (Deoptimize)
Event: 3.482 Executing VM operation: HandshakeAllThreads (Deoptimize) done
Event: 3.690 Executing VM operation: ICBufferFull
Event: 3.690 Executing VM operation: ICBufferFull done
Event: 4.691 Executing VM operation: Cleanup
Event: 4.691 Executing VM operation: Cleanup done
Event: 5.691 Executing VM operation: Cleanup
Event: 5.692 Executing VM operation: Cleanup done
Event: 6.692 Executing VM operation: Cleanup
Event: 6.692 Executing VM operation: Cleanup done
Event: 7.491 Executing VM operation: G1CollectForAllocation (G1 Evacuation Pause)
Event: 7.497 Executing VM operation: G1CollectForAllocation (G1 Evacuation Pause) done
Event: 7.499 Executing VM operation: G1TryInitiateConcMark (G1 Humongous Allocation)
Event: 7.503 Executing VM operation: G1TryInitiateConcMark (G1 Humongous Allocation) done
Event: 7.515 Executing VM operation: HandshakeAllThreads (Deoptimize)
Event: 7.515 Executing VM operation: HandshakeAllThreads (Deoptimize) done
Event: 7.522 Executing VM operation: G1PauseRemark

Events (20 events):
Event: 7.524 Thread 0x0000021f1bafe190 flushing nmethod 0x0000021f24145010
Event: 7.524 Thread 0x0000021f1bafe190 flushing nmethod 0x0000021f241f3910
Event: 7.524 Thread 0x0000021f1bafe190 flushing nmethod 0x0000021f241f5e90
Event: 7.524 Thread 0x0000021f1bafe190 flushing nmethod 0x0000021f241f6b90
Event: 7.524 Thread 0x0000021f1bafe190 flushing nmethod 0x0000021f241fd990
Event: 7.525 Thread 0x0000021f1bafe190 flushing nmethod 0x0000021f241fe190
Event: 7.525 Thread 0x0000021f1bafe190 flushing nmethod 0x0000021f241fef10
Event: 7.525 Thread 0x0000021f1bafe190 flushing nmethod 0x0000021f24202210
Event: 7.525 Thread 0x0000021f1bafe190 flushing nmethod 0x0000021f24202a10
Event: 7.525 Thread 0x0000021f1bafe190 flushing nmethod 0x0000021f24202f10
Event: 7.525 Thread 0x0000021f1bafe190 flushing nmethod 0x0000021f24273910
Event: 7.525 Thread 0x0000021f1bafe190 flushing nmethod 0x0000021f2417b510
Event: 7.525 Thread 0x0000021f1bafe190 flushing nmethod 0x0000021f2417c110
Event: 7.525 Thread 0x0000021f1bafe190 flushing nmethod 0x0000021f241f7610
Event: 7.525 Thread 0x0000021f1bafe190 flushing nmethod 0x0000021f241f8890
Event: 7.525 Thread 0x0000021f1bafe190 flushing nmethod 0x0000021f241f8c90
Event: 7.525 Thread 0x0000021f1bafe190 flushing nmethod 0x0000021f241fa590
Event: 7.525 Thread 0x0000021f1bafe190 flushing nmethod 0x0000021f241fa890
Event: 7.525 Thread 0x0000021f1bafe190 flushing nmethod 0x0000021f24254710
Event: 7.525 Thread 0x0000021f1bafe190 flushing nmethod 0x0000021f242ece10


Dynamic libraries:
0x00007ff682410000 - 0x00007ff682420000 	C:\Program Files\Java\jdk-21\bin\java.exe
0x00007ffa30d70000 - 0x00007ffa30f87000 	C:\WINDOWS\SYSTEM32\ntdll.dll
0x00007ffa2f440000 - 0x00007ffa2f504000 	C:\WINDOWS\System32\KERNEL32.DLL
0x00007ffa2e050000 - 0x00007ffa2e40a000 	C:\WINDOWS\System32\KERNELBASE.dll
0x00007ffa2e6a0000 - 0x00007ffa2e7b1000 	C:\WINDOWS\System32\ucrtbase.dll
0x00007ffa26a70000 - 0x00007ffa26a89000 	C:\Program Files\Java\jdk-21\bin\jli.dll
0x00007ffa30200000 - 0x00007ffa302b2000 	C:\WINDOWS\System32\ADVAPI32.dll
0x00007ffa2f510000 - 0x00007ffa2f5b7000 	C:\WINDOWS\System32\msvcrt.dll
0x00007ffa30470000 - 0x00007ffa30517000 	C:\WINDOWS\System32\sechost.dll
0x00007ffa2e670000 - 0x00007ffa2e698000 	C:\WINDOWS\System32\bcrypt.dll
0x00007ffa30730000 - 0x00007ffa30844000 	C:\WINDOWS\System32\RPCRT4.dll
0x00007ffa2ec90000 - 0x00007ffa2ee3e000 	C:\WINDOWS\System32\USER32.dll
0x00007ffa2e840000 - 0x00007ffa2e866000 	C:\WINDOWS\System32\win32u.dll
0x00007ffa2f5c0000 - 0x00007ffa2f5e9000 	C:\WINDOWS\System32\GDI32.dll
0x00007ffa2e4d0000 - 0x00007ffa2e5eb000 	C:\WINDOWS\System32\gdi32full.dll
0x00007ffa2e9e0000 - 0x00007ffa2ea7a000 	C:\WINDOWS\System32\msvcp_win.dll
0x00007ff9f05c0000 - 0x00007ff9f05db000 	C:\Program Files\Java\jdk-21\bin\VCRUNTIME140.dll
0x00007ffa19640000 - 0x00007ffa198d2000 	C:\WINDOWS\WinSxS\amd64_microsoft.windows.common-controls_6595b64144ccf1df_6.0.22621.4541_none_2710d1c57384c085\COMCTL32.dll
0x00007ffa26480000 - 0x00007ffa2648a000 	C:\WINDOWS\SYSTEM32\VERSION.dll
0x00007ffa2ec50000 - 0x00007ffa2ec81000 	C:\WINDOWS\System32\IMM32.DLL
0x00007ffa05c40000 - 0x00007ffa05c4c000 	C:\Program Files\Java\jdk-21\bin\vcruntime140_1.dll
0x00007ff9e0b50000 - 0x00007ff9e0bde000 	C:\Program Files\Java\jdk-21\bin\msvcp140.dll
0x00007ff9d90a0000 - 0x00007ff9d9db8000 	C:\Program Files\Java\jdk-21\bin\server\jvm.dll
0x00007ffa30600000 - 0x00007ffa30671000 	C:\WINDOWS\System32\WS2_32.dll
0x00007ffa2df20000 - 0x00007ffa2df6d000 	C:\WINDOWS\SYSTEM32\POWRPROF.dll
0x00007ffa26740000 - 0x00007ffa26774000 	C:\WINDOWS\SYSTEM32\WINMM.dll
0x00007ffa2df00000 - 0x00007ffa2df13000 	C:\WINDOWS\SYSTEM32\UMPDC.dll
0x00007ffa2d090000 - 0x00007ffa2d0a8000 	C:\WINDOWS\SYSTEM32\kernel.appcore.dll
0x00007ff9f6f40000 - 0x00007ff9f6f4a000 	C:\Program Files\Java\jdk-21\bin\jimage.dll
0x00007ffa2b890000 - 0x00007ffa2bac2000 	C:\WINDOWS\SYSTEM32\DBGHELP.DLL
0x00007ffa2fe70000 - 0x00007ffa301ff000 	C:\WINDOWS\System32\combase.dll
0x00007ffa2eb70000 - 0x00007ffa2ec47000 	C:\WINDOWS\System32\OLEAUT32.dll
0x00007ffa0e100000 - 0x00007ffa0e132000 	C:\WINDOWS\SYSTEM32\dbgcore.DLL
0x00007ffa2e7c0000 - 0x00007ffa2e83b000 	C:\WINDOWS\System32\bcryptPrimitives.dll
0x00007ff9f05a0000 - 0x00007ff9f05bf000 	C:\Program Files\Java\jdk-21\bin\java.dll
0x00007ffa2f5f0000 - 0x00007ffa2fe68000 	C:\WINDOWS\System32\SHELL32.dll
0x00007ffa2bf90000 - 0x00007ffa2c898000 	C:\WINDOWS\SYSTEM32\windows.storage.dll
0x00007ffa2be50000 - 0x00007ffa2bf8f000 	C:\WINDOWS\SYSTEM32\wintypes.dll
0x00007ffa2f210000 - 0x00007ffa2f30a000 	C:\WINDOWS\System32\SHCORE.dll
0x00007ffa30520000 - 0x00007ffa3057e000 	C:\WINDOWS\System32\shlwapi.dll
0x00007ffa2df80000 - 0x00007ffa2dfab000 	C:\WINDOWS\SYSTEM32\profapi.dll
0x00007ff9dbe60000 - 0x00007ff9dbf37000 	C:\Program Files\Java\jdk-21\bin\jsvml.dll
0x00007ff9f0590000 - 0x00007ff9f05a0000 	C:\Program Files\Java\jdk-21\bin\net.dll
0x00007ffa27dd0000 - 0x00007ffa27f06000 	C:\WINDOWS\SYSTEM32\WINHTTP.dll
0x00007ffa2d510000 - 0x00007ffa2d579000 	C:\WINDOWS\system32\mswsock.dll
0x00007ff9e4590000 - 0x00007ff9e45a6000 	C:\Program Files\Java\jdk-21\bin\nio.dll
0x00007ff9e4570000 - 0x00007ff9e4588000 	C:\Program Files\Java\jdk-21\bin\zip.dll
0x0000021f19a40000 - 0x0000021f19a43000 	C:\Users\USER\.openjfx\cache\23.0.1+4\amd64\api-ms-win-core-console-l1-1-0.dll
0x0000021f1b970000 - 0x0000021f1b973000 	C:\Users\USER\.openjfx\cache\23.0.1+4\amd64\api-ms-win-core-console-l1-2-0.dll
0x0000021f1b980000 - 0x0000021f1b983000 	C:\Users\USER\.openjfx\cache\23.0.1+4\amd64\api-ms-win-core-datetime-l1-1-0.dll
0x0000021f1b990000 - 0x0000021f1b993000 	C:\Users\USER\.openjfx\cache\23.0.1+4\amd64\api-ms-win-core-debug-l1-1-0.dll
0x0000021f1b9a0000 - 0x0000021f1b9a3000 	C:\Users\USER\.openjfx\cache\23.0.1+4\amd64\api-ms-win-core-errorhandling-l1-1-0.dll
0x0000021f1b9b0000 - 0x0000021f1b9b4000 	C:\Users\USER\.openjfx\cache\23.0.1+4\amd64\api-ms-win-core-file-l1-1-0.dll
0x0000021f1b9c0000 - 0x0000021f1b9c3000 	C:\Users\USER\.openjfx\cache\23.0.1+4\amd64\api-ms-win-core-file-l1-2-0.dll
0x0000021f1b9d0000 - 0x0000021f1b9d3000 	C:\Users\USER\.openjfx\cache\23.0.1+4\amd64\api-ms-win-core-file-l2-1-0.dll
0x0000021f1b9e0000 - 0x0000021f1b9e3000 	C:\Users\USER\.openjfx\cache\23.0.1+4\amd64\api-ms-win-core-handle-l1-1-0.dll
0x0000021f1b9f0000 - 0x0000021f1b9f3000 	C:\Users\USER\.openjfx\cache\23.0.1+4\amd64\api-ms-win-core-heap-l1-1-0.dll
0x0000021f36c10000 - 0x0000021f36c13000 	C:\Users\USER\.openjfx\cache\23.0.1+4\amd64\api-ms-win-core-interlocked-l1-1-0.dll
0x0000021f36c20000 - 0x0000021f36c23000 	C:\Users\USER\.openjfx\cache\23.0.1+4\amd64\api-ms-win-core-libraryloader-l1-1-0.dll
0x0000021f36c30000 - 0x0000021f36c33000 	C:\Users\USER\.openjfx\cache\23.0.1+4\amd64\api-ms-win-core-localization-l1-2-0.dll
0x0000021f36c40000 - 0x0000021f36c43000 	C:\Users\USER\.openjfx\cache\23.0.1+4\amd64\api-ms-win-core-memory-l1-1-0.dll
0x0000021f36c50000 - 0x0000021f36c53000 	C:\Users\USER\.openjfx\cache\23.0.1+4\amd64\api-ms-win-core-namedpipe-l1-1-0.dll
0x0000021f36c60000 - 0x0000021f36c63000 	C:\Users\USER\.openjfx\cache\23.0.1+4\amd64\api-ms-win-core-processenvironment-l1-1-0.dll
0x0000021f36c70000 - 0x0000021f36c73000 	C:\Users\USER\.openjfx\cache\23.0.1+4\amd64\api-ms-win-core-processthreads-l1-1-0.dll
0x0000021f36c80000 - 0x0000021f36c83000 	C:\Users\USER\.openjfx\cache\23.0.1+4\amd64\api-ms-win-core-processthreads-l1-1-1.dll
0x0000021f36c90000 - 0x0000021f36c93000 	C:\Users\USER\.openjfx\cache\23.0.1+4\amd64\api-ms-win-core-profile-l1-1-0.dll
0x0000021f36ca0000 - 0x0000021f36ca3000 	C:\Users\USER\.openjfx\cache\23.0.1+4\amd64\api-ms-win-core-rtlsupport-l1-1-0.dll
0x0000021f36cb0000 - 0x0000021f36cb3000 	C:\Users\USER\.openjfx\cache\23.0.1+4\amd64\api-ms-win-core-string-l1-1-0.dll
0x0000021f36cc0000 - 0x0000021f36cc3000 	C:\Users\USER\.openjfx\cache\23.0.1+4\amd64\api-ms-win-core-synch-l1-1-0.dll
0x0000021f36cd0000 - 0x0000021f36cd3000 	C:\Users\USER\.openjfx\cache\23.0.1+4\amd64\api-ms-win-core-synch-l1-2-0.dll
0x0000021f36ce0000 - 0x0000021f36ce3000 	C:\Users\USER\.openjfx\cache\23.0.1+4\amd64\api-ms-win-core-sysinfo-l1-1-0.dll
0x0000021f36cf0000 - 0x0000021f36cf3000 	C:\Users\USER\.openjfx\cache\23.0.1+4\amd64\api-ms-win-core-timezone-l1-1-0.dll
0x0000021f36d00000 - 0x0000021f36d03000 	C:\Users\USER\.openjfx\cache\23.0.1+4\amd64\api-ms-win-core-util-l1-1-0.dll
0x0000021f36d10000 - 0x0000021f36d13000 	C:\Users\USER\.openjfx\cache\23.0.1+4\amd64\api-ms-win-crt-conio-l1-1-0.dll
0x0000021f36d20000 - 0x0000021f36d24000 	C:\Users\USER\.openjfx\cache\23.0.1+4\amd64\api-ms-win-crt-convert-l1-1-0.dll
0x0000021f36d30000 - 0x0000021f36d33000 	C:\Users\USER\.openjfx\cache\23.0.1+4\amd64\api-ms-win-crt-environment-l1-1-0.dll
0x0000021f36d40000 - 0x0000021f36d43000 	C:\Users\USER\.openjfx\cache\23.0.1+4\amd64\api-ms-win-crt-filesystem-l1-1-0.dll
0x0000021f36d50000 - 0x0000021f36d53000 	C:\Users\USER\.openjfx\cache\23.0.1+4\amd64\api-ms-win-crt-heap-l1-1-0.dll
0x0000021f36d60000 - 0x0000021f36d63000 	C:\Users\USER\.openjfx\cache\23.0.1+4\amd64\api-ms-win-crt-locale-l1-1-0.dll
0x0000021f36d70000 - 0x0000021f36d75000 	C:\Users\USER\.openjfx\cache\23.0.1+4\amd64\api-ms-win-crt-math-l1-1-0.dll
0x0000021f36d80000 - 0x0000021f36d85000 	C:\Users\USER\.openjfx\cache\23.0.1+4\amd64\api-ms-win-crt-multibyte-l1-1-0.dll
0x0000021f36d90000 - 0x0000021f36da0000 	C:\Users\USER\.openjfx\cache\23.0.1+4\amd64\api-ms-win-crt-private-l1-1-0.dll
0x0000021f36da0000 - 0x0000021f36da3000 	C:\Users\USER\.openjfx\cache\23.0.1+4\amd64\api-ms-win-crt-process-l1-1-0.dll
0x0000021f36db0000 - 0x0000021f36db4000 	C:\Users\USER\.openjfx\cache\23.0.1+4\amd64\api-ms-win-crt-runtime-l1-1-0.dll
0x0000021f36dc0000 - 0x0000021f36dc4000 	C:\Users\USER\.openjfx\cache\23.0.1+4\amd64\api-ms-win-crt-stdio-l1-1-0.dll
0x0000021f36dd0000 - 0x0000021f36dd4000 	C:\Users\USER\.openjfx\cache\23.0.1+4\amd64\api-ms-win-crt-string-l1-1-0.dll
0x0000021f36de0000 - 0x0000021f36de3000 	C:\Users\USER\.openjfx\cache\23.0.1+4\amd64\api-ms-win-crt-time-l1-1-0.dll
0x0000021f36df0000 - 0x0000021f36df3000 	C:\Users\USER\.openjfx\cache\23.0.1+4\amd64\api-ms-win-crt-utility-l1-1-0.dll
0x00007ff9ef930000 - 0x00007ff9efa2c000 	C:\Users\USER\.openjfx\cache\23.0.1+4\amd64\ucrtbase.dll
0x00007ffa26b10000 - 0x00007ffa26b2b000 	C:\Users\USER\.openjfx\cache\23.0.1+4\amd64\vcruntime140.dll
0x00007ffa26b00000 - 0x00007ffa26b0c000 	C:\Users\USER\.openjfx\cache\23.0.1+4\amd64\vcruntime140_1.dll
0x00007ff9ef8a0000 - 0x00007ff9ef92e000 	C:\Users\USER\.openjfx\cache\23.0.1+4\amd64\msvcp140.dll
0x00007ffa26af0000 - 0x00007ffa26af9000 	C:\Users\USER\.openjfx\cache\23.0.1+4\amd64\msvcp140_1.dll
0x00007ff9f9b30000 - 0x00007ff9f9b71000 	C:\Users\USER\.openjfx\cache\23.0.1+4\amd64\msvcp140_2.dll
0x00007ffa26840000 - 0x00007ffa26870000 	C:\Users\USER\.openjfx\cache\23.0.1+4\amd64\prism_d3d.dll
0x00007ff9b2fa0000 - 0x00007ff9b3148000 	C:\WINDOWS\system32\d3d9.dll
0x00007ffa2b300000 - 0x00007ffa2b32b000 	C:\WINDOWS\SYSTEM32\dwmapi.dll
0x00007ffa2b1a0000 - 0x00007ffa2b1d7000 	C:\WINDOWS\SYSTEM32\dxcore.dll
0x00007ffa2b080000 - 0x00007ffa2b131000 	C:\WINDOWS\system32\uxtheme.dll
0x00007ff9da4a0000 - 0x00007ff9da70f000 	C:\WINDOWS\System32\DriverStore\FileRepository\iigd_dch.inf_amd64_03e2a5c7c3b3fa7c\igdumdim64.dll
0x00007ffa302c0000 - 0x00007ffa30465000 	C:\WINDOWS\System32\ole32.dll
0x00007ff965bf0000 - 0x00007ff967113000 	C:\WINDOWS\System32\DriverStore\FileRepository\iigd_dch.inf_amd64_03e2a5c7c3b3fa7c\igd9dxva64.dll
0x00007ffa30850000 - 0x00007ffa30cc4000 	C:\WINDOWS\System32\SETUPAPI.dll
0x00007ffa2dc20000 - 0x00007ffa2dc6e000 	C:\WINDOWS\SYSTEM32\cfgmgr32.dll
0x00007ff9c3c90000 - 0x00007ff9c59bb000 	C:\WINDOWS\System32\DriverStore\FileRepository\iigd_dch.inf_amd64_03e2a5c7c3b3fa7c\media_bin_64.dll
0x00007ffa221e0000 - 0x00007ffa2261f000 	C:\WINDOWS\System32\DriverStore\FileRepository\iigd_dch.inf_amd64_03e2a5c7c3b3fa7c\igdgmm64.dll
0x00007ffa266f0000 - 0x00007ffa26739000 	C:\WINDOWS\SYSTEM32\directxdatabasehelper.dll
0x00007ff9f9a70000 - 0x00007ff9f9ab5000 	C:\Users\USER\.openjfx\cache\23.0.1+4\amd64\glass.dll
0x00007ffa2f310000 - 0x00007ffa2f410000 	C:\WINDOWS\System32\COMDLG32.dll
0x00007ffa2ee60000 - 0x00007ffa2efc1000 	C:\WINDOWS\System32\MSCTF.dll
0x00007ff9dfa10000 - 0x00007ff9dfa37000 	C:\WINDOWS\System32\DriverStore\FileRepository\iigd_dch.inf_amd64_03e2a5c7c3b3fa7c\igdinfo64.dll
0x00007ffa2d760000 - 0x00007ffa2d77b000 	C:\WINDOWS\SYSTEM32\CRYPTSP.dll
0x00007ffa2cff0000 - 0x00007ffa2d025000 	C:\WINDOWS\system32\rsaenh.dll
0x00007ffa2d780000 - 0x00007ffa2d78c000 	C:\WINDOWS\SYSTEM32\CRYPTBASE.dll
0x00007ffa221b0000 - 0x00007ffa221d4000 	C:\WINDOWS\System32\DriverStore\FileRepository\iigd_dch.inf_amd64_03e2a5c7c3b3fa7c\igc64.dll
0x00007ffa1da40000 - 0x00007ffa221ab000 	C:\WINDOWS\System32\DriverStore\FileRepository\iigd_dch.inf_amd64_03e2a5c7c3b3fa7c\igc1464.dll
0x00007ffa30680000 - 0x00007ffa30730000 	C:\WINDOWS\System32\clbcatq.dll
0x00007ffa1c4b0000 - 0x00007ffa1c62d000 	C:\Windows\System32\Windows.UI.dll
0x00007ffa1c330000 - 0x00007ffa1c4a5000 	C:\Windows\System32\Windows.UI.Immersive.dll
0x00007ff9f6f80000 - 0x00007ff9f6f95000 	C:\Users\USER\.openjfx\cache\23.0.1+4\amd64\javafx_font.dll
0x00007ffa28660000 - 0x00007ffa288d3000 	C:\WINDOWS\SYSTEM32\dwrite.dll
0x00007ffa2ae40000 - 0x00007ffa2aff0000 	C:\WINDOWS\SYSTEM32\WindowsCodecs.dll
0x00007ffa01a60000 - 0x00007ffa01abe000 	C:\WINDOWS\system32\dataexchange.dll
0x00007ffa24f90000 - 0x00007ffa25234000 	C:\WINDOWS\system32\twinapi.appcore.dll
0x00007ffa07100000 - 0x00007ffa07132000 	C:\Program Files\Common Files\Microsoft Shared\Ink\rtscom.dll
0x00007ffa199a0000 - 0x00007ffa19ae5000 	C:\WINDOWS\SYSTEM32\textinputframework.dll
0x00007ffa29830000 - 0x00007ffa29963000 	C:\WINDOWS\SYSTEM32\CoreMessaging.dll
0x00007ffa25de0000 - 0x00007ffa2614d000 	C:\WINDOWS\SYSTEM32\CoreUIComponents.dll

dbghelp: loaded successfully - version: 4.0.5 - missing functions: none
symbol engine: initialized successfully - sym options: 0x614 - pdb path: .;C:\Program Files\Java\jdk-21\bin;C:\WINDOWS\SYSTEM32;C:\WINDOWS\WinSxS\amd64_microsoft.windows.common-controls_6595b64144ccf1df_6.0.22621.4541_none_2710d1c57384c085;C:\Program Files\Java\jdk-21\bin\server;C:\Users\USER\.openjfx\cache\23.0.1+4\amd64;C:\WINDOWS\System32\DriverStore\FileRepository\iigd_dch.inf_amd64_03e2a5c7c3b3fa7c;C:\Program Files\Common Files\Microsoft Shared\Ink

VM Arguments:
jvm_args: --module-path=C:\Users\USER\.m2\repository\org\openjfx\javafx-base\23.0.1\javafx-base-23.0.1-win.jar;C:\Users\USER\.m2\repository\org\openjfx\javafx-base\23.0.1\javafx-base-23.0.1.jar;C:\Users\USER\.m2\repository\org\openjfx\javafx-controls\23.0.1\javafx-controls-23.0.1-win.jar;C:\Users\USER\.m2\repository\org\openjfx\javafx-controls\23.0.1\javafx-controls-23.0.1.jar;C:\Users\USER\.m2\repository\org\openjfx\javafx-fxml\23.0.1\javafx-fxml-23.0.1-win.jar;C:\Users\USER\.m2\repository\org\openjfx\javafx-fxml\23.0.1\javafx-fxml-23.0.1.jar;C:\Users\USER\.m2\repository\org\openjfx\javafx-graphics\23.0.1\javafx-graphics-23.0.1-win.jar;C:\Users\USER\.m2\repository\org\openjfx\javafx-graphics\23.0.1\javafx-graphics-23.0.1.jar --add-modules=javafx.base,javafx.controls,javafx.fxml,javafx.graphics 
java_command: com.mycompany.java_farm.mainUi
java_class_path (initial): D:\FILE MEEEEE\SEMESTER 3\PBO\Java_farm\Java_farm\target\classes;C:\Users\USER\.m2\repository\au\com\dius\pact\core\pactbroker\4.6.15\pactbroker-4.6.15.jar;C:\Users\USER\.m2\repository\au\com\dius\pact\core\support\4.6.15\support-4.6.15.jar;C:\Users\USER\.m2\repository\com\github\mifmif\generex\1.0.2\generex-1.0.2.jar;C:\Users\USER\.m2\repository\com\google\code\findbugs\jsr305\3.0.2\jsr305-3.0.2.jar;C:\Users\USER\.m2\repository\com\google\errorprone\error_prone_annotations\2.11.0\error_prone_annotations-2.11.0.jar;C:\Users\USER\.m2\repository\com\google\guava\failureaccess\1.0.1\failureaccess-1.0.1.jar;C:\Users\USER\.m2\repository\com\google\guava\guava\31.1-jre\guava-31.1-jre.jar;C:\Users\USER\.m2\repository\com\google\guava\listenablefuture\9999.0-empty-to-avoid-conflict-with-guava\listenablefuture-9999.0-empty-to-avoid-conflict-with-guava.jar;C:\Users\USER\.m2\repository\com\google\j2objc\j2objc-annotations\1.3\j2objc-annotations-1.3.jar;C:\Users\USER\.m2\repository\com\google\protobuf\protobuf-java\3.21.9\protobuf-java-3.21.9.jar;C:\Users\USER\.m2\repository\com\mysql\mysql-connector-j\8.0.33\mysql-connector-j-8.0.33.jar;C:\Users\USER\.m2\repository\commons-codec\commons-codec\1.15\commons-codec-1.15.jar;C:\Users\USER\.m2\repository\dk\brics\automaton\automaton\1.11-8\automaton-1.11-8.jar;C:\Users\USER\.m2\repository\io\github\oshai\kotlin-logging-jvm\5.1.4\kotlin-logging-jvm-5.1.4.jar;C:\Users\USER\.m2\repository\org\apache\commons\commons-lang3\3.12.0\commons-lang3-3.12.0.jar;C:\Users\USER\.m2\repository\org\apache\commons\commons-text\1.10.0\commons-text-1.10.0.jar;C:\Users\USER\.m2\repository\org\apache\httpcomponents\client5\httpclient5\5.3.1\httpclient5-5.3.1.jar;C:\Users\USER\.m2\repository\org\apache\httpcomponents\client5\httpclient5-fluent\5.3.1\httpclient5-fluent-5.3.1.jar;C:\Users\USER\.m2\repository\org\apache\httpcomponents\core5\httpcore5\5.2.4\httpcore5-5.2.4.jar;C:\Users\USER\.m2\repository\org\apache\httpcomponents\core5\httpcore5-h2\5.2.4\httpcore5-h2-5.2.4.jar;C:\Users\USER\.m2\repository\org\checkerframework\checker-qual\3.12.0\checker-qual-3.12.0.jar;C:\Users\USER\.m2\repository\org\jetbrains\annotations\13.0\annotations-13.0.jar;C:\Users\USER\.m2\repository\org\jetbrains\kotlin\kotlin-reflect\1.8.22\kotlin-reflect-1.8.22.jar;C:\Users\USER\.m2\repository\org\jetbrains\kotlin\kotlin-stdlib\1.8.22\kotlin-stdlib-1.8.22.jar;C:\Users\USER\.m2\repository\org\jetbrains\kotlin\kotlin-stdlib-common\1.8.22\kotlin-stdlib-common-1.8.22.jar;C:\Users\USER\.m2\repository\org\jetbrains\kotlin\kotlin-stdlib-jdk7\1.8.22\kotlin-stdlib-jdk7-1.8.22.jar;C:\Users\USER\.m2\repository\org\jetbrains\kotlin\kotlin-stdlib-jdk8\1.8.22\kotlin-stdlib-jdk8-1.8.22.jar;C:\Users\USER\.m2\repository\org\slf4j\slf4j-api\1.7.36\slf4j-api-1.7.36.jar
Launcher Type: SUN_STANDARD

[Global flags]
     intx CICompilerCount                          = 3                                         {product} {ergonomic}
     uint ConcGCThreads                            = 1                                         {product} {ergonomic}
     uint G1ConcRefinementThreads                  = 4                                         {product} {ergonomic}
   size_t G1HeapRegionSize                         = 1048576                                   {product} {ergonomic}
    uintx GCDrainStackTargetSize                   = 64                                        {product} {ergonomic}
   size_t InitialHeapSize                          = 65011712                                  {product} {ergonomic}
   size_t MarkStackSize                            = 4194304                                   {product} {ergonomic}
   size_t MaxHeapSize                              = 1021313024                                {product} {ergonomic}
   size_t MaxNewSize                               = 612368384                                 {product} {ergonomic}
   size_t MinHeapDeltaBytes                        = 1048576                                   {product} {ergonomic}
   size_t MinHeapSize                              = 8388608                                   {product} {ergonomic}
    uintx NonNMethodCodeHeapSize                   = 5832780                                {pd product} {ergonomic}
    uintx NonProfiledCodeHeapSize                  = 122912730                              {pd product} {ergonomic}
    uintx ProfiledCodeHeapSize                     = 122912730                              {pd product} {ergonomic}
    uintx ReservedCodeCacheSize                    = 251658240                              {pd product} {ergonomic}
     bool SegmentedCodeCache                       = true                                      {product} {ergonomic}
   size_t SoftMaxHeapSize                          = 1021313024                             {manageable} {ergonomic}
     bool UseCompressedOops                        = true                           {product lp64_product} {ergonomic}
     bool UseG1GC                                  = true                                      {product} {ergonomic}
     bool UseLargePagesIndividualAllocation        = false                                  {pd product} {ergonomic}

Logging:
Log output configuration:
 #0: stdout all=warning uptime,level,tags foldmultilines=false
 #1: stderr all=off uptime,level,tags foldmultilines=false

Environment Variables:
JAVA_HOME=C:\Program Files\Java\jdk-21
PATH=C:\Program Files\Common Files\Oracle\Java\javapath;C:\WINDOWS\system32;C:\WINDOWS;C:\WINDOWS\System32\Wbem;C:\WINDOWS\System32\WindowsPowerShell\v1.0\;C:\WINDOWS\System32\OpenSSH\;C:\MinGW\bin;C:\Program Files\dotnet\;C:\Program Files\MySQL\MySQL Server 8.0\bin;C:\xampp\php;C:\Program Files\MATLAB\R2024b\bin;C:\Program Files\Java\jdk-23\bin;C:\Users\USER\Downloads\apache-ant-1.10.15-bin\bin;C:\Program Files\Java\javafx-sdk-23.0.1\bin;C:\Program Files\NetBeans-20\netbeans\java\maven;C:\Users\USER\Downloads\apache-maven-3.9.9-bin\apache-maven-3.9.9\bin;C:\Program Files\Java\jdk-21\bin;C:\Program Files\Java\javafx-sdk-21.0.5\bin;C:\Program Files\Java\jdk-21\bin;C:\Program Files\MySQL\MySQL Shell 8.0\bin\;C:\Users\USER\AppData\Local\Microsoft\WindowsApps;;C:\Users\USER\Documents\FILE MEEEEE\Microsoft VS Code\bin
USERNAME=USER
OS=Windows_NT
PROCESSOR_IDENTIFIER=Intel64 Family 6 Model 140 Stepping 1, GenuineIntel
TMP=C:\Users\USER\AppData\Local\Temp
TEMP=C:\Users\USER\AppData\Local\Temp




Periodic native trim disabled

---------------  S Y S T E M  ---------------

OS:
 Windows 11 , 64 bit Build 22621 (10.0.22621.4391)
OS uptime: 0 days 2:15 hours

CPU: total 4 (initial active 4) (2 cores per cpu, 2 threads per core) family 6 model 140 stepping 1 microcode 0x9a, cx8, cmov, fxsr, ht, mmx, 3dnowpref, sse, sse2, sse3, ssse3, sse4.1, sse4.2, popcnt, lzcnt, tsc, tscinvbit, avx, avx2, aes, erms, clmul, bmi1, bmi2, adx, avx512f, avx512dq, avx512cd, avx512bw, avx512vl, sha, fma, vzeroupper, avx512_vpopcntdq, avx512_vpclmulqdq, avx512_vaes, avx512_vnni, clflush, clflushopt, clwb, avx512_vbmi2, avx512_vbmi, rdtscp, rdpid, fsrm, gfni, avx512_bitalg, f16c, pku, cet_ibt, cet_ss, avx512_ifma
Processor Information for all 4 processors :
  Max Mhz: 2995, Current Mhz: 2995, Mhz Limit: 2995

Memory: 4k page, system-wide physical 3895M (178M free)
TotalPageFile size 15671M (AvailPageFile size 40M)
current process WorkingSet (physical memory assigned to process): 332M, peak: 371M
current process commit charge ("private bytes"): 387M, peak: 430M

vm_info: Java HotSpot(TM) 64-Bit Server VM (21.0.5+9-LTS-239) for windows-amd64 JRE (21.0.5+9-LTS-239), built on 2024-09-30T05:17:38Z by "mach5one" with MS VC++ 17.6 (VS2022)

END.
