#
# There is insufficient memory for the Java Runtime Environment to continue.
# Native memory allocation (malloc) failed to allocate 1366416 bytes for Chunk::new
# Possible reasons:
#   The system is out of physical RAM or swap space
#   The process is running with CompressedOops enabled, and the Java Heap may be blocking the growth of the native heap
# Possible solutions:
#   Reduce memory load on the system
#   Increase physical memory or swap space
#   Check if swap backing store is full
#   Decrease Java heap size (-Xmx/-Xms)
#   Decrease number of Java threads
#   Decrease Java thread stack sizes (-Xss)
#   Set larger code cache with -XX:ReservedCodeCacheSize=
#   JVM is running with Unscaled Compressed Oops mode in which the Java heap is
#     placed in the first 4GB address space. The Java Heap base address is the
#     maximum limit for the native heap growth. Please use -XX:HeapBaseMinAddress
#     to set the Java Heap base and to place the Java Heap above 4GB virtual address.
# This output file may be truncated or incomplete.
#
#  Out of Memory Error (arena.cpp:168), pid=13912, tid=2720
#
# JRE version: Java(TM) SE Runtime Environment (21.0.5+9) (build 21.0.5+9-LTS-239)
# Java VM: Java HotSpot(TM) 64-Bit Server VM (21.0.5+9-LTS-239, mixed mode, sharing, tiered, compressed oops, compressed class ptrs, g1 gc, windows-amd64)
# No core dump will be written. Minidumps are not enabled by default on client versions of Windows
#

---------------  S U M M A R Y ------------

Command Line: --module-path=C:\Users\USER\.m2\repository\org\openjfx\javafx-base\23.0.1\javafx-base-23.0.1-win.jar;C:\Users\USER\.m2\repository\org\openjfx\javafx-base\23.0.1\javafx-base-23.0.1.jar;C:\Users\USER\.m2\repository\org\openjfx\javafx-controls\23.0.1\javafx-controls-23.0.1-win.jar;C:\Users\USER\.m2\repository\org\openjfx\javafx-controls\23.0.1\javafx-controls-23.0.1.jar;C:\Users\USER\.m2\repository\org\openjfx\javafx-fxml\23.0.1\javafx-fxml-23.0.1-win.jar;C:\Users\USER\.m2\repository\org\openjfx\javafx-fxml\23.0.1\javafx-fxml-23.0.1.jar;C:\Users\USER\.m2\repository\org\openjfx\javafx-graphics\23.0.1\javafx-graphics-23.0.1-win.jar;C:\Users\USER\.m2\repository\org\openjfx\javafx-graphics\23.0.1\javafx-graphics-23.0.1.jar --add-modules=javafx.base,javafx.controls,javafx.fxml,javafx.graphics com.mycompany.java_farm.mainUi

Host: 11th Gen Intel(R) Core(TM) i3-1115G4 @ 3.00GHz, 4 cores, 3G,  Windows 11 , 64 bit Build 22621 (10.0.22621.4391)
Time: Mon Jan  6 23:18:45 2025 SE Asia Standard Time elapsed time: 1.750979 seconds (0d 0h 0m 1s)

---------------  T H R E A D  ---------------

Current thread (0x00000153efee0540):  JavaThread "C2 CompilerThread0" daemon [_thread_in_native, id=2720, stack(0x00000049a9900000,0x00000049a9a00000) (1024K)]


Current CompileTask:
C2:   1751 1727   !   4       com.sun.javafx.css.ParsedValueImpl::readBinary (691 bytes)

Stack: [0x00000049a9900000,0x00000049a9a00000]
Native frames: (J=compiled Java code, j=interpreted, Vv=VM code, C=native code)
V  [jvm.dll+0x6ca289]
V  [jvm.dll+0x854a51]
V  [jvm.dll+0x856f7e]
V  [jvm.dll+0x857653]
V  [jvm.dll+0x27dd26]
V  [jvm.dll+0xc4c2d]
V  [jvm.dll+0xc5163]
V  [jvm.dll+0x3b4d02]
V  [jvm.dll+0x3814b5]
V  [jvm.dll+0x38092a]
V  [jvm.dll+0x246910]
V  [jvm.dll+0x245eef]
V  [jvm.dll+0x1c6d0e]
V  [jvm.dll+0x2554d9]
V  [jvm.dll+0x253a6a]
V  [jvm.dll+0x3ee136]
V  [jvm.dll+0x7fee9b]
V  [jvm.dll+0x6c896d]
C  [ucrtbase.dll+0x29333]
C  [KERNEL32.DLL+0x1259d]
C  [ntdll.dll+0x5af38]


---------------  P R O C E S S  ---------------

Threads class SMR info:
_java_thread_list=0x00000153faa83d20, length=17, elements={
0x00000153d3365810, 0x00000153efecdde0, 0x00000153efecef90, 0x00000153efed3f00,
0x00000153efed6660, 0x00000153efed7af0, 0x00000153efed9fd0, 0x00000153efee0540,
0x00000153efee6dc0, 0x00000153f414a0c0, 0x00000153f4238ed0, 0x00000153f478e3b0,
0x00000153f4936c70, 0x00000153f494d810, 0x00000153f4c158e0, 0x00000153f4c150d0,
0x00000153fae68990
}

Java Threads: ( => current thread )
  0x00000153d3365810 JavaThread "main"                              [_thread_blocked, id=2716, stack(0x00000049a8b00000,0x00000049a8c00000) (1024K)]
  0x00000153efecdde0 JavaThread "Reference Handler"          daemon [_thread_blocked, id=3316, stack(0x00000049a9300000,0x00000049a9400000) (1024K)]
  0x00000153efecef90 JavaThread "Finalizer"                  daemon [_thread_blocked, id=11336, stack(0x00000049a9400000,0x00000049a9500000) (1024K)]
  0x00000153efed3f00 JavaThread "Signal Dispatcher"          daemon [_thread_blocked, id=16436, stack(0x00000049a9500000,0x00000049a9600000) (1024K)]
  0x00000153efed6660 JavaThread "Attach Listener"            daemon [_thread_blocked, id=15716, stack(0x00000049a9600000,0x00000049a9700000) (1024K)]
  0x00000153efed7af0 JavaThread "Service Thread"             daemon [_thread_blocked, id=8996, stack(0x00000049a9700000,0x00000049a9800000) (1024K)]
  0x00000153efed9fd0 JavaThread "Monitor Deflation Thread"   daemon [_thread_blocked, id=14244, stack(0x00000049a9800000,0x00000049a9900000) (1024K)]
=>0x00000153efee0540 JavaThread "C2 CompilerThread0"         daemon [_thread_in_native, id=2720, stack(0x00000049a9900000,0x00000049a9a00000) (1024K)]
  0x00000153efee6dc0 JavaThread "C1 CompilerThread0"         daemon [_thread_in_native, id=16324, stack(0x00000049a9a00000,0x00000049a9b00000) (1024K)]
  0x00000153f414a0c0 JavaThread "Common-Cleaner"             daemon [_thread_blocked, id=15744, stack(0x00000049a9b00000,0x00000049a9c00000) (1024K)]
  0x00000153f4238ed0 JavaThread "Notification Thread"        daemon [_thread_blocked, id=18408, stack(0x00000049a9c00000,0x00000049a9d00000) (1024K)]
  0x00000153f478e3b0 JavaThread "QuantumRenderer-0"          daemon [_thread_blocked, id=1652, stack(0x00000049aa000000,0x00000049aa100000) (1024K)]
  0x00000153f4936c70 JavaThread "InvokeLaterDispatcher"      daemon [_thread_blocked, id=8436, stack(0x00000049aa100000,0x00000049aa200000) (1024K)]
  0x00000153f494d810 JavaThread "JavaFX Application Thread"         [_thread_in_vm, id=1220, stack(0x00000049aa200000,0x00000049aa300000) (1024K)]
  0x00000153f4c158e0 JavaThread "JavaFX-Launcher"                   [_thread_blocked, id=4488, stack(0x00000049aa700000,0x00000049aa800000) (1024K)]
  0x00000153f4c150d0 JavaThread "Thread-2"                   daemon [_thread_in_native, id=8896, stack(0x00000049aa600000,0x00000049aa700000) (1024K)]
  0x00000153fae68990 JavaThread "Prism Font Disposer"        daemon [_thread_blocked, id=4632, stack(0x00000049aa800000,0x00000049aa900000) (1024K)]
Total: 17

Other Threads:
  0x00000153d3416990 VMThread "VM Thread"                           [id=7164, stack(0x00000049a9200000,0x00000049a9300000) (1024K)]
  0x00000153efebcee0 WatcherThread "VM Periodic Task Thread"        [id=11320, stack(0x00000049a9100000,0x00000049a9200000) (1024K)]
  0x00000153d3393720 WorkerThread "GC Thread#0"                     [id=7444, stack(0x00000049a8c00000,0x00000049a8d00000) (1024K)]
  0x00000153f43d25c0 WorkerThread "GC Thread#1"                     [id=12668, stack(0x00000049a9d00000,0x00000049a9e00000) (1024K)]
  0x00000153f4729a00 WorkerThread "GC Thread#2"                     [id=4168, stack(0x00000049a9e00000,0x00000049a9f00000) (1024K)]
  0x00000153f4769b60 WorkerThread "GC Thread#3"                     [id=11280, stack(0x00000049a9f00000,0x00000049aa000000) (1024K)]
  0x00000153d339ca80 ConcurrentGCThread "G1 Main Marker"            [id=9612, stack(0x00000049a8d00000,0x00000049a8e00000) (1024K)]
  0x00000153d339d580 WorkerThread "G1 Conc#0"                       [id=1256, stack(0x00000049a8e00000,0x00000049a8f00000) (1024K)]
  0x00000153d33f86e0 ConcurrentGCThread "G1 Refine#0"               [id=9312, stack(0x00000049a8f00000,0x00000049a9000000) (1024K)]
  0x00000153d33f9400 ConcurrentGCThread "G1 Service"                [id=3860, stack(0x00000049a9000000,0x00000049a9100000) (1024K)]
Total: 10

Threads with active compile tasks:
C2 CompilerThread0     1785 1727   !   4       com.sun.javafx.css.ParsedValueImpl::readBinary (691 bytes)
C1 CompilerThread0     1785 1784       2       java.util.zip.ZipFile::getZipEntry (322 bytes)
Total: 2

VM state: not at safepoint (normal execution)

VM Mutex/Monitor currently owned by a thread: None

Heap address: 0x00000000c3200000, size: 974 MB, Compressed Oops mode: 32-bit

CDS archive(s) mapped at: [0x0000015380000000-0x0000015380c90000-0x0000015380c90000), size 13172736, SharedBaseAddress: 0x0000015380000000, ArchiveRelocationMode: 1.
Compressed class space mapped at: 0x0000015381000000-0x00000153c1000000, reserved size: 1073741824
Narrow klass base: 0x0000015380000000, Narrow klass shift: 0, Narrow klass range: 0x100000000

GC Precious Log:
 CardTable entry size: 512
 Card Set container configuration: InlinePtr #cards 5 size 8 Array Of Cards #cards 12 size 40 Howl #buckets 4 coarsen threshold 1843 Howl Bitmap #cards 512 size 80 coarsen threshold 460 Card regions per heap region 1 cards per card region 2048
 CPUs: 4 total, 4 available
 Memory: 3895M
 Large Page Support: Disabled
 NUMA Support: Disabled
 Compressed Oops: Enabled (32-bit)
 Heap Region Size: 1M
 Heap Min Capacity: 8M
 Heap Initial Capacity: 62M
 Heap Max Capacity: 974M
 Pre-touch: Disabled
 Parallel Workers: 4
 Concurrent Workers: 1
 Concurrent Refinement Workers: 4
 Periodic GC: Disabled

Heap:
 garbage-first heap   total 63488K, used 26300K [0x00000000c3200000, 0x0000000100000000)
  region size 1024K, 25 young (25600K), 3 survivors (3072K)
 Metaspace       used 9538K, committed 9856K, reserved 1114112K
  class space    used 1217K, committed 1344K, reserved 1048576K

Heap Regions: E=young(eden), S=young(survivor), O=old, HS=humongous(starts), HC=humongous(continues), CS=collection set, F=free, TAMS=top-at-mark-start, PB=parsable bottom
|   0|0x00000000c3200000, 0x00000000c3300000, 0x00000000c3300000|100%| O|  |TAMS 0x00000000c3200000| PB 0x00000000c3200000| Untracked 
|   1|0x00000000c3300000, 0x00000000c3400000, 0x00000000c3400000|100%| O|  |TAMS 0x00000000c3300000| PB 0x00000000c3300000| Untracked 
|   2|0x00000000c3400000, 0x00000000c34af228, 0x00000000c3500000| 68%| O|  |TAMS 0x00000000c3400000| PB 0x00000000c3400000| Untracked 
|   3|0x00000000c3500000, 0x00000000c3500000, 0x00000000c3600000|  0%| F|  |TAMS 0x00000000c3500000| PB 0x00000000c3500000| Untracked 
|   4|0x00000000c3600000, 0x00000000c3600000, 0x00000000c3700000|  0%| F|  |TAMS 0x00000000c3600000| PB 0x00000000c3600000| Untracked 
|   5|0x00000000c3700000, 0x00000000c3700000, 0x00000000c3800000|  0%| F|  |TAMS 0x00000000c3700000| PB 0x00000000c3700000| Untracked 
|   6|0x00000000c3800000, 0x00000000c3800000, 0x00000000c3900000|  0%| F|  |TAMS 0x00000000c3800000| PB 0x00000000c3800000| Untracked 
|   7|0x00000000c3900000, 0x00000000c3900000, 0x00000000c3a00000|  0%| F|  |TAMS 0x00000000c3900000| PB 0x00000000c3900000| Untracked 
|   8|0x00000000c3a00000, 0x00000000c3a00000, 0x00000000c3b00000|  0%| F|  |TAMS 0x00000000c3a00000| PB 0x00000000c3a00000| Untracked 
|   9|0x00000000c3b00000, 0x00000000c3b00000, 0x00000000c3c00000|  0%| F|  |TAMS 0x00000000c3b00000| PB 0x00000000c3b00000| Untracked 
|  10|0x00000000c3c00000, 0x00000000c3c00000, 0x00000000c3d00000|  0%| F|  |TAMS 0x00000000c3c00000| PB 0x00000000c3c00000| Untracked 
|  11|0x00000000c3d00000, 0x00000000c3d00000, 0x00000000c3e00000|  0%| F|  |TAMS 0x00000000c3d00000| PB 0x00000000c3d00000| Untracked 
|  12|0x00000000c3e00000, 0x00000000c3e00000, 0x00000000c3f00000|  0%| F|  |TAMS 0x00000000c3e00000| PB 0x00000000c3e00000| Untracked 
|  13|0x00000000c3f00000, 0x00000000c3f00000, 0x00000000c4000000|  0%| F|  |TAMS 0x00000000c3f00000| PB 0x00000000c3f00000| Untracked 
|  14|0x00000000c4000000, 0x00000000c4000000, 0x00000000c4100000|  0%| F|  |TAMS 0x00000000c4000000| PB 0x00000000c4000000| Untracked 
|  15|0x00000000c4100000, 0x00000000c4100000, 0x00000000c4200000|  0%| F|  |TAMS 0x00000000c4100000| PB 0x00000000c4100000| Untracked 
|  16|0x00000000c4200000, 0x00000000c4200000, 0x00000000c4300000|  0%| F|  |TAMS 0x00000000c4200000| PB 0x00000000c4200000| Untracked 
|  17|0x00000000c4300000, 0x00000000c4300000, 0x00000000c4400000|  0%| F|  |TAMS 0x00000000c4300000| PB 0x00000000c4300000| Untracked 
|  18|0x00000000c4400000, 0x00000000c4400000, 0x00000000c4500000|  0%| F|  |TAMS 0x00000000c4400000| PB 0x00000000c4400000| Untracked 
|  19|0x00000000c4500000, 0x00000000c4500000, 0x00000000c4600000|  0%| F|  |TAMS 0x00000000c4500000| PB 0x00000000c4500000| Untracked 
|  20|0x00000000c4600000, 0x00000000c4600000, 0x00000000c4700000|  0%| F|  |TAMS 0x00000000c4600000| PB 0x00000000c4600000| Untracked 
|  21|0x00000000c4700000, 0x00000000c4700000, 0x00000000c4800000|  0%| F|  |TAMS 0x00000000c4700000| PB 0x00000000c4700000| Untracked 
|  22|0x00000000c4800000, 0x00000000c4800000, 0x00000000c4900000|  0%| F|  |TAMS 0x00000000c4800000| PB 0x00000000c4800000| Untracked 
|  23|0x00000000c4900000, 0x00000000c4900000, 0x00000000c4a00000|  0%| F|  |TAMS 0x00000000c4900000| PB 0x00000000c4900000| Untracked 
|  24|0x00000000c4a00000, 0x00000000c4a00000, 0x00000000c4b00000|  0%| F|  |TAMS 0x00000000c4a00000| PB 0x00000000c4a00000| Untracked 
|  25|0x00000000c4b00000, 0x00000000c4b00000, 0x00000000c4c00000|  0%| F|  |TAMS 0x00000000c4b00000| PB 0x00000000c4b00000| Untracked 
|  26|0x00000000c4c00000, 0x00000000c4c00000, 0x00000000c4d00000|  0%| F|  |TAMS 0x00000000c4c00000| PB 0x00000000c4c00000| Untracked 
|  27|0x00000000c4d00000, 0x00000000c4d00000, 0x00000000c4e00000|  0%| F|  |TAMS 0x00000000c4d00000| PB 0x00000000c4d00000| Untracked 
|  28|0x00000000c4e00000, 0x00000000c4e00000, 0x00000000c4f00000|  0%| F|  |TAMS 0x00000000c4e00000| PB 0x00000000c4e00000| Untracked 
|  29|0x00000000c4f00000, 0x00000000c4f00000, 0x00000000c5000000|  0%| F|  |TAMS 0x00000000c4f00000| PB 0x00000000c4f00000| Untracked 
|  30|0x00000000c5000000, 0x00000000c5000000, 0x00000000c5100000|  0%| F|  |TAMS 0x00000000c5000000| PB 0x00000000c5000000| Untracked 
|  31|0x00000000c5100000, 0x00000000c5100000, 0x00000000c5200000|  0%| F|  |TAMS 0x00000000c5100000| PB 0x00000000c5100000| Untracked 
|  32|0x00000000c5200000, 0x00000000c5200000, 0x00000000c5300000|  0%| F|  |TAMS 0x00000000c5200000| PB 0x00000000c5200000| Untracked 
|  33|0x00000000c5300000, 0x00000000c5300000, 0x00000000c5400000|  0%| F|  |TAMS 0x00000000c5300000| PB 0x00000000c5300000| Untracked 
|  34|0x00000000c5400000, 0x00000000c5400000, 0x00000000c5500000|  0%| F|  |TAMS 0x00000000c5400000| PB 0x00000000c5400000| Untracked 
|  35|0x00000000c5500000, 0x00000000c5600000, 0x00000000c5600000|100%| S|CS|TAMS 0x00000000c5500000| PB 0x00000000c5500000| Complete 
|  36|0x00000000c5600000, 0x00000000c5700000, 0x00000000c5700000|100%| S|CS|TAMS 0x00000000c5600000| PB 0x00000000c5600000| Complete 
|  37|0x00000000c5700000, 0x00000000c5800000, 0x00000000c5800000|100%| S|CS|TAMS 0x00000000c5700000| PB 0x00000000c5700000| Complete 
|  38|0x00000000c5800000, 0x00000000c5800000, 0x00000000c5900000|  0%| F|  |TAMS 0x00000000c5800000| PB 0x00000000c5800000| Untracked 
|  39|0x00000000c5900000, 0x00000000c5900000, 0x00000000c5a00000|  0%| F|  |TAMS 0x00000000c5900000| PB 0x00000000c5900000| Untracked 
|  40|0x00000000c5a00000, 0x00000000c5a3a800, 0x00000000c5b00000| 22%| E|  |TAMS 0x00000000c5a00000| PB 0x00000000c5a00000| Complete 
|  41|0x00000000c5b00000, 0x00000000c5c00000, 0x00000000c5c00000|100%| E|CS|TAMS 0x00000000c5b00000| PB 0x00000000c5b00000| Complete 
|  42|0x00000000c5c00000, 0x00000000c5d00000, 0x00000000c5d00000|100%| E|CS|TAMS 0x00000000c5c00000| PB 0x00000000c5c00000| Complete 
|  43|0x00000000c5d00000, 0x00000000c5e00000, 0x00000000c5e00000|100%| E|CS|TAMS 0x00000000c5d00000| PB 0x00000000c5d00000| Complete 
|  44|0x00000000c5e00000, 0x00000000c5f00000, 0x00000000c5f00000|100%| E|CS|TAMS 0x00000000c5e00000| PB 0x00000000c5e00000| Complete 
|  45|0x00000000c5f00000, 0x00000000c6000000, 0x00000000c6000000|100%| E|CS|TAMS 0x00000000c5f00000| PB 0x00000000c5f00000| Complete 
|  46|0x00000000c6000000, 0x00000000c6100000, 0x00000000c6100000|100%| E|  |TAMS 0x00000000c6000000| PB 0x00000000c6000000| Complete 
|  47|0x00000000c6100000, 0x00000000c6200000, 0x00000000c6200000|100%| E|CS|TAMS 0x00000000c6100000| PB 0x00000000c6100000| Complete 
|  48|0x00000000c6200000, 0x00000000c6300000, 0x00000000c6300000|100%| E|CS|TAMS 0x00000000c6200000| PB 0x00000000c6200000| Complete 
|  49|0x00000000c6300000, 0x00000000c6400000, 0x00000000c6400000|100%| E|CS|TAMS 0x00000000c6300000| PB 0x00000000c6300000| Complete 
|  50|0x00000000c6400000, 0x00000000c6500000, 0x00000000c6500000|100%| E|CS|TAMS 0x00000000c6400000| PB 0x00000000c6400000| Complete 
|  51|0x00000000c6500000, 0x00000000c6600000, 0x00000000c6600000|100%| E|CS|TAMS 0x00000000c6500000| PB 0x00000000c6500000| Complete 
|  52|0x00000000c6600000, 0x00000000c6700000, 0x00000000c6700000|100%| E|CS|TAMS 0x00000000c6600000| PB 0x00000000c6600000| Complete 
|  53|0x00000000c6700000, 0x00000000c6800000, 0x00000000c6800000|100%| E|CS|TAMS 0x00000000c6700000| PB 0x00000000c6700000| Complete 
|  54|0x00000000c6800000, 0x00000000c6900000, 0x00000000c6900000|100%| E|CS|TAMS 0x00000000c6800000| PB 0x00000000c6800000| Complete 
|  55|0x00000000c6900000, 0x00000000c6a00000, 0x00000000c6a00000|100%| E|CS|TAMS 0x00000000c6900000| PB 0x00000000c6900000| Complete 
|  56|0x00000000c6a00000, 0x00000000c6b00000, 0x00000000c6b00000|100%| E|CS|TAMS 0x00000000c6a00000| PB 0x00000000c6a00000| Complete 
|  57|0x00000000c6b00000, 0x00000000c6c00000, 0x00000000c6c00000|100%| E|CS|TAMS 0x00000000c6b00000| PB 0x00000000c6b00000| Complete 
|  58|0x00000000c6c00000, 0x00000000c6d00000, 0x00000000c6d00000|100%| E|CS|TAMS 0x00000000c6c00000| PB 0x00000000c6c00000| Complete 
|  59|0x00000000c6d00000, 0x00000000c6e00000, 0x00000000c6e00000|100%| E|CS|TAMS 0x00000000c6d00000| PB 0x00000000c6d00000| Complete 
|  60|0x00000000c6e00000, 0x00000000c6f00000, 0x00000000c6f00000|100%| E|CS|TAMS 0x00000000c6e00000| PB 0x00000000c6e00000| Complete 
|  61|0x00000000c6f00000, 0x00000000c7000000, 0x00000000c7000000|100%| E|CS|TAMS 0x00000000c6f00000| PB 0x00000000c6f00000| Complete 

Card table byte_map: [0x00000153ec7f0000,0x00000153ec9e0000] _byte_map_base: 0x00000153ec1d7000

Marking Bits: (CMBitMap*) 0x00000153d3393e20
 Bits: [0x00000153ec9e0000, 0x00000153ed918000)

Polling page: 0x00000153d3420000

Metaspace:

Usage:
  Non-class:      8.13 MB used.
      Class:      1.19 MB used.
       Both:      9.32 MB used.

Virtual space:
  Non-class space:       64.00 MB reserved,       8.31 MB ( 13%) committed,  1 nodes.
      Class space:        1.00 GB reserved,       1.31 MB ( <1%) committed,  1 nodes.
             Both:        1.06 GB reserved,       9.62 MB ( <1%) committed. 

Chunk freelists:
   Non-Class:  6.92 MB
       Class:  14.52 MB
        Both:  21.44 MB

MaxMetaspaceSize: unlimited
CompressedClassSpaceSize: 1.00 GB
Initial GC threshold: 21.00 MB
Current GC threshold: 21.00 MB
CDS: on
 - commit_granule_bytes: 65536.
 - commit_granule_words: 8192.
 - virtual_space_node_default_size: 8388608.
 - enlarge_chunks_in_place: 1.
 - use_allocation_guard: 0.


Internal statistics:

num_allocs_failed_limit: 0.
num_arena_births: 252.
num_arena_deaths: 0.
num_vsnodes_births: 2.
num_vsnodes_deaths: 0.
num_space_committed: 154.
num_space_uncommitted: 0.
num_chunks_returned_to_freelist: 0.
num_chunks_taken_from_freelist: 531.
num_chunk_merges: 0.
num_chunk_splits: 365.
num_chunks_enlarged: 261.
num_inconsistent_stats: 0.

CodeHeap 'non-profiled nmethods': size=120000Kb used=695Kb max_used=695Kb free=119305Kb
 bounds [0x00000153e4ab0000, 0x00000153e4d20000, 0x00000153ebfe0000]
CodeHeap 'profiled nmethods': size=120000Kb used=3383Kb max_used=3383Kb free=116616Kb
 bounds [0x00000153dcfe0000, 0x00000153dd330000, 0x00000153e4510000]
CodeHeap 'non-nmethods': size=5760Kb used=1699Kb max_used=1720Kb free=4060Kb
 bounds [0x00000153e4510000, 0x00000153e4780000, 0x00000153e4ab0000]
 total_blobs=2381 nmethods=1784 adapters=502
 compilation: enabled
              stopped_count=0, restarted_count=0
 full_count=0

Compilation events (20 events):
Event: 1.738 Thread 0x00000153efee6dc0 1743       3       java.util.Arrays::hashCode (56 bytes)
Event: 1.739 Thread 0x00000153efee6dc0 nmethod 1743 0x00000153dd312810 code [0x00000153dd3129e0, 0x00000153dd312d38]
Event: 1.739 Thread 0x00000153efee6dc0 1745       1       java.lang.reflect.Method::getReturnType (5 bytes)
Event: 1.739 Thread 0x00000153efee6dc0 nmethod 1745 0x00000153e4b5bd10 code [0x00000153e4b5bea0, 0x00000153e4b5bf68]
Event: 1.739 Thread 0x00000153efee6dc0 1746       3       jdk.internal.org.objectweb.asm.Frame::accept (264 bytes)
Event: 1.739 Thread 0x00000153efee6dc0 nmethod 1746 0x00000153dd312e90 code [0x00000153dd3130c0, 0x00000153dd3139b0]
Event: 1.740 Thread 0x00000153efee6dc0 1747       3       jdk.internal.org.objectweb.asm.MethodWriter::visitFrameStart (55 bytes)
Event: 1.740 Thread 0x00000153efee6dc0 nmethod 1747 0x00000153dd313d90 code [0x00000153dd313f40, 0x00000153dd314240]
Event: 1.740 Thread 0x00000153efee6dc0 1748       3       java.util.HashMap::newHashMap (44 bytes)
Event: 1.741 Thread 0x00000153efee6dc0 nmethod 1748 0x00000153dd314390 code [0x00000153dd314620, 0x00000153dd314e08]
Event: 1.741 Thread 0x00000153efee6dc0 1749       3       jdk.internal.org.objectweb.asm.Frame::merge (317 bytes)
Event: 1.741 Thread 0x00000153efee6dc0 nmethod 1749 0x00000153dd315190 code [0x00000153dd3153c0, 0x00000153dd315cf0]
Event: 1.741 Thread 0x00000153efee6dc0 1750       3       java.util.ArrayList::iterator (9 bytes)
Event: 1.742 Thread 0x00000153efee6dc0 nmethod 1750 0x00000153dd315f10 code [0x00000153dd3160c0, 0x00000153dd316358]
Event: 1.742 Thread 0x00000153efee6dc0 1751       3       java.util.ArrayList$Itr::<init> (26 bytes)
Event: 1.742 Thread 0x00000153efee6dc0 nmethod 1751 0x00000153dd316490 code [0x00000153dd316640, 0x00000153dd316818]
Event: 1.742 Thread 0x00000153efee6dc0 1752       3       jdk.internal.org.objectweb.asm.MethodWriter::visitCode (1 bytes)
Event: 1.742 Thread 0x00000153efee6dc0 nmethod 1752 0x00000153dd316910 code [0x00000153dd316aa0, 0x00000153dd316ba8]
Event: 1.746 Thread 0x00000153efee6dc0 1753   !   3       java.util.concurrent.ConcurrentHashMap::replaceNode (437 bytes)
Event: 1.747 Thread 0x00000153efee6dc0 nmethod 1753 0x00000153dd316c10 code [0x00000153dd316f80, 0x00000153dd318808]

GC Heap History (4 events):
Event: 0.533 GC heap before
{Heap before GC invocations=0 (full 0):
 garbage-first heap   total 63488K, used 12288K [0x00000000c3200000, 0x0000000100000000)
  region size 1024K, 13 young (13312K), 0 survivors (0K)
 Metaspace       used 1838K, committed 1984K, reserved 1114112K
  class space    used 182K, committed 256K, reserved 1048576K
}
Event: 0.536 GC heap after
{Heap after GC invocations=1 (full 0):
 garbage-first heap   total 63488K, used 1727K [0x00000000c3200000, 0x0000000100000000)
  region size 1024K, 2 young (2048K), 2 survivors (2048K)
 Metaspace       used 1838K, committed 1984K, reserved 1114112K
  class space    used 182K, committed 256K, reserved 1048576K
}
Event: 1.108 GC heap before
{Heap before GC invocations=1 (full 0):
 garbage-first heap   total 63488K, used 23231K [0x00000000c3200000, 0x0000000100000000)
  region size 1024K, 24 young (24576K), 2 survivors (2048K)
 Metaspace       used 4920K, committed 5120K, reserved 1114112K
  class space    used 538K, committed 640K, reserved 1048576K
}
Event: 1.112 GC heap after
{Heap after GC invocations=2 (full 0):
 garbage-first heap   total 63488K, used 5820K [0x00000000c3200000, 0x0000000100000000)
  region size 1024K, 3 young (3072K), 3 survivors (3072K)
 Metaspace       used 4920K, committed 5120K, reserved 1114112K
  class space    used 538K, committed 640K, reserved 1048576K
}

Dll operation events (20 events):
Event: 0.448 Loaded shared library C:\Users\USER\.openjfx\cache\23.0.1+4\amd64\api-ms-win-crt-locale-l1-1-0.dll
Event: 0.451 Loaded shared library C:\Users\USER\.openjfx\cache\23.0.1+4\amd64\api-ms-win-crt-math-l1-1-0.dll
Event: 0.455 Loaded shared library C:\Users\USER\.openjfx\cache\23.0.1+4\amd64\api-ms-win-crt-multibyte-l1-1-0.dll
Event: 0.459 Loaded shared library C:\Users\USER\.openjfx\cache\23.0.1+4\amd64\api-ms-win-crt-private-l1-1-0.dll
Event: 0.463 Loaded shared library C:\Users\USER\.openjfx\cache\23.0.1+4\amd64\api-ms-win-crt-process-l1-1-0.dll
Event: 0.466 Loaded shared library C:\Users\USER\.openjfx\cache\23.0.1+4\amd64\api-ms-win-crt-runtime-l1-1-0.dll
Event: 0.470 Loaded shared library C:\Users\USER\.openjfx\cache\23.0.1+4\amd64\api-ms-win-crt-stdio-l1-1-0.dll
Event: 0.474 Loaded shared library C:\Users\USER\.openjfx\cache\23.0.1+4\amd64\api-ms-win-crt-string-l1-1-0.dll
Event: 0.477 Loaded shared library C:\Users\USER\.openjfx\cache\23.0.1+4\amd64\api-ms-win-crt-time-l1-1-0.dll
Event: 0.481 Loaded shared library C:\Users\USER\.openjfx\cache\23.0.1+4\amd64\api-ms-win-crt-utility-l1-1-0.dll
Event: 0.494 Loaded shared library C:\Users\USER\.openjfx\cache\23.0.1+4\amd64\ucrtbase.dll
Event: 0.500 Loaded shared library C:\Users\USER\.openjfx\cache\23.0.1+4\amd64\vcruntime140.dll
Event: 0.504 Loaded shared library C:\Users\USER\.openjfx\cache\23.0.1+4\amd64\vcruntime140_1.dll
Event: 0.512 Loaded shared library C:\Users\USER\.openjfx\cache\23.0.1+4\amd64\msvcp140.dll
Event: 0.517 Loaded shared library C:\Users\USER\.openjfx\cache\23.0.1+4\amd64\msvcp140_1.dll
Event: 0.524 Loaded shared library C:\Users\USER\.openjfx\cache\23.0.1+4\amd64\msvcp140_2.dll
Event: 0.584 Loaded shared library C:\Users\USER\.openjfx\cache\23.0.1+4\amd64\prism_d3d.dll
Event: 0.690 Loaded shared library C:\Users\USER\.openjfx\cache\23.0.1+4\amd64\glass.dll
Event: 0.880 Loaded shared library C:\Program Files\Java\jdk-21\bin\jimage.dll
Event: 1.333 Loaded shared library C:\Users\USER\.openjfx\cache\23.0.1+4\amd64\javafx_font.dll

Deoptimization events (20 events):
Event: 1.564 Thread 0x00000153f494d810 Uncommon trap: trap_request=0xffffffde fr.pc=0x00000153e4b1b450 relative=0x00000000000002f0
Event: 1.564 Thread 0x00000153f494d810 Uncommon trap: reason=class_check action=maybe_recompile pc=0x00000153e4b1b450 method=java.util.HashMap.getNode(Ljava/lang/Object;)Ljava/util/HashMap$Node; @ 128 c2
Event: 1.564 Thread 0x00000153f494d810 DEOPT PACKING pc=0x00000153e4b1b450 sp=0x00000049aa2fc520
Event: 1.564 Thread 0x00000153f494d810 DEOPT UNPACKING pc=0x00000153e4567da2 sp=0x00000049aa2fc498 mode 2
Event: 1.604 Thread 0x00000153f494d810 Uncommon trap: trap_request=0xffffffc6 fr.pc=0x00000153e4b4e310 relative=0x00000000000016b0
Event: 1.604 Thread 0x00000153f494d810 Uncommon trap: reason=bimorphic_or_optimized_type_check action=maybe_recompile pc=0x00000153e4b4e310 method=java.io.DataInputStream.readFully([BII)V @ 30 c2
Event: 1.604 Thread 0x00000153f494d810 DEOPT PACKING pc=0x00000153e4b4e310 sp=0x00000049aa2fc7a0
Event: 1.604 Thread 0x00000153f494d810 DEOPT UNPACKING pc=0x00000153e4567da2 sp=0x00000049aa2fc788 mode 2
Event: 1.605 Thread 0x00000153f494d810 Uncommon trap: trap_request=0xffffffc6 fr.pc=0x00000153e4b4e310 relative=0x00000000000016b0
Event: 1.605 Thread 0x00000153f494d810 Uncommon trap: reason=bimorphic_or_optimized_type_check action=maybe_recompile pc=0x00000153e4b4e310 method=java.io.DataInputStream.readFully([BII)V @ 30 c2
Event: 1.605 Thread 0x00000153f494d810 DEOPT PACKING pc=0x00000153e4b4e310 sp=0x00000049aa2fc710
Event: 1.605 Thread 0x00000153f494d810 DEOPT UNPACKING pc=0x00000153e4567da2 sp=0x00000049aa2fc6f8 mode 2
Event: 1.606 Thread 0x00000153f494d810 Uncommon trap: trap_request=0xffffffc6 fr.pc=0x00000153e4b4e310 relative=0x00000000000016b0
Event: 1.606 Thread 0x00000153f494d810 Uncommon trap: reason=bimorphic_or_optimized_type_check action=maybe_recompile pc=0x00000153e4b4e310 method=java.io.DataInputStream.readFully([BII)V @ 30 c2
Event: 1.606 Thread 0x00000153f494d810 DEOPT PACKING pc=0x00000153e4b4e310 sp=0x00000049aa2fc6c0
Event: 1.606 Thread 0x00000153f494d810 DEOPT UNPACKING pc=0x00000153e4567da2 sp=0x00000049aa2fc6c8 mode 2
Event: 1.606 Thread 0x00000153f494d810 Uncommon trap: trap_request=0xffffffc6 fr.pc=0x00000153e4b4e310 relative=0x00000000000016b0
Event: 1.606 Thread 0x00000153f494d810 Uncommon trap: reason=bimorphic_or_optimized_type_check action=maybe_recompile pc=0x00000153e4b4e310 method=java.io.DataInputStream.readFully([BII)V @ 30 c2
Event: 1.606 Thread 0x00000153f494d810 DEOPT PACKING pc=0x00000153e4b4e310 sp=0x00000049aa2fc6c0
Event: 1.606 Thread 0x00000153f494d810 DEOPT UNPACKING pc=0x00000153e4567da2 sp=0x00000049aa2fc6c8 mode 2

Classes loaded (20 events):
Event: 1.730 Loading class java/lang/reflect/ProxyGenerator
Event: 1.731 Loading class java/lang/reflect/ProxyGenerator done
Event: 1.731 Loading class java/lang/reflect/ProxyGenerator$ProxyMethod
Event: 1.732 Loading class java/lang/reflect/ProxyGenerator$ProxyMethod done
Event: 1.733 Loading class java/lang/reflect/ProxyGenerator$PrimitiveTypeInfo
Event: 1.733 Loading class java/lang/reflect/ProxyGenerator$PrimitiveTypeInfo done
Event: 1.734 Loading class jdk/internal/org/objectweb/asm/Edge
Event: 1.735 Loading class jdk/internal/org/objectweb/asm/Edge done
Event: 1.737 Loading class java/lang/reflect/Proxy$ProxyBuilder$1
Event: 1.737 Loading class java/lang/reflect/Proxy$ProxyBuilder$1 done
Event: 1.738 Loading class java/lang/annotation/Documented
Event: 1.738 Loading class java/lang/annotation/Documented done
Event: 1.738 Loading class sun/reflect/annotation/AnnotationTypeMismatchExceptionProxy
Event: 1.738 Loading class sun/reflect/annotation/ExceptionProxy
Event: 1.738 Loading class sun/reflect/annotation/ExceptionProxy done
Event: 1.738 Loading class sun/reflect/annotation/AnnotationTypeMismatchExceptionProxy done
Event: 1.740 Loading class java/lang/annotation/Target
Event: 1.740 Loading class java/lang/annotation/Target done
Event: 1.744 Loading class java/lang/reflect/UndeclaredThrowableException
Event: 1.745 Loading class java/lang/reflect/UndeclaredThrowableException done

Classes unloaded (0 events):
No events

Classes redefined (0 events):
No events

Internal exceptions (20 events):
Event: 1.143 Thread 0x00000153f494d810 Exception <a 'java/lang/ClassNotFoundException'{0x00000000c6d84400}: com/sun/glass/ui/win/themes_en_TC> (0x00000000c6d84400) 
thrown [s\open\src\hotspot\share\prims\jni.cpp, line 539]
Event: 1.143 Thread 0x00000153f494d810 Exception <a 'java/lang/ClassNotFoundException'{0x00000000c6d85ba8}: com/sun/glass/ui/win/themes_en_MV> (0x00000000c6d85ba8) 
thrown [s\open\src\hotspot\share\prims\jni.cpp, line 539]
Event: 1.143 Thread 0x00000153f494d810 Exception <a 'java/lang/ClassNotFoundException'{0x00000000c6d87390}: com/sun/glass/ui/win/themes_sv_AX> (0x00000000c6d87390) 
thrown [s\open\src\hotspot\share\prims\jni.cpp, line 539]
Event: 1.143 Thread 0x00000153f494d810 Exception <a 'java/lang/ClassNotFoundException'{0x00000000c6d88d18}: com/sun/glass/ui/win/themes_cs_Latn> (0x00000000c6d88d18) 
thrown [s\open\src\hotspot\share\prims\jni.cpp, line 539]
Event: 1.144 Thread 0x00000153f494d810 Exception <a 'java/lang/ClassNotFoundException'{0x00000000c6d8a328}: com/sun/glass/ui/win/themes_cs_Latn_CZ> (0x00000000c6d8a328) 
thrown [s\open\src\hotspot\share\prims\jni.cpp, line 539]
Event: 1.144 Thread 0x00000153f494d810 Exception <a 'java/lang/ClassNotFoundException'{0x00000000c6d8bb90}: com/sun/glass/ui/win/themes_af_NA> (0x00000000c6d8bb90) 
thrown [s\open\src\hotspot\share\prims\jni.cpp, line 539]
Event: 1.144 Thread 0x00000153f494d810 Exception <a 'java/lang/ClassNotFoundException'{0x00000000c6d8d558}: com/sun/glass/ui/win/themes_en_IN> (0x00000000c6d8d558) 
thrown [s\open\src\hotspot\share\prims\jni.cpp, line 539]
Event: 1.144 Thread 0x00000153f494d810 Exception <a 'java/lang/ClassNotFoundException'{0x00000000c6d8f110}: com/sun/glass/ui/win/themes_es_NI> (0x00000000c6d8f110) 
thrown [s\open\src\hotspot\share\prims\jni.cpp, line 539]
Event: 1.144 Thread 0x00000153f494d810 Exception <a 'java/lang/ClassNotFoundException'{0x00000000c6d90a98}: com/sun/glass/ui/win/themes_ii_Yiii> (0x00000000c6d90a98) 
thrown [s\open\src\hotspot\share\prims\jni.cpp, line 539]
Event: 1.144 Thread 0x00000153f494d810 Exception <a 'java/lang/ClassNotFoundException'{0x00000000c6d920a8}: com/sun/glass/ui/win/themes_ii_Yiii_CN> (0x00000000c6d920a8) 
thrown [s\open\src\hotspot\share\prims\jni.cpp, line 539]
Event: 1.144 Thread 0x00000153f494d810 Exception <a 'java/lang/ClassNotFoundException'{0x00000000c6d93910}: com/sun/glass/ui/win/themes_mas_TZ> (0x00000000c6d93910) 
thrown [s\open\src\hotspot\share\prims\jni.cpp, line 539]
Event: 1.145 Thread 0x00000153f494d810 Exception <a 'java/lang/ClassNotFoundException'{0x00000000c6d95570}: com/sun/glass/ui/win/themes_ms_BN> (0x00000000c6d95570) 
thrown [s\open\src\hotspot\share\prims\jni.cpp, line 539]
Event: 1.145 Thread 0x00000153f494d810 Exception <a 'java/lang/ClassNotFoundException'{0x00000000c6d96fc0}: com/sun/glass/ui/win/themes_ccp_IN> (0x00000000c6d96fc0) 
thrown [s\open\src\hotspot\share\prims\jni.cpp, line 539]
Event: 1.284 Thread 0x00000153f494d810 Exception <a 'java/lang/NoSuchMethodError'{0x00000000c69ff418}: 'java.lang.Object java.lang.invoke.DirectMethodHandle$Holder.invokeStaticInit(java.lang.Object, java.lang.Object, java.lang.Object, java.lang.Object)'> (0x00000000c69ff418) 
thrown [s\open\src\hotspot\share\interpreter\linkResolver.cpp, line 773]
Event: 1.285 Thread 0x00000153f494d810 Exception <a 'java/lang/NullPointerException'{0x00000000c680c6d0}> (0x00000000c680c6d0) 
thrown [s\open\src\hotspot\share\interpreter\linkResolver.cpp, line 1372]
Event: 1.444 Thread 0x00000153f494d810 Exception <a 'java/lang/NoSuchMethodError'{0x00000000c6390a28}: 'void java.lang.invoke.DirectMethodHandle$Holder.invokeSpecial(java.lang.Object, java.lang.Object, double)'> (0x00000000c6390a28) 
thrown [s\open\src\hotspot\share\interpreter\linkResolver.cpp, line 773]
Event: 1.445 Thread 0x00000153f494d810 Exception <a 'java/lang/NoSuchMethodError'{0x00000000c639b660}: 'double java.lang.invoke.DelegatingMethodHandle$Holder.reinvoke_L(java.lang.Object, java.lang.Object, int)'> (0x00000000c639b660) 
thrown [s\open\src\hotspot\share\interpreter\linkResolver.cpp, line 773]
Event: 1.463 Thread 0x00000153f494d810 Exception <a 'java/lang/NoSuchMethodError'{0x00000000c63ad040}: 'java.lang.Object java.lang.invoke.DirectMethodHandle$Holder.invokeStatic(java.lang.Object, java.lang.Object, java.lang.Object, java.lang.Object, int)'> (0x00000000c63ad040) 
thrown [s\open\src\hotspot\share\interpreter\linkResolver.cpp, line 773]
Event: 1.465 Thread 0x00000153f494d810 Exception <a 'java/lang/NoSuchMethodError'{0x00000000c63db3c8}: 'void java.lang.invoke.DelegatingMethodHandle$Holder.reinvoke_L(java.lang.Object, java.lang.Object, double)'> (0x00000000c63db3c8) 
thrown [s\open\src\hotspot\share\interpreter\linkResolver.cpp, line 773]
Event: 1.662 Thread 0x00000153f494d810 Exception <a 'java/lang/NoSuchMethodError'{0x00000000c5c99d90}: 'void java.lang.invoke.DirectMethodHandle$Holder.invokeStaticInit(java.lang.Object, java.lang.Object)'> (0x00000000c5c99d90) 
thrown [s\open\src\hotspot\share\interpreter\linkResolver.cpp, line 773]

ZGC Phase Switch (0 events):
No events

VM Operations (18 events):
Event: 0.183 Executing VM operation: HandshakeAllThreads (Deoptimize)
Event: 0.183 Executing VM operation: HandshakeAllThreads (Deoptimize) done
Event: 0.219 Executing VM operation: HandshakeAllThreads (Deoptimize)
Event: 0.219 Executing VM operation: HandshakeAllThreads (Deoptimize) done
Event: 0.533 Executing VM operation: G1CollectForAllocation (G1 Evacuation Pause)
Event: 0.536 Executing VM operation: G1CollectForAllocation (G1 Evacuation Pause) done
Event: 0.669 Executing VM operation: HandshakeAllThreads (Deoptimize)
Event: 0.669 Executing VM operation: HandshakeAllThreads (Deoptimize) done
Event: 0.888 Executing VM operation: HandshakeAllThreads (Deoptimize)
Event: 0.888 Executing VM operation: HandshakeAllThreads (Deoptimize) done
Event: 1.108 Executing VM operation: G1CollectForAllocation (G1 Evacuation Pause)
Event: 1.112 Executing VM operation: G1CollectForAllocation (G1 Evacuation Pause) done
Event: 1.550 Executing VM operation: HandshakeAllThreads (Deoptimize)
Event: 1.550 Executing VM operation: HandshakeAllThreads (Deoptimize) done
Event: 1.550 Executing VM operation: HandshakeAllThreads (Deoptimize)
Event: 1.550 Executing VM operation: HandshakeAllThreads (Deoptimize) done
Event: 1.731 Executing VM operation: HandshakeAllThreads (Deoptimize)
Event: 1.731 Executing VM operation: HandshakeAllThreads (Deoptimize) done

Events (17 events):
Event: 0.073 Thread 0x00000153d3365810 Thread added: 0x00000153d3365810
Event: 0.089 Thread 0x00000153efecdde0 Thread added: 0x00000153efecdde0
Event: 0.089 Thread 0x00000153efecef90 Thread added: 0x00000153efecef90
Event: 0.089 Thread 0x00000153efed3f00 Thread added: 0x00000153efed3f00
Event: 0.089 Thread 0x00000153efed6660 Thread added: 0x00000153efed6660
Event: 0.089 Thread 0x00000153efed7af0 Thread added: 0x00000153efed7af0
Event: 0.090 Thread 0x00000153efed9fd0 Thread added: 0x00000153efed9fd0
Event: 0.090 Thread 0x00000153efee0540 Thread added: 0x00000153efee0540
Event: 0.090 Thread 0x00000153efee6dc0 Thread added: 0x00000153efee6dc0
Event: 0.140 Thread 0x00000153f414a0c0 Thread added: 0x00000153f414a0c0
Event: 0.229 Thread 0x00000153f4238ed0 Thread added: 0x00000153f4238ed0
Event: 0.568 Thread 0x00000153f478e3b0 Thread added: 0x00000153f478e3b0
Event: 0.696 Thread 0x00000153f4936c70 Thread added: 0x00000153f4936c70
Event: 0.701 Thread 0x00000153f494d810 Thread added: 0x00000153f494d810
Event: 0.852 Thread 0x00000153f4c158e0 Thread added: 0x00000153f4c158e0
Event: 0.863 Thread 0x00000153f4c150d0 Thread added: 0x00000153f4c150d0
Event: 1.439 Thread 0x00000153fae68990 Thread added: 0x00000153fae68990


Dynamic libraries:
0x00007ff6b1950000 - 0x00007ff6b1960000 	C:\Program Files\Java\jdk-21\bin\java.exe
0x00007ffbaa710000 - 0x00007ffbaa927000 	C:\WINDOWS\SYSTEM32\ntdll.dll
0x00007ffba95a0000 - 0x00007ffba9664000 	C:\WINDOWS\System32\KERNEL32.DLL
0x00007ffba7ec0000 - 0x00007ffba827a000 	C:\WINDOWS\System32\KERNELBASE.dll
0x00007ffba7da0000 - 0x00007ffba7eb1000 	C:\WINDOWS\System32\ucrtbase.dll
0x00007ffb3e6b0000 - 0x00007ffb3e6cb000 	C:\Program Files\Java\jdk-21\bin\VCRUNTIME140.dll
0x00007ffb9de50000 - 0x00007ffb9de69000 	C:\Program Files\Java\jdk-21\bin\jli.dll
0x00007ffbaa5f0000 - 0x00007ffbaa6a2000 	C:\WINDOWS\System32\ADVAPI32.dll
0x00007ffba8420000 - 0x00007ffba84c7000 	C:\WINDOWS\System32\msvcrt.dll
0x00007ffbaa380000 - 0x00007ffbaa427000 	C:\WINDOWS\System32\sechost.dll
0x00007ffba83f0000 - 0x00007ffba8418000 	C:\WINDOWS\System32\bcrypt.dll
0x00007ffbaa430000 - 0x00007ffbaa544000 	C:\WINDOWS\System32\RPCRT4.dll
0x00007ffba9680000 - 0x00007ffba982e000 	C:\WINDOWS\System32\USER32.dll
0x00007ffba83c0000 - 0x00007ffba83e6000 	C:\WINDOWS\System32\win32u.dll
0x00007ffba9a90000 - 0x00007ffba9ab9000 	C:\WINDOWS\System32\GDI32.dll
0x00007ffba7a90000 - 0x00007ffba7bab000 	C:\WINDOWS\System32\gdi32full.dll
0x00007ffba79f0000 - 0x00007ffba7a8a000 	C:\WINDOWS\System32\msvcp_win.dll
0x00007ffb91fe0000 - 0x00007ffb92272000 	C:\WINDOWS\WinSxS\amd64_microsoft.windows.common-controls_6595b64144ccf1df_6.0.22621.4541_none_2710d1c57384c085\COMCTL32.dll
0x00007ffba0e80000 - 0x00007ffba0e8a000 	C:\WINDOWS\SYSTEM32\VERSION.dll
0x00007ffbaa340000 - 0x00007ffbaa371000 	C:\WINDOWS\System32\IMM32.DLL
0x00007ffb108e0000 - 0x00007ffb108ec000 	C:\Program Files\Java\jdk-21\bin\vcruntime140_1.dll
0x00007ffb90fc0000 - 0x00007ffb9104e000 	C:\Program Files\Java\jdk-21\bin\msvcp140.dll
0x00007ffb108f0000 - 0x00007ffb11608000 	C:\Program Files\Java\jdk-21\bin\server\jvm.dll
0x00007ffba84d0000 - 0x00007ffba8541000 	C:\WINDOWS\System32\WS2_32.dll
0x00007ffba78c0000 - 0x00007ffba790d000 	C:\WINDOWS\SYSTEM32\POWRPROF.dll
0x00007ffb9e420000 - 0x00007ffb9e454000 	C:\WINDOWS\SYSTEM32\WINMM.dll
0x00007ffba78a0000 - 0x00007ffba78b3000 	C:\WINDOWS\SYSTEM32\UMPDC.dll
0x00007ffba6a30000 - 0x00007ffba6a48000 	C:\WINDOWS\SYSTEM32\kernel.appcore.dll
0x00007ffb10870000 - 0x00007ffb1087a000 	C:\Program Files\Java\jdk-21\bin\jimage.dll
0x00007ffba5280000 - 0x00007ffba54b2000 	C:\WINDOWS\SYSTEM32\DBGHELP.DLL
0x00007ffba8c40000 - 0x00007ffba8fcf000 	C:\WINDOWS\System32\combase.dll
0x00007ffba8fd0000 - 0x00007ffba90a7000 	C:\WINDOWS\System32\OLEAUT32.dll
0x00007ffb89750000 - 0x00007ffb89782000 	C:\WINDOWS\SYSTEM32\dbgcore.DLL
0x00007ffba8280000 - 0x00007ffba82fb000 	C:\WINDOWS\System32\bcryptPrimitives.dll
0x00007ffb10880000 - 0x00007ffb1089f000 	C:\Program Files\Java\jdk-21\bin\java.dll
0x00007ffba9ac0000 - 0x00007ffbaa338000 	C:\WINDOWS\System32\SHELL32.dll
0x00007ffba5930000 - 0x00007ffba6238000 	C:\WINDOWS\SYSTEM32\windows.storage.dll
0x00007ffba57f0000 - 0x00007ffba592f000 	C:\WINDOWS\SYSTEM32\wintypes.dll
0x00007ffba85b0000 - 0x00007ffba86aa000 	C:\WINDOWS\System32\SHCORE.dll
0x00007ffba87b0000 - 0x00007ffba880e000 	C:\WINDOWS\System32\shlwapi.dll
0x00007ffba7920000 - 0x00007ffba794b000 	C:\WINDOWS\SYSTEM32\profapi.dll
0x00007ffb10790000 - 0x00007ffb10867000 	C:\Program Files\Java\jdk-21\bin\jsvml.dll
0x00007ffb10780000 - 0x00007ffb10790000 	C:\Program Files\Java\jdk-21\bin\net.dll
0x00007ffba17d0000 - 0x00007ffba1906000 	C:\WINDOWS\SYSTEM32\WINHTTP.dll
0x00007ffba6eb0000 - 0x00007ffba6f19000 	C:\WINDOWS\system32\mswsock.dll
0x00007ffb10760000 - 0x00007ffb10776000 	C:\Program Files\Java\jdk-21\bin\nio.dll
0x00007ffb10740000 - 0x00007ffb10758000 	C:\Program Files\Java\jdk-21\bin\zip.dll
0x00000153d3460000 - 0x00000153d3463000 	C:\Users\USER\.openjfx\cache\23.0.1+4\amd64\api-ms-win-core-console-l1-1-0.dll
0x00000153effa0000 - 0x00000153effa3000 	C:\Users\USER\.openjfx\cache\23.0.1+4\amd64\api-ms-win-core-console-l1-2-0.dll
0x00000153effb0000 - 0x00000153effb3000 	C:\Users\USER\.openjfx\cache\23.0.1+4\amd64\api-ms-win-core-datetime-l1-1-0.dll
0x00000153effc0000 - 0x00000153effc3000 	C:\Users\USER\.openjfx\cache\23.0.1+4\amd64\api-ms-win-core-debug-l1-1-0.dll
0x00000153effd0000 - 0x00000153effd3000 	C:\Users\USER\.openjfx\cache\23.0.1+4\amd64\api-ms-win-core-errorhandling-l1-1-0.dll
0x00000153effe0000 - 0x00000153effe4000 	C:\Users\USER\.openjfx\cache\23.0.1+4\amd64\api-ms-win-core-file-l1-1-0.dll
0x00000153efff0000 - 0x00000153efff3000 	C:\Users\USER\.openjfx\cache\23.0.1+4\amd64\api-ms-win-core-file-l1-2-0.dll
0x00000153f4d00000 - 0x00000153f4d03000 	C:\Users\USER\.openjfx\cache\23.0.1+4\amd64\api-ms-win-core-file-l2-1-0.dll
0x00000153f4d10000 - 0x00000153f4d13000 	C:\Users\USER\.openjfx\cache\23.0.1+4\amd64\api-ms-win-core-handle-l1-1-0.dll
0x00000153f4d20000 - 0x00000153f4d23000 	C:\Users\USER\.openjfx\cache\23.0.1+4\amd64\api-ms-win-core-heap-l1-1-0.dll
0x00000153f4d30000 - 0x00000153f4d33000 	C:\Users\USER\.openjfx\cache\23.0.1+4\amd64\api-ms-win-core-interlocked-l1-1-0.dll
0x00000153f4d40000 - 0x00000153f4d43000 	C:\Users\USER\.openjfx\cache\23.0.1+4\amd64\api-ms-win-core-libraryloader-l1-1-0.dll
0x00000153f4d50000 - 0x00000153f4d53000 	C:\Users\USER\.openjfx\cache\23.0.1+4\amd64\api-ms-win-core-localization-l1-2-0.dll
0x00000153f4d60000 - 0x00000153f4d63000 	C:\Users\USER\.openjfx\cache\23.0.1+4\amd64\api-ms-win-core-memory-l1-1-0.dll
0x00000153f4d70000 - 0x00000153f4d73000 	C:\Users\USER\.openjfx\cache\23.0.1+4\amd64\api-ms-win-core-namedpipe-l1-1-0.dll
0x00000153f4d80000 - 0x00000153f4d83000 	C:\Users\USER\.openjfx\cache\23.0.1+4\amd64\api-ms-win-core-processenvironment-l1-1-0.dll
0x00000153f4d90000 - 0x00000153f4d93000 	C:\Users\USER\.openjfx\cache\23.0.1+4\amd64\api-ms-win-core-processthreads-l1-1-0.dll
0x00000153f4da0000 - 0x00000153f4da3000 	C:\Users\USER\.openjfx\cache\23.0.1+4\amd64\api-ms-win-core-processthreads-l1-1-1.dll
0x00000153f4db0000 - 0x00000153f4db3000 	C:\Users\USER\.openjfx\cache\23.0.1+4\amd64\api-ms-win-core-profile-l1-1-0.dll
0x00000153f4dc0000 - 0x00000153f4dc3000 	C:\Users\USER\.openjfx\cache\23.0.1+4\amd64\api-ms-win-core-rtlsupport-l1-1-0.dll
0x00000153f4dd0000 - 0x00000153f4dd3000 	C:\Users\USER\.openjfx\cache\23.0.1+4\amd64\api-ms-win-core-string-l1-1-0.dll
0x00000153f4de0000 - 0x00000153f4de3000 	C:\Users\USER\.openjfx\cache\23.0.1+4\amd64\api-ms-win-core-synch-l1-1-0.dll
0x00000153f4df0000 - 0x00000153f4df3000 	C:\Users\USER\.openjfx\cache\23.0.1+4\amd64\api-ms-win-core-synch-l1-2-0.dll
0x00000153f4e00000 - 0x00000153f4e03000 	C:\Users\USER\.openjfx\cache\23.0.1+4\amd64\api-ms-win-core-sysinfo-l1-1-0.dll
0x00000153f4e10000 - 0x00000153f4e13000 	C:\Users\USER\.openjfx\cache\23.0.1+4\amd64\api-ms-win-core-timezone-l1-1-0.dll
0x00000153f4e20000 - 0x00000153f4e23000 	C:\Users\USER\.openjfx\cache\23.0.1+4\amd64\api-ms-win-core-util-l1-1-0.dll
0x00000153f4e30000 - 0x00000153f4e33000 	C:\Users\USER\.openjfx\cache\23.0.1+4\amd64\api-ms-win-crt-conio-l1-1-0.dll
0x00000153f4e40000 - 0x00000153f4e44000 	C:\Users\USER\.openjfx\cache\23.0.1+4\amd64\api-ms-win-crt-convert-l1-1-0.dll
0x00000153f4e50000 - 0x00000153f4e53000 	C:\Users\USER\.openjfx\cache\23.0.1+4\amd64\api-ms-win-crt-environment-l1-1-0.dll
0x00000153f4e60000 - 0x00000153f4e63000 	C:\Users\USER\.openjfx\cache\23.0.1+4\amd64\api-ms-win-crt-filesystem-l1-1-0.dll
0x00000153f4e70000 - 0x00000153f4e73000 	C:\Users\USER\.openjfx\cache\23.0.1+4\amd64\api-ms-win-crt-heap-l1-1-0.dll
0x00000153f4e80000 - 0x00000153f4e83000 	C:\Users\USER\.openjfx\cache\23.0.1+4\amd64\api-ms-win-crt-locale-l1-1-0.dll
0x00000153f4e90000 - 0x00000153f4e95000 	C:\Users\USER\.openjfx\cache\23.0.1+4\amd64\api-ms-win-crt-math-l1-1-0.dll
0x00000153f4ea0000 - 0x00000153f4ea5000 	C:\Users\USER\.openjfx\cache\23.0.1+4\amd64\api-ms-win-crt-multibyte-l1-1-0.dll
0x00000153f4eb0000 - 0x00000153f4ec0000 	C:\Users\USER\.openjfx\cache\23.0.1+4\amd64\api-ms-win-crt-private-l1-1-0.dll
0x00000153f4ec0000 - 0x00000153f4ec3000 	C:\Users\USER\.openjfx\cache\23.0.1+4\amd64\api-ms-win-crt-process-l1-1-0.dll
0x00000153f4ed0000 - 0x00000153f4ed4000 	C:\Users\USER\.openjfx\cache\23.0.1+4\amd64\api-ms-win-crt-runtime-l1-1-0.dll
0x00000153f4ee0000 - 0x00000153f4ee4000 	C:\Users\USER\.openjfx\cache\23.0.1+4\amd64\api-ms-win-crt-stdio-l1-1-0.dll
0x00000153f4ef0000 - 0x00000153f4ef4000 	C:\Users\USER\.openjfx\cache\23.0.1+4\amd64\api-ms-win-crt-string-l1-1-0.dll
0x00000153f4f00000 - 0x00000153f4f03000 	C:\Users\USER\.openjfx\cache\23.0.1+4\amd64\api-ms-win-crt-time-l1-1-0.dll
0x00000153f4f10000 - 0x00000153f4f13000 	C:\Users\USER\.openjfx\cache\23.0.1+4\amd64\api-ms-win-crt-utility-l1-1-0.dll
0x00007ffb6b220000 - 0x00007ffb6b31c000 	C:\Users\USER\.openjfx\cache\23.0.1+4\amd64\ucrtbase.dll
0x00007ffb9ae50000 - 0x00007ffb9ae6b000 	C:\Users\USER\.openjfx\cache\23.0.1+4\amd64\vcruntime140.dll
0x00007ffba1070000 - 0x00007ffba107c000 	C:\Users\USER\.openjfx\cache\23.0.1+4\amd64\vcruntime140_1.dll
0x00007ffb90de0000 - 0x00007ffb90e6e000 	C:\Users\USER\.openjfx\cache\23.0.1+4\amd64\msvcp140.dll
0x00007ffb9de40000 - 0x00007ffb9de49000 	C:\Users\USER\.openjfx\cache\23.0.1+4\amd64\msvcp140_1.dll
0x00007ffb91440000 - 0x00007ffb91481000 	C:\Users\USER\.openjfx\cache\23.0.1+4\amd64\msvcp140_2.dll
0x00007ffb912a0000 - 0x00007ffb912d0000 	C:\Users\USER\.openjfx\cache\23.0.1+4\amd64\prism_d3d.dll
0x00007ffb52120000 - 0x00007ffb522c8000 	C:\WINDOWS\system32\d3d9.dll
0x00007ffba4cc0000 - 0x00007ffba4ceb000 	C:\WINDOWS\SYSTEM32\dwmapi.dll
0x00007ffba4b50000 - 0x00007ffba4b87000 	C:\WINDOWS\SYSTEM32\dxcore.dll
0x00007ffba4a50000 - 0x00007ffba4b01000 	C:\WINDOWS\system32\uxtheme.dll
0x00007ffb62fb0000 - 0x00007ffb6321f000 	C:\WINDOWS\System32\DriverStore\FileRepository\iigd_dch.inf_amd64_03e2a5c7c3b3fa7c\igdumdim64.dll
0x00007ffba89d0000 - 0x00007ffba8b75000 	C:\WINDOWS\System32\ole32.dll
0x00007ffb1e230000 - 0x00007ffb1f753000 	C:\WINDOWS\System32\DriverStore\FileRepository\iigd_dch.inf_amd64_03e2a5c7c3b3fa7c\igd9dxva64.dll
0x00007ffba90b0000 - 0x00007ffba9524000 	C:\WINDOWS\System32\SETUPAPI.dll
0x00007ffba7610000 - 0x00007ffba765e000 	C:\WINDOWS\SYSTEM32\cfgmgr32.dll
0x00007ffb42370000 - 0x00007ffb4409b000 	C:\WINDOWS\System32\DriverStore\FileRepository\iigd_dch.inf_amd64_03e2a5c7c3b3fa7c\media_bin_64.dll
0x00007ffb9bb80000 - 0x00007ffb9bfbf000 	C:\WINDOWS\System32\DriverStore\FileRepository\iigd_dch.inf_amd64_03e2a5c7c3b3fa7c\igdgmm64.dll
0x00007ffba10f0000 - 0x00007ffba1139000 	C:\WINDOWS\SYSTEM32\directxdatabasehelper.dll
0x00007ffb90850000 - 0x00007ffb90895000 	C:\Users\USER\.openjfx\cache\23.0.1+4\amd64\glass.dll
0x00007ffba86b0000 - 0x00007ffba87b0000 	C:\WINDOWS\System32\COMDLG32.dll
0x00007ffba98b0000 - 0x00007ffba9a11000 	C:\WINDOWS\System32\MSCTF.dll
0x00007ffb90a50000 - 0x00007ffb90a77000 	C:\WINDOWS\System32\DriverStore\FileRepository\iigd_dch.inf_amd64_03e2a5c7c3b3fa7c\igdinfo64.dll
0x00007ffba7100000 - 0x00007ffba711b000 	C:\WINDOWS\SYSTEM32\CRYPTSP.dll
0x00007ffba6990000 - 0x00007ffba69c5000 	C:\WINDOWS\system32\rsaenh.dll
0x00007ffba7120000 - 0x00007ffba712c000 	C:\WINDOWS\SYSTEM32\CRYPTBASE.dll
0x00007ffb9bb30000 - 0x00007ffb9bb54000 	C:\WINDOWS\System32\DriverStore\FileRepository\iigd_dch.inf_amd64_03e2a5c7c3b3fa7c\igc64.dll
0x00007ffb92910000 - 0x00007ffb9707b000 	C:\WINDOWS\System32\DriverStore\FileRepository\iigd_dch.inf_amd64_03e2a5c7c3b3fa7c\igc1464.dll
0x00007ffba8b80000 - 0x00007ffba8c30000 	C:\WINDOWS\System32\clbcatq.dll
0x00007ffb9a9e0000 - 0x00007ffb9ab5d000 	C:\Windows\System32\Windows.UI.dll
0x00007ffb995c0000 - 0x00007ffb99735000 	C:\Windows\System32\Windows.UI.Immersive.dll
0x00007ffb9ae30000 - 0x00007ffb9ae45000 	C:\Users\USER\.openjfx\cache\23.0.1+4\amd64\javafx_font.dll
0x00007ffba2000000 - 0x00007ffba2273000 	C:\WINDOWS\SYSTEM32\dwrite.dll

dbghelp: loaded successfully - version: 4.0.5 - missing functions: none
symbol engine: initialized successfully - sym options: 0x614 - pdb path: .;C:\Program Files\Java\jdk-21\bin;C:\WINDOWS\SYSTEM32;C:\WINDOWS\WinSxS\amd64_microsoft.windows.common-controls_6595b64144ccf1df_6.0.22621.4541_none_2710d1c57384c085;C:\Program Files\Java\jdk-21\bin\server;C:\Users\USER\.openjfx\cache\23.0.1+4\amd64;C:\WINDOWS\System32\DriverStore\FileRepository\iigd_dch.inf_amd64_03e2a5c7c3b3fa7c

VM Arguments:
jvm_args: --module-path=C:\Users\USER\.m2\repository\org\openjfx\javafx-base\23.0.1\javafx-base-23.0.1-win.jar;C:\Users\USER\.m2\repository\org\openjfx\javafx-base\23.0.1\javafx-base-23.0.1.jar;C:\Users\USER\.m2\repository\org\openjfx\javafx-controls\23.0.1\javafx-controls-23.0.1-win.jar;C:\Users\USER\.m2\repository\org\openjfx\javafx-controls\23.0.1\javafx-controls-23.0.1.jar;C:\Users\USER\.m2\repository\org\openjfx\javafx-fxml\23.0.1\javafx-fxml-23.0.1-win.jar;C:\Users\USER\.m2\repository\org\openjfx\javafx-fxml\23.0.1\javafx-fxml-23.0.1.jar;C:\Users\USER\.m2\repository\org\openjfx\javafx-graphics\23.0.1\javafx-graphics-23.0.1-win.jar;C:\Users\USER\.m2\repository\org\openjfx\javafx-graphics\23.0.1\javafx-graphics-23.0.1.jar --add-modules=javafx.base,javafx.controls,javafx.fxml,javafx.graphics 
java_command: com.mycompany.java_farm.mainUi
java_class_path (initial): D:\FILE MEEEEE\SEMESTER 3\PBO\Java_farm\Java_farm\Java_farm\Java_farm\Java_farm\target\classes;C:\Users\USER\.m2\repository\au\com\dius\pact\core\pactbroker\4.6.15\pactbroker-4.6.15.jar;C:\Users\USER\.m2\repository\au\com\dius\pact\core\support\4.6.15\support-4.6.15.jar;C:\Users\USER\.m2\repository\com\github\mifmif\generex\1.0.2\generex-1.0.2.jar;C:\Users\USER\.m2\repository\com\google\code\findbugs\jsr305\3.0.2\jsr305-3.0.2.jar;C:\Users\USER\.m2\repository\com\google\errorprone\error_prone_annotations\2.11.0\error_prone_annotations-2.11.0.jar;C:\Users\USER\.m2\repository\com\google\guava\failureaccess\1.0.1\failureaccess-1.0.1.jar;C:\Users\USER\.m2\repository\com\google\guava\guava\31.1-jre\guava-31.1-jre.jar;C:\Users\USER\.m2\repository\com\google\guava\listenablefuture\9999.0-empty-to-avoid-conflict-with-guava\listenablefuture-9999.0-empty-to-avoid-conflict-with-guava.jar;C:\Users\USER\.m2\repository\com\google\j2objc\j2objc-annotations\1.3\j2objc-annotations-1.3.jar;C:\Users\USER\.m2\repository\com\google\protobuf\protobuf-java\3.21.9\protobuf-java-3.21.9.jar;C:\Users\USER\.m2\repository\com\mysql\mysql-connector-j\8.0.33\mysql-connector-j-8.0.33.jar;C:\Users\USER\.m2\repository\commons-codec\commons-codec\1.15\commons-codec-1.15.jar;C:\Users\USER\.m2\repository\dk\brics\automaton\automaton\1.11-8\automaton-1.11-8.jar;C:\Users\USER\.m2\repository\io\github\oshai\kotlin-logging-jvm\5.1.4\kotlin-logging-jvm-5.1.4.jar;C:\Users\USER\.m2\repository\org\apache\commons\commons-lang3\3.12.0\commons-lang3-3.12.0.jar;C:\Users\USER\.m2\repository\org\apache\commons\commons-text\1.10.0\commons-text-1.10.0.jar;C:\Users\USER\.m2\repository\org\apache\httpcomponents\client5\httpclient5\5.3.1\httpclient5-5.3.1.jar;C:\Users\USER\.m2\repository\org\apache\httpcomponents\client5\httpclient5-fluent\5.3.1\httpclient5-fluent-5.3.1.jar;C:\Users\USER\.m2\repository\org\apache\httpcomponents\core5\httpcore5\5.2.4\httpcore5-5.2.4.jar;C:\Users\USER\.m2\repository\org\apache\httpcomponents\core5\httpcore5-h2\5.2.4\httpcore5-h2-5.2.4.jar;C:\Users\USER\.m2\repository\org\checkerframework\checker-qual\3.12.0\checker-qual-3.12.0.jar;C:\Users\USER\.m2\repository\org\jetbrains\annotations\13.0\annotations-13.0.jar;C:\Users\USER\.m2\repository\org\jetbrains\kotlin\kotlin-reflect\1.8.22\kotlin-reflect-1.8.22.jar;C:\Users\USER\.m2\repository\org\jetbrains\kotlin\kotlin-stdlib\1.8.22\kotlin-stdlib-1.8.22.jar;C:\Users\USER\.m2\repository\org\jetbrains\kotlin\kotlin-stdlib-common\1.8.22\kotlin-stdlib-common-1.8.22.jar;C:\Users\USER\.m2\repository\org\jetbrains\kotlin\kotlin-stdlib-jdk7\1.8.22\kotlin-stdlib-jdk7-1.8.22.jar;C:\Users\USER\.m2\repository\org\jetbrains\kotlin\kotlin-stdlib-jdk8\1.8.22\kotlin-stdlib-jdk8-1.8.22.jar;C:\Users\USER\.m2\repository\org\slf4j\slf4j-api\1.7.36\slf4j-api-1.7.36.jar
Launcher Type: SUN_STANDARD

[Global flags]
     intx CICompilerCount                          = 3                                         {product} {ergonomic}
     uint ConcGCThreads                            = 1                                         {product} {ergonomic}
     uint G1ConcRefinementThreads                  = 4                                         {product} {ergonomic}
   size_t G1HeapRegionSize                         = 1048576                                   {product} {ergonomic}
    uintx GCDrainStackTargetSize                   = 64                                        {product} {ergonomic}
   size_t InitialHeapSize                          = 65011712                                  {product} {ergonomic}
   size_t MarkStackSize                            = 4194304                                   {product} {ergonomic}
   size_t MaxHeapSize                              = 1021313024                                {product} {ergonomic}
   size_t MaxNewSize                               = 612368384                                 {product} {ergonomic}
   size_t MinHeapDeltaBytes                        = 1048576                                   {product} {ergonomic}
   size_t MinHeapSize                              = 8388608                                   {product} {ergonomic}
    uintx NonNMethodCodeHeapSize                   = 5832780                                {pd product} {ergonomic}
    uintx NonProfiledCodeHeapSize                  = 122912730                              {pd product} {ergonomic}
    uintx ProfiledCodeHeapSize                     = 122912730                              {pd product} {ergonomic}
    uintx ReservedCodeCacheSize                    = 251658240                              {pd product} {ergonomic}
     bool SegmentedCodeCache                       = true                                      {product} {ergonomic}
   size_t SoftMaxHeapSize                          = 1021313024                             {manageable} {ergonomic}
     bool UseCompressedOops                        = true                           {product lp64_product} {ergonomic}
     bool UseG1GC                                  = true                                      {product} {ergonomic}
     bool UseLargePagesIndividualAllocation        = false                                  {pd product} {ergonomic}

Logging:
Log output configuration:
 #0: stdout all=warning uptime,level,tags foldmultilines=false
 #1: stderr all=off uptime,level,tags foldmultilines=false

Environment Variables:
JAVA_HOME=C:\Program Files\Java\jdk-21
PATH=C:\Program Files\Common Files\Oracle\Java\javapath;C:\WINDOWS\system32;C:\WINDOWS;C:\WINDOWS\System32\Wbem;C:\WINDOWS\System32\WindowsPowerShell\v1.0\;C:\WINDOWS\System32\OpenSSH\;C:\MinGW\bin;C:\Program Files\dotnet\;C:\Program Files\MySQL\MySQL Server 8.0\bin;C:\xampp\php;C:\Program Files\MATLAB\R2024b\bin;C:\Program Files\Java\jdk-23\bin;C:\Users\USER\Downloads\apache-ant-1.10.15-bin\bin;C:\Program Files\Java\javafx-sdk-23.0.1\bin;C:\Program Files\NetBeans-20\netbeans\java\maven;C:\Users\USER\Downloads\apache-maven-3.9.9-bin\apache-maven-3.9.9\bin;C:\Program Files\Java\jdk-21\bin;C:\Program Files\Java\javafx-sdk-21.0.5\bin;C:\Program Files\Java\jdk-21\bin;C:\Program Files\MySQL\MySQL Shell 8.0\bin\;C:\Users\USER\AppData\Local\Microsoft\WindowsApps;;C:\Users\USER\Documents\FILE MEEEEE\Microsoft VS Code\bin
USERNAME=USER
OS=Windows_NT
PROCESSOR_IDENTIFIER=Intel64 Family 6 Model 140 Stepping 1, GenuineIntel
TMP=C:\Users\USER\AppData\Local\Temp
TEMP=C:\Users\USER\AppData\Local\Temp




Periodic native trim disabled

---------------  S Y S T E M  ---------------

OS:
 Windows 11 , 64 bit Build 22621 (10.0.22621.4391)
OS uptime: 0 days 3:12 hours

CPU: total 4 (initial active 4) (2 cores per cpu, 2 threads per core) family 6 model 140 stepping 1 microcode 0x9a, cx8, cmov, fxsr, ht, mmx, 3dnowpref, sse, sse2, sse3, ssse3, sse4.1, sse4.2, popcnt, lzcnt, tsc, tscinvbit, avx, avx2, aes, erms, clmul, bmi1, bmi2, adx, avx512f, avx512dq, avx512cd, avx512bw, avx512vl, sha, fma, vzeroupper, avx512_vpopcntdq, avx512_vpclmulqdq, avx512_vaes, avx512_vnni, clflush, clflushopt, clwb, avx512_vbmi2, avx512_vbmi, rdtscp, rdpid, fsrm, gfni, avx512_bitalg, f16c, pku, cet_ibt, cet_ss, avx512_ifma
Processor Information for processor 0
  Max Mhz: 2995, Current Mhz: 2995, Mhz Limit: 2995
Processor Information for processor 1
  Max Mhz: 2995, Current Mhz: 2995, Mhz Limit: 2995
Processor Information for processor 2
  Max Mhz: 2995, Current Mhz: 2995, Mhz Limit: 2995
Processor Information for processor 3
  Max Mhz: 2995, Current Mhz: 1198, Mhz Limit: 2995

Memory: 4k page, system-wide physical 3895M (51M free)
TotalPageFile size 15671M (AvailPageFile size 1M)
current process WorkingSet (physical memory assigned to process): 131M, peak: 131M
current process commit charge ("private bytes"): 196M, peak: 197M

vm_info: Java HotSpot(TM) 64-Bit Server VM (21.0.5+9-LTS-239) for windows-amd64 JRE (21.0.5+9-LTS-239), built on 2024-09-30T05:17:38Z by "mach5one" with MS VC++ 17.6 (VS2022)

END.
