#
# There is insufficient memory for the Java Runtime Environment to continue.
# Native memory allocation (malloc) failed to allocate 317872 bytes for Chunk::new
# Possible reasons:
#   The system is out of physical RAM or swap space
#   The process is running with CompressedOops enabled, and the Java Heap may be blocking the growth of the native heap
# Possible solutions:
#   Reduce memory load on the system
#   Increase physical memory or swap space
#   Check if swap backing store is full
#   Decrease Java heap size (-Xmx/-Xms)
#   Decrease number of Java threads
#   Decrease Java thread stack sizes (-Xss)
#   Set larger code cache with -XX:ReservedCodeCacheSize=
#   JVM is running with Unscaled Compressed Oops mode in which the Java heap is
#     placed in the first 4GB address space. The Java Heap base address is the
#     maximum limit for the native heap growth. Please use -XX:HeapBaseMinAddress
#     to set the Java Heap base and to place the Java Heap above 4GB virtual address.
# This output file may be truncated or incomplete.
#
#  Out of Memory Error (arena.cpp:168), pid=15528, tid=5156
#
# JRE version: Java(TM) SE Runtime Environment (21.0.5+9) (build 21.0.5+9-LTS-239)
# Java VM: Java HotSpot(TM) 64-Bit Server VM (21.0.5+9-LTS-239, mixed mode, sharing, tiered, compressed oops, compressed class ptrs, g1 gc, windows-amd64)
# No core dump will be written. Minidumps are not enabled by default on client versions of Windows
#

---------------  S U M M A R Y ------------

Command Line: --module-path=C:\Users\USER\.m2\repository\org\openjfx\javafx-base\23.0.1\javafx-base-23.0.1-win.jar;C:\Users\USER\.m2\repository\org\openjfx\javafx-base\23.0.1\javafx-base-23.0.1.jar;C:\Users\USER\.m2\repository\org\openjfx\javafx-controls\23.0.1\javafx-controls-23.0.1-win.jar;C:\Users\USER\.m2\repository\org\openjfx\javafx-controls\23.0.1\javafx-controls-23.0.1.jar;C:\Users\USER\.m2\repository\org\openjfx\javafx-fxml\23.0.1\javafx-fxml-23.0.1-win.jar;C:\Users\USER\.m2\repository\org\openjfx\javafx-fxml\23.0.1\javafx-fxml-23.0.1.jar;C:\Users\USER\.m2\repository\org\openjfx\javafx-graphics\23.0.1\javafx-graphics-23.0.1-win.jar;C:\Users\USER\.m2\repository\org\openjfx\javafx-graphics\23.0.1\javafx-graphics-23.0.1.jar --add-modules=javafx.base,javafx.controls,javafx.fxml,javafx.graphics com.mycompany.java_farm.mainUi

Host: 11th Gen Intel(R) Core(TM) i3-1115G4 @ 3.00GHz, 4 cores, 3G,  Windows 11 , 64 bit Build 22621 (10.0.22621.4391)
Time: Fri Dec 27 23:37:11 2024 SE Asia Standard Time elapsed time: 1.121366 seconds (0d 0h 0m 1s)

---------------  T H R E A D  ---------------

Current thread (0x000001ffd7e16790):  JavaThread "C2 CompilerThread0" daemon [_thread_in_native, id=5156, stack(0x0000000626700000,0x0000000626800000) (1024K)]


Current CompileTask:
C2:   1121 1457 %     4       java.util.Properties$LineReader::readLine @ 53 (584 bytes)

Stack: [0x0000000626700000,0x0000000626800000]
Native frames: (J=compiled Java code, j=interpreted, Vv=VM code, C=native code)
V  [jvm.dll+0x6ca289]
V  [jvm.dll+0x854a51]
V  [jvm.dll+0x856f7e]
V  [jvm.dll+0x857653]
V  [jvm.dll+0x27dd26]
V  [jvm.dll+0xc4c2d]
V  [jvm.dll+0xc5163]
V  [jvm.dll+0x3b4d3c]
V  [jvm.dll+0x3814b5]
V  [jvm.dll+0x38092a]
V  [jvm.dll+0x246910]
V  [jvm.dll+0x245eef]
V  [jvm.dll+0x1c6d0e]
V  [jvm.dll+0x2554d9]
V  [jvm.dll+0x253a6a]
V  [jvm.dll+0x3ee136]
V  [jvm.dll+0x7fee9b]
V  [jvm.dll+0x6c896d]
C  [ucrtbase.dll+0x29333]
C  [KERNEL32.DLL+0x1259d]
C  [ntdll.dll+0x5af38]


---------------  P R O C E S S  ---------------

Threads class SMR info:
_java_thread_list=0x000002001db2f6f0, length=17, elements={
0x000001ffbd1ff880, 0x000001ffd7e03750, 0x000001ffd7e04660, 0x000001ffd7e087b0,
0x000001ffd7e0b300, 0x000001ffd7e13e50, 0x000001ffd7e14ac0, 0x000001ffd7e16790,
0x000001ffd7e1d090, 0x000002001d050610, 0x000002001d298740, 0x000002001d5b9510,
0x000002001d86a510, 0x000002001d8863b0, 0x000002001db57270, 0x000002001dbf0840,
0x00000200236b3f80
}

Java Threads: ( => current thread )
  0x000001ffbd1ff880 JavaThread "main"                              [_thread_blocked, id=5144, stack(0x0000000625900000,0x0000000625a00000) (1024K)]
  0x000001ffd7e03750 JavaThread "Reference Handler"          daemon [_thread_blocked, id=18784, stack(0x0000000626100000,0x0000000626200000) (1024K)]
  0x000001ffd7e04660 JavaThread "Finalizer"                  daemon [_thread_blocked, id=7488, stack(0x0000000626200000,0x0000000626300000) (1024K)]
  0x000001ffd7e087b0 JavaThread "Signal Dispatcher"          daemon [_thread_blocked, id=13512, stack(0x0000000626300000,0x0000000626400000) (1024K)]
  0x000001ffd7e0b300 JavaThread "Attach Listener"            daemon [_thread_blocked, id=12828, stack(0x0000000626400000,0x0000000626500000) (1024K)]
  0x000001ffd7e13e50 JavaThread "Service Thread"             daemon [_thread_blocked, id=5280, stack(0x0000000626500000,0x0000000626600000) (1024K)]
  0x000001ffd7e14ac0 JavaThread "Monitor Deflation Thread"   daemon [_thread_blocked, id=9260, stack(0x0000000626600000,0x0000000626700000) (1024K)]
=>0x000001ffd7e16790 JavaThread "C2 CompilerThread0"         daemon [_thread_in_native, id=5156, stack(0x0000000626700000,0x0000000626800000) (1024K)]
  0x000001ffd7e1d090 JavaThread "C1 CompilerThread0"         daemon [_thread_in_native, id=6388, stack(0x0000000626800000,0x0000000626900000) (1024K)]
  0x000002001d050610 JavaThread "Common-Cleaner"             daemon [_thread_blocked, id=15316, stack(0x0000000626900000,0x0000000626a00000) (1024K)]
  0x000002001d298740 JavaThread "Notification Thread"        daemon [_thread_blocked, id=15240, stack(0x0000000626a00000,0x0000000626b00000) (1024K)]
  0x000002001d5b9510 JavaThread "QuantumRenderer-0"          daemon [_thread_blocked, id=8116, stack(0x0000000626e00000,0x0000000626f00000) (1024K)]
  0x000002001d86a510 JavaThread "InvokeLaterDispatcher"      daemon [_thread_blocked, id=16168, stack(0x0000000626f00000,0x0000000627000000) (1024K)]
  0x000002001d8863b0 JavaThread "JavaFX Application Thread"         [_thread_in_native, id=18508, stack(0x0000000627000000,0x0000000627100000) (1024K)]
  0x000002001db57270 JavaThread "JavaFX-Launcher"                   [_thread_blocked, id=17364, stack(0x0000000627500000,0x0000000627600000) (1024K)]
  0x000002001dbf0840 JavaThread "Thread-2"                   daemon [_thread_in_native, id=4980, stack(0x0000000627400000,0x0000000627500000) (1024K)]
  0x00000200236b3f80 JavaThread "mysql-cj-abandoned-connection-cleanup" daemon [_thread_blocked, id=6332, stack(0x0000000627600000,0x0000000627700000) (1024K)]
Total: 17

Other Threads:
  0x000001ffbd2bc650 VMThread "VM Thread"                           [id=19392, stack(0x0000000626000000,0x0000000626100000) (1024K)]
  0x000001ffd7ded960 WatcherThread "VM Periodic Task Thread"        [id=17340, stack(0x0000000625f00000,0x0000000626000000) (1024K)]
  0x000001ffbd2341d0 WorkerThread "GC Thread#0"                     [id=18876, stack(0x0000000625a00000,0x0000000625b00000) (1024K)]
  0x000002001d25de30 WorkerThread "GC Thread#1"                     [id=6268, stack(0x0000000626b00000,0x0000000626c00000) (1024K)]
  0x000002001d4fba00 WorkerThread "GC Thread#2"                     [id=3316, stack(0x0000000626c00000,0x0000000626d00000) (1024K)]
  0x000002001d2a4de0 WorkerThread "GC Thread#3"                     [id=16260, stack(0x0000000626d00000,0x0000000626e00000) (1024K)]
  0x000001ffbd23d380 ConcurrentGCThread "G1 Main Marker"            [id=12480, stack(0x0000000625b00000,0x0000000625c00000) (1024K)]
  0x000001ffbd23e030 WorkerThread "G1 Conc#0"                       [id=4856, stack(0x0000000625c00000,0x0000000625d00000) (1024K)]
  0x000001ffbd29ed00 ConcurrentGCThread "G1 Refine#0"               [id=8028, stack(0x0000000625d00000,0x0000000625e00000) (1024K)]
  0x000001ffbd29f870 ConcurrentGCThread "G1 Service"                [id=12904, stack(0x0000000625e00000,0x0000000625f00000) (1024K)]
Total: 10

Threads with active compile tasks:
C2 CompilerThread0     1150 1457 %     4       java.util.Properties$LineReader::readLine @ 53 (584 bytes)
Total: 1

VM state: not at safepoint (normal execution)

VM Mutex/Monitor currently owned by a thread: None

Heap address: 0x00000000c3200000, size: 974 MB, Compressed Oops mode: 32-bit

CDS archive(s) mapped at: [0x000001ffd8000000-0x000001ffd8c90000-0x000001ffd8c90000), size 13172736, SharedBaseAddress: 0x000001ffd8000000, ArchiveRelocationMode: 1.
Compressed class space mapped at: 0x000001ffd9000000-0x0000020019000000, reserved size: 1073741824
Narrow klass base: 0x000001ffd8000000, Narrow klass shift: 0, Narrow klass range: 0x100000000

GC Precious Log:
 CardTable entry size: 512
 Card Set container configuration: InlinePtr #cards 5 size 8 Array Of Cards #cards 12 size 40 Howl #buckets 4 coarsen threshold 1843 Howl Bitmap #cards 512 size 80 coarsen threshold 460 Card regions per heap region 1 cards per card region 2048
 CPUs: 4 total, 4 available
 Memory: 3895M
 Large Page Support: Disabled
 NUMA Support: Disabled
 Compressed Oops: Enabled (32-bit)
 Heap Region Size: 1M
 Heap Min Capacity: 8M
 Heap Initial Capacity: 62M
 Heap Max Capacity: 974M
 Pre-touch: Disabled
 Parallel Workers: 4
 Concurrent Workers: 1
 Concurrent Refinement Workers: 4
 Periodic GC: Disabled

Heap:
 garbage-first heap   total 63488K, used 11759K [0x00000000c3200000, 0x0000000100000000)
  region size 1024K, 11 young (11264K), 3 survivors (3072K)
 Metaspace       used 7353K, committed 7552K, reserved 1114112K
  class space    used 784K, committed 896K, reserved 1048576K

Heap Regions: E=young(eden), S=young(survivor), O=old, HS=humongous(starts), HC=humongous(continues), CS=collection set, F=free, TAMS=top-at-mark-start, PB=parsable bottom
|   0|0x00000000c3200000, 0x00000000c3300000, 0x00000000c3300000|100%| O|  |TAMS 0x00000000c3200000| PB 0x00000000c3200000| Untracked 
|   1|0x00000000c3300000, 0x00000000c3400000, 0x00000000c3400000|100%| O|  |TAMS 0x00000000c3300000| PB 0x00000000c3300000| Untracked 
|   2|0x00000000c3400000, 0x00000000c347bf60, 0x00000000c3500000| 48%| O|  |TAMS 0x00000000c3400000| PB 0x00000000c3400000| Untracked 
|   3|0x00000000c3500000, 0x00000000c3500000, 0x00000000c3600000|  0%| F|  |TAMS 0x00000000c3500000| PB 0x00000000c3500000| Untracked 
|   4|0x00000000c3600000, 0x00000000c3600000, 0x00000000c3700000|  0%| F|  |TAMS 0x00000000c3600000| PB 0x00000000c3600000| Untracked 
|   5|0x00000000c3700000, 0x00000000c3700000, 0x00000000c3800000|  0%| F|  |TAMS 0x00000000c3700000| PB 0x00000000c3700000| Untracked 
|   6|0x00000000c3800000, 0x00000000c3800000, 0x00000000c3900000|  0%| F|  |TAMS 0x00000000c3800000| PB 0x00000000c3800000| Untracked 
|   7|0x00000000c3900000, 0x00000000c3900000, 0x00000000c3a00000|  0%| F|  |TAMS 0x00000000c3900000| PB 0x00000000c3900000| Untracked 
|   8|0x00000000c3a00000, 0x00000000c3a00000, 0x00000000c3b00000|  0%| F|  |TAMS 0x00000000c3a00000| PB 0x00000000c3a00000| Untracked 
|   9|0x00000000c3b00000, 0x00000000c3b00000, 0x00000000c3c00000|  0%| F|  |TAMS 0x00000000c3b00000| PB 0x00000000c3b00000| Untracked 
|  10|0x00000000c3c00000, 0x00000000c3c00000, 0x00000000c3d00000|  0%| F|  |TAMS 0x00000000c3c00000| PB 0x00000000c3c00000| Untracked 
|  11|0x00000000c3d00000, 0x00000000c3d00000, 0x00000000c3e00000|  0%| F|  |TAMS 0x00000000c3d00000| PB 0x00000000c3d00000| Untracked 
|  12|0x00000000c3e00000, 0x00000000c3e00000, 0x00000000c3f00000|  0%| F|  |TAMS 0x00000000c3e00000| PB 0x00000000c3e00000| Untracked 
|  13|0x00000000c3f00000, 0x00000000c3f00000, 0x00000000c4000000|  0%| F|  |TAMS 0x00000000c3f00000| PB 0x00000000c3f00000| Untracked 
|  14|0x00000000c4000000, 0x00000000c4000000, 0x00000000c4100000|  0%| F|  |TAMS 0x00000000c4000000| PB 0x00000000c4000000| Untracked 
|  15|0x00000000c4100000, 0x00000000c4100000, 0x00000000c4200000|  0%| F|  |TAMS 0x00000000c4100000| PB 0x00000000c4100000| Untracked 
|  16|0x00000000c4200000, 0x00000000c4200000, 0x00000000c4300000|  0%| F|  |TAMS 0x00000000c4200000| PB 0x00000000c4200000| Untracked 
|  17|0x00000000c4300000, 0x00000000c4300000, 0x00000000c4400000|  0%| F|  |TAMS 0x00000000c4300000| PB 0x00000000c4300000| Untracked 
|  18|0x00000000c4400000, 0x00000000c4400000, 0x00000000c4500000|  0%| F|  |TAMS 0x00000000c4400000| PB 0x00000000c4400000| Untracked 
|  19|0x00000000c4500000, 0x00000000c4500000, 0x00000000c4600000|  0%| F|  |TAMS 0x00000000c4500000| PB 0x00000000c4500000| Untracked 
|  20|0x00000000c4600000, 0x00000000c4600000, 0x00000000c4700000|  0%| F|  |TAMS 0x00000000c4600000| PB 0x00000000c4600000| Untracked 
|  21|0x00000000c4700000, 0x00000000c4700000, 0x00000000c4800000|  0%| F|  |TAMS 0x00000000c4700000| PB 0x00000000c4700000| Untracked 
|  22|0x00000000c4800000, 0x00000000c4800000, 0x00000000c4900000|  0%| F|  |TAMS 0x00000000c4800000| PB 0x00000000c4800000| Untracked 
|  23|0x00000000c4900000, 0x00000000c4900000, 0x00000000c4a00000|  0%| F|  |TAMS 0x00000000c4900000| PB 0x00000000c4900000| Untracked 
|  24|0x00000000c4a00000, 0x00000000c4a00000, 0x00000000c4b00000|  0%| F|  |TAMS 0x00000000c4a00000| PB 0x00000000c4a00000| Untracked 
|  25|0x00000000c4b00000, 0x00000000c4b00000, 0x00000000c4c00000|  0%| F|  |TAMS 0x00000000c4b00000| PB 0x00000000c4b00000| Untracked 
|  26|0x00000000c4c00000, 0x00000000c4c00000, 0x00000000c4d00000|  0%| F|  |TAMS 0x00000000c4c00000| PB 0x00000000c4c00000| Untracked 
|  27|0x00000000c4d00000, 0x00000000c4d00000, 0x00000000c4e00000|  0%| F|  |TAMS 0x00000000c4d00000| PB 0x00000000c4d00000| Untracked 
|  28|0x00000000c4e00000, 0x00000000c4e00000, 0x00000000c4f00000|  0%| F|  |TAMS 0x00000000c4e00000| PB 0x00000000c4e00000| Untracked 
|  29|0x00000000c4f00000, 0x00000000c4f00000, 0x00000000c5000000|  0%| F|  |TAMS 0x00000000c4f00000| PB 0x00000000c4f00000| Untracked 
|  30|0x00000000c5000000, 0x00000000c5000000, 0x00000000c5100000|  0%| F|  |TAMS 0x00000000c5000000| PB 0x00000000c5000000| Untracked 
|  31|0x00000000c5100000, 0x00000000c5100000, 0x00000000c5200000|  0%| F|  |TAMS 0x00000000c5100000| PB 0x00000000c5100000| Untracked 
|  32|0x00000000c5200000, 0x00000000c5200000, 0x00000000c5300000|  0%| F|  |TAMS 0x00000000c5200000| PB 0x00000000c5200000| Untracked 
|  33|0x00000000c5300000, 0x00000000c5300000, 0x00000000c5400000|  0%| F|  |TAMS 0x00000000c5300000| PB 0x00000000c5300000| Untracked 
|  34|0x00000000c5400000, 0x00000000c5400000, 0x00000000c5500000|  0%| F|  |TAMS 0x00000000c5400000| PB 0x00000000c5400000| Untracked 
|  35|0x00000000c5500000, 0x00000000c5600000, 0x00000000c5600000|100%| S|CS|TAMS 0x00000000c5500000| PB 0x00000000c5500000| Complete 
|  36|0x00000000c5600000, 0x00000000c5700000, 0x00000000c5700000|100%| S|CS|TAMS 0x00000000c5600000| PB 0x00000000c5600000| Complete 
|  37|0x00000000c5700000, 0x00000000c5800000, 0x00000000c5800000|100%| S|CS|TAMS 0x00000000c5700000| PB 0x00000000c5700000| Complete 
|  38|0x00000000c5800000, 0x00000000c5800000, 0x00000000c5900000|  0%| F|  |TAMS 0x00000000c5800000| PB 0x00000000c5800000| Untracked 
|  39|0x00000000c5900000, 0x00000000c5900000, 0x00000000c5a00000|  0%| F|  |TAMS 0x00000000c5900000| PB 0x00000000c5900000| Untracked 
|  40|0x00000000c5a00000, 0x00000000c5a00000, 0x00000000c5b00000|  0%| F|  |TAMS 0x00000000c5a00000| PB 0x00000000c5a00000| Untracked 
|  41|0x00000000c5b00000, 0x00000000c5b00000, 0x00000000c5c00000|  0%| F|  |TAMS 0x00000000c5b00000| PB 0x00000000c5b00000| Untracked 
|  42|0x00000000c5c00000, 0x00000000c5c00000, 0x00000000c5d00000|  0%| F|  |TAMS 0x00000000c5c00000| PB 0x00000000c5c00000| Untracked 
|  43|0x00000000c5d00000, 0x00000000c5d00000, 0x00000000c5e00000|  0%| F|  |TAMS 0x00000000c5d00000| PB 0x00000000c5d00000| Untracked 
|  44|0x00000000c5e00000, 0x00000000c5e00000, 0x00000000c5f00000|  0%| F|  |TAMS 0x00000000c5e00000| PB 0x00000000c5e00000| Untracked 
|  45|0x00000000c5f00000, 0x00000000c5f00000, 0x00000000c6000000|  0%| F|  |TAMS 0x00000000c5f00000| PB 0x00000000c5f00000| Untracked 
|  46|0x00000000c6000000, 0x00000000c6000000, 0x00000000c6100000|  0%| F|  |TAMS 0x00000000c6000000| PB 0x00000000c6000000| Untracked 
|  47|0x00000000c6100000, 0x00000000c6100000, 0x00000000c6200000|  0%| F|  |TAMS 0x00000000c6100000| PB 0x00000000c6100000| Untracked 
|  48|0x00000000c6200000, 0x00000000c6200000, 0x00000000c6300000|  0%| F|  |TAMS 0x00000000c6200000| PB 0x00000000c6200000| Untracked 
|  49|0x00000000c6300000, 0x00000000c6300000, 0x00000000c6400000|  0%| F|  |TAMS 0x00000000c6300000| PB 0x00000000c6300000| Untracked 
|  50|0x00000000c6400000, 0x00000000c6400000, 0x00000000c6500000|  0%| F|  |TAMS 0x00000000c6400000| PB 0x00000000c6400000| Untracked 
|  51|0x00000000c6500000, 0x00000000c6500000, 0x00000000c6600000|  0%| F|  |TAMS 0x00000000c6500000| PB 0x00000000c6500000| Untracked 
|  52|0x00000000c6600000, 0x00000000c6600000, 0x00000000c6700000|  0%| F|  |TAMS 0x00000000c6600000| PB 0x00000000c6600000| Untracked 
|  53|0x00000000c6700000, 0x00000000c6700000, 0x00000000c6800000|  0%| F|  |TAMS 0x00000000c6700000| PB 0x00000000c6700000| Untracked 
|  54|0x00000000c6800000, 0x00000000c6900000, 0x00000000c6900000|100%| E|  |TAMS 0x00000000c6800000| PB 0x00000000c6800000| Complete 
|  55|0x00000000c6900000, 0x00000000c6a00000, 0x00000000c6a00000|100%| E|CS|TAMS 0x00000000c6900000| PB 0x00000000c6900000| Complete 
|  56|0x00000000c6a00000, 0x00000000c6b00000, 0x00000000c6b00000|100%| E|  |TAMS 0x00000000c6a00000| PB 0x00000000c6a00000| Complete 
|  57|0x00000000c6b00000, 0x00000000c6c00000, 0x00000000c6c00000|100%| E|CS|TAMS 0x00000000c6b00000| PB 0x00000000c6b00000| Complete 
|  58|0x00000000c6c00000, 0x00000000c6d00000, 0x00000000c6d00000|100%| E|CS|TAMS 0x00000000c6c00000| PB 0x00000000c6c00000| Complete 
|  59|0x00000000c6d00000, 0x00000000c6e00000, 0x00000000c6e00000|100%| E|CS|TAMS 0x00000000c6d00000| PB 0x00000000c6d00000| Complete 
|  60|0x00000000c6e00000, 0x00000000c6f00000, 0x00000000c6f00000|100%| E|CS|TAMS 0x00000000c6e00000| PB 0x00000000c6e00000| Complete 
|  61|0x00000000c6f00000, 0x00000000c7000000, 0x00000000c7000000|100%| E|CS|TAMS 0x00000000c6f00000| PB 0x00000000c6f00000| Complete 

Card table byte_map: [0x000001ffd4870000,0x000001ffd4a60000] _byte_map_base: 0x000001ffd4257000

Marking Bits: (CMBitMap*) 0x000001ffbd2350e0
 Bits: [0x000001ffd4a60000, 0x000001ffd5998000)

Polling page: 0x000001ffbb150000

Metaspace:

Usage:
  Non-class:      6.46 MB used.
      Class:    786.77 KB used.
       Both:      7.23 MB used.

Virtual space:
  Non-class space:       64.00 MB reserved,       6.56 MB ( 10%) committed,  1 nodes.
      Class space:        1.00 GB reserved,     896.00 KB ( <1%) committed,  1 nodes.
             Both:        1.06 GB reserved,       7.44 MB ( <1%) committed. 

Chunk freelists:
   Non-Class:  8.30 MB
       Class:  15.17 MB
        Both:  23.47 MB

MaxMetaspaceSize: unlimited
CompressedClassSpaceSize: 1.00 GB
Initial GC threshold: 21.00 MB
Current GC threshold: 21.00 MB
CDS: on
 - commit_granule_bytes: 65536.
 - commit_granule_words: 8192.
 - virtual_space_node_default_size: 8388608.
 - enlarge_chunks_in_place: 1.
 - use_allocation_guard: 0.


Internal statistics:

num_allocs_failed_limit: 0.
num_arena_births: 138.
num_arena_deaths: 0.
num_vsnodes_births: 2.
num_vsnodes_deaths: 0.
num_space_committed: 120.
num_space_uncommitted: 0.
num_chunks_returned_to_freelist: 0.
num_chunks_taken_from_freelist: 335.
num_chunk_merges: 0.
num_chunk_splits: 235.
num_chunks_enlarged: 168.
num_inconsistent_stats: 0.

CodeHeap 'non-profiled nmethods': size=120000Kb used=572Kb max_used=572Kb free=119427Kb
 bounds [0x000001ffcd150000, 0x000001ffcd3c0000, 0x000001ffd4680000]
CodeHeap 'profiled nmethods': size=120000Kb used=2792Kb max_used=2792Kb free=117207Kb
 bounds [0x000001ffc5680000, 0x000001ffc5940000, 0x000001ffccbb0000]
CodeHeap 'non-nmethods': size=5760Kb used=1641Kb max_used=1641Kb free=4118Kb
 bounds [0x000001ffccbb0000, 0x000001ffcce20000, 0x000001ffcd150000]
 total_blobs=2074 nmethods=1515 adapters=464
 compilation: enabled
              stopped_count=0, restarted_count=0
 full_count=0

Compilation events (20 events):
Event: 1.113 Thread 0x000001ffd7e1d090 nmethod 1461 0x000001ffc5920e10 code [0x000001ffc5920fc0, 0x000001ffc59210f8]
Event: 1.113 Thread 0x000001ffd7e1d090 1462       3       java.util.concurrent.ConcurrentHashMap$EntryIterator::next (51 bytes)
Event: 1.113 Thread 0x000001ffd7e1d090 nmethod 1462 0x000001ffc5921190 code [0x000001ffc5921380, 0x000001ffc5921898]
Event: 1.113 Thread 0x000001ffd7e1d090 1463       3       java.util.concurrent.ConcurrentHashMap$MapEntry::<init> (20 bytes)
Event: 1.114 Thread 0x000001ffd7e1d090 nmethod 1463 0x000001ffc5921a10 code [0x000001ffc5921bc0, 0x000001ffc5921e40]
Event: 1.114 Thread 0x000001ffd7e1d090 1455       3       java.nio.charset.CoderResult::isUnderflow (13 bytes)
Event: 1.114 Thread 0x000001ffd7e1d090 nmethod 1455 0x000001ffc5921f10 code [0x000001ffc59220a0, 0x000001ffc5922208]
Event: 1.114 Thread 0x000001ffd7e1d090 1464       3       jdk.internal.jimage.ImageReader::verifyLocation (14 bytes)
Event: 1.114 Thread 0x000001ffd7e1d090 nmethod 1464 0x000001ffc5922290 code [0x000001ffc5922460, 0x000001ffc59227b8]
Event: 1.114 Thread 0x000001ffd7e1d090 1465       3       jdk.internal.jimage.BasicImageReader::verifyLocation (39 bytes)
Event: 1.114 Thread 0x000001ffd7e1d090 nmethod 1465 0x000001ffc5922910 code [0x000001ffc5922ae0, 0x000001ffc5922dc0]
Event: 1.117 Thread 0x000001ffd7e1d090 1467       1       java.util.jar.Attributes$Name::hashCode (5 bytes)
Event: 1.117 Thread 0x000001ffd7e1d090 nmethod 1467 0x000001ffcd1db790 code [0x000001ffcd1db920, 0x000001ffcd1db9e8]
Event: 1.117 Thread 0x000001ffd7e1d090 1468       3       jdk.internal.org.objectweb.asm.Frame::push (59 bytes)
Event: 1.118 Thread 0x000001ffd7e1d090 nmethod 1468 0x000001ffc5922f10 code [0x000001ffc5923140, 0x000001ffc59238f0]
Event: 1.118 Thread 0x000001ffd7e1d090 1469       3       java.lang.invoke.MethodHandleStatics::dumper (4 bytes)
Event: 1.118 Thread 0x000001ffd7e1d090 nmethod 1469 0x000001ffc5923c10 code [0x000001ffc5923da0, 0x000001ffc5923e98]
Event: 1.119 Thread 0x000001ffd7e1d090 1470       3       java.util.ImmutableCollections$Set12::<init> (53 bytes)
Event: 1.119 Thread 0x000001ffd7e1d090 nmethod 1470 0x000001ffc5923f10 code [0x000001ffc59241c0, 0x000001ffc5924e08]
Event: 1.119 Thread 0x000001ffd7e1d090 1471       3       java.lang.invoke.DirectMethodHandle::preparedLambdaForm (244 bytes)

GC Heap History (4 events):
Event: 0.439 GC heap before
{Heap before GC invocations=0 (full 0):
 garbage-first heap   total 63488K, used 12288K [0x00000000c3200000, 0x0000000100000000)
  region size 1024K, 13 young (13312K), 0 survivors (0K)
 Metaspace       used 1839K, committed 1984K, reserved 1114112K
  class space    used 183K, committed 256K, reserved 1048576K
}
Event: 0.442 GC heap after
{Heap after GC invocations=1 (full 0):
 garbage-first heap   total 63488K, used 1903K [0x00000000c3200000, 0x0000000100000000)
  region size 1024K, 2 young (2048K), 2 survivors (2048K)
 Metaspace       used 1839K, committed 1984K, reserved 1114112K
  class space    used 183K, committed 256K, reserved 1048576K
}
Event: 0.998 GC heap before
{Heap before GC invocations=1 (full 0):
 garbage-first heap   total 63488K, used 23407K [0x00000000c3200000, 0x0000000100000000)
  region size 1024K, 24 young (24576K), 2 survivors (2048K)
 Metaspace       used 4909K, committed 5120K, reserved 1114112K
  class space    used 538K, committed 640K, reserved 1048576K
}
Event: 1.003 GC heap after
{Heap after GC invocations=2 (full 0):
 garbage-first heap   total 63488K, used 5615K [0x00000000c3200000, 0x0000000100000000)
  region size 1024K, 3 young (3072K), 3 survivors (3072K)
 Metaspace       used 4909K, committed 5120K, reserved 1114112K
  class space    used 538K, committed 640K, reserved 1048576K
}

Dll operation events (20 events):
Event: 0.343 Loaded shared library C:\Users\USER\.openjfx\cache\23.0.1+4\amd64\api-ms-win-crt-heap-l1-1-0.dll
Event: 0.346 Loaded shared library C:\Users\USER\.openjfx\cache\23.0.1+4\amd64\api-ms-win-crt-locale-l1-1-0.dll
Event: 0.350 Loaded shared library C:\Users\USER\.openjfx\cache\23.0.1+4\amd64\api-ms-win-crt-math-l1-1-0.dll
Event: 0.353 Loaded shared library C:\Users\USER\.openjfx\cache\23.0.1+4\amd64\api-ms-win-crt-multibyte-l1-1-0.dll
Event: 0.357 Loaded shared library C:\Users\USER\.openjfx\cache\23.0.1+4\amd64\api-ms-win-crt-private-l1-1-0.dll
Event: 0.361 Loaded shared library C:\Users\USER\.openjfx\cache\23.0.1+4\amd64\api-ms-win-crt-process-l1-1-0.dll
Event: 0.365 Loaded shared library C:\Users\USER\.openjfx\cache\23.0.1+4\amd64\api-ms-win-crt-runtime-l1-1-0.dll
Event: 0.368 Loaded shared library C:\Users\USER\.openjfx\cache\23.0.1+4\amd64\api-ms-win-crt-stdio-l1-1-0.dll
Event: 0.372 Loaded shared library C:\Users\USER\.openjfx\cache\23.0.1+4\amd64\api-ms-win-crt-string-l1-1-0.dll
Event: 0.376 Loaded shared library C:\Users\USER\.openjfx\cache\23.0.1+4\amd64\api-ms-win-crt-time-l1-1-0.dll
Event: 0.378 Loaded shared library C:\Users\USER\.openjfx\cache\23.0.1+4\amd64\api-ms-win-crt-utility-l1-1-0.dll
Event: 0.395 Loaded shared library C:\Users\USER\.openjfx\cache\23.0.1+4\amd64\ucrtbase.dll
Event: 0.401 Loaded shared library C:\Users\USER\.openjfx\cache\23.0.1+4\amd64\vcruntime140.dll
Event: 0.405 Loaded shared library C:\Users\USER\.openjfx\cache\23.0.1+4\amd64\vcruntime140_1.dll
Event: 0.418 Loaded shared library C:\Users\USER\.openjfx\cache\23.0.1+4\amd64\msvcp140.dll
Event: 0.423 Loaded shared library C:\Users\USER\.openjfx\cache\23.0.1+4\amd64\msvcp140_1.dll
Event: 0.430 Loaded shared library C:\Users\USER\.openjfx\cache\23.0.1+4\amd64\msvcp140_2.dll
Event: 0.487 Loaded shared library C:\Users\USER\.openjfx\cache\23.0.1+4\amd64\prism_d3d.dll
Event: 0.618 Loaded shared library C:\Users\USER\.openjfx\cache\23.0.1+4\amd64\glass.dll
Event: 0.812 Loaded shared library C:\Program Files\Java\jdk-21\bin\jimage.dll

Deoptimization events (20 events):
Event: 1.098 Thread 0x000002001d8863b0 Uncommon trap: trap_request=0xffffffde fr.pc=0x000001ffcd1a8514 relative=0x00000000000002b4
Event: 1.098 Thread 0x000002001d8863b0 Uncommon trap: reason=class_check action=maybe_recompile pc=0x000001ffcd1a8514 method=java.util.regex.Pattern$BmpCharPropertyGreedy.match(Ljava/util/regex/Matcher;ILjava/lang/CharSequence;)Z @ 26 c2
Event: 1.098 Thread 0x000002001d8863b0 DEOPT PACKING pc=0x000001ffcd1a8514 sp=0x00000006270fd0c0
Event: 1.098 Thread 0x000002001d8863b0 DEOPT UNPACKING pc=0x000001ffccc07da2 sp=0x00000006270fd088 mode 2
Event: 1.099 Thread 0x000002001d8863b0 DEOPT PACKING pc=0x000001ffc5905e57 sp=0x00000006270fbf60
Event: 1.099 Thread 0x000002001d8863b0 DEOPT UNPACKING pc=0x000001ffccc088e2 sp=0x00000006270fb3b0 mode 0
Event: 1.105 Thread 0x000002001d8863b0 Uncommon trap: trap_request=0xffffff45 fr.pc=0x000001ffcd167bc4 relative=0x0000000000000124
Event: 1.105 Thread 0x000002001d8863b0 Uncommon trap: reason=unstable_if action=reinterpret pc=0x000001ffcd167bc4 method=java.lang.StringLatin1.lastIndexOf([BI[BII)I @ 86 c2
Event: 1.105 Thread 0x000002001d8863b0 DEOPT PACKING pc=0x000001ffcd167bc4 sp=0x00000006270fa740
Event: 1.105 Thread 0x000002001d8863b0 DEOPT UNPACKING pc=0x000001ffccc07da2 sp=0x00000006270fa698 mode 2
Event: 1.105 Thread 0x000002001d8863b0 Uncommon trap: trap_request=0xffffffde fr.pc=0x000001ffcd1d452c relative=0x00000000000002cc
Event: 1.105 Thread 0x000002001d8863b0 Uncommon trap: reason=class_check action=maybe_recompile pc=0x000001ffcd1d452c method=java.util.HashMap.getNode(Ljava/lang/Object;)Ljava/util/HashMap$Node; @ 128 c2
Event: 1.105 Thread 0x000002001d8863b0 DEOPT PACKING pc=0x000001ffcd1d452c sp=0x00000006270fa160
Event: 1.105 Thread 0x000002001d8863b0 DEOPT UNPACKING pc=0x000001ffccc07da2 sp=0x00000006270fa068 mode 2
Event: 1.109 Thread 0x000002001d8863b0 DEOPT PACKING pc=0x000001ffc583fe0e sp=0x00000006270fa5c0
Event: 1.109 Thread 0x000002001d8863b0 DEOPT UNPACKING pc=0x000001ffccc088e2 sp=0x00000006270f9ad0 mode 0
Event: 1.110 Thread 0x000002001d8863b0 DEOPT PACKING pc=0x000001ffc583fe0e sp=0x00000006270fa5c0
Event: 1.110 Thread 0x000002001d8863b0 DEOPT UNPACKING pc=0x000001ffccc088e2 sp=0x00000006270f9ad0 mode 0
Event: 1.110 Thread 0x000002001d8863b0 DEOPT PACKING pc=0x000001ffc583fe0e sp=0x00000006270fa5c0
Event: 1.110 Thread 0x000002001d8863b0 DEOPT UNPACKING pc=0x000001ffccc088e2 sp=0x00000006270f9ad0 mode 0

Classes loaded (20 events):
Event: 1.103 Loading class java/util/spi/ResourceBundleControlProvider
Event: 1.103 Loading class java/util/spi/ResourceBundleControlProvider done
Event: 1.103 Loading class java/util/ServiceLoader$ProviderSpliterator
Event: 1.104 Loading class java/util/ServiceLoader$ProviderSpliterator done
Event: 1.105 Loading class java/util/ResourceBundle$Control$2
Event: 1.105 Loading class java/util/ResourceBundle$Control$2 done
Event: 1.114 Loading class java/text/MessageFormat
Event: 1.114 Loading class java/text/MessageFormat done
Event: 1.115 Loading class java/math/BigDecimal
Event: 1.115 Loading class java/math/BigDecimal done
Event: 1.116 Loading class java/math/MathContext
Event: 1.116 Loading class java/math/MathContext done
Event: 1.118 Loading class java/util/Collections$UnmodifiableMap$UnmodifiableEntrySet
Event: 1.118 Loading class java/util/Collections$UnmodifiableMap$UnmodifiableEntrySet done
Event: 1.118 Loading class java/util/Collections$UnmodifiableMap$UnmodifiableEntrySet$UnmodifiableEntrySetSpliterator
Event: 1.118 Loading class java/util/Collections$UnmodifiableMap$UnmodifiableEntrySet$UnmodifiableEntrySetSpliterator done
Event: 1.118 Loading class java/util/HashMap$EntrySpliterator
Event: 1.118 Loading class java/util/HashMap$EntrySpliterator done
Event: 1.118 Loading class java/lang/invoke/DirectMethodHandle$Special
Event: 1.119 Loading class java/lang/invoke/DirectMethodHandle$Special done

Classes unloaded (0 events):
No events

Classes redefined (0 events):
No events

Internal exceptions (20 events):
Event: 1.028 Thread 0x000002001d8863b0 Exception <a 'java/lang/ClassNotFoundException'{0x00000000c6d5aed0}: com/sun/glass/ui/win/themes_ca_Latn_ES> (0x00000000c6d5aed0) 
thrown [s\open\src\hotspot\share\prims\jni.cpp, line 539]
Event: 1.028 Thread 0x000002001d8863b0 Exception <a 'java/lang/ClassNotFoundException'{0x00000000c6d5c6f0}: com/sun/glass/ui/win/themes_nl_BE> (0x00000000c6d5c6f0) 
thrown [s\open\src\hotspot\share\prims\jni.cpp, line 539]
Event: 1.028 Thread 0x000002001d8863b0 Exception <a 'java/lang/ClassNotFoundException'{0x00000000c6d5dec0}: com/sun/glass/ui/win/themes_ar_DJ> (0x00000000c6d5dec0) 
thrown [s\open\src\hotspot\share\prims\jni.cpp, line 539]
Event: 1.028 Thread 0x000002001d8863b0 Exception <a 'java/lang/ClassNotFoundException'{0x00000000c6d5f880}: com/sun/glass/ui/win/themes_en_VG> (0x00000000c6d5f880) 
thrown [s\open\src\hotspot\share\prims\jni.cpp, line 539]
Event: 1.028 Thread 0x000002001d8863b0 Exception <a 'java/lang/ClassNotFoundException'{0x00000000c6d611b8}: com/sun/glass/ui/win/themes_dyo_Latn> (0x00000000c6d611b8) 
thrown [s\open\src\hotspot\share\prims\jni.cpp, line 539]
Event: 1.028 Thread 0x000002001d8863b0 Exception <a 'java/lang/ClassNotFoundException'{0x00000000c6d62778}: com/sun/glass/ui/win/themes_dyo_Latn_SN> (0x00000000c6d62778) 
thrown [s\open\src\hotspot\share\prims\jni.cpp, line 539]
Event: 1.028 Thread 0x000002001d8863b0 Exception <a 'java/lang/ClassNotFoundException'{0x00000000c6d64148}: com/sun/glass/ui/win/themes_en_TC> (0x00000000c6d64148) 
thrown [s\open\src\hotspot\share\prims\jni.cpp, line 539]
Event: 1.028 Thread 0x000002001d8863b0 Exception <a 'java/lang/ClassNotFoundException'{0x00000000c6d658a0}: com/sun/glass/ui/win/themes_en_MV> (0x00000000c6d658a0) 
thrown [s\open\src\hotspot\share\prims\jni.cpp, line 539]
Event: 1.028 Thread 0x000002001d8863b0 Exception <a 'java/lang/ClassNotFoundException'{0x00000000c6d671d8}: com/sun/glass/ui/win/themes_cs_Latn> (0x00000000c6d671d8) 
thrown [s\open\src\hotspot\share\prims\jni.cpp, line 539]
Event: 1.028 Thread 0x000002001d8863b0 Exception <a 'java/lang/ClassNotFoundException'{0x00000000c6d68798}: com/sun/glass/ui/win/themes_cs_Latn_CZ> (0x00000000c6d68798) 
thrown [s\open\src\hotspot\share\prims\jni.cpp, line 539]
Event: 1.028 Thread 0x000002001d8863b0 Exception <a 'java/lang/ClassNotFoundException'{0x00000000c6d69fb8}: com/sun/glass/ui/win/themes_sv_AX> (0x00000000c6d69fb8) 
thrown [s\open\src\hotspot\share\prims\jni.cpp, line 539]
Event: 1.028 Thread 0x000002001d8863b0 Exception <a 'java/lang/ClassNotFoundException'{0x00000000c6d6b750}: com/sun/glass/ui/win/themes_af_NA> (0x00000000c6d6b750) 
thrown [s\open\src\hotspot\share\prims\jni.cpp, line 539]
Event: 1.028 Thread 0x000002001d8863b0 Exception <a 'java/lang/ClassNotFoundException'{0x00000000c6d6d0c8}: com/sun/glass/ui/win/themes_en_IN> (0x00000000c6d6d0c8) 
thrown [s\open\src\hotspot\share\prims\jni.cpp, line 539]
Event: 1.028 Thread 0x000002001d8863b0 Exception <a 'java/lang/ClassNotFoundException'{0x00000000c6d6ec30}: com/sun/glass/ui/win/themes_es_NI> (0x00000000c6d6ec30) 
thrown [s\open\src\hotspot\share\prims\jni.cpp, line 539]
Event: 1.028 Thread 0x000002001d8863b0 Exception <a 'java/lang/ClassNotFoundException'{0x00000000c6d70568}: com/sun/glass/ui/win/themes_ii_Yiii> (0x00000000c6d70568) 
thrown [s\open\src\hotspot\share\prims\jni.cpp, line 539]
Event: 1.028 Thread 0x000002001d8863b0 Exception <a 'java/lang/ClassNotFoundException'{0x00000000c6d71b28}: com/sun/glass/ui/win/themes_ii_Yiii_CN> (0x00000000c6d71b28) 
thrown [s\open\src\hotspot\share\prims\jni.cpp, line 539]
Event: 1.028 Thread 0x000002001d8863b0 Exception <a 'java/lang/ClassNotFoundException'{0x00000000c6d737c8}: com/sun/glass/ui/win/themes_mas_TZ> (0x00000000c6d737c8) 
thrown [s\open\src\hotspot\share\prims\jni.cpp, line 539]
Event: 1.028 Thread 0x000002001d8863b0 Exception <a 'java/lang/ClassNotFoundException'{0x00000000c6d751a0}: com/sun/glass/ui/win/themes_ms_BN> (0x00000000c6d751a0) 
thrown [s\open\src\hotspot\share\prims\jni.cpp, line 539]
Event: 1.029 Thread 0x000002001d8863b0 Exception <a 'java/lang/ClassNotFoundException'{0x00000000c6d76970}: com/sun/glass/ui/win/themes_ccp_IN> (0x00000000c6d76970) 
thrown [s\open\src\hotspot\share\prims\jni.cpp, line 539]
Event: 1.104 Thread 0x000002001d8863b0 Exception <a 'java/lang/NoSuchMethodError'{0x00000000c6a65d70}: 'java.lang.Object java.lang.invoke.DirectMethodHandle$Holder.invokeInterface(java.lang.Object, java.lang.Object)'> (0x00000000c6a65d70) 
thrown [s\open\src\hotspot\share\interpreter\linkResolver.cpp, line 773]

ZGC Phase Switch (0 events):
No events

VM Operations (20 events):
Event: 0.124 Executing VM operation: HandshakeAllThreads (Deoptimize)
Event: 0.124 Executing VM operation: HandshakeAllThreads (Deoptimize) done
Event: 0.439 Executing VM operation: G1CollectForAllocation (G1 Evacuation Pause)
Event: 0.442 Executing VM operation: G1CollectForAllocation (G1 Evacuation Pause) done
Event: 0.602 Executing VM operation: HandshakeAllThreads (Deoptimize)
Event: 0.602 Executing VM operation: HandshakeAllThreads (Deoptimize) done
Event: 0.822 Executing VM operation: HandshakeAllThreads (Deoptimize)
Event: 0.822 Executing VM operation: HandshakeAllThreads (Deoptimize) done
Event: 0.998 Executing VM operation: G1CollectForAllocation (G1 Evacuation Pause)
Event: 1.003 Executing VM operation: G1CollectForAllocation (G1 Evacuation Pause) done
Event: 1.074 Executing VM operation: HandshakeAllThreads (Deoptimize)
Event: 1.074 Executing VM operation: HandshakeAllThreads (Deoptimize) done
Event: 1.074 Executing VM operation: HandshakeAllThreads (Deoptimize)
Event: 1.074 Executing VM operation: HandshakeAllThreads (Deoptimize) done
Event: 1.075 Executing VM operation: HandshakeAllThreads (Deoptimize)
Event: 1.075 Executing VM operation: HandshakeAllThreads (Deoptimize) done
Event: 1.086 Executing VM operation: HandshakeAllThreads (Deoptimize)
Event: 1.086 Executing VM operation: HandshakeAllThreads (Deoptimize) done
Event: 1.114 Executing VM operation: HandshakeAllThreads (Deoptimize)
Event: 1.114 Executing VM operation: HandshakeAllThreads (Deoptimize) done

Events (17 events):
Event: 0.021 Thread 0x000001ffbd1ff880 Thread added: 0x000001ffbd1ff880
Event: 0.033 Thread 0x000001ffd7e03750 Thread added: 0x000001ffd7e03750
Event: 0.033 Thread 0x000001ffd7e04660 Thread added: 0x000001ffd7e04660
Event: 0.033 Thread 0x000001ffd7e087b0 Thread added: 0x000001ffd7e087b0
Event: 0.033 Thread 0x000001ffd7e0b300 Thread added: 0x000001ffd7e0b300
Event: 0.033 Thread 0x000001ffd7e13e50 Thread added: 0x000001ffd7e13e50
Event: 0.033 Thread 0x000001ffd7e14ac0 Thread added: 0x000001ffd7e14ac0
Event: 0.033 Thread 0x000001ffd7e16790 Thread added: 0x000001ffd7e16790
Event: 0.033 Thread 0x000001ffd7e1d090 Thread added: 0x000001ffd7e1d090
Event: 0.059 Thread 0x000002001d050610 Thread added: 0x000002001d050610
Event: 0.138 Thread 0x000002001d298740 Thread added: 0x000002001d298740
Event: 0.469 Thread 0x000002001d5b9510 Thread added: 0x000002001d5b9510
Event: 0.620 Thread 0x000002001d86a510 Thread added: 0x000002001d86a510
Event: 0.622 Thread 0x000002001d8863b0 Thread added: 0x000002001d8863b0
Event: 0.792 Thread 0x000002001db57270 Thread added: 0x000002001db57270
Event: 0.804 Thread 0x000002001dbf0840 Thread added: 0x000002001dbf0840
Event: 1.082 Thread 0x00000200236b3f80 Thread added: 0x00000200236b3f80


Dynamic libraries:
0x00007ff7a3340000 - 0x00007ff7a3350000 	C:\Program Files\Java\jdk-21\bin\java.exe
0x00007ffdb5c10000 - 0x00007ffdb5e27000 	C:\WINDOWS\SYSTEM32\ntdll.dll
0x00007ffdb49e0000 - 0x00007ffdb4aa4000 	C:\WINDOWS\System32\KERNEL32.DLL
0x00007ffdb30c0000 - 0x00007ffdb347a000 	C:\WINDOWS\System32\KERNELBASE.dll
0x00007ffdb36e0000 - 0x00007ffdb37f1000 	C:\WINDOWS\System32\ucrtbase.dll
0x00007ffd98560000 - 0x00007ffd9857b000 	C:\Program Files\Java\jdk-21\bin\VCRUNTIME140.dll
0x00007ffd89310000 - 0x00007ffd89329000 	C:\Program Files\Java\jdk-21\bin\jli.dll
0x00007ffdb4c30000 - 0x00007ffdb4ce2000 	C:\WINDOWS\System32\ADVAPI32.dll
0x00007ffdb5910000 - 0x00007ffdb59b7000 	C:\WINDOWS\System32\msvcrt.dll
0x00007ffdb59c0000 - 0x00007ffdb5a67000 	C:\WINDOWS\System32\sechost.dll
0x00007ffdb2ef0000 - 0x00007ffdb2f18000 	C:\WINDOWS\System32\bcrypt.dll
0x00007ffdb45a0000 - 0x00007ffdb46b4000 	C:\WINDOWS\System32\RPCRT4.dll
0x00007ffdb41f0000 - 0x00007ffdb439e000 	C:\WINDOWS\System32\USER32.dll
0x00007ffd9e950000 - 0x00007ffd9ebe2000 	C:\WINDOWS\WinSxS\amd64_microsoft.windows.common-controls_6595b64144ccf1df_6.0.22621.4541_none_2710d1c57384c085\COMCTL32.dll
0x00007ffdb2f20000 - 0x00007ffdb2f46000 	C:\WINDOWS\System32\win32u.dll
0x00007ffdb57c0000 - 0x00007ffdb57e9000 	C:\WINDOWS\System32\GDI32.dll
0x00007ffdb35c0000 - 0x00007ffdb36db000 	C:\WINDOWS\System32\gdi32full.dll
0x00007ffdb3800000 - 0x00007ffdb389a000 	C:\WINDOWS\System32\msvcp_win.dll
0x00007ffdaa090000 - 0x00007ffdaa09a000 	C:\WINDOWS\SYSTEM32\VERSION.dll
0x00007ffdb5860000 - 0x00007ffdb5891000 	C:\WINDOWS\System32\IMM32.DLL
0x00007ffdac6b0000 - 0x00007ffdac6bc000 	C:\Program Files\Java\jdk-21\bin\vcruntime140_1.dll
0x00007ffd6bc70000 - 0x00007ffd6bcfe000 	C:\Program Files\Java\jdk-21\bin\msvcp140.dll
0x00007ffd2dc80000 - 0x00007ffd2e998000 	C:\Program Files\Java\jdk-21\bin\server\jvm.dll
0x00007ffdb4510000 - 0x00007ffdb4581000 	C:\WINDOWS\System32\WS2_32.dll
0x00007ffdab5b0000 - 0x00007ffdab5e4000 	C:\WINDOWS\SYSTEM32\WINMM.dll
0x00007ffdb2d10000 - 0x00007ffdb2d5d000 	C:\WINDOWS\SYSTEM32\POWRPROF.dll
0x00007ffdb2bf0000 - 0x00007ffdb2c03000 	C:\WINDOWS\SYSTEM32\UMPDC.dll
0x00007ffdb1f30000 - 0x00007ffdb1f48000 	C:\WINDOWS\SYSTEM32\kernel.appcore.dll
0x00007ffd9e6b0000 - 0x00007ffd9e6ba000 	C:\Program Files\Java\jdk-21\bin\jimage.dll
0x00007ffdb04a0000 - 0x00007ffdb06d2000 	C:\WINDOWS\SYSTEM32\DBGHELP.DLL
0x00007ffdb4f90000 - 0x00007ffdb531f000 	C:\WINDOWS\System32\combase.dll
0x00007ffdb4eb0000 - 0x00007ffdb4f87000 	C:\WINDOWS\System32\OLEAUT32.dll
0x00007ffd95440000 - 0x00007ffd95472000 	C:\WINDOWS\SYSTEM32\dbgcore.DLL
0x00007ffdb3540000 - 0x00007ffdb35bb000 	C:\WINDOWS\System32\bcryptPrimitives.dll
0x00007ffd897c0000 - 0x00007ffd897df000 	C:\Program Files\Java\jdk-21\bin\java.dll
0x00007ffdb3920000 - 0x00007ffdb4198000 	C:\WINDOWS\System32\SHELL32.dll
0x00007ffdb0e30000 - 0x00007ffdb1738000 	C:\WINDOWS\SYSTEM32\windows.storage.dll
0x00007ffdb0cf0000 - 0x00007ffdb0e2f000 	C:\WINDOWS\SYSTEM32\wintypes.dll
0x00007ffdb46c0000 - 0x00007ffdb47ba000 	C:\WINDOWS\System32\SHCORE.dll
0x00007ffdb58a0000 - 0x00007ffdb58fe000 	C:\WINDOWS\System32\shlwapi.dll
0x00007ffdb2e20000 - 0x00007ffdb2e4b000 	C:\WINDOWS\SYSTEM32\profapi.dll
0x00007ffd67100000 - 0x00007ffd671d7000 	C:\Program Files\Java\jdk-21\bin\jsvml.dll
0x00007ffd9d0e0000 - 0x00007ffd9d0f0000 	C:\Program Files\Java\jdk-21\bin\net.dll
0x00007ffdae560000 - 0x00007ffdae696000 	C:\WINDOWS\SYSTEM32\WINHTTP.dll
0x00007ffdb23b0000 - 0x00007ffdb2419000 	C:\WINDOWS\system32\mswsock.dll
0x00007ffd89420000 - 0x00007ffd89436000 	C:\Program Files\Java\jdk-21\bin\nio.dll
0x00007ffd80e30000 - 0x00007ffd80e48000 	C:\Program Files\Java\jdk-21\bin\zip.dll
0x000001ffbb1c0000 - 0x000001ffbb1c3000 	C:\Users\USER\.openjfx\cache\23.0.1+4\amd64\api-ms-win-core-console-l1-1-0.dll
0x000001ffbb1d0000 - 0x000001ffbb1d3000 	C:\Users\USER\.openjfx\cache\23.0.1+4\amd64\api-ms-win-core-console-l1-2-0.dll
0x000001ffbb1e0000 - 0x000001ffbb1e3000 	C:\Users\USER\.openjfx\cache\23.0.1+4\amd64\api-ms-win-core-datetime-l1-1-0.dll
0x000001ffbb1f0000 - 0x000001ffbb1f3000 	C:\Users\USER\.openjfx\cache\23.0.1+4\amd64\api-ms-win-core-debug-l1-1-0.dll
0x000001ffbb200000 - 0x000001ffbb203000 	C:\Users\USER\.openjfx\cache\23.0.1+4\amd64\api-ms-win-core-errorhandling-l1-1-0.dll
0x000001ffbd0f0000 - 0x000001ffbd0f4000 	C:\Users\USER\.openjfx\cache\23.0.1+4\amd64\api-ms-win-core-file-l1-1-0.dll
0x000001ffbd100000 - 0x000001ffbd103000 	C:\Users\USER\.openjfx\cache\23.0.1+4\amd64\api-ms-win-core-file-l1-2-0.dll
0x000001ffbd110000 - 0x000001ffbd113000 	C:\Users\USER\.openjfx\cache\23.0.1+4\amd64\api-ms-win-core-file-l2-1-0.dll
0x000001ffbd120000 - 0x000001ffbd123000 	C:\Users\USER\.openjfx\cache\23.0.1+4\amd64\api-ms-win-core-handle-l1-1-0.dll
0x000001ffbd130000 - 0x000001ffbd133000 	C:\Users\USER\.openjfx\cache\23.0.1+4\amd64\api-ms-win-core-heap-l1-1-0.dll
0x000001ffbd140000 - 0x000001ffbd143000 	C:\Users\USER\.openjfx\cache\23.0.1+4\amd64\api-ms-win-core-interlocked-l1-1-0.dll
0x000001ffbd150000 - 0x000001ffbd153000 	C:\Users\USER\.openjfx\cache\23.0.1+4\amd64\api-ms-win-core-libraryloader-l1-1-0.dll
0x000001ffbd160000 - 0x000001ffbd163000 	C:\Users\USER\.openjfx\cache\23.0.1+4\amd64\api-ms-win-core-localization-l1-2-0.dll
0x000001ffbd170000 - 0x000001ffbd173000 	C:\Users\USER\.openjfx\cache\23.0.1+4\amd64\api-ms-win-core-memory-l1-1-0.dll
0x000001ffbd180000 - 0x000001ffbd183000 	C:\Users\USER\.openjfx\cache\23.0.1+4\amd64\api-ms-win-core-namedpipe-l1-1-0.dll
0x000001ffbd190000 - 0x000001ffbd193000 	C:\Users\USER\.openjfx\cache\23.0.1+4\amd64\api-ms-win-core-processenvironment-l1-1-0.dll
0x000001ffbd1a0000 - 0x000001ffbd1a3000 	C:\Users\USER\.openjfx\cache\23.0.1+4\amd64\api-ms-win-core-processthreads-l1-1-0.dll
0x000001ffbd1b0000 - 0x000001ffbd1b3000 	C:\Users\USER\.openjfx\cache\23.0.1+4\amd64\api-ms-win-core-processthreads-l1-1-1.dll
0x000001ffd7fd0000 - 0x000001ffd7fd3000 	C:\Users\USER\.openjfx\cache\23.0.1+4\amd64\api-ms-win-core-profile-l1-1-0.dll
0x000001ffd7fe0000 - 0x000001ffd7fe3000 	C:\Users\USER\.openjfx\cache\23.0.1+4\amd64\api-ms-win-core-rtlsupport-l1-1-0.dll
0x000001ffd7ff0000 - 0x000001ffd7ff3000 	C:\Users\USER\.openjfx\cache\23.0.1+4\amd64\api-ms-win-core-string-l1-1-0.dll
0x000002001dc00000 - 0x000002001dc03000 	C:\Users\USER\.openjfx\cache\23.0.1+4\amd64\api-ms-win-core-synch-l1-1-0.dll
0x000002001dc10000 - 0x000002001dc13000 	C:\Users\USER\.openjfx\cache\23.0.1+4\amd64\api-ms-win-core-synch-l1-2-0.dll
0x000002001dc20000 - 0x000002001dc23000 	C:\Users\USER\.openjfx\cache\23.0.1+4\amd64\api-ms-win-core-sysinfo-l1-1-0.dll
0x000002001dc30000 - 0x000002001dc33000 	C:\Users\USER\.openjfx\cache\23.0.1+4\amd64\api-ms-win-core-timezone-l1-1-0.dll
0x000002001dc40000 - 0x000002001dc43000 	C:\Users\USER\.openjfx\cache\23.0.1+4\amd64\api-ms-win-core-util-l1-1-0.dll
0x000002001dc50000 - 0x000002001dc53000 	C:\Users\USER\.openjfx\cache\23.0.1+4\amd64\api-ms-win-crt-conio-l1-1-0.dll
0x000002001dc60000 - 0x000002001dc64000 	C:\Users\USER\.openjfx\cache\23.0.1+4\amd64\api-ms-win-crt-convert-l1-1-0.dll
0x000002001dc70000 - 0x000002001dc73000 	C:\Users\USER\.openjfx\cache\23.0.1+4\amd64\api-ms-win-crt-environment-l1-1-0.dll
0x000002001dc80000 - 0x000002001dc83000 	C:\Users\USER\.openjfx\cache\23.0.1+4\amd64\api-ms-win-crt-filesystem-l1-1-0.dll
0x000002001dc90000 - 0x000002001dc93000 	C:\Users\USER\.openjfx\cache\23.0.1+4\amd64\api-ms-win-crt-heap-l1-1-0.dll
0x000002001dca0000 - 0x000002001dca3000 	C:\Users\USER\.openjfx\cache\23.0.1+4\amd64\api-ms-win-crt-locale-l1-1-0.dll
0x000002001dcb0000 - 0x000002001dcb5000 	C:\Users\USER\.openjfx\cache\23.0.1+4\amd64\api-ms-win-crt-math-l1-1-0.dll
0x000002001dcc0000 - 0x000002001dcc5000 	C:\Users\USER\.openjfx\cache\23.0.1+4\amd64\api-ms-win-crt-multibyte-l1-1-0.dll
0x000002001dcd0000 - 0x000002001dce0000 	C:\Users\USER\.openjfx\cache\23.0.1+4\amd64\api-ms-win-crt-private-l1-1-0.dll
0x000002001dce0000 - 0x000002001dce3000 	C:\Users\USER\.openjfx\cache\23.0.1+4\amd64\api-ms-win-crt-process-l1-1-0.dll
0x000002001dcf0000 - 0x000002001dcf4000 	C:\Users\USER\.openjfx\cache\23.0.1+4\amd64\api-ms-win-crt-runtime-l1-1-0.dll
0x000002001dd00000 - 0x000002001dd04000 	C:\Users\USER\.openjfx\cache\23.0.1+4\amd64\api-ms-win-crt-stdio-l1-1-0.dll
0x000002001dd10000 - 0x000002001dd14000 	C:\Users\USER\.openjfx\cache\23.0.1+4\amd64\api-ms-win-crt-string-l1-1-0.dll
0x000002001dd20000 - 0x000002001dd23000 	C:\Users\USER\.openjfx\cache\23.0.1+4\amd64\api-ms-win-crt-time-l1-1-0.dll
0x000002001dd30000 - 0x000002001dd33000 	C:\Users\USER\.openjfx\cache\23.0.1+4\amd64\api-ms-win-crt-utility-l1-1-0.dll
0x00007ffd63af0000 - 0x00007ffd63bec000 	C:\Users\USER\.openjfx\cache\23.0.1+4\amd64\ucrtbase.dll
0x00007ffd892f0000 - 0x00007ffd8930b000 	C:\Users\USER\.openjfx\cache\23.0.1+4\amd64\vcruntime140.dll
0x00007ffdabd80000 - 0x00007ffdabd8c000 	C:\Users\USER\.openjfx\cache\23.0.1+4\amd64\vcruntime140_1.dll
0x00007ffd67020000 - 0x00007ffd670ae000 	C:\Users\USER\.openjfx\cache\23.0.1+4\amd64\msvcp140.dll
0x00007ffd8aa10000 - 0x00007ffd8aa19000 	C:\Users\USER\.openjfx\cache\23.0.1+4\amd64\msvcp140_1.dll
0x00007ffd6b970000 - 0x00007ffd6b9b1000 	C:\Users\USER\.openjfx\cache\23.0.1+4\amd64\msvcp140_2.dll
0x00007ffd72c00000 - 0x00007ffd72c30000 	C:\Users\USER\.openjfx\cache\23.0.1+4\amd64\prism_d3d.dll
0x00007ffd70560000 - 0x00007ffd70708000 	C:\WINDOWS\system32\d3d9.dll
0x00007ffdb01c0000 - 0x00007ffdb01eb000 	C:\WINDOWS\SYSTEM32\dwmapi.dll
0x00007ffdb0070000 - 0x00007ffdb00a7000 	C:\WINDOWS\SYSTEM32\dxcore.dll
0x00007ffdaff60000 - 0x00007ffdb0011000 	C:\WINDOWS\system32\uxtheme.dll
0x00007ffd66300000 - 0x00007ffd6656f000 	C:\WINDOWS\System32\DriverStore\FileRepository\iigd_dch.inf_amd64_03e2a5c7c3b3fa7c\igdumdim64.dll
0x00007ffdb4d00000 - 0x00007ffdb4ea5000 	C:\WINDOWS\System32\ole32.dll
0x00007ffd625c0000 - 0x00007ffd63ae3000 	C:\WINDOWS\System32\DriverStore\FileRepository\iigd_dch.inf_amd64_03e2a5c7c3b3fa7c\igd9dxva64.dll
0x00007ffdb5340000 - 0x00007ffdb57b4000 	C:\WINDOWS\System32\SETUPAPI.dll
0x00007ffdb2b30000 - 0x00007ffdb2b7e000 	C:\WINDOWS\SYSTEM32\cfgmgr32.dll
0x00007ffd55990000 - 0x00007ffd576bb000 	C:\WINDOWS\System32\DriverStore\FileRepository\iigd_dch.inf_amd64_03e2a5c7c3b3fa7c\media_bin_64.dll
0x00007ffda4420000 - 0x00007ffda485f000 	C:\WINDOWS\System32\DriverStore\FileRepository\iigd_dch.inf_amd64_03e2a5c7c3b3fa7c\igdgmm64.dll
0x00007ffdab080000 - 0x00007ffdab0c9000 	C:\WINDOWS\SYSTEM32\directxdatabasehelper.dll
0x00007ffd65f30000 - 0x00007ffd65f75000 	C:\Users\USER\.openjfx\cache\23.0.1+4\amd64\glass.dll
0x00007ffdb4b30000 - 0x00007ffdb4c30000 	C:\WINDOWS\System32\COMDLG32.dll
0x00007ffdb43a0000 - 0x00007ffdb4501000 	C:\WINDOWS\System32\MSCTF.dll
0x00007ffd72600000 - 0x00007ffd72627000 	C:\WINDOWS\System32\DriverStore\FileRepository\iigd_dch.inf_amd64_03e2a5c7c3b3fa7c\igdinfo64.dll
0x00007ffdb2600000 - 0x00007ffdb261b000 	C:\WINDOWS\SYSTEM32\CRYPTSP.dll
0x00007ffdb1e90000 - 0x00007ffdb1ec5000 	C:\WINDOWS\system32\rsaenh.dll
0x00007ffdb2620000 - 0x00007ffdb262c000 	C:\WINDOWS\SYSTEM32\CRYPTBASE.dll
0x00007ffda7b90000 - 0x00007ffda7bb4000 	C:\WINDOWS\System32\DriverStore\FileRepository\iigd_dch.inf_amd64_03e2a5c7c3b3fa7c\igc64.dll
0x00007ffd9fc60000 - 0x00007ffda43cb000 	C:\WINDOWS\System32\DriverStore\FileRepository\iigd_dch.inf_amd64_03e2a5c7c3b3fa7c\igc1464.dll
0x00007ffdb5a90000 - 0x00007ffdb5b40000 	C:\WINDOWS\System32\clbcatq.dll
0x00007ffda8230000 - 0x00007ffda83ad000 	C:\Windows\System32\Windows.UI.dll
0x00007ffda7ff0000 - 0x00007ffda8165000 	C:\Windows\System32\Windows.UI.Immersive.dll

dbghelp: loaded successfully - version: 4.0.5 - missing functions: none
symbol engine: initialized successfully - sym options: 0x614 - pdb path: .;C:\Program Files\Java\jdk-21\bin;C:\WINDOWS\SYSTEM32;C:\WINDOWS\WinSxS\amd64_microsoft.windows.common-controls_6595b64144ccf1df_6.0.22621.4541_none_2710d1c57384c085;C:\Program Files\Java\jdk-21\bin\server;C:\Users\USER\.openjfx\cache\23.0.1+4\amd64;C:\WINDOWS\System32\DriverStore\FileRepository\iigd_dch.inf_amd64_03e2a5c7c3b3fa7c

VM Arguments:
jvm_args: --module-path=C:\Users\USER\.m2\repository\org\openjfx\javafx-base\23.0.1\javafx-base-23.0.1-win.jar;C:\Users\USER\.m2\repository\org\openjfx\javafx-base\23.0.1\javafx-base-23.0.1.jar;C:\Users\USER\.m2\repository\org\openjfx\javafx-controls\23.0.1\javafx-controls-23.0.1-win.jar;C:\Users\USER\.m2\repository\org\openjfx\javafx-controls\23.0.1\javafx-controls-23.0.1.jar;C:\Users\USER\.m2\repository\org\openjfx\javafx-fxml\23.0.1\javafx-fxml-23.0.1-win.jar;C:\Users\USER\.m2\repository\org\openjfx\javafx-fxml\23.0.1\javafx-fxml-23.0.1.jar;C:\Users\USER\.m2\repository\org\openjfx\javafx-graphics\23.0.1\javafx-graphics-23.0.1-win.jar;C:\Users\USER\.m2\repository\org\openjfx\javafx-graphics\23.0.1\javafx-graphics-23.0.1.jar --add-modules=javafx.base,javafx.controls,javafx.fxml,javafx.graphics 
java_command: com.mycompany.java_farm.mainUi
java_class_path (initial): D:\FILE MEEEEE\SEMESTER 3\PBO\Java_farm\Java_farm\Java_farm\target\classes;C:\Users\USER\.m2\repository\au\com\dius\pact\core\pactbroker\4.6.15\pactbroker-4.6.15.jar;C:\Users\USER\.m2\repository\au\com\dius\pact\core\support\4.6.15\support-4.6.15.jar;C:\Users\USER\.m2\repository\com\github\mifmif\generex\1.0.2\generex-1.0.2.jar;C:\Users\USER\.m2\repository\com\google\code\findbugs\jsr305\3.0.2\jsr305-3.0.2.jar;C:\Users\USER\.m2\repository\com\google\errorprone\error_prone_annotations\2.11.0\error_prone_annotations-2.11.0.jar;C:\Users\USER\.m2\repository\com\google\guava\failureaccess\1.0.1\failureaccess-1.0.1.jar;C:\Users\USER\.m2\repository\com\google\guava\guava\31.1-jre\guava-31.1-jre.jar;C:\Users\USER\.m2\repository\com\google\guava\listenablefuture\9999.0-empty-to-avoid-conflict-with-guava\listenablefuture-9999.0-empty-to-avoid-conflict-with-guava.jar;C:\Users\USER\.m2\repository\com\google\j2objc\j2objc-annotations\1.3\j2objc-annotations-1.3.jar;C:\Users\USER\.m2\repository\com\google\protobuf\protobuf-java\3.21.9\protobuf-java-3.21.9.jar;C:\Users\USER\.m2\repository\com\mysql\mysql-connector-j\8.0.33\mysql-connector-j-8.0.33.jar;C:\Users\USER\.m2\repository\commons-codec\commons-codec\1.15\commons-codec-1.15.jar;C:\Users\USER\.m2\repository\dk\brics\automaton\automaton\1.11-8\automaton-1.11-8.jar;C:\Users\USER\.m2\repository\io\github\oshai\kotlin-logging-jvm\5.1.4\kotlin-logging-jvm-5.1.4.jar;C:\Users\USER\.m2\repository\org\apache\commons\commons-lang3\3.12.0\commons-lang3-3.12.0.jar;C:\Users\USER\.m2\repository\org\apache\commons\commons-text\1.10.0\commons-text-1.10.0.jar;C:\Users\USER\.m2\repository\org\apache\httpcomponents\client5\httpclient5\5.3.1\httpclient5-5.3.1.jar;C:\Users\USER\.m2\repository\org\apache\httpcomponents\client5\httpclient5-fluent\5.3.1\httpclient5-fluent-5.3.1.jar;C:\Users\USER\.m2\repository\org\apache\httpcomponents\core5\httpcore5\5.2.4\httpcore5-5.2.4.jar;C:\Users\USER\.m2\repository\org\apache\httpcomponents\core5\httpcore5-h2\5.2.4\httpcore5-h2-5.2.4.jar;C:\Users\USER\.m2\repository\org\checkerframework\checker-qual\3.12.0\checker-qual-3.12.0.jar;C:\Users\USER\.m2\repository\org\jetbrains\annotations\13.0\annotations-13.0.jar;C:\Users\USER\.m2\repository\org\jetbrains\kotlin\kotlin-reflect\1.8.22\kotlin-reflect-1.8.22.jar;C:\Users\USER\.m2\repository\org\jetbrains\kotlin\kotlin-stdlib\1.8.22\kotlin-stdlib-1.8.22.jar;C:\Users\USER\.m2\repository\org\jetbrains\kotlin\kotlin-stdlib-common\1.8.22\kotlin-stdlib-common-1.8.22.jar;C:\Users\USER\.m2\repository\org\jetbrains\kotlin\kotlin-stdlib-jdk7\1.8.22\kotlin-stdlib-jdk7-1.8.22.jar;C:\Users\USER\.m2\repository\org\jetbrains\kotlin\kotlin-stdlib-jdk8\1.8.22\kotlin-stdlib-jdk8-1.8.22.jar;C:\Users\USER\.m2\repository\org\slf4j\slf4j-api\1.7.36\slf4j-api-1.7.36.jar
Launcher Type: SUN_STANDARD

[Global flags]
     intx CICompilerCount                          = 3                                         {product} {ergonomic}
     uint ConcGCThreads                            = 1                                         {product} {ergonomic}
     uint G1ConcRefinementThreads                  = 4                                         {product} {ergonomic}
   size_t G1HeapRegionSize                         = 1048576                                   {product} {ergonomic}
    uintx GCDrainStackTargetSize                   = 64                                        {product} {ergonomic}
   size_t InitialHeapSize                          = 65011712                                  {product} {ergonomic}
   size_t MarkStackSize                            = 4194304                                   {product} {ergonomic}
   size_t MaxHeapSize                              = 1021313024                                {product} {ergonomic}
   size_t MaxNewSize                               = 612368384                                 {product} {ergonomic}
   size_t MinHeapDeltaBytes                        = 1048576                                   {product} {ergonomic}
   size_t MinHeapSize                              = 8388608                                   {product} {ergonomic}
    uintx NonNMethodCodeHeapSize                   = 5832780                                {pd product} {ergonomic}
    uintx NonProfiledCodeHeapSize                  = 122912730                              {pd product} {ergonomic}
    uintx ProfiledCodeHeapSize                     = 122912730                              {pd product} {ergonomic}
    uintx ReservedCodeCacheSize                    = 251658240                              {pd product} {ergonomic}
     bool SegmentedCodeCache                       = true                                      {product} {ergonomic}
   size_t SoftMaxHeapSize                          = 1021313024                             {manageable} {ergonomic}
     bool UseCompressedOops                        = true                           {product lp64_product} {ergonomic}
     bool UseG1GC                                  = true                                      {product} {ergonomic}
     bool UseLargePagesIndividualAllocation        = false                                  {pd product} {ergonomic}

Logging:
Log output configuration:
 #0: stdout all=warning uptime,level,tags foldmultilines=false
 #1: stderr all=off uptime,level,tags foldmultilines=false

Environment Variables:
JAVA_HOME=C:\Program Files\Java\jdk-21
PATH=C:\Program Files\Common Files\Oracle\Java\javapath;C:\WINDOWS\system32;C:\WINDOWS;C:\WINDOWS\System32\Wbem;C:\WINDOWS\System32\WindowsPowerShell\v1.0\;C:\WINDOWS\System32\OpenSSH\;C:\MinGW\bin;C:\Program Files\dotnet\;C:\Program Files\MySQL\MySQL Server 8.0\bin;C:\xampp\php;C:\Program Files\MATLAB\R2024b\bin;C:\Program Files\Java\jdk-23\bin;C:\Users\USER\Downloads\apache-ant-1.10.15-bin\bin;C:\Program Files\Java\javafx-sdk-23.0.1\bin;C:\Program Files\NetBeans-20\netbeans\java\maven;C:\Users\USER\Downloads\apache-maven-3.9.9-bin\apache-maven-3.9.9\bin;C:\Program Files\Java\jdk-21\bin;C:\Program Files\Java\javafx-sdk-21.0.5\bin;C:\Program Files\Java\jdk-21\bin;C:\Program Files\MySQL\MySQL Shell 8.0\bin\;C:\Users\USER\AppData\Local\Microsoft\WindowsApps;;C:\Users\USER\Documents\FILE MEEEEE\Microsoft VS Code\bin
USERNAME=USER
OS=Windows_NT
PROCESSOR_IDENTIFIER=Intel64 Family 6 Model 140 Stepping 1, GenuineIntel
TMP=C:\Users\USER\AppData\Local\Temp
TEMP=C:\Users\USER\AppData\Local\Temp




Periodic native trim disabled

---------------  S Y S T E M  ---------------

OS:
 Windows 11 , 64 bit Build 22621 (10.0.22621.4391)
OS uptime: 0 days 18:46 hours

CPU: total 4 (initial active 4) (2 cores per cpu, 2 threads per core) family 6 model 140 stepping 1 microcode 0x9a, cx8, cmov, fxsr, ht, mmx, 3dnowpref, sse, sse2, sse3, ssse3, sse4.1, sse4.2, popcnt, lzcnt, tsc, tscinvbit, avx, avx2, aes, erms, clmul, bmi1, bmi2, adx, avx512f, avx512dq, avx512cd, avx512bw, avx512vl, sha, fma, vzeroupper, avx512_vpopcntdq, avx512_vpclmulqdq, avx512_vaes, avx512_vnni, clflush, clflushopt, clwb, avx512_vbmi2, avx512_vbmi, rdtscp, rdpid, fsrm, gfni, avx512_bitalg, f16c, pku, cet_ibt, cet_ss, avx512_ifma
Processor Information for processor 0
  Max Mhz: 2995, Current Mhz: 2995, Mhz Limit: 2995
Processor Information for processor 1
  Max Mhz: 2995, Current Mhz: 1198, Mhz Limit: 2995
Processor Information for processor 2
  Max Mhz: 2995, Current Mhz: 2995, Mhz Limit: 2995
Processor Information for processor 3
  Max Mhz: 2995, Current Mhz: 1198, Mhz Limit: 2995

Memory: 4k page, system-wide physical 3895M (273M free)
TotalPageFile size 15671M (AvailPageFile size 0M)
current process WorkingSet (physical memory assigned to process): 123M, peak: 123M
current process commit charge ("private bytes"): 189M, peak: 189M

vm_info: Java HotSpot(TM) 64-Bit Server VM (21.0.5+9-LTS-239) for windows-amd64 JRE (21.0.5+9-LTS-239), built on 2024-09-30T05:17:38Z by "mach5one" with MS VC++ 17.6 (VS2022)

END.
