#
# There is insufficient memory for the Java Runtime Environment to continue.
# Native memory allocation (malloc) failed to allocate 587296 bytes for Chunk::new
# Possible reasons:
#   The system is out of physical RAM or swap space
#   The process is running with CompressedOops enabled, and the Java Heap may be blocking the growth of the native heap
# Possible solutions:
#   Reduce memory load on the system
#   Increase physical memory or swap space
#   Check if swap backing store is full
#   Decrease Java heap size (-Xmx/-Xms)
#   Decrease number of Java threads
#   Decrease Java thread stack sizes (-Xss)
#   Set larger code cache with -XX:ReservedCodeCacheSize=
#   JVM is running with Unscaled Compressed Oops mode in which the Java heap is
#     placed in the first 4GB address space. The Java Heap base address is the
#     maximum limit for the native heap growth. Please use -XX:HeapBaseMinAddress
#     to set the Java Heap base and to place the Java Heap above 4GB virtual address.
# This output file may be truncated or incomplete.
#
#  Out of Memory Error (arena.cpp:168), pid=17712, tid=16468
#
# JRE version: Java(TM) SE Runtime Environment (21.0.5+9) (build 21.0.5+9-LTS-239)
# Java VM: Java HotSpot(TM) 64-Bit Server VM (21.0.5+9-LTS-239, mixed mode, sharing, tiered, compressed oops, compressed class ptrs, g1 gc, windows-amd64)
# No core dump will be written. Minidumps are not enabled by default on client versions of Windows
#

---------------  S U M M A R Y ------------

Command Line: --module-path=C:\Users\USER\.m2\repository\org\openjfx\javafx-base\23.0.1\javafx-base-23.0.1-win.jar;C:\Users\USER\.m2\repository\org\openjfx\javafx-base\23.0.1\javafx-base-23.0.1.jar;C:\Users\USER\.m2\repository\org\openjfx\javafx-controls\23.0.1\javafx-controls-23.0.1-win.jar;C:\Users\USER\.m2\repository\org\openjfx\javafx-controls\23.0.1\javafx-controls-23.0.1.jar;C:\Users\USER\.m2\repository\org\openjfx\javafx-fxml\23.0.1\javafx-fxml-23.0.1-win.jar;C:\Users\USER\.m2\repository\org\openjfx\javafx-fxml\23.0.1\javafx-fxml-23.0.1.jar;C:\Users\USER\.m2\repository\org\openjfx\javafx-graphics\23.0.1\javafx-graphics-23.0.1-win.jar;C:\Users\USER\.m2\repository\org\openjfx\javafx-graphics\23.0.1\javafx-graphics-23.0.1.jar --add-modules=javafx.base,javafx.controls,javafx.fxml,javafx.graphics com.mycompany.java_farm.mainUi

Host: 11th Gen Intel(R) Core(TM) i3-1115G4 @ 3.00GHz, 4 cores, 3G,  Windows 11 , 64 bit Build 22621 (10.0.22621.4391)
Time: Sat Dec 14 14:37:00 2024 SE Asia Standard Time elapsed time: 89.210886 seconds (0d 0h 1m 29s)

---------------  T H R E A D  ---------------

Current thread (0x00000189ea5609d0):  JavaThread "C2 CompilerThread0" daemon [_thread_in_native, id=16468, stack(0x00000088d5400000,0x00000088d5500000) (1024K)]


Current CompileTask:
C2:  89211 6141       4       javafx.scene.CssStyleHelper::createStyleHelper (316 bytes)

Stack: [0x00000088d5400000,0x00000088d5500000]
Native frames: (J=compiled Java code, j=interpreted, Vv=VM code, C=native code)
V  [jvm.dll+0x6ca289]
V  [jvm.dll+0x854a51]
V  [jvm.dll+0x856f7e]
V  [jvm.dll+0x857653]
V  [jvm.dll+0x27dd26]
V  [jvm.dll+0xc4c2d]
V  [jvm.dll+0xc5163]
V  [jvm.dll+0x2f0ccd]
V  [jvm.dll+0x5f4ffa]
V  [jvm.dll+0x24f882]
V  [jvm.dll+0x24fc3f]
V  [jvm.dll+0x248754]
V  [jvm.dll+0x245de4]
V  [jvm.dll+0x1c6d0e]
V  [jvm.dll+0x2554d9]
V  [jvm.dll+0x253a6a]
V  [jvm.dll+0x3ee136]
V  [jvm.dll+0x7fee9b]
V  [jvm.dll+0x6c896d]
C  [ucrtbase.dll+0x29333]
C  [KERNEL32.DLL+0x1259d]
C  [ntdll.dll+0x5af38]


---------------  P R O C E S S  ---------------

Threads class SMR info:
_java_thread_list=0x00000189f7975780, length=19, elements={
0x00000189cd772640, 0x00000189ea54f770, 0x00000189ea550580, 0x00000189ea555d20,
0x00000189ea558780, 0x00000189ea5591d0, 0x00000189ea55bc30, 0x00000189ea5609d0,
0x00000189ea5855b0, 0x00000189ea61e440, 0x00000189ea8dc560, 0x00000189ef2b49d0,
0x00000189ef45b420, 0x00000189ef477de0, 0x00000189ef6a0b60, 0x00000189ef7d7920,
0x00000189f56067c0, 0x00000189f593e3c0, 0x00000189f593f770
}

Java Threads: ( => current thread )
  0x00000189cd772640 JavaThread "main"                              [_thread_blocked, id=9836, stack(0x00000088d4600000,0x00000088d4700000) (1024K)]
  0x00000189ea54f770 JavaThread "Reference Handler"          daemon [_thread_blocked, id=17104, stack(0x00000088d4e00000,0x00000088d4f00000) (1024K)]
  0x00000189ea550580 JavaThread "Finalizer"                  daemon [_thread_blocked, id=16668, stack(0x00000088d4f00000,0x00000088d5000000) (1024K)]
  0x00000189ea555d20 JavaThread "Signal Dispatcher"          daemon [_thread_blocked, id=1868, stack(0x00000088d5000000,0x00000088d5100000) (1024K)]
  0x00000189ea558780 JavaThread "Attach Listener"            daemon [_thread_blocked, id=1348, stack(0x00000088d5100000,0x00000088d5200000) (1024K)]
  0x00000189ea5591d0 JavaThread "Service Thread"             daemon [_thread_blocked, id=17612, stack(0x00000088d5200000,0x00000088d5300000) (1024K)]
  0x00000189ea55bc30 JavaThread "Monitor Deflation Thread"   daemon [_thread_blocked, id=9388, stack(0x00000088d5300000,0x00000088d5400000) (1024K)]
=>0x00000189ea5609d0 JavaThread "C2 CompilerThread0"         daemon [_thread_in_native, id=16468, stack(0x00000088d5400000,0x00000088d5500000) (1024K)]
  0x00000189ea5855b0 JavaThread "C1 CompilerThread0"         daemon [_thread_blocked, id=16768, stack(0x00000088d5500000,0x00000088d5600000) (1024K)]
  0x00000189ea61e440 JavaThread "Common-Cleaner"             daemon [_thread_blocked, id=9468, stack(0x00000088d5600000,0x00000088d5700000) (1024K)]
  0x00000189ea8dc560 JavaThread "Notification Thread"        daemon [_thread_blocked, id=15636, stack(0x00000088d5700000,0x00000088d5800000) (1024K)]
  0x00000189ef2b49d0 JavaThread "QuantumRenderer-0"          daemon [_thread_blocked, id=17364, stack(0x00000088d5b00000,0x00000088d5c00000) (1024K)]
  0x00000189ef45b420 JavaThread "InvokeLaterDispatcher"      daemon [_thread_blocked, id=13300, stack(0x00000088d5c00000,0x00000088d5d00000) (1024K)]
  0x00000189ef477de0 JavaThread "JavaFX Application Thread"         [_thread_in_native, id=17576, stack(0x00000088d5d00000,0x00000088d5e00000) (1024K)]
  0x00000189ef6a0b60 JavaThread "JavaFX-Launcher"                   [_thread_blocked, id=16312, stack(0x00000088d6200000,0x00000088d6300000) (1024K)]
  0x00000189ef7d7920 JavaThread "Thread-2"                   daemon [_thread_in_native, id=17692, stack(0x00000088d6100000,0x00000088d6200000) (1024K)]
  0x00000189f56067c0 JavaThread "Prism Font Disposer"        daemon [_thread_blocked, id=17160, stack(0x00000088d6300000,0x00000088d6400000) (1024K)]
  0x00000189f593e3c0 JavaThread "Cleaner-0"                  daemon [_thread_blocked, id=1328, stack(0x00000088d6a00000,0x00000088d6b00000) (1024K)]
  0x00000189f593f770 JavaThread "mysql-cj-abandoned-connection-cleanup" daemon [_thread_blocked, id=15432, stack(0x00000088d6b00000,0x00000088d6c00000) (1024K)]
Total: 19

Other Threads:
  0x00000189cfa086f0 VMThread "VM Thread"                           [id=6608, stack(0x00000088d4d00000,0x00000088d4e00000) (1024K)]
  0x00000189ea53d3a0 WatcherThread "VM Periodic Task Thread"        [id=18300, stack(0x00000088d4c00000,0x00000088d4d00000) (1024K)]
  0x00000189cf9836e0 WorkerThread "GC Thread#0"                     [id=6288, stack(0x00000088d4700000,0x00000088d4800000) (1024K)]
  0x00000189ef302a50 WorkerThread "GC Thread#1"                     [id=17176, stack(0x00000088d5800000,0x00000088d5900000) (1024K)]
  0x00000189ef28a720 WorkerThread "GC Thread#2"                     [id=18048, stack(0x00000088d5900000,0x00000088d5a00000) (1024K)]
  0x00000189ef2a77e0 WorkerThread "GC Thread#3"                     [id=2656, stack(0x00000088d5a00000,0x00000088d5b00000) (1024K)]
  0x00000189cf98d960 ConcurrentGCThread "G1 Main Marker"            [id=5216, stack(0x00000088d4800000,0x00000088d4900000) (1024K)]
  0x00000189cf98e370 WorkerThread "G1 Conc#0"                       [id=16064, stack(0x00000088d4900000,0x00000088d4a00000) (1024K)]
  0x00000189cf9ea080 ConcurrentGCThread "G1 Refine#0"               [id=11976, stack(0x00000088d4a00000,0x00000088d4b00000) (1024K)]
  0x00000189cf9eab00 ConcurrentGCThread "G1 Service"                [id=18344, stack(0x00000088d4b00000,0x00000088d4c00000) (1024K)]
Total: 10

Threads with active compile tasks:
C2 CompilerThread0    89263 6141       4       javafx.scene.CssStyleHelper::createStyleHelper (316 bytes)
Total: 1

VM state: not at safepoint (normal execution)

VM Mutex/Monitor currently owned by a thread: None

Heap address: 0x00000000c3200000, size: 974 MB, Compressed Oops mode: 32-bit

CDS archive(s) mapped at: [0x0000018980000000-0x0000018980c90000-0x0000018980c90000), size 13172736, SharedBaseAddress: 0x0000018980000000, ArchiveRelocationMode: 1.
Compressed class space mapped at: 0x0000018981000000-0x00000189c1000000, reserved size: 1073741824
Narrow klass base: 0x0000018980000000, Narrow klass shift: 0, Narrow klass range: 0x100000000

GC Precious Log:
 CardTable entry size: 512
 Card Set container configuration: InlinePtr #cards 5 size 8 Array Of Cards #cards 12 size 40 Howl #buckets 4 coarsen threshold 1843 Howl Bitmap #cards 512 size 80 coarsen threshold 460 Card regions per heap region 1 cards per card region 2048
 CPUs: 4 total, 4 available
 Memory: 3895M
 Large Page Support: Disabled
 NUMA Support: Disabled
 Compressed Oops: Enabled (32-bit)
 Heap Region Size: 1M
 Heap Min Capacity: 8M
 Heap Initial Capacity: 62M
 Heap Max Capacity: 974M
 Pre-touch: Disabled
 Parallel Workers: 4
 Concurrent Workers: 1
 Concurrent Refinement Workers: 4
 Periodic GC: Disabled

Heap:
 garbage-first heap   total 156672K, used 153732K [0x00000000c3200000, 0x0000000100000000)
  region size 1024K, 13 young (13312K), 1 survivors (1024K)
 Metaspace       used 23550K, committed 23872K, reserved 1114112K
  class space    used 3178K, committed 3328K, reserved 1048576K

Heap Regions: E=young(eden), S=young(survivor), O=old, HS=humongous(starts), HC=humongous(continues), CS=collection set, F=free, TAMS=top-at-mark-start, PB=parsable bottom
|   0|0x00000000c3200000, 0x00000000c3300000, 0x00000000c3300000|100%| O|  |TAMS 0x00000000c3200000| PB 0x00000000c3200000| Untracked 
|   1|0x00000000c3300000, 0x00000000c3400000, 0x00000000c3400000|100%| O|  |TAMS 0x00000000c3300000| PB 0x00000000c3300000| Untracked 
|   2|0x00000000c3400000, 0x00000000c3500000, 0x00000000c3500000|100%| O|  |TAMS 0x00000000c3400000| PB 0x00000000c3400000| Untracked 
|   3|0x00000000c3500000, 0x00000000c3600000, 0x00000000c3600000|100%| O|  |TAMS 0x00000000c3500000| PB 0x00000000c3500000| Untracked 
|   4|0x00000000c3600000, 0x00000000c3700000, 0x00000000c3700000|100%| O|  |TAMS 0x00000000c3600000| PB 0x00000000c3600000| Untracked 
|   5|0x00000000c3700000, 0x00000000c3800000, 0x00000000c3800000|100%| O|  |TAMS 0x00000000c3700000| PB 0x00000000c3700000| Untracked 
|   6|0x00000000c3800000, 0x00000000c3900000, 0x00000000c3900000|100%| O|  |TAMS 0x00000000c3800000| PB 0x00000000c3800000| Untracked 
|   7|0x00000000c3900000, 0x00000000c3a00000, 0x00000000c3a00000|100%| O|  |TAMS 0x00000000c3900000| PB 0x00000000c3900000| Untracked 
|   8|0x00000000c3a00000, 0x00000000c3b00000, 0x00000000c3b00000|100%| O|  |TAMS 0x00000000c3a00000| PB 0x00000000c3a00000| Untracked 
|   9|0x00000000c3b00000, 0x00000000c3c00000, 0x00000000c3c00000|100%|HS|  |TAMS 0x00000000c3b00000| PB 0x00000000c3b00000| Complete 
|  10|0x00000000c3c00000, 0x00000000c3d00000, 0x00000000c3d00000|100%|HC|  |TAMS 0x00000000c3c00000| PB 0x00000000c3c00000| Complete 
|  11|0x00000000c3d00000, 0x00000000c3e00000, 0x00000000c3e00000|100%|HS|  |TAMS 0x00000000c3d00000| PB 0x00000000c3d00000| Complete 
|  12|0x00000000c3e00000, 0x00000000c3f00000, 0x00000000c3f00000|100%|HC|  |TAMS 0x00000000c3e00000| PB 0x00000000c3e00000| Complete 
|  13|0x00000000c3f00000, 0x00000000c4000000, 0x00000000c4000000|100%|HS|  |TAMS 0x00000000c3f00000| PB 0x00000000c3f00000| Complete 
|  14|0x00000000c4000000, 0x00000000c4100000, 0x00000000c4100000|100%|HC|  |TAMS 0x00000000c4000000| PB 0x00000000c4000000| Complete 
|  15|0x00000000c4100000, 0x00000000c4200000, 0x00000000c4200000|100%|HS|  |TAMS 0x00000000c4100000| PB 0x00000000c4100000| Complete 
|  16|0x00000000c4200000, 0x00000000c4300000, 0x00000000c4300000|100%|HC|  |TAMS 0x00000000c4200000| PB 0x00000000c4200000| Complete 
|  17|0x00000000c4300000, 0x00000000c4400000, 0x00000000c4400000|100%| O|  |TAMS 0x00000000c4300000| PB 0x00000000c4300000| Untracked 
|  18|0x00000000c4400000, 0x00000000c4500000, 0x00000000c4500000|100%| O|  |TAMS 0x00000000c4400000| PB 0x00000000c4400000| Untracked 
|  19|0x00000000c4500000, 0x00000000c4600000, 0x00000000c4600000|100%| O|  |TAMS 0x00000000c4500000| PB 0x00000000c4500000| Untracked 
|  20|0x00000000c4600000, 0x00000000c462e6e0, 0x00000000c4700000| 18%| O|  |TAMS 0x00000000c4600000| PB 0x00000000c4600000| Untracked 
|  21|0x00000000c4700000, 0x00000000c4800000, 0x00000000c4800000|100%|HS|  |TAMS 0x00000000c4700000| PB 0x00000000c4700000| Complete 
|  22|0x00000000c4800000, 0x00000000c4900000, 0x00000000c4900000|100%|HC|  |TAMS 0x00000000c4800000| PB 0x00000000c4800000| Complete 
|  23|0x00000000c4900000, 0x00000000c4a00000, 0x00000000c4a00000|100%|HS|  |TAMS 0x00000000c4900000| PB 0x00000000c4900000| Complete 
|  24|0x00000000c4a00000, 0x00000000c4b00000, 0x00000000c4b00000|100%|HC|  |TAMS 0x00000000c4a00000| PB 0x00000000c4a00000| Complete 
|  25|0x00000000c4b00000, 0x00000000c4c00000, 0x00000000c4c00000|100%|HS|  |TAMS 0x00000000c4b00000| PB 0x00000000c4b00000| Complete 
|  26|0x00000000c4c00000, 0x00000000c4d00000, 0x00000000c4d00000|100%|HC|  |TAMS 0x00000000c4c00000| PB 0x00000000c4c00000| Complete 
|  27|0x00000000c4d00000, 0x00000000c4e00000, 0x00000000c4e00000|100%|HS|  |TAMS 0x00000000c4d00000| PB 0x00000000c4d00000| Complete 
|  28|0x00000000c4e00000, 0x00000000c4f00000, 0x00000000c4f00000|100%|HC|  |TAMS 0x00000000c4e00000| PB 0x00000000c4e00000| Complete 
|  29|0x00000000c4f00000, 0x00000000c5000000, 0x00000000c5000000|100%|HS|  |TAMS 0x00000000c4f00000| PB 0x00000000c4f00000| Complete 
|  30|0x00000000c5000000, 0x00000000c5100000, 0x00000000c5100000|100%|HC|  |TAMS 0x00000000c5000000| PB 0x00000000c5000000| Complete 
|  31|0x00000000c5100000, 0x00000000c5200000, 0x00000000c5200000|100%|HC|  |TAMS 0x00000000c5100000| PB 0x00000000c5100000| Complete 
|  32|0x00000000c5200000, 0x00000000c5300000, 0x00000000c5300000|100%|HC|  |TAMS 0x00000000c5200000| PB 0x00000000c5200000| Complete 
|  33|0x00000000c5300000, 0x00000000c5400000, 0x00000000c5400000|100%|HS|  |TAMS 0x00000000c5300000| PB 0x00000000c5300000| Complete 
|  34|0x00000000c5400000, 0x00000000c5500000, 0x00000000c5500000|100%|HC|  |TAMS 0x00000000c5400000| PB 0x00000000c5400000| Complete 
|  35|0x00000000c5500000, 0x00000000c5600000, 0x00000000c5600000|100%|HS|  |TAMS 0x00000000c5500000| PB 0x00000000c5500000| Complete 
|  36|0x00000000c5600000, 0x00000000c5700000, 0x00000000c5700000|100%|HC|  |TAMS 0x00000000c5600000| PB 0x00000000c5600000| Complete 
|  37|0x00000000c5700000, 0x00000000c5800000, 0x00000000c5800000|100%|HS|  |TAMS 0x00000000c5700000| PB 0x00000000c5700000| Complete 
|  38|0x00000000c5800000, 0x00000000c5900000, 0x00000000c5900000|100%|HC|  |TAMS 0x00000000c5800000| PB 0x00000000c5800000| Complete 
|  39|0x00000000c5900000, 0x00000000c5a00000, 0x00000000c5a00000|100%|HS|  |TAMS 0x00000000c5900000| PB 0x00000000c5900000| Complete 
|  40|0x00000000c5a00000, 0x00000000c5b00000, 0x00000000c5b00000|100%|HC|  |TAMS 0x00000000c5a00000| PB 0x00000000c5a00000| Complete 
|  41|0x00000000c5b00000, 0x00000000c5c00000, 0x00000000c5c00000|100%|HS|  |TAMS 0x00000000c5b00000| PB 0x00000000c5b00000| Complete 
|  42|0x00000000c5c00000, 0x00000000c5d00000, 0x00000000c5d00000|100%|HC|  |TAMS 0x00000000c5c00000| PB 0x00000000c5c00000| Complete 
|  43|0x00000000c5d00000, 0x00000000c5e00000, 0x00000000c5e00000|100%|HS|  |TAMS 0x00000000c5d00000| PB 0x00000000c5d00000| Complete 
|  44|0x00000000c5e00000, 0x00000000c5f00000, 0x00000000c5f00000|100%|HC|  |TAMS 0x00000000c5e00000| PB 0x00000000c5e00000| Complete 
|  45|0x00000000c5f00000, 0x00000000c6000000, 0x00000000c6000000|100%|HS|  |TAMS 0x00000000c5f00000| PB 0x00000000c5f00000| Complete 
|  46|0x00000000c6000000, 0x00000000c6100000, 0x00000000c6100000|100%|HC|  |TAMS 0x00000000c6000000| PB 0x00000000c6000000| Complete 
|  47|0x00000000c6100000, 0x00000000c6200000, 0x00000000c6200000|100%|HS|  |TAMS 0x00000000c6100000| PB 0x00000000c6100000| Complete 
|  48|0x00000000c6200000, 0x00000000c6300000, 0x00000000c6300000|100%|HC|  |TAMS 0x00000000c6200000| PB 0x00000000c6200000| Complete 
|  49|0x00000000c6300000, 0x00000000c6400000, 0x00000000c6400000|100%|HS|  |TAMS 0x00000000c6300000| PB 0x00000000c6300000| Complete 
|  50|0x00000000c6400000, 0x00000000c6500000, 0x00000000c6500000|100%|HC|  |TAMS 0x00000000c6400000| PB 0x00000000c6400000| Complete 
|  51|0x00000000c6500000, 0x00000000c6600000, 0x00000000c6600000|100%|HS|  |TAMS 0x00000000c6500000| PB 0x00000000c6500000| Complete 
|  52|0x00000000c6600000, 0x00000000c6700000, 0x00000000c6700000|100%|HC|  |TAMS 0x00000000c6600000| PB 0x00000000c6600000| Complete 
|  53|0x00000000c6700000, 0x00000000c6800000, 0x00000000c6800000|100%|HC|  |TAMS 0x00000000c6700000| PB 0x00000000c6700000| Complete 
|  54|0x00000000c6800000, 0x00000000c6900000, 0x00000000c6900000|100%|HC|  |TAMS 0x00000000c6800000| PB 0x00000000c6800000| Complete 
|  55|0x00000000c6900000, 0x00000000c6a00000, 0x00000000c6a00000|100%|HS|  |TAMS 0x00000000c6900000| PB 0x00000000c6900000| Complete 
|  56|0x00000000c6a00000, 0x00000000c6b00000, 0x00000000c6b00000|100%|HC|  |TAMS 0x00000000c6a00000| PB 0x00000000c6a00000| Complete 
|  57|0x00000000c6b00000, 0x00000000c6c00000, 0x00000000c6c00000|100%|HS|  |TAMS 0x00000000c6b00000| PB 0x00000000c6b00000| Complete 
|  58|0x00000000c6c00000, 0x00000000c6d00000, 0x00000000c6d00000|100%|HC|  |TAMS 0x00000000c6c00000| PB 0x00000000c6c00000| Complete 
|  59|0x00000000c6d00000, 0x00000000c6e00000, 0x00000000c6e00000|100%|HS|  |TAMS 0x00000000c6d00000| PB 0x00000000c6d00000| Complete 
|  60|0x00000000c6e00000, 0x00000000c6f00000, 0x00000000c6f00000|100%|HC|  |TAMS 0x00000000c6e00000| PB 0x00000000c6e00000| Complete 
|  61|0x00000000c6f00000, 0x00000000c7000000, 0x00000000c7000000|100%|HS|  |TAMS 0x00000000c6f00000| PB 0x00000000c6f00000| Complete 
|  62|0x00000000c7000000, 0x00000000c7100000, 0x00000000c7100000|100%|HC|  |TAMS 0x00000000c7000000| PB 0x00000000c7000000| Complete 
|  63|0x00000000c7100000, 0x00000000c7200000, 0x00000000c7200000|100%|HC|  |TAMS 0x00000000c7100000| PB 0x00000000c7100000| Complete 
|  64|0x00000000c7200000, 0x00000000c7300000, 0x00000000c7300000|100%|HC|  |TAMS 0x00000000c7200000| PB 0x00000000c7200000| Complete 
|  65|0x00000000c7300000, 0x00000000c7400000, 0x00000000c7400000|100%|HS|  |TAMS 0x00000000c7300000| PB 0x00000000c7300000| Complete 
|  66|0x00000000c7400000, 0x00000000c7500000, 0x00000000c7500000|100%|HC|  |TAMS 0x00000000c7400000| PB 0x00000000c7400000| Complete 
|  67|0x00000000c7500000, 0x00000000c7600000, 0x00000000c7600000|100%|HS|  |TAMS 0x00000000c7500000| PB 0x00000000c7500000| Complete 
|  68|0x00000000c7600000, 0x00000000c7700000, 0x00000000c7700000|100%|HC|  |TAMS 0x00000000c7600000| PB 0x00000000c7600000| Complete 
|  69|0x00000000c7700000, 0x00000000c7800000, 0x00000000c7800000|100%|HS|  |TAMS 0x00000000c7700000| PB 0x00000000c7700000| Complete 
|  70|0x00000000c7800000, 0x00000000c7900000, 0x00000000c7900000|100%|HC|  |TAMS 0x00000000c7800000| PB 0x00000000c7800000| Complete 
|  71|0x00000000c7900000, 0x00000000c7a00000, 0x00000000c7a00000|100%|HC|  |TAMS 0x00000000c7900000| PB 0x00000000c7900000| Complete 
|  72|0x00000000c7a00000, 0x00000000c7b00000, 0x00000000c7b00000|100%|HC|  |TAMS 0x00000000c7a00000| PB 0x00000000c7a00000| Complete 
|  73|0x00000000c7b00000, 0x00000000c7b00000, 0x00000000c7c00000|  0%| F|  |TAMS 0x00000000c7b00000| PB 0x00000000c7b00000| Untracked 
|  74|0x00000000c7c00000, 0x00000000c7d00000, 0x00000000c7d00000|100%|HS|  |TAMS 0x00000000c7c00000| PB 0x00000000c7c00000| Complete 
|  75|0x00000000c7d00000, 0x00000000c7e00000, 0x00000000c7e00000|100%|HC|  |TAMS 0x00000000c7d00000| PB 0x00000000c7d00000| Complete 
|  76|0x00000000c7e00000, 0x00000000c7e7f620, 0x00000000c7f00000| 49%| E|  |TAMS 0x00000000c7e00000| PB 0x00000000c7e00000| Complete 
|  77|0x00000000c7f00000, 0x00000000c8000000, 0x00000000c8000000|100%|HS|  |TAMS 0x00000000c7f00000| PB 0x00000000c7f00000| Complete 
|  78|0x00000000c8000000, 0x00000000c8100000, 0x00000000c8100000|100%|HC|  |TAMS 0x00000000c8000000| PB 0x00000000c8000000| Complete 
|  79|0x00000000c8100000, 0x00000000c8200000, 0x00000000c8200000|100%|HS|  |TAMS 0x00000000c8100000| PB 0x00000000c8100000| Complete 
|  80|0x00000000c8200000, 0x00000000c8300000, 0x00000000c8300000|100%|HC|  |TAMS 0x00000000c8200000| PB 0x00000000c8200000| Complete 
|  81|0x00000000c8300000, 0x00000000c8400000, 0x00000000c8400000|100%|HS|  |TAMS 0x00000000c8300000| PB 0x00000000c8300000| Complete 
|  82|0x00000000c8400000, 0x00000000c8500000, 0x00000000c8500000|100%|HC|  |TAMS 0x00000000c8400000| PB 0x00000000c8400000| Complete 
|  83|0x00000000c8500000, 0x00000000c8600000, 0x00000000c8600000|100%|HS|  |TAMS 0x00000000c8500000| PB 0x00000000c8500000| Complete 
|  84|0x00000000c8600000, 0x00000000c8700000, 0x00000000c8700000|100%|HC|  |TAMS 0x00000000c8600000| PB 0x00000000c8600000| Complete 
|  85|0x00000000c8700000, 0x00000000c8800000, 0x00000000c8800000|100%|HS|  |TAMS 0x00000000c8700000| PB 0x00000000c8700000| Complete 
|  86|0x00000000c8800000, 0x00000000c8900000, 0x00000000c8900000|100%|HC|  |TAMS 0x00000000c8800000| PB 0x00000000c8800000| Complete 
|  87|0x00000000c8900000, 0x00000000c8a00000, 0x00000000c8a00000|100%|HS|  |TAMS 0x00000000c8900000| PB 0x00000000c8900000| Complete 
|  88|0x00000000c8a00000, 0x00000000c8b00000, 0x00000000c8b00000|100%|HC|  |TAMS 0x00000000c8a00000| PB 0x00000000c8a00000| Complete 
|  89|0x00000000c8b00000, 0x00000000c8c00000, 0x00000000c8c00000|100%|HS|  |TAMS 0x00000000c8b00000| PB 0x00000000c8b00000| Complete 
|  90|0x00000000c8c00000, 0x00000000c8d00000, 0x00000000c8d00000|100%|HC|  |TAMS 0x00000000c8c00000| PB 0x00000000c8c00000| Complete 
|  91|0x00000000c8d00000, 0x00000000c8e00000, 0x00000000c8e00000|100%| E|CS|TAMS 0x00000000c8d00000| PB 0x00000000c8d00000| Complete 
|  92|0x00000000c8e00000, 0x00000000c8f00000, 0x00000000c8f00000|100%|HS|  |TAMS 0x00000000c8e00000| PB 0x00000000c8e00000| Complete 
|  93|0x00000000c8f00000, 0x00000000c9000000, 0x00000000c9000000|100%|HC|  |TAMS 0x00000000c8f00000| PB 0x00000000c8f00000| Complete 
|  94|0x00000000c9000000, 0x00000000c9100000, 0x00000000c9100000|100%|HS|  |TAMS 0x00000000c9000000| PB 0x00000000c9000000| Complete 
|  95|0x00000000c9100000, 0x00000000c9200000, 0x00000000c9200000|100%|HC|  |TAMS 0x00000000c9100000| PB 0x00000000c9100000| Complete 
|  96|0x00000000c9200000, 0x00000000c9300000, 0x00000000c9300000|100%|HC|  |TAMS 0x00000000c9200000| PB 0x00000000c9200000| Complete 
|  97|0x00000000c9300000, 0x00000000c9400000, 0x00000000c9400000|100%|HC|  |TAMS 0x00000000c9300000| PB 0x00000000c9300000| Complete 
|  98|0x00000000c9400000, 0x00000000c9500000, 0x00000000c9500000|100%|HS|  |TAMS 0x00000000c9400000| PB 0x00000000c9400000| Complete 
|  99|0x00000000c9500000, 0x00000000c9600000, 0x00000000c9600000|100%|HC|  |TAMS 0x00000000c9500000| PB 0x00000000c9500000| Complete 
| 100|0x00000000c9600000, 0x00000000c9700000, 0x00000000c9700000|100%|HS|  |TAMS 0x00000000c9600000| PB 0x00000000c9600000| Complete 
| 101|0x00000000c9700000, 0x00000000c9800000, 0x00000000c9800000|100%|HC|  |TAMS 0x00000000c9700000| PB 0x00000000c9700000| Complete 
| 102|0x00000000c9800000, 0x00000000c9900000, 0x00000000c9900000|100%|HS|  |TAMS 0x00000000c9800000| PB 0x00000000c9800000| Complete 
| 103|0x00000000c9900000, 0x00000000c9a00000, 0x00000000c9a00000|100%|HC|  |TAMS 0x00000000c9900000| PB 0x00000000c9900000| Complete 
| 104|0x00000000c9a00000, 0x00000000c9b00000, 0x00000000c9b00000|100%|HC|  |TAMS 0x00000000c9a00000| PB 0x00000000c9a00000| Complete 
| 105|0x00000000c9b00000, 0x00000000c9c00000, 0x00000000c9c00000|100%|HC|  |TAMS 0x00000000c9b00000| PB 0x00000000c9b00000| Complete 
| 106|0x00000000c9c00000, 0x00000000c9d00000, 0x00000000c9d00000|100%|HS|  |TAMS 0x00000000c9c00000| PB 0x00000000c9c00000| Complete 
| 107|0x00000000c9d00000, 0x00000000c9e00000, 0x00000000c9e00000|100%|HC|  |TAMS 0x00000000c9d00000| PB 0x00000000c9d00000| Complete 
| 108|0x00000000c9e00000, 0x00000000c9f00000, 0x00000000c9f00000|100%|HS|  |TAMS 0x00000000c9e00000| PB 0x00000000c9e00000| Complete 
| 109|0x00000000c9f00000, 0x00000000ca000000, 0x00000000ca000000|100%|HC|  |TAMS 0x00000000c9f00000| PB 0x00000000c9f00000| Complete 
| 110|0x00000000ca000000, 0x00000000ca100000, 0x00000000ca100000|100%|HS|  |TAMS 0x00000000ca000000| PB 0x00000000ca000000| Complete 
| 111|0x00000000ca100000, 0x00000000ca200000, 0x00000000ca200000|100%|HC|  |TAMS 0x00000000ca100000| PB 0x00000000ca100000| Complete 
| 112|0x00000000ca200000, 0x00000000ca300000, 0x00000000ca300000|100%|HS|  |TAMS 0x00000000ca200000| PB 0x00000000ca200000| Complete 
| 113|0x00000000ca300000, 0x00000000ca400000, 0x00000000ca400000|100%|HC|  |TAMS 0x00000000ca300000| PB 0x00000000ca300000| Complete 
| 114|0x00000000ca400000, 0x00000000ca500000, 0x00000000ca500000|100%|HS|  |TAMS 0x00000000ca400000| PB 0x00000000ca400000| Complete 
| 115|0x00000000ca500000, 0x00000000ca600000, 0x00000000ca600000|100%|HC|  |TAMS 0x00000000ca500000| PB 0x00000000ca500000| Complete 
| 116|0x00000000ca600000, 0x00000000ca700000, 0x00000000ca700000|100%|HS|  |TAMS 0x00000000ca600000| PB 0x00000000ca600000| Complete 
| 117|0x00000000ca700000, 0x00000000ca800000, 0x00000000ca800000|100%|HC|  |TAMS 0x00000000ca700000| PB 0x00000000ca700000| Complete 
| 118|0x00000000ca800000, 0x00000000ca900000, 0x00000000ca900000|100%|HS|  |TAMS 0x00000000ca800000| PB 0x00000000ca800000| Complete 
| 119|0x00000000ca900000, 0x00000000caa00000, 0x00000000caa00000|100%|HC|  |TAMS 0x00000000ca900000| PB 0x00000000ca900000| Complete 
| 120|0x00000000caa00000, 0x00000000cab00000, 0x00000000cab00000|100%|HS|  |TAMS 0x00000000caa00000| PB 0x00000000caa00000| Complete 
| 121|0x00000000cab00000, 0x00000000cac00000, 0x00000000cac00000|100%|HC|  |TAMS 0x00000000cab00000| PB 0x00000000cab00000| Complete 
| 122|0x00000000cac00000, 0x00000000cad00000, 0x00000000cad00000|100%|HS|  |TAMS 0x00000000cac00000| PB 0x00000000cac00000| Complete 
| 123|0x00000000cad00000, 0x00000000cae00000, 0x00000000cae00000|100%|HC|  |TAMS 0x00000000cad00000| PB 0x00000000cad00000| Complete 
| 124|0x00000000cae00000, 0x00000000caf00000, 0x00000000caf00000|100%|HS|  |TAMS 0x00000000cae00000| PB 0x00000000cae00000| Complete 
| 125|0x00000000caf00000, 0x00000000cb000000, 0x00000000cb000000|100%|HC|  |TAMS 0x00000000caf00000| PB 0x00000000caf00000| Complete 
| 126|0x00000000cb000000, 0x00000000cb100000, 0x00000000cb100000|100%|HS|  |TAMS 0x00000000cb000000| PB 0x00000000cb000000| Complete 
| 127|0x00000000cb100000, 0x00000000cb200000, 0x00000000cb200000|100%|HC|  |TAMS 0x00000000cb100000| PB 0x00000000cb100000| Complete 
| 128|0x00000000cb200000, 0x00000000cb300000, 0x00000000cb300000|100%|HS|  |TAMS 0x00000000cb200000| PB 0x00000000cb200000| Complete 
| 129|0x00000000cb300000, 0x00000000cb400000, 0x00000000cb400000|100%|HC|  |TAMS 0x00000000cb300000| PB 0x00000000cb300000| Complete 
| 130|0x00000000cb400000, 0x00000000cb500000, 0x00000000cb500000|100%|HS|  |TAMS 0x00000000cb400000| PB 0x00000000cb400000| Complete 
| 131|0x00000000cb500000, 0x00000000cb600000, 0x00000000cb600000|100%|HC|  |TAMS 0x00000000cb500000| PB 0x00000000cb500000| Complete 
| 132|0x00000000cb600000, 0x00000000cb700000, 0x00000000cb700000|100%|HS|  |TAMS 0x00000000cb600000| PB 0x00000000cb600000| Complete 
| 133|0x00000000cb700000, 0x00000000cb800000, 0x00000000cb800000|100%|HC|  |TAMS 0x00000000cb700000| PB 0x00000000cb700000| Complete 
| 134|0x00000000cb800000, 0x00000000cb900000, 0x00000000cb900000|100%|HS|  |TAMS 0x00000000cb800000| PB 0x00000000cb800000| Complete 
| 135|0x00000000cb900000, 0x00000000cba00000, 0x00000000cba00000|100%|HC|  |TAMS 0x00000000cb900000| PB 0x00000000cb900000| Complete 
| 136|0x00000000cba00000, 0x00000000cbb00000, 0x00000000cbb00000|100%| E|CS|TAMS 0x00000000cba00000| PB 0x00000000cba00000| Complete 
| 137|0x00000000cbb00000, 0x00000000cbc00000, 0x00000000cbc00000|100%| E|CS|TAMS 0x00000000cbb00000| PB 0x00000000cbb00000| Complete 
| 138|0x00000000cbc00000, 0x00000000cbd00000, 0x00000000cbd00000|100%| E|CS|TAMS 0x00000000cbc00000| PB 0x00000000cbc00000| Complete 
| 139|0x00000000cbd00000, 0x00000000cbe00000, 0x00000000cbe00000|100%| E|CS|TAMS 0x00000000cbd00000| PB 0x00000000cbd00000| Complete 
| 140|0x00000000cbe00000, 0x00000000cbf00000, 0x00000000cbf00000|100%| E|CS|TAMS 0x00000000cbe00000| PB 0x00000000cbe00000| Complete 
| 141|0x00000000cbf00000, 0x00000000cc000000, 0x00000000cc000000|100%| E|CS|TAMS 0x00000000cbf00000| PB 0x00000000cbf00000| Complete 
| 142|0x00000000cc000000, 0x00000000cc100000, 0x00000000cc100000|100%| E|CS|TAMS 0x00000000cc000000| PB 0x00000000cc000000| Complete 
| 143|0x00000000cc100000, 0x00000000cc1f2d00, 0x00000000cc200000| 94%| S|CS|TAMS 0x00000000cc100000| PB 0x00000000cc100000| Complete 
| 144|0x00000000cc200000, 0x00000000cc300000, 0x00000000cc300000|100%| E|CS|TAMS 0x00000000cc200000| PB 0x00000000cc200000| Complete 
| 145|0x00000000cc300000, 0x00000000cc400000, 0x00000000cc400000|100%| E|CS|TAMS 0x00000000cc300000| PB 0x00000000cc300000| Complete 
| 146|0x00000000cc400000, 0x00000000cc500000, 0x00000000cc500000|100%| E|CS|TAMS 0x00000000cc400000| PB 0x00000000cc400000| Complete 
| 147|0x00000000cc500000, 0x00000000cc600000, 0x00000000cc600000|100%|HS|  |TAMS 0x00000000cc500000| PB 0x00000000cc500000| Complete 
| 148|0x00000000cc600000, 0x00000000cc700000, 0x00000000cc700000|100%|HC|  |TAMS 0x00000000cc600000| PB 0x00000000cc600000| Complete 
| 970|0x00000000ffc00000, 0x00000000ffd00000, 0x00000000ffd00000|100%| O|  |TAMS 0x00000000ffc00000| PB 0x00000000ffc00000| Untracked 
| 971|0x00000000ffd00000, 0x00000000ffe00000, 0x00000000ffe00000|100%| O|  |TAMS 0x00000000ffd00000| PB 0x00000000ffd00000| Untracked 
| 972|0x00000000ffe00000, 0x00000000fff00000, 0x00000000fff00000|100%| O|  |TAMS 0x00000000ffe00000| PB 0x00000000ffe00000| Untracked 
| 973|0x00000000fff00000, 0x0000000100000000, 0x0000000100000000|100%| O|Cm|TAMS 0x00000000fff00000| PB 0x00000000fff00000| Complete 

Card table byte_map: [0x00000189e6fc0000,0x00000189e71b0000] _byte_map_base: 0x00000189e69a7000

Marking Bits: (CMBitMap*) 0x00000189cf983cf0
 Bits: [0x00000189e71b0000, 0x00000189e80e8000)

Polling page: 0x00000189cd950000

Metaspace:

Usage:
  Non-class:     19.89 MB used.
      Class:      3.10 MB used.
       Both:     23.00 MB used.

Virtual space:
  Non-class space:       64.00 MB reserved,      20.06 MB ( 31%) committed,  1 nodes.
      Class space:        1.00 GB reserved,       3.25 MB ( <1%) committed,  1 nodes.
             Both:        1.06 GB reserved,      23.31 MB (  2%) committed. 

Chunk freelists:
   Non-Class:  11.44 MB
       Class:  12.76 MB
        Both:  24.20 MB

MaxMetaspaceSize: unlimited
CompressedClassSpaceSize: 1.00 GB
Initial GC threshold: 21.00 MB
Current GC threshold: 38.69 MB
CDS: on
 - commit_granule_bytes: 65536.
 - commit_granule_words: 8192.
 - virtual_space_node_default_size: 8388608.
 - enlarge_chunks_in_place: 1.
 - use_allocation_guard: 0.


Internal statistics:

num_allocs_failed_limit: 3.
num_arena_births: 414.
num_arena_deaths: 0.
num_vsnodes_births: 2.
num_vsnodes_deaths: 0.
num_space_committed: 373.
num_space_uncommitted: 0.
num_chunks_returned_to_freelist: 3.
num_chunks_taken_from_freelist: 1239.
num_chunk_merges: 3.
num_chunk_splits: 839.
num_chunks_enlarged: 613.
num_inconsistent_stats: 0.

CodeHeap 'non-profiled nmethods': size=120000Kb used=2885Kb max_used=2885Kb free=117114Kb
 bounds [0x00000189df8a0000, 0x00000189dfb80000, 0x00000189e6dd0000]
CodeHeap 'profiled nmethods': size=120000Kb used=10773Kb max_used=11456Kb free=109226Kb
 bounds [0x00000189d7dd0000, 0x00000189d8910000, 0x00000189df300000]
CodeHeap 'non-nmethods': size=5760Kb used=2150Kb max_used=2212Kb free=3609Kb
 bounds [0x00000189df300000, 0x00000189df570000, 0x00000189df8a0000]
 total_blobs=6202 nmethods=5315 adapters=789
 compilation: enabled
              stopped_count=0, restarted_count=0
 full_count=0

Compilation events (20 events):
Event: 89.171 Thread 0x00000189ea5855b0 6147   !   3       javafx.scene.control.Control::doProcessCSS (111 bytes)
Event: 89.172 Thread 0x00000189ea5855b0 nmethod 6147 0x00000189d8252690 code [0x00000189d82529e0, 0x00000189d8253ed8]
Event: 89.172 Thread 0x00000189ea5855b0 6150       3       javafx.scene.control.SkinBase::snapPositionY (9 bytes)
Event: 89.173 Thread 0x00000189ea5855b0 nmethod 6150 0x00000189d8677410 code [0x00000189d8677660, 0x00000189d8677e90]
Event: 89.173 Thread 0x00000189ea5855b0 6148       3       javafx.scene.Parent::prefWidth (89 bytes)
Event: 89.173 Thread 0x00000189ea5855b0 nmethod 6148 0x00000189d8852a10 code [0x00000189d8852c60, 0x00000189d8853310]
Event: 89.174 Thread 0x00000189ea5855b0 6151       3       com.sun.javafx.scene.control.skin.Utils::computeTextHeight (92 bytes)
Event: 89.175 Thread 0x00000189ea5855b0 nmethod 6151 0x00000189d8122210 code [0x00000189d8122480, 0x00000189d8122c10]
Event: 89.175 Thread 0x00000189ea5855b0 6149       3       javafx.scene.control.ScrollBar::getMin (19 bytes)
Event: 89.175 Thread 0x00000189ea5855b0 nmethod 6149 0x00000189d861bc10 code [0x00000189d861be00, 0x00000189d861c1b0]
Event: 89.176 Thread 0x00000189ea5855b0 6152       3       java.lang.Throwable$WrappedPrintStream::println (9 bytes)
Event: 89.176 Thread 0x00000189ea5855b0 nmethod 6152 0x00000189d8852510 code [0x00000189d88526c0, 0x00000189d8852818]
Event: 89.176 Thread 0x00000189ea5855b0 6153   !   3       java.io.PrintStream::println (51 bytes)
Event: 89.176 Thread 0x00000189ea5855b0 nmethod 6153 0x00000189d8625a90 code [0x00000189d8625ce0, 0x00000189d8626520]
Event: 89.176 Thread 0x00000189ea5855b0 6155       3       java.lang.StackTraceElement::toString (298 bytes)
Event: 89.178 Thread 0x00000189ea5855b0 nmethod 6155 0x00000189d7f3f990 code [0x00000189d7f3fe40, 0x00000189d7f41e08]
Event: 89.178 Thread 0x00000189ea5855b0 6156       3       java.lang.StackTraceElement::dropClassLoaderName (16 bytes)
Event: 89.178 Thread 0x00000189ea5855b0 nmethod 6156 0x00000189d80b9d90 code [0x00000189d80b9f20, 0x00000189d80ba090]
Event: 89.178 Thread 0x00000189ea5855b0 6157   !   3       java.io.BufferedWriter::flushBuffer (63 bytes)
Event: 89.179 Thread 0x00000189ea5855b0 nmethod 6157 0x00000189d7ea0a90 code [0x00000189d7ea0da0, 0x00000189d7ea2140]

GC Heap History (20 events):
Event: 1.102 GC heap before
{Heap before GC invocations=1 (full 0):
 garbage-first heap   total 63488K, used 23176K [0x00000000c3200000, 0x0000000100000000)
  region size 1024K, 24 young (24576K), 2 survivors (2048K)
 Metaspace       used 4915K, committed 5120K, reserved 1114112K
  class space    used 537K, committed 640K, reserved 1048576K
}
Event: 1.108 GC heap after
{Heap after GC invocations=2 (full 0):
 garbage-first heap   total 63488K, used 5877K [0x00000000c3200000, 0x0000000100000000)
  region size 1024K, 3 young (3072K), 3 survivors (3072K)
 Metaspace       used 4915K, committed 5120K, reserved 1114112K
  class space    used 537K, committed 640K, reserved 1048576K
}
Event: 2.263 GC heap before
{Heap before GC invocations=2 (full 0):
 garbage-first heap   total 63488K, used 42741K [0x00000000c3200000, 0x0000000100000000)
  region size 1024K, 37 young (37888K), 3 survivors (3072K)
 Metaspace       used 12401K, committed 12736K, reserved 1114112K
  class space    used 1703K, committed 1856K, reserved 1048576K
}
Event: 2.272 GC heap after
{Heap after GC invocations=3 (full 0):
 garbage-first heap   total 63488K, used 12765K [0x00000000c3200000, 0x0000000100000000)
  region size 1024K, 4 young (4096K), 4 survivors (4096K)
 Metaspace       used 12401K, committed 12736K, reserved 1114112K
  class space    used 1703K, committed 1856K, reserved 1048576K
}
Event: 26.388 GC heap before
{Heap before GC invocations=3 (full 0):
 garbage-first heap   total 63488K, used 53725K [0x00000000c3200000, 0x0000000100000000)
  region size 1024K, 37 young (37888K), 4 survivors (4096K)
 Metaspace       used 19825K, committed 20160K, reserved 1114112K
  class space    used 2704K, committed 2880K, reserved 1048576K
}
Event: 26.394 GC heap after
{Heap after GC invocations=4 (full 0):
 garbage-first heap   total 63488K, used 20979K [0x00000000c3200000, 0x0000000100000000)
  region size 1024K, 4 young (4096K), 4 survivors (4096K)
 Metaspace       used 19825K, committed 20160K, reserved 1114112K
  class space    used 2704K, committed 2880K, reserved 1048576K
}
Event: 26.594 GC heap before
{Heap before GC invocations=4 (full 0):
 garbage-first heap   total 63488K, used 24051K [0x00000000c3200000, 0x0000000100000000)
  region size 1024K, 9 young (9216K), 4 survivors (4096K)
 Metaspace       used 21154K, committed 21504K, reserved 1114112K
  class space    used 2881K, committed 3072K, reserved 1048576K
}
Event: 26.599 GC heap after
{Heap after GC invocations=5 (full 0):
 garbage-first heap   total 63488K, used 21698K [0x00000000c3200000, 0x0000000100000000)
  region size 1024K, 1 young (1024K), 1 survivors (1024K)
 Metaspace       used 21154K, committed 21504K, reserved 1114112K
  class space    used 2881K, committed 3072K, reserved 1048576K
}
Event: 30.243 GC heap before
{Heap before GC invocations=6 (full 0):
 garbage-first heap   total 75776K, used 73922K [0x00000000c3200000, 0x0000000100000000)
  region size 1024K, 15 young (15360K), 1 survivors (1024K)
 Metaspace       used 22558K, committed 22976K, reserved 1114112K
  class space    used 3104K, committed 3264K, reserved 1048576K
}
Event: 30.247 GC heap after
{Heap after GC invocations=7 (full 0):
 garbage-first heap   total 78848K, used 62118K [0x00000000c3200000, 0x0000000100000000)
  region size 1024K, 3 young (3072K), 3 survivors (3072K)
 Metaspace       used 22558K, committed 22976K, reserved 1114112K
  class space    used 3104K, committed 3264K, reserved 1048576K
}
Event: 32.013 GC heap before
{Heap before GC invocations=7 (full 0):
 garbage-first heap   total 93184K, used 90790K [0x00000000c3200000, 0x0000000100000000)
  region size 1024K, 10 young (10240K), 3 survivors (3072K)
 Metaspace       used 22953K, committed 23296K, reserved 1114112K
  class space    used 3152K, committed 3328K, reserved 1048576K
}
Event: 32.018 GC heap after
{Heap after GC invocations=8 (full 0):
 garbage-first heap   total 97280K, used 85057K [0x00000000c3200000, 0x0000000100000000)
  region size 1024K, 1 young (1024K), 1 survivors (1024K)
 Metaspace       used 22953K, committed 23296K, reserved 1114112K
  class space    used 3152K, committed 3328K, reserved 1048576K
}
Event: 33.015 GC heap before
{Heap before GC invocations=8 (full 0):
 garbage-first heap   total 97280K, used 88129K [0x00000000c3200000, 0x0000000100000000)
  region size 1024K, 5 young (5120K), 1 survivors (1024K)
 Metaspace       used 23020K, committed 23360K, reserved 1114112K
  class space    used 3152K, committed 3328K, reserved 1048576K
}
Event: 33.018 GC heap after
{Heap after GC invocations=9 (full 0):
 garbage-first heap   total 97280K, used 85694K [0x00000000c3200000, 0x0000000100000000)
  region size 1024K, 1 young (1024K), 1 survivors (1024K)
 Metaspace       used 23020K, committed 23360K, reserved 1114112K
  class space    used 3152K, committed 3328K, reserved 1048576K
}
Event: 34.197 GC heap before
{Heap before GC invocations=10 (full 0):
 garbage-first heap   total 147456K, used 124606K [0x00000000c3200000, 0x0000000100000000)
  region size 1024K, 7 young (7168K), 1 survivors (1024K)
 Metaspace       used 23215K, committed 23552K, reserved 1114112K
  class space    used 3171K, committed 3328K, reserved 1048576K
}
Event: 34.199 GC heap after
{Heap after GC invocations=11 (full 0):
 garbage-first heap   total 147456K, used 119382K [0x00000000c3200000, 0x0000000100000000)
  region size 1024K, 1 young (1024K), 1 survivors (1024K)
 Metaspace       used 23215K, committed 23552K, reserved 1114112K
  class space    used 3171K, committed 3328K, reserved 1048576K
}
Event: 38.375 GC heap before
{Heap before GC invocations=11 (full 0):
 garbage-first heap   total 151552K, used 151126K [0x00000000c3200000, 0x0000000100000000)
  region size 1024K, 10 young (10240K), 1 survivors (1024K)
 Metaspace       used 23401K, committed 23744K, reserved 1114112K
  class space    used 3177K, committed 3328K, reserved 1048576K
}
Event: 38.379 GC heap after
{Heap after GC invocations=12 (full 0):
 garbage-first heap   total 154624K, used 121899K [0x00000000c3200000, 0x0000000100000000)
  region size 1024K, 2 young (2048K), 2 survivors (2048K)
 Metaspace       used 23401K, committed 23744K, reserved 1114112K
  class space    used 3177K, committed 3328K, reserved 1048576K
}
Event: 39.125 GC heap before
{Heap before GC invocations=12 (full 0):
 garbage-first heap   total 154624K, used 121899K [0x00000000c3200000, 0x0000000100000000)
  region size 1024K, 3 young (3072K), 2 survivors (2048K)
 Metaspace       used 23402K, committed 23744K, reserved 1114112K
  class space    used 3177K, committed 3328K, reserved 1048576K
}
Event: 39.128 GC heap after
{Heap after GC invocations=13 (full 0):
 garbage-first heap   total 154624K, used 121988K [0x00000000c3200000, 0x0000000100000000)
  region size 1024K, 1 young (1024K), 1 survivors (1024K)
 Metaspace       used 23402K, committed 23744K, reserved 1114112K
  class space    used 3177K, committed 3328K, reserved 1048576K
}

Dll operation events (20 events):
Event: 0.418 Loaded shared library C:\Users\USER\.openjfx\cache\23.0.1+4\amd64\api-ms-win-crt-math-l1-1-0.dll
Event: 0.421 Loaded shared library C:\Users\USER\.openjfx\cache\23.0.1+4\amd64\api-ms-win-crt-multibyte-l1-1-0.dll
Event: 0.426 Loaded shared library C:\Users\USER\.openjfx\cache\23.0.1+4\amd64\api-ms-win-crt-private-l1-1-0.dll
Event: 0.430 Loaded shared library C:\Users\USER\.openjfx\cache\23.0.1+4\amd64\api-ms-win-crt-process-l1-1-0.dll
Event: 0.433 Loaded shared library C:\Users\USER\.openjfx\cache\23.0.1+4\amd64\api-ms-win-crt-runtime-l1-1-0.dll
Event: 0.436 Loaded shared library C:\Users\USER\.openjfx\cache\23.0.1+4\amd64\api-ms-win-crt-stdio-l1-1-0.dll
Event: 0.441 Loaded shared library C:\Users\USER\.openjfx\cache\23.0.1+4\amd64\api-ms-win-crt-string-l1-1-0.dll
Event: 0.444 Loaded shared library C:\Users\USER\.openjfx\cache\23.0.1+4\amd64\api-ms-win-crt-time-l1-1-0.dll
Event: 0.447 Loaded shared library C:\Users\USER\.openjfx\cache\23.0.1+4\amd64\api-ms-win-crt-utility-l1-1-0.dll
Event: 0.461 Loaded shared library C:\Users\USER\.openjfx\cache\23.0.1+4\amd64\ucrtbase.dll
Event: 0.466 Loaded shared library C:\Users\USER\.openjfx\cache\23.0.1+4\amd64\vcruntime140.dll
Event: 0.472 Loaded shared library C:\Users\USER\.openjfx\cache\23.0.1+4\amd64\vcruntime140_1.dll
Event: 0.483 Loaded shared library C:\Users\USER\.openjfx\cache\23.0.1+4\amd64\msvcp140.dll
Event: 0.487 Loaded shared library C:\Users\USER\.openjfx\cache\23.0.1+4\amd64\msvcp140_1.dll
Event: 0.495 Loaded shared library C:\Users\USER\.openjfx\cache\23.0.1+4\amd64\msvcp140_2.dll
Event: 0.555 Loaded shared library C:\Users\USER\.openjfx\cache\23.0.1+4\amd64\prism_d3d.dll
Event: 0.666 Loaded shared library C:\Users\USER\.openjfx\cache\23.0.1+4\amd64\glass.dll
Event: 0.828 Loaded shared library C:\Program Files\Java\jdk-21\bin\jimage.dll
Event: 1.356 Loaded shared library C:\Users\USER\.openjfx\cache\23.0.1+4\amd64\javafx_font.dll
Event: 26.347 Loaded shared library C:\Program Files\Java\jdk-21\bin\extnet.dll

Deoptimization events (20 events):
Event: 89.022 Thread 0x00000189ef477de0 DEOPT PACKING pc=0x00000189d8701818 sp=0x00000088d5dfb2c0
Event: 89.022 Thread 0x00000189ef477de0 DEOPT UNPACKING pc=0x00000189df3588e2 sp=0x00000088d5dfa7b0 mode 0
Event: 89.052 Thread 0x00000189ef477de0 Uncommon trap: trap_request=0xffffffd6 fr.pc=0x00000189dfb24024 relative=0x00000000000003c4
Event: 89.052 Thread 0x00000189ef477de0 Uncommon trap: reason=array_check action=maybe_recompile pc=0x00000189dfb24024 method=javafx.css.CompoundSelector.applies(Ljavafx/css/Styleable;[Ljava/util/Set;I)Z @ 133 c2
Event: 89.052 Thread 0x00000189ef477de0 DEOPT PACKING pc=0x00000189dfb24024 sp=0x00000088d5dfa200
Event: 89.052 Thread 0x00000189ef477de0 DEOPT UNPACKING pc=0x00000189df357da2 sp=0x00000088d5dfa188 mode 2
Event: 89.052 Thread 0x00000189ef477de0 Uncommon trap: trap_request=0xffffffd6 fr.pc=0x00000189dfb24024 relative=0x00000000000003c4
Event: 89.052 Thread 0x00000189ef477de0 Uncommon trap: reason=array_check action=maybe_recompile pc=0x00000189dfb24024 method=javafx.css.CompoundSelector.applies(Ljavafx/css/Styleable;[Ljava/util/Set;I)Z @ 133 c2
Event: 89.052 Thread 0x00000189ef477de0 DEOPT PACKING pc=0x00000189dfb24024 sp=0x00000088d5dfa200
Event: 89.052 Thread 0x00000189ef477de0 DEOPT UNPACKING pc=0x00000189df357da2 sp=0x00000088d5dfa188 mode 2
Event: 89.053 Thread 0x00000189ef477de0 Uncommon trap: trap_request=0xffffffd6 fr.pc=0x00000189dfb24024 relative=0x00000000000003c4
Event: 89.053 Thread 0x00000189ef477de0 Uncommon trap: reason=array_check action=maybe_recompile pc=0x00000189dfb24024 method=javafx.css.CompoundSelector.applies(Ljavafx/css/Styleable;[Ljava/util/Set;I)Z @ 133 c2
Event: 89.053 Thread 0x00000189ef477de0 DEOPT PACKING pc=0x00000189dfb24024 sp=0x00000088d5dfa200
Event: 89.053 Thread 0x00000189ef477de0 DEOPT UNPACKING pc=0x00000189df357da2 sp=0x00000088d5dfa188 mode 2
Event: 89.053 Thread 0x00000189ef477de0 Uncommon trap: trap_request=0xffffffd6 fr.pc=0x00000189dfb24024 relative=0x00000000000003c4
Event: 89.053 Thread 0x00000189ef477de0 Uncommon trap: reason=array_check action=maybe_recompile pc=0x00000189dfb24024 method=javafx.css.CompoundSelector.applies(Ljavafx/css/Styleable;[Ljava/util/Set;I)Z @ 133 c2
Event: 89.053 Thread 0x00000189ef477de0 DEOPT PACKING pc=0x00000189dfb24024 sp=0x00000088d5dfa200
Event: 89.053 Thread 0x00000189ef477de0 DEOPT UNPACKING pc=0x00000189df357da2 sp=0x00000088d5dfa188 mode 2
Event: 89.072 Thread 0x00000189ef477de0 DEOPT PACKING pc=0x00000189d8701818 sp=0x00000088d5dfa380
Event: 89.072 Thread 0x00000189ef477de0 DEOPT UNPACKING pc=0x00000189df3588e2 sp=0x00000088d5df9870 mode 0

Classes loaded (20 events):
Event: 28.868 Loading class javax/crypto/NoSuchPaddingException
Event: 28.869 Loading class javax/crypto/NoSuchPaddingException done
Event: 28.869 Loading class javax/crypto/IllegalBlockSizeException
Event: 28.869 Loading class javax/crypto/IllegalBlockSizeException done
Event: 28.869 Loading class javax/crypto/BadPaddingException
Event: 28.869 Loading class javax/crypto/BadPaddingException done
Event: 28.869 Loading class javax/net/ssl/SSLSocket
Event: 28.871 Loading class javax/net/ssl/SSLSocket done
Event: 30.238 Loading class jdk/internal/math/FDBigInteger
Event: 30.239 Loading class jdk/internal/math/FDBigInteger done
Event: 35.362 Loading class java/lang/invoke/WrongMethodTypeException
Event: 35.362 Loading class java/lang/invoke/WrongMethodTypeException done
Event: 35.362 Loading class jdk/internal/reflect/AccessorUtils
Event: 35.362 Loading class jdk/internal/reflect/AccessorUtils done
Event: 35.363 Loading class java/lang/Throwable$WrappedPrintStream
Event: 35.364 Loading class java/lang/Throwable$PrintStreamOrWriter
Event: 35.364 Loading class java/lang/Throwable$PrintStreamOrWriter done
Event: 35.364 Loading class java/lang/Throwable$WrappedPrintStream done
Event: 36.327 Loading class java/lang/foreign/MemorySegment
Event: 36.327 Loading class java/lang/foreign/MemorySegment done

Classes unloaded (0 events):
No events

Classes redefined (0 events):
No events

Internal exceptions (20 events):
Event: 26.092 Thread 0x00000189ef477de0 Exception <a 'java/lang/NoSuchMethodError'{0x00000000c53a2d28}: 'java.lang.Object java.lang.invoke.DirectMethodHandle$Holder.invokeVirtual(java.lang.Object, java.lang.Object, java.lang.Object)'> (0x00000000c53a2d28) 
thrown [s\open\src\hotspot\share\interpreter\linkResolver.cpp, line 773]
Event: 28.367 Thread 0x00000189ef477de0 Exception <a 'java/lang/NoSuchMethodError'{0x00000000c6b6bb28}: 'java.lang.Object java.lang.invoke.DelegatingMethodHandle$Holder.reinvoke_L(java.lang.Object, double, double, double, double)'> (0x00000000c6b6bb28) 
thrown [s\open\src\hotspot\share\interpreter\linkResolver.cpp, line 773]
Event: 28.371 Thread 0x00000189ef477de0 Exception <a 'java/lang/NoSuchMethodError'{0x00000000c6b76d90}: 'java.lang.Object java.lang.invoke.DirectMethodHandle$Holder.invokeStatic(java.lang.Object, java.lang.Object, int)'> (0x00000000c6b76d90) 
thrown [s\open\src\hotspot\share\interpreter\linkResolver.cpp, line 773]
Event: 28.371 Thread 0x00000189ef477de0 Exception <a 'java/lang/NoSuchMethodError'{0x00000000c6b7aed8}: 'void java.lang.invoke.DirectMethodHandle$Holder.invokeStatic(java.lang.Object, java.lang.Object, int, java.lang.Object)'> (0x00000000c6b7aed8) 
thrown [s\open\src\hotspot\share\interpreter\linkResolver.cpp, line 773]
Event: 28.372 Thread 0x00000189ef477de0 Exception <a 'java/lang/NoSuchMethodError'{0x00000000c6b82128}: 'void java.lang.invoke.DelegatingMethodHandle$Holder.delegate(java.lang.Object, java.lang.Object, int, java.lang.Object)'> (0x00000000c6b82128) 
thrown [s\open\src\hotspot\share\interpreter\linkResolver.cpp, line 773]
Event: 28.417 Thread 0x00000189ef477de0 Exception <a 'java/lang/NoSuchMethodError'{0x00000000c6bab680}: 'java.lang.Object java.lang.invoke.DirectMethodHandle$Holder.newInvokeSpecial(java.lang.Object, double)'> (0x00000000c6bab680) 
thrown [s\open\src\hotspot\share\interpreter\linkResolver.cpp, line 773]
Event: 28.552 Thread 0x00000189ef477de0 Exception <a 'java/io/FileNotFoundException'{0x00000000c69b56a0}> (0x00000000c69b56a0) 
thrown [s\open\src\hotspot\share\prims\jni.cpp, line 520]
Event: 28.552 Thread 0x00000189ef477de0 Exception <a 'java/io/FileNotFoundException'{0x00000000c69b6fc0}> (0x00000000c69b6fc0) 
thrown [s\open\src\hotspot\share\prims\jni.cpp, line 520]
Event: 28.557 Thread 0x00000189ef477de0 Exception <a 'java/io/FileNotFoundException'{0x00000000c69bdcc8}> (0x00000000c69bdcc8) 
thrown [s\open\src\hotspot\share\prims\jni.cpp, line 520]
Event: 28.876 Thread 0x00000189ef477de0 Exception <a 'java/lang/NoSuchMethodError'{0x00000000c64f5328}: 'void java.lang.invoke.DirectMethodHandle$Holder.invokeInterface(java.lang.Object, java.lang.Object)'> (0x00000000c64f5328) 
thrown [s\open\src\hotspot\share\interpreter\linkResolver.cpp, line 773]
Event: 32.001 Thread 0x00000189ef477de0 Exception <a 'java/io/FileNotFoundException'{0x00000000c693f4d0}> (0x00000000c693f4d0) 
thrown [s\open\src\hotspot\share\prims\jni.cpp, line 520]
Event: 32.045 Thread 0x00000189ef2b49d0 Implicit null exception at 0x00000189dfa1b95e to 0x00000189dfa1b9d0
Event: 34.208 Thread 0x00000189ef477de0 Exception <a 'java/io/FileNotFoundException'{0x00000000cbe63328}> (0x00000000cbe63328) 
thrown [s\open\src\hotspot\share\prims\jni.cpp, line 520]
Event: 35.362 Thread 0x00000189ef477de0 Exception <a 'java/lang/NullPointerException'{0x00000000c8d06790}> (0x00000000c8d06790) 
thrown [s\open\src\hotspot\share\interpreter\linkResolver.cpp, line 1372]
Event: 39.196 Thread 0x00000189ef477de0 Exception <a 'java/lang/NullPointerException'{0x00000000cc390028}> (0x00000000cc390028) 
thrown [s\open\src\hotspot\share\interpreter\linkResolver.cpp, line 1372]
Event: 41.957 Thread 0x00000189ef477de0 Exception <a 'java/lang/NullPointerException'{0x00000000cbffc0b8}> (0x00000000cbffc0b8) 
thrown [s\open\src\hotspot\share\interpreter\linkResolver.cpp, line 1372]
Event: 89.161 Thread 0x00000189ef2b49d0 Implicit null exception at 0x00000189d84b74aa to 0x00000189d84b7e73
Event: 89.162 Thread 0x00000189ef2b49d0 Exception <a 'java/lang/NullPointerException'{0x00000000c8dbf408}> (0x00000000c8dbf408) 
thrown [s\open\src\hotspot\share\runtime\sharedRuntime.cpp, line 625]
Event: 89.175 Thread 0x00000189ef2b49d0 Implicit null exception at 0x00000189d84b74aa to 0x00000189d84b7e73
Event: 89.175 Thread 0x00000189ef2b49d0 Exception <a 'java/lang/NullPointerException'{0x00000000c8ddb398}> (0x00000000c8ddb398) 
thrown [s\open\src\hotspot\share\runtime\sharedRuntime.cpp, line 625]

ZGC Phase Switch (0 events):
No events

VM Operations (20 events):
Event: 40.160 Executing VM operation: Cleanup
Event: 40.160 Executing VM operation: Cleanup done
Event: 41.161 Executing VM operation: Cleanup
Event: 41.161 Executing VM operation: Cleanup done
Event: 42.162 Executing VM operation: Cleanup
Event: 42.162 Executing VM operation: Cleanup done
Event: 43.162 Executing VM operation: Cleanup
Event: 43.162 Executing VM operation: Cleanup done
Event: 44.164 Executing VM operation: Cleanup
Event: 44.164 Executing VM operation: Cleanup done
Event: 60.098 Executing VM operation: HandshakeAllThreads (HandshakeForDeflation)
Event: 60.098 Executing VM operation: HandshakeAllThreads (HandshakeForDeflation) done
Event: 60.098 Executing VM operation: RendezvousGCThreads
Event: 60.098 Executing VM operation: RendezvousGCThreads done
Event: 86.258 Executing VM operation: Cleanup
Event: 86.259 Executing VM operation: Cleanup done
Event: 87.261 Executing VM operation: Cleanup
Event: 87.261 Executing VM operation: Cleanup done
Event: 88.266 Executing VM operation: Cleanup
Event: 88.266 Executing VM operation: Cleanup done

Events (20 events):
Event: 39.150 Thread 0x00000189cfa086f0 flushing nmethod 0x00000189d8333890
Event: 39.150 Thread 0x00000189cfa086f0 flushing nmethod 0x00000189d8342a10
Event: 39.150 Thread 0x00000189cfa086f0 flushing nmethod 0x00000189d8346a10
Event: 39.150 Thread 0x00000189cfa086f0 flushing nmethod 0x00000189d8348210
Event: 39.150 Thread 0x00000189cfa086f0 flushing nmethod 0x00000189d8348f10
Event: 39.150 Thread 0x00000189cfa086f0 flushing nmethod 0x00000189d8349b10
Event: 39.150 Thread 0x00000189cfa086f0 flushing nmethod 0x00000189d834e090
Event: 39.150 Thread 0x00000189cfa086f0 flushing nmethod 0x00000189d83a7210
Event: 39.150 Thread 0x00000189cfa086f0 flushing nmethod 0x00000189d83a7e10
Event: 39.150 Thread 0x00000189cfa086f0 flushing nmethod 0x00000189d83d7910
Event: 39.150 Thread 0x00000189cfa086f0 flushing nmethod 0x00000189d8542490
Event: 39.150 Thread 0x00000189cfa086f0 flushing nmethod 0x00000189d8545d10
Event: 39.150 Thread 0x00000189cfa086f0 flushing nmethod 0x00000189d8621a90
Event: 39.150 Thread 0x00000189cfa086f0 flushing nmethod 0x00000189d8622e90
Event: 39.150 Thread 0x00000189cfa086f0 flushing nmethod 0x00000189d8677410
Event: 39.150 Thread 0x00000189cfa086f0 flushing nmethod 0x00000189d86d6790
Event: 39.150 Thread 0x00000189cfa086f0 flushing nmethod 0x00000189d86d8510
Event: 39.150 Thread 0x00000189cfa086f0 flushing nmethod 0x00000189d86da990
Event: 39.150 Thread 0x00000189cfa086f0 flushing nmethod 0x00000189d870fe90
Event: 39.150 Thread 0x00000189cfa086f0 flushing nmethod 0x00000189d876b410


Dynamic libraries:
0x00007ff768700000 - 0x00007ff768710000 	C:\Program Files\Java\jdk-21\bin\java.exe
0x00007ff943690000 - 0x00007ff9438a7000 	C:\WINDOWS\SYSTEM32\ntdll.dll
0x00007ff941fd0000 - 0x00007ff942094000 	C:\WINDOWS\System32\KERNEL32.DLL
0x00007ff940b40000 - 0x00007ff940efa000 	C:\WINDOWS\System32\KERNELBASE.dll
0x00007ff9409a0000 - 0x00007ff940ab1000 	C:\WINDOWS\System32\ucrtbase.dll
0x00007ff9260e0000 - 0x00007ff9260fb000 	C:\Program Files\Java\jdk-21\bin\VCRUNTIME140.dll
0x00007ff9170a0000 - 0x00007ff9170b9000 	C:\Program Files\Java\jdk-21\bin\jli.dll
0x00007ff943530000 - 0x00007ff9435e2000 	C:\WINDOWS\System32\ADVAPI32.dll
0x00007ff9427c0000 - 0x00007ff942867000 	C:\WINDOWS\System32\msvcrt.dll
0x00007ff942480000 - 0x00007ff942527000 	C:\WINDOWS\System32\sechost.dll
0x00007ff9410e0000 - 0x00007ff941108000 	C:\WINDOWS\System32\bcrypt.dll
0x00007ff943410000 - 0x00007ff943524000 	C:\WINDOWS\System32\RPCRT4.dll
0x00007ff9422d0000 - 0x00007ff94247e000 	C:\WINDOWS\System32\USER32.dll
0x00007ff940970000 - 0x00007ff940996000 	C:\WINDOWS\System32\win32u.dll
0x00007ff92a640000 - 0x00007ff92a8d2000 	C:\WINDOWS\WinSxS\amd64_microsoft.windows.common-controls_6595b64144ccf1df_6.0.22621.4541_none_2710d1c57384c085\COMCTL32.dll
0x00007ff9422a0000 - 0x00007ff9422c9000 	C:\WINDOWS\System32\GDI32.dll
0x00007ff940fc0000 - 0x00007ff9410db000 	C:\WINDOWS\System32\gdi32full.dll
0x00007ff941110000 - 0x00007ff9411aa000 	C:\WINDOWS\System32\msvcp_win.dll
0x00007ff936c00000 - 0x00007ff936c0a000 	C:\WINDOWS\SYSTEM32\VERSION.dll
0x00007ff9413a0000 - 0x00007ff9413d1000 	C:\WINDOWS\System32\IMM32.DLL
0x00007ff93a340000 - 0x00007ff93a34c000 	C:\Program Files\Java\jdk-21\bin\vcruntime140_1.dll
0x00007ff91f7b0000 - 0x00007ff91f83e000 	C:\Program Files\Java\jdk-21\bin\msvcp140.dll
0x00007ff900990000 - 0x00007ff9016a8000 	C:\Program Files\Java\jdk-21\bin\server\jvm.dll
0x00007ff9432e0000 - 0x00007ff943351000 	C:\WINDOWS\System32\WS2_32.dll
0x00007ff939260000 - 0x00007ff939294000 	C:\WINDOWS\SYSTEM32\WINMM.dll
0x00007ff940840000 - 0x00007ff94088d000 	C:\WINDOWS\SYSTEM32\POWRPROF.dll
0x00007ff940820000 - 0x00007ff940833000 	C:\WINDOWS\SYSTEM32\UMPDC.dll
0x00007ff93f9b0000 - 0x00007ff93f9c8000 	C:\WINDOWS\SYSTEM32\kernel.appcore.dll
0x00007ff936fc0000 - 0x00007ff936fca000 	C:\Program Files\Java\jdk-21\bin\jimage.dll
0x00007ff93e200000 - 0x00007ff93e432000 	C:\WINDOWS\SYSTEM32\DBGHELP.DLL
0x00007ff941c40000 - 0x00007ff941fcf000 	C:\WINDOWS\System32\combase.dll
0x00007ff9415b0000 - 0x00007ff941687000 	C:\WINDOWS\System32\OLEAUT32.dll
0x00007ff921190000 - 0x00007ff9211c2000 	C:\WINDOWS\SYSTEM32\dbgcore.DLL
0x00007ff940ac0000 - 0x00007ff940b3b000 	C:\WINDOWS\System32\bcryptPrimitives.dll
0x00007ff9260c0000 - 0x00007ff9260df000 	C:\Program Files\Java\jdk-21\bin\java.dll
0x00007ff942890000 - 0x00007ff943108000 	C:\WINDOWS\System32\SHELL32.dll
0x00007ff93e8b0000 - 0x00007ff93f1b8000 	C:\WINDOWS\SYSTEM32\windows.storage.dll
0x00007ff93e770000 - 0x00007ff93e8af000 	C:\WINDOWS\SYSTEM32\wintypes.dll
0x00007ff9420a0000 - 0x00007ff94219a000 	C:\WINDOWS\System32\SHCORE.dll
0x00007ff942540000 - 0x00007ff94259e000 	C:\WINDOWS\System32\shlwapi.dll
0x00007ff9408a0000 - 0x00007ff9408cb000 	C:\WINDOWS\SYSTEM32\profapi.dll
0x00007ff91fab0000 - 0x00007ff91fb87000 	C:\Program Files\Java\jdk-21\bin\jsvml.dll
0x00007ff929e50000 - 0x00007ff929e60000 	C:\Program Files\Java\jdk-21\bin\net.dll
0x00007ff93a650000 - 0x00007ff93a786000 	C:\WINDOWS\SYSTEM32\WINHTTP.dll
0x00007ff93fe30000 - 0x00007ff93fe99000 	C:\WINDOWS\system32\mswsock.dll
0x00007ff926020000 - 0x00007ff926036000 	C:\Program Files\Java\jdk-21\bin\nio.dll
0x00007ff91fe90000 - 0x00007ff91fea8000 	C:\Program Files\Java\jdk-21\bin\zip.dll
0x00000189cf8a0000 - 0x00000189cf8a3000 	C:\Users\USER\.openjfx\cache\23.0.1+4\amd64\api-ms-win-core-console-l1-1-0.dll
0x00000189cf8b0000 - 0x00000189cf8b3000 	C:\Users\USER\.openjfx\cache\23.0.1+4\amd64\api-ms-win-core-console-l1-2-0.dll
0x00000189cf8c0000 - 0x00000189cf8c3000 	C:\Users\USER\.openjfx\cache\23.0.1+4\amd64\api-ms-win-core-datetime-l1-1-0.dll
0x00000189cf8d0000 - 0x00000189cf8d3000 	C:\Users\USER\.openjfx\cache\23.0.1+4\amd64\api-ms-win-core-debug-l1-1-0.dll
0x00000189cf8e0000 - 0x00000189cf8e3000 	C:\Users\USER\.openjfx\cache\23.0.1+4\amd64\api-ms-win-core-errorhandling-l1-1-0.dll
0x00000189cf8f0000 - 0x00000189cf8f4000 	C:\Users\USER\.openjfx\cache\23.0.1+4\amd64\api-ms-win-core-file-l1-1-0.dll
0x00000189cf900000 - 0x00000189cf903000 	C:\Users\USER\.openjfx\cache\23.0.1+4\amd64\api-ms-win-core-file-l1-2-0.dll
0x00000189eab20000 - 0x00000189eab23000 	C:\Users\USER\.openjfx\cache\23.0.1+4\amd64\api-ms-win-core-file-l2-1-0.dll
0x00000189eab30000 - 0x00000189eab33000 	C:\Users\USER\.openjfx\cache\23.0.1+4\amd64\api-ms-win-core-handle-l1-1-0.dll
0x00000189eab40000 - 0x00000189eab43000 	C:\Users\USER\.openjfx\cache\23.0.1+4\amd64\api-ms-win-core-heap-l1-1-0.dll
0x00000189eab50000 - 0x00000189eab53000 	C:\Users\USER\.openjfx\cache\23.0.1+4\amd64\api-ms-win-core-interlocked-l1-1-0.dll
0x00000189eab60000 - 0x00000189eab63000 	C:\Users\USER\.openjfx\cache\23.0.1+4\amd64\api-ms-win-core-libraryloader-l1-1-0.dll
0x00000189eab70000 - 0x00000189eab73000 	C:\Users\USER\.openjfx\cache\23.0.1+4\amd64\api-ms-win-core-localization-l1-2-0.dll
0x00000189eab80000 - 0x00000189eab83000 	C:\Users\USER\.openjfx\cache\23.0.1+4\amd64\api-ms-win-core-memory-l1-1-0.dll
0x00000189eab90000 - 0x00000189eab93000 	C:\Users\USER\.openjfx\cache\23.0.1+4\amd64\api-ms-win-core-namedpipe-l1-1-0.dll
0x00000189eaba0000 - 0x00000189eaba3000 	C:\Users\USER\.openjfx\cache\23.0.1+4\amd64\api-ms-win-core-processenvironment-l1-1-0.dll
0x00000189eabb0000 - 0x00000189eabb3000 	C:\Users\USER\.openjfx\cache\23.0.1+4\amd64\api-ms-win-core-processthreads-l1-1-0.dll
0x00000189eabc0000 - 0x00000189eabc3000 	C:\Users\USER\.openjfx\cache\23.0.1+4\amd64\api-ms-win-core-processthreads-l1-1-1.dll
0x00000189eabd0000 - 0x00000189eabd3000 	C:\Users\USER\.openjfx\cache\23.0.1+4\amd64\api-ms-win-core-profile-l1-1-0.dll
0x00000189eabe0000 - 0x00000189eabe3000 	C:\Users\USER\.openjfx\cache\23.0.1+4\amd64\api-ms-win-core-rtlsupport-l1-1-0.dll
0x00000189eabf0000 - 0x00000189eabf3000 	C:\Users\USER\.openjfx\cache\23.0.1+4\amd64\api-ms-win-core-string-l1-1-0.dll
0x00000189eac00000 - 0x00000189eac03000 	C:\Users\USER\.openjfx\cache\23.0.1+4\amd64\api-ms-win-core-synch-l1-1-0.dll
0x00000189eac10000 - 0x00000189eac13000 	C:\Users\USER\.openjfx\cache\23.0.1+4\amd64\api-ms-win-core-synch-l1-2-0.dll
0x00000189eac20000 - 0x00000189eac23000 	C:\Users\USER\.openjfx\cache\23.0.1+4\amd64\api-ms-win-core-sysinfo-l1-1-0.dll
0x00000189eac30000 - 0x00000189eac33000 	C:\Users\USER\.openjfx\cache\23.0.1+4\amd64\api-ms-win-core-timezone-l1-1-0.dll
0x00000189eac40000 - 0x00000189eac43000 	C:\Users\USER\.openjfx\cache\23.0.1+4\amd64\api-ms-win-core-util-l1-1-0.dll
0x00000189eac50000 - 0x00000189eac53000 	C:\Users\USER\.openjfx\cache\23.0.1+4\amd64\api-ms-win-crt-conio-l1-1-0.dll
0x00000189eac60000 - 0x00000189eac64000 	C:\Users\USER\.openjfx\cache\23.0.1+4\amd64\api-ms-win-crt-convert-l1-1-0.dll
0x00000189eac70000 - 0x00000189eac73000 	C:\Users\USER\.openjfx\cache\23.0.1+4\amd64\api-ms-win-crt-environment-l1-1-0.dll
0x00000189eac80000 - 0x00000189eac83000 	C:\Users\USER\.openjfx\cache\23.0.1+4\amd64\api-ms-win-crt-filesystem-l1-1-0.dll
0x00000189eac90000 - 0x00000189eac93000 	C:\Users\USER\.openjfx\cache\23.0.1+4\amd64\api-ms-win-crt-heap-l1-1-0.dll
0x00000189eaca0000 - 0x00000189eaca3000 	C:\Users\USER\.openjfx\cache\23.0.1+4\amd64\api-ms-win-crt-locale-l1-1-0.dll
0x00000189eacb0000 - 0x00000189eacb5000 	C:\Users\USER\.openjfx\cache\23.0.1+4\amd64\api-ms-win-crt-math-l1-1-0.dll
0x00000189eacc0000 - 0x00000189eacc5000 	C:\Users\USER\.openjfx\cache\23.0.1+4\amd64\api-ms-win-crt-multibyte-l1-1-0.dll
0x00000189eacd0000 - 0x00000189eace0000 	C:\Users\USER\.openjfx\cache\23.0.1+4\amd64\api-ms-win-crt-private-l1-1-0.dll
0x00000189eace0000 - 0x00000189eace3000 	C:\Users\USER\.openjfx\cache\23.0.1+4\amd64\api-ms-win-crt-process-l1-1-0.dll
0x00000189eacf0000 - 0x00000189eacf4000 	C:\Users\USER\.openjfx\cache\23.0.1+4\amd64\api-ms-win-crt-runtime-l1-1-0.dll
0x00000189ead00000 - 0x00000189ead04000 	C:\Users\USER\.openjfx\cache\23.0.1+4\amd64\api-ms-win-crt-stdio-l1-1-0.dll
0x00000189ead10000 - 0x00000189ead14000 	C:\Users\USER\.openjfx\cache\23.0.1+4\amd64\api-ms-win-crt-string-l1-1-0.dll
0x00000189ead20000 - 0x00000189ead23000 	C:\Users\USER\.openjfx\cache\23.0.1+4\amd64\api-ms-win-crt-time-l1-1-0.dll
0x00000189ead30000 - 0x00000189ead33000 	C:\Users\USER\.openjfx\cache\23.0.1+4\amd64\api-ms-win-crt-utility-l1-1-0.dll
0x00007ff89ff80000 - 0x00007ff8a007c000 	C:\Users\USER\.openjfx\cache\23.0.1+4\amd64\ucrtbase.dll
0x00007ff917060000 - 0x00007ff91707b000 	C:\Users\USER\.openjfx\cache\23.0.1+4\amd64\vcruntime140.dll
0x00007ff923020000 - 0x00007ff92302c000 	C:\Users\USER\.openjfx\cache\23.0.1+4\amd64\vcruntime140_1.dll
0x00007ff8f8860000 - 0x00007ff8f88ee000 	C:\Users\USER\.openjfx\cache\23.0.1+4\amd64\msvcp140.dll
0x00007ff91ba40000 - 0x00007ff91ba49000 	C:\Users\USER\.openjfx\cache\23.0.1+4\amd64\msvcp140_1.dll
0x00007ff8fb730000 - 0x00007ff8fb771000 	C:\Users\USER\.openjfx\cache\23.0.1+4\amd64\msvcp140_2.dll
0x00007ff8fdd70000 - 0x00007ff8fdda0000 	C:\Users\USER\.openjfx\cache\23.0.1+4\amd64\prism_d3d.dll
0x00007ff8ea480000 - 0x00007ff8ea628000 	C:\WINDOWS\system32\d3d9.dll
0x00007ff93de30000 - 0x00007ff93de5b000 	C:\WINDOWS\SYSTEM32\dwmapi.dll
0x00007ff93dbf0000 - 0x00007ff93dc27000 	C:\WINDOWS\SYSTEM32\dxcore.dll
0x00007ff93da00000 - 0x00007ff93dab1000 	C:\WINDOWS\system32\uxtheme.dll
0x00007ff919af0000 - 0x00007ff919d5f000 	C:\WINDOWS\System32\DriverStore\FileRepository\iigd_dch.inf_amd64_03e2a5c7c3b3fa7c\igdumdim64.dll
0x00007ff943120000 - 0x00007ff9432c5000 	C:\WINDOWS\System32\ole32.dll
0x00007ff8995b0000 - 0x00007ff89aad3000 	C:\WINDOWS\System32\DriverStore\FileRepository\iigd_dch.inf_amd64_03e2a5c7c3b3fa7c\igd9dxva64.dll
0x00007ff941720000 - 0x00007ff941b94000 	C:\WINDOWS\System32\SETUPAPI.dll
0x00007ff940540000 - 0x00007ff94058e000 	C:\WINDOWS\SYSTEM32\cfgmgr32.dll
0x00007ff8d1bd0000 - 0x00007ff8d38fb000 	C:\WINDOWS\System32\DriverStore\FileRepository\iigd_dch.inf_amd64_03e2a5c7c3b3fa7c\media_bin_64.dll
0x00007ff9345e0000 - 0x00007ff934a1f000 	C:\WINDOWS\System32\DriverStore\FileRepository\iigd_dch.inf_amd64_03e2a5c7c3b3fa7c\igdgmm64.dll
0x00007ff939440000 - 0x00007ff939489000 	C:\WINDOWS\SYSTEM32\directxdatabasehelper.dll
0x00007ff8f8810000 - 0x00007ff8f8855000 	C:\Users\USER\.openjfx\cache\23.0.1+4\amd64\glass.dll
0x00007ff9421a0000 - 0x00007ff9422a0000 	C:\WINDOWS\System32\COMDLG32.dll
0x00007ff942650000 - 0x00007ff9427b1000 	C:\WINDOWS\System32\MSCTF.dll
0x00007ff8ef880000 - 0x00007ff8ef8a7000 	C:\WINDOWS\System32\DriverStore\FileRepository\iigd_dch.inf_amd64_03e2a5c7c3b3fa7c\igdinfo64.dll
0x00007ff940080000 - 0x00007ff94009b000 	C:\WINDOWS\SYSTEM32\CRYPTSP.dll
0x00007ff93f910000 - 0x00007ff93f945000 	C:\WINDOWS\system32\rsaenh.dll
0x00007ff9400a0000 - 0x00007ff9400ac000 	C:\WINDOWS\SYSTEM32\CRYPTBASE.dll
0x00007ff9369a0000 - 0x00007ff9369c4000 	C:\WINDOWS\System32\DriverStore\FileRepository\iigd_dch.inf_amd64_03e2a5c7c3b3fa7c\igc64.dll
0x00007ff92fe70000 - 0x00007ff9345db000 	C:\WINDOWS\System32\DriverStore\FileRepository\iigd_dch.inf_amd64_03e2a5c7c3b3fa7c\igc1464.dll
0x00007ff9425a0000 - 0x00007ff942650000 	C:\WINDOWS\System32\clbcatq.dll
0x00007ff92ed30000 - 0x00007ff92eead000 	C:\Windows\System32\Windows.UI.dll
0x00007ff92d980000 - 0x00007ff92daf5000 	C:\Windows\System32\Windows.UI.Immersive.dll
0x00007ff90dae0000 - 0x00007ff90daf5000 	C:\Users\USER\.openjfx\cache\23.0.1+4\amd64\javafx_font.dll
0x00007ff93adc0000 - 0x00007ff93b033000 	C:\WINDOWS\SYSTEM32\dwrite.dll
0x00007ff93d820000 - 0x00007ff93d9d0000 	C:\WINDOWS\SYSTEM32\WindowsCodecs.dll
0x00007ff911160000 - 0x00007ff9111be000 	C:\WINDOWS\system32\dataexchange.dll
0x00007ff937a20000 - 0x00007ff937cc4000 	C:\WINDOWS\system32\twinapi.appcore.dll
0x00007ff919a60000 - 0x00007ff919a92000 	C:\Program Files\Common Files\Microsoft Shared\Ink\rtscom.dll
0x00007ff92b4e0000 - 0x00007ff92b625000 	C:\WINDOWS\SYSTEM32\textinputframework.dll
0x00007ff93bf50000 - 0x00007ff93c083000 	C:\WINDOWS\SYSTEM32\CoreMessaging.dll
0x00007ff938830000 - 0x00007ff938b9d000 	C:\WINDOWS\SYSTEM32\CoreUIComponents.dll

dbghelp: loaded successfully - version: 4.0.5 - missing functions: none
symbol engine: initialized successfully - sym options: 0x614 - pdb path: .;C:\Program Files\Java\jdk-21\bin;C:\WINDOWS\SYSTEM32;C:\WINDOWS\WinSxS\amd64_microsoft.windows.common-controls_6595b64144ccf1df_6.0.22621.4541_none_2710d1c57384c085;C:\Program Files\Java\jdk-21\bin\server;C:\Users\USER\.openjfx\cache\23.0.1+4\amd64;C:\WINDOWS\System32\DriverStore\FileRepository\iigd_dch.inf_amd64_03e2a5c7c3b3fa7c;C:\Program Files\Common Files\Microsoft Shared\Ink

VM Arguments:
jvm_args: --module-path=C:\Users\USER\.m2\repository\org\openjfx\javafx-base\23.0.1\javafx-base-23.0.1-win.jar;C:\Users\USER\.m2\repository\org\openjfx\javafx-base\23.0.1\javafx-base-23.0.1.jar;C:\Users\USER\.m2\repository\org\openjfx\javafx-controls\23.0.1\javafx-controls-23.0.1-win.jar;C:\Users\USER\.m2\repository\org\openjfx\javafx-controls\23.0.1\javafx-controls-23.0.1.jar;C:\Users\USER\.m2\repository\org\openjfx\javafx-fxml\23.0.1\javafx-fxml-23.0.1-win.jar;C:\Users\USER\.m2\repository\org\openjfx\javafx-fxml\23.0.1\javafx-fxml-23.0.1.jar;C:\Users\USER\.m2\repository\org\openjfx\javafx-graphics\23.0.1\javafx-graphics-23.0.1-win.jar;C:\Users\USER\.m2\repository\org\openjfx\javafx-graphics\23.0.1\javafx-graphics-23.0.1.jar --add-modules=javafx.base,javafx.controls,javafx.fxml,javafx.graphics 
java_command: com.mycompany.java_farm.mainUi
java_class_path (initial): D:\FILE MEEEEE\SEMESTER 3\PBO\Java_farm\Java_farm\target\classes;C:\Users\USER\.m2\repository\au\com\dius\pact\core\pactbroker\4.6.15\pactbroker-4.6.15.jar;C:\Users\USER\.m2\repository\au\com\dius\pact\core\support\4.6.15\support-4.6.15.jar;C:\Users\USER\.m2\repository\com\github\mifmif\generex\1.0.2\generex-1.0.2.jar;C:\Users\USER\.m2\repository\com\google\code\findbugs\jsr305\3.0.2\jsr305-3.0.2.jar;C:\Users\USER\.m2\repository\com\google\errorprone\error_prone_annotations\2.11.0\error_prone_annotations-2.11.0.jar;C:\Users\USER\.m2\repository\com\google\guava\failureaccess\1.0.1\failureaccess-1.0.1.jar;C:\Users\USER\.m2\repository\com\google\guava\guava\31.1-jre\guava-31.1-jre.jar;C:\Users\USER\.m2\repository\com\google\guava\listenablefuture\9999.0-empty-to-avoid-conflict-with-guava\listenablefuture-9999.0-empty-to-avoid-conflict-with-guava.jar;C:\Users\USER\.m2\repository\com\google\j2objc\j2objc-annotations\1.3\j2objc-annotations-1.3.jar;C:\Users\USER\.m2\repository\com\google\protobuf\protobuf-java\3.21.9\protobuf-java-3.21.9.jar;C:\Users\USER\.m2\repository\com\mysql\mysql-connector-j\8.0.33\mysql-connector-j-8.0.33.jar;C:\Users\USER\.m2\repository\commons-codec\commons-codec\1.15\commons-codec-1.15.jar;C:\Users\USER\.m2\repository\dk\brics\automaton\automaton\1.11-8\automaton-1.11-8.jar;C:\Users\USER\.m2\repository\io\github\oshai\kotlin-logging-jvm\5.1.4\kotlin-logging-jvm-5.1.4.jar;C:\Users\USER\.m2\repository\org\apache\commons\commons-lang3\3.12.0\commons-lang3-3.12.0.jar;C:\Users\USER\.m2\repository\org\apache\commons\commons-text\1.10.0\commons-text-1.10.0.jar;C:\Users\USER\.m2\repository\org\apache\httpcomponents\client5\httpclient5\5.3.1\httpclient5-5.3.1.jar;C:\Users\USER\.m2\repository\org\apache\httpcomponents\client5\httpclient5-fluent\5.3.1\httpclient5-fluent-5.3.1.jar;C:\Users\USER\.m2\repository\org\apache\httpcomponents\core5\httpcore5\5.2.4\httpcore5-5.2.4.jar;C:\Users\USER\.m2\repository\org\apache\httpcomponents\core5\httpcore5-h2\5.2.4\httpcore5-h2-5.2.4.jar;C:\Users\USER\.m2\repository\org\checkerframework\checker-qual\3.12.0\checker-qual-3.12.0.jar;C:\Users\USER\.m2\repository\org\jetbrains\annotations\13.0\annotations-13.0.jar;C:\Users\USER\.m2\repository\org\jetbrains\kotlin\kotlin-reflect\1.8.22\kotlin-reflect-1.8.22.jar;C:\Users\USER\.m2\repository\org\jetbrains\kotlin\kotlin-stdlib\1.8.22\kotlin-stdlib-1.8.22.jar;C:\Users\USER\.m2\repository\org\jetbrains\kotlin\kotlin-stdlib-common\1.8.22\kotlin-stdlib-common-1.8.22.jar;C:\Users\USER\.m2\repository\org\jetbrains\kotlin\kotlin-stdlib-jdk7\1.8.22\kotlin-stdlib-jdk7-1.8.22.jar;C:\Users\USER\.m2\repository\org\jetbrains\kotlin\kotlin-stdlib-jdk8\1.8.22\kotlin-stdlib-jdk8-1.8.22.jar;C:\Users\USER\.m2\repository\org\slf4j\slf4j-api\1.7.36\slf4j-api-1.7.36.jar
Launcher Type: SUN_STANDARD

[Global flags]
     intx CICompilerCount                          = 3                                         {product} {ergonomic}
     uint ConcGCThreads                            = 1                                         {product} {ergonomic}
     uint G1ConcRefinementThreads                  = 4                                         {product} {ergonomic}
   size_t G1HeapRegionSize                         = 1048576                                   {product} {ergonomic}
    uintx GCDrainStackTargetSize                   = 64                                        {product} {ergonomic}
   size_t InitialHeapSize                          = 65011712                                  {product} {ergonomic}
   size_t MarkStackSize                            = 4194304                                   {product} {ergonomic}
   size_t MaxHeapSize                              = 1021313024                                {product} {ergonomic}
   size_t MaxNewSize                               = 612368384                                 {product} {ergonomic}
   size_t MinHeapDeltaBytes                        = 1048576                                   {product} {ergonomic}
   size_t MinHeapSize                              = 8388608                                   {product} {ergonomic}
    uintx NonNMethodCodeHeapSize                   = 5832780                                {pd product} {ergonomic}
    uintx NonProfiledCodeHeapSize                  = 122912730                              {pd product} {ergonomic}
    uintx ProfiledCodeHeapSize                     = 122912730                              {pd product} {ergonomic}
    uintx ReservedCodeCacheSize                    = 251658240                              {pd product} {ergonomic}
     bool SegmentedCodeCache                       = true                                      {product} {ergonomic}
   size_t SoftMaxHeapSize                          = 1021313024                             {manageable} {ergonomic}
     bool UseCompressedOops                        = true                           {product lp64_product} {ergonomic}
     bool UseG1GC                                  = true                                      {product} {ergonomic}
     bool UseLargePagesIndividualAllocation        = false                                  {pd product} {ergonomic}

Logging:
Log output configuration:
 #0: stdout all=warning uptime,level,tags foldmultilines=false
 #1: stderr all=off uptime,level,tags foldmultilines=false

Environment Variables:
JAVA_HOME=C:\Program Files\Java\jdk-21
PATH=C:\Program Files\Common Files\Oracle\Java\javapath;C:\WINDOWS\system32;C:\WINDOWS;C:\WINDOWS\System32\Wbem;C:\WINDOWS\System32\WindowsPowerShell\v1.0\;C:\WINDOWS\System32\OpenSSH\;C:\MinGW\bin;C:\Program Files\dotnet\;C:\Program Files\MySQL\MySQL Server 8.0\bin;C:\xampp\php;C:\Program Files\MATLAB\R2024b\bin;C:\Program Files\Java\jdk-23\bin;C:\Users\USER\Downloads\apache-ant-1.10.15-bin\bin;C:\Program Files\Java\javafx-sdk-23.0.1\bin;C:\Program Files\NetBeans-20\netbeans\java\maven;C:\Users\USER\Downloads\apache-maven-3.9.9-bin\apache-maven-3.9.9\bin;C:\Program Files\Java\jdk-21\bin;C:\Program Files\Java\javafx-sdk-21.0.5\bin;C:\Program Files\Java\jdk-21\bin;C:\Program Files\MySQL\MySQL Shell 8.0\bin\;C:\Users\USER\AppData\Local\Microsoft\WindowsApps;;C:\Users\USER\Documents\FILE MEEEEE\Microsoft VS Code\bin
USERNAME=USER
OS=Windows_NT
PROCESSOR_IDENTIFIER=Intel64 Family 6 Model 140 Stepping 1, GenuineIntel
TMP=C:\Users\USER\AppData\Local\Temp
TEMP=C:\Users\USER\AppData\Local\Temp




Periodic native trim disabled

---------------  S Y S T E M  ---------------

OS:
 Windows 11 , 64 bit Build 22621 (10.0.22621.4391)
OS uptime: 0 days 5:21 hours

CPU: total 4 (initial active 4) (2 cores per cpu, 2 threads per core) family 6 model 140 stepping 1 microcode 0x9a, cx8, cmov, fxsr, ht, mmx, 3dnowpref, sse, sse2, sse3, ssse3, sse4.1, sse4.2, popcnt, lzcnt, tsc, tscinvbit, avx, avx2, aes, erms, clmul, bmi1, bmi2, adx, avx512f, avx512dq, avx512cd, avx512bw, avx512vl, sha, fma, vzeroupper, avx512_vpopcntdq, avx512_vpclmulqdq, avx512_vaes, avx512_vnni, clflush, clflushopt, clwb, avx512_vbmi2, avx512_vbmi, rdtscp, rdpid, fsrm, gfni, avx512_bitalg, f16c, pku, cet_ibt, cet_ss, avx512_ifma
Processor Information for all 4 processors :
  Max Mhz: 2995, Current Mhz: 2995, Mhz Limit: 2995

Memory: 4k page, system-wide physical 3895M (100M free)
TotalPageFile size 15671M (AvailPageFile size 6M)
current process WorkingSet (physical memory assigned to process): 140M, peak: 339M
current process commit charge ("private bytes"): 467M, peak: 477M

vm_info: Java HotSpot(TM) 64-Bit Server VM (21.0.5+9-LTS-239) for windows-amd64 JRE (21.0.5+9-LTS-239), built on 2024-09-30T05:17:38Z by "mach5one" with MS VC++ 17.6 (VS2022)

END.
