#
# There is insufficient memory for the Java Runtime Environment to continue.
# Native memory allocation (malloc) failed to allocate 1998496 bytes for Chunk::new
# Possible reasons:
#   The system is out of physical RAM or swap space
#   The process is running with CompressedOops enabled, and the Java Heap may be blocking the growth of the native heap
# Possible solutions:
#   Reduce memory load on the system
#   Increase physical memory or swap space
#   Check if swap backing store is full
#   Decrease Java heap size (-Xmx/-Xms)
#   Decrease number of Java threads
#   Decrease Java thread stack sizes (-Xss)
#   Set larger code cache with -XX:ReservedCodeCacheSize=
#   JVM is running with Unscaled Compressed Oops mode in which the Java heap is
#     placed in the first 4GB address space. The Java Heap base address is the
#     maximum limit for the native heap growth. Please use -XX:HeapBaseMinAddress
#     to set the Java Heap base and to place the Java Heap above 4GB virtual address.
# This output file may be truncated or incomplete.
#
#  Out of Memory Error (arena.cpp:168), pid=18272, tid=18216
#
# JRE version: Java(TM) SE Runtime Environment (21.0.5+9) (build 21.0.5+9-LTS-239)
# Java VM: Java HotSpot(TM) 64-Bit Server VM (21.0.5+9-LTS-239, mixed mode, sharing, tiered, compressed oops, compressed class ptrs, g1 gc, windows-amd64)
# No core dump will be written. Minidumps are not enabled by default on client versions of Windows
#

---------------  S U M M A R Y ------------

Command Line: -Dclassworlds.conf=C:\Program Files\NetBeans-20\netbeans\java\maven\bin\m2.conf -Dmaven.home=C:\Program Files\NetBeans-20\netbeans\java\maven -Dlibrary.jansi.path=C:\Program Files\NetBeans-20\netbeans\java\maven\lib\jansi-native -Dmaven.multiModuleProjectDirectory=D:\FILE MEEEEE\SEMESTER 3\PBO\Java_farm\Java_farm org.codehaus.plexus.classworlds.launcher.Launcher -Dmaven.ext.class.path=C:\Program Files\NetBeans-20\netbeans\java\maven-nblib\netbeans-eventspy.jar --no-transfer-progress clean install

Host: 11th Gen Intel(R) Core(TM) i3-1115G4 @ 3.00GHz, 4 cores, 3G,  Windows 11 , 64 bit Build 22621 (10.0.22621.4391)
Time: Wed Dec 11 20:21:52 2024 SE Asia Standard Time elapsed time: 5.579074 seconds (0d 0h 0m 5s)

---------------  T H R E A D  ---------------

Current thread (0x000001d3f65cd230):  JavaThread "C2 CompilerThread0" daemon [_thread_in_native, id=18216, stack(0x0000001570800000,0x0000001570900000) (1024K)]


Current CompileTask:
C2:   5579 5585   !   4       com.sun.tools.javac.jvm.ClassReader::classSigToType (482 bytes)

Stack: [0x0000001570800000,0x0000001570900000]
Native frames: (J=compiled Java code, j=interpreted, Vv=VM code, C=native code)
V  [jvm.dll+0x6ca289]
V  [jvm.dll+0x854a51]
V  [jvm.dll+0x856f7e]
V  [jvm.dll+0x857653]
V  [jvm.dll+0x27dd26]
V  [jvm.dll+0xc4c2d]
V  [jvm.dll+0xc5163]
V  [jvm.dll+0x3b4d3c]
V  [jvm.dll+0x3814b5]
V  [jvm.dll+0x38092a]
V  [jvm.dll+0x246910]
V  [jvm.dll+0x245eef]
V  [jvm.dll+0x1c6d0e]
V  [jvm.dll+0x2554d9]
V  [jvm.dll+0x253a6a]
V  [jvm.dll+0x3ee136]
V  [jvm.dll+0x7fee9b]
V  [jvm.dll+0x6c896d]
C  [ucrtbase.dll+0x29333]
C  [KERNEL32.DLL+0x1259d]
C  [ntdll.dll+0x5af38]


---------------  P R O C E S S  ---------------

Threads class SMR info:
_java_thread_list=0x000001d3f6817b20, length=11, elements={
0x000001d3e87d4330, 0x000001d3f65bd6e0, 0x000001d3f65be4f0, 0x000001d3f65c2480,
0x000001d3f65c5a90, 0x000001d3f65c76a0, 0x000001d3f65cc4b0, 0x000001d3f65cd230,
0x000001d3f65cacb0, 0x000001d3f680c110, 0x000001d3f6817dc0
}

Java Threads: ( => current thread )
  0x000001d3e87d4330 JavaThread "main"                              [_thread_in_native, id=10216, stack(0x000000156fa00000,0x000000156fb00000) (1024K)]
  0x000001d3f65bd6e0 JavaThread "Reference Handler"          daemon [_thread_blocked, id=17932, stack(0x0000001570200000,0x0000001570300000) (1024K)]
  0x000001d3f65be4f0 JavaThread "Finalizer"                  daemon [_thread_blocked, id=17056, stack(0x0000001570300000,0x0000001570400000) (1024K)]
  0x000001d3f65c2480 JavaThread "Signal Dispatcher"          daemon [_thread_blocked, id=17632, stack(0x0000001570400000,0x0000001570500000) (1024K)]
  0x000001d3f65c5a90 JavaThread "Attach Listener"            daemon [_thread_blocked, id=16804, stack(0x0000001570500000,0x0000001570600000) (1024K)]
  0x000001d3f65c76a0 JavaThread "Service Thread"             daemon [_thread_blocked, id=3900, stack(0x0000001570600000,0x0000001570700000) (1024K)]
  0x000001d3f65cc4b0 JavaThread "Monitor Deflation Thread"   daemon [_thread_blocked, id=12460, stack(0x0000001570700000,0x0000001570800000) (1024K)]
=>0x000001d3f65cd230 JavaThread "C2 CompilerThread0"         daemon [_thread_in_native, id=18216, stack(0x0000001570800000,0x0000001570900000) (1024K)]
  0x000001d3f65cacb0 JavaThread "C1 CompilerThread0"         daemon [_thread_blocked, id=2252, stack(0x0000001570900000,0x0000001570a00000) (1024K)]
  0x000001d3f680c110 JavaThread "Notification Thread"        daemon [_thread_blocked, id=18264, stack(0x0000001570a00000,0x0000001570b00000) (1024K)]
  0x000001d3f6817dc0 JavaThread "Common-Cleaner"             daemon [_thread_blocked, id=12908, stack(0x0000001570b00000,0x0000001570c00000) (1024K)]
Total: 11

Other Threads:
  0x000001d3eaa72c80 VMThread "VM Thread"                           [id=9280, stack(0x0000001570100000,0x0000001570200000) (1024K)]
  0x000001d3f65ad7f0 WatcherThread "VM Periodic Task Thread"        [id=6164, stack(0x0000001570000000,0x0000001570100000) (1024K)]
  0x000001d3ea9f0f60 WorkerThread "GC Thread#0"                     [id=15600, stack(0x000000156fb00000,0x000000156fc00000) (1024K)]
  0x000001d3fb5ee6e0 WorkerThread "GC Thread#1"                     [id=16736, stack(0x0000001570c00000,0x0000001570d00000) (1024K)]
  0x000001d3fb5fcb90 WorkerThread "GC Thread#2"                     [id=5464, stack(0x0000001570d00000,0x0000001570e00000) (1024K)]
  0x000001d3fb37e650 WorkerThread "GC Thread#3"                     [id=17844, stack(0x0000001570e00000,0x0000001570f00000) (1024K)]
  0x000001d3ea9fc040 ConcurrentGCThread "G1 Main Marker"            [id=18188, stack(0x000000156fc00000,0x000000156fd00000) (1024K)]
  0x000001d3ea9fcc00 WorkerThread "G1 Conc#0"                       [id=7016, stack(0x000000156fd00000,0x000000156fe00000) (1024K)]
  0x000001d3eaa51f00 ConcurrentGCThread "G1 Refine#0"               [id=7248, stack(0x000000156fe00000,0x000000156ff00000) (1024K)]
  0x000001d3eaa53140 ConcurrentGCThread "G1 Service"                [id=12364, stack(0x000000156ff00000,0x0000001570000000) (1024K)]
Total: 10

Threads with active compile tasks:
C2 CompilerThread0     5603 5585   !   4       com.sun.tools.javac.jvm.ClassReader::classSigToType (482 bytes)
C1 CompilerThread0     5603 5789       2       java.lang.invoke.InfoFromMemberName::getMethodType (8 bytes)
Total: 2

VM state: not at safepoint (normal execution)

VM Mutex/Monitor currently owned by a thread: None

Heap address: 0x00000000c3200000, size: 974 MB, Compressed Oops mode: 32-bit

CDS archive(s) mapped at: [0x000001d38f000000-0x000001d38fc90000-0x000001d38fc90000), size 13172736, SharedBaseAddress: 0x000001d38f000000, ArchiveRelocationMode: 1.
Compressed class space mapped at: 0x000001d390000000-0x000001d3d0000000, reserved size: 1073741824
Narrow klass base: 0x000001d38f000000, Narrow klass shift: 0, Narrow klass range: 0x100000000

GC Precious Log:
 CardTable entry size: 512
 Card Set container configuration: InlinePtr #cards 5 size 8 Array Of Cards #cards 12 size 40 Howl #buckets 4 coarsen threshold 1843 Howl Bitmap #cards 512 size 80 coarsen threshold 460 Card regions per heap region 1 cards per card region 2048
 CPUs: 4 total, 4 available
 Memory: 3895M
 Large Page Support: Disabled
 NUMA Support: Disabled
 Compressed Oops: Enabled (32-bit)
 Heap Region Size: 1M
 Heap Min Capacity: 8M
 Heap Initial Capacity: 62M
 Heap Max Capacity: 974M
 Pre-touch: Disabled
 Parallel Workers: 4
 Concurrent Workers: 1
 Concurrent Refinement Workers: 4
 Periodic GC: Disabled

Heap:
 garbage-first heap   total 80896K, used 37161K [0x00000000c3200000, 0x0000000100000000)
  region size 1024K, 2 young (2048K), 1 survivors (1024K)
 Metaspace       used 26861K, committed 27200K, reserved 1114112K
  class space    used 3046K, committed 3200K, reserved 1048576K

Heap Regions: E=young(eden), S=young(survivor), O=old, HS=humongous(starts), HC=humongous(continues), CS=collection set, F=free, TAMS=top-at-mark-start, PB=parsable bottom
|   0|0x00000000c3200000, 0x00000000c3300000, 0x00000000c3300000|100%| O|  |TAMS 0x00000000c3200000| PB 0x00000000c3200000| Untracked 
|   1|0x00000000c3300000, 0x00000000c3400000, 0x00000000c3400000|100%| O|  |TAMS 0x00000000c3300000| PB 0x00000000c3300000| Untracked 
|   2|0x00000000c3400000, 0x00000000c3500000, 0x00000000c3500000|100%| O|  |TAMS 0x00000000c3400000| PB 0x00000000c3400000| Untracked 
|   3|0x00000000c3500000, 0x00000000c3600000, 0x00000000c3600000|100%| O|  |TAMS 0x00000000c3500000| PB 0x00000000c3500000| Untracked 
|   4|0x00000000c3600000, 0x00000000c3700000, 0x00000000c3700000|100%| O|  |TAMS 0x00000000c3600000| PB 0x00000000c3600000| Untracked 
|   5|0x00000000c3700000, 0x00000000c3800000, 0x00000000c3800000|100%| O|  |TAMS 0x00000000c3700000| PB 0x00000000c3700000| Untracked 
|   6|0x00000000c3800000, 0x00000000c3900000, 0x00000000c3900000|100%| O|  |TAMS 0x00000000c3800000| PB 0x00000000c3800000| Untracked 
|   7|0x00000000c3900000, 0x00000000c3a00000, 0x00000000c3a00000|100%|HS|  |TAMS 0x00000000c3900000| PB 0x00000000c3900000| Complete 
|   8|0x00000000c3a00000, 0x00000000c3b00000, 0x00000000c3b00000|100%|HC|  |TAMS 0x00000000c3a00000| PB 0x00000000c3a00000| Complete 
|   9|0x00000000c3b00000, 0x00000000c3c00000, 0x00000000c3c00000|100%|HC|  |TAMS 0x00000000c3b00000| PB 0x00000000c3b00000| Complete 
|  10|0x00000000c3c00000, 0x00000000c3d00000, 0x00000000c3d00000|100%| O|  |TAMS 0x00000000c3c00000| PB 0x00000000c3c00000| Untracked 
|  11|0x00000000c3d00000, 0x00000000c3e00000, 0x00000000c3e00000|100%| O|  |TAMS 0x00000000c3d00000| PB 0x00000000c3d00000| Untracked 
|  12|0x00000000c3e00000, 0x00000000c3f00000, 0x00000000c3f00000|100%| O|  |TAMS 0x00000000c3e00000| PB 0x00000000c3e00000| Untracked 
|  13|0x00000000c3f00000, 0x00000000c4000000, 0x00000000c4000000|100%|HS|  |TAMS 0x00000000c3f00000| PB 0x00000000c3f00000| Complete 
|  14|0x00000000c4000000, 0x00000000c4100000, 0x00000000c4100000|100%|HC|  |TAMS 0x00000000c4000000| PB 0x00000000c4000000| Complete 
|  15|0x00000000c4100000, 0x00000000c4200000, 0x00000000c4200000|100%|HC|  |TAMS 0x00000000c4100000| PB 0x00000000c4100000| Complete 
|  16|0x00000000c4200000, 0x00000000c4300000, 0x00000000c4300000|100%| O|  |TAMS 0x00000000c4200000| PB 0x00000000c4200000| Untracked 
|  17|0x00000000c4300000, 0x00000000c4400000, 0x00000000c4400000|100%| O|Cm|TAMS 0x00000000c4300000| PB 0x00000000c4300000| Complete 
|  18|0x00000000c4400000, 0x00000000c4400000, 0x00000000c4500000|  0%| F|  |TAMS 0x00000000c4400000| PB 0x00000000c4400000| Untracked 
|  19|0x00000000c4500000, 0x00000000c4500000, 0x00000000c4600000|  0%| F|  |TAMS 0x00000000c4500000| PB 0x00000000c4500000| Untracked 
|  20|0x00000000c4600000, 0x00000000c4700000, 0x00000000c4700000|100%| O|  |TAMS 0x00000000c4600000| PB 0x00000000c4600000| Untracked 
|  21|0x00000000c4700000, 0x00000000c4800000, 0x00000000c4800000|100%| O|  |TAMS 0x00000000c4700000| PB 0x00000000c4700000| Untracked 
|  22|0x00000000c4800000, 0x00000000c4900000, 0x00000000c4900000|100%| O|  |TAMS 0x00000000c4800000| PB 0x00000000c4800000| Untracked 
|  23|0x00000000c4900000, 0x00000000c4a00000, 0x00000000c4a00000|100%| O|  |TAMS 0x00000000c4900000| PB 0x00000000c4900000| Untracked 
|  24|0x00000000c4a00000, 0x00000000c4b00000, 0x00000000c4b00000|100%| O|  |TAMS 0x00000000c4a00000| PB 0x00000000c4a00000| Untracked 
|  25|0x00000000c4b00000, 0x00000000c4c00000, 0x00000000c4c00000|100%| O|  |TAMS 0x00000000c4b00000| PB 0x00000000c4b00000| Untracked 
|  26|0x00000000c4c00000, 0x00000000c4d00000, 0x00000000c4d00000|100%| O|  |TAMS 0x00000000c4c00000| PB 0x00000000c4c00000| Untracked 
|  27|0x00000000c4d00000, 0x00000000c4e00000, 0x00000000c4e00000|100%| O|  |TAMS 0x00000000c4d00000| PB 0x00000000c4d00000| Untracked 
|  28|0x00000000c4e00000, 0x00000000c4f00000, 0x00000000c4f00000|100%| O|Cm|TAMS 0x00000000c4e00000| PB 0x00000000c4e00000| Complete 
|  29|0x00000000c4f00000, 0x00000000c5000000, 0x00000000c5000000|100%| O|  |TAMS 0x00000000c4f00000| PB 0x00000000c4f00000| Untracked 
|  30|0x00000000c5000000, 0x00000000c5100000, 0x00000000c5100000|100%| O|  |TAMS 0x00000000c5000000| PB 0x00000000c5000000| Untracked 
|  31|0x00000000c5100000, 0x00000000c5200000, 0x00000000c5200000|100%| O|  |TAMS 0x00000000c5100000| PB 0x00000000c5100000| Untracked 
|  32|0x00000000c5200000, 0x00000000c5300000, 0x00000000c5300000|100%| O|  |TAMS 0x00000000c5200000| PB 0x00000000c5200000| Untracked 
|  33|0x00000000c5300000, 0x00000000c5400000, 0x00000000c5400000|100%| O|  |TAMS 0x00000000c5300000| PB 0x00000000c5300000| Untracked 
|  34|0x00000000c5400000, 0x00000000c5472918, 0x00000000c5500000| 44%| O|  |TAMS 0x00000000c5400000| PB 0x00000000c5400000| Untracked 
|  35|0x00000000c5500000, 0x00000000c5600000, 0x00000000c5600000|100%|HS|  |TAMS 0x00000000c5500000| PB 0x00000000c5500000| Complete 
|  36|0x00000000c5600000, 0x00000000c5700000, 0x00000000c5700000|100%| O|  |TAMS 0x00000000c5600000| PB 0x00000000c5600000| Untracked 
|  37|0x00000000c5700000, 0x00000000c5800000, 0x00000000c5800000|100%| O|  |TAMS 0x00000000c5700000| PB 0x00000000c5700000| Untracked 
|  38|0x00000000c5800000, 0x00000000c5800000, 0x00000000c5900000|  0%| F|  |TAMS 0x00000000c5800000| PB 0x00000000c5800000| Untracked 
|  39|0x00000000c5900000, 0x00000000c5900000, 0x00000000c5a00000|  0%| F|  |TAMS 0x00000000c5900000| PB 0x00000000c5900000| Untracked 
|  40|0x00000000c5a00000, 0x00000000c5a00000, 0x00000000c5b00000|  0%| F|  |TAMS 0x00000000c5a00000| PB 0x00000000c5a00000| Untracked 
|  41|0x00000000c5b00000, 0x00000000c5b00000, 0x00000000c5c00000|  0%| F|  |TAMS 0x00000000c5b00000| PB 0x00000000c5b00000| Untracked 
|  42|0x00000000c5c00000, 0x00000000c5c00000, 0x00000000c5d00000|  0%| F|  |TAMS 0x00000000c5c00000| PB 0x00000000c5c00000| Untracked 
|  43|0x00000000c5d00000, 0x00000000c5d00000, 0x00000000c5e00000|  0%| F|  |TAMS 0x00000000c5d00000| PB 0x00000000c5d00000| Untracked 
|  44|0x00000000c5e00000, 0x00000000c5e00000, 0x00000000c5f00000|  0%| F|  |TAMS 0x00000000c5e00000| PB 0x00000000c5e00000| Untracked 
|  45|0x00000000c5f00000, 0x00000000c5f00000, 0x00000000c6000000|  0%| F|  |TAMS 0x00000000c5f00000| PB 0x00000000c5f00000| Untracked 
|  46|0x00000000c6000000, 0x00000000c6000000, 0x00000000c6100000|  0%| F|  |TAMS 0x00000000c6000000| PB 0x00000000c6000000| Untracked 
|  47|0x00000000c6100000, 0x00000000c6100000, 0x00000000c6200000|  0%| F|  |TAMS 0x00000000c6100000| PB 0x00000000c6100000| Untracked 
|  48|0x00000000c6200000, 0x00000000c6200000, 0x00000000c6300000|  0%| F|  |TAMS 0x00000000c6200000| PB 0x00000000c6200000| Untracked 
|  49|0x00000000c6300000, 0x00000000c6300000, 0x00000000c6400000|  0%| F|  |TAMS 0x00000000c6300000| PB 0x00000000c6300000| Untracked 
|  50|0x00000000c6400000, 0x00000000c6400000, 0x00000000c6500000|  0%| F|  |TAMS 0x00000000c6400000| PB 0x00000000c6400000| Untracked 
|  51|0x00000000c6500000, 0x00000000c6500000, 0x00000000c6600000|  0%| F|  |TAMS 0x00000000c6500000| PB 0x00000000c6500000| Untracked 
|  52|0x00000000c6600000, 0x00000000c6600000, 0x00000000c6700000|  0%| F|  |TAMS 0x00000000c6600000| PB 0x00000000c6600000| Untracked 
|  53|0x00000000c6700000, 0x00000000c6700000, 0x00000000c6800000|  0%| F|  |TAMS 0x00000000c6700000| PB 0x00000000c6700000| Untracked 
|  54|0x00000000c6800000, 0x00000000c6800000, 0x00000000c6900000|  0%| F|  |TAMS 0x00000000c6800000| PB 0x00000000c6800000| Untracked 
|  55|0x00000000c6900000, 0x00000000c6900000, 0x00000000c6a00000|  0%| F|  |TAMS 0x00000000c6900000| PB 0x00000000c6900000| Untracked 
|  56|0x00000000c6a00000, 0x00000000c6ad7d48, 0x00000000c6b00000| 84%| S|CS|TAMS 0x00000000c6a00000| PB 0x00000000c6a00000| Complete 
|  57|0x00000000c6b00000, 0x00000000c6b00000, 0x00000000c6c00000|  0%| F|  |TAMS 0x00000000c6b00000| PB 0x00000000c6b00000| Untracked 
|  58|0x00000000c6c00000, 0x00000000c6c00000, 0x00000000c6d00000|  0%| F|  |TAMS 0x00000000c6c00000| PB 0x00000000c6c00000| Untracked 
|  59|0x00000000c6d00000, 0x00000000c6d00000, 0x00000000c6e00000|  0%| F|  |TAMS 0x00000000c6d00000| PB 0x00000000c6d00000| Untracked 
|  60|0x00000000c6e00000, 0x00000000c6e00000, 0x00000000c6f00000|  0%| F|  |TAMS 0x00000000c6e00000| PB 0x00000000c6e00000| Untracked 
|  61|0x00000000c6f00000, 0x00000000c6f00000, 0x00000000c7000000|  0%| F|  |TAMS 0x00000000c6f00000| PB 0x00000000c6f00000| Untracked 
|  62|0x00000000c7000000, 0x00000000c7000000, 0x00000000c7100000|  0%| F|  |TAMS 0x00000000c7000000| PB 0x00000000c7000000| Untracked 
|  63|0x00000000c7100000, 0x00000000c7100000, 0x00000000c7200000|  0%| F|  |TAMS 0x00000000c7100000| PB 0x00000000c7100000| Untracked 
|  64|0x00000000c7200000, 0x00000000c7200000, 0x00000000c7300000|  0%| F|  |TAMS 0x00000000c7200000| PB 0x00000000c7200000| Untracked 
|  65|0x00000000c7300000, 0x00000000c7300000, 0x00000000c7400000|  0%| F|  |TAMS 0x00000000c7300000| PB 0x00000000c7300000| Untracked 
|  66|0x00000000c7400000, 0x00000000c7400000, 0x00000000c7500000|  0%| F|  |TAMS 0x00000000c7400000| PB 0x00000000c7400000| Untracked 
|  67|0x00000000c7500000, 0x00000000c7500000, 0x00000000c7600000|  0%| F|  |TAMS 0x00000000c7500000| PB 0x00000000c7500000| Untracked 
|  68|0x00000000c7600000, 0x00000000c7600000, 0x00000000c7700000|  0%| F|  |TAMS 0x00000000c7600000| PB 0x00000000c7600000| Untracked 
|  69|0x00000000c7700000, 0x00000000c7700000, 0x00000000c7800000|  0%| F|  |TAMS 0x00000000c7700000| PB 0x00000000c7700000| Untracked 
|  70|0x00000000c7800000, 0x00000000c7800000, 0x00000000c7900000|  0%| F|  |TAMS 0x00000000c7800000| PB 0x00000000c7800000| Untracked 
|  71|0x00000000c7900000, 0x00000000c7900000, 0x00000000c7a00000|  0%| F|  |TAMS 0x00000000c7900000| PB 0x00000000c7900000| Untracked 
|  72|0x00000000c7a00000, 0x00000000c7a00000, 0x00000000c7b00000|  0%| F|  |TAMS 0x00000000c7a00000| PB 0x00000000c7a00000| Untracked 
|  73|0x00000000c7b00000, 0x00000000c7b00000, 0x00000000c7c00000|  0%| F|  |TAMS 0x00000000c7b00000| PB 0x00000000c7b00000| Untracked 
|  74|0x00000000c7c00000, 0x00000000c7c00000, 0x00000000c7d00000|  0%| F|  |TAMS 0x00000000c7c00000| PB 0x00000000c7c00000| Untracked 
|  75|0x00000000c7d00000, 0x00000000c7d00000, 0x00000000c7e00000|  0%| F|  |TAMS 0x00000000c7d00000| PB 0x00000000c7d00000| Untracked 
|  76|0x00000000c7e00000, 0x00000000c7e00000, 0x00000000c7f00000|  0%| F|  |TAMS 0x00000000c7e00000| PB 0x00000000c7e00000| Untracked 
|  77|0x00000000c7f00000, 0x00000000c7f51ad0, 0x00000000c8000000| 31%| E|  |TAMS 0x00000000c7f00000| PB 0x00000000c7f00000| Complete 
|  78|0x00000000c8000000, 0x00000000c8100000, 0x00000000c8100000|100%| E|CS|TAMS 0x00000000c8000000| PB 0x00000000c8000000| Complete 

Card table byte_map: [0x000001d3f3030000,0x000001d3f3220000] _byte_map_base: 0x000001d3f2a17000

Marking Bits: (CMBitMap*) 0x000001d3ea9f1570
 Bits: [0x000001d3f3220000, 0x000001d3f4158000)

Polling page: 0x000001d3e8940000

Metaspace:

Usage:
  Non-class:     23.26 MB used.
      Class:      2.98 MB used.
       Both:     26.23 MB used.

Virtual space:
  Non-class space:       64.00 MB reserved,      23.44 MB ( 37%) committed,  1 nodes.
      Class space:        1.00 GB reserved,       3.12 MB ( <1%) committed,  1 nodes.
             Both:        1.06 GB reserved,      26.56 MB (  2%) committed. 

Chunk freelists:
   Non-Class:  8.30 MB
       Class:  12.83 MB
        Both:  21.12 MB

MaxMetaspaceSize: unlimited
CompressedClassSpaceSize: 1.00 GB
Initial GC threshold: 21.00 MB
Current GC threshold: 43.38 MB
CDS: on
 - commit_granule_bytes: 65536.
 - commit_granule_words: 8192.
 - virtual_space_node_default_size: 8388608.
 - enlarge_chunks_in_place: 1.
 - use_allocation_guard: 0.


Internal statistics:

num_allocs_failed_limit: 6.
num_arena_births: 224.
num_arena_deaths: 0.
num_vsnodes_births: 2.
num_vsnodes_deaths: 0.
num_space_committed: 425.
num_space_uncommitted: 0.
num_chunks_returned_to_freelist: 6.
num_chunks_taken_from_freelist: 1136.
num_chunk_merges: 6.
num_chunk_splits: 832.
num_chunks_enlarged: 684.
num_inconsistent_stats: 0.

CodeHeap 'non-profiled nmethods': size=120000Kb used=1907Kb max_used=2202Kb free=118092Kb
 bounds [0x000001d387ad0000, 0x000001d387d40000, 0x000001d38f000000]
CodeHeap 'profiled nmethods': size=120000Kb used=10352Kb max_used=11693Kb free=109647Kb
 bounds [0x000001d380000000, 0x000001d380b70000, 0x000001d387530000]
CodeHeap 'non-nmethods': size=5760Kb used=1597Kb max_used=1638Kb free=4162Kb
 bounds [0x000001d387530000, 0x000001d3877a0000, 0x000001d387ad0000]
 total_blobs=5735 nmethods=5206 adapters=433
 compilation: enabled
              stopped_count=0, restarted_count=0
 full_count=0

Compilation events (20 events):
Event: 5.560 Thread 0x000001d3f65cacb0 5712       2       com.sun.tools.javac.code.Scope$ScopeImpl::leave (147 bytes)
Event: 5.561 Thread 0x000001d3f65cacb0 nmethod 5712 0x000001d3800f1110 code [0x000001d3800f1340, 0x000001d3800f19a8]
Event: 5.561 Thread 0x000001d3f65cacb0 5713       3       com.sun.tools.javac.comp.MatchBindingsComputer::finishBindings (62 bytes)
Event: 5.561 Thread 0x000001d3f65cacb0 nmethod 5713 0x000001d380094010 code [0x000001d3800941c0, 0x000001d380094508]
Event: 5.561 Thread 0x000001d3f65cacb0 5714       1       com.sun.tools.javac.comp.Resolve$MethodResolutionPhase::isVarargsRequired (5 bytes)
Event: 5.561 Thread 0x000001d3f65cacb0 nmethod 5714 0x000001d387adcc10 code [0x000001d387adcda0, 0x000001d387adce70]
Event: 5.566 Thread 0x000001d3f65cacb0 5715       2       com.sun.tools.javac.util.JCDiagnostic$DiagnosticInfo::<init> (26 bytes)
Event: 5.566 Thread 0x000001d3f65cacb0 nmethod 5715 0x000001d380173690 code [0x000001d380173840, 0x000001d380173ab0]
Event: 5.568 Thread 0x000001d3f65cacb0 5716       3       com.sun.tools.javac.code.Types$15::visitClassType (10 bytes)
Event: 5.568 Thread 0x000001d3f65cacb0 nmethod 5716 0x000001d3801dc390 code [0x000001d3801dc540, 0x000001d3801dc7c0]
Event: 5.568 Thread 0x000001d3f65cacb0 5717       3       com.sun.tools.javac.code.Types$15::visitClassType (130 bytes)
Event: 5.569 Thread 0x000001d3f65cacb0 nmethod 5717 0x000001d380030910 code [0x000001d380030c00, 0x000001d380031f58]
Event: 5.569 Thread 0x000001d3f65cacb0 5720   !   2       com.sun.tools.javac.code.Types$12::visitClassType (229 bytes)
Event: 5.570 Thread 0x000001d3f65cacb0 nmethod 5720 0x000001d3800c6110 code [0x000001d3800c63e0, 0x000001d3800c6de0]
Event: 5.570 Thread 0x000001d3f65cacb0 5718       2       com.sun.tools.javac.code.Types::isSubtype (183 bytes)
Event: 5.570 Thread 0x000001d3f65cacb0 nmethod 5718 0x000001d3801da410 code [0x000001d3801da760, 0x000001d3801db3b0]
Event: 5.571 Thread 0x000001d3f65cacb0 5719       2       com.sun.tools.javac.code.Type$ClassType::isRaw (43 bytes)
Event: 5.571 Thread 0x000001d3f65cacb0 nmethod 5719 0x000001d380271e10 code [0x000001d380271fe0, 0x000001d3802721d0]
Event: 5.574 Thread 0x000001d3f65cacb0 5721       2       com.sun.tools.javac.code.Types::erasure (19 bytes)
Event: 5.574 Thread 0x000001d3f65cacb0 nmethod 5721 0x000001d3800a5990 code [0x000001d3800a5b60, 0x000001d3800a5dc0]

GC Heap History (18 events):
Event: 1.188 GC heap before
{Heap before GC invocations=0 (full 0):
 garbage-first heap   total 63488K, used 13312K [0x00000000c3200000, 0x0000000100000000)
  region size 1024K, 13 young (13312K), 0 survivors (0K)
 Metaspace       used 4033K, committed 4224K, reserved 1114112K
  class space    used 408K, committed 512K, reserved 1048576K
}
Event: 1.204 GC heap after
{Heap after GC invocations=1 (full 0):
 garbage-first heap   total 63488K, used 3392K [0x00000000c3200000, 0x0000000100000000)
  region size 1024K, 2 young (2048K), 2 survivors (2048K)
 Metaspace       used 4033K, committed 4224K, reserved 1114112K
  class space    used 408K, committed 512K, reserved 1048576K
}
Event: 1.748 GC heap before
{Heap before GC invocations=1 (full 0):
 garbage-first heap   total 63488K, used 19776K [0x00000000c3200000, 0x0000000100000000)
  region size 1024K, 18 young (18432K), 2 survivors (2048K)
 Metaspace       used 6458K, committed 6656K, reserved 1114112K
  class space    used 731K, committed 832K, reserved 1048576K
}
Event: 1.752 GC heap after
{Heap after GC invocations=2 (full 0):
 garbage-first heap   total 63488K, used 4522K [0x00000000c3200000, 0x0000000100000000)
  region size 1024K, 1 young (1024K), 1 survivors (1024K)
 Metaspace       used 6458K, committed 6656K, reserved 1114112K
  class space    used 731K, committed 832K, reserved 1048576K
}
Event: 2.776 GC heap before
{Heap before GC invocations=2 (full 0):
 garbage-first heap   total 63488K, used 40362K [0x00000000c3200000, 0x0000000100000000)
  region size 1024K, 37 young (37888K), 1 survivors (1024K)
 Metaspace       used 12832K, committed 12992K, reserved 1114112K
  class space    used 1527K, committed 1600K, reserved 1048576K
}
Event: 2.784 GC heap after
{Heap after GC invocations=3 (full 0):
 garbage-first heap   total 63488K, used 7028K [0x00000000c3200000, 0x0000000100000000)
  region size 1024K, 4 young (4096K), 4 survivors (4096K)
 Metaspace       used 12832K, committed 12992K, reserved 1114112K
  class space    used 1527K, committed 1600K, reserved 1048576K
}
Event: 3.983 GC heap before
{Heap before GC invocations=3 (full 0):
 garbage-first heap   total 63488K, used 40820K [0x00000000c3200000, 0x0000000100000000)
  region size 1024K, 37 young (37888K), 4 survivors (4096K)
 Metaspace       used 15848K, committed 16064K, reserved 1114112K
  class space    used 1824K, committed 1920K, reserved 1048576K
}
Event: 3.993 GC heap after
{Heap after GC invocations=4 (full 0):
 garbage-first heap   total 63488K, used 9823K [0x00000000c3200000, 0x0000000100000000)
  region size 1024K, 3 young (3072K), 3 survivors (3072K)
 Metaspace       used 15848K, committed 16064K, reserved 1114112K
  class space    used 1824K, committed 1920K, reserved 1048576K
}
Event: 4.677 GC heap before
{Heap before GC invocations=4 (full 0):
 garbage-first heap   total 63488K, used 47711K [0x00000000c3200000, 0x0000000100000000)
  region size 1024K, 37 young (37888K), 3 survivors (3072K)
 Metaspace       used 19315K, committed 19584K, reserved 1114112K
  class space    used 2203K, committed 2304K, reserved 1048576K
}
Event: 4.685 GC heap after
{Heap after GC invocations=5 (full 0):
 garbage-first heap   total 63488K, used 18164K [0x00000000c3200000, 0x0000000100000000)
  region size 1024K, 5 young (5120K), 5 survivors (5120K)
 Metaspace       used 19315K, committed 19584K, reserved 1114112K
  class space    used 2203K, committed 2304K, reserved 1048576K
}
Event: 4.805 GC heap before
{Heap before GC invocations=5 (full 0):
 garbage-first heap   total 63488K, used 28404K [0x00000000c3200000, 0x0000000100000000)
  region size 1024K, 13 young (13312K), 5 survivors (5120K)
 Metaspace       used 21269K, committed 21504K, reserved 1114112K
  class space    used 2480K, committed 2560K, reserved 1048576K
}
Event: 4.815 GC heap after
{Heap after GC invocations=6 (full 0):
 garbage-first heap   total 63488K, used 26624K [0x00000000c3200000, 0x0000000100000000)
  region size 1024K, 5 young (5120K), 5 survivors (5120K)
 Metaspace       used 21269K, committed 21504K, reserved 1114112K
  class space    used 2480K, committed 2560K, reserved 1048576K
}
Event: 5.196 GC heap before
{Heap before GC invocations=7 (full 0):
 garbage-first heap   total 63488K, used 48128K [0x00000000c3200000, 0x0000000100000000)
  region size 1024K, 26 young (26624K), 5 survivors (5120K)
 Metaspace       used 25554K, committed 25920K, reserved 1114112K
  class space    used 2912K, committed 3072K, reserved 1048576K
}
Event: 5.208 GC heap after
{Heap after GC invocations=8 (full 0):
 garbage-first heap   total 63488K, used 33792K [0x00000000c3200000, 0x0000000100000000)
  region size 1024K, 4 young (4096K), 4 survivors (4096K)
 Metaspace       used 25554K, committed 25920K, reserved 1114112K
  class space    used 2912K, committed 3072K, reserved 1048576K
}
Event: 5.335 GC heap before
{Heap before GC invocations=8 (full 0):
 garbage-first heap   total 63488K, used 50176K [0x00000000c3200000, 0x0000000100000000)
  region size 1024K, 20 young (20480K), 4 survivors (4096K)
 Metaspace       used 25814K, committed 26176K, reserved 1114112K
  class space    used 2938K, committed 3072K, reserved 1048576K
}
Event: 5.343 GC heap after
{Heap after GC invocations=9 (full 0):
 garbage-first heap   total 63488K, used 36864K [0x00000000c3200000, 0x0000000100000000)
  region size 1024K, 3 young (3072K), 3 survivors (3072K)
 Metaspace       used 25814K, committed 26176K, reserved 1114112K
  class space    used 2938K, committed 3072K, reserved 1048576K
}
Event: 5.459 GC heap before
{Heap before GC invocations=9 (full 0):
 garbage-first heap   total 63488K, used 40960K [0x00000000c3200000, 0x0000000100000000)
  region size 1024K, 8 young (8192K), 3 survivors (3072K)
 Metaspace       used 26244K, committed 26624K, reserved 1114112K
  class space    used 2964K, committed 3136K, reserved 1048576K
}
Event: 5.465 GC heap after
{Heap after GC invocations=10 (full 0):
 garbage-first heap   total 80896K, used 38185K [0x00000000c3200000, 0x0000000100000000)
  region size 1024K, 1 young (1024K), 1 survivors (1024K)
 Metaspace       used 26244K, committed 26624K, reserved 1114112K
  class space    used 2964K, committed 3136K, reserved 1048576K
}

Dll operation events (8 events):
Event: 0.022 Loaded shared library C:\Program Files\Java\jdk-21\bin\java.dll
Event: 0.081 Loaded shared library C:\Program Files\Java\jdk-21\bin\jsvml.dll
Event: 0.105 Loaded shared library C:\Program Files\Java\jdk-21\bin\net.dll
Event: 0.107 Loaded shared library C:\Program Files\Java\jdk-21\bin\nio.dll
Event: 0.112 Loaded shared library C:\Program Files\Java\jdk-21\bin\zip.dll
Event: 0.438 Loaded shared library C:\Program Files\Java\jdk-21\bin\jimage.dll
Event: 0.604 Loaded shared library C:\Program Files\NetBeans-20\netbeans\java\maven\lib\jansi-native\Windows\x86_64\jansi.dll
Event: 0.631 Loaded shared library C:\Program Files\Java\jdk-21\bin\verify.dll

Deoptimization events (20 events):
Event: 5.266 Thread 0x000001d3e87d4330 DEOPT PACKING pc=0x000001d38098aecb sp=0x000000156fafc100
Event: 5.266 Thread 0x000001d3e87d4330 DEOPT UNPACKING pc=0x000001d3875888e2 sp=0x000000156fafb5a0 mode 0
Event: 5.304 Thread 0x000001d3e87d4330 DEOPT PACKING pc=0x000001d3809f0d06 sp=0x000000156fafd1d0
Event: 5.304 Thread 0x000001d3e87d4330 DEOPT UNPACKING pc=0x000001d3875888e2 sp=0x000000156fafc658 mode 0
Event: 5.305 Thread 0x000001d3e87d4330 DEOPT PACKING pc=0x000001d3809f690b sp=0x000000156fafd4f0
Event: 5.305 Thread 0x000001d3e87d4330 DEOPT UNPACKING pc=0x000001d3875888e2 sp=0x000000156fafc9b0 mode 0
Event: 5.317 Thread 0x000001d3e87d4330 DEOPT PACKING pc=0x000001d380a7abbc sp=0x000000156fafc9f0
Event: 5.317 Thread 0x000001d3e87d4330 DEOPT UNPACKING pc=0x000001d3875888e2 sp=0x000000156fafbf40 mode 0
Event: 5.572 Thread 0x000001d3e87d4330 Uncommon trap: trap_request=0xffffffc6 fr.pc=0x000001d387cf2ed0 relative=0x0000000000000430
Event: 5.572 Thread 0x000001d3e87d4330 Uncommon trap: reason=bimorphic_or_optimized_type_check action=maybe_recompile pc=0x000001d387cf2ed0 method=java.util.HashMap.putVal(ILjava/lang/Object;Ljava/lang/Object;ZZ)Ljava/lang/Object; @ 253 c2
Event: 5.572 Thread 0x000001d3e87d4330 DEOPT PACKING pc=0x000001d387cf2ed0 sp=0x000000156fafdf00
Event: 5.573 Thread 0x000001d3e87d4330 DEOPT UNPACKING pc=0x000001d387587da2 sp=0x000000156fafde28 mode 2
Event: 5.574 Thread 0x000001d3e87d4330 Uncommon trap: trap_request=0xffffffc6 fr.pc=0x000001d387cf2ed0 relative=0x0000000000000430
Event: 5.574 Thread 0x000001d3e87d4330 Uncommon trap: reason=bimorphic_or_optimized_type_check action=maybe_recompile pc=0x000001d387cf2ed0 method=java.util.HashMap.putVal(ILjava/lang/Object;Ljava/lang/Object;ZZ)Ljava/lang/Object; @ 253 c2
Event: 5.574 Thread 0x000001d3e87d4330 DEOPT PACKING pc=0x000001d387cf2ed0 sp=0x000000156fafdee0
Event: 5.574 Thread 0x000001d3e87d4330 DEOPT UNPACKING pc=0x000001d387587da2 sp=0x000000156fafde08 mode 2
Event: 5.575 Thread 0x000001d3e87d4330 Uncommon trap: trap_request=0xffffffc6 fr.pc=0x000001d387cf4180 relative=0x00000000000003e0
Event: 5.575 Thread 0x000001d3e87d4330 Uncommon trap: reason=bimorphic_or_optimized_type_check action=maybe_recompile pc=0x000001d387cf4180 method=java.util.HashMap.putVal(ILjava/lang/Object;Ljava/lang/Object;ZZ)Ljava/lang/Object; @ 253 c2
Event: 5.575 Thread 0x000001d3e87d4330 DEOPT PACKING pc=0x000001d387cf4180 sp=0x000000156fafde60
Event: 5.575 Thread 0x000001d3e87d4330 DEOPT UNPACKING pc=0x000001d387587da2 sp=0x000000156fafde10 mode 2

Classes loaded (20 events):
Event: 5.163 Loading class sun/nio/fs/WindowsPath$WindowsPathWithAttributes
Event: 5.164 Loading class sun/nio/fs/WindowsPath$WindowsPathWithAttributes done
Event: 5.177 Loading class jdk/internal/jrtfs/JrtDirectoryStream
Event: 5.178 Loading class jdk/internal/jrtfs/JrtDirectoryStream done
Event: 5.178 Loading class java/util/stream/StreamSpliterators$WrappingSpliterator
Event: 5.178 Loading class java/util/stream/StreamSpliterators$AbstractWrappingSpliterator
Event: 5.179 Loading class java/util/stream/StreamSpliterators$AbstractWrappingSpliterator done
Event: 5.179 Loading class java/util/stream/StreamSpliterators$WrappingSpliterator done
Event: 5.179 Loading class jdk/internal/jrtfs/JrtDirectoryStream$1
Event: 5.179 Loading class jdk/internal/jrtfs/JrtDirectoryStream$1 done
Event: 5.179 Loading class java/util/stream/StreamSpliterators
Event: 5.179 Loading class java/util/stream/StreamSpliterators done
Event: 5.179 Loading class java/util/function/BooleanSupplier
Event: 5.179 Loading class java/util/function/BooleanSupplier done
Event: 5.273 Loading class java/nio/file/FileTreeWalker$1
Event: 5.273 Loading class java/nio/file/FileTreeWalker$1 done
Event: 5.430 Loading class java/util/stream/ReduceOps$1
Event: 5.430 Loading class java/util/stream/ReduceOps$1 done
Event: 5.432 Loading class java/util/stream/ReduceOps$1ReducingSink
Event: 5.432 Loading class java/util/stream/ReduceOps$1ReducingSink done

Classes unloaded (0 events):
No events

Classes redefined (0 events):
No events

Internal exceptions (20 events):
Event: 5.350 Thread 0x000001d3e87d4330 Exception <a 'sun/nio/fs/WindowsException'{0x00000000c6f6e108}> (0x00000000c6f6e108) 
thrown [s\open\src\hotspot\share\prims\jni.cpp, line 520]
Event: 5.350 Thread 0x000001d3e87d4330 Exception <a 'sun/nio/fs/WindowsException'{0x00000000c6f79690}> (0x00000000c6f79690) 
thrown [s\open\src\hotspot\share\prims\jni.cpp, line 520]
Event: 5.350 Thread 0x000001d3e87d4330 Exception <a 'sun/nio/fs/WindowsException'{0x00000000c6f8f220}> (0x00000000c6f8f220) 
thrown [s\open\src\hotspot\share\prims\jni.cpp, line 520]
Event: 5.351 Thread 0x000001d3e87d4330 Exception <a 'sun/nio/fs/WindowsException'{0x00000000c6f8fc18}> (0x00000000c6f8fc18) 
thrown [s\open\src\hotspot\share\prims\jni.cpp, line 520]
Event: 5.352 Thread 0x000001d3e87d4330 Exception <a 'sun/nio/fs/WindowsException'{0x00000000c6fb1a90}> (0x00000000c6fb1a90) 
thrown [s\open\src\hotspot\share\prims\jni.cpp, line 520]
Event: 5.352 Thread 0x000001d3e87d4330 Exception <a 'sun/nio/fs/WindowsException'{0x00000000c6fbc508}> (0x00000000c6fbc508) 
thrown [s\open\src\hotspot\share\prims\jni.cpp, line 520]
Event: 5.353 Thread 0x000001d3e87d4330 Exception <a 'sun/nio/fs/WindowsException'{0x00000000c6fd1f20}> (0x00000000c6fd1f20) 
thrown [s\open\src\hotspot\share\prims\jni.cpp, line 520]
Event: 5.353 Thread 0x000001d3e87d4330 Exception <a 'sun/nio/fs/WindowsException'{0x00000000c6fd28e8}> (0x00000000c6fd28e8) 
thrown [s\open\src\hotspot\share\prims\jni.cpp, line 520]
Event: 5.382 Thread 0x000001d3e87d4330 Exception <a 'sun/nio/fs/WindowsException'{0x00000000c6d2a020}> (0x00000000c6d2a020) 
thrown [s\open\src\hotspot\share\prims\jni.cpp, line 520]
Event: 5.382 Thread 0x000001d3e87d4330 Exception <a 'sun/nio/fs/WindowsException'{0x00000000c6d2e250}> (0x00000000c6d2e250) 
thrown [s\open\src\hotspot\share\prims\jni.cpp, line 520]
Event: 5.383 Thread 0x000001d3e87d4330 Exception <a 'sun/nio/fs/WindowsException'{0x00000000c6d36a08}> (0x00000000c6d36a08) 
thrown [s\open\src\hotspot\share\prims\jni.cpp, line 520]
Event: 5.383 Thread 0x000001d3e87d4330 Exception <a 'sun/nio/fs/WindowsException'{0x00000000c6d37400}> (0x00000000c6d37400) 
thrown [s\open\src\hotspot\share\prims\jni.cpp, line 520]
Event: 5.402 Thread 0x000001d3e87d4330 Exception <a 'sun/nio/fs/WindowsException'{0x00000000c6c29650}> (0x00000000c6c29650) 
thrown [s\open\src\hotspot\share\prims\jni.cpp, line 520]
Event: 5.402 Thread 0x000001d3e87d4330 Exception <a 'sun/nio/fs/WindowsException'{0x00000000c6c2abc8}> (0x00000000c6c2abc8) 
thrown [s\open\src\hotspot\share\prims\jni.cpp, line 520]
Event: 5.402 Thread 0x000001d3e87d4330 Exception <a 'sun/nio/fs/WindowsException'{0x00000000c6c2bd28}> (0x00000000c6c2bd28) 
thrown [s\open\src\hotspot\share\prims\jni.cpp, line 520]
Event: 5.402 Thread 0x000001d3e87d4330 Exception <a 'sun/nio/fs/WindowsException'{0x00000000c6c2c720}> (0x00000000c6c2c720) 
thrown [s\open\src\hotspot\share\prims\jni.cpp, line 520]
Event: 5.403 Thread 0x000001d3e87d4330 Exception <a 'sun/nio/fs/WindowsException'{0x00000000c6c2e818}> (0x00000000c6c2e818) 
thrown [s\open\src\hotspot\share\prims\jni.cpp, line 520]
Event: 5.404 Thread 0x000001d3e87d4330 Exception <a 'sun/nio/fs/WindowsException'{0x00000000c6c30fb0}> (0x00000000c6c30fb0) 
thrown [s\open\src\hotspot\share\prims\jni.cpp, line 520]
Event: 5.404 Thread 0x000001d3e87d4330 Exception <a 'sun/nio/fs/WindowsException'{0x00000000c6c34358}> (0x00000000c6c34358) 
thrown [s\open\src\hotspot\share\prims\jni.cpp, line 520]
Event: 5.404 Thread 0x000001d3e87d4330 Exception <a 'sun/nio/fs/WindowsException'{0x00000000c6c34d20}> (0x00000000c6c34d20) 
thrown [s\open\src\hotspot\share\prims\jni.cpp, line 520]

ZGC Phase Switch (0 events):
No events

VM Operations (20 events):
Event: 5.335 Executing VM operation: G1CollectForAllocation (G1 Evacuation Pause)
Event: 5.344 Executing VM operation: G1CollectForAllocation (G1 Evacuation Pause) done
Event: 5.387 Executing VM operation: HandshakeAllThreads (Deoptimize)
Event: 5.387 Executing VM operation: HandshakeAllThreads (Deoptimize) done
Event: 5.401 Executing VM operation: ICBufferFull
Event: 5.401 Executing VM operation: ICBufferFull done
Event: 5.431 Executing VM operation: HandshakeAllThreads (Deoptimize)
Event: 5.432 Executing VM operation: HandshakeAllThreads (Deoptimize) done
Event: 5.459 Executing VM operation: G1TryInitiateConcMark (G1 Humongous Allocation)
Event: 5.465 Executing VM operation: G1TryInitiateConcMark (G1 Humongous Allocation) done
Event: 5.482 Executing VM operation: HandshakeAllThreads (Deoptimize)
Event: 5.482 Executing VM operation: HandshakeAllThreads (Deoptimize) done
Event: 5.498 Executing VM operation: HandshakeAllThreads (Deoptimize)
Event: 5.498 Executing VM operation: HandshakeAllThreads (Deoptimize) done
Event: 5.502 Executing VM operation: G1PauseRemark
Event: 5.510 Executing VM operation: G1PauseRemark done
Event: 5.525 Executing VM operation: HandshakeAllThreads (Deoptimize)
Event: 5.525 Executing VM operation: HandshakeAllThreads (Deoptimize) done
Event: 5.529 Executing VM operation: G1PauseCleanup
Event: 5.529 Executing VM operation: G1PauseCleanup done

Events (20 events):
Event: 5.509 Thread 0x000001d3eaa72c80 flushing nmethod 0x000001d38061ae90
Event: 5.509 Thread 0x000001d3eaa72c80 flushing nmethod 0x000001d380620890
Event: 5.509 Thread 0x000001d3eaa72c80 flushing nmethod 0x000001d380644910
Event: 5.509 Thread 0x000001d3eaa72c80 flushing nmethod 0x000001d380647290
Event: 5.509 Thread 0x000001d3eaa72c80 flushing nmethod 0x000001d380726e10
Event: 5.509 Thread 0x000001d3eaa72c80 flushing nmethod 0x000001d3807a9110
Event: 5.509 Thread 0x000001d3eaa72c80 flushing nmethod 0x000001d3807c2510
Event: 5.509 Thread 0x000001d3eaa72c80 flushing nmethod 0x000001d3807c5210
Event: 5.509 Thread 0x000001d3eaa72c80 flushing nmethod 0x000001d380803210
Event: 5.509 Thread 0x000001d3eaa72c80 flushing nmethod 0x000001d380866e10
Event: 5.509 Thread 0x000001d3eaa72c80 flushing nmethod 0x000001d380867510
Event: 5.509 Thread 0x000001d3eaa72c80 flushing nmethod 0x000001d380868b90
Event: 5.509 Thread 0x000001d3eaa72c80 flushing nmethod 0x000001d38086a490
Event: 5.509 Thread 0x000001d3eaa72c80 flushing nmethod 0x000001d380871f90
Event: 5.509 Thread 0x000001d3eaa72c80 flushing nmethod 0x000001d380872490
Event: 5.509 Thread 0x000001d3eaa72c80 flushing nmethod 0x000001d380872990
Event: 5.509 Thread 0x000001d3eaa72c80 flushing nmethod 0x000001d380873610
Event: 5.509 Thread 0x000001d3eaa72c80 flushing nmethod 0x000001d380874a90
Event: 5.509 Thread 0x000001d3eaa72c80 flushing nmethod 0x000001d380875110
Event: 5.509 Thread 0x000001d3eaa72c80 flushing nmethod 0x000001d380875990


Dynamic libraries:
0x00007ff7eaec0000 - 0x00007ff7eaed0000 	C:\Program Files\Java\jdk-21\bin\java.exe
0x00007ffe505f0000 - 0x00007ffe50807000 	C:\WINDOWS\SYSTEM32\ntdll.dll
0x00007ffe4ecc0000 - 0x00007ffe4ed84000 	C:\WINDOWS\System32\KERNEL32.DLL
0x00007ffe4dcb0000 - 0x00007ffe4e06a000 	C:\WINDOWS\System32\KERNELBASE.dll
0x00007ffe4e070000 - 0x00007ffe4e181000 	C:\WINDOWS\System32\ucrtbase.dll
0x00007ffe358c0000 - 0x00007ffe358d9000 	C:\Program Files\Java\jdk-21\bin\jli.dll
0x00007ffe22920000 - 0x00007ffe2293b000 	C:\Program Files\Java\jdk-21\bin\VCRUNTIME140.dll
0x00007ffe4e4f0000 - 0x00007ffe4e5a2000 	C:\WINDOWS\System32\ADVAPI32.dll
0x00007ffe4e8f0000 - 0x00007ffe4e997000 	C:\WINDOWS\System32\msvcrt.dll
0x00007ffe50390000 - 0x00007ffe50437000 	C:\WINDOWS\System32\sechost.dll
0x00007ffe4d9a0000 - 0x00007ffe4d9c8000 	C:\WINDOWS\System32\bcrypt.dll
0x00007ffe4e7d0000 - 0x00007ffe4e8e4000 	C:\WINDOWS\System32\RPCRT4.dll
0x00007ffe4e330000 - 0x00007ffe4e4de000 	C:\WINDOWS\System32\USER32.dll
0x00007ffe4d970000 - 0x00007ffe4d996000 	C:\WINDOWS\System32\win32u.dll
0x00007ffe37880000 - 0x00007ffe37b12000 	C:\WINDOWS\WinSxS\amd64_microsoft.windows.common-controls_6595b64144ccf1df_6.0.22621.4541_none_2710d1c57384c085\COMCTL32.dll
0x00007ffe4f630000 - 0x00007ffe4f659000 	C:\WINDOWS\System32\GDI32.dll
0x00007ffe4d9d0000 - 0x00007ffe4daeb000 	C:\WINDOWS\System32\gdi32full.dll
0x00007ffe4d8d0000 - 0x00007ffe4d96a000 	C:\WINDOWS\System32\msvcp_win.dll
0x00007ffe43bc0000 - 0x00007ffe43bca000 	C:\WINDOWS\SYSTEM32\VERSION.dll
0x00007ffe4f770000 - 0x00007ffe4f7a1000 	C:\WINDOWS\System32\IMM32.DLL
0x00007ffe22910000 - 0x00007ffe2291c000 	C:\Program Files\Java\jdk-21\bin\vcruntime140_1.dll
0x00007ffe0ccd0000 - 0x00007ffe0cd5e000 	C:\Program Files\Java\jdk-21\bin\msvcp140.dll
0x00007ffe0cef0000 - 0x00007ffe0dc08000 	C:\Program Files\Java\jdk-21\bin\server\jvm.dll
0x00007ffe4fb40000 - 0x00007ffe4fbb1000 	C:\WINDOWS\System32\WS2_32.dll
0x00007ffe44ae0000 - 0x00007ffe44b14000 	C:\WINDOWS\SYSTEM32\WINMM.dll
0x00007ffe4d7a0000 - 0x00007ffe4d7ed000 	C:\WINDOWS\SYSTEM32\POWRPROF.dll
0x00007ffe4d780000 - 0x00007ffe4d793000 	C:\WINDOWS\SYSTEM32\UMPDC.dll
0x00007ffe4c910000 - 0x00007ffe4c928000 	C:\WINDOWS\SYSTEM32\kernel.appcore.dll
0x00007ffe189e0000 - 0x00007ffe189ea000 	C:\Program Files\Java\jdk-21\bin\jimage.dll
0x00007ffe4b160000 - 0x00007ffe4b392000 	C:\WINDOWS\SYSTEM32\DBGHELP.DLL
0x00007ffe4f7b0000 - 0x00007ffe4fb3f000 	C:\WINDOWS\System32\combase.dll
0x00007ffe502b0000 - 0x00007ffe50387000 	C:\WINDOWS\System32\OLEAUT32.dll
0x00007ffe31a10000 - 0x00007ffe31a42000 	C:\WINDOWS\SYSTEM32\dbgcore.DLL
0x00007ffe4dc30000 - 0x00007ffe4dcab000 	C:\WINDOWS\System32\bcryptPrimitives.dll
0x00007ffe228f0000 - 0x00007ffe2290f000 	C:\Program Files\Java\jdk-21\bin\java.dll
0x00007ffe4ed90000 - 0x00007ffe4f608000 	C:\WINDOWS\System32\SHELL32.dll
0x00007ffe4b810000 - 0x00007ffe4c118000 	C:\WINDOWS\SYSTEM32\windows.storage.dll
0x00007ffe4b6d0000 - 0x00007ffe4b80f000 	C:\WINDOWS\SYSTEM32\wintypes.dll
0x00007ffe4f670000 - 0x00007ffe4f76a000 	C:\WINDOWS\System32\SHCORE.dll
0x00007ffe4eaa0000 - 0x00007ffe4eafe000 	C:\WINDOWS\System32\shlwapi.dll
0x00007ffe4d800000 - 0x00007ffe4d82b000 	C:\WINDOWS\SYSTEM32\profapi.dll
0x00007ffe18900000 - 0x00007ffe189d7000 	C:\Program Files\Java\jdk-21\bin\jsvml.dll
0x00007ffe188f0000 - 0x00007ffe18900000 	C:\Program Files\Java\jdk-21\bin\net.dll
0x00007ffe47610000 - 0x00007ffe47746000 	C:\WINDOWS\SYSTEM32\WINHTTP.dll
0x00007ffe4cd90000 - 0x00007ffe4cdf9000 	C:\WINDOWS\system32\mswsock.dll
0x00007ffe188d0000 - 0x00007ffe188e6000 	C:\Program Files\Java\jdk-21\bin\nio.dll
0x00007ffe188b0000 - 0x00007ffe188c8000 	C:\Program Files\Java\jdk-21\bin\zip.dll
0x0000000069ac0000 - 0x0000000069ae4000 	C:\Program Files\NetBeans-20\netbeans\java\maven\lib\jansi-native\Windows\x86_64\jansi.dll
0x00007ffe188a0000 - 0x00007ffe188b0000 	C:\Program Files\Java\jdk-21\bin\verify.dll

dbghelp: loaded successfully - version: 4.0.5 - missing functions: none
symbol engine: initialized successfully - sym options: 0x614 - pdb path: .;C:\Program Files\Java\jdk-21\bin;C:\WINDOWS\SYSTEM32;C:\WINDOWS\WinSxS\amd64_microsoft.windows.common-controls_6595b64144ccf1df_6.0.22621.4541_none_2710d1c57384c085;C:\Program Files\Java\jdk-21\bin\server;C:\Program Files\NetBeans-20\netbeans\java\maven\lib\jansi-native\Windows\x86_64

VM Arguments:
jvm_args: -Dclassworlds.conf=C:\Program Files\NetBeans-20\netbeans\java\maven\bin\m2.conf -Dmaven.home=C:\Program Files\NetBeans-20\netbeans\java\maven -Dlibrary.jansi.path=C:\Program Files\NetBeans-20\netbeans\java\maven\lib\jansi-native -Dmaven.multiModuleProjectDirectory=D:\FILE MEEEEE\SEMESTER 3\PBO\Java_farm\Java_farm 
java_command: org.codehaus.plexus.classworlds.launcher.Launcher -Dmaven.ext.class.path=C:\Program Files\NetBeans-20\netbeans\java\maven-nblib\netbeans-eventspy.jar --no-transfer-progress clean install
java_class_path (initial): C:\Program Files\NetBeans-20\netbeans\java\maven\boot\plexus-classworlds-2.7.0.jar
Launcher Type: SUN_STANDARD

[Global flags]
     intx CICompilerCount                          = 3                                         {product} {ergonomic}
     uint ConcGCThreads                            = 1                                         {product} {ergonomic}
     uint G1ConcRefinementThreads                  = 4                                         {product} {ergonomic}
   size_t G1HeapRegionSize                         = 1048576                                   {product} {ergonomic}
    uintx GCDrainStackTargetSize                   = 64                                        {product} {ergonomic}
   size_t InitialHeapSize                          = 65011712                                  {product} {ergonomic}
   size_t MarkStackSize                            = 4194304                                   {product} {ergonomic}
   size_t MaxHeapSize                              = 1021313024                                {product} {ergonomic}
   size_t MaxNewSize                               = 612368384                                 {product} {ergonomic}
   size_t MinHeapDeltaBytes                        = 1048576                                   {product} {ergonomic}
   size_t MinHeapSize                              = 8388608                                   {product} {ergonomic}
    uintx NonNMethodCodeHeapSize                   = 5832780                                {pd product} {ergonomic}
    uintx NonProfiledCodeHeapSize                  = 122912730                              {pd product} {ergonomic}
    uintx ProfiledCodeHeapSize                     = 122912730                              {pd product} {ergonomic}
    uintx ReservedCodeCacheSize                    = 251658240                              {pd product} {ergonomic}
     bool SegmentedCodeCache                       = true                                      {product} {ergonomic}
   size_t SoftMaxHeapSize                          = 1021313024                             {manageable} {ergonomic}
     bool UseCompressedOops                        = true                           {product lp64_product} {ergonomic}
     bool UseG1GC                                  = true                                      {product} {ergonomic}
     bool UseLargePagesIndividualAllocation        = false                                  {pd product} {ergonomic}

Logging:
Log output configuration:
 #0: stdout all=warning uptime,level,tags foldmultilines=false
 #1: stderr all=off uptime,level,tags foldmultilines=false

Environment Variables:
JAVA_HOME=C:\Program Files\Java\jdk-21
PATH=C:\Program Files\Common Files\Oracle\Java\javapath;C:\WINDOWS\system32;C:\WINDOWS;C:\WINDOWS\System32\Wbem;C:\WINDOWS\System32\WindowsPowerShell\v1.0\;C:\WINDOWS\System32\OpenSSH\;C:\MinGW\bin;C:\Program Files\dotnet\;C:\Program Files\MySQL\MySQL Server 8.0\bin;C:\xampp\php;C:\Program Files\MATLAB\R2024b\bin;C:\Program Files\Java\jdk-23\bin;C:\Users\USER\Downloads\apache-ant-1.10.15-bin\bin;C:\Program Files\Java\javafx-sdk-23.0.1\bin;C:\Program Files\NetBeans-20\netbeans\java\maven;C:\Users\USER\Downloads\apache-maven-3.9.9-bin\apache-maven-3.9.9\bin;C:\Program Files\Java\jdk-21\bin;C:\Program Files\Java\javafx-sdk-21.0.5\bin;C:\Program Files\Java\jdk-21\bin;C:\Program Files\MySQL\MySQL Shell 8.0\bin\;C:\Users\USER\AppData\Local\Microsoft\WindowsApps;;C:\Users\USER\Documents\FILE MEEEEE\Microsoft VS Code\bin
USERNAME=USER
OS=Windows_NT
PROCESSOR_IDENTIFIER=Intel64 Family 6 Model 140 Stepping 1, GenuineIntel
TMP=C:\Users\USER\AppData\Local\Temp
TEMP=C:\Users\USER\AppData\Local\Temp




Periodic native trim disabled

---------------  S Y S T E M  ---------------

OS:
 Windows 11 , 64 bit Build 22621 (10.0.22621.4391)
OS uptime: 0 days 7:12 hours

CPU: total 4 (initial active 4) (2 cores per cpu, 2 threads per core) family 6 model 140 stepping 1 microcode 0x9a, cx8, cmov, fxsr, ht, mmx, 3dnowpref, sse, sse2, sse3, ssse3, sse4.1, sse4.2, popcnt, lzcnt, tsc, tscinvbit, avx, avx2, aes, erms, clmul, bmi1, bmi2, adx, avx512f, avx512dq, avx512cd, avx512bw, avx512vl, sha, fma, vzeroupper, avx512_vpopcntdq, avx512_vpclmulqdq, avx512_vaes, avx512_vnni, clflush, clflushopt, clwb, avx512_vbmi2, avx512_vbmi, rdtscp, rdpid, fsrm, gfni, avx512_bitalg, f16c, pku, cet_ibt, cet_ss, avx512_ifma
Processor Information for all 4 processors :
  Max Mhz: 2995, Current Mhz: 2995, Mhz Limit: 2995

Memory: 4k page, system-wide physical 3895M (358M free)
TotalPageFile size 15671M (AvailPageFile size 5M)
current process WorkingSet (physical memory assigned to process): 180M, peak: 180M
current process commit charge ("private bytes"): 222M, peak: 224M

vm_info: Java HotSpot(TM) 64-Bit Server VM (21.0.5+9-LTS-239) for windows-amd64 JRE (21.0.5+9-LTS-239), built on 2024-09-30T05:17:38Z by "mach5one" with MS VC++ 17.6 (VS2022)

END.
