#
# There is insufficient memory for the Java Runtime Environment to continue.
# Native memory allocation (malloc) failed to allocate 507776 bytes for Chunk::new
# Possible reasons:
#   The system is out of physical RAM or swap space
#   The process is running with CompressedOops enabled, and the Java Heap may be blocking the growth of the native heap
# Possible solutions:
#   Reduce memory load on the system
#   Increase physical memory or swap space
#   Check if swap backing store is full
#   Decrease Java heap size (-Xmx/-Xms)
#   Decrease number of Java threads
#   Decrease Java thread stack sizes (-Xss)
#   Set larger code cache with -XX:ReservedCodeCacheSize=
#   JVM is running with Unscaled Compressed Oops mode in which the Java heap is
#     placed in the first 4GB address space. The Java Heap base address is the
#     maximum limit for the native heap growth. Please use -XX:HeapBaseMinAddress
#     to set the Java Heap base and to place the Java Heap above 4GB virtual address.
# This output file may be truncated or incomplete.
#
#  Out of Memory Error (arena.cpp:168), pid=16464, tid=13188
#
# JRE version: Java(TM) SE Runtime Environment (21.0.5+9) (build 21.0.5+9-LTS-239)
# Java VM: Java HotSpot(TM) 64-Bit Server VM (21.0.5+9-LTS-239, mixed mode, sharing, tiered, compressed oops, compressed class ptrs, g1 gc, windows-amd64)
# No core dump will be written. Minidumps are not enabled by default on client versions of Windows
#

---------------  S U M M A R Y ------------

Command Line: --module-path=C:\Users\USER\.m2\repository\org\openjfx\javafx-base\23.0.1\javafx-base-23.0.1-win.jar;C:\Users\USER\.m2\repository\org\openjfx\javafx-base\23.0.1\javafx-base-23.0.1.jar;C:\Users\USER\.m2\repository\org\openjfx\javafx-controls\23.0.1\javafx-controls-23.0.1-win.jar;C:\Users\USER\.m2\repository\org\openjfx\javafx-controls\23.0.1\javafx-controls-23.0.1.jar;C:\Users\USER\.m2\repository\org\openjfx\javafx-fxml\23.0.1\javafx-fxml-23.0.1-win.jar;C:\Users\USER\.m2\repository\org\openjfx\javafx-fxml\23.0.1\javafx-fxml-23.0.1.jar;C:\Users\USER\.m2\repository\org\openjfx\javafx-graphics\23.0.1\javafx-graphics-23.0.1-win.jar;C:\Users\USER\.m2\repository\org\openjfx\javafx-graphics\23.0.1\javafx-graphics-23.0.1.jar --add-modules=javafx.base,javafx.controls,javafx.fxml,javafx.graphics com.mycompany.java_farm.mainUi

Host: 11th Gen Intel(R) Core(TM) i3-1115G4 @ 3.00GHz, 4 cores, 3G,  Windows 11 , 64 bit Build 22621 (10.0.22621.4391)
Time: Tue Jan  7 09:27:21 2025 SE Asia Standard Time elapsed time: 1616.128990 seconds (0d 0h 26m 56s)

---------------  T H R E A D  ---------------

Current thread (0x0000013eb68d7270):  JavaThread "C2 CompilerThread0" daemon [_thread_in_native, id=13188, stack(0x0000002e3bb00000,0x0000002e3bc00000) (1024K)]


Current CompileTask:
C2:1616129 6581       4       com.sun.javafx.scene.EnteredExitedHandler::dispatchBubblingEvent (204 bytes)

Stack: [0x0000002e3bb00000,0x0000002e3bc00000]
Native frames: (J=compiled Java code, j=interpreted, Vv=VM code, C=native code)
V  [jvm.dll+0x6ca289]
V  [jvm.dll+0x854a51]
V  [jvm.dll+0x856f7e]
V  [jvm.dll+0x857653]
V  [jvm.dll+0x27dd26]
V  [jvm.dll+0xc4c2d]
V  [jvm.dll+0xc5163]
V  [jvm.dll+0x3b4d3c]
V  [jvm.dll+0x3814b5]
V  [jvm.dll+0x38092a]
V  [jvm.dll+0x246910]
V  [jvm.dll+0x245eef]
V  [jvm.dll+0x1c6d0e]
V  [jvm.dll+0x2554d9]
V  [jvm.dll+0x253a6a]
V  [jvm.dll+0x3ee136]
V  [jvm.dll+0x7fee9b]
V  [jvm.dll+0x6c896d]
C  [ucrtbase.dll+0x29333]
C  [KERNEL32.DLL+0x1259d]
C  [ntdll.dll+0x5af38]


---------------  P R O C E S S  ---------------

Threads class SMR info:
_java_thread_list=0x0000013e822b4bd0, length=19, elements={
0x0000013e9bcc5810, 0x0000013eb68c0a20, 0x0000013eb68c1930, 0x0000013eb68c5390,
0x0000013eb68c7ee0, 0x0000013eb68c9940, 0x0000013eb68cc3a0, 0x0000013eb68d7270,
0x0000013eb68e0760, 0x0000013eb6b04f60, 0x0000013eb6d81c80, 0x0000013efc3c9270,
0x0000013efc591c90, 0x0000013efc59ee30, 0x0000013e822b4460, 0x0000013efc7e4a90,
0x0000013e82399580, 0x0000013e82ce6140, 0x0000013e82ce67d0
}

Java Threads: ( => current thread )
  0x0000013e9bcc5810 JavaThread "main"                              [_thread_blocked, id=12388, stack(0x0000002e3ad00000,0x0000002e3ae00000) (1024K)]
  0x0000013eb68c0a20 JavaThread "Reference Handler"          daemon [_thread_blocked, id=18936, stack(0x0000002e3b500000,0x0000002e3b600000) (1024K)]
  0x0000013eb68c1930 JavaThread "Finalizer"                  daemon [_thread_blocked, id=18516, stack(0x0000002e3b600000,0x0000002e3b700000) (1024K)]
  0x0000013eb68c5390 JavaThread "Signal Dispatcher"          daemon [_thread_blocked, id=11004, stack(0x0000002e3b700000,0x0000002e3b800000) (1024K)]
  0x0000013eb68c7ee0 JavaThread "Attach Listener"            daemon [_thread_blocked, id=13608, stack(0x0000002e3b800000,0x0000002e3b900000) (1024K)]
  0x0000013eb68c9940 JavaThread "Service Thread"             daemon [_thread_blocked, id=16028, stack(0x0000002e3b900000,0x0000002e3ba00000) (1024K)]
  0x0000013eb68cc3a0 JavaThread "Monitor Deflation Thread"   daemon [_thread_blocked, id=17608, stack(0x0000002e3ba00000,0x0000002e3bb00000) (1024K)]
=>0x0000013eb68d7270 JavaThread "C2 CompilerThread0"         daemon [_thread_in_native, id=13188, stack(0x0000002e3bb00000,0x0000002e3bc00000) (1024K)]
  0x0000013eb68e0760 JavaThread "C1 CompilerThread0"         daemon [_thread_blocked, id=4752, stack(0x0000002e3bc00000,0x0000002e3bd00000) (1024K)]
  0x0000013eb6b04f60 JavaThread "Common-Cleaner"             daemon [_thread_blocked, id=7636, stack(0x0000002e3bd00000,0x0000002e3be00000) (1024K)]
  0x0000013eb6d81c80 JavaThread "Notification Thread"        daemon [_thread_blocked, id=2020, stack(0x0000002e3bf00000,0x0000002e3c000000) (1024K)]
  0x0000013efc3c9270 JavaThread "QuantumRenderer-0"          daemon [_thread_blocked, id=15896, stack(0x0000002e3c300000,0x0000002e3c400000) (1024K)]
  0x0000013efc591c90 JavaThread "InvokeLaterDispatcher"      daemon [_thread_blocked, id=15524, stack(0x0000002e3be00000,0x0000002e3bf00000) (1024K)]
  0x0000013efc59ee30 JavaThread "JavaFX Application Thread"         [_thread_in_native, id=13844, stack(0x0000002e3c400000,0x0000002e3c500000) (1024K)]
  0x0000013e822b4460 JavaThread "JavaFX-Launcher"                   [_thread_blocked, id=9048, stack(0x0000002e3c900000,0x0000002e3ca00000) (1024K)]
  0x0000013efc7e4a90 JavaThread "Thread-2"                   daemon [_thread_in_native, id=7788, stack(0x0000002e3c800000,0x0000002e3c900000) (1024K)]
  0x0000013e82399580 JavaThread "Prism Font Disposer"        daemon [_thread_blocked, id=14456, stack(0x0000002e3cb00000,0x0000002e3cc00000) (1024K)]
  0x0000013e82ce6140 JavaThread "Cleaner-0"                  daemon [_thread_blocked, id=18276, stack(0x0000002e3cf00000,0x0000002e3d000000) (1024K)]
  0x0000013e82ce67d0 JavaThread "mysql-cj-abandoned-connection-cleanup" daemon [_thread_blocked, id=18284, stack(0x0000002e3ca00000,0x0000002e3cb00000) (1024K)]
Total: 19

Other Threads:
  0x0000013e9bd79ea0 VMThread "VM Thread"                           [id=16936, stack(0x0000002e3b400000,0x0000002e3b500000) (1024K)]
  0x0000013eb68ad0c0 WatcherThread "VM Periodic Task Thread"        [id=11184, stack(0x0000002e3b300000,0x0000002e3b400000) (1024K)]
  0x0000013e9bcf3720 WorkerThread "GC Thread#0"                     [id=7916, stack(0x0000002e3ae00000,0x0000002e3af00000) (1024K)]
  0x0000013eb6e63ee0 WorkerThread "GC Thread#1"                     [id=3532, stack(0x0000002e3c000000,0x0000002e3c100000) (1024K)]
  0x0000013efc078a00 WorkerThread "GC Thread#2"                     [id=1904, stack(0x0000002e3c100000,0x0000002e3c200000) (1024K)]
  0x0000013efc078da0 WorkerThread "GC Thread#3"                     [id=11292, stack(0x0000002e3c200000,0x0000002e3c300000) (1024K)]
  0x0000013e9bcfca80 ConcurrentGCThread "G1 Main Marker"            [id=17976, stack(0x0000002e3af00000,0x0000002e3b000000) (1024K)]
  0x0000013e9bcfd580 WorkerThread "G1 Conc#0"                       [id=10104, stack(0x0000002e3b000000,0x0000002e3b100000) (1024K)]
  0x0000013e9bd5da80 ConcurrentGCThread "G1 Refine#0"               [id=17620, stack(0x0000002e3b100000,0x0000002e3b200000) (1024K)]
  0x0000013e9bd5e5f0 ConcurrentGCThread "G1 Service"                [id=15000, stack(0x0000002e3b200000,0x0000002e3b300000) (1024K)]
Total: 10

Threads with active compile tasks:
C2 CompilerThread0  1616168 6581       4       com.sun.javafx.scene.EnteredExitedHandler::dispatchBubblingEvent (204 bytes)
Total: 1

VM state: not at safepoint (normal execution)

VM Mutex/Monitor currently owned by a thread: None

Heap address: 0x00000000c3200000, size: 974 MB, Compressed Oops mode: 32-bit

CDS archive(s) mapped at: [0x0000013eb7000000-0x0000013eb7c90000-0x0000013eb7c90000), size 13172736, SharedBaseAddress: 0x0000013eb7000000, ArchiveRelocationMode: 1.
Compressed class space mapped at: 0x0000013eb8000000-0x0000013ef8000000, reserved size: 1073741824
Narrow klass base: 0x0000013eb7000000, Narrow klass shift: 0, Narrow klass range: 0x100000000

GC Precious Log:
 CardTable entry size: 512
 Card Set container configuration: InlinePtr #cards 5 size 8 Array Of Cards #cards 12 size 40 Howl #buckets 4 coarsen threshold 1843 Howl Bitmap #cards 512 size 80 coarsen threshold 460 Card regions per heap region 1 cards per card region 2048
 CPUs: 4 total, 4 available
 Memory: 3895M
 Large Page Support: Disabled
 NUMA Support: Disabled
 Compressed Oops: Enabled (32-bit)
 Heap Region Size: 1M
 Heap Min Capacity: 8M
 Heap Initial Capacity: 62M
 Heap Max Capacity: 974M
 Pre-touch: Disabled
 Parallel Workers: 4
 Concurrent Workers: 1
 Concurrent Refinement Workers: 4
 Periodic GC: Disabled

Heap:
 garbage-first heap   total 240640K, used 133903K [0x00000000c3200000, 0x0000000100000000)
  region size 1024K, 6 young (6144K), 1 survivors (1024K)
 Metaspace       used 23426K, committed 23936K, reserved 1114112K
  class space    used 3096K, committed 3328K, reserved 1048576K

Heap Regions: E=young(eden), S=young(survivor), O=old, HS=humongous(starts), HC=humongous(continues), CS=collection set, F=free, TAMS=top-at-mark-start, PB=parsable bottom
|   0|0x00000000c3200000, 0x00000000c3300000, 0x00000000c3300000|100%| O|  |TAMS 0x00000000c3200000| PB 0x00000000c3200000| Untracked 
|   1|0x00000000c3300000, 0x00000000c3400000, 0x00000000c3400000|100%| O|  |TAMS 0x00000000c3300000| PB 0x00000000c3300000| Untracked 
|   2|0x00000000c3400000, 0x00000000c3500000, 0x00000000c3500000|100%| O|  |TAMS 0x00000000c3400000| PB 0x00000000c3400000| Untracked 
|   3|0x00000000c3500000, 0x00000000c3600000, 0x00000000c3600000|100%|HS|  |TAMS 0x00000000c3500000| PB 0x00000000c3500000| Complete 
|   4|0x00000000c3600000, 0x00000000c3700000, 0x00000000c3700000|100%|HC|  |TAMS 0x00000000c3600000| PB 0x00000000c3600000| Complete 
|   5|0x00000000c3700000, 0x00000000c3800000, 0x00000000c3800000|100%|HS|  |TAMS 0x00000000c3700000| PB 0x00000000c3700000| Complete 
|   6|0x00000000c3800000, 0x00000000c3900000, 0x00000000c3900000|100%|HC|  |TAMS 0x00000000c3800000| PB 0x00000000c3800000| Complete 
|   7|0x00000000c3900000, 0x00000000c3a00000, 0x00000000c3a00000|100%|HS|  |TAMS 0x00000000c3900000| PB 0x00000000c3900000| Complete 
|   8|0x00000000c3a00000, 0x00000000c3b00000, 0x00000000c3b00000|100%|HC|  |TAMS 0x00000000c3a00000| PB 0x00000000c3a00000| Complete 
|   9|0x00000000c3b00000, 0x00000000c3c00000, 0x00000000c3c00000|100%| O|  |TAMS 0x00000000c3b00000| PB 0x00000000c3b00000| Untracked 
|  10|0x00000000c3c00000, 0x00000000c3d00000, 0x00000000c3d00000|100%| O|  |TAMS 0x00000000c3c00000| PB 0x00000000c3c00000| Untracked 
|  11|0x00000000c3d00000, 0x00000000c3e00000, 0x00000000c3e00000|100%| O|  |TAMS 0x00000000c3d00000| PB 0x00000000c3d00000| Untracked 
|  12|0x00000000c3e00000, 0x00000000c3f00000, 0x00000000c3f00000|100%|HS|  |TAMS 0x00000000c3e00000| PB 0x00000000c3e00000| Complete 
|  13|0x00000000c3f00000, 0x00000000c4000000, 0x00000000c4000000|100%|HC|  |TAMS 0x00000000c3f00000| PB 0x00000000c3f00000| Complete 
|  14|0x00000000c4000000, 0x00000000c4100000, 0x00000000c4100000|100%| O|  |TAMS 0x00000000c4000000| PB 0x00000000c4000000| Untracked 
|  15|0x00000000c4100000, 0x00000000c4200000, 0x00000000c4200000|100%| O|  |TAMS 0x00000000c4100000| PB 0x00000000c4100000| Untracked 
|  16|0x00000000c4200000, 0x00000000c4300000, 0x00000000c4300000|100%| O|  |TAMS 0x00000000c4200000| PB 0x00000000c4200000| Untracked 
|  17|0x00000000c4300000, 0x00000000c4400000, 0x00000000c4400000|100%| O|  |TAMS 0x00000000c4300000| PB 0x00000000c4300000| Untracked 
|  18|0x00000000c4400000, 0x00000000c4500000, 0x00000000c4500000|100%| O|  |TAMS 0x00000000c4400000| PB 0x00000000c4400000| Untracked 
|  19|0x00000000c4500000, 0x00000000c4600000, 0x00000000c4600000|100%| O|Cm|TAMS 0x00000000c4500000| PB 0x00000000c4500000| Complete 
|  20|0x00000000c4600000, 0x00000000c4600000, 0x00000000c4700000|  0%| F|  |TAMS 0x00000000c4600000| PB 0x00000000c4600000| Untracked 
|  21|0x00000000c4700000, 0x00000000c4700000, 0x00000000c4800000|  0%| F|  |TAMS 0x00000000c4700000| PB 0x00000000c4700000| Untracked 
|  22|0x00000000c4800000, 0x00000000c4800000, 0x00000000c4900000|  0%| F|  |TAMS 0x00000000c4800000| PB 0x00000000c4800000| Untracked 
|  23|0x00000000c4900000, 0x00000000c4a00000, 0x00000000c4a00000|100%|HS|  |TAMS 0x00000000c4900000| PB 0x00000000c4900000| Complete 
|  24|0x00000000c4a00000, 0x00000000c4b00000, 0x00000000c4b00000|100%|HC|  |TAMS 0x00000000c4a00000| PB 0x00000000c4a00000| Complete 
|  25|0x00000000c4b00000, 0x00000000c4c00000, 0x00000000c4c00000|100%|HC|  |TAMS 0x00000000c4b00000| PB 0x00000000c4b00000| Complete 
|  26|0x00000000c4c00000, 0x00000000c4d00000, 0x00000000c4d00000|100%|HC|  |TAMS 0x00000000c4c00000| PB 0x00000000c4c00000| Complete 
|  27|0x00000000c4d00000, 0x00000000c4e00000, 0x00000000c4e00000|100%|HC|  |TAMS 0x00000000c4d00000| PB 0x00000000c4d00000| Complete 
|  28|0x00000000c4e00000, 0x00000000c4f00000, 0x00000000c4f00000|100%|HC|  |TAMS 0x00000000c4e00000| PB 0x00000000c4e00000| Complete 
|  29|0x00000000c4f00000, 0x00000000c4f00000, 0x00000000c5000000|  0%| F|  |TAMS 0x00000000c4f00000| PB 0x00000000c4f00000| Untracked 
|  30|0x00000000c5000000, 0x00000000c5000000, 0x00000000c5100000|  0%| F|  |TAMS 0x00000000c5000000| PB 0x00000000c5000000| Untracked 
|  31|0x00000000c5100000, 0x00000000c5100000, 0x00000000c5200000|  0%| F|  |TAMS 0x00000000c5100000| PB 0x00000000c5100000| Untracked 
|  32|0x00000000c5200000, 0x00000000c5200000, 0x00000000c5300000|  0%| F|  |TAMS 0x00000000c5200000| PB 0x00000000c5200000| Untracked 
|  33|0x00000000c5300000, 0x00000000c5300000, 0x00000000c5400000|  0%| F|  |TAMS 0x00000000c5300000| PB 0x00000000c5300000| Untracked 
|  34|0x00000000c5400000, 0x00000000c5400000, 0x00000000c5500000|  0%| F|  |TAMS 0x00000000c5400000| PB 0x00000000c5400000| Untracked 
|  35|0x00000000c5500000, 0x00000000c5500000, 0x00000000c5600000|  0%| F|  |TAMS 0x00000000c5500000| PB 0x00000000c5500000| Untracked 
|  36|0x00000000c5600000, 0x00000000c5600000, 0x00000000c5700000|  0%| F|  |TAMS 0x00000000c5600000| PB 0x00000000c5600000| Untracked 
|  37|0x00000000c5700000, 0x00000000c5700000, 0x00000000c5800000|  0%| F|  |TAMS 0x00000000c5700000| PB 0x00000000c5700000| Untracked 
|  38|0x00000000c5800000, 0x00000000c5800000, 0x00000000c5900000|  0%| F|  |TAMS 0x00000000c5800000| PB 0x00000000c5800000| Untracked 
|  39|0x00000000c5900000, 0x00000000c5900000, 0x00000000c5a00000|  0%| F|  |TAMS 0x00000000c5900000| PB 0x00000000c5900000| Untracked 
|  40|0x00000000c5a00000, 0x00000000c5a00000, 0x00000000c5b00000|  0%| F|  |TAMS 0x00000000c5a00000| PB 0x00000000c5a00000| Untracked 
|  41|0x00000000c5b00000, 0x00000000c5b00000, 0x00000000c5c00000|  0%| F|  |TAMS 0x00000000c5b00000| PB 0x00000000c5b00000| Untracked 
|  42|0x00000000c5c00000, 0x00000000c5c00000, 0x00000000c5d00000|  0%| F|  |TAMS 0x00000000c5c00000| PB 0x00000000c5c00000| Untracked 
|  43|0x00000000c5d00000, 0x00000000c5d00000, 0x00000000c5e00000|  0%| F|  |TAMS 0x00000000c5d00000| PB 0x00000000c5d00000| Untracked 
|  44|0x00000000c5e00000, 0x00000000c5e00000, 0x00000000c5f00000|  0%| F|  |TAMS 0x00000000c5e00000| PB 0x00000000c5e00000| Untracked 
|  45|0x00000000c5f00000, 0x00000000c5f00000, 0x00000000c6000000|  0%| F|  |TAMS 0x00000000c5f00000| PB 0x00000000c5f00000| Untracked 
|  46|0x00000000c6000000, 0x00000000c6000000, 0x00000000c6100000|  0%| F|  |TAMS 0x00000000c6000000| PB 0x00000000c6000000| Untracked 
|  47|0x00000000c6100000, 0x00000000c6100000, 0x00000000c6200000|  0%| F|  |TAMS 0x00000000c6100000| PB 0x00000000c6100000| Untracked 
|  48|0x00000000c6200000, 0x00000000c6200000, 0x00000000c6300000|  0%| F|  |TAMS 0x00000000c6200000| PB 0x00000000c6200000| Untracked 
|  49|0x00000000c6300000, 0x00000000c6300000, 0x00000000c6400000|  0%| F|  |TAMS 0x00000000c6300000| PB 0x00000000c6300000| Untracked 
|  50|0x00000000c6400000, 0x00000000c6400000, 0x00000000c6500000|  0%| F|  |TAMS 0x00000000c6400000| PB 0x00000000c6400000| Untracked 
|  51|0x00000000c6500000, 0x00000000c6500000, 0x00000000c6600000|  0%| F|  |TAMS 0x00000000c6500000| PB 0x00000000c6500000| Untracked 
|  52|0x00000000c6600000, 0x00000000c6600000, 0x00000000c6700000|  0%| F|  |TAMS 0x00000000c6600000| PB 0x00000000c6600000| Untracked 
|  53|0x00000000c6700000, 0x00000000c6800000, 0x00000000c6800000|100%|HS|  |TAMS 0x00000000c6700000| PB 0x00000000c6700000| Complete 
|  54|0x00000000c6800000, 0x00000000c6900000, 0x00000000c6900000|100%|HC|  |TAMS 0x00000000c6800000| PB 0x00000000c6800000| Complete 
|  55|0x00000000c6900000, 0x00000000c6a00000, 0x00000000c6a00000|100%|HS|  |TAMS 0x00000000c6900000| PB 0x00000000c6900000| Complete 
|  56|0x00000000c6a00000, 0x00000000c6b00000, 0x00000000c6b00000|100%|HC|  |TAMS 0x00000000c6a00000| PB 0x00000000c6a00000| Complete 
|  57|0x00000000c6b00000, 0x00000000c6c00000, 0x00000000c6c00000|100%|HS|  |TAMS 0x00000000c6b00000| PB 0x00000000c6b00000| Complete 
|  58|0x00000000c6c00000, 0x00000000c6d00000, 0x00000000c6d00000|100%|HC|  |TAMS 0x00000000c6c00000| PB 0x00000000c6c00000| Complete 
|  59|0x00000000c6d00000, 0x00000000c6e00000, 0x00000000c6e00000|100%|HS|  |TAMS 0x00000000c6d00000| PB 0x00000000c6d00000| Complete 
|  60|0x00000000c6e00000, 0x00000000c6f00000, 0x00000000c6f00000|100%|HC|  |TAMS 0x00000000c6e00000| PB 0x00000000c6e00000| Complete 
|  61|0x00000000c6f00000, 0x00000000c6f00000, 0x00000000c7000000|  0%| F|  |TAMS 0x00000000c6f00000| PB 0x00000000c6f00000| Untracked 
|  62|0x00000000c7000000, 0x00000000c7000000, 0x00000000c7100000|  0%| F|  |TAMS 0x00000000c7000000| PB 0x00000000c7000000| Untracked 
|  63|0x00000000c7100000, 0x00000000c7200000, 0x00000000c7200000|100%| O|  |TAMS 0x00000000c7100000| PB 0x00000000c7100000| Untracked 
|  64|0x00000000c7200000, 0x00000000c7200000, 0x00000000c7300000|  0%| F|  |TAMS 0x00000000c7200000| PB 0x00000000c7200000| Untracked 
|  65|0x00000000c7300000, 0x00000000c7300000, 0x00000000c7400000|  0%| F|  |TAMS 0x00000000c7300000| PB 0x00000000c7300000| Untracked 
|  66|0x00000000c7400000, 0x00000000c7400000, 0x00000000c7500000|  0%| F|  |TAMS 0x00000000c7400000| PB 0x00000000c7400000| Untracked 
|  67|0x00000000c7500000, 0x00000000c7500000, 0x00000000c7600000|  0%| F|  |TAMS 0x00000000c7500000| PB 0x00000000c7500000| Untracked 
|  68|0x00000000c7600000, 0x00000000c7600000, 0x00000000c7700000|  0%| F|  |TAMS 0x00000000c7600000| PB 0x00000000c7600000| Untracked 
|  69|0x00000000c7700000, 0x00000000c7700000, 0x00000000c7800000|  0%| F|  |TAMS 0x00000000c7700000| PB 0x00000000c7700000| Untracked 
|  70|0x00000000c7800000, 0x00000000c7900000, 0x00000000c7900000|100%|HS|  |TAMS 0x00000000c7800000| PB 0x00000000c7800000| Complete 
|  71|0x00000000c7900000, 0x00000000c7a00000, 0x00000000c7a00000|100%|HC|  |TAMS 0x00000000c7900000| PB 0x00000000c7900000| Complete 
|  72|0x00000000c7a00000, 0x00000000c7b00000, 0x00000000c7b00000|100%|HC|  |TAMS 0x00000000c7a00000| PB 0x00000000c7a00000| Complete 
|  73|0x00000000c7b00000, 0x00000000c7c00000, 0x00000000c7c00000|100%|HC|  |TAMS 0x00000000c7b00000| PB 0x00000000c7b00000| Complete 
|  74|0x00000000c7c00000, 0x00000000c7d00000, 0x00000000c7d00000|100%| O|  |TAMS 0x00000000c7c00000| PB 0x00000000c7c00000| Untracked 
|  75|0x00000000c7d00000, 0x00000000c7e00000, 0x00000000c7e00000|100%|HS|  |TAMS 0x00000000c7d00000| PB 0x00000000c7d00000| Complete 
|  76|0x00000000c7e00000, 0x00000000c7f00000, 0x00000000c7f00000|100%|HC|  |TAMS 0x00000000c7e00000| PB 0x00000000c7e00000| Complete 
|  77|0x00000000c7f00000, 0x00000000c7f00000, 0x00000000c8000000|  0%| F|  |TAMS 0x00000000c7f00000| PB 0x00000000c7f00000| Untracked 
|  78|0x00000000c8000000, 0x00000000c8000000, 0x00000000c8100000|  0%| F|  |TAMS 0x00000000c8000000| PB 0x00000000c8000000| Untracked 
|  79|0x00000000c8100000, 0x00000000c8100000, 0x00000000c8200000|  0%| F|  |TAMS 0x00000000c8100000| PB 0x00000000c8100000| Untracked 
|  80|0x00000000c8200000, 0x00000000c8200000, 0x00000000c8300000|  0%| F|  |TAMS 0x00000000c8200000| PB 0x00000000c8200000| Untracked 
|  81|0x00000000c8300000, 0x00000000c8300000, 0x00000000c8400000|  0%| F|  |TAMS 0x00000000c8300000| PB 0x00000000c8300000| Untracked 
|  82|0x00000000c8400000, 0x00000000c8400000, 0x00000000c8500000|  0%| F|  |TAMS 0x00000000c8400000| PB 0x00000000c8400000| Untracked 
|  83|0x00000000c8500000, 0x00000000c8500000, 0x00000000c8600000|  0%| F|  |TAMS 0x00000000c8500000| PB 0x00000000c8500000| Untracked 
|  84|0x00000000c8600000, 0x00000000c8600000, 0x00000000c8700000|  0%| F|  |TAMS 0x00000000c8600000| PB 0x00000000c8600000| Untracked 
|  85|0x00000000c8700000, 0x00000000c8700000, 0x00000000c8800000|  0%| F|  |TAMS 0x00000000c8700000| PB 0x00000000c8700000| Untracked 
|  86|0x00000000c8800000, 0x00000000c8800000, 0x00000000c8900000|  0%| F|  |TAMS 0x00000000c8800000| PB 0x00000000c8800000| Untracked 
|  87|0x00000000c8900000, 0x00000000c8900000, 0x00000000c8a00000|  0%| F|  |TAMS 0x00000000c8900000| PB 0x00000000c8900000| Untracked 
|  88|0x00000000c8a00000, 0x00000000c8a00000, 0x00000000c8b00000|  0%| F|  |TAMS 0x00000000c8a00000| PB 0x00000000c8a00000| Untracked 
|  89|0x00000000c8b00000, 0x00000000c8b00000, 0x00000000c8c00000|  0%| F|  |TAMS 0x00000000c8b00000| PB 0x00000000c8b00000| Untracked 
|  90|0x00000000c8c00000, 0x00000000c8c00000, 0x00000000c8d00000|  0%| F|  |TAMS 0x00000000c8c00000| PB 0x00000000c8c00000| Untracked 
|  91|0x00000000c8d00000, 0x00000000c8d00000, 0x00000000c8e00000|  0%| F|  |TAMS 0x00000000c8d00000| PB 0x00000000c8d00000| Untracked 
|  92|0x00000000c8e00000, 0x00000000c8e00000, 0x00000000c8f00000|  0%| F|  |TAMS 0x00000000c8e00000| PB 0x00000000c8e00000| Untracked 
|  93|0x00000000c8f00000, 0x00000000c8f00000, 0x00000000c9000000|  0%| F|  |TAMS 0x00000000c8f00000| PB 0x00000000c8f00000| Untracked 
|  94|0x00000000c9000000, 0x00000000c9000000, 0x00000000c9100000|  0%| F|  |TAMS 0x00000000c9000000| PB 0x00000000c9000000| Untracked 
|  95|0x00000000c9100000, 0x00000000c9100000, 0x00000000c9200000|  0%| F|  |TAMS 0x00000000c9100000| PB 0x00000000c9100000| Untracked 
|  96|0x00000000c9200000, 0x00000000c9200000, 0x00000000c9300000|  0%| F|  |TAMS 0x00000000c9200000| PB 0x00000000c9200000| Untracked 
|  97|0x00000000c9300000, 0x00000000c9300000, 0x00000000c9400000|  0%| F|  |TAMS 0x00000000c9300000| PB 0x00000000c9300000| Untracked 
|  98|0x00000000c9400000, 0x00000000c9400000, 0x00000000c9500000|  0%| F|  |TAMS 0x00000000c9400000| PB 0x00000000c9400000| Untracked 
|  99|0x00000000c9500000, 0x00000000c9500000, 0x00000000c9600000|  0%| F|  |TAMS 0x00000000c9500000| PB 0x00000000c9500000| Untracked 
| 100|0x00000000c9600000, 0x00000000c9600000, 0x00000000c9700000|  0%| F|  |TAMS 0x00000000c9600000| PB 0x00000000c9600000| Untracked 
| 101|0x00000000c9700000, 0x00000000c9700000, 0x00000000c9800000|  0%| F|  |TAMS 0x00000000c9700000| PB 0x00000000c9700000| Untracked 
| 102|0x00000000c9800000, 0x00000000c9800000, 0x00000000c9900000|  0%| F|  |TAMS 0x00000000c9800000| PB 0x00000000c9800000| Untracked 
| 103|0x00000000c9900000, 0x00000000c9900000, 0x00000000c9a00000|  0%| F|  |TAMS 0x00000000c9900000| PB 0x00000000c9900000| Untracked 
| 104|0x00000000c9a00000, 0x00000000c9a00000, 0x00000000c9b00000|  0%| F|  |TAMS 0x00000000c9a00000| PB 0x00000000c9a00000| Untracked 
| 105|0x00000000c9b00000, 0x00000000c9b00000, 0x00000000c9c00000|  0%| F|  |TAMS 0x00000000c9b00000| PB 0x00000000c9b00000| Untracked 
| 106|0x00000000c9c00000, 0x00000000c9c00000, 0x00000000c9d00000|  0%| F|  |TAMS 0x00000000c9c00000| PB 0x00000000c9c00000| Untracked 
| 107|0x00000000c9d00000, 0x00000000c9d00000, 0x00000000c9e00000|  0%| F|  |TAMS 0x00000000c9d00000| PB 0x00000000c9d00000| Untracked 
| 108|0x00000000c9e00000, 0x00000000c9e00000, 0x00000000c9f00000|  0%| F|  |TAMS 0x00000000c9e00000| PB 0x00000000c9e00000| Untracked 
| 109|0x00000000c9f00000, 0x00000000c9f00000, 0x00000000ca000000|  0%| F|  |TAMS 0x00000000c9f00000| PB 0x00000000c9f00000| Untracked 
| 110|0x00000000ca000000, 0x00000000ca000000, 0x00000000ca100000|  0%| F|  |TAMS 0x00000000ca000000| PB 0x00000000ca000000| Untracked 
| 111|0x00000000ca100000, 0x00000000ca100000, 0x00000000ca200000|  0%| F|  |TAMS 0x00000000ca100000| PB 0x00000000ca100000| Untracked 
| 112|0x00000000ca200000, 0x00000000ca200000, 0x00000000ca300000|  0%| F|  |TAMS 0x00000000ca200000| PB 0x00000000ca200000| Untracked 
| 113|0x00000000ca300000, 0x00000000ca300000, 0x00000000ca400000|  0%| F|  |TAMS 0x00000000ca300000| PB 0x00000000ca300000| Untracked 
| 114|0x00000000ca400000, 0x00000000ca400000, 0x00000000ca500000|  0%| F|  |TAMS 0x00000000ca400000| PB 0x00000000ca400000| Untracked 
| 115|0x00000000ca500000, 0x00000000ca600000, 0x00000000ca600000|100%|HS|  |TAMS 0x00000000ca500000| PB 0x00000000ca500000| Complete 
| 116|0x00000000ca600000, 0x00000000ca700000, 0x00000000ca700000|100%|HC|  |TAMS 0x00000000ca600000| PB 0x00000000ca600000| Complete 
| 117|0x00000000ca700000, 0x00000000ca700000, 0x00000000ca800000|  0%| F|  |TAMS 0x00000000ca700000| PB 0x00000000ca700000| Untracked 
| 118|0x00000000ca800000, 0x00000000ca800000, 0x00000000ca900000|  0%| F|  |TAMS 0x00000000ca800000| PB 0x00000000ca800000| Untracked 
| 119|0x00000000ca900000, 0x00000000ca900000, 0x00000000caa00000|  0%| F|  |TAMS 0x00000000ca900000| PB 0x00000000ca900000| Untracked 
| 120|0x00000000caa00000, 0x00000000caa00000, 0x00000000cab00000|  0%| F|  |TAMS 0x00000000caa00000| PB 0x00000000caa00000| Untracked 
| 121|0x00000000cab00000, 0x00000000cab00000, 0x00000000cac00000|  0%| F|  |TAMS 0x00000000cab00000| PB 0x00000000cab00000| Untracked 
| 122|0x00000000cac00000, 0x00000000cac00000, 0x00000000cad00000|  0%| F|  |TAMS 0x00000000cac00000| PB 0x00000000cac00000| Untracked 
| 123|0x00000000cad00000, 0x00000000cae00000, 0x00000000cae00000|100%|HS|  |TAMS 0x00000000cad00000| PB 0x00000000cad00000| Complete 
| 124|0x00000000cae00000, 0x00000000caf00000, 0x00000000caf00000|100%|HC|  |TAMS 0x00000000cae00000| PB 0x00000000cae00000| Complete 
| 125|0x00000000caf00000, 0x00000000cb000000, 0x00000000cb000000|100%|HC|  |TAMS 0x00000000caf00000| PB 0x00000000caf00000| Complete 
| 126|0x00000000cb000000, 0x00000000cb100000, 0x00000000cb100000|100%|HC|  |TAMS 0x00000000cb000000| PB 0x00000000cb000000| Complete 
| 127|0x00000000cb100000, 0x00000000cb200000, 0x00000000cb200000|100%| O|Cm|TAMS 0x00000000cb100000| PB 0x00000000cb100000| Complete 
| 128|0x00000000cb200000, 0x00000000cb300000, 0x00000000cb300000|100%| O|  |TAMS 0x00000000cb200000| PB 0x00000000cb200000| Untracked 
| 129|0x00000000cb300000, 0x00000000cb400000, 0x00000000cb400000|100%|HS|  |TAMS 0x00000000cb300000| PB 0x00000000cb300000| Complete 
| 130|0x00000000cb400000, 0x00000000cb500000, 0x00000000cb500000|100%|HC|  |TAMS 0x00000000cb400000| PB 0x00000000cb400000| Complete 
| 131|0x00000000cb500000, 0x00000000cb600000, 0x00000000cb600000|100%|HS|  |TAMS 0x00000000cb500000| PB 0x00000000cb500000| Complete 
| 132|0x00000000cb600000, 0x00000000cb700000, 0x00000000cb700000|100%|HC|  |TAMS 0x00000000cb600000| PB 0x00000000cb600000| Complete 
| 133|0x00000000cb700000, 0x00000000cb800000, 0x00000000cb800000|100%| O|  |TAMS 0x00000000cb700000| PB 0x00000000cb700000| Untracked 
| 134|0x00000000cb800000, 0x00000000cb900000, 0x00000000cb900000|100%|HS|  |TAMS 0x00000000cb800000| PB 0x00000000cb800000| Complete 
| 135|0x00000000cb900000, 0x00000000cba00000, 0x00000000cba00000|100%|HC|  |TAMS 0x00000000cb900000| PB 0x00000000cb900000| Complete 
| 136|0x00000000cba00000, 0x00000000cbb00000, 0x00000000cbb00000|100%|HC|  |TAMS 0x00000000cba00000| PB 0x00000000cba00000| Complete 
| 137|0x00000000cbb00000, 0x00000000cbc00000, 0x00000000cbc00000|100%|HC|  |TAMS 0x00000000cbb00000| PB 0x00000000cbb00000| Complete 
| 138|0x00000000cbc00000, 0x00000000cbd00000, 0x00000000cbd00000|100%|HS|  |TAMS 0x00000000cbc00000| PB 0x00000000cbc00000| Complete 
| 139|0x00000000cbd00000, 0x00000000cbe00000, 0x00000000cbe00000|100%|HC|  |TAMS 0x00000000cbd00000| PB 0x00000000cbd00000| Complete 
| 140|0x00000000cbe00000, 0x00000000cbf00000, 0x00000000cbf00000|100%|HS|  |TAMS 0x00000000cbe00000| PB 0x00000000cbe00000| Complete 
| 141|0x00000000cbf00000, 0x00000000cc000000, 0x00000000cc000000|100%|HC|  |TAMS 0x00000000cbf00000| PB 0x00000000cbf00000| Complete 
| 142|0x00000000cc000000, 0x00000000cc100000, 0x00000000cc100000|100%|HS|  |TAMS 0x00000000cc000000| PB 0x00000000cc000000| Complete 
| 143|0x00000000cc100000, 0x00000000cc200000, 0x00000000cc200000|100%|HC|  |TAMS 0x00000000cc100000| PB 0x00000000cc100000| Complete 
| 144|0x00000000cc200000, 0x00000000cc300000, 0x00000000cc300000|100%|HS|  |TAMS 0x00000000cc200000| PB 0x00000000cc200000| Complete 
| 145|0x00000000cc300000, 0x00000000cc400000, 0x00000000cc400000|100%|HC|  |TAMS 0x00000000cc300000| PB 0x00000000cc300000| Complete 
| 146|0x00000000cc400000, 0x00000000cc500000, 0x00000000cc500000|100%|HS|  |TAMS 0x00000000cc400000| PB 0x00000000cc400000| Complete 
| 147|0x00000000cc500000, 0x00000000cc600000, 0x00000000cc600000|100%|HC|  |TAMS 0x00000000cc500000| PB 0x00000000cc500000| Complete 
| 148|0x00000000cc600000, 0x00000000cc700000, 0x00000000cc700000|100%|HS|  |TAMS 0x00000000cc600000| PB 0x00000000cc600000| Complete 
| 149|0x00000000cc700000, 0x00000000cc800000, 0x00000000cc800000|100%|HC|  |TAMS 0x00000000cc700000| PB 0x00000000cc700000| Complete 
| 150|0x00000000cc800000, 0x00000000cc900000, 0x00000000cc900000|100%|HS|  |TAMS 0x00000000cc800000| PB 0x00000000cc800000| Complete 
| 151|0x00000000cc900000, 0x00000000cca00000, 0x00000000cca00000|100%|HC|  |TAMS 0x00000000cc900000| PB 0x00000000cc900000| Complete 
| 152|0x00000000cca00000, 0x00000000cca61c10, 0x00000000ccb00000| 38%| O|  |TAMS 0x00000000cca00000| PB 0x00000000cca00000| Untracked 
| 153|0x00000000ccb00000, 0x00000000ccc00000, 0x00000000ccc00000|100%|HS|  |TAMS 0x00000000ccb00000| PB 0x00000000ccb00000| Complete 
| 154|0x00000000ccc00000, 0x00000000ccd00000, 0x00000000ccd00000|100%|HC|  |TAMS 0x00000000ccc00000| PB 0x00000000ccc00000| Complete 
| 155|0x00000000ccd00000, 0x00000000ccd00000, 0x00000000cce00000|  0%| F|  |TAMS 0x00000000ccd00000| PB 0x00000000ccd00000| Untracked 
| 156|0x00000000cce00000, 0x00000000cce00000, 0x00000000ccf00000|  0%| F|  |TAMS 0x00000000cce00000| PB 0x00000000cce00000| Untracked 
| 157|0x00000000ccf00000, 0x00000000ccf00000, 0x00000000cd000000|  0%| F|  |TAMS 0x00000000ccf00000| PB 0x00000000ccf00000| Untracked 
| 158|0x00000000cd000000, 0x00000000cd100000, 0x00000000cd100000|100%|HS|  |TAMS 0x00000000cd000000| PB 0x00000000cd000000| Complete 
| 159|0x00000000cd100000, 0x00000000cd200000, 0x00000000cd200000|100%|HC|  |TAMS 0x00000000cd100000| PB 0x00000000cd100000| Complete 
| 160|0x00000000cd200000, 0x00000000cd300000, 0x00000000cd300000|100%|HC|  |TAMS 0x00000000cd200000| PB 0x00000000cd200000| Complete 
| 161|0x00000000cd300000, 0x00000000cd400000, 0x00000000cd400000|100%|HC|  |TAMS 0x00000000cd300000| PB 0x00000000cd300000| Complete 
| 162|0x00000000cd400000, 0x00000000cd500000, 0x00000000cd500000|100%|HS|  |TAMS 0x00000000cd400000| PB 0x00000000cd400000| Complete 
| 163|0x00000000cd500000, 0x00000000cd600000, 0x00000000cd600000|100%|HC|  |TAMS 0x00000000cd500000| PB 0x00000000cd500000| Complete 
| 164|0x00000000cd600000, 0x00000000cd700000, 0x00000000cd700000|100%|HC|  |TAMS 0x00000000cd600000| PB 0x00000000cd600000| Complete 
| 165|0x00000000cd700000, 0x00000000cd800000, 0x00000000cd800000|100%|HC|  |TAMS 0x00000000cd700000| PB 0x00000000cd700000| Complete 
| 166|0x00000000cd800000, 0x00000000cd900000, 0x00000000cd900000|100%|HS|  |TAMS 0x00000000cd800000| PB 0x00000000cd800000| Complete 
| 167|0x00000000cd900000, 0x00000000cda00000, 0x00000000cda00000|100%|HC|  |TAMS 0x00000000cd900000| PB 0x00000000cd900000| Complete 
| 168|0x00000000cda00000, 0x00000000cdb00000, 0x00000000cdb00000|100%|HS|  |TAMS 0x00000000cda00000| PB 0x00000000cda00000| Complete 
| 169|0x00000000cdb00000, 0x00000000cdc00000, 0x00000000cdc00000|100%|HC|  |TAMS 0x00000000cdb00000| PB 0x00000000cdb00000| Complete 
| 170|0x00000000cdc00000, 0x00000000cdd00000, 0x00000000cdd00000|100%|HS|  |TAMS 0x00000000cdc00000| PB 0x00000000cdc00000| Complete 
| 171|0x00000000cdd00000, 0x00000000cde00000, 0x00000000cde00000|100%|HC|  |TAMS 0x00000000cdd00000| PB 0x00000000cdd00000| Complete 
| 172|0x00000000cde00000, 0x00000000cdf00000, 0x00000000cdf00000|100%|HS|  |TAMS 0x00000000cde00000| PB 0x00000000cde00000| Complete 
| 173|0x00000000cdf00000, 0x00000000ce000000, 0x00000000ce000000|100%|HC|  |TAMS 0x00000000cdf00000| PB 0x00000000cdf00000| Complete 
| 174|0x00000000ce000000, 0x00000000ce100000, 0x00000000ce100000|100%|HS|  |TAMS 0x00000000ce000000| PB 0x00000000ce000000| Complete 
| 175|0x00000000ce100000, 0x00000000ce200000, 0x00000000ce200000|100%|HC|  |TAMS 0x00000000ce100000| PB 0x00000000ce100000| Complete 
| 176|0x00000000ce200000, 0x00000000ce300000, 0x00000000ce300000|100%|HS|  |TAMS 0x00000000ce200000| PB 0x00000000ce200000| Complete 
| 177|0x00000000ce300000, 0x00000000ce400000, 0x00000000ce400000|100%|HC|  |TAMS 0x00000000ce300000| PB 0x00000000ce300000| Complete 
| 178|0x00000000ce400000, 0x00000000ce500000, 0x00000000ce500000|100%|HS|  |TAMS 0x00000000ce400000| PB 0x00000000ce400000| Complete 
| 179|0x00000000ce500000, 0x00000000ce600000, 0x00000000ce600000|100%|HC|  |TAMS 0x00000000ce500000| PB 0x00000000ce500000| Complete 
| 180|0x00000000ce600000, 0x00000000ce700000, 0x00000000ce700000|100%|HS|  |TAMS 0x00000000ce600000| PB 0x00000000ce600000| Complete 
| 181|0x00000000ce700000, 0x00000000ce800000, 0x00000000ce800000|100%|HC|  |TAMS 0x00000000ce700000| PB 0x00000000ce700000| Complete 
| 182|0x00000000ce800000, 0x00000000ce900000, 0x00000000ce900000|100%|HS|  |TAMS 0x00000000ce800000| PB 0x00000000ce800000| Complete 
| 183|0x00000000ce900000, 0x00000000cea00000, 0x00000000cea00000|100%|HC|  |TAMS 0x00000000ce900000| PB 0x00000000ce900000| Complete 
| 184|0x00000000cea00000, 0x00000000ceb00000, 0x00000000ceb00000|100%|HS|  |TAMS 0x00000000cea00000| PB 0x00000000cea00000| Complete 
| 185|0x00000000ceb00000, 0x00000000cec00000, 0x00000000cec00000|100%|HC|  |TAMS 0x00000000ceb00000| PB 0x00000000ceb00000| Complete 
| 186|0x00000000cec00000, 0x00000000ced00000, 0x00000000ced00000|100%|HC|  |TAMS 0x00000000cec00000| PB 0x00000000cec00000| Complete 
| 187|0x00000000ced00000, 0x00000000cee00000, 0x00000000cee00000|100%|HC|  |TAMS 0x00000000ced00000| PB 0x00000000ced00000| Complete 
| 188|0x00000000cee00000, 0x00000000cef00000, 0x00000000cef00000|100%|HC|  |TAMS 0x00000000cee00000| PB 0x00000000cee00000| Complete 
| 189|0x00000000cef00000, 0x00000000cf000000, 0x00000000cf000000|100%|HC|  |TAMS 0x00000000cef00000| PB 0x00000000cef00000| Complete 
| 190|0x00000000cf000000, 0x00000000cf000000, 0x00000000cf100000|  0%| F|  |TAMS 0x00000000cf000000| PB 0x00000000cf000000| Untracked 
| 191|0x00000000cf100000, 0x00000000cf100000, 0x00000000cf200000|  0%| F|  |TAMS 0x00000000cf100000| PB 0x00000000cf100000| Untracked 
| 192|0x00000000cf200000, 0x00000000cf200000, 0x00000000cf300000|  0%| F|  |TAMS 0x00000000cf200000| PB 0x00000000cf200000| Untracked 
| 193|0x00000000cf300000, 0x00000000cf300000, 0x00000000cf400000|  0%| F|  |TAMS 0x00000000cf300000| PB 0x00000000cf300000| Untracked 
| 194|0x00000000cf400000, 0x00000000cf400000, 0x00000000cf500000|  0%| F|  |TAMS 0x00000000cf400000| PB 0x00000000cf400000| Untracked 
| 195|0x00000000cf500000, 0x00000000cf500000, 0x00000000cf600000|  0%| F|  |TAMS 0x00000000cf500000| PB 0x00000000cf500000| Untracked 
| 196|0x00000000cf600000, 0x00000000cf600000, 0x00000000cf700000|  0%| F|  |TAMS 0x00000000cf600000| PB 0x00000000cf600000| Untracked 
| 197|0x00000000cf700000, 0x00000000cf700000, 0x00000000cf800000|  0%| F|  |TAMS 0x00000000cf700000| PB 0x00000000cf700000| Untracked 
| 198|0x00000000cf800000, 0x00000000cf800000, 0x00000000cf900000|  0%| F|  |TAMS 0x00000000cf800000| PB 0x00000000cf800000| Untracked 
| 199|0x00000000cf900000, 0x00000000cf900000, 0x00000000cfa00000|  0%| F|  |TAMS 0x00000000cf900000| PB 0x00000000cf900000| Untracked 
| 200|0x00000000cfa00000, 0x00000000cfa00000, 0x00000000cfb00000|  0%| F|  |TAMS 0x00000000cfa00000| PB 0x00000000cfa00000| Untracked 
| 201|0x00000000cfb00000, 0x00000000cfb00000, 0x00000000cfc00000|  0%| F|  |TAMS 0x00000000cfb00000| PB 0x00000000cfb00000| Untracked 
| 202|0x00000000cfc00000, 0x00000000cfc00000, 0x00000000cfd00000|  0%| F|  |TAMS 0x00000000cfc00000| PB 0x00000000cfc00000| Untracked 
| 203|0x00000000cfd00000, 0x00000000cfd00000, 0x00000000cfe00000|  0%| F|  |TAMS 0x00000000cfd00000| PB 0x00000000cfd00000| Untracked 
| 204|0x00000000cfe00000, 0x00000000cfe00000, 0x00000000cff00000|  0%| F|  |TAMS 0x00000000cfe00000| PB 0x00000000cfe00000| Untracked 
| 205|0x00000000cff00000, 0x00000000cff00000, 0x00000000d0000000|  0%| F|  |TAMS 0x00000000cff00000| PB 0x00000000cff00000| Untracked 
| 206|0x00000000d0000000, 0x00000000d0000000, 0x00000000d0100000|  0%| F|  |TAMS 0x00000000d0000000| PB 0x00000000d0000000| Untracked 
| 207|0x00000000d0100000, 0x00000000d0100000, 0x00000000d0200000|  0%| F|  |TAMS 0x00000000d0100000| PB 0x00000000d0100000| Untracked 
| 208|0x00000000d0200000, 0x00000000d0200000, 0x00000000d0300000|  0%| F|  |TAMS 0x00000000d0200000| PB 0x00000000d0200000| Untracked 
| 209|0x00000000d0300000, 0x00000000d03622c0, 0x00000000d0400000| 38%| S|CS|TAMS 0x00000000d0300000| PB 0x00000000d0300000| Complete 
| 210|0x00000000d0400000, 0x00000000d0500000, 0x00000000d0500000|100%|HS|  |TAMS 0x00000000d0400000| PB 0x00000000d0400000| Complete 
| 211|0x00000000d0500000, 0x00000000d0600000, 0x00000000d0600000|100%|HC|  |TAMS 0x00000000d0500000| PB 0x00000000d0500000| Complete 
| 212|0x00000000d0600000, 0x00000000d0700000, 0x00000000d0700000|100%|HS|  |TAMS 0x00000000d0600000| PB 0x00000000d0600000| Complete 
| 213|0x00000000d0700000, 0x00000000d0800000, 0x00000000d0800000|100%|HC|  |TAMS 0x00000000d0700000| PB 0x00000000d0700000| Complete 
| 214|0x00000000d0800000, 0x00000000d0900000, 0x00000000d0900000|100%|HS|  |TAMS 0x00000000d0800000| PB 0x00000000d0800000| Complete 
| 215|0x00000000d0900000, 0x00000000d0a00000, 0x00000000d0a00000|100%|HC|  |TAMS 0x00000000d0900000| PB 0x00000000d0900000| Complete 
| 216|0x00000000d0a00000, 0x00000000d0b00000, 0x00000000d0b00000|100%|HS|  |TAMS 0x00000000d0a00000| PB 0x00000000d0a00000| Complete 
| 217|0x00000000d0b00000, 0x00000000d0c00000, 0x00000000d0c00000|100%|HC|  |TAMS 0x00000000d0b00000| PB 0x00000000d0b00000| Complete 
| 218|0x00000000d0c00000, 0x00000000d0d00000, 0x00000000d0d00000|100%|HS|  |TAMS 0x00000000d0c00000| PB 0x00000000d0c00000| Complete 
| 219|0x00000000d0d00000, 0x00000000d0e00000, 0x00000000d0e00000|100%|HC|  |TAMS 0x00000000d0d00000| PB 0x00000000d0d00000| Complete 
| 220|0x00000000d0e00000, 0x00000000d0f00000, 0x00000000d0f00000|100%|HS|  |TAMS 0x00000000d0e00000| PB 0x00000000d0e00000| Complete 
| 221|0x00000000d0f00000, 0x00000000d1000000, 0x00000000d1000000|100%|HC|  |TAMS 0x00000000d0f00000| PB 0x00000000d0f00000| Complete 
| 222|0x00000000d1000000, 0x00000000d1100000, 0x00000000d1100000|100%|HS|  |TAMS 0x00000000d1000000| PB 0x00000000d1000000| Complete 
| 223|0x00000000d1100000, 0x00000000d1200000, 0x00000000d1200000|100%|HC|  |TAMS 0x00000000d1100000| PB 0x00000000d1100000| Complete 
| 224|0x00000000d1200000, 0x00000000d1300000, 0x00000000d1300000|100%|HC|  |TAMS 0x00000000d1200000| PB 0x00000000d1200000| Complete 
| 225|0x00000000d1300000, 0x00000000d1400000, 0x00000000d1400000|100%|HC|  |TAMS 0x00000000d1300000| PB 0x00000000d1300000| Complete 
| 226|0x00000000d1400000, 0x00000000d14d6058, 0x00000000d1500000| 83%| E|  |TAMS 0x00000000d1400000| PB 0x00000000d1400000| Complete 
| 227|0x00000000d1500000, 0x00000000d1600000, 0x00000000d1600000|100%| E|CS|TAMS 0x00000000d1500000| PB 0x00000000d1500000| Complete 
| 228|0x00000000d1600000, 0x00000000d1700000, 0x00000000d1700000|100%| E|CS|TAMS 0x00000000d1600000| PB 0x00000000d1600000| Complete 
| 229|0x00000000d1700000, 0x00000000d1800000, 0x00000000d1800000|100%| E|CS|TAMS 0x00000000d1700000| PB 0x00000000d1700000| Complete 
| 969|0x00000000ffb00000, 0x00000000ffc00000, 0x00000000ffc00000|100%| O|  |TAMS 0x00000000ffb00000| PB 0x00000000ffb00000| Untracked 
| 970|0x00000000ffc00000, 0x00000000ffd00000, 0x00000000ffd00000|100%| O|  |TAMS 0x00000000ffc00000| PB 0x00000000ffc00000| Untracked 
| 971|0x00000000ffd00000, 0x00000000ffe00000, 0x00000000ffe00000|100%| O|  |TAMS 0x00000000ffd00000| PB 0x00000000ffd00000| Untracked 
| 972|0x00000000ffe00000, 0x00000000fff00000, 0x00000000fff00000|100%| O|  |TAMS 0x00000000ffe00000| PB 0x00000000ffe00000| Untracked 
| 973|0x00000000fff00000, 0x0000000100000000, 0x0000000100000000|100%| E|  |TAMS 0x00000000fff00000| PB 0x00000000fff00000| Complete 

Card table byte_map: [0x0000013eb3330000,0x0000013eb3520000] _byte_map_base: 0x0000013eb2d17000

Marking Bits: (CMBitMap*) 0x0000013e9bcf3e20
 Bits: [0x0000013eb3520000, 0x0000013eb4458000)

Polling page: 0x0000013e9b480000

Metaspace:

Usage:
  Non-class:     19.85 MB used.
      Class:      3.02 MB used.
       Both:     22.88 MB used.

Virtual space:
  Non-class space:       64.00 MB reserved,      20.12 MB ( 31%) committed,  1 nodes.
      Class space:        1.00 GB reserved,       3.25 MB ( <1%) committed,  1 nodes.
             Both:        1.06 GB reserved,      23.38 MB (  2%) committed. 

Chunk freelists:
   Non-Class:  11.53 MB
       Class:  12.86 MB
        Both:  24.39 MB

MaxMetaspaceSize: unlimited
CompressedClassSpaceSize: 1.00 GB
Initial GC threshold: 21.00 MB
Current GC threshold: 38.88 MB
CDS: on
 - commit_granule_bytes: 65536.
 - commit_granule_words: 8192.
 - virtual_space_node_default_size: 8388608.
 - enlarge_chunks_in_place: 1.
 - use_allocation_guard: 0.


Internal statistics:

num_allocs_failed_limit: 3.
num_arena_births: 428.
num_arena_deaths: 164.
num_vsnodes_births: 2.
num_vsnodes_deaths: 0.
num_space_committed: 374.
num_space_uncommitted: 0.
num_chunks_returned_to_freelist: 184.
num_chunks_taken_from_freelist: 1251.
num_chunk_merges: 47.
num_chunk_splits: 851.
num_chunks_enlarged: 625.
num_inconsistent_stats: 0.

CodeHeap 'non-profiled nmethods': size=120000Kb used=3295Kb max_used=3295Kb free=116705Kb
 bounds [0x0000013eabc10000, 0x0000013eabf50000, 0x0000013eb3140000]
CodeHeap 'profiled nmethods': size=120000Kb used=11430Kb max_used=11430Kb free=108569Kb
 bounds [0x0000013ea4140000, 0x0000013ea4c70000, 0x0000013eab670000]
CodeHeap 'non-nmethods': size=5760Kb used=2153Kb max_used=2210Kb free=3606Kb
 bounds [0x0000013eab670000, 0x0000013eab8e0000, 0x0000013eabc10000]
 total_blobs=6557 nmethods=5668 adapters=792
 compilation: enabled
              stopped_count=0, restarted_count=0
 full_count=0

Compilation events (20 events):
Event: 1615.296 Thread 0x0000013eb68e0760 6573       3       javafx.scene.control.skin.LabeledSkinBase::updateDisplayedText (1033 bytes)
Event: 1615.300 Thread 0x0000013eb68d7270 nmethod 6567 0x0000013eabf33810 code [0x0000013eabf33a60, 0x0000013eabf343d8]
Event: 1615.300 Thread 0x0000013eb68d7270 6571   !   4       javafx.scene.CssStyleHelper::transitionToState (1050 bytes)
Event: 1615.313 Thread 0x0000013eb68e0760 nmethod 6573 0x0000013ea4c53c10 code [0x0000013ea4c55300, 0x0000013ea4c65550]
Event: 1615.313 Thread 0x0000013eb68e0760 6574       3       com.sun.prism.d3d.D3DGraphics::getPaintShaderTransform (17 bytes)
Event: 1615.314 Thread 0x0000013eb68e0760 nmethod 6574 0x0000013ea4497a10 code [0x0000013ea4497c00, 0x0000013ea4497eb0]
Event: 1615.314 Thread 0x0000013eb68e0760 6575       3       com.sun.prism.impl.ps.PaintHelper::len (39 bytes)
Event: 1615.314 Thread 0x0000013eb68e0760 nmethod 6575 0x0000013ea4c6a790 code [0x0000013ea4c6a980, 0x0000013ea4c6ad00]
Event: 1615.314 Thread 0x0000013eb68e0760 6576       3       java.lang.FdLibm$Atan2::compute (409 bytes)
Event: 1615.315 Thread 0x0000013eb68e0760 nmethod 6576 0x0000013ea4c6ae10 code [0x0000013ea4c6b200, 0x0000013ea4c6c138]
Event: 1615.315 Thread 0x0000013eb68e0760 6577       3       com.sun.javafx.geom.transform.Affine3D::rotate (27 bytes)
Event: 1615.315 Thread 0x0000013eb68e0760 nmethod 6577 0x0000013ea4c6c410 code [0x0000013ea4c6c600, 0x0000013ea4c6c818]
Event: 1615.648 Thread 0x0000013eb68d7270 nmethod 6571 0x0000013eabf34a10 code [0x0000013eabf35660, 0x0000013eabf3fe08]
Event: 1615.649 Thread 0x0000013eb68d7270 6578       4       java.lang.ref.SoftReference::get (29 bytes)
Event: 1615.649 Thread 0x0000013eb68d7270 nmethod 6578 0x0000013eabf46e10 code [0x0000013eabf46f80, 0x0000013eabf47078]
Event: 1615.975 Thread 0x0000013eb68e0760 6579       3       com.sun.javafx.geom.transform.GeneralTransform3D::transform (29 bytes)
Event: 1615.976 Thread 0x0000013eb68e0760 nmethod 6579 0x0000013ea4c6c910 code [0x0000013ea4c6cac0, 0x0000013ea4c6cdb0]
Event: 1616.010 Thread 0x0000013eb68d7270 6580       4       com.sun.javafx.sg.prism.NGNode::clearDirty (105 bytes)
Event: 1616.022 Thread 0x0000013eb68d7270 nmethod 6580 0x0000013eabf47110 code [0x0000013eabf47300, 0x0000013eabf477b8]
Event: 1616.100 Thread 0x0000013eb68d7270 6581       4       com.sun.javafx.scene.EnteredExitedHandler::dispatchBubblingEvent (204 bytes)

GC Heap History (20 events):
Event: 25.819 GC heap before
{Heap before GC invocations=8 (full 0):
 garbage-first heap   total 79872K, used 66748K [0x00000000c3200000, 0x0000000100000000)
  region size 1024K, 2 young (2048K), 1 survivors (1024K)
 Metaspace       used 22512K, committed 22912K, reserved 1114112K
  class space    used 3097K, committed 3264K, reserved 1048576K
}
Event: 25.821 GC heap after
{Heap after GC invocations=9 (full 0):
 garbage-first heap   total 79872K, used 66904K [0x00000000c3200000, 0x0000000100000000)
  region size 1024K, 1 young (1024K), 1 survivors (1024K)
 Metaspace       used 22512K, committed 22912K, reserved 1114112K
  class space    used 3097K, committed 3264K, reserved 1048576K
}
Event: 26.667 GC heap before
{Heap before GC invocations=10 (full 0):
 garbage-first heap   total 112640K, used 82264K [0x00000000c3200000, 0x0000000100000000)
  region size 1024K, 6 young (6144K), 1 survivors (1024K)
 Metaspace       used 22624K, committed 22976K, reserved 1114112K
  class space    used 3098K, committed 3264K, reserved 1048576K
}
Event: 26.671 GC heap after
{Heap after GC invocations=11 (full 0):
 garbage-first heap   total 112640K, used 78281K [0x00000000c3200000, 0x0000000100000000)
  region size 1024K, 1 young (1024K), 1 survivors (1024K)
 Metaspace       used 22624K, committed 22976K, reserved 1114112K
  class space    used 3098K, committed 3264K, reserved 1048576K
}
Event: 28.380 GC heap before
{Heap before GC invocations=11 (full 0):
 garbage-first heap   total 118784K, used 118217K [0x00000000c3200000, 0x0000000100000000)
  region size 1024K, 8 young (8192K), 1 survivors (1024K)
 Metaspace       used 22802K, committed 23168K, reserved 1114112K
  class space    used 3102K, committed 3264K, reserved 1048576K
}
Event: 28.383 GC heap after
{Heap after GC invocations=12 (full 0):
 garbage-first heap   total 121856K, used 106175K [0x00000000c3200000, 0x0000000100000000)
  region size 1024K, 3 young (3072K), 3 survivors (3072K)
 Metaspace       used 22802K, committed 23168K, reserved 1114112K
  class space    used 3102K, committed 3264K, reserved 1048576K
}
Event: 30.185 GC heap before
{Heap before GC invocations=12 (full 0):
 garbage-first heap   total 121856K, used 108223K [0x00000000c3200000, 0x0000000100000000)
  region size 1024K, 6 young (6144K), 3 survivors (3072K)
 Metaspace       used 22829K, committed 23168K, reserved 1114112K
  class space    used 3102K, committed 3264K, reserved 1048576K
}
Event: 30.188 GC heap after
{Heap after GC invocations=13 (full 0):
 garbage-first heap   total 121856K, used 106289K [0x00000000c3200000, 0x0000000100000000)
  region size 1024K, 1 young (1024K), 1 survivors (1024K)
 Metaspace       used 22829K, committed 23168K, reserved 1114112K
  class space    used 3102K, committed 3264K, reserved 1048576K
}
Event: 30.399 GC heap before
{Heap before GC invocations=14 (full 0):
 garbage-first heap   total 140288K, used 111409K [0x00000000c3200000, 0x0000000100000000)
  region size 1024K, 7 young (7168K), 1 survivors (1024K)
 Metaspace       used 22931K, committed 23296K, reserved 1114112K
  class space    used 3103K, committed 3264K, reserved 1048576K
}
Event: 30.401 GC heap after
{Heap after GC invocations=15 (full 0):
 garbage-first heap   total 140288K, used 101376K [0x00000000c3200000, 0x0000000100000000)
  region size 1024K, 1 young (1024K), 1 survivors (1024K)
 Metaspace       used 22931K, committed 23296K, reserved 1114112K
  class space    used 3103K, committed 3264K, reserved 1048576K
}
Event: 32.080 GC heap before
{Heap before GC invocations=15 (full 0):
 garbage-first heap   total 152576K, used 152576K [0x00000000c3200000, 0x0000000100000000)
  region size 1024K, 7 young (7168K), 1 survivors (1024K)
 Metaspace       used 23034K, committed 23424K, reserved 1114112K
  class space    used 3106K, committed 3264K, reserved 1048576K
}
Event: 32.083 GC heap after
{Heap after GC invocations=16 (full 0):
 garbage-first heap   total 155648K, used 146505K [0x00000000c3200000, 0x0000000100000000)
  region size 1024K, 2 young (2048K), 2 survivors (2048K)
 Metaspace       used 23034K, committed 23424K, reserved 1114112K
  class space    used 3106K, committed 3264K, reserved 1048576K
}
Event: 32.083 GC heap before
{Heap before GC invocations=16 (full 0):
 garbage-first heap   total 155648K, used 146505K [0x00000000c3200000, 0x0000000100000000)
  region size 1024K, 3 young (3072K), 2 survivors (2048K)
 Metaspace       used 23034K, committed 23424K, reserved 1114112K
  class space    used 3106K, committed 3264K, reserved 1048576K
}
Event: 32.085 GC heap after
{Heap after GC invocations=17 (full 0):
 garbage-first heap   total 155648K, used 146827K [0x00000000c3200000, 0x0000000100000000)
  region size 1024K, 1 young (1024K), 1 survivors (1024K)
 Metaspace       used 23034K, committed 23424K, reserved 1114112K
  class space    used 3106K, committed 3264K, reserved 1048576K
}
Event: 33.384 GC heap before
{Heap before GC invocations=18 (full 0):
 garbage-first heap   total 219136K, used 134539K [0x00000000c3200000, 0x0000000100000000)
  region size 1024K, 7 young (7168K), 1 survivors (1024K)
 Metaspace       used 23159K, committed 23552K, reserved 1114112K
  class space    used 3119K, committed 3328K, reserved 1048576K
}
Event: 33.386 GC heap after
{Heap after GC invocations=19 (full 0):
 garbage-first heap   total 219136K, used 129604K [0x00000000c3200000, 0x0000000100000000)
  region size 1024K, 1 young (1024K), 1 survivors (1024K)
 Metaspace       used 23159K, committed 23552K, reserved 1114112K
  class space    used 3119K, committed 3328K, reserved 1048576K
}
Event: 1613.789 GC heap before
{Heap before GC invocations=19 (full 0):
 garbage-first heap   total 235520K, used 234052K [0x00000000c3200000, 0x0000000100000000)
  region size 1024K, 22 young (22528K), 1 survivors (1024K)
 Metaspace       used 23492K, committed 23872K, reserved 1114112K
  class space    used 3136K, committed 3328K, reserved 1048576K
}
Event: 1613.823 GC heap after
{Heap after GC invocations=20 (full 0):
 garbage-first heap   total 240640K, used 208968K [0x00000000c3200000, 0x0000000100000000)
  region size 1024K, 4 young (4096K), 4 survivors (4096K)
 Metaspace       used 23492K, committed 23872K, reserved 1114112K
  class space    used 3136K, committed 3328K, reserved 1048576K
}
Event: 1613.833 GC heap before
{Heap before GC invocations=20 (full 0):
 garbage-first heap   total 240640K, used 208968K [0x00000000c3200000, 0x0000000100000000)
  region size 1024K, 5 young (5120K), 4 survivors (4096K)
 Metaspace       used 23492K, committed 23872K, reserved 1114112K
  class space    used 3136K, committed 3328K, reserved 1048576K
}
Event: 1613.839 GC heap after
{Heap after GC invocations=21 (full 0):
 garbage-first heap   total 240640K, used 209679K [0x00000000c3200000, 0x0000000100000000)
  region size 1024K, 1 young (1024K), 1 survivors (1024K)
 Metaspace       used 23492K, committed 23872K, reserved 1114112K
  class space    used 3136K, committed 3328K, reserved 1048576K
}

Dll operation events (20 events):
Event: 0.402 Loaded shared library C:\Users\USER\.openjfx\cache\23.0.1+4\amd64\api-ms-win-crt-multibyte-l1-1-0.dll
Event: 0.406 Loaded shared library C:\Users\USER\.openjfx\cache\23.0.1+4\amd64\api-ms-win-crt-private-l1-1-0.dll
Event: 0.409 Loaded shared library C:\Users\USER\.openjfx\cache\23.0.1+4\amd64\api-ms-win-crt-process-l1-1-0.dll
Event: 0.413 Loaded shared library C:\Users\USER\.openjfx\cache\23.0.1+4\amd64\api-ms-win-crt-runtime-l1-1-0.dll
Event: 0.417 Loaded shared library C:\Users\USER\.openjfx\cache\23.0.1+4\amd64\api-ms-win-crt-stdio-l1-1-0.dll
Event: 0.420 Loaded shared library C:\Users\USER\.openjfx\cache\23.0.1+4\amd64\api-ms-win-crt-string-l1-1-0.dll
Event: 0.422 Loaded shared library C:\Users\USER\.openjfx\cache\23.0.1+4\amd64\api-ms-win-crt-time-l1-1-0.dll
Event: 0.425 Loaded shared library C:\Users\USER\.openjfx\cache\23.0.1+4\amd64\api-ms-win-crt-utility-l1-1-0.dll
Event: 0.438 Loaded shared library C:\Users\USER\.openjfx\cache\23.0.1+4\amd64\ucrtbase.dll
Event: 0.442 Loaded shared library C:\Users\USER\.openjfx\cache\23.0.1+4\amd64\vcruntime140.dll
Event: 0.445 Loaded shared library C:\Users\USER\.openjfx\cache\23.0.1+4\amd64\vcruntime140_1.dll
Event: 0.454 Loaded shared library C:\Users\USER\.openjfx\cache\23.0.1+4\amd64\msvcp140.dll
Event: 0.457 Loaded shared library C:\Users\USER\.openjfx\cache\23.0.1+4\amd64\msvcp140_1.dll
Event: 0.462 Loaded shared library C:\Users\USER\.openjfx\cache\23.0.1+4\amd64\msvcp140_2.dll
Event: 0.513 Loaded shared library C:\Users\USER\.openjfx\cache\23.0.1+4\amd64\prism_d3d.dll
Event: 0.605 Loaded shared library C:\Users\USER\.openjfx\cache\23.0.1+4\amd64\glass.dll
Event: 0.738 Loaded shared library C:\Program Files\Java\jdk-21\bin\jimage.dll
Event: 1.104 Loaded shared library C:\Users\USER\.openjfx\cache\23.0.1+4\amd64\javafx_font.dll
Event: 20.947 Loaded shared library C:\Program Files\Java\jdk-21\bin\extnet.dll
Event: 22.846 Loaded shared library C:\Users\USER\.openjfx\cache\23.0.1+4\amd64\javafx_iio.dll

Deoptimization events (20 events):
Event: 1614.003 Thread 0x0000013efc59ee30 Uncommon trap: trap_request=0xffffff45 fr.pc=0x0000013eabd0cd2c relative=0x000000000000198c
Event: 1614.003 Thread 0x0000013efc59ee30 Uncommon trap: reason=unstable_if action=reinterpret pc=0x0000013eabd0cd2c method=java.util.zip.InflaterInputStream.read([BII)I @ 94 c2
Event: 1614.003 Thread 0x0000013efc59ee30 DEOPT PACKING pc=0x0000013eabd0cd2c sp=0x0000002e3c4faed0
Event: 1614.003 Thread 0x0000013efc59ee30 DEOPT UNPACKING pc=0x0000013eab6c7da2 sp=0x0000002e3c4faf10 mode 2
Event: 1614.007 Thread 0x0000013efc59ee30 DEOPT PACKING pc=0x0000013ea4170c98 sp=0x0000002e3c4fa560
Event: 1614.007 Thread 0x0000013efc59ee30 DEOPT UNPACKING pc=0x0000013eab6c88e2 sp=0x0000002e3c4f9a50 mode 0
Event: 1614.094 Thread 0x0000013efc59ee30 Uncommon trap: trap_request=0xffffff45 fr.pc=0x0000013eabc972c0 relative=0x0000000000001cc0
Event: 1614.094 Thread 0x0000013efc59ee30 Uncommon trap: reason=unstable_if action=reinterpret pc=0x0000013eabc972c0 method=java.lang.ref.SoftReference.get()Ljava/lang/Object; @ 6 c2
Event: 1614.094 Thread 0x0000013efc59ee30 DEOPT PACKING pc=0x0000013eabc972c0 sp=0x0000002e3c4fad50
Event: 1614.094 Thread 0x0000013efc59ee30 DEOPT UNPACKING pc=0x0000013eab6c7da2 sp=0x0000002e3c4fab80 mode 2
Event: 1614.267 Thread 0x0000013efc3c9270 Uncommon trap: trap_request=0xffffff45 fr.pc=0x0000013eabcc32b0 relative=0x00000000000029d0
Event: 1614.267 Thread 0x0000013efc3c9270 Uncommon trap: reason=unstable_if action=reinterpret pc=0x0000013eabcc32b0 method=java.lang.ref.SoftReference.get()Ljava/lang/Object; @ 6 c2
Event: 1614.267 Thread 0x0000013efc3c9270 DEOPT PACKING pc=0x0000013eabcc32b0 sp=0x0000002e3c3fe4d0
Event: 1614.270 Thread 0x0000013efc3c9270 DEOPT UNPACKING pc=0x0000013eab6c7da2 sp=0x0000002e3c3fe410 mode 2
Event: 1615.164 Thread 0x0000013efc59ee30 Uncommon trap: trap_request=0xffffff45 fr.pc=0x0000013eabe46df0 relative=0x0000000000000150
Event: 1615.164 Thread 0x0000013efc59ee30 Uncommon trap: reason=unstable_if action=reinterpret pc=0x0000013eabe46df0 method=java.lang.ref.SoftReference.get()Ljava/lang/Object; @ 6 c2
Event: 1615.164 Thread 0x0000013efc59ee30 DEOPT PACKING pc=0x0000013eabe46df0 sp=0x0000002e3c4fa320
Event: 1615.165 Thread 0x0000013efc59ee30 DEOPT UNPACKING pc=0x0000013eab6c7da2 sp=0x0000002e3c4fa268 mode 2
Event: 1615.169 Thread 0x0000013efc59ee30 DEOPT PACKING pc=0x0000013ea42e39d3 sp=0x0000002e3c4fbaf0
Event: 1615.169 Thread 0x0000013efc59ee30 DEOPT UNPACKING pc=0x0000013eab6c88e2 sp=0x0000002e3c4faf60 mode 0

Classes loaded (20 events):
Event: 26.769 Loading class java/lang/Throwable$PrintStreamOrWriter done
Event: 26.769 Loading class java/lang/Throwable$WrappedPrintStream done
Event: 28.312 Loading class java/lang/foreign/MemorySegment
Event: 28.312 Loading class java/lang/foreign/MemorySegment done
Event: 34.964 Loading class java/text/BreakIterator
Event: 34.964 Loading class java/text/BreakIterator done
Event: 34.964 Loading class sun/util/locale/provider/BreakIteratorProviderImpl$GraphemeBreakIterator
Event: 34.964 Loading class sun/util/locale/provider/BreakIteratorProviderImpl$GraphemeBreakIterator done
Event: 34.964 Loading class java/text/StringCharacterIterator
Event: 34.964 Loading class java/text/StringCharacterIterator done
Event: 34.965 Loading class sun/util/locale/provider/BreakIteratorProviderImpl$CharacterIteratorCharSequence
Event: 34.965 Loading class sun/util/locale/provider/BreakIteratorProviderImpl$CharacterIteratorCharSequence done
Event: 34.965 Loading class java/text/BreakIterator$BreakIteratorCache
Event: 34.965 Loading class java/text/BreakIterator$BreakIteratorCache done
Event: 34.965 Loading class jdk/internal/util/regex/Grapheme
Event: 34.965 Loading class jdk/internal/util/regex/Grapheme done
Event: 245.848 Loading class java/util/Collections$UnmodifiableMap$UnmodifiableEntrySet$1
Event: 245.884 Loading class java/util/Collections$UnmodifiableMap$UnmodifiableEntrySet$1 done
Event: 245.895 Loading class java/util/Collections$UnmodifiableMap$UnmodifiableEntrySet$UnmodifiableEntry
Event: 245.921 Loading class java/util/Collections$UnmodifiableMap$UnmodifiableEntrySet$UnmodifiableEntry done

Classes unloaded (20 events):
Event: 1613.895 Thread 0x0000013e9bd79ea0 Unloading class 0x0000013eb8025000 'java/lang/invoke/LambdaForm$MH+0x0000013eb8025000'
Event: 1613.895 Thread 0x0000013e9bd79ea0 Unloading class 0x0000013eb8024c00 'java/lang/invoke/LambdaForm$MH+0x0000013eb8024c00'
Event: 1613.895 Thread 0x0000013e9bd79ea0 Unloading class 0x0000013eb8024400 'java/lang/invoke/LambdaForm$MH+0x0000013eb8024400'
Event: 1613.895 Thread 0x0000013e9bd79ea0 Unloading class 0x0000013eb8019800 'java/lang/invoke/LambdaForm$MH+0x0000013eb8019800'
Event: 1613.895 Thread 0x0000013e9bd79ea0 Unloading class 0x0000013eb8019000 'java/lang/invoke/LambdaForm$MH+0x0000013eb8019000'
Event: 1613.895 Thread 0x0000013e9bd79ea0 Unloading class 0x0000013eb8018c00 'java/lang/invoke/LambdaForm$MH+0x0000013eb8018c00'
Event: 1613.895 Thread 0x0000013e9bd79ea0 Unloading class 0x0000013eb8018800 'java/lang/invoke/LambdaForm$MH+0x0000013eb8018800'
Event: 1613.895 Thread 0x0000013e9bd79ea0 Unloading class 0x0000013eb8018400 'java/lang/invoke/LambdaForm$MH+0x0000013eb8018400'
Event: 1613.895 Thread 0x0000013e9bd79ea0 Unloading class 0x0000013eb8017c00 'java/lang/invoke/LambdaForm$MH+0x0000013eb8017c00'
Event: 1613.895 Thread 0x0000013e9bd79ea0 Unloading class 0x0000013eb8017800 'java/lang/invoke/LambdaForm$MH+0x0000013eb8017800'
Event: 1613.895 Thread 0x0000013e9bd79ea0 Unloading class 0x0000013eb8017400 'java/lang/invoke/LambdaForm$MH+0x0000013eb8017400'
Event: 1613.895 Thread 0x0000013e9bd79ea0 Unloading class 0x0000013eb8016c00 'java/lang/invoke/LambdaForm$MH+0x0000013eb8016c00'
Event: 1613.895 Thread 0x0000013e9bd79ea0 Unloading class 0x0000013eb8016000 'java/lang/invoke/LambdaForm$MH+0x0000013eb8016000'
Event: 1613.895 Thread 0x0000013e9bd79ea0 Unloading class 0x0000013eb8015c00 'java/lang/invoke/LambdaForm$MH+0x0000013eb8015c00'
Event: 1613.895 Thread 0x0000013e9bd79ea0 Unloading class 0x0000013eb8015800 'java/lang/invoke/LambdaForm$MH+0x0000013eb8015800'
Event: 1613.895 Thread 0x0000013e9bd79ea0 Unloading class 0x0000013eb8015000 'java/lang/invoke/LambdaForm$MH+0x0000013eb8015000'
Event: 1613.895 Thread 0x0000013e9bd79ea0 Unloading class 0x0000013eb8014000 'java/lang/invoke/LambdaForm$MH+0x0000013eb8014000'
Event: 1613.895 Thread 0x0000013e9bd79ea0 Unloading class 0x0000013eb8004400 'java/lang/invoke/LambdaForm$MH+0x0000013eb8004400'
Event: 1613.895 Thread 0x0000013e9bd79ea0 Unloading class 0x0000013eb8004000 'java/lang/invoke/LambdaForm$MH+0x0000013eb8004000'
Event: 1613.895 Thread 0x0000013e9bd79ea0 Unloading class 0x0000013eb8003800 'java/lang/invoke/LambdaForm$MH+0x0000013eb8003800'

Classes redefined (0 events):
No events

Internal exceptions (20 events):
Event: 21.133 Thread 0x0000013efc59ee30 Implicit null exception at 0x0000013eabd9ac5e to 0x0000013eabd9acdc
Event: 22.763 Thread 0x0000013efc59ee30 Exception <a 'java/lang/NoSuchMethodError'{0x00000000c6b76a90}: 'java.lang.Object java.lang.invoke.DelegatingMethodHandle$Holder.reinvoke_L(java.lang.Object, double, double, double, double)'> (0x00000000c6b76a90) 
thrown [s\open\src\hotspot\share\interpreter\linkResolver.cpp, line 773]
Event: 22.764 Thread 0x0000013efc59ee30 Exception <a 'java/lang/NoSuchMethodError'{0x00000000c6b81cf8}: 'java.lang.Object java.lang.invoke.DirectMethodHandle$Holder.invokeStatic(java.lang.Object, java.lang.Object, int)'> (0x00000000c6b81cf8) 
thrown [s\open\src\hotspot\share\interpreter\linkResolver.cpp, line 773]
Event: 22.764 Thread 0x0000013efc59ee30 Exception <a 'java/lang/NoSuchMethodError'{0x00000000c6b85e40}: 'void java.lang.invoke.DirectMethodHandle$Holder.invokeStatic(java.lang.Object, java.lang.Object, int, java.lang.Object)'> (0x00000000c6b85e40) 
thrown [s\open\src\hotspot\share\interpreter\linkResolver.cpp, line 773]
Event: 22.764 Thread 0x0000013efc59ee30 Exception <a 'java/lang/NoSuchMethodError'{0x00000000c6b8ce30}: 'void java.lang.invoke.DelegatingMethodHandle$Holder.delegate(java.lang.Object, java.lang.Object, int, java.lang.Object)'> (0x00000000c6b8ce30) 
thrown [s\open\src\hotspot\share\interpreter\linkResolver.cpp, line 773]
Event: 22.991 Thread 0x0000013efc59ee30 Exception <a 'java/lang/NoSuchMethodError'{0x00000000c6b0ecb8}: 'void java.lang.invoke.DirectMethodHandle$Holder.invokeInterface(java.lang.Object, java.lang.Object)'> (0x00000000c6b0ecb8) 
thrown [s\open\src\hotspot\share\interpreter\linkResolver.cpp, line 773]
Event: 25.521 Thread 0x0000013efc59ee30 Exception <a 'java/lang/NoSuchMethodError'{0x00000000c6ade158}: 'java.lang.Object java.lang.invoke.DirectMethodHandle$Holder.newInvokeSpecial(java.lang.Object, java.lang.Object, int, int, int, int, int, java.lang.Object)'> (0x00000000c6ade158) 
thrown [s\open\src\hotspot\share\interpreter\linkResolver.cpp, line 773]
Event: 25.524 Thread 0x0000013efc59ee30 Exception <a 'java/lang/NoSuchMethodError'{0x00000000c6aefdb8}: 'java.lang.Object java.lang.invoke.DirectMethodHandle$Holder.newInvokeSpecial(java.lang.Object, java.lang.Object, java.lang.Object, int, int, int, int, int)'> (0x00000000c6aefdb8) 
thrown [s\open\src\hotspot\share\interpreter\linkResolver.cpp, line 773]
Event: 25.525 Thread 0x0000013efc59ee30 Exception <a 'java/lang/NoSuchMethodError'{0x00000000c6af7118}: 'java.lang.Object java.lang.invoke.Invokers$Holder.linkToTargetMethod(java.lang.Object, java.lang.Object, int, int, int, int, int, java.lang.Object)'> (0x00000000c6af7118) 
thrown [s\open\src\hotspot\share\interpreter\linkResolver.cpp, line 773]
Event: 25.935 Thread 0x0000013efc3c9270 Implicit null exception at 0x0000013eabe36b8b to 0x0000013eabe3a418
Event: 30.357 Thread 0x0000013efc3c9270 Implicit null exception at 0x0000013eabe6823a to 0x0000013eabe682e0
Event: 30.921 Thread 0x0000013efc59ee30 Exception <a 'java/io/FileNotFoundException'{0x00000000cb569fa0}> (0x00000000cb569fa0) 
thrown [s\open\src\hotspot\share\prims\jni.cpp, line 520]
Event: 30.921 Thread 0x0000013efc59ee30 Exception <a 'java/io/FileNotFoundException'{0x00000000cb56b7d8}> (0x00000000cb56b7d8) 
thrown [s\open\src\hotspot\share\prims\jni.cpp, line 520]
Event: 34.935 Thread 0x0000013efc59ee30 Exception <a 'java/io/FileNotFoundException'{0x00000000d002c8b0}> (0x00000000d002c8b0) 
thrown [s\open\src\hotspot\share\prims\jni.cpp, line 520]
Event: 34.935 Thread 0x0000013efc59ee30 Exception <a 'java/io/FileNotFoundException'{0x00000000d002e398}> (0x00000000d002e398) 
thrown [s\open\src\hotspot\share\prims\jni.cpp, line 520]
Event: 1614.094 Thread 0x0000013efc59ee30 Implicit null exception at 0x0000013eabc95c0f to 0x0000013eabc9727c
Event: 1614.267 Thread 0x0000013efc3c9270 Implicit null exception at 0x0000013eabcc0dfb to 0x0000013eabcc3258
Event: 1615.161 Thread 0x0000013efc59ee30 Exception <a 'java/io/FileNotFoundException'{0x00000000fffd5cf0}> (0x00000000fffd5cf0) 
thrown [s\open\src\hotspot\share\prims\jni.cpp, line 520]
Event: 1615.161 Thread 0x0000013efc59ee30 Exception <a 'java/io/FileNotFoundException'{0x00000000fffd77d8}> (0x00000000fffd77d8) 
thrown [s\open\src\hotspot\share\prims\jni.cpp, line 520]
Event: 1615.164 Thread 0x0000013efc59ee30 Implicit null exception at 0x0000013eabe46cf1 to 0x0000013eabe46dd8

ZGC Phase Switch (0 events):
No events

VM Operations (20 events):
Event: 1610.653 Executing VM operation: Cleanup
Event: 1610.654 Executing VM operation: Cleanup done
Event: 1611.655 Executing VM operation: Cleanup
Event: 1611.656 Executing VM operation: Cleanup done
Event: 1612.661 Executing VM operation: Cleanup
Event: 1612.661 Executing VM operation: Cleanup done
Event: 1613.673 Executing VM operation: Cleanup
Event: 1613.674 Executing VM operation: Cleanup done
Event: 1613.788 Executing VM operation: G1CollectForAllocation (G1 Evacuation Pause)
Event: 1613.823 Executing VM operation: G1CollectForAllocation (G1 Evacuation Pause) done
Event: 1613.833 Executing VM operation: G1TryInitiateConcMark (G1 Humongous Allocation)
Event: 1613.839 Executing VM operation: G1TryInitiateConcMark (G1 Humongous Allocation) done
Event: 1613.888 Executing VM operation: G1PauseRemark
Event: 1613.996 Executing VM operation: G1PauseRemark done
Event: 1614.026 Executing VM operation: G1PauseCleanup
Event: 1614.027 Executing VM operation: G1PauseCleanup done
Event: 1615.027 Executing VM operation: Cleanup
Event: 1615.027 Executing VM operation: Cleanup done
Event: 1616.028 Executing VM operation: Cleanup
Event: 1616.028 Executing VM operation: Cleanup done

Events (20 events):
Event: 1613.990 Thread 0x0000013e9bd79ea0 flushing nmethod 0x0000013ea45f6290
Event: 1613.990 Thread 0x0000013e9bd79ea0 flushing nmethod 0x0000013ea4611710
Event: 1613.990 Thread 0x0000013e9bd79ea0 flushing nmethod 0x0000013ea4640f10
Event: 1613.990 Thread 0x0000013e9bd79ea0 flushing nmethod 0x0000013ea46c1490
Event: 1613.990 Thread 0x0000013e9bd79ea0 flushing nmethod 0x0000013ea46f4690
Event: 1613.990 Thread 0x0000013e9bd79ea0 flushing nmethod 0x0000013ea46f4b90
Event: 1613.990 Thread 0x0000013e9bd79ea0 flushing nmethod 0x0000013ea46f4e90
Event: 1613.990 Thread 0x0000013e9bd79ea0 flushing nmethod 0x0000013ea4723390
Event: 1613.990 Thread 0x0000013e9bd79ea0 flushing nmethod 0x0000013ea4729410
Event: 1613.990 Thread 0x0000013e9bd79ea0 flushing nmethod 0x0000013ea47de910
Event: 1613.990 Thread 0x0000013e9bd79ea0 flushing nmethod 0x0000013ea4849a90
Event: 1613.990 Thread 0x0000013e9bd79ea0 flushing nmethod 0x0000013ea4857690
Event: 1613.990 Thread 0x0000013e9bd79ea0 flushing nmethod 0x0000013ea486b910
Event: 1613.990 Thread 0x0000013e9bd79ea0 flushing nmethod 0x0000013ea486bc90
Event: 1613.990 Thread 0x0000013e9bd79ea0 flushing nmethod 0x0000013ea4895f10
Event: 1613.990 Thread 0x0000013e9bd79ea0 flushing nmethod 0x0000013ea48a7690
Event: 1613.990 Thread 0x0000013e9bd79ea0 flushing nmethod 0x0000013ea4902610
Event: 1613.990 Thread 0x0000013e9bd79ea0 flushing nmethod 0x0000013ea4902f10
Event: 1613.990 Thread 0x0000013e9bd79ea0 flushing nmethod 0x0000013ea4a05d90
Event: 1613.991 Thread 0x0000013e9bd79ea0 flushing nmethod 0x0000013ea4a15f10


Dynamic libraries:
0x00007ff666280000 - 0x00007ff666290000 	C:\Program Files\Java\jdk-21\bin\java.exe
0x00007ffadf6f0000 - 0x00007ffadf907000 	C:\WINDOWS\SYSTEM32\ntdll.dll
0x00007ffade0a0000 - 0x00007ffade164000 	C:\WINDOWS\System32\KERNEL32.DLL
0x00007ffadd010000 - 0x00007ffadd3ca000 	C:\WINDOWS\System32\KERNELBASE.dll
0x00007ffadcd80000 - 0x00007ffadce91000 	C:\WINDOWS\System32\ucrtbase.dll
0x00007ffab2160000 - 0x00007ffab217b000 	C:\Program Files\Java\jdk-21\bin\VCRUNTIME140.dll
0x00007ffa8b280000 - 0x00007ffa8b299000 	C:\Program Files\Java\jdk-21\bin\jli.dll
0x00007ffadde80000 - 0x00007ffaddf32000 	C:\WINDOWS\System32\ADVAPI32.dll
0x00007ffade790000 - 0x00007ffade837000 	C:\WINDOWS\System32\msvcrt.dll
0x00007ffade170000 - 0x00007ffade217000 	C:\WINDOWS\System32\sechost.dll
0x00007ffadcfe0000 - 0x00007ffadd008000 	C:\WINDOWS\System32\bcrypt.dll
0x00007ffadd820000 - 0x00007ffadd934000 	C:\WINDOWS\System32\RPCRT4.dll
0x00007ffadec70000 - 0x00007ffadee1e000 	C:\WINDOWS\System32\USER32.dll
0x00007ffadd3d0000 - 0x00007ffadd3f6000 	C:\WINDOWS\System32\win32u.dll
0x00007ffadec20000 - 0x00007ffadec49000 	C:\WINDOWS\System32\GDI32.dll
0x00007ffadcc60000 - 0x00007ffadcd7b000 	C:\WINDOWS\System32\gdi32full.dll
0x00007ffadcb40000 - 0x00007ffadcbda000 	C:\WINDOWS\System32\msvcp_win.dll
0x00007ffacce40000 - 0x00007ffacd0d2000 	C:\WINDOWS\WinSxS\amd64_microsoft.windows.common-controls_6595b64144ccf1df_6.0.22621.4541_none_2710d1c57384c085\COMCTL32.dll
0x00007ffad3e50000 - 0x00007ffad3e5a000 	C:\WINDOWS\SYSTEM32\VERSION.dll
0x00007ffade840000 - 0x00007ffade871000 	C:\WINDOWS\System32\IMM32.DLL
0x00007ffa5de90000 - 0x00007ffa5de9c000 	C:\Program Files\Java\jdk-21\bin\vcruntime140_1.dll
0x00007ffa5d040000 - 0x00007ffa5d0ce000 	C:\Program Files\Java\jdk-21\bin\msvcp140.dll
0x00007ffa5dea0000 - 0x00007ffa5ebb8000 	C:\Program Files\Java\jdk-21\bin\server\jvm.dll
0x00007ffadd940000 - 0x00007ffadd9b1000 	C:\WINDOWS\System32\WS2_32.dll
0x00007ffadc8a0000 - 0x00007ffadc8ed000 	C:\WINDOWS\SYSTEM32\POWRPROF.dll
0x00007ffad5280000 - 0x00007ffad52b4000 	C:\WINDOWS\SYSTEM32\WINMM.dll
0x00007ffadc880000 - 0x00007ffadc893000 	C:\WINDOWS\SYSTEM32\UMPDC.dll
0x00007ffadba10000 - 0x00007ffadba28000 	C:\WINDOWS\SYSTEM32\kernel.appcore.dll
0x00007ffa5de80000 - 0x00007ffa5de8a000 	C:\Program Files\Java\jdk-21\bin\jimage.dll
0x00007ffada070000 - 0x00007ffada2a2000 	C:\WINDOWS\SYSTEM32\DBGHELP.DLL
0x00007ffadd9e0000 - 0x00007ffaddd6f000 	C:\WINDOWS\System32\combase.dll
0x00007ffadd740000 - 0x00007ffadd817000 	C:\WINDOWS\System32\OLEAUT32.dll
0x00007ffabe790000 - 0x00007ffabe7c2000 	C:\WINDOWS\SYSTEM32\dbgcore.DLL
0x00007ffadcf60000 - 0x00007ffadcfdb000 	C:\WINDOWS\System32\bcryptPrimitives.dll
0x00007ffa5dd80000 - 0x00007ffa5dd9f000 	C:\Program Files\Java\jdk-21\bin\java.dll
0x00007ffadee20000 - 0x00007ffadf698000 	C:\WINDOWS\System32\SHELL32.dll
0x00007ffada910000 - 0x00007ffadb218000 	C:\WINDOWS\SYSTEM32\windows.storage.dll
0x00007ffada7d0000 - 0x00007ffada90f000 	C:\WINDOWS\SYSTEM32\wintypes.dll
0x00007ffaddd80000 - 0x00007ffadde7a000 	C:\WINDOWS\System32\SHCORE.dll
0x00007ffade880000 - 0x00007ffade8de000 	C:\WINDOWS\System32\shlwapi.dll
0x00007ffadc900000 - 0x00007ffadc92b000 	C:\WINDOWS\SYSTEM32\profapi.dll
0x00007ffa5dbc0000 - 0x00007ffa5dc97000 	C:\Program Files\Java\jdk-21\bin\jsvml.dll
0x00007ffa5daf0000 - 0x00007ffa5db00000 	C:\Program Files\Java\jdk-21\bin\net.dll
0x00007ffad5d60000 - 0x00007ffad5e96000 	C:\WINDOWS\SYSTEM32\WINHTTP.dll
0x00007ffadbe90000 - 0x00007ffadbef9000 	C:\WINDOWS\system32\mswsock.dll
0x00007ffa5dad0000 - 0x00007ffa5dae6000 	C:\Program Files\Java\jdk-21\bin\nio.dll
0x00007ffa5d990000 - 0x00007ffa5d9a8000 	C:\Program Files\Java\jdk-21\bin\zip.dll
0x0000013e9bc30000 - 0x0000013e9bc33000 	C:\Users\USER\.openjfx\cache\23.0.1+4\amd64\api-ms-win-core-console-l1-1-0.dll
0x0000013e9bc40000 - 0x0000013e9bc43000 	C:\Users\USER\.openjfx\cache\23.0.1+4\amd64\api-ms-win-core-console-l1-2-0.dll
0x0000013e9bc50000 - 0x0000013e9bc53000 	C:\Users\USER\.openjfx\cache\23.0.1+4\amd64\api-ms-win-core-datetime-l1-1-0.dll
0x0000013e9bc60000 - 0x0000013e9bc63000 	C:\Users\USER\.openjfx\cache\23.0.1+4\amd64\api-ms-win-core-debug-l1-1-0.dll
0x0000013e9bc70000 - 0x0000013e9bc73000 	C:\Users\USER\.openjfx\cache\23.0.1+4\amd64\api-ms-win-core-errorhandling-l1-1-0.dll
0x0000013eb6e90000 - 0x0000013eb6e94000 	C:\Users\USER\.openjfx\cache\23.0.1+4\amd64\api-ms-win-core-file-l1-1-0.dll
0x0000013eb6ea0000 - 0x0000013eb6ea3000 	C:\Users\USER\.openjfx\cache\23.0.1+4\amd64\api-ms-win-core-file-l1-2-0.dll
0x0000013eb6eb0000 - 0x0000013eb6eb3000 	C:\Users\USER\.openjfx\cache\23.0.1+4\amd64\api-ms-win-core-file-l2-1-0.dll
0x0000013eb6ec0000 - 0x0000013eb6ec3000 	C:\Users\USER\.openjfx\cache\23.0.1+4\amd64\api-ms-win-core-handle-l1-1-0.dll
0x0000013eb6ed0000 - 0x0000013eb6ed3000 	C:\Users\USER\.openjfx\cache\23.0.1+4\amd64\api-ms-win-core-heap-l1-1-0.dll
0x0000013eb6ee0000 - 0x0000013eb6ee3000 	C:\Users\USER\.openjfx\cache\23.0.1+4\amd64\api-ms-win-core-interlocked-l1-1-0.dll
0x0000013eb6ef0000 - 0x0000013eb6ef3000 	C:\Users\USER\.openjfx\cache\23.0.1+4\amd64\api-ms-win-core-libraryloader-l1-1-0.dll
0x0000013eb6f00000 - 0x0000013eb6f03000 	C:\Users\USER\.openjfx\cache\23.0.1+4\amd64\api-ms-win-core-localization-l1-2-0.dll
0x0000013eb6f10000 - 0x0000013eb6f13000 	C:\Users\USER\.openjfx\cache\23.0.1+4\amd64\api-ms-win-core-memory-l1-1-0.dll
0x0000013eb6f20000 - 0x0000013eb6f23000 	C:\Users\USER\.openjfx\cache\23.0.1+4\amd64\api-ms-win-core-namedpipe-l1-1-0.dll
0x0000013eb6f30000 - 0x0000013eb6f33000 	C:\Users\USER\.openjfx\cache\23.0.1+4\amd64\api-ms-win-core-processenvironment-l1-1-0.dll
0x0000013eb6f40000 - 0x0000013eb6f43000 	C:\Users\USER\.openjfx\cache\23.0.1+4\amd64\api-ms-win-core-processthreads-l1-1-0.dll
0x0000013eb6f50000 - 0x0000013eb6f53000 	C:\Users\USER\.openjfx\cache\23.0.1+4\amd64\api-ms-win-core-processthreads-l1-1-1.dll
0x0000013eb6f60000 - 0x0000013eb6f63000 	C:\Users\USER\.openjfx\cache\23.0.1+4\amd64\api-ms-win-core-profile-l1-1-0.dll
0x0000013eb6f70000 - 0x0000013eb6f73000 	C:\Users\USER\.openjfx\cache\23.0.1+4\amd64\api-ms-win-core-rtlsupport-l1-1-0.dll
0x0000013eb6f80000 - 0x0000013eb6f83000 	C:\Users\USER\.openjfx\cache\23.0.1+4\amd64\api-ms-win-core-string-l1-1-0.dll
0x0000013eb6f90000 - 0x0000013eb6f93000 	C:\Users\USER\.openjfx\cache\23.0.1+4\amd64\api-ms-win-core-synch-l1-1-0.dll
0x0000013eb6fa0000 - 0x0000013eb6fa3000 	C:\Users\USER\.openjfx\cache\23.0.1+4\amd64\api-ms-win-core-synch-l1-2-0.dll
0x0000013eb6fb0000 - 0x0000013eb6fb3000 	C:\Users\USER\.openjfx\cache\23.0.1+4\amd64\api-ms-win-core-sysinfo-l1-1-0.dll
0x0000013eb6fc0000 - 0x0000013eb6fc3000 	C:\Users\USER\.openjfx\cache\23.0.1+4\amd64\api-ms-win-core-timezone-l1-1-0.dll
0x0000013eb6fd0000 - 0x0000013eb6fd3000 	C:\Users\USER\.openjfx\cache\23.0.1+4\amd64\api-ms-win-core-util-l1-1-0.dll
0x0000013eb6fe0000 - 0x0000013eb6fe3000 	C:\Users\USER\.openjfx\cache\23.0.1+4\amd64\api-ms-win-crt-conio-l1-1-0.dll
0x0000013eb6ff0000 - 0x0000013eb6ff4000 	C:\Users\USER\.openjfx\cache\23.0.1+4\amd64\api-ms-win-crt-convert-l1-1-0.dll
0x0000013efc800000 - 0x0000013efc803000 	C:\Users\USER\.openjfx\cache\23.0.1+4\amd64\api-ms-win-crt-environment-l1-1-0.dll
0x0000013efc810000 - 0x0000013efc813000 	C:\Users\USER\.openjfx\cache\23.0.1+4\amd64\api-ms-win-crt-filesystem-l1-1-0.dll
0x0000013efc820000 - 0x0000013efc823000 	C:\Users\USER\.openjfx\cache\23.0.1+4\amd64\api-ms-win-crt-heap-l1-1-0.dll
0x0000013efc830000 - 0x0000013efc833000 	C:\Users\USER\.openjfx\cache\23.0.1+4\amd64\api-ms-win-crt-locale-l1-1-0.dll
0x0000013efc840000 - 0x0000013efc845000 	C:\Users\USER\.openjfx\cache\23.0.1+4\amd64\api-ms-win-crt-math-l1-1-0.dll
0x0000013efc850000 - 0x0000013efc855000 	C:\Users\USER\.openjfx\cache\23.0.1+4\amd64\api-ms-win-crt-multibyte-l1-1-0.dll
0x0000013efc860000 - 0x0000013efc870000 	C:\Users\USER\.openjfx\cache\23.0.1+4\amd64\api-ms-win-crt-private-l1-1-0.dll
0x0000013efc870000 - 0x0000013efc873000 	C:\Users\USER\.openjfx\cache\23.0.1+4\amd64\api-ms-win-crt-process-l1-1-0.dll
0x0000013efc880000 - 0x0000013efc884000 	C:\Users\USER\.openjfx\cache\23.0.1+4\amd64\api-ms-win-crt-runtime-l1-1-0.dll
0x0000013efc890000 - 0x0000013efc894000 	C:\Users\USER\.openjfx\cache\23.0.1+4\amd64\api-ms-win-crt-stdio-l1-1-0.dll
0x0000013efc8a0000 - 0x0000013efc8a4000 	C:\Users\USER\.openjfx\cache\23.0.1+4\amd64\api-ms-win-crt-string-l1-1-0.dll
0x0000013efc8b0000 - 0x0000013efc8b3000 	C:\Users\USER\.openjfx\cache\23.0.1+4\amd64\api-ms-win-crt-time-l1-1-0.dll
0x0000013efc8c0000 - 0x0000013efc8c3000 	C:\Users\USER\.openjfx\cache\23.0.1+4\amd64\api-ms-win-crt-utility-l1-1-0.dll
0x00007ffa8afa0000 - 0x00007ffa8b09c000 	C:\Users\USER\.openjfx\cache\23.0.1+4\amd64\ucrtbase.dll
0x00007ffac5ac0000 - 0x00007ffac5adb000 	C:\Users\USER\.openjfx\cache\23.0.1+4\amd64\vcruntime140.dll
0x00007ffac5740000 - 0x00007ffac574c000 	C:\Users\USER\.openjfx\cache\23.0.1+4\amd64\vcruntime140_1.dll
0x00007ffa9e670000 - 0x00007ffa9e6fe000 	C:\Users\USER\.openjfx\cache\23.0.1+4\amd64\msvcp140.dll
0x00007ffac5730000 - 0x00007ffac5739000 	C:\Users\USER\.openjfx\cache\23.0.1+4\amd64\msvcp140_1.dll
0x00007ffa9e620000 - 0x00007ffa9e661000 	C:\Users\USER\.openjfx\cache\23.0.1+4\amd64\msvcp140_2.dll
0x00007ffa93a00000 - 0x00007ffa93a30000 	C:\Users\USER\.openjfx\cache\23.0.1+4\amd64\prism_d3d.dll
0x00007ffa6e880000 - 0x00007ffa6ea28000 	C:\WINDOWS\system32\d3d9.dll
0x00007ffad9ca0000 - 0x00007ffad9ccb000 	C:\WINDOWS\SYSTEM32\dwmapi.dll
0x00007ffad9b30000 - 0x00007ffad9b67000 	C:\WINDOWS\SYSTEM32\dxcore.dll
0x00007ffad9a30000 - 0x00007ffad9ae1000 	C:\WINDOWS\system32\uxtheme.dll
0x00007ffa95150000 - 0x00007ffa953bf000 	C:\WINDOWS\System32\DriverStore\FileRepository\iigd_dch.inf_amd64_03e2a5c7c3b3fa7c\igdumdim64.dll
0x00007ffadd580000 - 0x00007ffadd725000 	C:\WINDOWS\System32\ole32.dll
0x00007ffa712b0000 - 0x00007ffa727d3000 	C:\WINDOWS\System32\DriverStore\FileRepository\iigd_dch.inf_amd64_03e2a5c7c3b3fa7c\igd9dxva64.dll
0x00007ffade280000 - 0x00007ffade6f4000 	C:\WINDOWS\System32\SETUPAPI.dll
0x00007ffadc5d0000 - 0x00007ffadc61e000 	C:\WINDOWS\SYSTEM32\cfgmgr32.dll
0x00007ffa74080000 - 0x00007ffa75dab000 	C:\WINDOWS\System32\DriverStore\FileRepository\iigd_dch.inf_amd64_03e2a5c7c3b3fa7c\media_bin_64.dll
0x00007ffad0a80000 - 0x00007ffad0ebf000 	C:\WINDOWS\System32\DriverStore\FileRepository\iigd_dch.inf_amd64_03e2a5c7c3b3fa7c\igdgmm64.dll
0x00007ffad5230000 - 0x00007ffad5279000 	C:\WINDOWS\SYSTEM32\directxdatabasehelper.dll
0x00007ffa8b140000 - 0x00007ffa8b185000 	C:\Users\USER\.openjfx\cache\23.0.1+4\amd64\glass.dll
0x00007ffadd400000 - 0x00007ffadd500000 	C:\WINDOWS\System32\COMDLG32.dll
0x00007ffadeaa0000 - 0x00007ffadec01000 	C:\WINDOWS\System32\MSCTF.dll
0x00007ffad5320000 - 0x00007ffad5347000 	C:\WINDOWS\System32\DriverStore\FileRepository\iigd_dch.inf_amd64_03e2a5c7c3b3fa7c\igdinfo64.dll
0x00007ffadc0e0000 - 0x00007ffadc0fb000 	C:\WINDOWS\SYSTEM32\CRYPTSP.dll
0x00007ffadb970000 - 0x00007ffadb9a5000 	C:\WINDOWS\system32\rsaenh.dll
0x00007ffadc100000 - 0x00007ffadc10c000 	C:\WINDOWS\SYSTEM32\CRYPTBASE.dll
0x00007ffad1000000 - 0x00007ffad1024000 	C:\WINDOWS\System32\DriverStore\FileRepository\iigd_dch.inf_amd64_03e2a5c7c3b3fa7c\igc64.dll
0x00007ffac7a10000 - 0x00007ffacc17b000 	C:\WINDOWS\System32\DriverStore\FileRepository\iigd_dch.inf_amd64_03e2a5c7c3b3fa7c\igc1464.dll
0x00007ffaddfa0000 - 0x00007ffade050000 	C:\WINDOWS\System32\clbcatq.dll
0x00007ffacfae0000 - 0x00007ffacfc5d000 	C:\Windows\System32\Windows.UI.dll
0x00007fface380000 - 0x00007fface4f5000 	C:\Windows\System32\Windows.UI.Immersive.dll
0x00007ffac66c0000 - 0x00007ffac66d5000 	C:\Users\USER\.openjfx\cache\23.0.1+4\amd64\javafx_font.dll
0x00007ffad7140000 - 0x00007ffad73b3000 	C:\WINDOWS\SYSTEM32\dwrite.dll
0x00007ffad9840000 - 0x00007ffad99f0000 	C:\WINDOWS\SYSTEM32\WindowsCodecs.dll
0x00007ffab0190000 - 0x00007ffab01ee000 	C:\WINDOWS\system32\dataexchange.dll
0x00007ffad39e0000 - 0x00007ffad3c84000 	C:\WINDOWS\system32\twinapi.appcore.dll
0x00007ffad85c0000 - 0x00007ffad85f2000 	C:\Program Files\Common Files\Microsoft Shared\Ink\rtscom.dll
0x00007ffacd140000 - 0x00007ffacd285000 	C:\WINDOWS\SYSTEM32\textinputframework.dll
0x00007ffad8290000 - 0x00007ffad83c3000 	C:\WINDOWS\SYSTEM32\CoreMessaging.dll
0x00007ffad4b00000 - 0x00007ffad4e6d000 	C:\WINDOWS\SYSTEM32\CoreUIComponents.dll

dbghelp: loaded successfully - version: 4.0.5 - missing functions: none
symbol engine: initialized successfully - sym options: 0x614 - pdb path: .;C:\Program Files\Java\jdk-21\bin;C:\WINDOWS\SYSTEM32;C:\WINDOWS\WinSxS\amd64_microsoft.windows.common-controls_6595b64144ccf1df_6.0.22621.4541_none_2710d1c57384c085;C:\Program Files\Java\jdk-21\bin\server;C:\Users\USER\.openjfx\cache\23.0.1+4\amd64;C:\WINDOWS\System32\DriverStore\FileRepository\iigd_dch.inf_amd64_03e2a5c7c3b3fa7c;C:\Program Files\Common Files\Microsoft Shared\Ink

VM Arguments:
jvm_args: --module-path=C:\Users\USER\.m2\repository\org\openjfx\javafx-base\23.0.1\javafx-base-23.0.1-win.jar;C:\Users\USER\.m2\repository\org\openjfx\javafx-base\23.0.1\javafx-base-23.0.1.jar;C:\Users\USER\.m2\repository\org\openjfx\javafx-controls\23.0.1\javafx-controls-23.0.1-win.jar;C:\Users\USER\.m2\repository\org\openjfx\javafx-controls\23.0.1\javafx-controls-23.0.1.jar;C:\Users\USER\.m2\repository\org\openjfx\javafx-fxml\23.0.1\javafx-fxml-23.0.1-win.jar;C:\Users\USER\.m2\repository\org\openjfx\javafx-fxml\23.0.1\javafx-fxml-23.0.1.jar;C:\Users\USER\.m2\repository\org\openjfx\javafx-graphics\23.0.1\javafx-graphics-23.0.1-win.jar;C:\Users\USER\.m2\repository\org\openjfx\javafx-graphics\23.0.1\javafx-graphics-23.0.1.jar --add-modules=javafx.base,javafx.controls,javafx.fxml,javafx.graphics 
java_command: com.mycompany.java_farm.mainUi
java_class_path (initial): D:\FILE MEEEEE\SEMESTER 3\PBO\Java_farm\Java_farm\Java_farm\Java_farm\Java_farm\target\classes;C:\Users\USER\.m2\repository\au\com\dius\pact\core\pactbroker\4.6.15\pactbroker-4.6.15.jar;C:\Users\USER\.m2\repository\au\com\dius\pact\core\support\4.6.15\support-4.6.15.jar;C:\Users\USER\.m2\repository\com\github\mifmif\generex\1.0.2\generex-1.0.2.jar;C:\Users\USER\.m2\repository\com\google\code\findbugs\jsr305\3.0.2\jsr305-3.0.2.jar;C:\Users\USER\.m2\repository\com\google\errorprone\error_prone_annotations\2.11.0\error_prone_annotations-2.11.0.jar;C:\Users\USER\.m2\repository\com\google\guava\failureaccess\1.0.1\failureaccess-1.0.1.jar;C:\Users\USER\.m2\repository\com\google\guava\guava\31.1-jre\guava-31.1-jre.jar;C:\Users\USER\.m2\repository\com\google\guava\listenablefuture\9999.0-empty-to-avoid-conflict-with-guava\listenablefuture-9999.0-empty-to-avoid-conflict-with-guava.jar;C:\Users\USER\.m2\repository\com\google\j2objc\j2objc-annotations\1.3\j2objc-annotations-1.3.jar;C:\Users\USER\.m2\repository\com\google\protobuf\protobuf-java\3.21.9\protobuf-java-3.21.9.jar;C:\Users\USER\.m2\repository\com\mysql\mysql-connector-j\8.0.33\mysql-connector-j-8.0.33.jar;C:\Users\USER\.m2\repository\commons-codec\commons-codec\1.15\commons-codec-1.15.jar;C:\Users\USER\.m2\repository\dk\brics\automaton\automaton\1.11-8\automaton-1.11-8.jar;C:\Users\USER\.m2\repository\io\github\oshai\kotlin-logging-jvm\5.1.4\kotlin-logging-jvm-5.1.4.jar;C:\Users\USER\.m2\repository\org\apache\commons\commons-lang3\3.12.0\commons-lang3-3.12.0.jar;C:\Users\USER\.m2\repository\org\apache\commons\commons-text\1.10.0\commons-text-1.10.0.jar;C:\Users\USER\.m2\repository\org\apache\httpcomponents\client5\httpclient5\5.3.1\httpclient5-5.3.1.jar;C:\Users\USER\.m2\repository\org\apache\httpcomponents\client5\httpclient5-fluent\5.3.1\httpclient5-fluent-5.3.1.jar;C:\Users\USER\.m2\repository\org\apache\httpcomponents\core5\httpcore5\5.2.4\httpcore5-5.2.4.jar;C:\Users\USER\.m2\repository\org\apache\httpcomponents\core5\httpcore5-h2\5.2.4\httpcore5-h2-5.2.4.jar;C:\Users\USER\.m2\repository\org\checkerframework\checker-qual\3.12.0\checker-qual-3.12.0.jar;C:\Users\USER\.m2\repository\org\jetbrains\annotations\13.0\annotations-13.0.jar;C:\Users\USER\.m2\repository\org\jetbrains\kotlin\kotlin-reflect\1.8.22\kotlin-reflect-1.8.22.jar;C:\Users\USER\.m2\repository\org\jetbrains\kotlin\kotlin-stdlib\1.8.22\kotlin-stdlib-1.8.22.jar;C:\Users\USER\.m2\repository\org\jetbrains\kotlin\kotlin-stdlib-common\1.8.22\kotlin-stdlib-common-1.8.22.jar;C:\Users\USER\.m2\repository\org\jetbrains\kotlin\kotlin-stdlib-jdk7\1.8.22\kotlin-stdlib-jdk7-1.8.22.jar;C:\Users\USER\.m2\repository\org\jetbrains\kotlin\kotlin-stdlib-jdk8\1.8.22\kotlin-stdlib-jdk8-1.8.22.jar;C:\Users\USER\.m2\repository\org\slf4j\slf4j-api\1.7.36\slf4j-api-1.7.36.jar
Launcher Type: SUN_STANDARD

[Global flags]
     intx CICompilerCount                          = 3                                         {product} {ergonomic}
     uint ConcGCThreads                            = 1                                         {product} {ergonomic}
     uint G1ConcRefinementThreads                  = 4                                         {product} {ergonomic}
   size_t G1HeapRegionSize                         = 1048576                                   {product} {ergonomic}
    uintx GCDrainStackTargetSize                   = 64                                        {product} {ergonomic}
   size_t InitialHeapSize                          = 65011712                                  {product} {ergonomic}
   size_t MarkStackSize                            = 4194304                                   {product} {ergonomic}
   size_t MaxHeapSize                              = 1021313024                                {product} {ergonomic}
   size_t MaxNewSize                               = 612368384                                 {product} {ergonomic}
   size_t MinHeapDeltaBytes                        = 1048576                                   {product} {ergonomic}
   size_t MinHeapSize                              = 8388608                                   {product} {ergonomic}
    uintx NonNMethodCodeHeapSize                   = 5832780                                {pd product} {ergonomic}
    uintx NonProfiledCodeHeapSize                  = 122912730                              {pd product} {ergonomic}
    uintx ProfiledCodeHeapSize                     = 122912730                              {pd product} {ergonomic}
    uintx ReservedCodeCacheSize                    = 251658240                              {pd product} {ergonomic}
     bool SegmentedCodeCache                       = true                                      {product} {ergonomic}
   size_t SoftMaxHeapSize                          = 1021313024                             {manageable} {ergonomic}
     bool UseCompressedOops                        = true                           {product lp64_product} {ergonomic}
     bool UseG1GC                                  = true                                      {product} {ergonomic}
     bool UseLargePagesIndividualAllocation        = false                                  {pd product} {ergonomic}

Logging:
Log output configuration:
 #0: stdout all=warning uptime,level,tags foldmultilines=false
 #1: stderr all=off uptime,level,tags foldmultilines=false

Environment Variables:
JAVA_HOME=C:\Program Files\Java\jdk-21
PATH=C:\Program Files\Common Files\Oracle\Java\javapath;C:\WINDOWS\system32;C:\WINDOWS;C:\WINDOWS\System32\Wbem;C:\WINDOWS\System32\WindowsPowerShell\v1.0\;C:\WINDOWS\System32\OpenSSH\;C:\MinGW\bin;C:\Program Files\dotnet\;C:\Program Files\MySQL\MySQL Server 8.0\bin;C:\xampp\php;C:\Program Files\MATLAB\R2024b\bin;C:\Program Files\Java\jdk-23\bin;C:\Users\USER\Downloads\apache-ant-1.10.15-bin\bin;C:\Program Files\Java\javafx-sdk-23.0.1\bin;C:\Program Files\NetBeans-20\netbeans\java\maven;C:\Users\USER\Downloads\apache-maven-3.9.9-bin\apache-maven-3.9.9\bin;C:\Program Files\Java\jdk-21\bin;C:\Program Files\Java\javafx-sdk-21.0.5\bin;C:\Program Files\Java\jdk-21\bin;C:\Program Files\MySQL\MySQL Shell 8.0\bin\;C:\Users\USER\AppData\Local\Microsoft\WindowsApps;;C:\Users\USER\Documents\FILE MEEEEE\Microsoft VS Code\bin
USERNAME=USER
OS=Windows_NT
PROCESSOR_IDENTIFIER=Intel64 Family 6 Model 140 Stepping 1, GenuineIntel
TMP=C:\Users\USER\AppData\Local\Temp
TEMP=C:\Users\USER\AppData\Local\Temp




Periodic native trim disabled

---------------  S Y S T E M  ---------------

OS:
 Windows 11 , 64 bit Build 22621 (10.0.22621.4391)
OS uptime: 0 days 5:49 hours

CPU: total 4 (initial active 4) (2 cores per cpu, 2 threads per core) family 6 model 140 stepping 1 microcode 0x9a, cx8, cmov, fxsr, ht, mmx, 3dnowpref, sse, sse2, sse3, ssse3, sse4.1, sse4.2, popcnt, lzcnt, tsc, tscinvbit, avx, avx2, aes, erms, clmul, bmi1, bmi2, adx, avx512f, avx512dq, avx512cd, avx512bw, avx512vl, sha, fma, vzeroupper, avx512_vpopcntdq, avx512_vpclmulqdq, avx512_vaes, avx512_vnni, clflush, clflushopt, clwb, avx512_vbmi2, avx512_vbmi, rdtscp, rdpid, fsrm, gfni, avx512_bitalg, f16c, pku, cet_ibt, cet_ss, avx512_ifma
Processor Information for all 4 processors :
  Max Mhz: 2995, Current Mhz: 2995, Mhz Limit: 2995

Memory: 4k page, system-wide physical 3895M (228M free)
TotalPageFile size 15671M (AvailPageFile size 0M)
current process WorkingSet (physical memory assigned to process): 258M, peak: 446M
current process commit charge ("private bytes"): 614M, peak: 621M

vm_info: Java HotSpot(TM) 64-Bit Server VM (21.0.5+9-LTS-239) for windows-amd64 JRE (21.0.5+9-LTS-239), built on 2024-09-30T05:17:38Z by "mach5one" with MS VC++ 17.6 (VS2022)

END.
