#
# There is insufficient memory for the Java Runtime Environment to continue.
# Native memory allocation (malloc) failed to allocate 1390416 bytes for Chunk::new
# Possible reasons:
#   The system is out of physical RAM or swap space
#   The process is running with CompressedOops enabled, and the Java Heap may be blocking the growth of the native heap
# Possible solutions:
#   Reduce memory load on the system
#   Increase physical memory or swap space
#   Check if swap backing store is full
#   Decrease Java heap size (-Xmx/-Xms)
#   Decrease number of Java threads
#   Decrease Java thread stack sizes (-Xss)
#   Set larger code cache with -XX:ReservedCodeCacheSize=
#   JVM is running with Unscaled Compressed Oops mode in which the Java heap is
#     placed in the first 4GB address space. The Java Heap base address is the
#     maximum limit for the native heap growth. Please use -XX:HeapBaseMinAddress
#     to set the Java Heap base and to place the Java Heap above 4GB virtual address.
# This output file may be truncated or incomplete.
#
#  Out of Memory Error (arena.cpp:168), pid=9540, tid=18964
#
# JRE version: Java(TM) SE Runtime Environment (21.0.5+9) (build 21.0.5+9-LTS-239)
# Java VM: Java HotSpot(TM) 64-Bit Server VM (21.0.5+9-LTS-239, mixed mode, sharing, tiered, compressed oops, compressed class ptrs, g1 gc, windows-amd64)
# No core dump will be written. Minidumps are not enabled by default on client versions of Windows
#

---------------  S U M M A R Y ------------

Command Line: --module-path=C:\Users\USER\.m2\repository\org\openjfx\javafx-base\23.0.1\javafx-base-23.0.1-win.jar;C:\Users\USER\.m2\repository\org\openjfx\javafx-base\23.0.1\javafx-base-23.0.1.jar;C:\Users\USER\.m2\repository\org\openjfx\javafx-controls\23.0.1\javafx-controls-23.0.1-win.jar;C:\Users\USER\.m2\repository\org\openjfx\javafx-controls\23.0.1\javafx-controls-23.0.1.jar;C:\Users\USER\.m2\repository\org\openjfx\javafx-fxml\23.0.1\javafx-fxml-23.0.1-win.jar;C:\Users\USER\.m2\repository\org\openjfx\javafx-fxml\23.0.1\javafx-fxml-23.0.1.jar;C:\Users\USER\.m2\repository\org\openjfx\javafx-graphics\23.0.1\javafx-graphics-23.0.1-win.jar;C:\Users\USER\.m2\repository\org\openjfx\javafx-graphics\23.0.1\javafx-graphics-23.0.1.jar --add-modules=javafx.base,javafx.controls,javafx.fxml,javafx.graphics com.mycompany.java_farm.mainUi

Host: 11th Gen Intel(R) Core(TM) i3-1115G4 @ 3.00GHz, 4 cores, 3G,  Windows 11 , 64 bit Build 22621 (10.0.22621.4391)
Time: Sun Dec 15 21:57:02 2024 SE Asia Standard Time elapsed time: 73.780187 seconds (0d 0h 1m 13s)

---------------  T H R E A D  ---------------

Current thread (0x000001d6495ffad0):  JavaThread "C2 CompilerThread0" daemon [_thread_in_native, id=18964, stack(0x00000020e9d00000,0x00000020e9e00000) (1024K)]


Current CompileTask:
C2:  73780 5252   !   4       com.sun.javafx.tk.Toolkit::firePulse (279 bytes)

Stack: [0x00000020e9d00000,0x00000020e9e00000]
Native frames: (J=compiled Java code, j=interpreted, Vv=VM code, C=native code)
V  [jvm.dll+0x6ca289]
V  [jvm.dll+0x854a51]
V  [jvm.dll+0x856f7e]
V  [jvm.dll+0x857653]
V  [jvm.dll+0x27dd26]
V  [jvm.dll+0xc4c2d]
V  [jvm.dll+0xc5163]
V  [jvm.dll+0x3b4d02]
V  [jvm.dll+0x3814b5]
V  [jvm.dll+0x38092a]
V  [jvm.dll+0x246910]
V  [jvm.dll+0x245eef]
V  [jvm.dll+0x1c6d0e]
V  [jvm.dll+0x2554d9]
V  [jvm.dll+0x253a6a]
V  [jvm.dll+0x3ee136]
V  [jvm.dll+0x7fee9b]
V  [jvm.dll+0x6c896d]
C  [ucrtbase.dll+0x29333]
C  [KERNEL32.DLL+0x1259d]
C  [ntdll.dll+0x5af38]


---------------  P R O C E S S  ---------------

Threads class SMR info:
_java_thread_list=0x000001d698446620, length=19, elements={
0x000001d62c956520, 0x000001d6495cd920, 0x000001d6495ce9e0, 0x000001d6495d3530,
0x000001d6495f6090, 0x000001d6495f7520, 0x000001d6495f90f0, 0x000001d6495ffad0,
0x000001d649604280, 0x000001d649823f80, 0x000001d649821eb0, 0x000001d649824610,
0x000001d649824ca0, 0x000001d649825330, 0x000001d649822540, 0x000001d649822bd0,
0x000001d6498238f0, 0x000001d6953c6ae0, 0x000001d6953c2fd0
}

Java Threads: ( => current thread )
  0x000001d62c956520 JavaThread "main"                              [_thread_blocked, id=15796, stack(0x00000020e8f00000,0x00000020e9000000) (1024K)]
  0x000001d6495cd920 JavaThread "Reference Handler"          daemon [_thread_blocked, id=12396, stack(0x00000020e9700000,0x00000020e9800000) (1024K)]
  0x000001d6495ce9e0 JavaThread "Finalizer"                  daemon [_thread_blocked, id=4736, stack(0x00000020e9800000,0x00000020e9900000) (1024K)]
  0x000001d6495d3530 JavaThread "Signal Dispatcher"          daemon [_thread_blocked, id=10048, stack(0x00000020e9900000,0x00000020e9a00000) (1024K)]
  0x000001d6495f6090 JavaThread "Attach Listener"            daemon [_thread_blocked, id=18888, stack(0x00000020e9a00000,0x00000020e9b00000) (1024K)]
  0x000001d6495f7520 JavaThread "Service Thread"             daemon [_thread_blocked, id=18164, stack(0x00000020e9b00000,0x00000020e9c00000) (1024K)]
  0x000001d6495f90f0 JavaThread "Monitor Deflation Thread"   daemon [_thread_blocked, id=17680, stack(0x00000020e9c00000,0x00000020e9d00000) (1024K)]
=>0x000001d6495ffad0 JavaThread "C2 CompilerThread0"         daemon [_thread_in_native, id=18964, stack(0x00000020e9d00000,0x00000020e9e00000) (1024K)]
  0x000001d649604280 JavaThread "C1 CompilerThread0"         daemon [_thread_blocked, id=16244, stack(0x00000020e9e00000,0x00000020e9f00000) (1024K)]
  0x000001d649823f80 JavaThread "Common-Cleaner"             daemon [_thread_blocked, id=15632, stack(0x00000020e9f00000,0x00000020ea000000) (1024K)]
  0x000001d649821eb0 JavaThread "Notification Thread"        daemon [_thread_blocked, id=2212, stack(0x00000020ea000000,0x00000020ea100000) (1024K)]
  0x000001d649824610 JavaThread "QuantumRenderer-0"          daemon [_thread_blocked, id=632, stack(0x00000020ea400000,0x00000020ea500000) (1024K)]
  0x000001d649824ca0 JavaThread "InvokeLaterDispatcher"      daemon [_thread_blocked, id=19404, stack(0x00000020ea500000,0x00000020ea600000) (1024K)]
  0x000001d649825330 JavaThread "JavaFX Application Thread"         [_thread_in_native, id=17484, stack(0x00000020ea600000,0x00000020ea700000) (1024K)]
  0x000001d649822540 JavaThread "JavaFX-Launcher"                   [_thread_blocked, id=12168, stack(0x00000020eab00000,0x00000020eac00000) (1024K)]
  0x000001d649822bd0 JavaThread "Thread-2"                   daemon [_thread_in_native, id=13280, stack(0x00000020eaa00000,0x00000020eab00000) (1024K)]
  0x000001d6498238f0 JavaThread "Prism Font Disposer"        daemon [_thread_blocked, id=17636, stack(0x00000020eac00000,0x00000020ead00000) (1024K)]
  0x000001d6953c6ae0 JavaThread "Cleaner-0"                  daemon [_thread_blocked, id=17832, stack(0x00000020eb000000,0x00000020eb100000) (1024K)]
  0x000001d6953c2fd0 JavaThread "mysql-cj-abandoned-connection-cleanup" daemon [_thread_blocked, id=9204, stack(0x00000020eb300000,0x00000020eb400000) (1024K)]
Total: 19

Other Threads:
  0x000001d62cb48530 VMThread "VM Thread"                           [id=6076, stack(0x00000020e9600000,0x00000020e9700000) (1024K)]
  0x000001d62cb37b10 WatcherThread "VM Periodic Task Thread"        [id=3204, stack(0x00000020e9500000,0x00000020e9600000) (1024K)]
  0x000001d62cac3d60 WorkerThread "GC Thread#0"                     [id=3704, stack(0x00000020e9000000,0x00000020e9100000) (1024K)]
  0x000001d68f1ee7b0 WorkerThread "GC Thread#1"                     [id=8772, stack(0x00000020ea100000,0x00000020ea200000) (1024K)]
  0x000001d68f1f2a80 WorkerThread "GC Thread#2"                     [id=17132, stack(0x00000020ea200000,0x00000020ea300000) (1024K)]
  0x000001d68f1eef50 WorkerThread "GC Thread#3"                     [id=10012, stack(0x00000020ea300000,0x00000020ea400000) (1024K)]
  0x000001d62cacd0c0 ConcurrentGCThread "G1 Main Marker"            [id=7760, stack(0x00000020e9100000,0x00000020e9200000) (1024K)]
  0x000001d62cacdbc0 WorkerThread "G1 Conc#0"                       [id=15420, stack(0x00000020e9200000,0x00000020e9300000) (1024K)]
  0x000001d62cb28170 ConcurrentGCThread "G1 Refine#0"               [id=18116, stack(0x00000020e9300000,0x00000020e9400000) (1024K)]
  0x000001d62cb28ce0 ConcurrentGCThread "G1 Service"                [id=13408, stack(0x00000020e9400000,0x00000020e9500000) (1024K)]
Total: 10

Threads with active compile tasks:
C2 CompilerThread0    73825 5252   !   4       com.sun.javafx.tk.Toolkit::firePulse (279 bytes)
Total: 1

VM state: not at safepoint (normal execution)

VM Mutex/Monitor currently owned by a thread: None

Heap address: 0x00000000c3200000, size: 974 MB, Compressed Oops mode: 32-bit

CDS archive(s) mapped at: [0x000001d64a000000-0x000001d64ac90000-0x000001d64ac90000), size 13172736, SharedBaseAddress: 0x000001d64a000000, ArchiveRelocationMode: 1.
Compressed class space mapped at: 0x000001d64b000000-0x000001d68b000000, reserved size: 1073741824
Narrow klass base: 0x000001d64a000000, Narrow klass shift: 0, Narrow klass range: 0x100000000

GC Precious Log:
 CardTable entry size: 512
 Card Set container configuration: InlinePtr #cards 5 size 8 Array Of Cards #cards 12 size 40 Howl #buckets 4 coarsen threshold 1843 Howl Bitmap #cards 512 size 80 coarsen threshold 460 Card regions per heap region 1 cards per card region 2048
 CPUs: 4 total, 4 available
 Memory: 3895M
 Large Page Support: Disabled
 NUMA Support: Disabled
 Compressed Oops: Enabled (32-bit)
 Heap Region Size: 1M
 Heap Min Capacity: 8M
 Heap Initial Capacity: 62M
 Heap Max Capacity: 974M
 Pre-touch: Disabled
 Parallel Workers: 4
 Concurrent Workers: 1
 Concurrent Refinement Workers: 4
 Periodic GC: Disabled

Heap:
 garbage-first heap   total 69632K, used 41862K [0x00000000c3200000, 0x0000000100000000)
  region size 1024K, 7 young (7168K), 3 survivors (3072K)
 Metaspace       used 23401K, committed 23808K, reserved 1114112K
  class space    used 3248K, committed 3456K, reserved 1048576K

Heap Regions: E=young(eden), S=young(survivor), O=old, HS=humongous(starts), HC=humongous(continues), CS=collection set, F=free, TAMS=top-at-mark-start, PB=parsable bottom
|   0|0x00000000c3200000, 0x00000000c3200000, 0x00000000c3300000|  0%| F|  |TAMS 0x00000000c3200000| PB 0x00000000c3200000| Untracked 
|   1|0x00000000c3300000, 0x00000000c3400000, 0x00000000c3400000|100%| O|  |TAMS 0x00000000c3300000| PB 0x00000000c3300000| Untracked 
|   2|0x00000000c3400000, 0x00000000c34b6330, 0x00000000c3500000| 71%| O|  |TAMS 0x00000000c3400000| PB 0x00000000c3400000| Untracked 
|   3|0x00000000c3500000, 0x00000000c3600000, 0x00000000c3600000|100%|HS|  |TAMS 0x00000000c3500000| PB 0x00000000c3500000| Complete 
|   4|0x00000000c3600000, 0x00000000c3700000, 0x00000000c3700000|100%|HC|  |TAMS 0x00000000c3600000| PB 0x00000000c3600000| Complete 
|   5|0x00000000c3700000, 0x00000000c3800000, 0x00000000c3800000|100%|HS|  |TAMS 0x00000000c3700000| PB 0x00000000c3700000| Complete 
|   6|0x00000000c3800000, 0x00000000c3900000, 0x00000000c3900000|100%|HC|  |TAMS 0x00000000c3800000| PB 0x00000000c3800000| Complete 
|   7|0x00000000c3900000, 0x00000000c3a00000, 0x00000000c3a00000|100%|HC|  |TAMS 0x00000000c3900000| PB 0x00000000c3900000| Complete 
|   8|0x00000000c3a00000, 0x00000000c3b00000, 0x00000000c3b00000|100%|HC|  |TAMS 0x00000000c3a00000| PB 0x00000000c3a00000| Complete 
|   9|0x00000000c3b00000, 0x00000000c3c00000, 0x00000000c3c00000|100%|HS|  |TAMS 0x00000000c3b00000| PB 0x00000000c3b00000| Complete 
|  10|0x00000000c3c00000, 0x00000000c3d00000, 0x00000000c3d00000|100%|HC|  |TAMS 0x00000000c3c00000| PB 0x00000000c3c00000| Complete 
|  11|0x00000000c3d00000, 0x00000000c3e00000, 0x00000000c3e00000|100%|HS|  |TAMS 0x00000000c3d00000| PB 0x00000000c3d00000| Complete 
|  12|0x00000000c3e00000, 0x00000000c3f00000, 0x00000000c3f00000|100%|HC|  |TAMS 0x00000000c3e00000| PB 0x00000000c3e00000| Complete 
|  13|0x00000000c3f00000, 0x00000000c4000000, 0x00000000c4000000|100%|HS|  |TAMS 0x00000000c3f00000| PB 0x00000000c3f00000| Complete 
|  14|0x00000000c4000000, 0x00000000c4100000, 0x00000000c4100000|100%|HC|  |TAMS 0x00000000c4000000| PB 0x00000000c4000000| Complete 
|  15|0x00000000c4100000, 0x00000000c4200000, 0x00000000c4200000|100%|HS|  |TAMS 0x00000000c4100000| PB 0x00000000c4100000| Complete 
|  16|0x00000000c4200000, 0x00000000c4300000, 0x00000000c4300000|100%|HC|  |TAMS 0x00000000c4200000| PB 0x00000000c4200000| Complete 
|  17|0x00000000c4300000, 0x00000000c4400000, 0x00000000c4400000|100%|HS|  |TAMS 0x00000000c4300000| PB 0x00000000c4300000| Complete 
|  18|0x00000000c4400000, 0x00000000c4500000, 0x00000000c4500000|100%|HC|  |TAMS 0x00000000c4400000| PB 0x00000000c4400000| Complete 
|  19|0x00000000c4500000, 0x00000000c4600000, 0x00000000c4600000|100%|HS|  |TAMS 0x00000000c4500000| PB 0x00000000c4500000| Complete 
|  20|0x00000000c4600000, 0x00000000c4700000, 0x00000000c4700000|100%|HC|  |TAMS 0x00000000c4600000| PB 0x00000000c4600000| Complete 
|  21|0x00000000c4700000, 0x00000000c4800000, 0x00000000c4800000|100%|HS|  |TAMS 0x00000000c4700000| PB 0x00000000c4700000| Complete 
|  22|0x00000000c4800000, 0x00000000c4900000, 0x00000000c4900000|100%|HC|  |TAMS 0x00000000c4800000| PB 0x00000000c4800000| Complete 
|  23|0x00000000c4900000, 0x00000000c4a00000, 0x00000000c4a00000|100%|HS|  |TAMS 0x00000000c4900000| PB 0x00000000c4900000| Complete 
|  24|0x00000000c4a00000, 0x00000000c4b00000, 0x00000000c4b00000|100%| O|  |TAMS 0x00000000c4a00000| PB 0x00000000c4a00000| Untracked 
|  25|0x00000000c4b00000, 0x00000000c4c00000, 0x00000000c4c00000|100%| O|  |TAMS 0x00000000c4b00000| PB 0x00000000c4b00000| Untracked 
|  26|0x00000000c4c00000, 0x00000000c4d00000, 0x00000000c4d00000|100%| O|  |TAMS 0x00000000c4c00000| PB 0x00000000c4c00000| Untracked 
|  27|0x00000000c4d00000, 0x00000000c4e00000, 0x00000000c4e00000|100%| O|  |TAMS 0x00000000c4d00000| PB 0x00000000c4d00000| Untracked 
|  28|0x00000000c4e00000, 0x00000000c4f00000, 0x00000000c4f00000|100%| O|  |TAMS 0x00000000c4e00000| PB 0x00000000c4e00000| Untracked 
|  29|0x00000000c4f00000, 0x00000000c5000000, 0x00000000c5000000|100%| O|  |TAMS 0x00000000c4f00000| PB 0x00000000c4f00000| Untracked 
|  30|0x00000000c5000000, 0x00000000c5100000, 0x00000000c5100000|100%|HS|  |TAMS 0x00000000c5000000| PB 0x00000000c5000000| Complete 
|  31|0x00000000c5100000, 0x00000000c5200000, 0x00000000c5200000|100%|HC|  |TAMS 0x00000000c5100000| PB 0x00000000c5100000| Complete 
|  32|0x00000000c5200000, 0x00000000c5300000, 0x00000000c5300000|100%| O|  |TAMS 0x00000000c5200000| PB 0x00000000c5200000| Untracked 
|  33|0x00000000c5300000, 0x00000000c5400000, 0x00000000c5400000|100%| O|  |TAMS 0x00000000c5300000| PB 0x00000000c5300000| Untracked 
|  34|0x00000000c5400000, 0x00000000c5500000, 0x00000000c5500000|100%| O|Cm|TAMS 0x00000000c5400000| PB 0x00000000c5400000| Complete 
|  35|0x00000000c5500000, 0x00000000c5500000, 0x00000000c5600000|  0%| F|  |TAMS 0x00000000c5500000| PB 0x00000000c5500000| Untracked 
|  36|0x00000000c5600000, 0x00000000c5600000, 0x00000000c5700000|  0%| F|  |TAMS 0x00000000c5600000| PB 0x00000000c5600000| Untracked 
|  37|0x00000000c5700000, 0x00000000c572b500, 0x00000000c5800000| 16%| S|CS|TAMS 0x00000000c5700000| PB 0x00000000c5700000| Complete 
|  38|0x00000000c5800000, 0x00000000c5900000, 0x00000000c5900000|100%| S|CS|TAMS 0x00000000c5800000| PB 0x00000000c5800000| Complete 
|  39|0x00000000c5900000, 0x00000000c5a00000, 0x00000000c5a00000|100%| S|CS|TAMS 0x00000000c5900000| PB 0x00000000c5900000| Complete 
|  40|0x00000000c5a00000, 0x00000000c5a00000, 0x00000000c5b00000|  0%| F|  |TAMS 0x00000000c5a00000| PB 0x00000000c5a00000| Untracked 
|  41|0x00000000c5b00000, 0x00000000c5b00000, 0x00000000c5c00000|  0%| F|  |TAMS 0x00000000c5b00000| PB 0x00000000c5b00000| Untracked 
|  42|0x00000000c5c00000, 0x00000000c5c00000, 0x00000000c5d00000|  0%| F|  |TAMS 0x00000000c5c00000| PB 0x00000000c5c00000| Untracked 
|  43|0x00000000c5d00000, 0x00000000c5d00000, 0x00000000c5e00000|  0%| F|  |TAMS 0x00000000c5d00000| PB 0x00000000c5d00000| Untracked 
|  44|0x00000000c5e00000, 0x00000000c5e00000, 0x00000000c5f00000|  0%| F|  |TAMS 0x00000000c5e00000| PB 0x00000000c5e00000| Untracked 
|  45|0x00000000c5f00000, 0x00000000c5f00000, 0x00000000c6000000|  0%| F|  |TAMS 0x00000000c5f00000| PB 0x00000000c5f00000| Untracked 
|  46|0x00000000c6000000, 0x00000000c6000000, 0x00000000c6100000|  0%| F|  |TAMS 0x00000000c6000000| PB 0x00000000c6000000| Untracked 
|  47|0x00000000c6100000, 0x00000000c6100000, 0x00000000c6200000|  0%| F|  |TAMS 0x00000000c6100000| PB 0x00000000c6100000| Untracked 
|  48|0x00000000c6200000, 0x00000000c6200000, 0x00000000c6300000|  0%| F|  |TAMS 0x00000000c6200000| PB 0x00000000c6200000| Untracked 
|  49|0x00000000c6300000, 0x00000000c6300000, 0x00000000c6400000|  0%| F|  |TAMS 0x00000000c6300000| PB 0x00000000c6300000| Untracked 
|  50|0x00000000c6400000, 0x00000000c6400000, 0x00000000c6500000|  0%| F|  |TAMS 0x00000000c6400000| PB 0x00000000c6400000| Untracked 
|  51|0x00000000c6500000, 0x00000000c6500000, 0x00000000c6600000|  0%| F|  |TAMS 0x00000000c6500000| PB 0x00000000c6500000| Untracked 
|  52|0x00000000c6600000, 0x00000000c6600000, 0x00000000c6700000|  0%| F|  |TAMS 0x00000000c6600000| PB 0x00000000c6600000| Untracked 
|  53|0x00000000c6700000, 0x00000000c6700000, 0x00000000c6800000|  0%| F|  |TAMS 0x00000000c6700000| PB 0x00000000c6700000| Untracked 
|  54|0x00000000c6800000, 0x00000000c6800000, 0x00000000c6900000|  0%| F|  |TAMS 0x00000000c6800000| PB 0x00000000c6800000| Untracked 
|  55|0x00000000c6900000, 0x00000000c6900000, 0x00000000c6a00000|  0%| F|  |TAMS 0x00000000c6900000| PB 0x00000000c6900000| Untracked 
|  56|0x00000000c6a00000, 0x00000000c6a00000, 0x00000000c6b00000|  0%| F|  |TAMS 0x00000000c6a00000| PB 0x00000000c6a00000| Untracked 
|  57|0x00000000c6b00000, 0x00000000c6b00000, 0x00000000c6c00000|  0%| F|  |TAMS 0x00000000c6b00000| PB 0x00000000c6b00000| Untracked 
|  58|0x00000000c6c00000, 0x00000000c6c00000, 0x00000000c6d00000|  0%| F|  |TAMS 0x00000000c6c00000| PB 0x00000000c6c00000| Untracked 
|  59|0x00000000c6d00000, 0x00000000c6d00000, 0x00000000c6e00000|  0%| F|  |TAMS 0x00000000c6d00000| PB 0x00000000c6d00000| Untracked 
|  60|0x00000000c6e00000, 0x00000000c6e00000, 0x00000000c6f00000|  0%| F|  |TAMS 0x00000000c6e00000| PB 0x00000000c6e00000| Untracked 
|  61|0x00000000c6f00000, 0x00000000c6f00000, 0x00000000c7000000|  0%| F|  |TAMS 0x00000000c6f00000| PB 0x00000000c6f00000| Untracked 
|  62|0x00000000c7000000, 0x00000000c70e5308, 0x00000000c7100000| 89%| E|  |TAMS 0x00000000c7000000| PB 0x00000000c7000000| Complete 
|  63|0x00000000c7100000, 0x00000000c7200000, 0x00000000c7200000|100%| E|CS|TAMS 0x00000000c7100000| PB 0x00000000c7100000| Complete 
|  64|0x00000000c7200000, 0x00000000c7300000, 0x00000000c7300000|100%| E|CS|TAMS 0x00000000c7200000| PB 0x00000000c7200000| Complete 
|  65|0x00000000c7300000, 0x00000000c7400000, 0x00000000c7400000|100%| E|CS|TAMS 0x00000000c7300000| PB 0x00000000c7300000| Complete 
| 972|0x00000000ffe00000, 0x00000000fff00000, 0x00000000fff00000|100%| O|  |TAMS 0x00000000ffe00000| PB 0x00000000ffe00000| Untracked 
| 973|0x00000000fff00000, 0x0000000100000000, 0x0000000100000000|100%| O|  |TAMS 0x00000000fff00000| PB 0x00000000fff00000| Untracked 

Card table byte_map: [0x000001d645f00000,0x000001d6460f0000] _byte_map_base: 0x000001d6458e7000

Marking Bits: (CMBitMap*) 0x000001d62cac4c70
 Bits: [0x000001d6460f0000, 0x000001d647028000)

Polling page: 0x000001d62cb50000

Metaspace:

Usage:
  Non-class:     19.68 MB used.
      Class:      3.17 MB used.
       Both:     22.85 MB used.

Virtual space:
  Non-class space:       64.00 MB reserved,      19.88 MB ( 31%) committed,  1 nodes.
      Class space:        1.00 GB reserved,       3.38 MB ( <1%) committed,  1 nodes.
             Both:        1.06 GB reserved,      23.25 MB (  2%) committed. 

Chunk freelists:
   Non-Class:  11.42 MB
       Class:  12.67 MB
        Both:  24.09 MB

MaxMetaspaceSize: unlimited
CompressedClassSpaceSize: 1.00 GB
Initial GC threshold: 21.00 MB
Current GC threshold: 38.69 MB
CDS: on
 - commit_granule_bytes: 65536.
 - commit_granule_words: 8192.
 - virtual_space_node_default_size: 8388608.
 - enlarge_chunks_in_place: 1.
 - use_allocation_guard: 0.


Internal statistics:

num_allocs_failed_limit: 0.
num_arena_births: 394.
num_arena_deaths: 0.
num_vsnodes_births: 2.
num_vsnodes_deaths: 0.
num_space_committed: 372.
num_space_uncommitted: 0.
num_chunks_returned_to_freelist: 0.
num_chunks_taken_from_freelist: 1187.
num_chunk_merges: 0.
num_chunk_splits: 834.
num_chunks_enlarged: 623.
num_inconsistent_stats: 0.

CodeHeap 'non-profiled nmethods': size=120000Kb used=2663Kb max_used=3032Kb free=117336Kb
 bounds [0x000001d63e1c0000, 0x000001d63e4c0000, 0x000001d6456f0000]
CodeHeap 'profiled nmethods': size=120000Kb used=7383Kb max_used=8963Kb free=112616Kb
 bounds [0x000001d6366f0000, 0x000001d636fc0000, 0x000001d63dc20000]
CodeHeap 'non-nmethods': size=5760Kb used=2147Kb max_used=2183Kb free=3612Kb
 bounds [0x000001d63dc20000, 0x000001d63de90000, 0x000001d63e1c0000]
 total_blobs=5202 nmethods=4316 adapters=788
 compilation: enabled
              stopped_count=0, restarted_count=0
 full_count=0

Compilation events (20 events):
Event: 66.152 Thread 0x000001d649604280 nmethod 5245 0x000001d63682f490 code [0x000001d63682f760, 0x000001d6368308c8]
Event: 66.153 Thread 0x000001d649604280 5243       3       java.util.concurrent.CountDownLatch::await (9 bytes)
Event: 66.153 Thread 0x000001d649604280 nmethod 5243 0x000001d6368bdb10 code [0x000001d6368bdcc0, 0x000001d6368bde08]
Event: 66.153 Thread 0x000001d649604280 5242   !   3       com.sun.javafx.tk.quantum.PaintCollector::waitForRenderingToComplete (12 bytes)
Event: 66.153 Thread 0x000001d649604280 nmethod 5242 0x000001d636a0b710 code [0x000001d636a0b8c0, 0x000001d636a0bb10]
Event: 66.153 Thread 0x000001d649604280 5244       3       javafx.scene.Scene$ScenePulseListener::synchronizeSceneProperties (189 bytes)
Event: 66.158 Thread 0x000001d649604280 nmethod 5244 0x000001d636d7e110 code [0x000001d636d7e6a0, 0x000001d636d81908]
Event: 67.334 Thread 0x000001d649604280 5246       3       javafx.animation.Animation::sync (19 bytes)
Event: 67.335 Thread 0x000001d649604280 nmethod 5246 0x000001d6366f8590 code [0x000001d6366f8740, 0x000001d6366f89c8]
Event: 67.517 Thread 0x000001d649604280 5247       3       javafx.scene.Node$1::intersects (7 bytes)
Event: 67.518 Thread 0x000001d649604280 nmethod 5247 0x000001d63692f590 code [0x000001d63692f740, 0x000001d63692f898]
Event: 67.532 Thread 0x000001d649604280 5248       3       javafx.scene.Node::sceneToLocal (17 bytes)
Event: 67.533 Thread 0x000001d649604280 nmethod 5248 0x000001d636718790 code [0x000001d636718940, 0x000001d636718b60]
Event: 69.981 Thread 0x000001d649604280 5249       3       javafx.scene.text.Text::getFont (24 bytes)
Event: 69.981 Thread 0x000001d649604280 nmethod 5249 0x000001d63685b610 code [0x000001d63685b7e0, 0x000001d63685bc70]
Event: 69.981 Thread 0x000001d649604280 5250       3       javafx.scene.layout.Region::getSnapScaleY (8 bytes)
Event: 69.982 Thread 0x000001d649604280 nmethod 5250 0x000001d636989010 code [0x000001d636989260, 0x000001d636989b68]
Event: 70.838 Thread 0x000001d6495ffad0 5251       4       java.util.ArrayList::contains (14 bytes)
Event: 70.842 Thread 0x000001d6495ffad0 nmethod 5251 0x000001d63e421810 code [0x000001d63e4219a0, 0x000001d63e421c60]
Event: 73.590 Thread 0x000001d6495ffad0 5252   !   4       com.sun.javafx.tk.Toolkit::firePulse (279 bytes)

GC Heap History (20 events):
Event: 21.851 GC heap before
{Heap before GC invocations=6 (full 0):
 garbage-first heap   total 69632K, used 59963K [0x00000000c3200000, 0x0000000100000000)
  region size 1024K, 28 young (28672K), 3 survivors (3072K)
 Metaspace       used 19101K, committed 19392K, reserved 1114112K
  class space    used 2765K, committed 2880K, reserved 1048576K
}
Event: 21.857 GC heap after
{Heap after GC invocations=7 (full 0):
 garbage-first heap   total 69632K, used 36295K [0x00000000c3200000, 0x0000000100000000)
  region size 1024K, 2 young (2048K), 2 survivors (2048K)
 Metaspace       used 19101K, committed 19392K, reserved 1114112K
  class space    used 2765K, committed 2880K, reserved 1048576K
}
Event: 29.336 GC heap before
{Heap before GC invocations=7 (full 0):
 garbage-first heap   total 69632K, used 61895K [0x00000000c3200000, 0x0000000100000000)
  region size 1024K, 27 young (27648K), 2 survivors (2048K)
 Metaspace       used 19254K, committed 19584K, reserved 1114112K
  class space    used 2769K, committed 2880K, reserved 1048576K
}
Event: 29.352 GC heap after
{Heap after GC invocations=8 (full 0):
 garbage-first heap   total 69632K, used 36151K [0x00000000c3200000, 0x0000000100000000)
  region size 1024K, 2 young (2048K), 2 survivors (2048K)
 Metaspace       used 19254K, committed 19584K, reserved 1114112K
  class space    used 2769K, committed 2880K, reserved 1048576K
}
Event: 32.266 GC heap before
{Heap before GC invocations=8 (full 0):
 garbage-first heap   total 69632K, used 47415K [0x00000000c3200000, 0x0000000100000000)
  region size 1024K, 14 young (14336K), 2 survivors (2048K)
 Metaspace       used 19272K, committed 19584K, reserved 1114112K
  class space    used 2771K, committed 2880K, reserved 1048576K
}
Event: 32.272 GC heap after
{Heap after GC invocations=9 (full 0):
 garbage-first heap   total 69632K, used 36011K [0x00000000c3200000, 0x0000000100000000)
  region size 1024K, 2 young (2048K), 2 survivors (2048K)
 Metaspace       used 19272K, committed 19584K, reserved 1114112K
  class space    used 2771K, committed 2880K, reserved 1048576K
}
Event: 36.112 GC heap before
{Heap before GC invocations=10 (full 0):
 garbage-first heap   total 69632K, used 62635K [0x00000000c3200000, 0x0000000100000000)
  region size 1024K, 28 young (28672K), 2 survivors (2048K)
 Metaspace       used 23274K, committed 23680K, reserved 1114112K
  class space    used 3248K, committed 3456K, reserved 1048576K
}
Event: 36.118 GC heap after
{Heap after GC invocations=11 (full 0):
 garbage-first heap   total 69632K, used 38629K [0x00000000c3200000, 0x0000000100000000)
  region size 1024K, 3 young (3072K), 3 survivors (3072K)
 Metaspace       used 23274K, committed 23680K, reserved 1114112K
  class space    used 3248K, committed 3456K, reserved 1048576K
}
Event: 41.856 GC heap before
{Heap before GC invocations=11 (full 0):
 garbage-first heap   total 69632K, used 62181K [0x00000000c3200000, 0x0000000100000000)
  region size 1024K, 26 young (26624K), 3 survivors (3072K)
 Metaspace       used 23305K, committed 23680K, reserved 1114112K
  class space    used 3248K, committed 3456K, reserved 1048576K
}
Event: 41.873 GC heap after
{Heap after GC invocations=12 (full 0):
 garbage-first heap   total 69632K, used 38708K [0x00000000c3200000, 0x0000000100000000)
  region size 1024K, 2 young (2048K), 2 survivors (2048K)
 Metaspace       used 23305K, committed 23680K, reserved 1114112K
  class space    used 3248K, committed 3456K, reserved 1048576K
}
Event: 48.086 GC heap before
{Heap before GC invocations=12 (full 0):
 garbage-first heap   total 69632K, used 63284K [0x00000000c3200000, 0x0000000100000000)
  region size 1024K, 26 young (26624K), 2 survivors (2048K)
 Metaspace       used 23347K, committed 23744K, reserved 1114112K
  class space    used 3248K, committed 3456K, reserved 1048576K
}
Event: 48.095 GC heap after
{Heap after GC invocations=13 (full 0):
 garbage-first heap   total 69632K, used 38719K [0x00000000c3200000, 0x0000000100000000)
  region size 1024K, 2 young (2048K), 2 survivors (2048K)
 Metaspace       used 23347K, committed 23744K, reserved 1114112K
  class space    used 3248K, committed 3456K, reserved 1048576K
}
Event: 54.156 GC heap before
{Heap before GC invocations=14 (full 0):
 garbage-first heap   total 69632K, used 63295K [0x00000000c3200000, 0x0000000100000000)
  region size 1024K, 26 young (26624K), 2 survivors (2048K)
 Metaspace       used 23351K, committed 23744K, reserved 1114112K
  class space    used 3248K, committed 3456K, reserved 1048576K
}
Event: 54.158 GC heap after
{Heap after GC invocations=15 (full 0):
 garbage-first heap   total 69632K, used 38814K [0x00000000c3200000, 0x0000000100000000)
  region size 1024K, 2 young (2048K), 2 survivors (2048K)
 Metaspace       used 23351K, committed 23744K, reserved 1114112K
  class space    used 3248K, committed 3456K, reserved 1048576K
}
Event: 60.478 GC heap before
{Heap before GC invocations=15 (full 0):
 garbage-first heap   total 69632K, used 63390K [0x00000000c3200000, 0x0000000100000000)
  region size 1024K, 26 young (26624K), 2 survivors (2048K)
 Metaspace       used 23351K, committed 23744K, reserved 1114112K
  class space    used 3248K, committed 3456K, reserved 1048576K
}
Event: 60.489 GC heap after
{Heap after GC invocations=16 (full 0):
 garbage-first heap   total 69632K, used 38545K [0x00000000c3200000, 0x0000000100000000)
  region size 1024K, 2 young (2048K), 2 survivors (2048K)
 Metaspace       used 23351K, committed 23744K, reserved 1114112K
  class space    used 3248K, committed 3456K, reserved 1048576K
}
Event: 66.626 GC heap before
{Heap before GC invocations=16 (full 0):
 garbage-first heap   total 69632K, used 63121K [0x00000000c3200000, 0x0000000100000000)
  region size 1024K, 26 young (26624K), 2 survivors (2048K)
 Metaspace       used 23399K, committed 23808K, reserved 1114112K
  class space    used 3248K, committed 3456K, reserved 1048576K
}
Event: 66.629 GC heap after
{Heap after GC invocations=17 (full 0):
 garbage-first heap   total 69632K, used 38459K [0x00000000c3200000, 0x0000000100000000)
  region size 1024K, 2 young (2048K), 2 survivors (2048K)
 Metaspace       used 23399K, committed 23808K, reserved 1114112K
  class space    used 3248K, committed 3456K, reserved 1048576K
}
Event: 72.849 GC heap before
{Heap before GC invocations=18 (full 0):
 garbage-first heap   total 69632K, used 63035K [0x00000000c3200000, 0x0000000100000000)
  region size 1024K, 26 young (26624K), 2 survivors (2048K)
 Metaspace       used 23401K, committed 23808K, reserved 1114112K
  class space    used 3248K, committed 3456K, reserved 1048576K
}
Event: 72.857 GC heap after
{Heap after GC invocations=19 (full 0):
 garbage-first heap   total 69632K, used 38790K [0x00000000c3200000, 0x0000000100000000)
  region size 1024K, 3 young (3072K), 3 survivors (3072K)
 Metaspace       used 23401K, committed 23808K, reserved 1114112K
  class space    used 3248K, committed 3456K, reserved 1048576K
}

Dll operation events (20 events):
Event: 0.429 Loaded shared library C:\Users\USER\.openjfx\cache\23.0.1+4\amd64\api-ms-win-crt-multibyte-l1-1-0.dll
Event: 0.433 Loaded shared library C:\Users\USER\.openjfx\cache\23.0.1+4\amd64\api-ms-win-crt-private-l1-1-0.dll
Event: 0.437 Loaded shared library C:\Users\USER\.openjfx\cache\23.0.1+4\amd64\api-ms-win-crt-process-l1-1-0.dll
Event: 0.440 Loaded shared library C:\Users\USER\.openjfx\cache\23.0.1+4\amd64\api-ms-win-crt-runtime-l1-1-0.dll
Event: 0.443 Loaded shared library C:\Users\USER\.openjfx\cache\23.0.1+4\amd64\api-ms-win-crt-stdio-l1-1-0.dll
Event: 0.448 Loaded shared library C:\Users\USER\.openjfx\cache\23.0.1+4\amd64\api-ms-win-crt-string-l1-1-0.dll
Event: 0.450 Loaded shared library C:\Users\USER\.openjfx\cache\23.0.1+4\amd64\api-ms-win-crt-time-l1-1-0.dll
Event: 0.453 Loaded shared library C:\Users\USER\.openjfx\cache\23.0.1+4\amd64\api-ms-win-crt-utility-l1-1-0.dll
Event: 0.465 Loaded shared library C:\Users\USER\.openjfx\cache\23.0.1+4\amd64\ucrtbase.dll
Event: 0.470 Loaded shared library C:\Users\USER\.openjfx\cache\23.0.1+4\amd64\vcruntime140.dll
Event: 0.474 Loaded shared library C:\Users\USER\.openjfx\cache\23.0.1+4\amd64\vcruntime140_1.dll
Event: 0.482 Loaded shared library C:\Users\USER\.openjfx\cache\23.0.1+4\amd64\msvcp140.dll
Event: 0.485 Loaded shared library C:\Users\USER\.openjfx\cache\23.0.1+4\amd64\msvcp140_1.dll
Event: 0.491 Loaded shared library C:\Users\USER\.openjfx\cache\23.0.1+4\amd64\msvcp140_2.dll
Event: 0.571 Loaded shared library C:\Users\USER\.openjfx\cache\23.0.1+4\amd64\prism_d3d.dll
Event: 0.707 Loaded shared library C:\Users\USER\.openjfx\cache\23.0.1+4\amd64\glass.dll
Event: 0.907 Loaded shared library C:\Program Files\Java\jdk-21\bin\jimage.dll
Event: 1.257 Loaded shared library C:\Users\USER\.openjfx\cache\23.0.1+4\amd64\javafx_font.dll
Event: 32.260 Loaded shared library C:\Users\USER\.openjfx\cache\23.0.1+4\amd64\javafx_iio.dll
Event: 34.209 Loaded shared library C:\Program Files\Java\jdk-21\bin\extnet.dll

Deoptimization events (20 events):
Event: 34.532 Thread 0x000001d649824610 Uncommon trap: trap_request=0xffffff45 fr.pc=0x000001d63e3cb6f0 relative=0x0000000000001530
Event: 34.532 Thread 0x000001d649824610 Uncommon trap: reason=unstable_if action=reinterpret pc=0x000001d63e3cb6f0 method=com.sun.javafx.sg.prism.NGText.getStrike(Lcom/sun/javafx/geom/transform/BaseTransform;)Lcom/sun/javafx/font/FontStrike; @ 70 c2
Event: 34.532 Thread 0x000001d649824610 DEOPT PACKING pc=0x000001d63e3cb6f0 sp=0x00000020ea4fe6f0
Event: 34.532 Thread 0x000001d649824610 DEOPT UNPACKING pc=0x000001d63dc77da2 sp=0x00000020ea4fe630 mode 2
Event: 34.532 Thread 0x000001d649824610 Uncommon trap: trap_request=0xffffffde fr.pc=0x000001d63e3a5ee8 relative=0x0000000000000208
Event: 34.532 Thread 0x000001d649824610 Uncommon trap: reason=class_check action=maybe_recompile pc=0x000001d63e3a5ee8 method=com.sun.javafx.font.CompositeStrike.getStrikeSlot(I)Lcom/sun/javafx/font/FontStrike; @ 16 c2
Event: 34.532 Thread 0x000001d649824610 DEOPT PACKING pc=0x000001d63e3a5ee8 sp=0x00000020ea4fe660
Event: 34.532 Thread 0x000001d649824610 DEOPT UNPACKING pc=0x000001d63dc77da2 sp=0x00000020ea4fe5b8 mode 2
Event: 34.532 Thread 0x000001d649824610 Uncommon trap: trap_request=0xfffffff4 fr.pc=0x000001d63e3d23d8 relative=0x00000000000036d8
Event: 34.532 Thread 0x000001d649824610 Uncommon trap: reason=null_check action=make_not_entrant pc=0x000001d63e3d23d8 method=com.sun.prism.impl.BaseContext.getGlyphCache(Lcom/sun/javafx/font/FontStrike;Ljava/util/Map;)Lcom/sun/prism/impl/GlyphCache; @ 16 c2
Event: 34.532 Thread 0x000001d649824610 DEOPT PACKING pc=0x000001d63e3d23d8 sp=0x00000020ea4fe4c0
Event: 34.532 Thread 0x000001d649824610 DEOPT UNPACKING pc=0x000001d63dc77da2 sp=0x00000020ea4fe3a0 mode 2
Event: 34.532 Thread 0x000001d649824610 Uncommon trap: trap_request=0xfffffff4 fr.pc=0x000001d63e3485dc relative=0x000000000000087c
Event: 34.532 Thread 0x000001d649824610 Uncommon trap: reason=null_check action=make_not_entrant pc=0x000001d63e3485dc method=com.sun.prism.impl.GlyphCache.getCachedGlyph(II)Lcom/sun/prism/impl/GlyphCache$GlyphData; @ 28 c2
Event: 34.532 Thread 0x000001d649824610 DEOPT PACKING pc=0x000001d63e3485dc sp=0x00000020ea4fe2e0
Event: 34.532 Thread 0x000001d649824610 DEOPT UNPACKING pc=0x000001d63dc77da2 sp=0x00000020ea4fe220 mode 2
Event: 38.662 Thread 0x000001d649825330 Uncommon trap: trap_request=0xffffff6e fr.pc=0x000001d63e4a5658 relative=0x0000000000000798
Event: 38.662 Thread 0x000001d649825330 Uncommon trap: reason=loop_limit_check action=maybe_recompile pc=0x000001d63e4a5658 method=javafx.scene.Parent.pickChildrenNode(Lcom/sun/javafx/geom/PickRay;Lcom/sun/javafx/scene/input/PickResultChooser;)Z @ 17 c2
Event: 38.662 Thread 0x000001d649825330 DEOPT PACKING pc=0x000001d63e4a5658 sp=0x00000020ea6fac00
Event: 38.662 Thread 0x000001d649825330 DEOPT UNPACKING pc=0x000001d63dc77da2 sp=0x00000020ea6fa9b0 mode 2

Classes loaded (20 events):
Event: 34.444 Loading class java/security/spec/KeySpec
Event: 34.444 Loading class java/security/spec/KeySpec done
Event: 34.444 Loading class javax/crypto/NoSuchPaddingException
Event: 34.445 Loading class javax/crypto/NoSuchPaddingException done
Event: 34.445 Loading class javax/crypto/IllegalBlockSizeException
Event: 34.445 Loading class javax/crypto/IllegalBlockSizeException done
Event: 34.445 Loading class javax/crypto/BadPaddingException
Event: 34.445 Loading class javax/crypto/BadPaddingException done
Event: 34.445 Loading class java/security/UnrecoverableKeyException
Event: 34.445 Loading class java/security/UnrecoverableEntryException
Event: 34.445 Loading class java/security/UnrecoverableEntryException done
Event: 34.445 Loading class java/security/UnrecoverableKeyException done
Event: 34.445 Loading class java/security/KeyStoreException
Event: 34.446 Loading class java/security/KeyStoreException done
Event: 34.446 Loading class java/security/cert/CertificateException
Event: 34.446 Loading class java/security/cert/CertificateException done
Event: 34.446 Loading class java/security/KeyManagementException
Event: 34.446 Loading class java/security/KeyManagementException done
Event: 34.446 Loading class javax/net/ssl/TrustManager
Event: 34.446 Loading class javax/net/ssl/TrustManager done

Classes unloaded (0 events):
No events

Classes redefined (0 events):
No events

Internal exceptions (20 events):
Event: 2.119 Thread 0x000001d649825330 Exception <a 'java/lang/ClassNotFoundException'{0x00000000c662e5d8}: com/sun/javafx/scene/control/skin/resources/controls> (0x00000000c662e5d8) 
thrown [s\open\src\hotspot\share\prims\jni.cpp, line 539]
Event: 2.119 Thread 0x000001d649825330 Exception <a 'java/lang/ClassNotFoundException'{0x00000000c663c7d8}: com/sun/javafx/scene/control/skin/resources/controls_en> (0x00000000c663c7d8) 
thrown [s\open\src\hotspot\share\prims\jni.cpp, line 539]
Event: 2.119 Thread 0x000001d649825330 Exception <a 'java/lang/ClassNotFoundException'{0x00000000c663e028}: com/sun/javafx/scene/control/skin/resources/controls_en_ID> (0x00000000c663e028) 
thrown [s\open\src\hotspot\share\prims\jni.cpp, line 539]
Event: 2.143 Thread 0x000001d649825330 Exception <a 'java/lang/NoSuchMethodError'{0x00000000c6402360}: 'void java.lang.invoke.DirectMethodHandle$Holder.invokeSpecial(java.lang.Object, java.lang.Object, java.lang.Object, java.lang.Object, java.lang.Object, java.lang.Object)'> (0x00000000c6402360) 
thrown [s\open\src\hotspot\share\interpreter\linkResolver.cpp, line 773]
Event: 2.362 Thread 0x000001d649825330 Exception <a 'java/lang/NoSuchMethodError'{0x00000000c5ce10a8}: 'int java.lang.invoke.DirectMethodHandle$Holder.invokeSpecial(java.lang.Object, java.lang.Object, int)'> (0x00000000c5ce10a8) 
thrown [s\open\src\hotspot\share\interpreter\linkResolver.cpp, line 773]
Event: 2.413 Thread 0x000001d649825330 Exception <a 'java/lang/NoSuchMethodError'{0x00000000c5bc9d90}: 'java.lang.Object java.lang.invoke.DirectMethodHandle$Holder.newInvokeSpecial(java.lang.Object, java.lang.Object, int)'> (0x00000000c5bc9d90) 
thrown [s\open\src\hotspot\share\interpreter\linkResolver.cpp, line 773]
Event: 2.521 Thread 0x000001d649824610 Exception <a 'java/lang/NoSuchMethodError'{0x00000000c591b7c0}: 'int java.lang.invoke.DirectMethodHandle$Holder.invokeStaticInit(java.lang.Object, java.lang.Object)'> (0x00000000c591b7c0) 
thrown [s\open\src\hotspot\share\interpreter\linkResolver.cpp, line 773]
Event: 2.549 Thread 0x000001d649824610 Exception <a 'java/lang/NoSuchMethodError'{0x00000000c59f3600}: 'java.lang.Object java.lang.invoke.DirectMethodHandle$Holder.invokeStaticInit(java.lang.Object, int)'> (0x00000000c59f3600) 
thrown [s\open\src\hotspot\share\interpreter\linkResolver.cpp, line 773]
Event: 8.401 Thread 0x000001d649825330 Exception <a 'java/lang/NoSuchMethodError'{0x00000000c6d21e80}: 'void java.lang.invoke.DirectMethodHandle$Holder.invokeVirtual(java.lang.Object, java.lang.Object)'> (0x00000000c6d21e80) 
thrown [s\open\src\hotspot\share\interpreter\linkResolver.cpp, line 773]
Event: 8.408 Thread 0x000001d649825330 Exception <a 'java/lang/NoSuchMethodError'{0x00000000c6d4a050}: 'long java.lang.invoke.DirectMethodHandle$Holder.invokeStatic(java.lang.Object, java.lang.Object, java.lang.Object)'> (0x00000000c6d4a050) 
thrown [s\open\src\hotspot\share\interpreter\linkResolver.cpp, line 773]
Event: 8.409 Thread 0x000001d649825330 Exception <a 'java/lang/NoSuchMethodError'{0x00000000c6d4d430}: 'long java.lang.invoke.DirectMethodHandle$Holder.invokeStaticInit(java.lang.Object, java.lang.Object, java.lang.Object)'> (0x00000000c6d4d430) 
thrown [s\open\src\hotspot\share\interpreter\linkResolver.cpp, line 773]
Event: 8.410 Thread 0x000001d649825330 Exception <a 'java/lang/NoSuchMethodError'{0x00000000c6d6f218}: 'java.lang.Object java.lang.invoke.DirectMethodHandle$Holder.newInvokeSpecial(java.lang.Object, java.lang.Object, long)'> (0x00000000c6d6f218) 
thrown [s\open\src\hotspot\share\interpreter\linkResolver.cpp, line 773]
Event: 8.410 Thread 0x000001d649825330 Exception <a 'java/lang/NoSuchMethodError'{0x00000000c6d72b20}: 'java.lang.Object java.lang.invoke.Invokers$Holder.linkToTargetMethod(java.lang.Object, long, java.lang.Object)'> (0x00000000c6d72b20) 
thrown [s\open\src\hotspot\share\interpreter\linkResolver.cpp, line 773]
Event: 24.196 Thread 0x000001d649824610 Implicit null exception at 0x000001d63e3a2b9a to 0x000001d63e3a4180
Event: 34.070 Thread 0x000001d649825330 Exception <a 'java/lang/NoSuchMethodError'{0x00000000c6acbfe0}: 'java.lang.Object java.lang.invoke.DirectMethodHandle$Holder.invokeInterface(java.lang.Object, java.lang.Object)'> (0x00000000c6acbfe0) 
thrown [s\open\src\hotspot\share\interpreter\linkResolver.cpp, line 773]
Event: 34.091 Thread 0x000001d649825330 Exception <a 'java/lang/NoSuchMethodError'{0x00000000c6943a60}: 'java.lang.Object java.lang.invoke.DirectMethodHandle$Holder.invokeVirtual(java.lang.Object, java.lang.Object, java.lang.Object)'> (0x00000000c6943a60) 
thrown [s\open\src\hotspot\share\interpreter\linkResolver.cpp, line 773]
Event: 34.450 Thread 0x000001d649825330 Exception <a 'java/lang/NoSuchMethodError'{0x00000000c6079b98}: 'void java.lang.invoke.DirectMethodHandle$Holder.invokeInterface(java.lang.Object, java.lang.Object)'> (0x00000000c6079b98) 
thrown [s\open\src\hotspot\share\interpreter\linkResolver.cpp, line 773]
Event: 34.466 Thread 0x000001d649825330 Implicit null exception at 0x000001d63e38c0de to 0x000001d63e38c15c
Event: 34.532 Thread 0x000001d649824610 Implicit null exception at 0x000001d63e3ca28e to 0x000001d63e3cb6bc
Event: 34.532 Thread 0x000001d649824610 Implicit null exception at 0x000001d63e347e01 to 0x000001d63e3485b0

ZGC Phase Switch (0 events):
No events

VM Operations (20 events):
Event: 62.489 Executing VM operation: Cleanup
Event: 62.489 Executing VM operation: Cleanup done
Event: 63.490 Executing VM operation: Cleanup
Event: 63.490 Executing VM operation: Cleanup done
Event: 64.491 Executing VM operation: Cleanup
Event: 64.491 Executing VM operation: Cleanup done
Event: 66.626 Executing VM operation: G1CollectForAllocation (G1 Evacuation Pause)
Event: 66.629 Executing VM operation: G1CollectForAllocation (G1 Evacuation Pause) done
Event: 66.645 Executing VM operation: G1PauseRemark
Event: 66.648 Executing VM operation: G1PauseRemark done
Event: 66.654 Executing VM operation: G1PauseCleanup
Event: 66.654 Executing VM operation: G1PauseCleanup done
Event: 67.655 Executing VM operation: Cleanup
Event: 67.655 Executing VM operation: Cleanup done
Event: 70.656 Executing VM operation: Cleanup
Event: 70.656 Executing VM operation: Cleanup done
Event: 71.656 Executing VM operation: Cleanup
Event: 71.656 Executing VM operation: Cleanup done
Event: 72.849 Executing VM operation: G1CollectForAllocation (G1 Evacuation Pause)
Event: 72.857 Executing VM operation: G1CollectForAllocation (G1 Evacuation Pause) done

Events (20 events):
Event: 66.647 Thread 0x000001d62cb48530 flushing nmethod 0x000001d63679a790
Event: 66.647 Thread 0x000001d62cb48530 flushing nmethod 0x000001d636860a10
Event: 66.647 Thread 0x000001d62cb48530 flushing nmethod 0x000001d636861310
Event: 66.647 Thread 0x000001d62cb48530 flushing nmethod 0x000001d636943f10
Event: 66.647 Thread 0x000001d62cb48530 flushing nmethod 0x000001d6369a6390
Event: 66.647 Thread 0x000001d62cb48530 flushing nmethod 0x000001d6369a8690
Event: 66.647 Thread 0x000001d62cb48530 flushing nmethod 0x000001d636af9c90
Event: 66.647 Thread 0x000001d62cb48530 flushing nmethod 0x000001d636d0aa90
Event: 66.647 Thread 0x000001d62cb48530 flushing nmethod 0x000001d636d0cb90
Event: 66.647 Thread 0x000001d62cb48530 flushing nmethod 0x000001d636d0d310
Event: 66.647 Thread 0x000001d62cb48530 flushing nmethod 0x000001d636d13190
Event: 66.647 Thread 0x000001d62cb48530 flushing nmethod 0x000001d636d15190
Event: 66.647 Thread 0x000001d62cb48530 flushing nmethod 0x000001d636d16c10
Event: 66.647 Thread 0x000001d62cb48530 flushing nmethod 0x000001d636d17710
Event: 66.647 Thread 0x000001d62cb48530 flushing nmethod 0x000001d636d9d490
Event: 66.647 Thread 0x000001d62cb48530 flushing nmethod 0x000001d636e52f10
Event: 66.647 Thread 0x000001d62cb48530 flushing nmethod 0x000001d636ed3090
Event: 66.647 Thread 0x000001d62cb48530 flushing nmethod 0x000001d636ed3510
Event: 66.647 Thread 0x000001d62cb48530 flushing nmethod 0x000001d636ed6810
Event: 66.647 Thread 0x000001d62cb48530 flushing nmethod 0x000001d636f30410


Dynamic libraries:
0x00007ff768ea0000 - 0x00007ff768eb0000 	C:\Program Files\Java\jdk-21\bin\java.exe
0x00007ff96b050000 - 0x00007ff96b267000 	C:\WINDOWS\SYSTEM32\ntdll.dll
0x00007ff969890000 - 0x00007ff969954000 	C:\WINDOWS\System32\KERNEL32.DLL
0x00007ff968710000 - 0x00007ff968aca000 	C:\WINDOWS\System32\KERNELBASE.dll
0x00007ff968360000 - 0x00007ff968471000 	C:\WINDOWS\System32\ucrtbase.dll
0x00007ff95edc0000 - 0x00007ff95eddb000 	C:\Program Files\Java\jdk-21\bin\VCRUNTIME140.dll
0x00007ff9621d0000 - 0x00007ff9621e9000 	C:\Program Files\Java\jdk-21\bin\jli.dll
0x00007ff969660000 - 0x00007ff969712000 	C:\WINDOWS\System32\ADVAPI32.dll
0x00007ff96a5a0000 - 0x00007ff96a647000 	C:\WINDOWS\System32\msvcrt.dll
0x00007ff969720000 - 0x00007ff9697c7000 	C:\WINDOWS\System32\sechost.dll
0x00007ff968330000 - 0x00007ff968358000 	C:\WINDOWS\System32\bcrypt.dll
0x00007ff969960000 - 0x00007ff969a74000 	C:\WINDOWS\System32\RPCRT4.dll
0x00007ff969a80000 - 0x00007ff969c2e000 	C:\WINDOWS\System32\USER32.dll
0x00007ff9685c0000 - 0x00007ff9685e6000 	C:\WINDOWS\System32\win32u.dll
0x00007ff9528c0000 - 0x00007ff952b52000 	C:\WINDOWS\WinSxS\amd64_microsoft.windows.common-controls_6595b64144ccf1df_6.0.22621.4541_none_2710d1c57384c085\COMCTL32.dll
0x00007ff969c30000 - 0x00007ff969c59000 	C:\WINDOWS\System32\GDI32.dll
0x00007ff9685f0000 - 0x00007ff96870b000 	C:\WINDOWS\System32\gdi32full.dll
0x00007ff968ad0000 - 0x00007ff968b6a000 	C:\WINDOWS\System32\msvcp_win.dll
0x00007ff95e490000 - 0x00007ff95e49a000 	C:\WINDOWS\SYSTEM32\VERSION.dll
0x00007ff969840000 - 0x00007ff969871000 	C:\WINDOWS\System32\IMM32.DLL
0x00007ff960890000 - 0x00007ff96089c000 	C:\Program Files\Java\jdk-21\bin\vcruntime140_1.dll
0x00007ff940e60000 - 0x00007ff940eee000 	C:\Program Files\Java\jdk-21\bin\msvcp140.dll
0x00007ff904a40000 - 0x00007ff905758000 	C:\Program Files\Java\jdk-21\bin\server\jvm.dll
0x00007ff96ab10000 - 0x00007ff96ab81000 	C:\WINDOWS\System32\WS2_32.dll
0x00007ff95e910000 - 0x00007ff95e944000 	C:\WINDOWS\SYSTEM32\WINMM.dll
0x00007ff968200000 - 0x00007ff96824d000 	C:\WINDOWS\SYSTEM32\POWRPROF.dll
0x00007ff9681e0000 - 0x00007ff9681f3000 	C:\WINDOWS\SYSTEM32\UMPDC.dll
0x00007ff967370000 - 0x00007ff967388000 	C:\WINDOWS\SYSTEM32\kernel.appcore.dll
0x00007ff95b950000 - 0x00007ff95b95a000 	C:\Program Files\Java\jdk-21\bin\jimage.dll
0x00007ff965bc0000 - 0x00007ff965df2000 	C:\WINDOWS\SYSTEM32\DBGHELP.DLL
0x00007ff96a210000 - 0x00007ff96a59f000 	C:\WINDOWS\System32\combase.dll
0x00007ff96a650000 - 0x00007ff96a727000 	C:\WINDOWS\System32\OLEAUT32.dll
0x00007ff949bb0000 - 0x00007ff949be2000 	C:\WINDOWS\SYSTEM32\dbgcore.DLL
0x00007ff968480000 - 0x00007ff9684fb000 	C:\WINDOWS\System32\bcryptPrimitives.dll
0x00007ff95eda0000 - 0x00007ff95edbf000 	C:\Program Files\Java\jdk-21\bin\java.dll
0x00007ff968d60000 - 0x00007ff9695d8000 	C:\WINDOWS\System32\SHELL32.dll
0x00007ff966270000 - 0x00007ff966b78000 	C:\WINDOWS\SYSTEM32\windows.storage.dll
0x00007ff966130000 - 0x00007ff96626f000 	C:\WINDOWS\SYSTEM32\wintypes.dll
0x00007ff96ae60000 - 0x00007ff96af5a000 	C:\WINDOWS\System32\SHCORE.dll
0x00007ff96ae00000 - 0x00007ff96ae5e000 	C:\WINDOWS\System32\shlwapi.dll
0x00007ff968260000 - 0x00007ff96828b000 	C:\WINDOWS\SYSTEM32\profapi.dll
0x00007ff940830000 - 0x00007ff940907000 	C:\Program Files\Java\jdk-21\bin\jsvml.dll
0x00007ff95b1a0000 - 0x00007ff95b1b0000 	C:\Program Files\Java\jdk-21\bin\net.dll
0x00007ff961b00000 - 0x00007ff961c36000 	C:\WINDOWS\SYSTEM32\WINHTTP.dll
0x00007ff9677f0000 - 0x00007ff967859000 	C:\WINDOWS\system32\mswsock.dll
0x00007ff9532c0000 - 0x00007ff9532d6000 	C:\Program Files\Java\jdk-21\bin\nio.dll
0x00007ff9520e0000 - 0x00007ff9520f8000 	C:\Program Files\Java\jdk-21\bin\zip.dll
0x000001d649bb0000 - 0x000001d649bb3000 	C:\Users\USER\.openjfx\cache\23.0.1+4\amd64\api-ms-win-core-console-l1-1-0.dll
0x000001d649bc0000 - 0x000001d649bc3000 	C:\Users\USER\.openjfx\cache\23.0.1+4\amd64\api-ms-win-core-console-l1-2-0.dll
0x000001d649bd0000 - 0x000001d649bd3000 	C:\Users\USER\.openjfx\cache\23.0.1+4\amd64\api-ms-win-core-datetime-l1-1-0.dll
0x000001d649be0000 - 0x000001d649be3000 	C:\Users\USER\.openjfx\cache\23.0.1+4\amd64\api-ms-win-core-debug-l1-1-0.dll
0x000001d649bf0000 - 0x000001d649bf3000 	C:\Users\USER\.openjfx\cache\23.0.1+4\amd64\api-ms-win-core-errorhandling-l1-1-0.dll
0x000001d649c00000 - 0x000001d649c04000 	C:\Users\USER\.openjfx\cache\23.0.1+4\amd64\api-ms-win-core-file-l1-1-0.dll
0x000001d649c10000 - 0x000001d649c13000 	C:\Users\USER\.openjfx\cache\23.0.1+4\amd64\api-ms-win-core-file-l1-2-0.dll
0x000001d649c20000 - 0x000001d649c23000 	C:\Users\USER\.openjfx\cache\23.0.1+4\amd64\api-ms-win-core-file-l2-1-0.dll
0x000001d649c30000 - 0x000001d649c33000 	C:\Users\USER\.openjfx\cache\23.0.1+4\amd64\api-ms-win-core-handle-l1-1-0.dll
0x000001d649c40000 - 0x000001d649c43000 	C:\Users\USER\.openjfx\cache\23.0.1+4\amd64\api-ms-win-core-heap-l1-1-0.dll
0x000001d649c50000 - 0x000001d649c53000 	C:\Users\USER\.openjfx\cache\23.0.1+4\amd64\api-ms-win-core-interlocked-l1-1-0.dll
0x000001d649c60000 - 0x000001d649c63000 	C:\Users\USER\.openjfx\cache\23.0.1+4\amd64\api-ms-win-core-libraryloader-l1-1-0.dll
0x000001d649c70000 - 0x000001d649c73000 	C:\Users\USER\.openjfx\cache\23.0.1+4\amd64\api-ms-win-core-localization-l1-2-0.dll
0x000001d649c80000 - 0x000001d649c83000 	C:\Users\USER\.openjfx\cache\23.0.1+4\amd64\api-ms-win-core-memory-l1-1-0.dll
0x000001d649c90000 - 0x000001d649c93000 	C:\Users\USER\.openjfx\cache\23.0.1+4\amd64\api-ms-win-core-namedpipe-l1-1-0.dll
0x000001d649ca0000 - 0x000001d649ca3000 	C:\Users\USER\.openjfx\cache\23.0.1+4\amd64\api-ms-win-core-processenvironment-l1-1-0.dll
0x000001d649cb0000 - 0x000001d649cb3000 	C:\Users\USER\.openjfx\cache\23.0.1+4\amd64\api-ms-win-core-processthreads-l1-1-0.dll
0x000001d649cc0000 - 0x000001d649cc3000 	C:\Users\USER\.openjfx\cache\23.0.1+4\amd64\api-ms-win-core-processthreads-l1-1-1.dll
0x000001d649cd0000 - 0x000001d649cd3000 	C:\Users\USER\.openjfx\cache\23.0.1+4\amd64\api-ms-win-core-profile-l1-1-0.dll
0x000001d649ce0000 - 0x000001d649ce3000 	C:\Users\USER\.openjfx\cache\23.0.1+4\amd64\api-ms-win-core-rtlsupport-l1-1-0.dll
0x000001d649cf0000 - 0x000001d649cf3000 	C:\Users\USER\.openjfx\cache\23.0.1+4\amd64\api-ms-win-core-string-l1-1-0.dll
0x000001d649d00000 - 0x000001d649d03000 	C:\Users\USER\.openjfx\cache\23.0.1+4\amd64\api-ms-win-core-synch-l1-1-0.dll
0x000001d649d10000 - 0x000001d649d13000 	C:\Users\USER\.openjfx\cache\23.0.1+4\amd64\api-ms-win-core-synch-l1-2-0.dll
0x000001d649d20000 - 0x000001d649d23000 	C:\Users\USER\.openjfx\cache\23.0.1+4\amd64\api-ms-win-core-sysinfo-l1-1-0.dll
0x000001d649d30000 - 0x000001d649d33000 	C:\Users\USER\.openjfx\cache\23.0.1+4\amd64\api-ms-win-core-timezone-l1-1-0.dll
0x000001d649d40000 - 0x000001d649d43000 	C:\Users\USER\.openjfx\cache\23.0.1+4\amd64\api-ms-win-core-util-l1-1-0.dll
0x000001d649d50000 - 0x000001d649d53000 	C:\Users\USER\.openjfx\cache\23.0.1+4\amd64\api-ms-win-crt-conio-l1-1-0.dll
0x000001d649d60000 - 0x000001d649d64000 	C:\Users\USER\.openjfx\cache\23.0.1+4\amd64\api-ms-win-crt-convert-l1-1-0.dll
0x000001d649d70000 - 0x000001d649d73000 	C:\Users\USER\.openjfx\cache\23.0.1+4\amd64\api-ms-win-crt-environment-l1-1-0.dll
0x000001d649d80000 - 0x000001d649d83000 	C:\Users\USER\.openjfx\cache\23.0.1+4\amd64\api-ms-win-crt-filesystem-l1-1-0.dll
0x000001d649d90000 - 0x000001d649d93000 	C:\Users\USER\.openjfx\cache\23.0.1+4\amd64\api-ms-win-crt-heap-l1-1-0.dll
0x000001d649da0000 - 0x000001d649da3000 	C:\Users\USER\.openjfx\cache\23.0.1+4\amd64\api-ms-win-crt-locale-l1-1-0.dll
0x000001d649db0000 - 0x000001d649db5000 	C:\Users\USER\.openjfx\cache\23.0.1+4\amd64\api-ms-win-crt-math-l1-1-0.dll
0x000001d649dc0000 - 0x000001d649dc5000 	C:\Users\USER\.openjfx\cache\23.0.1+4\amd64\api-ms-win-crt-multibyte-l1-1-0.dll
0x000001d649dd0000 - 0x000001d649de0000 	C:\Users\USER\.openjfx\cache\23.0.1+4\amd64\api-ms-win-crt-private-l1-1-0.dll
0x000001d649de0000 - 0x000001d649de3000 	C:\Users\USER\.openjfx\cache\23.0.1+4\amd64\api-ms-win-crt-process-l1-1-0.dll
0x000001d649df0000 - 0x000001d649df4000 	C:\Users\USER\.openjfx\cache\23.0.1+4\amd64\api-ms-win-crt-runtime-l1-1-0.dll
0x000001d649e00000 - 0x000001d649e04000 	C:\Users\USER\.openjfx\cache\23.0.1+4\amd64\api-ms-win-crt-stdio-l1-1-0.dll
0x000001d649e10000 - 0x000001d649e14000 	C:\Users\USER\.openjfx\cache\23.0.1+4\amd64\api-ms-win-crt-string-l1-1-0.dll
0x000001d649e20000 - 0x000001d649e23000 	C:\Users\USER\.openjfx\cache\23.0.1+4\amd64\api-ms-win-crt-time-l1-1-0.dll
0x000001d649e30000 - 0x000001d649e33000 	C:\Users\USER\.openjfx\cache\23.0.1+4\amd64\api-ms-win-crt-utility-l1-1-0.dll
0x00007ff941380000 - 0x00007ff94147c000 	C:\Users\USER\.openjfx\cache\23.0.1+4\amd64\ucrtbase.dll
0x00007ff9621b0000 - 0x00007ff9621cb000 	C:\Users\USER\.openjfx\cache\23.0.1+4\amd64\vcruntime140.dll
0x00007ff9621a0000 - 0x00007ff9621ac000 	C:\Users\USER\.openjfx\cache\23.0.1+4\amd64\vcruntime140_1.dll
0x00007ff9512d0000 - 0x00007ff95135e000 	C:\Users\USER\.openjfx\cache\23.0.1+4\amd64\msvcp140.dll
0x00007ff962190000 - 0x00007ff962199000 	C:\Users\USER\.openjfx\cache\23.0.1+4\amd64\msvcp140_1.dll
0x00007ff949aa0000 - 0x00007ff949ae1000 	C:\Users\USER\.openjfx\cache\23.0.1+4\amd64\msvcp140_2.dll
0x00007ff949330000 - 0x00007ff949360000 	C:\Users\USER\.openjfx\cache\23.0.1+4\amd64\prism_d3d.dll
0x00007ff8f2c70000 - 0x00007ff8f2e18000 	C:\WINDOWS\system32\d3d9.dll
0x00007ff965600000 - 0x00007ff96562b000 	C:\WINDOWS\SYSTEM32\dwmapi.dll
0x00007ff965490000 - 0x00007ff9654c7000 	C:\WINDOWS\SYSTEM32\dxcore.dll
0x00007ff965370000 - 0x00007ff965421000 	C:\WINDOWS\system32\uxtheme.dll
0x00007ff941110000 - 0x00007ff94137f000 	C:\WINDOWS\System32\DriverStore\FileRepository\iigd_dch.inf_amd64_03e2a5c7c3b3fa7c\igdumdim64.dll
0x00007ff96a960000 - 0x00007ff96ab05000 	C:\WINDOWS\System32\ole32.dll
0x00007ff90fe00000 - 0x00007ff911323000 	C:\WINDOWS\System32\DriverStore\FileRepository\iigd_dch.inf_amd64_03e2a5c7c3b3fa7c\igd9dxva64.dll
0x00007ff969d90000 - 0x00007ff96a204000 	C:\WINDOWS\System32\SETUPAPI.dll
0x00007ff967f30000 - 0x00007ff967f7e000 	C:\WINDOWS\SYSTEM32\cfgmgr32.dll
0x00007ff902070000 - 0x00007ff903d9b000 	C:\WINDOWS\System32\DriverStore\FileRepository\iigd_dch.inf_amd64_03e2a5c7c3b3fa7c\media_bin_64.dll
0x00007ff95c470000 - 0x00007ff95c8af000 	C:\WINDOWS\System32\DriverStore\FileRepository\iigd_dch.inf_amd64_03e2a5c7c3b3fa7c\igdgmm64.dll
0x00007ff961ab0000 - 0x00007ff961af9000 	C:\WINDOWS\SYSTEM32\directxdatabasehelper.dll
0x00007ff948710000 - 0x00007ff948755000 	C:\Users\USER\.openjfx\cache\23.0.1+4\amd64\glass.dll
0x00007ff969c90000 - 0x00007ff969d90000 	C:\WINDOWS\System32\COMDLG32.dll
0x00007ff96aba0000 - 0x00007ff96ad01000 	C:\WINDOWS\System32\MSCTF.dll
0x00007ff917400000 - 0x00007ff917427000 	C:\WINDOWS\System32\DriverStore\FileRepository\iigd_dch.inf_amd64_03e2a5c7c3b3fa7c\igdinfo64.dll
0x00007ff967a40000 - 0x00007ff967a5b000 	C:\WINDOWS\SYSTEM32\CRYPTSP.dll
0x00007ff9672d0000 - 0x00007ff967305000 	C:\WINDOWS\system32\rsaenh.dll
0x00007ff967a60000 - 0x00007ff967a6c000 	C:\WINDOWS\SYSTEM32\CRYPTBASE.dll
0x00007ff95c380000 - 0x00007ff95c3a4000 	C:\WINDOWS\System32\DriverStore\FileRepository\iigd_dch.inf_amd64_03e2a5c7c3b3fa7c\igc64.dll
0x00007ff9534e0000 - 0x00007ff957c4b000 	C:\WINDOWS\System32\DriverStore\FileRepository\iigd_dch.inf_amd64_03e2a5c7c3b3fa7c\igc1464.dll
0x00007ff96af60000 - 0x00007ff96b010000 	C:\WINDOWS\System32\clbcatq.dll
0x00007ff95b4a0000 - 0x00007ff95b61d000 	C:\Windows\System32\Windows.UI.dll
0x00007ff959ad0000 - 0x00007ff959c45000 	C:\Windows\System32\Windows.UI.Immersive.dll
0x00007ff949310000 - 0x00007ff949325000 	C:\Users\USER\.openjfx\cache\23.0.1+4\amd64\javafx_font.dll
0x00007ff962ac0000 - 0x00007ff962d33000 	C:\WINDOWS\SYSTEM32\dwrite.dll
0x00007ff965190000 - 0x00007ff965340000 	C:\WINDOWS\SYSTEM32\WindowsCodecs.dll
0x00007ff936170000 - 0x00007ff9361ce000 	C:\WINDOWS\system32\dataexchange.dll
0x00007ff9601d0000 - 0x00007ff960474000 	C:\WINDOWS\system32\twinapi.appcore.dll
0x00007ff941850000 - 0x00007ff941882000 	C:\Program Files\Common Files\Microsoft Shared\Ink\rtscom.dll
0x00007ff958690000 - 0x00007ff9587d5000 	C:\WINDOWS\SYSTEM32\textinputframework.dll
0x00007ff963d20000 - 0x00007ff963e53000 	C:\WINDOWS\SYSTEM32\CoreMessaging.dll
0x00007ff9614a0000 - 0x00007ff96180d000 	C:\WINDOWS\SYSTEM32\CoreUIComponents.dll

dbghelp: loaded successfully - version: 4.0.5 - missing functions: none
symbol engine: initialized successfully - sym options: 0x614 - pdb path: .;C:\Program Files\Java\jdk-21\bin;C:\WINDOWS\SYSTEM32;C:\WINDOWS\WinSxS\amd64_microsoft.windows.common-controls_6595b64144ccf1df_6.0.22621.4541_none_2710d1c57384c085;C:\Program Files\Java\jdk-21\bin\server;C:\Users\USER\.openjfx\cache\23.0.1+4\amd64;C:\WINDOWS\System32\DriverStore\FileRepository\iigd_dch.inf_amd64_03e2a5c7c3b3fa7c;C:\Program Files\Common Files\Microsoft Shared\Ink;C:\WINDOWS\WinSxS\amd64_microsoft.windows.gdiplus_6595b64144ccf1df_1.1.22621.4541_none_57fbc4aace173a53;C:\Windows\Microsoft.NET\Framework64\v4.0.30319;C:\WINDOWS\assembly\NativeImages_v4.0.30319_64\mscorlib\9a860ac99a94a0422dc04d0dd9b0e341;C:\WINDOWS\assembly\NativeImages_v4.0.30319_64\System\2b7713af99b3adddc407d1cceeead769;C:\WINDOWS\assembly\NativeImages_v4.0.30319_64\System.Drawing\9019614ab6156db1137a367daf1d41be;C:\WINDOWS\System32\DriverStore\FileRepository\iastorpinningcomponent.inf_amd64_c1175609f74fb701;C:\WINDOWS\assembly\NativeImages_v4.0.30319_64\System.Core\1930676c8ce057a26d3ff6706992775a;C:\Users\USER\AppData\Local\Microsoft\OneDrive\24.226.1110.0004;C:\Program Files\Common Files\Autodesk Shared

VM Arguments:
jvm_args: --module-path=C:\Users\USER\.m2\repository\org\openjfx\javafx-base\23.0.1\javafx-base-23.0.1-win.jar;C:\Users\USER\.m2\repository\org\openjfx\javafx-base\23.0.1\javafx-base-23.0.1.jar;C:\Users\USER\.m2\repository\org\openjfx\javafx-controls\23.0.1\javafx-controls-23.0.1-win.jar;C:\Users\USER\.m2\repository\org\openjfx\javafx-controls\23.0.1\javafx-controls-23.0.1.jar;C:\Users\USER\.m2\repository\org\openjfx\javafx-fxml\23.0.1\javafx-fxml-23.0.1-win.jar;C:\Users\USER\.m2\repository\org\openjfx\javafx-fxml\23.0.1\javafx-fxml-23.0.1.jar;C:\Users\USER\.m2\repository\org\openjfx\javafx-graphics\23.0.1\javafx-graphics-23.0.1-win.jar;C:\Users\USER\.m2\repository\org\openjfx\javafx-graphics\23.0.1\javafx-graphics-23.0.1.jar --add-modules=javafx.base,javafx.controls,javafx.fxml,javafx.graphics 
java_command: com.mycompany.java_farm.mainUi
java_class_path (initial): D:\FILE MEEEEE\SEMESTER 3\PBO\Java_farm\Java_farm\target\classes;C:\Users\USER\.m2\repository\au\com\dius\pact\core\pactbroker\4.6.15\pactbroker-4.6.15.jar;C:\Users\USER\.m2\repository\au\com\dius\pact\core\support\4.6.15\support-4.6.15.jar;C:\Users\USER\.m2\repository\com\github\mifmif\generex\1.0.2\generex-1.0.2.jar;C:\Users\USER\.m2\repository\com\google\code\findbugs\jsr305\3.0.2\jsr305-3.0.2.jar;C:\Users\USER\.m2\repository\com\google\errorprone\error_prone_annotations\2.11.0\error_prone_annotations-2.11.0.jar;C:\Users\USER\.m2\repository\com\google\guava\failureaccess\1.0.1\failureaccess-1.0.1.jar;C:\Users\USER\.m2\repository\com\google\guava\guava\31.1-jre\guava-31.1-jre.jar;C:\Users\USER\.m2\repository\com\google\guava\listenablefuture\9999.0-empty-to-avoid-conflict-with-guava\listenablefuture-9999.0-empty-to-avoid-conflict-with-guava.jar;C:\Users\USER\.m2\repository\com\google\j2objc\j2objc-annotations\1.3\j2objc-annotations-1.3.jar;C:\Users\USER\.m2\repository\com\google\protobuf\protobuf-java\3.21.9\protobuf-java-3.21.9.jar;C:\Users\USER\.m2\repository\com\mysql\mysql-connector-j\8.0.33\mysql-connector-j-8.0.33.jar;C:\Users\USER\.m2\repository\commons-codec\commons-codec\1.15\commons-codec-1.15.jar;C:\Users\USER\.m2\repository\dk\brics\automaton\automaton\1.11-8\automaton-1.11-8.jar;C:\Users\USER\.m2\repository\io\github\oshai\kotlin-logging-jvm\5.1.4\kotlin-logging-jvm-5.1.4.jar;C:\Users\USER\.m2\repository\org\apache\commons\commons-lang3\3.12.0\commons-lang3-3.12.0.jar;C:\Users\USER\.m2\repository\org\apache\commons\commons-text\1.10.0\commons-text-1.10.0.jar;C:\Users\USER\.m2\repository\org\apache\httpcomponents\client5\httpclient5\5.3.1\httpclient5-5.3.1.jar;C:\Users\USER\.m2\repository\org\apache\httpcomponents\client5\httpclient5-fluent\5.3.1\httpclient5-fluent-5.3.1.jar;C:\Users\USER\.m2\repository\org\apache\httpcomponents\core5\httpcore5\5.2.4\httpcore5-5.2.4.jar;C:\Users\USER\.m2\repository\org\apache\httpcomponents\core5\httpcore5-h2\5.2.4\httpcore5-h2-5.2.4.jar;C:\Users\USER\.m2\repository\org\checkerframework\checker-qual\3.12.0\checker-qual-3.12.0.jar;C:\Users\USER\.m2\repository\org\jetbrains\annotations\13.0\annotations-13.0.jar;C:\Users\USER\.m2\repository\org\jetbrains\kotlin\kotlin-reflect\1.8.22\kotlin-reflect-1.8.22.jar;C:\Users\USER\.m2\repository\org\jetbrains\kotlin\kotlin-stdlib\1.8.22\kotlin-stdlib-1.8.22.jar;C:\Users\USER\.m2\repository\org\jetbrains\kotlin\kotlin-stdlib-common\1.8.22\kotlin-stdlib-common-1.8.22.jar;C:\Users\USER\.m2\repository\org\jetbrains\kotlin\kotlin-stdlib-jdk7\1.8.22\kotlin-stdlib-jdk7-1.8.22.jar;C:\Users\USER\.m2\repository\org\jetbrains\kotlin\kotlin-stdlib-jdk8\1.8.22\kotlin-stdlib-jdk8-1.8.22.jar;C:\Users\USER\.m2\repository\org\slf4j\slf4j-api\1.7.36\slf4j-api-1.7.36.jar
Launcher Type: SUN_STANDARD

[Global flags]
     intx CICompilerCount                          = 3                                         {product} {ergonomic}
     uint ConcGCThreads                            = 1                                         {product} {ergonomic}
     uint G1ConcRefinementThreads                  = 4                                         {product} {ergonomic}
   size_t G1HeapRegionSize                         = 1048576                                   {product} {ergonomic}
    uintx GCDrainStackTargetSize                   = 64                                        {product} {ergonomic}
   size_t InitialHeapSize                          = 65011712                                  {product} {ergonomic}
   size_t MarkStackSize                            = 4194304                                   {product} {ergonomic}
   size_t MaxHeapSize                              = 1021313024                                {product} {ergonomic}
   size_t MaxNewSize                               = 612368384                                 {product} {ergonomic}
   size_t MinHeapDeltaBytes                        = 1048576                                   {product} {ergonomic}
   size_t MinHeapSize                              = 8388608                                   {product} {ergonomic}
    uintx NonNMethodCodeHeapSize                   = 5832780                                {pd product} {ergonomic}
    uintx NonProfiledCodeHeapSize                  = 122912730                              {pd product} {ergonomic}
    uintx ProfiledCodeHeapSize                     = 122912730                              {pd product} {ergonomic}
    uintx ReservedCodeCacheSize                    = 251658240                              {pd product} {ergonomic}
     bool SegmentedCodeCache                       = true                                      {product} {ergonomic}
   size_t SoftMaxHeapSize                          = 1021313024                             {manageable} {ergonomic}
     bool UseCompressedOops                        = true                           {product lp64_product} {ergonomic}
     bool UseG1GC                                  = true                                      {product} {ergonomic}
     bool UseLargePagesIndividualAllocation        = false                                  {pd product} {ergonomic}

Logging:
Log output configuration:
 #0: stdout all=warning uptime,level,tags foldmultilines=false
 #1: stderr all=off uptime,level,tags foldmultilines=false

Environment Variables:
JAVA_HOME=C:\Program Files\Java\jdk-21
PATH=C:\Program Files\Common Files\Oracle\Java\javapath;C:\WINDOWS\system32;C:\WINDOWS;C:\WINDOWS\System32\Wbem;C:\WINDOWS\System32\WindowsPowerShell\v1.0\;C:\WINDOWS\System32\OpenSSH\;C:\MinGW\bin;C:\Program Files\dotnet\;C:\Program Files\MySQL\MySQL Server 8.0\bin;C:\xampp\php;C:\Program Files\MATLAB\R2024b\bin;C:\Program Files\Java\jdk-23\bin;C:\Users\USER\Downloads\apache-ant-1.10.15-bin\bin;C:\Program Files\Java\javafx-sdk-23.0.1\bin;C:\Program Files\NetBeans-20\netbeans\java\maven;C:\Users\USER\Downloads\apache-maven-3.9.9-bin\apache-maven-3.9.9\bin;C:\Program Files\Java\jdk-21\bin;C:\Program Files\Java\javafx-sdk-21.0.5\bin;C:\Program Files\Java\jdk-21\bin;C:\Program Files\MySQL\MySQL Shell 8.0\bin\;C:\Users\USER\AppData\Local\Microsoft\WindowsApps;;C:\Users\USER\Documents\FILE MEEEEE\Microsoft VS Code\bin
USERNAME=USER
OS=Windows_NT
PROCESSOR_IDENTIFIER=Intel64 Family 6 Model 140 Stepping 1, GenuineIntel
TMP=C:\Users\USER\AppData\Local\Temp
TEMP=C:\Users\USER\AppData\Local\Temp




Periodic native trim disabled

---------------  S Y S T E M  ---------------

OS:
 Windows 11 , 64 bit Build 22621 (10.0.22621.4391)
OS uptime: 0 days 11:48 hours

CPU: total 4 (initial active 4) (2 cores per cpu, 2 threads per core) family 6 model 140 stepping 1 microcode 0x9a, cx8, cmov, fxsr, ht, mmx, 3dnowpref, sse, sse2, sse3, ssse3, sse4.1, sse4.2, popcnt, lzcnt, tsc, tscinvbit, avx, avx2, aes, erms, clmul, bmi1, bmi2, adx, avx512f, avx512dq, avx512cd, avx512bw, avx512vl, sha, fma, vzeroupper, avx512_vpopcntdq, avx512_vpclmulqdq, avx512_vaes, avx512_vnni, clflush, clflushopt, clwb, avx512_vbmi2, avx512_vbmi, rdtscp, rdpid, fsrm, gfni, avx512_bitalg, f16c, pku, cet_ibt, cet_ss, avx512_ifma
Processor Information for processor 0
  Max Mhz: 2995, Current Mhz: 2995, Mhz Limit: 2995
Processor Information for processor 1
  Max Mhz: 2995, Current Mhz: 2995, Mhz Limit: 2995
Processor Information for processor 2
  Max Mhz: 2995, Current Mhz: 2995, Mhz Limit: 2995
Processor Information for processor 3
  Max Mhz: 2995, Current Mhz: 1198, Mhz Limit: 2995

Memory: 4k page, system-wide physical 3895M (252M free)
TotalPageFile size 15671M (AvailPageFile size 4M)
current process WorkingSet (physical memory assigned to process): 196M, peak: 258M
current process commit charge ("private bytes"): 353M, peak: 355M

vm_info: Java HotSpot(TM) 64-Bit Server VM (21.0.5+9-LTS-239) for windows-amd64 JRE (21.0.5+9-LTS-239), built on 2024-09-30T05:17:38Z by "mach5one" with MS VC++ 17.6 (VS2022)

END.
