#
# There is insufficient memory for the Java Runtime Environment to continue.
# Native memory allocation (malloc) failed to allocate 1115856 bytes for Chunk::new
# Possible reasons:
#   The system is out of physical RAM or swap space
#   The process is running with CompressedOops enabled, and the Java Heap may be blocking the growth of the native heap
# Possible solutions:
#   Reduce memory load on the system
#   Increase physical memory or swap space
#   Check if swap backing store is full
#   Decrease Java heap size (-Xmx/-Xms)
#   Decrease number of Java threads
#   Decrease Java thread stack sizes (-Xss)
#   Set larger code cache with -XX:ReservedCodeCacheSize=
#   JVM is running with Unscaled Compressed Oops mode in which the Java heap is
#     placed in the first 4GB address space. The Java Heap base address is the
#     maximum limit for the native heap growth. Please use -XX:HeapBaseMinAddress
#     to set the Java Heap base and to place the Java Heap above 4GB virtual address.
# This output file may be truncated or incomplete.
#
#  Out of Memory Error (arena.cpp:168), pid=10264, tid=18320
#
# JRE version: Java(TM) SE Runtime Environment (21.0.5+9) (build 21.0.5+9-LTS-239)
# Java VM: Java HotSpot(TM) 64-Bit Server VM (21.0.5+9-LTS-239, mixed mode, sharing, tiered, compressed oops, compressed class ptrs, g1 gc, windows-amd64)
# No core dump will be written. Minidumps are not enabled by default on client versions of Windows
#

---------------  S U M M A R Y ------------

Command Line: -Dclassworlds.conf=C:\Program Files\NetBeans-20\netbeans\java\maven\bin\m2.conf -Dmaven.home=C:\Program Files\NetBeans-20\netbeans\java\maven -Dlibrary.jansi.path=C:\Program Files\NetBeans-20\netbeans\java\maven\lib\jansi-native -Dmaven.multiModuleProjectDirectory=D:\FILE MEEEEE\SEMESTER 3\PBO\Java_farm\Java_farm org.codehaus.plexus.classworlds.launcher.Launcher -Dexec.vmArgs=--enable-preview -Dexec.args=${exec.vmArgs} -classpath %classpath ${exec.mainClass} ${exec.appArgs} -Dexec.appArgs= -Dexec.mainClass=com.mycompany.java_farm.mainUi -Dexec.executable=C:\Program Files\Java\jdk-21\bin\java.exe -Dmaven.ext.class.path=C:\Program Files\NetBeans-20\netbeans\java\maven-nblib\netbeans-eventspy.jar --no-transfer-progress javafx:run

Host: 11th Gen Intel(R) Core(TM) i3-1115G4 @ 3.00GHz, 4 cores, 3G,  Windows 11 , 64 bit Build 22621 (10.0.22621.4391)
Time: Sun Dec 15 22:17:35 2024 SE Asia Standard Time elapsed time: 4.016922 seconds (0d 0h 0m 4s)

---------------  T H R E A D  ---------------

Current thread (0x000001ca43ecec80):  JavaThread "C2 CompilerThread0" daemon [_thread_in_native, id=18320, stack(0x000000b81e500000,0x000000b81e600000) (1024K)]


Current CompileTask:
C2:   4016 5465   !   4       java.nio.file.FileTreeWalker::visit (204 bytes)

Stack: [0x000000b81e500000,0x000000b81e600000]
Native frames: (J=compiled Java code, j=interpreted, Vv=VM code, C=native code)
V  [jvm.dll+0x6ca289]
V  [jvm.dll+0x854a51]
V  [jvm.dll+0x856f7e]
V  [jvm.dll+0x857653]
V  [jvm.dll+0x27dd26]
V  [jvm.dll+0xc4c2d]
V  [jvm.dll+0xc5163]
V  [jvm.dll+0x3b4d02]
V  [jvm.dll+0x1df613]
V  [jvm.dll+0x246a62]
V  [jvm.dll+0x245eef]
V  [jvm.dll+0x1c6d0e]
V  [jvm.dll+0x2554d9]
V  [jvm.dll+0x253a6a]
V  [jvm.dll+0x3ee136]
V  [jvm.dll+0x7fee9b]
V  [jvm.dll+0x6c896d]
C  [ucrtbase.dll+0x29333]
C  [KERNEL32.DLL+0x1259d]
C  [ntdll.dll+0x5af38]


---------------  P R O C E S S  ---------------

Threads class SMR info:
_java_thread_list=0x000001ca8917e2c0, length=11, elements={
0x000001ca27222000, 0x000001ca43ebd7e0, 0x000001ca43ebe4f0, 0x000001ca43ec1b00,
0x000001ca43ec2640, 0x000001ca43ec3180, 0x000001ca43ec3cc0, 0x000001ca43ecec80,
0x000001ca43efd1b0, 0x000001ca891a3a70, 0x000001ca891a46a0
}

Java Threads: ( => current thread )
  0x000001ca27222000 JavaThread "main"                              [_thread_blocked, id=19312, stack(0x000000b81d700000,0x000000b81d800000) (1024K)]
  0x000001ca43ebd7e0 JavaThread "Reference Handler"          daemon [_thread_blocked, id=14340, stack(0x000000b81df00000,0x000000b81e000000) (1024K)]
  0x000001ca43ebe4f0 JavaThread "Finalizer"                  daemon [_thread_blocked, id=8612, stack(0x000000b81e000000,0x000000b81e100000) (1024K)]
  0x000001ca43ec1b00 JavaThread "Signal Dispatcher"          daemon [_thread_blocked, id=18848, stack(0x000000b81e100000,0x000000b81e200000) (1024K)]
  0x000001ca43ec2640 JavaThread "Attach Listener"            daemon [_thread_blocked, id=18664, stack(0x000000b81e200000,0x000000b81e300000) (1024K)]
  0x000001ca43ec3180 JavaThread "Service Thread"             daemon [_thread_blocked, id=17460, stack(0x000000b81e300000,0x000000b81e400000) (1024K)]
  0x000001ca43ec3cc0 JavaThread "Monitor Deflation Thread"   daemon [_thread_blocked, id=18016, stack(0x000000b81e400000,0x000000b81e500000) (1024K)]
=>0x000001ca43ecec80 JavaThread "C2 CompilerThread0"         daemon [_thread_in_native, id=18320, stack(0x000000b81e500000,0x000000b81e600000) (1024K)]
  0x000001ca43efd1b0 JavaThread "C1 CompilerThread0"         daemon [_thread_blocked, id=7916, stack(0x000000b81e600000,0x000000b81e700000) (1024K)]
  0x000001ca891a3a70 JavaThread "Notification Thread"        daemon [_thread_blocked, id=3892, stack(0x000000b81e700000,0x000000b81e800000) (1024K)]
  0x000001ca891a46a0 JavaThread "Common-Cleaner"             daemon [_thread_blocked, id=11700, stack(0x000000b81e800000,0x000000b81e900000) (1024K)]
Total: 11

Other Threads:
  0x000001ca27438e10 VMThread "VM Thread"                           [id=3500, stack(0x000000b81de00000,0x000000b81df00000) (1024K)]
  0x000001ca43ead960 WatcherThread "VM Periodic Task Thread"        [id=10988, stack(0x000000b81dd00000,0x000000b81de00000) (1024K)]
  0x000001ca273b1e20 WorkerThread "GC Thread#0"                     [id=18272, stack(0x000000b81d800000,0x000000b81d900000) (1024K)]
  0x000001ca89b29cc0 WorkerThread "GC Thread#1"                     [id=7456, stack(0x000000b81e900000,0x000000b81ea00000) (1024K)]
  0x000001ca896ae8d0 WorkerThread "GC Thread#2"                     [id=3492, stack(0x000000b81ea00000,0x000000b81eb00000) (1024K)]
  0x000001ca89add280 WorkerThread "GC Thread#3"                     [id=3388, stack(0x000000b81eb00000,0x000000b81ec00000) (1024K)]
  0x000001ca273bb080 ConcurrentGCThread "G1 Main Marker"            [id=16116, stack(0x000000b81d900000,0x000000b81da00000) (1024K)]
  0x000001ca273bba80 WorkerThread "G1 Conc#0"                       [id=12932, stack(0x000000b81da00000,0x000000b81db00000) (1024K)]
  0x000001ca27419f30 ConcurrentGCThread "G1 Refine#0"               [id=7736, stack(0x000000b81db00000,0x000000b81dc00000) (1024K)]
  0x000001ca2741a9a0 ConcurrentGCThread "G1 Service"                [id=17032, stack(0x000000b81dc00000,0x000000b81dd00000) (1024K)]
Total: 10

Threads with active compile tasks:
C2 CompilerThread0     4053 5465   !   4       java.nio.file.FileTreeWalker::visit (204 bytes)
C1 CompilerThread0     4053 6383       2       com.sun.tools.javac.tree.JCTree$Visitor::visitIdent (6 bytes)
Total: 2

VM state: at safepoint (normal execution)

VM Mutex/Monitor currently owned by a thread:  ([mutex/lock_event])
[0x00007ff90567be98] Threads_lock - owner thread: 0x000001ca27438e10
[0x00007ff90567bf98] Heap_lock - owner thread: 0x000001ca27222000

Heap address: 0x00000000c3200000, size: 974 MB, Compressed Oops mode: 32-bit

CDS archive(s) mapped at: [0x000001ca44000000-0x000001ca44c90000-0x000001ca44c90000), size 13172736, SharedBaseAddress: 0x000001ca44000000, ArchiveRelocationMode: 1.
Compressed class space mapped at: 0x000001ca45000000-0x000001ca85000000, reserved size: 1073741824
Narrow klass base: 0x000001ca44000000, Narrow klass shift: 0, Narrow klass range: 0x100000000

GC Precious Log:
 CardTable entry size: 512
 Card Set container configuration: InlinePtr #cards 5 size 8 Array Of Cards #cards 12 size 40 Howl #buckets 4 coarsen threshold 1843 Howl Bitmap #cards 512 size 80 coarsen threshold 460 Card regions per heap region 1 cards per card region 2048
 CPUs: 4 total, 4 available
 Memory: 3895M
 Large Page Support: Disabled
 NUMA Support: Disabled
 Compressed Oops: Enabled (32-bit)
 Heap Region Size: 1M
 Heap Min Capacity: 8M
 Heap Initial Capacity: 62M
 Heap Max Capacity: 974M
 Pre-touch: Disabled
 Parallel Workers: 4
 Concurrent Workers: 1
 Concurrent Refinement Workers: 4
 Periodic GC: Disabled

Heap:
 garbage-first heap   total 68608K, used 52631K [0x00000000c3200000, 0x0000000100000000)
  region size 1024K, 25 young (25600K), 2 survivors (2048K)
 Metaspace       used 27624K, committed 28032K, reserved 1114112K
  class space    used 3117K, committed 3328K, reserved 1048576K

Heap Regions: E=young(eden), S=young(survivor), O=old, HS=humongous(starts), HC=humongous(continues), CS=collection set, F=free, TAMS=top-at-mark-start, PB=parsable bottom
|   0|0x00000000c3200000, 0x00000000c3300000, 0x00000000c3300000|100%| O|  |TAMS 0x00000000c3200000| PB 0x00000000c3200000| Untracked 
|   1|0x00000000c3300000, 0x00000000c3400000, 0x00000000c3400000|100%| O|  |TAMS 0x00000000c3300000| PB 0x00000000c3300000| Untracked 
|   2|0x00000000c3400000, 0x00000000c3500000, 0x00000000c3500000|100%| O|  |TAMS 0x00000000c3400000| PB 0x00000000c3400000| Untracked 
|   3|0x00000000c3500000, 0x00000000c3600000, 0x00000000c3600000|100%| O|  |TAMS 0x00000000c3500000| PB 0x00000000c3500000| Untracked 
|   4|0x00000000c3600000, 0x00000000c3700000, 0x00000000c3700000|100%| O|  |TAMS 0x00000000c3600000| PB 0x00000000c3600000| Untracked 
|   5|0x00000000c3700000, 0x00000000c3800000, 0x00000000c3800000|100%| O|  |TAMS 0x00000000c3700000| PB 0x00000000c3700000| Untracked 
|   6|0x00000000c3800000, 0x00000000c3900000, 0x00000000c3900000|100%| O|  |TAMS 0x00000000c3800000| PB 0x00000000c3800000| Untracked 
|   7|0x00000000c3900000, 0x00000000c3a00000, 0x00000000c3a00000|100%| O|  |TAMS 0x00000000c3900000| PB 0x00000000c3900000| Untracked 
|   8|0x00000000c3a00000, 0x00000000c3b00000, 0x00000000c3b00000|100%| O|  |TAMS 0x00000000c3a00000| PB 0x00000000c3a00000| Untracked 
|   9|0x00000000c3b00000, 0x00000000c3c00000, 0x00000000c3c00000|100%| O|  |TAMS 0x00000000c3b00000| PB 0x00000000c3b00000| Untracked 
|  10|0x00000000c3c00000, 0x00000000c3d00000, 0x00000000c3d00000|100%|HS|  |TAMS 0x00000000c3c00000| PB 0x00000000c3c00000| Complete 
|  11|0x00000000c3d00000, 0x00000000c3e00000, 0x00000000c3e00000|100%|HC|  |TAMS 0x00000000c3d00000| PB 0x00000000c3d00000| Complete 
|  12|0x00000000c3e00000, 0x00000000c3f00000, 0x00000000c3f00000|100%|HC|  |TAMS 0x00000000c3e00000| PB 0x00000000c3e00000| Complete 
|  13|0x00000000c3f00000, 0x00000000c4000000, 0x00000000c4000000|100%| O|  |TAMS 0x00000000c3f00000| PB 0x00000000c3f00000| Untracked 
|  14|0x00000000c4000000, 0x00000000c4100000, 0x00000000c4100000|100%| O|  |TAMS 0x00000000c4000000| PB 0x00000000c4000000| Untracked 
|  15|0x00000000c4100000, 0x00000000c4200000, 0x00000000c4200000|100%| O|CS|TAMS 0x00000000c4100000| PB 0x00000000c4100000| Complete 
|  16|0x00000000c4200000, 0x00000000c4300000, 0x00000000c4300000|100%| O|  |TAMS 0x00000000c4200000| PB 0x00000000c4200000| Untracked 
|  17|0x00000000c4300000, 0x00000000c4400000, 0x00000000c4400000|100%| O|  |TAMS 0x00000000c4300000| PB 0x00000000c4300000| Untracked 
|  18|0x00000000c4400000, 0x00000000c4500000, 0x00000000c4500000|100%| O|  |TAMS 0x00000000c4400000| PB 0x00000000c4400000| Untracked 
|  19|0x00000000c4500000, 0x00000000c4600000, 0x00000000c4600000|100%| O|  |TAMS 0x00000000c4500000| PB 0x00000000c4500000| Untracked 
|  20|0x00000000c4600000, 0x00000000c4700000, 0x00000000c4700000|100%| O|  |TAMS 0x00000000c4600000| PB 0x00000000c4600000| Untracked 
|  21|0x00000000c4700000, 0x00000000c4800000, 0x00000000c4800000|100%| O|  |TAMS 0x00000000c4700000| PB 0x00000000c4700000| Untracked 
|  22|0x00000000c4800000, 0x00000000c4900000, 0x00000000c4900000|100%|HS|  |TAMS 0x00000000c4800000| PB 0x00000000c4800000| Complete 
|  23|0x00000000c4900000, 0x00000000c4a00000, 0x00000000c4a00000|100%| O|  |TAMS 0x00000000c4900000| PB 0x00000000c4900000| Untracked 
|  24|0x00000000c4a00000, 0x00000000c4b00000, 0x00000000c4b00000|100%| O|  |TAMS 0x00000000c4a00000| PB 0x00000000c4a00000| Untracked 
|  25|0x00000000c4b00000, 0x00000000c4bf7e00, 0x00000000c4c00000| 96%| O|  |TAMS 0x00000000c4b00000| PB 0x00000000c4b00000| Untracked 
|  26|0x00000000c4c00000, 0x00000000c4d00000, 0x00000000c4d00000|100%| O|  |TAMS 0x00000000c4c00000| PB 0x00000000c4c00000| Untracked 
|  27|0x00000000c4d00000, 0x00000000c4d00000, 0x00000000c4e00000|  0%| F|  |TAMS 0x00000000c4d00000| PB 0x00000000c4d00000| Untracked 
|  28|0x00000000c4e00000, 0x00000000c4e00000, 0x00000000c4f00000|  0%| F|  |TAMS 0x00000000c4e00000| PB 0x00000000c4e00000| Untracked 
|  29|0x00000000c4f00000, 0x00000000c5000000, 0x00000000c5000000|100%| E|CS|TAMS 0x00000000c4f00000| PB 0x00000000c4f00000| Complete 
|  30|0x00000000c5000000, 0x00000000c5100000, 0x00000000c5100000|100%| E|CS|TAMS 0x00000000c5000000| PB 0x00000000c5000000| Complete 
|  31|0x00000000c5100000, 0x00000000c5200000, 0x00000000c5200000|100%| E|CS|TAMS 0x00000000c5100000| PB 0x00000000c5100000| Complete 
|  32|0x00000000c5200000, 0x00000000c5300000, 0x00000000c5300000|100%| E|CS|TAMS 0x00000000c5200000| PB 0x00000000c5200000| Complete 
|  33|0x00000000c5300000, 0x00000000c5400000, 0x00000000c5400000|100%| E|CS|TAMS 0x00000000c5300000| PB 0x00000000c5300000| Complete 
|  34|0x00000000c5400000, 0x00000000c5400000, 0x00000000c5500000|  0%| F|  |TAMS 0x00000000c5400000| PB 0x00000000c5400000| Untracked 
|  35|0x00000000c5500000, 0x00000000c5500000, 0x00000000c5600000|  0%| F|  |TAMS 0x00000000c5500000| PB 0x00000000c5500000| Untracked 
|  36|0x00000000c5600000, 0x00000000c5600000, 0x00000000c5700000|  0%| F|  |TAMS 0x00000000c5600000| PB 0x00000000c5600000| Untracked 
|  37|0x00000000c5700000, 0x00000000c5700000, 0x00000000c5800000|  0%| F|  |TAMS 0x00000000c5700000| PB 0x00000000c5700000| Untracked 
|  38|0x00000000c5800000, 0x00000000c5800000, 0x00000000c5900000|  0%| F|  |TAMS 0x00000000c5800000| PB 0x00000000c5800000| Untracked 
|  39|0x00000000c5900000, 0x00000000c5900000, 0x00000000c5a00000|  0%| F|  |TAMS 0x00000000c5900000| PB 0x00000000c5900000| Untracked 
|  40|0x00000000c5a00000, 0x00000000c5a00000, 0x00000000c5b00000|  0%| F|  |TAMS 0x00000000c5a00000| PB 0x00000000c5a00000| Untracked 
|  41|0x00000000c5b00000, 0x00000000c5b5b0c8, 0x00000000c5c00000| 35%| S|  |TAMS 0x00000000c5b00000| PB 0x00000000c5b00000| Complete 
|  42|0x00000000c5c00000, 0x00000000c5d00000, 0x00000000c5d00000|100%| S|  |TAMS 0x00000000c5c00000| PB 0x00000000c5c00000| Complete 
|  43|0x00000000c5d00000, 0x00000000c5e00000, 0x00000000c5e00000|100%| S|  |TAMS 0x00000000c5d00000| PB 0x00000000c5d00000| Complete 
|  44|0x00000000c5e00000, 0x00000000c5f00000, 0x00000000c5f00000|100%| E|CS|TAMS 0x00000000c5e00000| PB 0x00000000c5e00000| Complete 
|  45|0x00000000c5f00000, 0x00000000c6000000, 0x00000000c6000000|100%| E|CS|TAMS 0x00000000c5f00000| PB 0x00000000c5f00000| Complete 
|  46|0x00000000c6000000, 0x00000000c6100000, 0x00000000c6100000|100%| E|CS|TAMS 0x00000000c6000000| PB 0x00000000c6000000| Complete 
|  47|0x00000000c6100000, 0x00000000c6200000, 0x00000000c6200000|100%| E|CS|TAMS 0x00000000c6100000| PB 0x00000000c6100000| Complete 
|  48|0x00000000c6200000, 0x00000000c6300000, 0x00000000c6300000|100%| E|CS|TAMS 0x00000000c6200000| PB 0x00000000c6200000| Complete 
|  49|0x00000000c6300000, 0x00000000c6400000, 0x00000000c6400000|100%| E|CS|TAMS 0x00000000c6300000| PB 0x00000000c6300000| Complete 
|  50|0x00000000c6400000, 0x00000000c6500000, 0x00000000c6500000|100%| E|CS|TAMS 0x00000000c6400000| PB 0x00000000c6400000| Complete 
|  51|0x00000000c6500000, 0x00000000c6600000, 0x00000000c6600000|100%| E|CS|TAMS 0x00000000c6500000| PB 0x00000000c6500000| Complete 
|  52|0x00000000c6600000, 0x00000000c6700000, 0x00000000c6700000|100%| E|CS|TAMS 0x00000000c6600000| PB 0x00000000c6600000| Complete 
|  53|0x00000000c6700000, 0x00000000c6800000, 0x00000000c6800000|100%| E|CS|TAMS 0x00000000c6700000| PB 0x00000000c6700000| Complete 
|  54|0x00000000c6800000, 0x00000000c6900000, 0x00000000c6900000|100%| E|CS|TAMS 0x00000000c6800000| PB 0x00000000c6800000| Complete 
|  55|0x00000000c6900000, 0x00000000c6a00000, 0x00000000c6a00000|100%| E|CS|TAMS 0x00000000c6900000| PB 0x00000000c6900000| Complete 
|  56|0x00000000c6a00000, 0x00000000c6b00000, 0x00000000c6b00000|100%| E|CS|TAMS 0x00000000c6a00000| PB 0x00000000c6a00000| Complete 
|  57|0x00000000c6b00000, 0x00000000c6c00000, 0x00000000c6c00000|100%| E|CS|TAMS 0x00000000c6b00000| PB 0x00000000c6b00000| Complete 
|  58|0x00000000c6c00000, 0x00000000c6d00000, 0x00000000c6d00000|100%| E|CS|TAMS 0x00000000c6c00000| PB 0x00000000c6c00000| Complete 
|  59|0x00000000c6d00000, 0x00000000c6e00000, 0x00000000c6e00000|100%| E|CS|TAMS 0x00000000c6d00000| PB 0x00000000c6d00000| Complete 
|  60|0x00000000c6e00000, 0x00000000c6f00000, 0x00000000c6f00000|100%| E|CS|TAMS 0x00000000c6e00000| PB 0x00000000c6e00000| Complete 
|  61|0x00000000c6f00000, 0x00000000c7000000, 0x00000000c7000000|100%| E|CS|TAMS 0x00000000c6f00000| PB 0x00000000c6f00000| Complete 
|  62|0x00000000c7000000, 0x00000000c7100000, 0x00000000c7100000|100%| E|CS|TAMS 0x00000000c7000000| PB 0x00000000c7000000| Complete 
|  63|0x00000000c7100000, 0x00000000c7200000, 0x00000000c7200000|100%| E|CS|TAMS 0x00000000c7100000| PB 0x00000000c7100000| Complete 
|  64|0x00000000c7200000, 0x00000000c7300000, 0x00000000c7300000|100%| E|CS|TAMS 0x00000000c7200000| PB 0x00000000c7200000| Complete 
|  65|0x00000000c7300000, 0x00000000c7400000, 0x00000000c7400000|100%| E|CS|TAMS 0x00000000c7300000| PB 0x00000000c7300000| Complete 
|  74|0x00000000c7c00000, 0x00000000c7d00000, 0x00000000c7d00000|100%| E|CS|TAMS 0x00000000c7c00000| PB 0x00000000c7c00000| Complete 

Card table byte_map: [0x000001ca407f0000,0x000001ca409e0000] _byte_map_base: 0x000001ca401d7000

Marking Bits: (CMBitMap*) 0x000001ca273b2c30
 Bits: [0x000001ca409e0000, 0x000001ca41918000)

Polling page: 0x000001ca30fb0000

Metaspace:

Usage:
  Non-class:     23.93 MB used.
      Class:      3.04 MB used.
       Both:     26.98 MB used.

Virtual space:
  Non-class space:       64.00 MB reserved,      24.12 MB ( 38%) committed,  1 nodes.
      Class space:        1.00 GB reserved,       3.25 MB ( <1%) committed,  1 nodes.
             Both:        1.06 GB reserved,      27.38 MB (  3%) committed. 

Chunk freelists:
   Non-Class:  7.64 MB
       Class:  12.73 MB
        Both:  20.37 MB

MaxMetaspaceSize: unlimited
CompressedClassSpaceSize: 1.00 GB
Initial GC threshold: 21.00 MB
Current GC threshold: 35.25 MB
CDS: on
 - commit_granule_bytes: 65536.
 - commit_granule_words: 8192.
 - virtual_space_node_default_size: 8388608.
 - enlarge_chunks_in_place: 1.
 - use_allocation_guard: 0.


Internal statistics:

num_allocs_failed_limit: 3.
num_arena_births: 290.
num_arena_deaths: 0.
num_vsnodes_births: 2.
num_vsnodes_deaths: 0.
num_space_committed: 438.
num_space_uncommitted: 0.
num_chunks_returned_to_freelist: 3.
num_chunks_taken_from_freelist: 1248.
num_chunk_merges: 3.
num_chunk_splits: 904.
num_chunks_enlarged: 725.
num_inconsistent_stats: 0.

CodeHeap 'non-profiled nmethods': size=120000Kb used=2260Kb max_used=2260Kb free=117739Kb
 bounds [0x000001ca38aa0000, 0x000001ca38d10000, 0x000001ca3ffd0000]
CodeHeap 'profiled nmethods': size=120000Kb used=13367Kb max_used=13367Kb free=106632Kb
 bounds [0x000001ca30fd0000, 0x000001ca31ce0000, 0x000001ca38500000]
CodeHeap 'non-nmethods': size=5760Kb used=1599Kb max_used=1638Kb free=4160Kb
 bounds [0x000001ca38500000, 0x000001ca38770000, 0x000001ca38aa0000]
 total_blobs=6866 nmethods=6335 adapters=435
 compilation: enabled
              stopped_count=0, restarted_count=0
 full_count=0

Compilation events (20 events):
Event: 4.010 Thread 0x000001ca43efd1b0 nmethod 6312 0x000001ca31cb4990 code [0x000001ca31cb4b80, 0x000001ca31cb4df0]
Event: 4.011 Thread 0x000001ca43efd1b0 6313       2       com.sun.tools.javac.jvm.ClassWriter::writeAttr (33 bytes)
Event: 4.011 Thread 0x000001ca43efd1b0 nmethod 6313 0x000001ca31cb4f10 code [0x000001ca31cb50e0, 0x000001ca31cb52a8]
Event: 4.011 Thread 0x000001ca43efd1b0 6314       2       com.sun.tools.javac.jvm.ClassWriter::endAttr (21 bytes)
Event: 4.011 Thread 0x000001ca43efd1b0 nmethod 6314 0x000001ca31cb5490 code [0x000001ca31cb5640, 0x000001ca31cb5780]
Event: 4.011 Thread 0x000001ca43efd1b0 6315       2       com.sun.tools.javac.jvm.ClassWriter::putInt (64 bytes)
Event: 4.011 Thread 0x000001ca43efd1b0 nmethod 6315 0x000001ca31cb5890 code [0x000001ca31cb5a20, 0x000001ca31cb5bf0]
Event: 4.012 Thread 0x000001ca43efd1b0 6316       2       com.sun.tools.javac.comp.Attr::attribAnyTypes (52 bytes)
Event: 4.012 Thread 0x000001ca43efd1b0 nmethod 6316 0x000001ca31cb5d90 code [0x000001ca31cb5f60, 0x000001ca31cb6280]
Event: 4.012 Thread 0x000001ca43efd1b0 6318       3       com.sun.tools.javac.comp.Env::dup (14 bytes)
Event: 4.012 Thread 0x000001ca43efd1b0 nmethod 6318 0x000001ca31cb6410 code [0x000001ca31cb65c0, 0x000001ca31cb6840]
Event: 4.012 Thread 0x000001ca43efd1b0 6317       2       com.sun.tools.javac.comp.Check::checkRefTypes (57 bytes)
Event: 4.013 Thread 0x000001ca43efd1b0 nmethod 6317 0x000001ca31cb6990 code [0x000001ca31cb6b60, 0x000001ca31cb6eb8]
Event: 4.013 Thread 0x000001ca43efd1b0 6319       2       com.sun.tools.javac.comp.AttrContext::dup (9 bytes)
Event: 4.013 Thread 0x000001ca43efd1b0 nmethod 6319 0x000001ca31cb7110 code [0x000001ca31cb72a0, 0x000001ca31cb73d0]
Event: 4.014 Thread 0x000001ca43efd1b0 6321       2       com.sun.tools.javac.comp.Resolve::resolveQualifiedMethod (24 bytes)
Event: 4.014 Thread 0x000001ca43efd1b0 nmethod 6321 0x000001ca31cb7490 code [0x000001ca31cb7640, 0x000001ca31cb7860]
Event: 4.014 Thread 0x000001ca43efd1b0 6322       2       com.sun.tools.javac.util.Warner::<init> (6 bytes)
Event: 4.014 Thread 0x000001ca43efd1b0 nmethod 6322 0x000001ca31cb7990 code [0x000001ca31cb7b40, 0x000001ca31cb7c70]
Event: 4.014 Thread 0x000001ca43efd1b0 6323       2       com.sun.tools.javac.comp.Attr::attribArgs (98 bytes)

GC Heap History (14 events):
Event: 0.356 GC heap before
{Heap before GC invocations=0 (full 0):
 garbage-first heap   total 63488K, used 13312K [0x00000000c3200000, 0x0000000100000000)
  region size 1024K, 13 young (13312K), 0 survivors (0K)
 Metaspace       used 3994K, committed 4224K, reserved 1114112K
  class space    used 408K, committed 512K, reserved 1048576K
}
Event: 0.361 GC heap after
{Heap after GC invocations=1 (full 0):
 garbage-first heap   total 63488K, used 3488K [0x00000000c3200000, 0x0000000100000000)
  region size 1024K, 2 young (2048K), 2 survivors (2048K)
 Metaspace       used 3994K, committed 4224K, reserved 1114112K
  class space    used 408K, committed 512K, reserved 1048576K
}
Event: 0.599 GC heap before
{Heap before GC invocations=1 (full 0):
 garbage-first heap   total 63488K, used 19872K [0x00000000c3200000, 0x0000000100000000)
  region size 1024K, 18 young (18432K), 2 survivors (2048K)
 Metaspace       used 6438K, committed 6656K, reserved 1114112K
  class space    used 731K, committed 832K, reserved 1048576K
}
Event: 0.602 GC heap after
{Heap after GC invocations=2 (full 0):
 garbage-first heap   total 63488K, used 4326K [0x00000000c3200000, 0x0000000100000000)
  region size 1024K, 1 young (1024K), 1 survivors (1024K)
 Metaspace       used 6438K, committed 6656K, reserved 1114112K
  class space    used 731K, committed 832K, reserved 1048576K
}
Event: 1.409 GC heap before
{Heap before GC invocations=2 (full 0):
 garbage-first heap   total 63488K, used 40166K [0x00000000c3200000, 0x0000000100000000)
  region size 1024K, 37 young (37888K), 1 survivors (1024K)
 Metaspace       used 12779K, committed 12992K, reserved 1114112K
  class space    used 1526K, committed 1600K, reserved 1048576K
}
Event: 1.417 GC heap after
{Heap after GC invocations=3 (full 0):
 garbage-first heap   total 63488K, used 7060K [0x00000000c3200000, 0x0000000100000000)
  region size 1024K, 4 young (4096K), 4 survivors (4096K)
 Metaspace       used 12779K, committed 12992K, reserved 1114112K
  class space    used 1526K, committed 1600K, reserved 1048576K
}
Event: 2.214 GC heap before
{Heap before GC invocations=3 (full 0):
 garbage-first heap   total 63488K, used 40852K [0x00000000c3200000, 0x0000000100000000)
  region size 1024K, 37 young (37888K), 4 survivors (4096K)
 Metaspace       used 16013K, committed 16192K, reserved 1114112K
  class space    used 1842K, committed 1920K, reserved 1048576K
}
Event: 2.224 GC heap after
{Heap after GC invocations=4 (full 0):
 garbage-first heap   total 63488K, used 9473K [0x00000000c3200000, 0x0000000100000000)
  region size 1024K, 3 young (3072K), 3 survivors (3072K)
 Metaspace       used 16013K, committed 16192K, reserved 1114112K
  class space    used 1842K, committed 1920K, reserved 1048576K
}
Event: 2.979 GC heap before
{Heap before GC invocations=4 (full 0):
 garbage-first heap   total 63488K, used 50433K [0x00000000c3200000, 0x0000000100000000)
  region size 1024K, 37 young (37888K), 3 survivors (3072K)
 Metaspace       used 19321K, committed 19648K, reserved 1114112K
  class space    used 2209K, committed 2368K, reserved 1048576K
}
Event: 2.990 GC heap after
{Heap after GC invocations=5 (full 0):
 garbage-first heap   total 63488K, used 20981K [0x00000000c3200000, 0x0000000100000000)
  region size 1024K, 5 young (5120K), 5 survivors (5120K)
 Metaspace       used 19321K, committed 19648K, reserved 1114112K
  class space    used 2209K, committed 2368K, reserved 1048576K
}
Event: 3.082 GC heap before
{Heap before GC invocations=5 (full 0):
 garbage-first heap   total 63488K, used 22005K [0x00000000c3200000, 0x0000000100000000)
  region size 1024K, 7 young (7168K), 5 survivors (5120K)
 Metaspace       used 21227K, committed 21504K, reserved 1114112K
  class space    used 2483K, committed 2624K, reserved 1048576K
}
Event: 3.090 GC heap after
{Heap after GC invocations=6 (full 0):
 garbage-first heap   total 76800K, used 22495K [0x00000000c3200000, 0x0000000100000000)
  region size 1024K, 1 young (1024K), 1 survivors (1024K)
 Metaspace       used 21227K, committed 21504K, reserved 1114112K
  class space    used 2483K, committed 2624K, reserved 1048576K
}
Event: 3.564 GC heap before
{Heap before GC invocations=7 (full 0):
 garbage-first heap   total 68608K, used 52191K [0x00000000c3200000, 0x0000000100000000)
  region size 1024K, 33 young (33792K), 1 survivors (1024K)
 Metaspace       used 25701K, committed 26048K, reserved 1114112K
  class space    used 2935K, committed 3072K, reserved 1048576K
}
Event: 3.573 GC heap after
{Heap after GC invocations=8 (full 0):
 garbage-first heap   total 68608K, used 28055K [0x00000000c3200000, 0x0000000100000000)
  region size 1024K, 5 young (5120K), 5 survivors (5120K)
 Metaspace       used 25701K, committed 26048K, reserved 1114112K
  class space    used 2935K, committed 3072K, reserved 1048576K
}

Dll operation events (8 events):
Event: 0.006 Loaded shared library C:\Program Files\Java\jdk-21\bin\java.dll
Event: 0.041 Loaded shared library C:\Program Files\Java\jdk-21\bin\jsvml.dll
Event: 0.055 Loaded shared library C:\Program Files\Java\jdk-21\bin\net.dll
Event: 0.056 Loaded shared library C:\Program Files\Java\jdk-21\bin\nio.dll
Event: 0.059 Loaded shared library C:\Program Files\Java\jdk-21\bin\zip.dll
Event: 0.146 Loaded shared library C:\Program Files\Java\jdk-21\bin\jimage.dll
Event: 0.152 Loaded shared library C:\Program Files\NetBeans-20\netbeans\java\maven\lib\jansi-native\Windows\x86_64\jansi.dll
Event: 0.160 Loaded shared library C:\Program Files\Java\jdk-21\bin\verify.dll

Deoptimization events (20 events):
Event: 3.599 Thread 0x000001ca27222000 DEOPT PACKING pc=0x000001ca319d9d8b sp=0x000000b81d7fca90
Event: 3.599 Thread 0x000001ca27222000 DEOPT UNPACKING pc=0x000001ca385588e2 sp=0x000000b81d7fbf50 mode 0
Event: 3.607 Thread 0x000001ca27222000 DEOPT PACKING pc=0x000001ca31a643f5 sp=0x000000b81d7fc1a0
Event: 3.607 Thread 0x000001ca27222000 DEOPT UNPACKING pc=0x000001ca385588e2 sp=0x000000b81d7fb6f0 mode 0
Event: 3.612 Thread 0x000001ca27222000 DEOPT PACKING pc=0x000001ca319d3906 sp=0x000000b81d7fc930
Event: 3.612 Thread 0x000001ca27222000 DEOPT UNPACKING pc=0x000001ca385588e2 sp=0x000000b81d7fbdb8 mode 0
Event: 3.916 Thread 0x000001ca27222000 Uncommon trap: trap_request=0xffffff45 fr.pc=0x000001ca38c58d78 relative=0x0000000000003f78
Event: 3.916 Thread 0x000001ca27222000 Uncommon trap: reason=unstable_if action=reinterpret pc=0x000001ca38c58d78 method=java.lang.invoke.MethodType.genericMethodType(IZ)Ljava/lang/invoke/MethodType; @ 38 c2
Event: 3.916 Thread 0x000001ca27222000 DEOPT PACKING pc=0x000001ca38c58d78 sp=0x000000b81d7f66a0
Event: 3.916 Thread 0x000001ca27222000 DEOPT UNPACKING pc=0x000001ca38557da2 sp=0x000000b81d7f6640 mode 2
Event: 3.959 Thread 0x000001ca27222000 Uncommon trap: trap_request=0xffffff45 fr.pc=0x000001ca38b61174 relative=0x00000000000002b4
Event: 3.959 Thread 0x000001ca27222000 Uncommon trap: reason=unstable_if action=reinterpret pc=0x000001ca38b61174 method=java.util.HashMap.getNode(Ljava/lang/Object;)Ljava/util/HashMap$Node; @ 66 c2
Event: 3.959 Thread 0x000001ca27222000 DEOPT PACKING pc=0x000001ca38b61174 sp=0x000000b81d7fbd60
Event: 3.959 Thread 0x000001ca27222000 DEOPT UNPACKING pc=0x000001ca38557da2 sp=0x000000b81d7fbc70 mode 2
Event: 3.960 Thread 0x000001ca27222000 Uncommon trap: trap_request=0xffffff45 fr.pc=0x000001ca38c35624 relative=0x0000000000000164
Event: 3.960 Thread 0x000001ca27222000 Uncommon trap: reason=unstable_if action=reinterpret pc=0x000001ca38c35624 method=java.util.HashMap.getNode(Ljava/lang/Object;)Ljava/util/HashMap$Node; @ 131 c2
Event: 3.960 Thread 0x000001ca27222000 DEOPT PACKING pc=0x000001ca38c35624 sp=0x000000b81d7fbcf0
Event: 3.960 Thread 0x000001ca27222000 DEOPT UNPACKING pc=0x000001ca38557da2 sp=0x000000b81d7fbc70 mode 2
Event: 3.968 Thread 0x000001ca27222000 DEOPT PACKING pc=0x000001ca31c04714 sp=0x000000b81d7fc4b0
Event: 3.968 Thread 0x000001ca27222000 DEOPT UNPACKING pc=0x000001ca385588e2 sp=0x000000b81d7fba30 mode 1

Classes loaded (20 events):
Event: 3.917 Loading class java/lang/invoke/MethodHandleImpl$Makers$1
Event: 3.918 Loading class java/lang/invoke/MethodHandleImpl$Makers$1 done
Event: 3.918 Loading class java/lang/invoke/MethodHandleImpl$Makers$2
Event: 3.918 Loading class java/lang/invoke/MethodHandleImpl$Makers$2 done
Event: 3.918 Loading class java/lang/invoke/MethodHandleImpl$Makers$3
Event: 3.918 Loading class java/lang/invoke/MethodHandleImpl$Makers$3 done
Event: 3.922 Loading class java/lang/runtime/ObjectMethods$1
Event: 3.922 Loading class java/lang/runtime/ObjectMethods$1 done
Event: 3.924 Loading class java/lang/invoke/DirectMethodHandle$1
Event: 3.924 Loading class java/lang/invoke/DirectMethodHandle$1 done
Event: 3.929 Loading class java/nio/file/Path$1
Event: 3.930 Loading class java/nio/file/Path$1 done
Event: 3.973 Loading class java/util/EnumMap$EntrySet
Event: 3.973 Loading class java/util/EnumMap$EntrySet done
Event: 3.973 Loading class java/util/EnumMap$EntryIterator
Event: 3.973 Loading class java/util/EnumMap$EnumMapIterator
Event: 3.973 Loading class java/util/EnumMap$EnumMapIterator done
Event: 3.973 Loading class java/util/EnumMap$EntryIterator done
Event: 3.973 Loading class java/util/EnumMap$EntryIterator$Entry
Event: 3.973 Loading class java/util/EnumMap$EntryIterator$Entry done

Classes unloaded (0 events):
No events

Classes redefined (0 events):
No events

Internal exceptions (20 events):
Event: 3.919 Thread 0x000001ca27222000 Exception <a 'java/lang/NoSuchMethodError'{0x00000000c601bb68}: 'void java.lang.invoke.DirectMethodHandle$Holder.invokeStatic(java.lang.Object, java.lang.Object, int, java.lang.Object)'> (0x00000000c601bb68) 
thrown [s\open\src\hotspot\share\interpreter\linkResolver.cpp, line 773]
Event: 3.920 Thread 0x000001ca27222000 Exception <a 'java/lang/NoSuchMethodError'{0x00000000c6023478}: 'void java.lang.invoke.DelegatingMethodHandle$Holder.delegate(java.lang.Object, java.lang.Object, int, java.lang.Object)'> (0x00000000c6023478) 
thrown [s\open\src\hotspot\share\interpreter\linkResolver.cpp, line 773]
Event: 3.922 Thread 0x000001ca27222000 Exception <a 'java/lang/NoSuchMethodError'{0x00000000c6041b70}: 'int java.lang.invoke.DirectMethodHandle$Holder.invokeStaticInit(java.lang.Object, int, int)'> (0x00000000c6041b70) 
thrown [s\open\src\hotspot\share\interpreter\linkResolver.cpp, line 773]
Event: 3.923 Thread 0x000001ca27222000 Exception <a 'java/lang/NoSuchMethodError'{0x00000000c6049760}: 'int java.lang.invoke.DirectMethodHandle$Holder.invokeStaticInit(java.lang.Object, long, long)'> (0x00000000c6049760) 
thrown [s\open\src\hotspot\share\interpreter\linkResolver.cpp, line 773]
Event: 3.923 Thread 0x000001ca27222000 Exception <a 'java/lang/NoSuchMethodError'{0x00000000c60508a8}: 'int java.lang.invoke.DirectMethodHandle$Holder.invokeStaticInit(java.lang.Object, float, float)'> (0x00000000c60508a8) 
thrown [s\open\src\hotspot\share\interpreter\linkResolver.cpp, line 773]
Event: 3.923 Thread 0x000001ca27222000 Exception <a 'java/lang/NoSuchMethodError'{0x00000000c60579e8}: 'int java.lang.invoke.DirectMethodHandle$Holder.invokeStaticInit(java.lang.Object, double, double)'> (0x00000000c60579e8) 
thrown [s\open\src\hotspot\share\interpreter\linkResolver.cpp, line 773]
Event: 3.923 Thread 0x000001ca27222000 Exception <a 'java/lang/NoSuchMethodError'{0x00000000c605c5a8}: 'int java.lang.invoke.DirectMethodHandle$Holder.invokeStatic(java.lang.Object, long)'> (0x00000000c605c5a8) 
thrown [s\open\src\hotspot\share\interpreter\linkResolver.cpp, line 773]
Event: 3.925 Thread 0x000001ca27222000 Exception <a 'java/lang/NoSuchMethodError'{0x00000000c607ae60}: 'int java.lang.invoke.Invokers$Holder.linkToTargetMethod(java.lang.Object, java.lang.Object)'> (0x00000000c607ae60) 
thrown [s\open\src\hotspot\share\interpreter\linkResolver.cpp, line 773]
Event: 3.929 Thread 0x000001ca27222000 Exception <a 'sun/nio/fs/WindowsException'{0x00000000c6088c78}> (0x00000000c6088c78) 
thrown [s\open\src\hotspot\share\prims\jni.cpp, line 520]
Event: 3.929 Thread 0x000001ca27222000 Exception <a 'sun/nio/fs/WindowsException'{0x00000000c60893c8}> (0x00000000c60893c8) 
thrown [s\open\src\hotspot\share\prims\jni.cpp, line 520]
Event: 3.929 Thread 0x000001ca27222000 Exception <a 'sun/nio/fs/WindowsException'{0x00000000c6089998}> (0x00000000c6089998) 
thrown [s\open\src\hotspot\share\prims\jni.cpp, line 520]
Event: 3.929 Thread 0x000001ca27222000 Exception <a 'sun/nio/fs/WindowsException'{0x00000000c608a0b8}> (0x00000000c608a0b8) 
thrown [s\open\src\hotspot\share\prims\jni.cpp, line 520]
Event: 3.929 Thread 0x000001ca27222000 Exception <a 'sun/nio/fs/WindowsException'{0x00000000c608a7b8}> (0x00000000c608a7b8) 
thrown [s\open\src\hotspot\share\prims\jni.cpp, line 520]
Event: 3.946 Thread 0x000001ca27222000 Exception <a 'sun/nio/fs/WindowsException'{0x00000000c5f0c6a0}> (0x00000000c5f0c6a0) 
thrown [s\open\src\hotspot\share\prims\jni.cpp, line 520]
Event: 3.955 Thread 0x000001ca27222000 Exception <a 'sun/nio/fs/WindowsException'{0x00000000c5f50250}> (0x00000000c5f50250) 
thrown [s\open\src\hotspot\share\prims\jni.cpp, line 520]
Event: 3.968 Thread 0x000001ca27222000 Exception <a 'java/lang/NoSuchMethodError'{0x00000000c5f971a0}: 'int java.lang.invoke.DirectMethodHandle$Holder.invokeVirtual(java.lang.Object, java.lang.Object, java.lang.Object, java.lang.Object)'> (0x00000000c5f971a0) 
thrown [s\open\src\hotspot\share\interpreter\linkResolver.cpp, line 773]
Event: 3.969 Thread 0x000001ca27222000 Exception <a 'java/lang/NoSuchMethodError'{0x00000000c5fa0b58}: 'java.lang.Object java.lang.invoke.DirectMethodHandle$Holder.newInvokeSpecial(java.lang.Object, java.lang.Object, int, java.lang.Object)'> (0x00000000c5fa0b58) 
thrown [s\open\src\hotspot\share\interpreter\linkResolver.cpp, line 773]
Event: 3.985 Thread 0x000001ca27222000 Exception <a 'sun/nio/fs/WindowsException'{0x00000000c5e40040}> (0x00000000c5e40040) 
thrown [s\open\src\hotspot\share\prims\jni.cpp, line 520]
Event: 4.004 Thread 0x000001ca27222000 Exception <a 'sun/nio/fs/WindowsException'{0x00000000c5e5c7b0}> (0x00000000c5e5c7b0) 
thrown [s\open\src\hotspot\share\prims\jni.cpp, line 520]
Event: 4.010 Thread 0x000001ca27222000 Exception <a 'sun/nio/fs/WindowsException'{0x00000000c5e6c228}> (0x00000000c5e6c228) 
thrown [s\open\src\hotspot\share\prims\jni.cpp, line 520]

ZGC Phase Switch (0 events):
No events

VM Operations (20 events):
Event: 3.653 Executing VM operation: ICBufferFull
Event: 3.653 Executing VM operation: ICBufferFull done
Event: 3.755 Executing VM operation: HandshakeAllThreads (Deoptimize)
Event: 3.755 Executing VM operation: HandshakeAllThreads (Deoptimize) done
Event: 3.756 Executing VM operation: ICBufferFull
Event: 3.756 Executing VM operation: ICBufferFull done
Event: 3.776 Executing VM operation: HandshakeAllThreads (Deoptimize)
Event: 3.776 Executing VM operation: HandshakeAllThreads (Deoptimize) done
Event: 3.780 Executing VM operation: HandshakeAllThreads (Deoptimize)
Event: 3.780 Executing VM operation: HandshakeAllThreads (Deoptimize) done
Event: 3.782 Executing VM operation: HandshakeAllThreads (Deoptimize)
Event: 3.782 Executing VM operation: HandshakeAllThreads (Deoptimize) done
Event: 3.853 Executing VM operation: ICBufferFull
Event: 3.853 Executing VM operation: ICBufferFull done
Event: 3.940 Executing VM operation: ICBufferFull
Event: 3.940 Executing VM operation: ICBufferFull done
Event: 3.963 Executing VM operation: HandshakeAllThreads (Deoptimize)
Event: 3.963 Executing VM operation: HandshakeAllThreads (Deoptimize) done
Event: 3.967 Executing VM operation: HandshakeAllThreads (Deoptimize)
Event: 3.967 Executing VM operation: HandshakeAllThreads (Deoptimize) done

Events (11 events):
Event: 0.025 Thread 0x000001ca27222000 Thread added: 0x000001ca27222000
Event: 0.039 Thread 0x000001ca43ebd7e0 Thread added: 0x000001ca43ebd7e0
Event: 0.039 Thread 0x000001ca43ebe4f0 Thread added: 0x000001ca43ebe4f0
Event: 0.039 Thread 0x000001ca43ec1b00 Thread added: 0x000001ca43ec1b00
Event: 0.039 Thread 0x000001ca43ec2640 Thread added: 0x000001ca43ec2640
Event: 0.039 Thread 0x000001ca43ec3180 Thread added: 0x000001ca43ec3180
Event: 0.039 Thread 0x000001ca43ec3cc0 Thread added: 0x000001ca43ec3cc0
Event: 0.039 Thread 0x000001ca43ecec80 Thread added: 0x000001ca43ecec80
Event: 0.039 Thread 0x000001ca43efd1b0 Thread added: 0x000001ca43efd1b0
Event: 0.051 Thread 0x000001ca891a3a70 Thread added: 0x000001ca891a3a70
Event: 0.053 Thread 0x000001ca891a46a0 Thread added: 0x000001ca891a46a0


Dynamic libraries:
0x00007ff768ea0000 - 0x00007ff768eb0000 	C:\Program Files\Java\jdk-21\bin\java.exe
0x00007ff96b050000 - 0x00007ff96b267000 	C:\WINDOWS\SYSTEM32\ntdll.dll
0x00007ff969890000 - 0x00007ff969954000 	C:\WINDOWS\System32\KERNEL32.DLL
0x00007ff968710000 - 0x00007ff968aca000 	C:\WINDOWS\System32\KERNELBASE.dll
0x00007ff968360000 - 0x00007ff968471000 	C:\WINDOWS\System32\ucrtbase.dll
0x00007ff95edc0000 - 0x00007ff95eddb000 	C:\Program Files\Java\jdk-21\bin\VCRUNTIME140.dll
0x00007ff9621d0000 - 0x00007ff9621e9000 	C:\Program Files\Java\jdk-21\bin\jli.dll
0x00007ff969660000 - 0x00007ff969712000 	C:\WINDOWS\System32\ADVAPI32.dll
0x00007ff96a5a0000 - 0x00007ff96a647000 	C:\WINDOWS\System32\msvcrt.dll
0x00007ff969720000 - 0x00007ff9697c7000 	C:\WINDOWS\System32\sechost.dll
0x00007ff968330000 - 0x00007ff968358000 	C:\WINDOWS\System32\bcrypt.dll
0x00007ff969960000 - 0x00007ff969a74000 	C:\WINDOWS\System32\RPCRT4.dll
0x00007ff969a80000 - 0x00007ff969c2e000 	C:\WINDOWS\System32\USER32.dll
0x00007ff9685c0000 - 0x00007ff9685e6000 	C:\WINDOWS\System32\win32u.dll
0x00007ff969c30000 - 0x00007ff969c59000 	C:\WINDOWS\System32\GDI32.dll
0x00007ff9528c0000 - 0x00007ff952b52000 	C:\WINDOWS\WinSxS\amd64_microsoft.windows.common-controls_6595b64144ccf1df_6.0.22621.4541_none_2710d1c57384c085\COMCTL32.dll
0x00007ff9685f0000 - 0x00007ff96870b000 	C:\WINDOWS\System32\gdi32full.dll
0x00007ff968ad0000 - 0x00007ff968b6a000 	C:\WINDOWS\System32\msvcp_win.dll
0x00007ff95e490000 - 0x00007ff95e49a000 	C:\WINDOWS\SYSTEM32\VERSION.dll
0x00007ff969840000 - 0x00007ff969871000 	C:\WINDOWS\System32\IMM32.DLL
0x00007ff960890000 - 0x00007ff96089c000 	C:\Program Files\Java\jdk-21\bin\vcruntime140_1.dll
0x00007ff940e60000 - 0x00007ff940eee000 	C:\Program Files\Java\jdk-21\bin\msvcp140.dll
0x00007ff904a40000 - 0x00007ff905758000 	C:\Program Files\Java\jdk-21\bin\server\jvm.dll
0x00007ff96ab10000 - 0x00007ff96ab81000 	C:\WINDOWS\System32\WS2_32.dll
0x00007ff968200000 - 0x00007ff96824d000 	C:\WINDOWS\SYSTEM32\POWRPROF.dll
0x00007ff95e910000 - 0x00007ff95e944000 	C:\WINDOWS\SYSTEM32\WINMM.dll
0x00007ff9681e0000 - 0x00007ff9681f3000 	C:\WINDOWS\SYSTEM32\UMPDC.dll
0x00007ff967370000 - 0x00007ff967388000 	C:\WINDOWS\SYSTEM32\kernel.appcore.dll
0x00007ff95b950000 - 0x00007ff95b95a000 	C:\Program Files\Java\jdk-21\bin\jimage.dll
0x00007ff965bc0000 - 0x00007ff965df2000 	C:\WINDOWS\SYSTEM32\DBGHELP.DLL
0x00007ff96a210000 - 0x00007ff96a59f000 	C:\WINDOWS\System32\combase.dll
0x00007ff96a650000 - 0x00007ff96a727000 	C:\WINDOWS\System32\OLEAUT32.dll
0x00007ff949bb0000 - 0x00007ff949be2000 	C:\WINDOWS\SYSTEM32\dbgcore.DLL
0x00007ff968480000 - 0x00007ff9684fb000 	C:\WINDOWS\System32\bcryptPrimitives.dll
0x00007ff95eda0000 - 0x00007ff95edbf000 	C:\Program Files\Java\jdk-21\bin\java.dll
0x00007ff968d60000 - 0x00007ff9695d8000 	C:\WINDOWS\System32\SHELL32.dll
0x00007ff966270000 - 0x00007ff966b78000 	C:\WINDOWS\SYSTEM32\windows.storage.dll
0x00007ff966130000 - 0x00007ff96626f000 	C:\WINDOWS\SYSTEM32\wintypes.dll
0x00007ff96ae60000 - 0x00007ff96af5a000 	C:\WINDOWS\System32\SHCORE.dll
0x00007ff96ae00000 - 0x00007ff96ae5e000 	C:\WINDOWS\System32\shlwapi.dll
0x00007ff968260000 - 0x00007ff96828b000 	C:\WINDOWS\SYSTEM32\profapi.dll
0x00007ff940830000 - 0x00007ff940907000 	C:\Program Files\Java\jdk-21\bin\jsvml.dll
0x00007ff95b1a0000 - 0x00007ff95b1b0000 	C:\Program Files\Java\jdk-21\bin\net.dll
0x00007ff961b00000 - 0x00007ff961c36000 	C:\WINDOWS\SYSTEM32\WINHTTP.dll
0x00007ff9677f0000 - 0x00007ff967859000 	C:\WINDOWS\system32\mswsock.dll
0x00007ff9532c0000 - 0x00007ff9532d6000 	C:\Program Files\Java\jdk-21\bin\nio.dll
0x00007ff9520e0000 - 0x00007ff9520f8000 	C:\Program Files\Java\jdk-21\bin\zip.dll
0x0000000069ac0000 - 0x0000000069ae4000 	C:\Program Files\NetBeans-20\netbeans\java\maven\lib\jansi-native\Windows\x86_64\jansi.dll
0x00007ff95aea0000 - 0x00007ff95aeb0000 	C:\Program Files\Java\jdk-21\bin\verify.dll

dbghelp: loaded successfully - version: 4.0.5 - missing functions: none
symbol engine: initialized successfully - sym options: 0x614 - pdb path: .;C:\Program Files\Java\jdk-21\bin;C:\WINDOWS\SYSTEM32;C:\WINDOWS\WinSxS\amd64_microsoft.windows.common-controls_6595b64144ccf1df_6.0.22621.4541_none_2710d1c57384c085;C:\Program Files\Java\jdk-21\bin\server;C:\Program Files\NetBeans-20\netbeans\java\maven\lib\jansi-native\Windows\x86_64

VM Arguments:
jvm_args: -Dclassworlds.conf=C:\Program Files\NetBeans-20\netbeans\java\maven\bin\m2.conf -Dmaven.home=C:\Program Files\NetBeans-20\netbeans\java\maven -Dlibrary.jansi.path=C:\Program Files\NetBeans-20\netbeans\java\maven\lib\jansi-native -Dmaven.multiModuleProjectDirectory=D:\FILE MEEEEE\SEMESTER 3\PBO\Java_farm\Java_farm 
java_command: org.codehaus.plexus.classworlds.launcher.Launcher -Dexec.vmArgs=--enable-preview -Dexec.args=${exec.vmArgs} -classpath %classpath ${exec.mainClass} ${exec.appArgs} -Dexec.appArgs= -Dexec.mainClass=com.mycompany.java_farm.mainUi -Dexec.executable=C:\Program Files\Java\jdk-21\bin\java.exe -Dmaven.ext.class.path=C:\Program Files\NetBeans-20\netbeans\java\maven-nblib\netbeans-eventspy.jar --no-transfer-progress javafx:run
java_class_path (initial): C:\Program Files\NetBeans-20\netbeans\java\maven\boot\plexus-classworlds-2.7.0.jar
Launcher Type: SUN_STANDARD

[Global flags]
     intx CICompilerCount                          = 3                                         {product} {ergonomic}
     uint ConcGCThreads                            = 1                                         {product} {ergonomic}
     uint G1ConcRefinementThreads                  = 4                                         {product} {ergonomic}
   size_t G1HeapRegionSize                         = 1048576                                   {product} {ergonomic}
    uintx GCDrainStackTargetSize                   = 64                                        {product} {ergonomic}
   size_t InitialHeapSize                          = 65011712                                  {product} {ergonomic}
   size_t MarkStackSize                            = 4194304                                   {product} {ergonomic}
   size_t MaxHeapSize                              = 1021313024                                {product} {ergonomic}
   size_t MaxNewSize                               = 612368384                                 {product} {ergonomic}
   size_t MinHeapDeltaBytes                        = 1048576                                   {product} {ergonomic}
   size_t MinHeapSize                              = 8388608                                   {product} {ergonomic}
    uintx NonNMethodCodeHeapSize                   = 5832780                                {pd product} {ergonomic}
    uintx NonProfiledCodeHeapSize                  = 122912730                              {pd product} {ergonomic}
    uintx ProfiledCodeHeapSize                     = 122912730                              {pd product} {ergonomic}
    uintx ReservedCodeCacheSize                    = 251658240                              {pd product} {ergonomic}
     bool SegmentedCodeCache                       = true                                      {product} {ergonomic}
   size_t SoftMaxHeapSize                          = 1021313024                             {manageable} {ergonomic}
     bool UseCompressedOops                        = true                           {product lp64_product} {ergonomic}
     bool UseG1GC                                  = true                                      {product} {ergonomic}
     bool UseLargePagesIndividualAllocation        = false                                  {pd product} {ergonomic}

Logging:
Log output configuration:
 #0: stdout all=warning uptime,level,tags foldmultilines=false
 #1: stderr all=off uptime,level,tags foldmultilines=false

Environment Variables:
JAVA_HOME=C:\Program Files\Java\jdk-21
PATH=C:\Program Files\Common Files\Oracle\Java\javapath;C:\WINDOWS\system32;C:\WINDOWS;C:\WINDOWS\System32\Wbem;C:\WINDOWS\System32\WindowsPowerShell\v1.0\;C:\WINDOWS\System32\OpenSSH\;C:\MinGW\bin;C:\Program Files\dotnet\;C:\Program Files\MySQL\MySQL Server 8.0\bin;C:\xampp\php;C:\Program Files\MATLAB\R2024b\bin;C:\Program Files\Java\jdk-23\bin;C:\Users\USER\Downloads\apache-ant-1.10.15-bin\bin;C:\Program Files\Java\javafx-sdk-23.0.1\bin;C:\Program Files\NetBeans-20\netbeans\java\maven;C:\Users\USER\Downloads\apache-maven-3.9.9-bin\apache-maven-3.9.9\bin;C:\Program Files\Java\jdk-21\bin;C:\Program Files\Java\javafx-sdk-21.0.5\bin;C:\Program Files\Java\jdk-21\bin;C:\Program Files\MySQL\MySQL Shell 8.0\bin\;C:\Users\USER\AppData\Local\Microsoft\WindowsApps;;C:\Users\USER\Documents\FILE MEEEEE\Microsoft VS Code\bin
USERNAME=USER
OS=Windows_NT
PROCESSOR_IDENTIFIER=Intel64 Family 6 Model 140 Stepping 1, GenuineIntel
TMP=C:\Users\USER\AppData\Local\Temp
TEMP=C:\Users\USER\AppData\Local\Temp




Periodic native trim disabled

---------------  S Y S T E M  ---------------

OS:
 Windows 11 , 64 bit Build 22621 (10.0.22621.4391)
OS uptime: 0 days 12:08 hours

CPU: total 4 (initial active 4) (2 cores per cpu, 2 threads per core) family 6 model 140 stepping 1 microcode 0x9a, cx8, cmov, fxsr, ht, mmx, 3dnowpref, sse, sse2, sse3, ssse3, sse4.1, sse4.2, popcnt, lzcnt, tsc, tscinvbit, avx, avx2, aes, erms, clmul, bmi1, bmi2, adx, avx512f, avx512dq, avx512cd, avx512bw, avx512vl, sha, fma, vzeroupper, avx512_vpopcntdq, avx512_vpclmulqdq, avx512_vaes, avx512_vnni, clflush, clflushopt, clwb, avx512_vbmi2, avx512_vbmi, rdtscp, rdpid, fsrm, gfni, avx512_bitalg, f16c, pku, cet_ibt, cet_ss, avx512_ifma
Processor Information for all 4 processors :
  Max Mhz: 2995, Current Mhz: 2995, Mhz Limit: 2995

Memory: 4k page, system-wide physical 3895M (143M free)
TotalPageFile size 15671M (AvailPageFile size 2M)
current process WorkingSet (physical memory assigned to process): 192M, peak: 193M
current process commit charge ("private bytes"): 215M, peak: 217M

vm_info: Java HotSpot(TM) 64-Bit Server VM (21.0.5+9-LTS-239) for windows-amd64 JRE (21.0.5+9-LTS-239), built on 2024-09-30T05:17:38Z by "mach5one" with MS VC++ 17.6 (VS2022)

END.
