#
# There is insufficient memory for the Java Runtime Environment to continue.
# Native memory allocation (malloc) failed to allocate 848656 bytes for Chunk::new
# Possible reasons:
#   The system is out of physical RAM or swap space
#   The process is running with CompressedOops enabled, and the Java Heap may be blocking the growth of the native heap
# Possible solutions:
#   Reduce memory load on the system
#   Increase physical memory or swap space
#   Check if swap backing store is full
#   Decrease Java heap size (-Xmx/-Xms)
#   Decrease number of Java threads
#   Decrease Java thread stack sizes (-Xss)
#   Set larger code cache with -XX:ReservedCodeCacheSize=
#   JVM is running with Unscaled Compressed Oops mode in which the Java heap is
#     placed in the first 4GB address space. The Java Heap base address is the
#     maximum limit for the native heap growth. Please use -XX:HeapBaseMinAddress
#     to set the Java Heap base and to place the Java Heap above 4GB virtual address.
# This output file may be truncated or incomplete.
#
#  Out of Memory Error (arena.cpp:168), pid=13020, tid=10036
#
# JRE version: Java(TM) SE Runtime Environment (21.0.5+9) (build 21.0.5+9-LTS-239)
# Java VM: Java HotSpot(TM) 64-Bit Server VM (21.0.5+9-LTS-239, mixed mode, sharing, tiered, compressed oops, compressed class ptrs, g1 gc, windows-amd64)
# No core dump will be written. Minidumps are not enabled by default on client versions of Windows
#

---------------  S U M M A R Y ------------

Command Line: --module-path=C:\Users\USER\.m2\repository\org\openjfx\javafx-base\23.0.1\javafx-base-23.0.1-win.jar;C:\Users\USER\.m2\repository\org\openjfx\javafx-base\23.0.1\javafx-base-23.0.1.jar;C:\Users\USER\.m2\repository\org\openjfx\javafx-controls\23.0.1\javafx-controls-23.0.1-win.jar;C:\Users\USER\.m2\repository\org\openjfx\javafx-controls\23.0.1\javafx-controls-23.0.1.jar;C:\Users\USER\.m2\repository\org\openjfx\javafx-fxml\23.0.1\javafx-fxml-23.0.1-win.jar;C:\Users\USER\.m2\repository\org\openjfx\javafx-fxml\23.0.1\javafx-fxml-23.0.1.jar;C:\Users\USER\.m2\repository\org\openjfx\javafx-graphics\23.0.1\javafx-graphics-23.0.1-win.jar;C:\Users\USER\.m2\repository\org\openjfx\javafx-graphics\23.0.1\javafx-graphics-23.0.1.jar --add-modules=javafx.base,javafx.controls,javafx.fxml,javafx.graphics com.mycompany.java_farm.mainUi

Host: 11th Gen Intel(R) Core(TM) i3-1115G4 @ 3.00GHz, 4 cores, 3G,  Windows 11 , 64 bit Build 22621 (10.0.22621.4391)
Time: Sat Dec 14 14:20:06 2024 SE Asia Standard Time elapsed time: 46.954461 seconds (0d 0h 0m 46s)

---------------  T H R E A D  ---------------

Current thread (0x0000020f78947540):  JavaThread "C2 CompilerThread0" daemon [_thread_in_native, id=10036, stack(0x0000006d74800000,0x0000006d74900000) (1024K)]


Current CompileTask:
C2:  46954 5785   !   4       javafx.scene.CssStyleHelper::transitionToState (1050 bytes)

Stack: [0x0000006d74800000,0x0000006d74900000]
Native frames: (J=compiled Java code, j=interpreted, Vv=VM code, C=native code)
V  [jvm.dll+0x6ca289]
V  [jvm.dll+0x854a51]
V  [jvm.dll+0x856f7e]
V  [jvm.dll+0x857653]
V  [jvm.dll+0x27dd26]
V  [jvm.dll+0xc4c2d]
V  [jvm.dll+0xc5163]
V  [jvm.dll+0x2f0ccd]
V  [jvm.dll+0x5f4ffa]
V  [jvm.dll+0x24f882]
V  [jvm.dll+0x247fae]
V  [jvm.dll+0x245de4]
V  [jvm.dll+0x1c6d0e]
V  [jvm.dll+0x2554d9]
V  [jvm.dll+0x253a6a]
V  [jvm.dll+0x3ee136]
V  [jvm.dll+0x7fee9b]
V  [jvm.dll+0x6c896d]
C  [ucrtbase.dll+0x29333]
C  [KERNEL32.DLL+0x1259d]
C  [ntdll.dll+0x5af38]


---------------  P R O C E S S  ---------------

Threads class SMR info:
_java_thread_list=0x0000020f7d444930, length=19, elements={
0x0000020f6abd2940, 0x0000020f7890e440, 0x0000020f7890f5f0, 0x0000020f78913de0,
0x0000020f78916bb0, 0x0000020f78918040, 0x0000020f7893c150, 0x0000020f78947540,
0x0000020f78949f80, 0x0000020f6ae76b50, 0x0000020f78d2a9b0, 0x0000020f7d1b62e0,
0x0000020f7d477630, 0x0000020f7d470740, 0x0000020f7d6ec240, 0x0000020f7d742340,
0x0000020f5459d780, 0x0000020f548a6a70, 0x0000020f548a7e20
}

Java Threads: ( => current thread )
  0x0000020f6abd2940 JavaThread "main"                              [_thread_blocked, id=18224, stack(0x0000006d73a00000,0x0000006d73b00000) (1024K)]
  0x0000020f7890e440 JavaThread "Reference Handler"          daemon [_thread_blocked, id=17916, stack(0x0000006d74200000,0x0000006d74300000) (1024K)]
  0x0000020f7890f5f0 JavaThread "Finalizer"                  daemon [_thread_blocked, id=16956, stack(0x0000006d74300000,0x0000006d74400000) (1024K)]
  0x0000020f78913de0 JavaThread "Signal Dispatcher"          daemon [_thread_blocked, id=4332, stack(0x0000006d74400000,0x0000006d74500000) (1024K)]
  0x0000020f78916bb0 JavaThread "Attach Listener"            daemon [_thread_blocked, id=16796, stack(0x0000006d74500000,0x0000006d74600000) (1024K)]
  0x0000020f78918040 JavaThread "Service Thread"             daemon [_thread_blocked, id=16204, stack(0x0000006d74600000,0x0000006d74700000) (1024K)]
  0x0000020f7893c150 JavaThread "Monitor Deflation Thread"   daemon [_thread_blocked, id=18296, stack(0x0000006d74700000,0x0000006d74800000) (1024K)]
=>0x0000020f78947540 JavaThread "C2 CompilerThread0"         daemon [_thread_in_native, id=10036, stack(0x0000006d74800000,0x0000006d74900000) (1024K)]
  0x0000020f78949f80 JavaThread "C1 CompilerThread0"         daemon [_thread_blocked, id=16596, stack(0x0000006d74900000,0x0000006d74a00000) (1024K)]
  0x0000020f6ae76b50 JavaThread "Common-Cleaner"             daemon [_thread_blocked, id=4992, stack(0x0000006d74a00000,0x0000006d74b00000) (1024K)]
  0x0000020f78d2a9b0 JavaThread "Notification Thread"        daemon [_thread_blocked, id=18408, stack(0x0000006d74b00000,0x0000006d74c00000) (1024K)]
  0x0000020f7d1b62e0 JavaThread "QuantumRenderer-0"          daemon [_thread_blocked, id=14956, stack(0x0000006d74f00000,0x0000006d75000000) (1024K)]
  0x0000020f7d477630 JavaThread "InvokeLaterDispatcher"      daemon [_thread_blocked, id=17432, stack(0x0000006d75000000,0x0000006d75100000) (1024K)]
  0x0000020f7d470740 JavaThread "JavaFX Application Thread"         [_thread_in_vm, id=4100, stack(0x0000006d75100000,0x0000006d75200000) (1024K)]
  0x0000020f7d6ec240 JavaThread "JavaFX-Launcher"                   [_thread_blocked, id=11680, stack(0x0000006d75600000,0x0000006d75700000) (1024K)]
  0x0000020f7d742340 JavaThread "Thread-2"                   daemon [_thread_in_native, id=5460, stack(0x0000006d75500000,0x0000006d75600000) (1024K)]
  0x0000020f5459d780 JavaThread "Prism Font Disposer"        daemon [_thread_blocked, id=7292, stack(0x0000006d75700000,0x0000006d75800000) (1024K)]
  0x0000020f548a6a70 JavaThread "Cleaner-0"                  daemon [_thread_blocked, id=16308, stack(0x0000006d75f00000,0x0000006d76000000) (1024K)]
  0x0000020f548a7e20 JavaThread "mysql-cj-abandoned-connection-cleanup" daemon [_thread_blocked, id=18164, stack(0x0000006d75b00000,0x0000006d75c00000) (1024K)]
Total: 19

Other Threads:
  0x0000020f6ae87050 VMThread "VM Thread"                           [id=12016, stack(0x0000006d74100000,0x0000006d74200000) (1024K)]
  0x0000020f788fd7f0 WatcherThread "VM Periodic Task Thread"        [id=18304, stack(0x0000006d74000000,0x0000006d74100000) (1024K)]
  0x0000020f6ae02080 WorkerThread "GC Thread#0"                     [id=2564, stack(0x0000006d73b00000,0x0000006d73c00000) (1024K)]
  0x0000020f7d171d30 WorkerThread "GC Thread#1"                     [id=17084, stack(0x0000006d74c00000,0x0000006d74d00000) (1024K)]
  0x0000020f7d043150 WorkerThread "GC Thread#2"                     [id=9256, stack(0x0000006d74d00000,0x0000006d74e00000) (1024K)]
  0x0000020f78dbd1d0 WorkerThread "GC Thread#3"                     [id=3812, stack(0x0000006d74e00000,0x0000006d74f00000) (1024K)]
  0x0000020f6ae0b230 ConcurrentGCThread "G1 Main Marker"            [id=14992, stack(0x0000006d73c00000,0x0000006d73d00000) (1024K)]
  0x0000020f6ae0bd30 WorkerThread "G1 Conc#0"                       [id=2872, stack(0x0000006d73d00000,0x0000006d73e00000) (1024K)]
  0x0000020f6ae63ce0 ConcurrentGCThread "G1 Refine#0"               [id=11896, stack(0x0000006d73e00000,0x0000006d73f00000) (1024K)]
  0x0000020f6ae64850 ConcurrentGCThread "G1 Service"                [id=17772, stack(0x0000006d73f00000,0x0000006d74000000) (1024K)]
Total: 10

Threads with active compile tasks:
C2 CompilerThread0    46986 5785   !   4       javafx.scene.CssStyleHelper::transitionToState (1050 bytes)
Total: 1

VM state: not at safepoint (normal execution)

VM Mutex/Monitor currently owned by a thread:  ([mutex/lock_event])
[0x00007ff9015cbf98] Heap_lock - owner thread: 0x0000020f7d470740

Heap address: 0x00000000c3200000, size: 974 MB, Compressed Oops mode: 32-bit

CDS archive(s) mapped at: [0x0000020f0f000000-0x0000020f0fc90000-0x0000020f0fc90000), size 13172736, SharedBaseAddress: 0x0000020f0f000000, ArchiveRelocationMode: 1.
Compressed class space mapped at: 0x0000020f10000000-0x0000020f50000000, reserved size: 1073741824
Narrow klass base: 0x0000020f0f000000, Narrow klass shift: 0, Narrow klass range: 0x100000000

GC Precious Log:
 CardTable entry size: 512
 Card Set container configuration: InlinePtr #cards 5 size 8 Array Of Cards #cards 12 size 40 Howl #buckets 4 coarsen threshold 1843 Howl Bitmap #cards 512 size 80 coarsen threshold 460 Card regions per heap region 1 cards per card region 2048
 CPUs: 4 total, 4 available
 Memory: 3895M
 Large Page Support: Disabled
 NUMA Support: Disabled
 Compressed Oops: Enabled (32-bit)
 Heap Region Size: 1M
 Heap Min Capacity: 8M
 Heap Initial Capacity: 62M
 Heap Max Capacity: 974M
 Pre-touch: Disabled
 Parallel Workers: 4
 Concurrent Workers: 1
 Concurrent Refinement Workers: 4
 Periodic GC: Disabled

Heap:
 garbage-first heap   total 135168K, used 127843K [0x00000000c3200000, 0x0000000100000000)
  region size 1024K, 10 young (10240K), 1 survivors (1024K)
 Metaspace       used 23261K, committed 23616K, reserved 1114112K
  class space    used 3161K, committed 3328K, reserved 1048576K

Heap Regions: E=young(eden), S=young(survivor), O=old, HS=humongous(starts), HC=humongous(continues), CS=collection set, F=free, TAMS=top-at-mark-start, PB=parsable bottom
|   0|0x00000000c3200000, 0x00000000c3300000, 0x00000000c3300000|100%| O|  |TAMS 0x00000000c3200000| PB 0x00000000c3200000| Untracked 
|   1|0x00000000c3300000, 0x00000000c3400000, 0x00000000c3400000|100%| O|  |TAMS 0x00000000c3300000| PB 0x00000000c3300000| Untracked 
|   2|0x00000000c3400000, 0x00000000c3500000, 0x00000000c3500000|100%| O|  |TAMS 0x00000000c3400000| PB 0x00000000c3400000| Untracked 
|   3|0x00000000c3500000, 0x00000000c3600000, 0x00000000c3600000|100%| O|  |TAMS 0x00000000c3500000| PB 0x00000000c3500000| Untracked 
|   4|0x00000000c3600000, 0x00000000c3700000, 0x00000000c3700000|100%| O|  |TAMS 0x00000000c3600000| PB 0x00000000c3600000| Untracked 
|   5|0x00000000c3700000, 0x00000000c3800000, 0x00000000c3800000|100%| O|Cm|TAMS 0x00000000c3700000| PB 0x00000000c3700000| Complete 
|   6|0x00000000c3800000, 0x00000000c3900000, 0x00000000c3900000|100%| O|  |TAMS 0x00000000c3800000| PB 0x00000000c3800000| Untracked 
|   7|0x00000000c3900000, 0x00000000c3a00000, 0x00000000c3a00000|100%| O|  |TAMS 0x00000000c3900000| PB 0x00000000c3900000| Untracked 
|   8|0x00000000c3a00000, 0x00000000c3b00000, 0x00000000c3b00000|100%| O|  |TAMS 0x00000000c3a00000| PB 0x00000000c3a00000| Untracked 
|   9|0x00000000c3b00000, 0x00000000c3c00000, 0x00000000c3c00000|100%|HS|  |TAMS 0x00000000c3b00000| PB 0x00000000c3b00000| Complete 
|  10|0x00000000c3c00000, 0x00000000c3d00000, 0x00000000c3d00000|100%|HC|  |TAMS 0x00000000c3c00000| PB 0x00000000c3c00000| Complete 
|  11|0x00000000c3d00000, 0x00000000c3e00000, 0x00000000c3e00000|100%|HS|  |TAMS 0x00000000c3d00000| PB 0x00000000c3d00000| Complete 
|  12|0x00000000c3e00000, 0x00000000c3f00000, 0x00000000c3f00000|100%|HC|  |TAMS 0x00000000c3e00000| PB 0x00000000c3e00000| Complete 
|  13|0x00000000c3f00000, 0x00000000c4000000, 0x00000000c4000000|100%|HS|  |TAMS 0x00000000c3f00000| PB 0x00000000c3f00000| Complete 
|  14|0x00000000c4000000, 0x00000000c4100000, 0x00000000c4100000|100%|HC|  |TAMS 0x00000000c4000000| PB 0x00000000c4000000| Complete 
|  15|0x00000000c4100000, 0x00000000c4200000, 0x00000000c4200000|100%|HC|  |TAMS 0x00000000c4100000| PB 0x00000000c4100000| Complete 
|  16|0x00000000c4200000, 0x00000000c4300000, 0x00000000c4300000|100%|HC|  |TAMS 0x00000000c4200000| PB 0x00000000c4200000| Complete 
|  17|0x00000000c4300000, 0x00000000c4400000, 0x00000000c4400000|100%| O|  |TAMS 0x00000000c4300000| PB 0x00000000c4300000| Untracked 
|  18|0x00000000c4400000, 0x00000000c4500000, 0x00000000c4500000|100%| O|  |TAMS 0x00000000c4400000| PB 0x00000000c4400000| Untracked 
|  19|0x00000000c4500000, 0x00000000c4600000, 0x00000000c4600000|100%| O|  |TAMS 0x00000000c4500000| PB 0x00000000c4500000| Untracked 
|  20|0x00000000c4600000, 0x00000000c4700000, 0x00000000c4700000|100%|HS|  |TAMS 0x00000000c4600000| PB 0x00000000c4600000| Complete 
|  21|0x00000000c4700000, 0x00000000c4800000, 0x00000000c4800000|100%|HC|  |TAMS 0x00000000c4700000| PB 0x00000000c4700000| Complete 
|  22|0x00000000c4800000, 0x00000000c4900000, 0x00000000c4900000|100%|HS|  |TAMS 0x00000000c4800000| PB 0x00000000c4800000| Complete 
|  23|0x00000000c4900000, 0x00000000c4a00000, 0x00000000c4a00000|100%|HC|  |TAMS 0x00000000c4900000| PB 0x00000000c4900000| Complete 
|  24|0x00000000c4a00000, 0x00000000c4b00000, 0x00000000c4b00000|100%|HC|  |TAMS 0x00000000c4a00000| PB 0x00000000c4a00000| Complete 
|  25|0x00000000c4b00000, 0x00000000c4c00000, 0x00000000c4c00000|100%|HC|  |TAMS 0x00000000c4b00000| PB 0x00000000c4b00000| Complete 
|  26|0x00000000c4c00000, 0x00000000c4d00000, 0x00000000c4d00000|100%|HS|  |TAMS 0x00000000c4c00000| PB 0x00000000c4c00000| Complete 
|  27|0x00000000c4d00000, 0x00000000c4e00000, 0x00000000c4e00000|100%|HC|  |TAMS 0x00000000c4d00000| PB 0x00000000c4d00000| Complete 
|  28|0x00000000c4e00000, 0x00000000c4f00000, 0x00000000c4f00000|100%|HS|  |TAMS 0x00000000c4e00000| PB 0x00000000c4e00000| Complete 
|  29|0x00000000c4f00000, 0x00000000c5000000, 0x00000000c5000000|100%|HC|  |TAMS 0x00000000c4f00000| PB 0x00000000c4f00000| Complete 
|  30|0x00000000c5000000, 0x00000000c5100000, 0x00000000c5100000|100%|HS|  |TAMS 0x00000000c5000000| PB 0x00000000c5000000| Complete 
|  31|0x00000000c5100000, 0x00000000c5200000, 0x00000000c5200000|100%|HC|  |TAMS 0x00000000c5100000| PB 0x00000000c5100000| Complete 
|  32|0x00000000c5200000, 0x00000000c5300000, 0x00000000c5300000|100%|HS|  |TAMS 0x00000000c5200000| PB 0x00000000c5200000| Complete 
|  33|0x00000000c5300000, 0x00000000c5400000, 0x00000000c5400000|100%|HC|  |TAMS 0x00000000c5300000| PB 0x00000000c5300000| Complete 
|  34|0x00000000c5400000, 0x00000000c5500000, 0x00000000c5500000|100%|HS|  |TAMS 0x00000000c5400000| PB 0x00000000c5400000| Complete 
|  35|0x00000000c5500000, 0x00000000c5600000, 0x00000000c5600000|100%|HC|  |TAMS 0x00000000c5500000| PB 0x00000000c5500000| Complete 
|  36|0x00000000c5600000, 0x00000000c5700000, 0x00000000c5700000|100%|HS|  |TAMS 0x00000000c5600000| PB 0x00000000c5600000| Complete 
|  37|0x00000000c5700000, 0x00000000c5800000, 0x00000000c5800000|100%|HC|  |TAMS 0x00000000c5700000| PB 0x00000000c5700000| Complete 
|  38|0x00000000c5800000, 0x00000000c5900000, 0x00000000c5900000|100%|HS|  |TAMS 0x00000000c5800000| PB 0x00000000c5800000| Complete 
|  39|0x00000000c5900000, 0x00000000c5a00000, 0x00000000c5a00000|100%|HC|  |TAMS 0x00000000c5900000| PB 0x00000000c5900000| Complete 
|  40|0x00000000c5a00000, 0x00000000c5b00000, 0x00000000c5b00000|100%|HS|  |TAMS 0x00000000c5a00000| PB 0x00000000c5a00000| Complete 
|  41|0x00000000c5b00000, 0x00000000c5c00000, 0x00000000c5c00000|100%|HC|  |TAMS 0x00000000c5b00000| PB 0x00000000c5b00000| Complete 
|  42|0x00000000c5c00000, 0x00000000c5d00000, 0x00000000c5d00000|100%|HS|  |TAMS 0x00000000c5c00000| PB 0x00000000c5c00000| Complete 
|  43|0x00000000c5d00000, 0x00000000c5e00000, 0x00000000c5e00000|100%|HC|  |TAMS 0x00000000c5d00000| PB 0x00000000c5d00000| Complete 
|  44|0x00000000c5e00000, 0x00000000c5f00000, 0x00000000c5f00000|100%|HS|  |TAMS 0x00000000c5e00000| PB 0x00000000c5e00000| Complete 
|  45|0x00000000c5f00000, 0x00000000c6000000, 0x00000000c6000000|100%|HC|  |TAMS 0x00000000c5f00000| PB 0x00000000c5f00000| Complete 
|  46|0x00000000c6000000, 0x00000000c6100000, 0x00000000c6100000|100%|HC|  |TAMS 0x00000000c6000000| PB 0x00000000c6000000| Complete 
|  47|0x00000000c6100000, 0x00000000c6200000, 0x00000000c6200000|100%|HC|  |TAMS 0x00000000c6100000| PB 0x00000000c6100000| Complete 
|  48|0x00000000c6200000, 0x00000000c6300000, 0x00000000c6300000|100%|HS|  |TAMS 0x00000000c6200000| PB 0x00000000c6200000| Complete 
|  49|0x00000000c6300000, 0x00000000c6400000, 0x00000000c6400000|100%|HC|  |TAMS 0x00000000c6300000| PB 0x00000000c6300000| Complete 
|  50|0x00000000c6400000, 0x00000000c6500000, 0x00000000c6500000|100%|HS|  |TAMS 0x00000000c6400000| PB 0x00000000c6400000| Complete 
|  51|0x00000000c6500000, 0x00000000c6600000, 0x00000000c6600000|100%|HC|  |TAMS 0x00000000c6500000| PB 0x00000000c6500000| Complete 
|  52|0x00000000c6600000, 0x00000000c6700000, 0x00000000c6700000|100%|HS|  |TAMS 0x00000000c6600000| PB 0x00000000c6600000| Complete 
|  53|0x00000000c6700000, 0x00000000c6800000, 0x00000000c6800000|100%|HC|  |TAMS 0x00000000c6700000| PB 0x00000000c6700000| Complete 
|  54|0x00000000c6800000, 0x00000000c6900000, 0x00000000c6900000|100%|HS|  |TAMS 0x00000000c6800000| PB 0x00000000c6800000| Complete 
|  55|0x00000000c6900000, 0x00000000c6a00000, 0x00000000c6a00000|100%|HC|  |TAMS 0x00000000c6900000| PB 0x00000000c6900000| Complete 
|  56|0x00000000c6a00000, 0x00000000c6b00000, 0x00000000c6b00000|100%|HS|  |TAMS 0x00000000c6a00000| PB 0x00000000c6a00000| Complete 
|  57|0x00000000c6b00000, 0x00000000c6c00000, 0x00000000c6c00000|100%|HC|  |TAMS 0x00000000c6b00000| PB 0x00000000c6b00000| Complete 
|  58|0x00000000c6c00000, 0x00000000c6d00000, 0x00000000c6d00000|100%|HS|  |TAMS 0x00000000c6c00000| PB 0x00000000c6c00000| Complete 
|  59|0x00000000c6d00000, 0x00000000c6e00000, 0x00000000c6e00000|100%|HC|  |TAMS 0x00000000c6d00000| PB 0x00000000c6d00000| Complete 
|  60|0x00000000c6e00000, 0x00000000c6e44778, 0x00000000c6f00000| 26%| O|  |TAMS 0x00000000c6e00000| PB 0x00000000c6e00000| Untracked 
|  61|0x00000000c6f00000, 0x00000000c6f00000, 0x00000000c7000000|  0%| F|  |TAMS 0x00000000c6f00000| PB 0x00000000c6f00000| Untracked 
|  62|0x00000000c7000000, 0x00000000c7100000, 0x00000000c7100000|100%|HS|  |TAMS 0x00000000c7000000| PB 0x00000000c7000000| Complete 
|  63|0x00000000c7100000, 0x00000000c7200000, 0x00000000c7200000|100%|HC|  |TAMS 0x00000000c7100000| PB 0x00000000c7100000| Complete 
|  64|0x00000000c7200000, 0x00000000c7300000, 0x00000000c7300000|100%|HS|  |TAMS 0x00000000c7200000| PB 0x00000000c7200000| Complete 
|  65|0x00000000c7300000, 0x00000000c7400000, 0x00000000c7400000|100%|HC|  |TAMS 0x00000000c7300000| PB 0x00000000c7300000| Complete 
|  66|0x00000000c7400000, 0x00000000c7500000, 0x00000000c7500000|100%|HC|  |TAMS 0x00000000c7400000| PB 0x00000000c7400000| Complete 
|  67|0x00000000c7500000, 0x00000000c7600000, 0x00000000c7600000|100%|HC|  |TAMS 0x00000000c7500000| PB 0x00000000c7500000| Complete 
|  68|0x00000000c7600000, 0x00000000c7700000, 0x00000000c7700000|100%|HS|  |TAMS 0x00000000c7600000| PB 0x00000000c7600000| Complete 
|  69|0x00000000c7700000, 0x00000000c7800000, 0x00000000c7800000|100%|HC|  |TAMS 0x00000000c7700000| PB 0x00000000c7700000| Complete 
|  70|0x00000000c7800000, 0x00000000c7900000, 0x00000000c7900000|100%|HS|  |TAMS 0x00000000c7800000| PB 0x00000000c7800000| Complete 
|  71|0x00000000c7900000, 0x00000000c7a00000, 0x00000000c7a00000|100%|HC|  |TAMS 0x00000000c7900000| PB 0x00000000c7900000| Complete 
|  72|0x00000000c7a00000, 0x00000000c7b00000, 0x00000000c7b00000|100%|HS|  |TAMS 0x00000000c7a00000| PB 0x00000000c7a00000| Complete 
|  73|0x00000000c7b00000, 0x00000000c7c00000, 0x00000000c7c00000|100%|HC|  |TAMS 0x00000000c7b00000| PB 0x00000000c7b00000| Complete 
|  74|0x00000000c7c00000, 0x00000000c7d00000, 0x00000000c7d00000|100%|HS|  |TAMS 0x00000000c7c00000| PB 0x00000000c7c00000| Complete 
|  75|0x00000000c7d00000, 0x00000000c7e00000, 0x00000000c7e00000|100%|HC|  |TAMS 0x00000000c7d00000| PB 0x00000000c7d00000| Complete 
|  76|0x00000000c7e00000, 0x00000000c7f00000, 0x00000000c7f00000|100%|HS|  |TAMS 0x00000000c7e00000| PB 0x00000000c7e00000| Complete 
|  77|0x00000000c7f00000, 0x00000000c8000000, 0x00000000c8000000|100%|HC|  |TAMS 0x00000000c7f00000| PB 0x00000000c7f00000| Complete 
|  78|0x00000000c8000000, 0x00000000c8100000, 0x00000000c8100000|100%|HS|  |TAMS 0x00000000c8000000| PB 0x00000000c8000000| Complete 
|  79|0x00000000c8100000, 0x00000000c8200000, 0x00000000c8200000|100%|HC|  |TAMS 0x00000000c8100000| PB 0x00000000c8100000| Complete 
|  80|0x00000000c8200000, 0x00000000c8300000, 0x00000000c8300000|100%|HS|  |TAMS 0x00000000c8200000| PB 0x00000000c8200000| Complete 
|  81|0x00000000c8300000, 0x00000000c8400000, 0x00000000c8400000|100%|HC|  |TAMS 0x00000000c8300000| PB 0x00000000c8300000| Complete 
|  82|0x00000000c8400000, 0x00000000c8400000, 0x00000000c8500000|  0%| F|  |TAMS 0x00000000c8400000| PB 0x00000000c8400000| Untracked 
|  83|0x00000000c8500000, 0x00000000c8600000, 0x00000000c8600000|100%|HS|  |TAMS 0x00000000c8500000| PB 0x00000000c8500000| Complete 
|  84|0x00000000c8600000, 0x00000000c8700000, 0x00000000c8700000|100%|HC|  |TAMS 0x00000000c8600000| PB 0x00000000c8600000| Complete 
|  85|0x00000000c8700000, 0x00000000c8800000, 0x00000000c8800000|100%|HS|  |TAMS 0x00000000c8700000| PB 0x00000000c8700000| Complete 
|  86|0x00000000c8800000, 0x00000000c8900000, 0x00000000c8900000|100%|HC|  |TAMS 0x00000000c8800000| PB 0x00000000c8800000| Complete 
|  87|0x00000000c8900000, 0x00000000c8a00000, 0x00000000c8a00000|100%|HS|  |TAMS 0x00000000c8900000| PB 0x00000000c8900000| Complete 
|  88|0x00000000c8a00000, 0x00000000c8b00000, 0x00000000c8b00000|100%|HC|  |TAMS 0x00000000c8a00000| PB 0x00000000c8a00000| Complete 
|  89|0x00000000c8b00000, 0x00000000c8b00000, 0x00000000c8c00000|  0%| F|  |TAMS 0x00000000c8b00000| PB 0x00000000c8b00000| Untracked 
|  90|0x00000000c8c00000, 0x00000000c8d00000, 0x00000000c8d00000|100%|HS|  |TAMS 0x00000000c8c00000| PB 0x00000000c8c00000| Complete 
|  91|0x00000000c8d00000, 0x00000000c8e00000, 0x00000000c8e00000|100%|HC|  |TAMS 0x00000000c8d00000| PB 0x00000000c8d00000| Complete 
|  92|0x00000000c8e00000, 0x00000000c8f00000, 0x00000000c8f00000|100%|HS|  |TAMS 0x00000000c8e00000| PB 0x00000000c8e00000| Complete 
|  93|0x00000000c8f00000, 0x00000000c9000000, 0x00000000c9000000|100%|HC|  |TAMS 0x00000000c8f00000| PB 0x00000000c8f00000| Complete 
|  94|0x00000000c9000000, 0x00000000c9100000, 0x00000000c9100000|100%|HS|  |TAMS 0x00000000c9000000| PB 0x00000000c9000000| Complete 
|  95|0x00000000c9100000, 0x00000000c9200000, 0x00000000c9200000|100%|HC|  |TAMS 0x00000000c9100000| PB 0x00000000c9100000| Complete 
|  96|0x00000000c9200000, 0x00000000c9300000, 0x00000000c9300000|100%|HS|  |TAMS 0x00000000c9200000| PB 0x00000000c9200000| Complete 
|  97|0x00000000c9300000, 0x00000000c9400000, 0x00000000c9400000|100%|HC|  |TAMS 0x00000000c9300000| PB 0x00000000c9300000| Complete 
|  98|0x00000000c9400000, 0x00000000c9500000, 0x00000000c9500000|100%|HS|  |TAMS 0x00000000c9400000| PB 0x00000000c9400000| Complete 
|  99|0x00000000c9500000, 0x00000000c9600000, 0x00000000c9600000|100%|HC|  |TAMS 0x00000000c9500000| PB 0x00000000c9500000| Complete 
| 100|0x00000000c9600000, 0x00000000c9700000, 0x00000000c9700000|100%|HS|  |TAMS 0x00000000c9600000| PB 0x00000000c9600000| Complete 
| 101|0x00000000c9700000, 0x00000000c9800000, 0x00000000c9800000|100%|HC|  |TAMS 0x00000000c9700000| PB 0x00000000c9700000| Complete 
| 102|0x00000000c9800000, 0x00000000c9900000, 0x00000000c9900000|100%|HS|  |TAMS 0x00000000c9800000| PB 0x00000000c9800000| Complete 
| 103|0x00000000c9900000, 0x00000000c9a00000, 0x00000000c9a00000|100%|HC|  |TAMS 0x00000000c9900000| PB 0x00000000c9900000| Complete 
| 104|0x00000000c9a00000, 0x00000000c9b00000, 0x00000000c9b00000|100%|HS|  |TAMS 0x00000000c9a00000| PB 0x00000000c9a00000| Complete 
| 105|0x00000000c9b00000, 0x00000000c9c00000, 0x00000000c9c00000|100%|HC|  |TAMS 0x00000000c9b00000| PB 0x00000000c9b00000| Complete 
| 106|0x00000000c9c00000, 0x00000000c9d00000, 0x00000000c9d00000|100%|HS|  |TAMS 0x00000000c9c00000| PB 0x00000000c9c00000| Complete 
| 107|0x00000000c9d00000, 0x00000000c9e00000, 0x00000000c9e00000|100%|HC|  |TAMS 0x00000000c9d00000| PB 0x00000000c9d00000| Complete 
| 108|0x00000000c9e00000, 0x00000000c9f00000, 0x00000000c9f00000|100%|HS|  |TAMS 0x00000000c9e00000| PB 0x00000000c9e00000| Complete 
| 109|0x00000000c9f00000, 0x00000000ca000000, 0x00000000ca000000|100%|HC|  |TAMS 0x00000000c9f00000| PB 0x00000000c9f00000| Complete 
| 110|0x00000000ca000000, 0x00000000ca100000, 0x00000000ca100000|100%|HS|  |TAMS 0x00000000ca000000| PB 0x00000000ca000000| Complete 
| 111|0x00000000ca100000, 0x00000000ca200000, 0x00000000ca200000|100%|HC|  |TAMS 0x00000000ca100000| PB 0x00000000ca100000| Complete 
| 112|0x00000000ca200000, 0x00000000ca300000, 0x00000000ca300000|100%|HS|  |TAMS 0x00000000ca200000| PB 0x00000000ca200000| Complete 
| 113|0x00000000ca300000, 0x00000000ca400000, 0x00000000ca400000|100%|HC|  |TAMS 0x00000000ca300000| PB 0x00000000ca300000| Complete 
| 114|0x00000000ca400000, 0x00000000ca500000, 0x00000000ca500000|100%|HC|  |TAMS 0x00000000ca400000| PB 0x00000000ca400000| Complete 
| 115|0x00000000ca500000, 0x00000000ca600000, 0x00000000ca600000|100%|HC|  |TAMS 0x00000000ca500000| PB 0x00000000ca500000| Complete 
| 116|0x00000000ca600000, 0x00000000ca700000, 0x00000000ca700000|100%|HS|  |TAMS 0x00000000ca600000| PB 0x00000000ca600000| Complete 
| 117|0x00000000ca700000, 0x00000000ca800000, 0x00000000ca800000|100%|HC|  |TAMS 0x00000000ca700000| PB 0x00000000ca700000| Complete 
| 118|0x00000000ca800000, 0x00000000ca800000, 0x00000000ca900000|  0%| F|  |TAMS 0x00000000ca800000| PB 0x00000000ca800000| Untracked 
| 119|0x00000000ca900000, 0x00000000ca94b8b0, 0x00000000caa00000| 29%| E|  |TAMS 0x00000000ca900000| PB 0x00000000ca900000| Complete 
| 120|0x00000000caa00000, 0x00000000cab00000, 0x00000000cab00000|100%| E|CS|TAMS 0x00000000caa00000| PB 0x00000000caa00000| Complete 
| 121|0x00000000cab00000, 0x00000000cac00000, 0x00000000cac00000|100%| E|CS|TAMS 0x00000000cab00000| PB 0x00000000cab00000| Complete 
| 122|0x00000000cac00000, 0x00000000cad00000, 0x00000000cad00000|100%| E|  |TAMS 0x00000000cac00000| PB 0x00000000cac00000| Complete 
| 123|0x00000000cad00000, 0x00000000cae00000, 0x00000000cae00000|100%| E|CS|TAMS 0x00000000cad00000| PB 0x00000000cad00000| Complete 
| 124|0x00000000cae00000, 0x00000000caf00000, 0x00000000caf00000|100%| E|CS|TAMS 0x00000000cae00000| PB 0x00000000cae00000| Complete 
| 125|0x00000000caf00000, 0x00000000cb000000, 0x00000000cb000000|100%| E|CS|TAMS 0x00000000caf00000| PB 0x00000000caf00000| Complete 
| 126|0x00000000cb000000, 0x00000000cb094780, 0x00000000cb100000| 57%| S|CS|TAMS 0x00000000cb000000| PB 0x00000000cb000000| Complete 
| 127|0x00000000cb100000, 0x00000000cb200000, 0x00000000cb200000|100%| E|CS|TAMS 0x00000000cb100000| PB 0x00000000cb100000| Complete 
| 128|0x00000000cb200000, 0x00000000cb300000, 0x00000000cb300000|100%| E|CS|TAMS 0x00000000cb200000| PB 0x00000000cb200000| Complete 
| 971|0x00000000ffd00000, 0x00000000ffe00000, 0x00000000ffe00000|100%| O|  |TAMS 0x00000000ffd00000| PB 0x00000000ffd00000| Untracked 
| 972|0x00000000ffe00000, 0x00000000fff00000, 0x00000000fff00000|100%| O|  |TAMS 0x00000000ffe00000| PB 0x00000000ffe00000| Untracked 
| 973|0x00000000fff00000, 0x0000000100000000, 0x0000000100000000|100%| O|  |TAMS 0x00000000fff00000| PB 0x00000000fff00000| Untracked 

Card table byte_map: [0x0000020f75240000,0x0000020f75430000] _byte_map_base: 0x0000020f74c27000

Marking Bits: (CMBitMap*) 0x0000020f6ae02780
 Bits: [0x0000020f75430000, 0x0000020f76368000)

Polling page: 0x0000020f74a00000

Metaspace:

Usage:
  Non-class:     19.63 MB used.
      Class:      3.09 MB used.
       Both:     22.72 MB used.

Virtual space:
  Non-class space:       64.00 MB reserved,      19.81 MB ( 31%) committed,  1 nodes.
      Class space:        1.00 GB reserved,       3.25 MB ( <1%) committed,  1 nodes.
             Both:        1.06 GB reserved,      23.06 MB (  2%) committed. 

Chunk freelists:
   Non-Class:  11.59 MB
       Class:  12.77 MB
        Both:  24.36 MB

MaxMetaspaceSize: unlimited
CompressedClassSpaceSize: 1.00 GB
Initial GC threshold: 21.00 MB
Current GC threshold: 37.62 MB
CDS: on
 - commit_granule_bytes: 65536.
 - commit_granule_words: 8192.
 - virtual_space_node_default_size: 8388608.
 - enlarge_chunks_in_place: 1.
 - use_allocation_guard: 0.


Internal statistics:

num_allocs_failed_limit: 3.
num_arena_births: 418.
num_arena_deaths: 0.
num_vsnodes_births: 2.
num_vsnodes_deaths: 0.
num_space_committed: 369.
num_space_uncommitted: 0.
num_chunks_returned_to_freelist: 3.
num_chunks_taken_from_freelist: 1214.
num_chunk_merges: 3.
num_chunk_splits: 839.
num_chunks_enlarged: 623.
num_inconsistent_stats: 0.

CodeHeap 'non-profiled nmethods': size=120000Kb used=2578Kb max_used=2639Kb free=117421Kb
 bounds [0x0000020f07ad0000, 0x0000020f07d70000, 0x0000020f0f000000]
CodeHeap 'profiled nmethods': size=120000Kb used=10120Kb max_used=10833Kb free=109879Kb
 bounds [0x0000020f00000000, 0x0000020f00aa0000, 0x0000020f07530000]
CodeHeap 'non-nmethods': size=5760Kb used=2154Kb max_used=2179Kb free=3605Kb
 bounds [0x0000020f07530000, 0x0000020f077a0000, 0x0000020f07ad0000]
 total_blobs=6119 nmethods=5230 adapters=792
 compilation: enabled
              stopped_count=0, restarted_count=0
 full_count=0

Compilation events (20 events):
Event: 46.927 Thread 0x0000020f78949f80 5793       1       com.sun.javafx.beans.event.AbstractNotifyListener::getWeakListener (5 bytes)
Event: 46.927 Thread 0x0000020f78949f80 nmethod 5793 0x0000020f07b0cd10 code [0x0000020f07b0cea0, 0x0000020f07b0cf68]
Event: 46.927 Thread 0x0000020f78949f80 5794       3       com.sun.scenario.effect.EffectHelper::effectDirtyProperty (10 bytes)
Event: 46.927 Thread 0x0000020f78949f80 nmethod 5794 0x0000020f003dd010 code [0x0000020f003dd1c0, 0x0000020f003dd388]
Event: 46.927 Thread 0x0000020f78949f80 5795       3       javafx.scene.effect.Effect$1::effectDirtyProperty (5 bytes)
Event: 46.927 Thread 0x0000020f78949f80 nmethod 5795 0x0000020f0008de90 code [0x0000020f0008e020, 0x0000020f0008e150]
Event: 46.927 Thread 0x0000020f78949f80 5798       3       javafx.collections.FXCollections$UnmodifiableObservableSet::contains (11 bytes)
Event: 46.927 Thread 0x0000020f78949f80 nmethod 5798 0x0000020f00164190 code [0x0000020f00164340, 0x0000020f00164518]
Event: 46.931 Thread 0x0000020f78949f80 5802       3       com.sun.javafx.application.PlatformImpl::isFxApplicationThread (7 bytes)
Event: 46.932 Thread 0x0000020f78949f80 nmethod 5802 0x0000020f00163a90 code [0x0000020f00163c40, 0x0000020f00163eb8]
Event: 46.932 Thread 0x0000020f78949f80 5804       3       com.sun.javafx.sg.prism.NGNode::computeRenderRoot (12 bytes)
Event: 46.932 Thread 0x0000020f78949f80 nmethod 5804 0x0000020f002c1c10 code [0x0000020f002c1dc0, 0x0000020f002c1ef8]
Event: 46.932 Thread 0x0000020f78949f80 5803       3       com.sun.javafx.sg.prism.NGNode::hasOpaqueRegion (71 bytes)
Event: 46.932 Thread 0x0000020f78949f80 nmethod 5803 0x0000020f001be090 code [0x0000020f001be2a0, 0x0000020f001be920]
Event: 46.934 Thread 0x0000020f78949f80 5805       2       com.sun.prism.impl.ps.BaseShaderContext::checkState (211 bytes)
Event: 46.935 Thread 0x0000020f78949f80 nmethod 5805 0x0000020f001cb790 code [0x0000020f001cba20, 0x0000020f001cc118]
Event: 46.936 Thread 0x0000020f78949f80 5806       3       com.sun.javafx.sg.prism.NodePath::isEmpty (10 bytes)
Event: 46.936 Thread 0x0000020f78949f80 nmethod 5806 0x0000020f001cb110 code [0x0000020f001cb2c0, 0x0000020f001cb498]
Event: 46.939 Thread 0x0000020f78949f80 5807       3       com.sun.prism.d3d.D3DSwapChain::getPhysicalHeight (11 bytes)
Event: 46.939 Thread 0x0000020f78949f80 nmethod 5807 0x0000020f001bdc10 code [0x0000020f001bddc0, 0x0000020f001bdfa0]

GC Heap History (18 events):
Event: 0.444 GC heap before
{Heap before GC invocations=0 (full 0):
 garbage-first heap   total 63488K, used 12288K [0x00000000c3200000, 0x0000000100000000)
  region size 1024K, 13 young (13312K), 0 survivors (0K)
 Metaspace       used 1838K, committed 2048K, reserved 1114112K
  class space    used 183K, committed 256K, reserved 1048576K
}
Event: 0.447 GC heap after
{Heap after GC invocations=1 (full 0):
 garbage-first heap   total 63488K, used 1767K [0x00000000c3200000, 0x0000000100000000)
  region size 1024K, 2 young (2048K), 2 survivors (2048K)
 Metaspace       used 1838K, committed 2048K, reserved 1114112K
  class space    used 183K, committed 256K, reserved 1048576K
}
Event: 1.064 GC heap before
{Heap before GC invocations=1 (full 0):
 garbage-first heap   total 63488K, used 23271K [0x00000000c3200000, 0x0000000100000000)
  region size 1024K, 24 young (24576K), 2 survivors (2048K)
 Metaspace       used 4922K, committed 5120K, reserved 1114112K
  class space    used 539K, committed 640K, reserved 1048576K
}
Event: 1.068 GC heap after
{Heap after GC invocations=2 (full 0):
 garbage-first heap   total 63488K, used 5670K [0x00000000c3200000, 0x0000000100000000)
  region size 1024K, 3 young (3072K), 3 survivors (3072K)
 Metaspace       used 4922K, committed 5120K, reserved 1114112K
  class space    used 539K, committed 640K, reserved 1048576K
}
Event: 2.151 GC heap before
{Heap before GC invocations=2 (full 0):
 garbage-first heap   total 63488K, used 42534K [0x00000000c3200000, 0x0000000100000000)
  region size 1024K, 37 young (37888K), 3 survivors (3072K)
 Metaspace       used 12400K, committed 12736K, reserved 1114112K
  class space    used 1704K, committed 1856K, reserved 1048576K
}
Event: 2.168 GC heap after
{Heap after GC invocations=3 (full 0):
 garbage-first heap   total 63488K, used 12262K [0x00000000c3200000, 0x0000000100000000)
  region size 1024K, 4 young (4096K), 4 survivors (4096K)
 Metaspace       used 12400K, committed 12736K, reserved 1114112K
  class space    used 1704K, committed 1856K, reserved 1048576K
}
Event: 32.756 GC heap before
{Heap before GC invocations=3 (full 0):
 garbage-first heap   total 63488K, used 53222K [0x00000000c3200000, 0x0000000100000000)
  region size 1024K, 37 young (37888K), 4 survivors (4096K)
 Metaspace       used 19419K, committed 19776K, reserved 1114112K
  class space    used 2651K, committed 2816K, reserved 1048576K
}
Event: 32.763 GC heap after
{Heap after GC invocations=4 (full 0):
 garbage-first heap   total 63488K, used 20549K [0x00000000c3200000, 0x0000000100000000)
  region size 1024K, 4 young (4096K), 4 survivors (4096K)
 Metaspace       used 19419K, committed 19776K, reserved 1114112K
  class space    used 2651K, committed 2816K, reserved 1048576K
}
Event: 33.026 GC heap before
{Heap before GC invocations=4 (full 0):
 garbage-first heap   total 63488K, used 25669K [0x00000000c3200000, 0x0000000100000000)
  region size 1024K, 10 young (10240K), 4 survivors (4096K)
 Metaspace       used 21137K, committed 21504K, reserved 1114112K
  class space    used 2881K, committed 3072K, reserved 1048576K
}
Event: 33.029 GC heap after
{Heap after GC invocations=5 (full 0):
 garbage-first heap   total 63488K, used 21449K [0x00000000c3200000, 0x0000000100000000)
  region size 1024K, 1 young (1024K), 1 survivors (1024K)
 Metaspace       used 21137K, committed 21504K, reserved 1114112K
  class space    used 2881K, committed 3072K, reserved 1048576K
}
Event: 44.295 GC heap before
{Heap before GC invocations=6 (full 0):
 garbage-first heap   total 81920K, used 81865K [0x00000000c3200000, 0x0000000100000000)
  region size 1024K, 22 young (22528K), 1 survivors (1024K)
 Metaspace       used 22511K, committed 22848K, reserved 1114112K
  class space    used 3093K, committed 3264K, reserved 1048576K
}
Event: 44.298 GC heap after
{Heap after GC invocations=7 (full 0):
 garbage-first heap   total 84992K, used 61768K [0x00000000c3200000, 0x0000000100000000)
  region size 1024K, 3 young (3072K), 3 survivors (3072K)
 Metaspace       used 22511K, committed 22848K, reserved 1114112K
  class space    used 3093K, committed 3264K, reserved 1048576K
}
Event: 45.297 GC heap before
{Heap before GC invocations=7 (full 0):
 garbage-first heap   total 91136K, used 90440K [0x00000000c3200000, 0x0000000100000000)
  region size 1024K, 9 young (9216K), 3 survivors (3072K)
 Metaspace       used 22682K, committed 23040K, reserved 1114112K
  class space    used 3096K, committed 3264K, reserved 1048576K
}
Event: 45.302 GC heap after
{Heap after GC invocations=8 (full 0):
 garbage-first heap   total 95232K, used 84656K [0x00000000c3200000, 0x0000000100000000)
  region size 1024K, 1 young (1024K), 1 survivors (1024K)
 Metaspace       used 22682K, committed 23040K, reserved 1114112K
  class space    used 3096K, committed 3264K, reserved 1048576K
}
Event: 45.698 GC heap before
{Heap before GC invocations=8 (full 0):
 garbage-first heap   total 95232K, used 87728K [0x00000000c3200000, 0x0000000100000000)
  region size 1024K, 4 young (4096K), 1 survivors (1024K)
 Metaspace       used 22733K, committed 23104K, reserved 1114112K
  class space    used 3097K, committed 3264K, reserved 1048576K
}
Event: 45.700 GC heap after
{Heap after GC invocations=9 (full 0):
 garbage-first heap   total 95232K, used 85348K [0x00000000c3200000, 0x0000000100000000)
  region size 1024K, 1 young (1024K), 1 survivors (1024K)
 Metaspace       used 22733K, committed 23104K, reserved 1114112K
  class space    used 3097K, committed 3264K, reserved 1048576K
}
Event: 45.921 GC heap before
{Heap before GC invocations=10 (full 0):
 garbage-first heap   total 135168K, used 102756K [0x00000000c3200000, 0x0000000100000000)
  region size 1024K, 4 young (4096K), 1 survivors (1024K)
 Metaspace       used 22822K, committed 23168K, reserved 1114112K
  class space    used 3097K, committed 3264K, reserved 1048576K
}
Event: 45.923 GC heap after
{Heap after GC invocations=11 (full 0):
 garbage-first heap   total 135168K, used 100195K [0x00000000c3200000, 0x0000000100000000)
  region size 1024K, 1 young (1024K), 1 survivors (1024K)
 Metaspace       used 22822K, committed 23168K, reserved 1114112K
  class space    used 3097K, committed 3264K, reserved 1048576K
}

Dll operation events (20 events):
Event: 0.371 Loaded shared library C:\Users\USER\.openjfx\cache\23.0.1+4\amd64\api-ms-win-crt-math-l1-1-0.dll
Event: 0.375 Loaded shared library C:\Users\USER\.openjfx\cache\23.0.1+4\amd64\api-ms-win-crt-multibyte-l1-1-0.dll
Event: 0.379 Loaded shared library C:\Users\USER\.openjfx\cache\23.0.1+4\amd64\api-ms-win-crt-private-l1-1-0.dll
Event: 0.382 Loaded shared library C:\Users\USER\.openjfx\cache\23.0.1+4\amd64\api-ms-win-crt-process-l1-1-0.dll
Event: 0.384 Loaded shared library C:\Users\USER\.openjfx\cache\23.0.1+4\amd64\api-ms-win-crt-runtime-l1-1-0.dll
Event: 0.387 Loaded shared library C:\Users\USER\.openjfx\cache\23.0.1+4\amd64\api-ms-win-crt-stdio-l1-1-0.dll
Event: 0.391 Loaded shared library C:\Users\USER\.openjfx\cache\23.0.1+4\amd64\api-ms-win-crt-string-l1-1-0.dll
Event: 0.394 Loaded shared library C:\Users\USER\.openjfx\cache\23.0.1+4\amd64\api-ms-win-crt-time-l1-1-0.dll
Event: 0.396 Loaded shared library C:\Users\USER\.openjfx\cache\23.0.1+4\amd64\api-ms-win-crt-utility-l1-1-0.dll
Event: 0.410 Loaded shared library C:\Users\USER\.openjfx\cache\23.0.1+4\amd64\ucrtbase.dll
Event: 0.414 Loaded shared library C:\Users\USER\.openjfx\cache\23.0.1+4\amd64\vcruntime140.dll
Event: 0.416 Loaded shared library C:\Users\USER\.openjfx\cache\23.0.1+4\amd64\vcruntime140_1.dll
Event: 0.425 Loaded shared library C:\Users\USER\.openjfx\cache\23.0.1+4\amd64\msvcp140.dll
Event: 0.429 Loaded shared library C:\Users\USER\.openjfx\cache\23.0.1+4\amd64\msvcp140_1.dll
Event: 0.435 Loaded shared library C:\Users\USER\.openjfx\cache\23.0.1+4\amd64\msvcp140_2.dll
Event: 0.487 Loaded shared library C:\Users\USER\.openjfx\cache\23.0.1+4\amd64\prism_d3d.dll
Event: 0.593 Loaded shared library C:\Users\USER\.openjfx\cache\23.0.1+4\amd64\glass.dll
Event: 0.777 Loaded shared library C:\Program Files\Java\jdk-21\bin\jimage.dll
Event: 1.297 Loaded shared library C:\Users\USER\.openjfx\cache\23.0.1+4\amd64\javafx_font.dll
Event: 32.744 Loaded shared library C:\Program Files\Java\jdk-21\bin\extnet.dll

Deoptimization events (20 events):
Event: 46.913 Thread 0x0000020f7d1b62e0 Uncommon trap: trap_request=0xffffffde fr.pc=0x0000020f07cc216c relative=0x00000000000020ec
Event: 46.913 Thread 0x0000020f7d1b62e0 Uncommon trap: reason=class_check action=maybe_recompile pc=0x0000020f07cc216c method=com.sun.prism.impl.ps.BaseShaderContext.checkState(Lcom/sun/prism/impl/ps/BaseShaderGraphics;ILcom/sun/javafx/geom/transform/BaseTransform;Lcom/sun/prism/ps/Shader;)V @ 
Event: 46.913 Thread 0x0000020f7d1b62e0 DEOPT PACKING pc=0x0000020f07cc216c sp=0x0000006d74ffcaf0
Event: 46.913 Thread 0x0000020f7d1b62e0 DEOPT UNPACKING pc=0x0000020f07587da2 sp=0x0000006d74ffcaf8 mode 2
Event: 46.915 Thread 0x0000020f7d1b62e0 Uncommon trap: trap_request=0xffffffde fr.pc=0x0000020f07cc216c relative=0x00000000000020ec
Event: 46.915 Thread 0x0000020f7d1b62e0 Uncommon trap: reason=class_check action=maybe_recompile pc=0x0000020f07cc216c method=com.sun.prism.impl.ps.BaseShaderContext.checkState(Lcom/sun/prism/impl/ps/BaseShaderGraphics;ILcom/sun/javafx/geom/transform/BaseTransform;Lcom/sun/prism/ps/Shader;)V @ 
Event: 46.915 Thread 0x0000020f7d1b62e0 DEOPT PACKING pc=0x0000020f07cc216c sp=0x0000006d74ffcd50
Event: 46.915 Thread 0x0000020f7d1b62e0 DEOPT UNPACKING pc=0x0000020f07587da2 sp=0x0000006d74ffcd58 mode 2
Event: 46.918 Thread 0x0000020f7d1b62e0 Uncommon trap: trap_request=0xffffffde fr.pc=0x0000020f07cc216c relative=0x00000000000020ec
Event: 46.918 Thread 0x0000020f7d1b62e0 Uncommon trap: reason=class_check action=maybe_recompile pc=0x0000020f07cc216c method=com.sun.prism.impl.ps.BaseShaderContext.checkState(Lcom/sun/prism/impl/ps/BaseShaderGraphics;ILcom/sun/javafx/geom/transform/BaseTransform;Lcom/sun/prism/ps/Shader;)V @ 
Event: 46.918 Thread 0x0000020f7d1b62e0 DEOPT PACKING pc=0x0000020f07cc216c sp=0x0000006d74ffcd50
Event: 46.918 Thread 0x0000020f7d1b62e0 DEOPT UNPACKING pc=0x0000020f07587da2 sp=0x0000006d74ffcd58 mode 2
Event: 46.918 Thread 0x0000020f7d1b62e0 Uncommon trap: trap_request=0xffffffde fr.pc=0x0000020f07cc216c relative=0x00000000000020ec
Event: 46.918 Thread 0x0000020f7d1b62e0 Uncommon trap: reason=class_check action=maybe_recompile pc=0x0000020f07cc216c method=com.sun.prism.impl.ps.BaseShaderContext.checkState(Lcom/sun/prism/impl/ps/BaseShaderGraphics;ILcom/sun/javafx/geom/transform/BaseTransform;Lcom/sun/prism/ps/Shader;)V @ 
Event: 46.918 Thread 0x0000020f7d1b62e0 DEOPT PACKING pc=0x0000020f07cc216c sp=0x0000006d74ffcfb0
Event: 46.918 Thread 0x0000020f7d1b62e0 DEOPT UNPACKING pc=0x0000020f07587da2 sp=0x0000006d74ffcfb8 mode 2
Event: 46.922 Thread 0x0000020f7d1b62e0 Uncommon trap: trap_request=0xffffffbe fr.pc=0x0000020f07c72164 relative=0x0000000000001c44
Event: 46.922 Thread 0x0000020f7d1b62e0 Uncommon trap: reason=profile_predicate action=maybe_recompile pc=0x0000020f07c72164 method=com.sun.prism.impl.shape.DMarlinPrismUtils.feedConsumer(Lcom/sun/marlin/RendererContext;Lcom/sun/javafx/geom/Path2D;Lcom/sun/javafx/geom/transform/BaseTransform;Lc
Event: 46.922 Thread 0x0000020f7d1b62e0 DEOPT PACKING pc=0x0000020f07c72164 sp=0x0000006d74ffc630
Event: 46.922 Thread 0x0000020f7d1b62e0 DEOPT UNPACKING pc=0x0000020f07587da2 sp=0x0000006d74ffc610 mode 2

Classes loaded (20 events):
Event: 35.141 Loading class java/security/UnrecoverableEntryException done
Event: 35.141 Loading class java/security/UnrecoverableKeyException done
Event: 35.141 Loading class java/security/KeyStoreException
Event: 35.141 Loading class java/security/KeyStoreException done
Event: 35.141 Loading class java/security/cert/CertificateException
Event: 35.142 Loading class java/security/cert/CertificateException done
Event: 35.143 Loading class java/security/KeyManagementException
Event: 35.143 Loading class java/security/KeyManagementException done
Event: 35.144 Loading class javax/net/ssl/TrustManager
Event: 35.144 Loading class javax/net/ssl/TrustManager done
Event: 35.144 Loading class javax/crypto/NoSuchPaddingException
Event: 35.144 Loading class javax/crypto/NoSuchPaddingException done
Event: 35.144 Loading class javax/crypto/IllegalBlockSizeException
Event: 35.144 Loading class javax/crypto/IllegalBlockSizeException done
Event: 35.144 Loading class javax/crypto/BadPaddingException
Event: 35.144 Loading class javax/crypto/BadPaddingException done
Event: 39.103 Loading class java/lang/foreign/MemorySegment
Event: 39.103 Loading class java/lang/foreign/MemorySegment done
Event: 46.845 Loading class jdk/internal/math/FDBigInteger
Event: 46.846 Loading class jdk/internal/math/FDBigInteger done

Classes unloaded (0 events):
No events

Classes redefined (0 events):
No events

Internal exceptions (20 events):
Event: 10.407 Thread 0x0000020f7d470740 Exception <a 'java/lang/ClassNotFoundException'{0x00000000c638ed98}: com/sun/javafx/scene/control/skin/resources/controls_en_ID> (0x00000000c638ed98) 
thrown [s\open\src\hotspot\share\prims\jni.cpp, line 539]
Event: 10.420 Thread 0x0000020f7d470740 Exception <a 'java/lang/NoSuchMethodError'{0x00000000c6294688}: 'void java.lang.invoke.DirectMethodHandle$Holder.invokeSpecial(java.lang.Object, java.lang.Object, java.lang.Object, java.lang.Object, java.lang.Object, java.lang.Object)'> (0x00000000c6294688) 
thrown [s\open\src\hotspot\share\interpreter\linkResolver.cpp, line 773]
Event: 10.471 Thread 0x0000020f7d1b62e0 Exception <a 'java/lang/NoSuchMethodError'{0x00000000c5d1aa08}: 'java.lang.Object java.lang.invoke.DirectMethodHandle$Holder.invokeStaticInit(java.lang.Object, int)'> (0x00000000c5d1aa08) 
thrown [s\open\src\hotspot\share\interpreter\linkResolver.cpp, line 773]
Event: 14.190 Thread 0x0000020f7d470740 Exception <a 'java/lang/NoSuchMethodError'{0x00000000c5b6e908}: 'void java.lang.invoke.DirectMethodHandle$Holder.invokeVirtual(java.lang.Object, java.lang.Object)'> (0x00000000c5b6e908) 
thrown [s\open\src\hotspot\share\interpreter\linkResolver.cpp, line 773]
Event: 32.651 Thread 0x0000020f7d470740 Exception <a 'java/lang/NoSuchMethodError'{0x00000000c5239470}: 'java.lang.Object java.lang.invoke.DirectMethodHandle$Holder.invokeInterface(java.lang.Object, java.lang.Object)'> (0x00000000c5239470) 
thrown [s\open\src\hotspot\share\interpreter\linkResolver.cpp, line 773]
Event: 32.664 Thread 0x0000020f7d470740 Exception <a 'java/lang/NoSuchMethodError'{0x00000000c52a9ce0}: 'java.lang.Object java.lang.invoke.DirectMethodHandle$Holder.invokeVirtual(java.lang.Object, java.lang.Object, java.lang.Object)'> (0x00000000c52a9ce0) 
thrown [s\open\src\hotspot\share\interpreter\linkResolver.cpp, line 773]
Event: 34.850 Thread 0x0000020f7d470740 Exception <a 'java/lang/NoSuchMethodError'{0x00000000c6b96ae8}: 'java.lang.Object java.lang.invoke.DelegatingMethodHandle$Holder.reinvoke_L(java.lang.Object, double, double, double, double)'> (0x00000000c6b96ae8) 
thrown [s\open\src\hotspot\share\interpreter\linkResolver.cpp, line 773]
Event: 34.851 Thread 0x0000020f7d470740 Exception <a 'java/lang/NoSuchMethodError'{0x00000000c6ba1d50}: 'java.lang.Object java.lang.invoke.DirectMethodHandle$Holder.invokeStatic(java.lang.Object, java.lang.Object, int)'> (0x00000000c6ba1d50) 
thrown [s\open\src\hotspot\share\interpreter\linkResolver.cpp, line 773]
Event: 34.852 Thread 0x0000020f7d470740 Exception <a 'java/lang/NoSuchMethodError'{0x00000000c6ba5e98}: 'void java.lang.invoke.DirectMethodHandle$Holder.invokeStatic(java.lang.Object, java.lang.Object, int, java.lang.Object)'> (0x00000000c6ba5e98) 
thrown [s\open\src\hotspot\share\interpreter\linkResolver.cpp, line 773]
Event: 34.852 Thread 0x0000020f7d470740 Exception <a 'java/lang/NoSuchMethodError'{0x00000000c6bace88}: 'void java.lang.invoke.DelegatingMethodHandle$Holder.delegate(java.lang.Object, java.lang.Object, int, java.lang.Object)'> (0x00000000c6bace88) 
thrown [s\open\src\hotspot\share\interpreter\linkResolver.cpp, line 773]
Event: 34.878 Thread 0x0000020f7d470740 Exception <a 'java/lang/NoSuchMethodError'{0x00000000c6bd63e0}: 'java.lang.Object java.lang.invoke.DirectMethodHandle$Holder.newInvokeSpecial(java.lang.Object, double)'> (0x00000000c6bd63e0) 
thrown [s\open\src\hotspot\share\interpreter\linkResolver.cpp, line 773]
Event: 34.931 Thread 0x0000020f7d470740 Exception <a 'java/io/FileNotFoundException'{0x00000000c6ae85e0}> (0x00000000c6ae85e0) 
thrown [s\open\src\hotspot\share\prims\jni.cpp, line 520]
Event: 34.931 Thread 0x0000020f7d470740 Exception <a 'java/io/FileNotFoundException'{0x00000000c6ae9f00}> (0x00000000c6ae9f00) 
thrown [s\open\src\hotspot\share\prims\jni.cpp, line 520]
Event: 34.933 Thread 0x0000020f7d470740 Exception <a 'java/io/FileNotFoundException'{0x00000000c6af0e18}> (0x00000000c6af0e18) 
thrown [s\open\src\hotspot\share\prims\jni.cpp, line 520]
Event: 35.148 Thread 0x0000020f7d470740 Exception <a 'java/lang/NoSuchMethodError'{0x00000000c64ed430}: 'void java.lang.invoke.DirectMethodHandle$Holder.invokeInterface(java.lang.Object, java.lang.Object)'> (0x00000000c64ed430) 
thrown [s\open\src\hotspot\share\interpreter\linkResolver.cpp, line 773]
Event: 45.942 Thread 0x0000020f7d1b62e0 Implicit null exception at 0x0000020f07cf3377 to 0x0000020f07cf599c
Event: 46.132 Thread 0x0000020f7d470740 Exception <a 'java/lang/NoSuchMethodError'{0x00000000caf2a508}: 'java.lang.Object java.lang.invoke.DirectMethodHandle$Holder.newInvokeSpecial(java.lang.Object, java.lang.Object, int, int, int, int, int, java.lang.Object)'> (0x00000000caf2a508) 
thrown [s\open\src\hotspot\share\interpreter\linkResolver.cpp, line 773]
Event: 46.136 Thread 0x0000020f7d470740 Exception <a 'java/lang/NoSuchMethodError'{0x00000000caf3c520}: 'java.lang.Object java.lang.invoke.DirectMethodHandle$Holder.newInvokeSpecial(java.lang.Object, java.lang.Object, java.lang.Object, int, int, int, int, int)'> (0x00000000caf3c520) 
thrown [s\open\src\hotspot\share\interpreter\linkResolver.cpp, line 773]
Event: 46.137 Thread 0x0000020f7d470740 Exception <a 'java/lang/NoSuchMethodError'{0x00000000caf43880}: 'java.lang.Object java.lang.invoke.Invokers$Holder.linkToTargetMethod(java.lang.Object, java.lang.Object, int, int, int, int, int, java.lang.Object)'> (0x00000000caf43880) 
thrown [s\open\src\hotspot\share\interpreter\linkResolver.cpp, line 773]
Event: 46.624 Thread 0x0000020f7d1b62e0 Implicit null exception at 0x0000020f07c5b55e to 0x0000020f07c5b5d0

ZGC Phase Switch (0 events):
No events

VM Operations (20 events):
Event: 39.808 Executing VM operation: Cleanup
Event: 39.808 Executing VM operation: Cleanup done
Event: 43.810 Executing VM operation: Cleanup
Event: 43.810 Executing VM operation: Cleanup done
Event: 44.295 Executing VM operation: G1CollectForAllocation (G1 Evacuation Pause)
Event: 44.298 Executing VM operation: G1CollectForAllocation (G1 Evacuation Pause) done
Event: 45.294 Executing VM operation: ICBufferFull
Event: 45.294 Executing VM operation: ICBufferFull done
Event: 45.297 Executing VM operation: G1CollectForAllocation (G1 Evacuation Pause)
Event: 45.302 Executing VM operation: G1CollectForAllocation (G1 Evacuation Pause) done
Event: 45.697 Executing VM operation: G1CollectForAllocation (G1 Evacuation Pause)
Event: 45.700 Executing VM operation: G1CollectForAllocation (G1 Evacuation Pause) done
Event: 45.717 Executing VM operation: G1PauseRemark
Event: 45.720 Executing VM operation: G1PauseRemark done
Event: 45.725 Executing VM operation: G1PauseCleanup
Event: 45.725 Executing VM operation: G1PauseCleanup done
Event: 45.921 Executing VM operation: G1CollectForAllocation (G1 Evacuation Pause)
Event: 45.923 Executing VM operation: G1CollectForAllocation (G1 Evacuation Pause) done
Event: 46.798 Executing VM operation: HandshakeAllThreads (Deoptimize)
Event: 46.798 Executing VM operation: HandshakeAllThreads (Deoptimize) done

Events (20 events):
Event: 45.719 Thread 0x0000020f6ae87050 flushing nmethod 0x0000020f00508f10
Event: 45.719 Thread 0x0000020f6ae87050 flushing nmethod 0x0000020f00509310
Event: 45.719 Thread 0x0000020f6ae87050 flushing nmethod 0x0000020f00509b90
Event: 45.719 Thread 0x0000020f6ae87050 flushing nmethod 0x0000020f0050a810
Event: 45.719 Thread 0x0000020f6ae87050 flushing nmethod 0x0000020f0050af10
Event: 45.719 Thread 0x0000020f6ae87050 flushing nmethod 0x0000020f0050b310
Event: 45.719 Thread 0x0000020f6ae87050 flushing nmethod 0x0000020f0050bb10
Event: 45.719 Thread 0x0000020f6ae87050 flushing nmethod 0x0000020f0050c210
Event: 45.719 Thread 0x0000020f6ae87050 flushing nmethod 0x0000020f0050c810
Event: 45.719 Thread 0x0000020f6ae87050 flushing nmethod 0x0000020f0050d890
Event: 45.719 Thread 0x0000020f6ae87050 flushing nmethod 0x0000020f0050e610
Event: 45.719 Thread 0x0000020f6ae87050 flushing nmethod 0x0000020f0050ea10
Event: 45.719 Thread 0x0000020f6ae87050 flushing nmethod 0x0000020f0050ee90
Event: 45.719 Thread 0x0000020f6ae87050 flushing nmethod 0x0000020f0050f310
Event: 45.719 Thread 0x0000020f6ae87050 flushing nmethod 0x0000020f00544590
Event: 45.719 Thread 0x0000020f6ae87050 flushing nmethod 0x0000020f005e2690
Event: 45.719 Thread 0x0000020f6ae87050 flushing nmethod 0x0000020f00626c90
Event: 45.719 Thread 0x0000020f6ae87050 flushing nmethod 0x0000020f0062ab90
Event: 45.719 Thread 0x0000020f6ae87050 flushing nmethod 0x0000020f0062af10
Event: 45.719 Thread 0x0000020f6ae87050 flushing nmethod 0x0000020f007b9b10


Dynamic libraries:
0x00007ff768700000 - 0x00007ff768710000 	C:\Program Files\Java\jdk-21\bin\java.exe
0x00007ff943690000 - 0x00007ff9438a7000 	C:\WINDOWS\SYSTEM32\ntdll.dll
0x00007ff941fd0000 - 0x00007ff942094000 	C:\WINDOWS\System32\KERNEL32.DLL
0x00007ff940b40000 - 0x00007ff940efa000 	C:\WINDOWS\System32\KERNELBASE.dll
0x00007ff9409a0000 - 0x00007ff940ab1000 	C:\WINDOWS\System32\ucrtbase.dll
0x00007ff9260e0000 - 0x00007ff9260fb000 	C:\Program Files\Java\jdk-21\bin\VCRUNTIME140.dll
0x00007ff9170a0000 - 0x00007ff9170b9000 	C:\Program Files\Java\jdk-21\bin\jli.dll
0x00007ff943530000 - 0x00007ff9435e2000 	C:\WINDOWS\System32\ADVAPI32.dll
0x00007ff9427c0000 - 0x00007ff942867000 	C:\WINDOWS\System32\msvcrt.dll
0x00007ff942480000 - 0x00007ff942527000 	C:\WINDOWS\System32\sechost.dll
0x00007ff9410e0000 - 0x00007ff941108000 	C:\WINDOWS\System32\bcrypt.dll
0x00007ff943410000 - 0x00007ff943524000 	C:\WINDOWS\System32\RPCRT4.dll
0x00007ff9422d0000 - 0x00007ff94247e000 	C:\WINDOWS\System32\USER32.dll
0x00007ff940970000 - 0x00007ff940996000 	C:\WINDOWS\System32\win32u.dll
0x00007ff92a640000 - 0x00007ff92a8d2000 	C:\WINDOWS\WinSxS\amd64_microsoft.windows.common-controls_6595b64144ccf1df_6.0.22621.4541_none_2710d1c57384c085\COMCTL32.dll
0x00007ff9422a0000 - 0x00007ff9422c9000 	C:\WINDOWS\System32\GDI32.dll
0x00007ff940fc0000 - 0x00007ff9410db000 	C:\WINDOWS\System32\gdi32full.dll
0x00007ff941110000 - 0x00007ff9411aa000 	C:\WINDOWS\System32\msvcp_win.dll
0x00007ff936c00000 - 0x00007ff936c0a000 	C:\WINDOWS\SYSTEM32\VERSION.dll
0x00007ff9413a0000 - 0x00007ff9413d1000 	C:\WINDOWS\System32\IMM32.DLL
0x00007ff93a340000 - 0x00007ff93a34c000 	C:\Program Files\Java\jdk-21\bin\vcruntime140_1.dll
0x00007ff91f7b0000 - 0x00007ff91f83e000 	C:\Program Files\Java\jdk-21\bin\msvcp140.dll
0x00007ff900990000 - 0x00007ff9016a8000 	C:\Program Files\Java\jdk-21\bin\server\jvm.dll
0x00007ff9432e0000 - 0x00007ff943351000 	C:\WINDOWS\System32\WS2_32.dll
0x00007ff940840000 - 0x00007ff94088d000 	C:\WINDOWS\SYSTEM32\POWRPROF.dll
0x00007ff939260000 - 0x00007ff939294000 	C:\WINDOWS\SYSTEM32\WINMM.dll
0x00007ff940820000 - 0x00007ff940833000 	C:\WINDOWS\SYSTEM32\UMPDC.dll
0x00007ff93f9b0000 - 0x00007ff93f9c8000 	C:\WINDOWS\SYSTEM32\kernel.appcore.dll
0x00007ff936fc0000 - 0x00007ff936fca000 	C:\Program Files\Java\jdk-21\bin\jimage.dll
0x00007ff93e200000 - 0x00007ff93e432000 	C:\WINDOWS\SYSTEM32\DBGHELP.DLL
0x00007ff941c40000 - 0x00007ff941fcf000 	C:\WINDOWS\System32\combase.dll
0x00007ff9415b0000 - 0x00007ff941687000 	C:\WINDOWS\System32\OLEAUT32.dll
0x00007ff921190000 - 0x00007ff9211c2000 	C:\WINDOWS\SYSTEM32\dbgcore.DLL
0x00007ff940ac0000 - 0x00007ff940b3b000 	C:\WINDOWS\System32\bcryptPrimitives.dll
0x00007ff9260c0000 - 0x00007ff9260df000 	C:\Program Files\Java\jdk-21\bin\java.dll
0x00007ff942890000 - 0x00007ff943108000 	C:\WINDOWS\System32\SHELL32.dll
0x00007ff93e8b0000 - 0x00007ff93f1b8000 	C:\WINDOWS\SYSTEM32\windows.storage.dll
0x00007ff93e770000 - 0x00007ff93e8af000 	C:\WINDOWS\SYSTEM32\wintypes.dll
0x00007ff9420a0000 - 0x00007ff94219a000 	C:\WINDOWS\System32\SHCORE.dll
0x00007ff942540000 - 0x00007ff94259e000 	C:\WINDOWS\System32\shlwapi.dll
0x00007ff9408a0000 - 0x00007ff9408cb000 	C:\WINDOWS\SYSTEM32\profapi.dll
0x00007ff91fab0000 - 0x00007ff91fb87000 	C:\Program Files\Java\jdk-21\bin\jsvml.dll
0x00007ff929e50000 - 0x00007ff929e60000 	C:\Program Files\Java\jdk-21\bin\net.dll
0x00007ff93a650000 - 0x00007ff93a786000 	C:\WINDOWS\SYSTEM32\WINHTTP.dll
0x00007ff93fe30000 - 0x00007ff93fe99000 	C:\WINDOWS\system32\mswsock.dll
0x00007ff926020000 - 0x00007ff926036000 	C:\Program Files\Java\jdk-21\bin\nio.dll
0x00007ff91fe90000 - 0x00007ff91fea8000 	C:\Program Files\Java\jdk-21\bin\zip.dll
0x0000020f78ef0000 - 0x0000020f78ef3000 	C:\Users\USER\.openjfx\cache\23.0.1+4\amd64\api-ms-win-core-console-l1-1-0.dll
0x0000020f78f00000 - 0x0000020f78f03000 	C:\Users\USER\.openjfx\cache\23.0.1+4\amd64\api-ms-win-core-console-l1-2-0.dll
0x0000020f78f10000 - 0x0000020f78f13000 	C:\Users\USER\.openjfx\cache\23.0.1+4\amd64\api-ms-win-core-datetime-l1-1-0.dll
0x0000020f78f20000 - 0x0000020f78f23000 	C:\Users\USER\.openjfx\cache\23.0.1+4\amd64\api-ms-win-core-debug-l1-1-0.dll
0x0000020f78f30000 - 0x0000020f78f33000 	C:\Users\USER\.openjfx\cache\23.0.1+4\amd64\api-ms-win-core-errorhandling-l1-1-0.dll
0x0000020f78f40000 - 0x0000020f78f44000 	C:\Users\USER\.openjfx\cache\23.0.1+4\amd64\api-ms-win-core-file-l1-1-0.dll
0x0000020f78f50000 - 0x0000020f78f53000 	C:\Users\USER\.openjfx\cache\23.0.1+4\amd64\api-ms-win-core-file-l1-2-0.dll
0x0000020f78f60000 - 0x0000020f78f63000 	C:\Users\USER\.openjfx\cache\23.0.1+4\amd64\api-ms-win-core-file-l2-1-0.dll
0x0000020f78f70000 - 0x0000020f78f73000 	C:\Users\USER\.openjfx\cache\23.0.1+4\amd64\api-ms-win-core-handle-l1-1-0.dll
0x0000020f78f80000 - 0x0000020f78f83000 	C:\Users\USER\.openjfx\cache\23.0.1+4\amd64\api-ms-win-core-heap-l1-1-0.dll
0x0000020f78f90000 - 0x0000020f78f93000 	C:\Users\USER\.openjfx\cache\23.0.1+4\amd64\api-ms-win-core-interlocked-l1-1-0.dll
0x0000020f78fa0000 - 0x0000020f78fa3000 	C:\Users\USER\.openjfx\cache\23.0.1+4\amd64\api-ms-win-core-libraryloader-l1-1-0.dll
0x0000020f78fb0000 - 0x0000020f78fb3000 	C:\Users\USER\.openjfx\cache\23.0.1+4\amd64\api-ms-win-core-localization-l1-2-0.dll
0x0000020f78fc0000 - 0x0000020f78fc3000 	C:\Users\USER\.openjfx\cache\23.0.1+4\amd64\api-ms-win-core-memory-l1-1-0.dll
0x0000020f78fd0000 - 0x0000020f78fd3000 	C:\Users\USER\.openjfx\cache\23.0.1+4\amd64\api-ms-win-core-namedpipe-l1-1-0.dll
0x0000020f78fe0000 - 0x0000020f78fe3000 	C:\Users\USER\.openjfx\cache\23.0.1+4\amd64\api-ms-win-core-processenvironment-l1-1-0.dll
0x0000020f78ff0000 - 0x0000020f78ff3000 	C:\Users\USER\.openjfx\cache\23.0.1+4\amd64\api-ms-win-core-processthreads-l1-1-0.dll
0x0000020f7d800000 - 0x0000020f7d803000 	C:\Users\USER\.openjfx\cache\23.0.1+4\amd64\api-ms-win-core-processthreads-l1-1-1.dll
0x0000020f7d810000 - 0x0000020f7d813000 	C:\Users\USER\.openjfx\cache\23.0.1+4\amd64\api-ms-win-core-profile-l1-1-0.dll
0x0000020f7d820000 - 0x0000020f7d823000 	C:\Users\USER\.openjfx\cache\23.0.1+4\amd64\api-ms-win-core-rtlsupport-l1-1-0.dll
0x0000020f7d830000 - 0x0000020f7d833000 	C:\Users\USER\.openjfx\cache\23.0.1+4\amd64\api-ms-win-core-string-l1-1-0.dll
0x0000020f7d840000 - 0x0000020f7d843000 	C:\Users\USER\.openjfx\cache\23.0.1+4\amd64\api-ms-win-core-synch-l1-1-0.dll
0x0000020f7d850000 - 0x0000020f7d853000 	C:\Users\USER\.openjfx\cache\23.0.1+4\amd64\api-ms-win-core-synch-l1-2-0.dll
0x0000020f7d860000 - 0x0000020f7d863000 	C:\Users\USER\.openjfx\cache\23.0.1+4\amd64\api-ms-win-core-sysinfo-l1-1-0.dll
0x0000020f7d870000 - 0x0000020f7d873000 	C:\Users\USER\.openjfx\cache\23.0.1+4\amd64\api-ms-win-core-timezone-l1-1-0.dll
0x0000020f7d880000 - 0x0000020f7d883000 	C:\Users\USER\.openjfx\cache\23.0.1+4\amd64\api-ms-win-core-util-l1-1-0.dll
0x0000020f7d890000 - 0x0000020f7d893000 	C:\Users\USER\.openjfx\cache\23.0.1+4\amd64\api-ms-win-crt-conio-l1-1-0.dll
0x0000020f7d8a0000 - 0x0000020f7d8a4000 	C:\Users\USER\.openjfx\cache\23.0.1+4\amd64\api-ms-win-crt-convert-l1-1-0.dll
0x0000020f7d8b0000 - 0x0000020f7d8b3000 	C:\Users\USER\.openjfx\cache\23.0.1+4\amd64\api-ms-win-crt-environment-l1-1-0.dll
0x0000020f7d8c0000 - 0x0000020f7d8c3000 	C:\Users\USER\.openjfx\cache\23.0.1+4\amd64\api-ms-win-crt-filesystem-l1-1-0.dll
0x0000020f7d8d0000 - 0x0000020f7d8d3000 	C:\Users\USER\.openjfx\cache\23.0.1+4\amd64\api-ms-win-crt-heap-l1-1-0.dll
0x0000020f7d8e0000 - 0x0000020f7d8e3000 	C:\Users\USER\.openjfx\cache\23.0.1+4\amd64\api-ms-win-crt-locale-l1-1-0.dll
0x0000020f7d8f0000 - 0x0000020f7d8f5000 	C:\Users\USER\.openjfx\cache\23.0.1+4\amd64\api-ms-win-crt-math-l1-1-0.dll
0x0000020f7d900000 - 0x0000020f7d905000 	C:\Users\USER\.openjfx\cache\23.0.1+4\amd64\api-ms-win-crt-multibyte-l1-1-0.dll
0x0000020f7d910000 - 0x0000020f7d920000 	C:\Users\USER\.openjfx\cache\23.0.1+4\amd64\api-ms-win-crt-private-l1-1-0.dll
0x0000020f7d920000 - 0x0000020f7d923000 	C:\Users\USER\.openjfx\cache\23.0.1+4\amd64\api-ms-win-crt-process-l1-1-0.dll
0x0000020f7d930000 - 0x0000020f7d934000 	C:\Users\USER\.openjfx\cache\23.0.1+4\amd64\api-ms-win-crt-runtime-l1-1-0.dll
0x0000020f7d940000 - 0x0000020f7d944000 	C:\Users\USER\.openjfx\cache\23.0.1+4\amd64\api-ms-win-crt-stdio-l1-1-0.dll
0x0000020f7d950000 - 0x0000020f7d954000 	C:\Users\USER\.openjfx\cache\23.0.1+4\amd64\api-ms-win-crt-string-l1-1-0.dll
0x0000020f7d960000 - 0x0000020f7d963000 	C:\Users\USER\.openjfx\cache\23.0.1+4\amd64\api-ms-win-crt-time-l1-1-0.dll
0x0000020f7d970000 - 0x0000020f7d973000 	C:\Users\USER\.openjfx\cache\23.0.1+4\amd64\api-ms-win-crt-utility-l1-1-0.dll
0x00007ff89ff80000 - 0x00007ff8a007c000 	C:\Users\USER\.openjfx\cache\23.0.1+4\amd64\ucrtbase.dll
0x00007ff917060000 - 0x00007ff91707b000 	C:\Users\USER\.openjfx\cache\23.0.1+4\amd64\vcruntime140.dll
0x00007ff923020000 - 0x00007ff92302c000 	C:\Users\USER\.openjfx\cache\23.0.1+4\amd64\vcruntime140_1.dll
0x00007ff8f8860000 - 0x00007ff8f88ee000 	C:\Users\USER\.openjfx\cache\23.0.1+4\amd64\msvcp140.dll
0x00007ff91ba40000 - 0x00007ff91ba49000 	C:\Users\USER\.openjfx\cache\23.0.1+4\amd64\msvcp140_1.dll
0x00007ff8fb730000 - 0x00007ff8fb771000 	C:\Users\USER\.openjfx\cache\23.0.1+4\amd64\msvcp140_2.dll
0x00007ff8fdd70000 - 0x00007ff8fdda0000 	C:\Users\USER\.openjfx\cache\23.0.1+4\amd64\prism_d3d.dll
0x00007ff8ea480000 - 0x00007ff8ea628000 	C:\WINDOWS\system32\d3d9.dll
0x00007ff93de30000 - 0x00007ff93de5b000 	C:\WINDOWS\SYSTEM32\dwmapi.dll
0x00007ff93dbf0000 - 0x00007ff93dc27000 	C:\WINDOWS\SYSTEM32\dxcore.dll
0x00007ff93da00000 - 0x00007ff93dab1000 	C:\WINDOWS\system32\uxtheme.dll
0x00007ff919af0000 - 0x00007ff919d5f000 	C:\WINDOWS\System32\DriverStore\FileRepository\iigd_dch.inf_amd64_03e2a5c7c3b3fa7c\igdumdim64.dll
0x00007ff943120000 - 0x00007ff9432c5000 	C:\WINDOWS\System32\ole32.dll
0x00007ff8995b0000 - 0x00007ff89aad3000 	C:\WINDOWS\System32\DriverStore\FileRepository\iigd_dch.inf_amd64_03e2a5c7c3b3fa7c\igd9dxva64.dll
0x00007ff941720000 - 0x00007ff941b94000 	C:\WINDOWS\System32\SETUPAPI.dll
0x00007ff940540000 - 0x00007ff94058e000 	C:\WINDOWS\SYSTEM32\cfgmgr32.dll
0x00007ff8d1bd0000 - 0x00007ff8d38fb000 	C:\WINDOWS\System32\DriverStore\FileRepository\iigd_dch.inf_amd64_03e2a5c7c3b3fa7c\media_bin_64.dll
0x00007ff9345e0000 - 0x00007ff934a1f000 	C:\WINDOWS\System32\DriverStore\FileRepository\iigd_dch.inf_amd64_03e2a5c7c3b3fa7c\igdgmm64.dll
0x00007ff939440000 - 0x00007ff939489000 	C:\WINDOWS\SYSTEM32\directxdatabasehelper.dll
0x00007ff8f8810000 - 0x00007ff8f8855000 	C:\Users\USER\.openjfx\cache\23.0.1+4\amd64\glass.dll
0x00007ff9421a0000 - 0x00007ff9422a0000 	C:\WINDOWS\System32\COMDLG32.dll
0x00007ff942650000 - 0x00007ff9427b1000 	C:\WINDOWS\System32\MSCTF.dll
0x00007ff8ef880000 - 0x00007ff8ef8a7000 	C:\WINDOWS\System32\DriverStore\FileRepository\iigd_dch.inf_amd64_03e2a5c7c3b3fa7c\igdinfo64.dll
0x00007ff940080000 - 0x00007ff94009b000 	C:\WINDOWS\SYSTEM32\CRYPTSP.dll
0x00007ff93f910000 - 0x00007ff93f945000 	C:\WINDOWS\system32\rsaenh.dll
0x00007ff9400a0000 - 0x00007ff9400ac000 	C:\WINDOWS\SYSTEM32\CRYPTBASE.dll
0x00007ff9369a0000 - 0x00007ff9369c4000 	C:\WINDOWS\System32\DriverStore\FileRepository\iigd_dch.inf_amd64_03e2a5c7c3b3fa7c\igc64.dll
0x00007ff92fe70000 - 0x00007ff9345db000 	C:\WINDOWS\System32\DriverStore\FileRepository\iigd_dch.inf_amd64_03e2a5c7c3b3fa7c\igc1464.dll
0x00007ff9425a0000 - 0x00007ff942650000 	C:\WINDOWS\System32\clbcatq.dll
0x00007ff92ed30000 - 0x00007ff92eead000 	C:\Windows\System32\Windows.UI.dll
0x00007ff92d980000 - 0x00007ff92daf5000 	C:\Windows\System32\Windows.UI.Immersive.dll
0x00007ff90dae0000 - 0x00007ff90daf5000 	C:\Users\USER\.openjfx\cache\23.0.1+4\amd64\javafx_font.dll
0x00007ff93adc0000 - 0x00007ff93b033000 	C:\WINDOWS\SYSTEM32\dwrite.dll
0x00007ff93d820000 - 0x00007ff93d9d0000 	C:\WINDOWS\SYSTEM32\WindowsCodecs.dll
0x00007ff911160000 - 0x00007ff9111be000 	C:\WINDOWS\system32\dataexchange.dll
0x00007ff937a20000 - 0x00007ff937cc4000 	C:\WINDOWS\system32\twinapi.appcore.dll
0x00007ff919a60000 - 0x00007ff919a92000 	C:\Program Files\Common Files\Microsoft Shared\Ink\rtscom.dll
0x00007ff92b4e0000 - 0x00007ff92b625000 	C:\WINDOWS\SYSTEM32\textinputframework.dll
0x00007ff93bf50000 - 0x00007ff93c083000 	C:\WINDOWS\SYSTEM32\CoreMessaging.dll
0x00007ff938830000 - 0x00007ff938b9d000 	C:\WINDOWS\SYSTEM32\CoreUIComponents.dll

dbghelp: loaded successfully - version: 4.0.5 - missing functions: none
symbol engine: initialized successfully - sym options: 0x614 - pdb path: .;C:\Program Files\Java\jdk-21\bin;C:\WINDOWS\SYSTEM32;C:\WINDOWS\WinSxS\amd64_microsoft.windows.common-controls_6595b64144ccf1df_6.0.22621.4541_none_2710d1c57384c085;C:\Program Files\Java\jdk-21\bin\server;C:\Users\USER\.openjfx\cache\23.0.1+4\amd64;C:\WINDOWS\System32\DriverStore\FileRepository\iigd_dch.inf_amd64_03e2a5c7c3b3fa7c;C:\Program Files\Common Files\Microsoft Shared\Ink

VM Arguments:
jvm_args: --module-path=C:\Users\USER\.m2\repository\org\openjfx\javafx-base\23.0.1\javafx-base-23.0.1-win.jar;C:\Users\USER\.m2\repository\org\openjfx\javafx-base\23.0.1\javafx-base-23.0.1.jar;C:\Users\USER\.m2\repository\org\openjfx\javafx-controls\23.0.1\javafx-controls-23.0.1-win.jar;C:\Users\USER\.m2\repository\org\openjfx\javafx-controls\23.0.1\javafx-controls-23.0.1.jar;C:\Users\USER\.m2\repository\org\openjfx\javafx-fxml\23.0.1\javafx-fxml-23.0.1-win.jar;C:\Users\USER\.m2\repository\org\openjfx\javafx-fxml\23.0.1\javafx-fxml-23.0.1.jar;C:\Users\USER\.m2\repository\org\openjfx\javafx-graphics\23.0.1\javafx-graphics-23.0.1-win.jar;C:\Users\USER\.m2\repository\org\openjfx\javafx-graphics\23.0.1\javafx-graphics-23.0.1.jar --add-modules=javafx.base,javafx.controls,javafx.fxml,javafx.graphics 
java_command: com.mycompany.java_farm.mainUi
java_class_path (initial): D:\FILE MEEEEE\SEMESTER 3\PBO\Java_farm\Java_farm\target\classes;C:\Users\USER\.m2\repository\au\com\dius\pact\core\pactbroker\4.6.15\pactbroker-4.6.15.jar;C:\Users\USER\.m2\repository\au\com\dius\pact\core\support\4.6.15\support-4.6.15.jar;C:\Users\USER\.m2\repository\com\github\mifmif\generex\1.0.2\generex-1.0.2.jar;C:\Users\USER\.m2\repository\com\google\code\findbugs\jsr305\3.0.2\jsr305-3.0.2.jar;C:\Users\USER\.m2\repository\com\google\errorprone\error_prone_annotations\2.11.0\error_prone_annotations-2.11.0.jar;C:\Users\USER\.m2\repository\com\google\guava\failureaccess\1.0.1\failureaccess-1.0.1.jar;C:\Users\USER\.m2\repository\com\google\guava\guava\31.1-jre\guava-31.1-jre.jar;C:\Users\USER\.m2\repository\com\google\guava\listenablefuture\9999.0-empty-to-avoid-conflict-with-guava\listenablefuture-9999.0-empty-to-avoid-conflict-with-guava.jar;C:\Users\USER\.m2\repository\com\google\j2objc\j2objc-annotations\1.3\j2objc-annotations-1.3.jar;C:\Users\USER\.m2\repository\com\google\protobuf\protobuf-java\3.21.9\protobuf-java-3.21.9.jar;C:\Users\USER\.m2\repository\com\mysql\mysql-connector-j\8.0.33\mysql-connector-j-8.0.33.jar;C:\Users\USER\.m2\repository\commons-codec\commons-codec\1.15\commons-codec-1.15.jar;C:\Users\USER\.m2\repository\dk\brics\automaton\automaton\1.11-8\automaton-1.11-8.jar;C:\Users\USER\.m2\repository\io\github\oshai\kotlin-logging-jvm\5.1.4\kotlin-logging-jvm-5.1.4.jar;C:\Users\USER\.m2\repository\org\apache\commons\commons-lang3\3.12.0\commons-lang3-3.12.0.jar;C:\Users\USER\.m2\repository\org\apache\commons\commons-text\1.10.0\commons-text-1.10.0.jar;C:\Users\USER\.m2\repository\org\apache\httpcomponents\client5\httpclient5\5.3.1\httpclient5-5.3.1.jar;C:\Users\USER\.m2\repository\org\apache\httpcomponents\client5\httpclient5-fluent\5.3.1\httpclient5-fluent-5.3.1.jar;C:\Users\USER\.m2\repository\org\apache\httpcomponents\core5\httpcore5\5.2.4\httpcore5-5.2.4.jar;C:\Users\USER\.m2\repository\org\apache\httpcomponents\core5\httpcore5-h2\5.2.4\httpcore5-h2-5.2.4.jar;C:\Users\USER\.m2\repository\org\checkerframework\checker-qual\3.12.0\checker-qual-3.12.0.jar;C:\Users\USER\.m2\repository\org\jetbrains\annotations\13.0\annotations-13.0.jar;C:\Users\USER\.m2\repository\org\jetbrains\kotlin\kotlin-reflect\1.8.22\kotlin-reflect-1.8.22.jar;C:\Users\USER\.m2\repository\org\jetbrains\kotlin\kotlin-stdlib\1.8.22\kotlin-stdlib-1.8.22.jar;C:\Users\USER\.m2\repository\org\jetbrains\kotlin\kotlin-stdlib-common\1.8.22\kotlin-stdlib-common-1.8.22.jar;C:\Users\USER\.m2\repository\org\jetbrains\kotlin\kotlin-stdlib-jdk7\1.8.22\kotlin-stdlib-jdk7-1.8.22.jar;C:\Users\USER\.m2\repository\org\jetbrains\kotlin\kotlin-stdlib-jdk8\1.8.22\kotlin-stdlib-jdk8-1.8.22.jar;C:\Users\USER\.m2\repository\org\slf4j\slf4j-api\1.7.36\slf4j-api-1.7.36.jar
Launcher Type: SUN_STANDARD

[Global flags]
     intx CICompilerCount                          = 3                                         {product} {ergonomic}
     uint ConcGCThreads                            = 1                                         {product} {ergonomic}
     uint G1ConcRefinementThreads                  = 4                                         {product} {ergonomic}
   size_t G1HeapRegionSize                         = 1048576                                   {product} {ergonomic}
    uintx GCDrainStackTargetSize                   = 64                                        {product} {ergonomic}
   size_t InitialHeapSize                          = 65011712                                  {product} {ergonomic}
   size_t MarkStackSize                            = 4194304                                   {product} {ergonomic}
   size_t MaxHeapSize                              = 1021313024                                {product} {ergonomic}
   size_t MaxNewSize                               = 612368384                                 {product} {ergonomic}
   size_t MinHeapDeltaBytes                        = 1048576                                   {product} {ergonomic}
   size_t MinHeapSize                              = 8388608                                   {product} {ergonomic}
    uintx NonNMethodCodeHeapSize                   = 5832780                                {pd product} {ergonomic}
    uintx NonProfiledCodeHeapSize                  = 122912730                              {pd product} {ergonomic}
    uintx ProfiledCodeHeapSize                     = 122912730                              {pd product} {ergonomic}
    uintx ReservedCodeCacheSize                    = 251658240                              {pd product} {ergonomic}
     bool SegmentedCodeCache                       = true                                      {product} {ergonomic}
   size_t SoftMaxHeapSize                          = 1021313024                             {manageable} {ergonomic}
     bool UseCompressedOops                        = true                           {product lp64_product} {ergonomic}
     bool UseG1GC                                  = true                                      {product} {ergonomic}
     bool UseLargePagesIndividualAllocation        = false                                  {pd product} {ergonomic}

Logging:
Log output configuration:
 #0: stdout all=warning uptime,level,tags foldmultilines=false
 #1: stderr all=off uptime,level,tags foldmultilines=false

Environment Variables:
JAVA_HOME=C:\Program Files\Java\jdk-21
PATH=C:\Program Files\Common Files\Oracle\Java\javapath;C:\WINDOWS\system32;C:\WINDOWS;C:\WINDOWS\System32\Wbem;C:\WINDOWS\System32\WindowsPowerShell\v1.0\;C:\WINDOWS\System32\OpenSSH\;C:\MinGW\bin;C:\Program Files\dotnet\;C:\Program Files\MySQL\MySQL Server 8.0\bin;C:\xampp\php;C:\Program Files\MATLAB\R2024b\bin;C:\Program Files\Java\jdk-23\bin;C:\Users\USER\Downloads\apache-ant-1.10.15-bin\bin;C:\Program Files\Java\javafx-sdk-23.0.1\bin;C:\Program Files\NetBeans-20\netbeans\java\maven;C:\Users\USER\Downloads\apache-maven-3.9.9-bin\apache-maven-3.9.9\bin;C:\Program Files\Java\jdk-21\bin;C:\Program Files\Java\javafx-sdk-21.0.5\bin;C:\Program Files\Java\jdk-21\bin;C:\Program Files\MySQL\MySQL Shell 8.0\bin\;C:\Users\USER\AppData\Local\Microsoft\WindowsApps;;C:\Users\USER\Documents\FILE MEEEEE\Microsoft VS Code\bin
USERNAME=USER
OS=Windows_NT
PROCESSOR_IDENTIFIER=Intel64 Family 6 Model 140 Stepping 1, GenuineIntel
TMP=C:\Users\USER\AppData\Local\Temp
TEMP=C:\Users\USER\AppData\Local\Temp




Periodic native trim disabled

---------------  S Y S T E M  ---------------

OS:
 Windows 11 , 64 bit Build 22621 (10.0.22621.4391)
OS uptime: 0 days 5:04 hours

CPU: total 4 (initial active 4) (2 cores per cpu, 2 threads per core) family 6 model 140 stepping 1 microcode 0x9a, cx8, cmov, fxsr, ht, mmx, 3dnowpref, sse, sse2, sse3, ssse3, sse4.1, sse4.2, popcnt, lzcnt, tsc, tscinvbit, avx, avx2, aes, erms, clmul, bmi1, bmi2, adx, avx512f, avx512dq, avx512cd, avx512bw, avx512vl, sha, fma, vzeroupper, avx512_vpopcntdq, avx512_vpclmulqdq, avx512_vaes, avx512_vnni, clflush, clflushopt, clwb, avx512_vbmi2, avx512_vbmi, rdtscp, rdpid, fsrm, gfni, avx512_bitalg, f16c, pku, cet_ibt, cet_ss, avx512_ifma
Processor Information for all 4 processors :
  Max Mhz: 2995, Current Mhz: 2995, Mhz Limit: 2995

Memory: 4k page, system-wide physical 3895M (253M free)
TotalPageFile size 15671M (AvailPageFile size 3M)
current process WorkingSet (physical memory assigned to process): 358M, peak: 358M
current process commit charge ("private bytes"): 442M, peak: 443M

vm_info: Java HotSpot(TM) 64-Bit Server VM (21.0.5+9-LTS-239) for windows-amd64 JRE (21.0.5+9-LTS-239), built on 2024-09-30T05:17:38Z by "mach5one" with MS VC++ 17.6 (VS2022)

END.
