#
# There is insufficient memory for the Java Runtime Environment to continue.
# Native memory allocation (malloc) failed to allocate 590848 bytes for Chunk::new
# Possible reasons:
#   The system is out of physical RAM or swap space
#   The process is running with CompressedOops enabled, and the Java Heap may be blocking the growth of the native heap
# Possible solutions:
#   Reduce memory load on the system
#   Increase physical memory or swap space
#   Check if swap backing store is full
#   Decrease Java heap size (-Xmx/-Xms)
#   Decrease number of Java threads
#   Decrease Java thread stack sizes (-Xss)
#   Set larger code cache with -XX:ReservedCodeCacheSize=
#   JVM is running with Unscaled Compressed Oops mode in which the Java heap is
#     placed in the first 4GB address space. The Java Heap base address is the
#     maximum limit for the native heap growth. Please use -XX:HeapBaseMinAddress
#     to set the Java Heap base and to place the Java Heap above 4GB virtual address.
# This output file may be truncated or incomplete.
#
#  Out of Memory Error (arena.cpp:168), pid=4456, tid=3484
#
# JRE version: Java(TM) SE Runtime Environment (21.0.5+9) (build 21.0.5+9-LTS-239)
# Java VM: Java HotSpot(TM) 64-Bit Server VM (21.0.5+9-LTS-239, mixed mode, sharing, tiered, compressed oops, compressed class ptrs, g1 gc, windows-amd64)
# No core dump will be written. Minidumps are not enabled by default on client versions of Windows
#

---------------  S U M M A R Y ------------

Command Line: --module-path=C:\Users\USER\.m2\repository\org\openjfx\javafx-base\23.0.1\javafx-base-23.0.1-win.jar;C:\Users\USER\.m2\repository\org\openjfx\javafx-base\23.0.1\javafx-base-23.0.1.jar;C:\Users\USER\.m2\repository\org\openjfx\javafx-controls\23.0.1\javafx-controls-23.0.1-win.jar;C:\Users\USER\.m2\repository\org\openjfx\javafx-controls\23.0.1\javafx-controls-23.0.1.jar;C:\Users\USER\.m2\repository\org\openjfx\javafx-fxml\23.0.1\javafx-fxml-23.0.1-win.jar;C:\Users\USER\.m2\repository\org\openjfx\javafx-fxml\23.0.1\javafx-fxml-23.0.1.jar;C:\Users\USER\.m2\repository\org\openjfx\javafx-graphics\23.0.1\javafx-graphics-23.0.1-win.jar;C:\Users\USER\.m2\repository\org\openjfx\javafx-graphics\23.0.1\javafx-graphics-23.0.1.jar --add-modules=javafx.base,javafx.controls,javafx.fxml,javafx.graphics com.mycompany.java_farm.mainUi

Host: 11th Gen Intel(R) Core(TM) i3-1115G4 @ 3.00GHz, 4 cores, 3G,  Windows 11 , 64 bit Build 22621 (10.0.22621.4391)
Time: Wed Dec 11 20:12:53 2024 SE Asia Standard Time elapsed time: 30.293136 seconds (0d 0h 0m 30s)

---------------  T H R E A D  ---------------

Current thread (0x0000026383147550):  JavaThread "C2 CompilerThread0" daemon [_thread_in_native, id=3484, stack(0x0000009479e00000,0x0000009479f00000) (1024K)]


Current CompileTask:
C2:  30293 5326       4       javafx.scene.CssStyleHelper::resolveRef (134 bytes)

Stack: [0x0000009479e00000,0x0000009479f00000]
Native frames: (J=compiled Java code, j=interpreted, Vv=VM code, C=native code)
V  [jvm.dll+0x6ca289]
V  [jvm.dll+0x854a51]
V  [jvm.dll+0x856f7e]
V  [jvm.dll+0x857653]
V  [jvm.dll+0x27dd26]
V  [jvm.dll+0xc4c2d]
V  [jvm.dll+0xc5163]
V  [jvm.dll+0x3b4d3c]
V  [jvm.dll+0x3814b5]
V  [jvm.dll+0x38092a]
V  [jvm.dll+0x246910]
V  [jvm.dll+0x245eef]
V  [jvm.dll+0x1c6d0e]
V  [jvm.dll+0x2554d9]
V  [jvm.dll+0x253a6a]
V  [jvm.dll+0x3ee136]
V  [jvm.dll+0x7fee9b]
V  [jvm.dll+0x6c896d]
C  [ucrtbase.dll+0x29333]
C  [KERNEL32.DLL+0x1259d]
C  [ntdll.dll+0x5af38]


---------------  P R O C E S S  ---------------

Threads class SMR info:
_java_thread_list=0x000002638dfc5910, length=18, elements={
0x00000263273e5870, 0x000002638312eef0, 0x000002638312fe00, 0x0000026383134f00,
0x0000026383137a50, 0x0000026383139d40, 0x000002638313bd90, 0x0000026383147550,
0x000002638314b650, 0x000002638313b700, 0x000002638313d140, 0x000002638313c420,
0x000002638313b070, 0x000002638313cab0, 0x000002638313d7d0, 0x000002638313de60,
0x000002638dea69f0, 0x000002638dea8430
}

Java Threads: ( => current thread )
  0x00000263273e5870 JavaThread "main"                              [_thread_blocked, id=6584, stack(0x0000009479000000,0x0000009479100000) (1024K)]
  0x000002638312eef0 JavaThread "Reference Handler"          daemon [_thread_blocked, id=17332, stack(0x0000009479800000,0x0000009479900000) (1024K)]
  0x000002638312fe00 JavaThread "Finalizer"                  daemon [_thread_blocked, id=3700, stack(0x0000009479900000,0x0000009479a00000) (1024K)]
  0x0000026383134f00 JavaThread "Signal Dispatcher"          daemon [_thread_blocked, id=17376, stack(0x0000009479a00000,0x0000009479b00000) (1024K)]
  0x0000026383137a50 JavaThread "Attach Listener"            daemon [_thread_blocked, id=16012, stack(0x0000009479b00000,0x0000009479c00000) (1024K)]
  0x0000026383139d40 JavaThread "Service Thread"             daemon [_thread_blocked, id=1688, stack(0x0000009479c00000,0x0000009479d00000) (1024K)]
  0x000002638313bd90 JavaThread "Monitor Deflation Thread"   daemon [_thread_blocked, id=15684, stack(0x0000009479d00000,0x0000009479e00000) (1024K)]
=>0x0000026383147550 JavaThread "C2 CompilerThread0"         daemon [_thread_in_native, id=3484, stack(0x0000009479e00000,0x0000009479f00000) (1024K)]
  0x000002638314b650 JavaThread "C1 CompilerThread0"         daemon [_thread_blocked, id=6552, stack(0x0000009479f00000,0x000000947a000000) (1024K)]
  0x000002638313b700 JavaThread "Common-Cleaner"             daemon [_thread_blocked, id=13520, stack(0x000000947a000000,0x000000947a100000) (1024K)]
  0x000002638313d140 JavaThread "Notification Thread"        daemon [_thread_blocked, id=17108, stack(0x000000947a100000,0x000000947a200000) (1024K)]
  0x000002638313c420 JavaThread "QuantumRenderer-0"          daemon [_thread_blocked, id=12292, stack(0x000000947a500000,0x000000947a600000) (1024K)]
  0x000002638313b070 JavaThread "InvokeLaterDispatcher"      daemon [_thread_blocked, id=15548, stack(0x000000947a600000,0x000000947a700000) (1024K)]
  0x000002638313cab0 JavaThread "JavaFX Application Thread"         [_thread_in_native, id=6020, stack(0x000000947a700000,0x000000947a800000) (1024K)]
  0x000002638313d7d0 JavaThread "JavaFX-Launcher"                   [_thread_blocked, id=16772, stack(0x000000947ac00000,0x000000947ad00000) (1024K)]
  0x000002638313de60 JavaThread "Thread-2"                   daemon [_thread_in_native, id=10472, stack(0x000000947ab00000,0x000000947ac00000) (1024K)]
  0x000002638dea69f0 JavaThread "Prism Font Disposer"        daemon [_thread_blocked, id=6088, stack(0x000000947ad00000,0x000000947ae00000) (1024K)]
  0x000002638dea8430 JavaThread "Cleaner-0"                  daemon [_thread_blocked, id=12456, stack(0x000000947b100000,0x000000947b200000) (1024K)]
Total: 18

Other Threads:
  0x0000026327499e50 VMThread "VM Thread"                           [id=13500, stack(0x0000009479700000,0x0000009479800000) (1024K)]
  0x000002638311d7f0 WatcherThread "VM Periodic Task Thread"        [id=5184, stack(0x0000009479600000,0x0000009479700000) (1024K)]
  0x0000026327415c30 WorkerThread "GC Thread#0"                     [id=11888, stack(0x0000009479100000,0x0000009479200000) (1024K)]
  0x00000263837fabe0 WorkerThread "GC Thread#1"                     [id=16116, stack(0x000000947a200000,0x000000947a300000) (1024K)]
  0x00000263839449a0 WorkerThread "GC Thread#2"                     [id=4748, stack(0x000000947a300000,0x000000947a400000) (1024K)]
  0x00000263834819e0 WorkerThread "GC Thread#3"                     [id=16044, stack(0x000000947a400000,0x000000947a500000) (1024K)]
  0x000002632741ede0 ConcurrentGCThread "G1 Main Marker"            [id=16896, stack(0x0000009479200000,0x0000009479300000) (1024K)]
  0x0000026327420230 WorkerThread "G1 Conc#0"                       [id=13324, stack(0x0000009479300000,0x0000009479400000) (1024K)]
  0x00000263274774a0 ConcurrentGCThread "G1 Refine#0"               [id=15396, stack(0x0000009479400000,0x0000009479500000) (1024K)]
  0x0000026327478960 ConcurrentGCThread "G1 Service"                [id=8872, stack(0x0000009479500000,0x0000009479600000) (1024K)]
Total: 10

Threads with active compile tasks:
C2 CompilerThread0    30325 5326       4       javafx.scene.CssStyleHelper::resolveRef (134 bytes)
Total: 1

VM state: not at safepoint (normal execution)

VM Mutex/Monitor currently owned by a thread: None

Heap address: 0x00000000c3200000, size: 974 MB, Compressed Oops mode: 32-bit

CDS archive(s) mapped at: [0x0000026342000000-0x0000026342c90000-0x0000026342c90000), size 13172736, SharedBaseAddress: 0x0000026342000000, ArchiveRelocationMode: 1.
Compressed class space mapped at: 0x0000026343000000-0x0000026383000000, reserved size: 1073741824
Narrow klass base: 0x0000026342000000, Narrow klass shift: 0, Narrow klass range: 0x100000000

GC Precious Log:
 CardTable entry size: 512
 Card Set container configuration: InlinePtr #cards 5 size 8 Array Of Cards #cards 12 size 40 Howl #buckets 4 coarsen threshold 1843 Howl Bitmap #cards 512 size 80 coarsen threshold 460 Card regions per heap region 1 cards per card region 2048
 CPUs: 4 total, 4 available
 Memory: 3895M
 Large Page Support: Disabled
 NUMA Support: Disabled
 Compressed Oops: Enabled (32-bit)
 Heap Region Size: 1M
 Heap Min Capacity: 8M
 Heap Initial Capacity: 62M
 Heap Max Capacity: 974M
 Pre-touch: Disabled
 Parallel Workers: 4
 Concurrent Workers: 1
 Concurrent Refinement Workers: 4
 Periodic GC: Disabled

Heap:
 garbage-first heap   total 178176K, used 140867K [0x00000000c3200000, 0x0000000100000000)
  region size 1024K, 4 young (4096K), 3 survivors (3072K)
 Metaspace       used 18943K, committed 19328K, reserved 1114112K
  class space    used 2626K, committed 2816K, reserved 1048576K

Heap Regions: E=young(eden), S=young(survivor), O=old, HS=humongous(starts), HC=humongous(continues), CS=collection set, F=free, TAMS=top-at-mark-start, PB=parsable bottom
|   0|0x00000000c3200000, 0x00000000c3300000, 0x00000000c3300000|100%| O|  |TAMS 0x00000000c3200000| PB 0x00000000c3200000| Untracked 
|   1|0x00000000c3300000, 0x00000000c3400000, 0x00000000c3400000|100%| O|  |TAMS 0x00000000c3300000| PB 0x00000000c3300000| Untracked 
|   2|0x00000000c3400000, 0x00000000c3500000, 0x00000000c3500000|100%| O|  |TAMS 0x00000000c3400000| PB 0x00000000c3400000| Untracked 
|   3|0x00000000c3500000, 0x00000000c3600000, 0x00000000c3600000|100%| O|  |TAMS 0x00000000c3500000| PB 0x00000000c3500000| Untracked 
|   4|0x00000000c3600000, 0x00000000c3700000, 0x00000000c3700000|100%| O|  |TAMS 0x00000000c3600000| PB 0x00000000c3600000| Untracked 
|   5|0x00000000c3700000, 0x00000000c3800000, 0x00000000c3800000|100%|HS|  |TAMS 0x00000000c3700000| PB 0x00000000c3700000| Complete 
|   6|0x00000000c3800000, 0x00000000c3900000, 0x00000000c3900000|100%|HC|  |TAMS 0x00000000c3800000| PB 0x00000000c3800000| Complete 
|   7|0x00000000c3900000, 0x00000000c3a00000, 0x00000000c3a00000|100%|HS|  |TAMS 0x00000000c3900000| PB 0x00000000c3900000| Complete 
|   8|0x00000000c3a00000, 0x00000000c3b00000, 0x00000000c3b00000|100%|HC|  |TAMS 0x00000000c3a00000| PB 0x00000000c3a00000| Complete 
|   9|0x00000000c3b00000, 0x00000000c3c00000, 0x00000000c3c00000|100%|HS|  |TAMS 0x00000000c3b00000| PB 0x00000000c3b00000| Complete 
|  10|0x00000000c3c00000, 0x00000000c3d00000, 0x00000000c3d00000|100%|HC|  |TAMS 0x00000000c3c00000| PB 0x00000000c3c00000| Complete 
|  11|0x00000000c3d00000, 0x00000000c3e00000, 0x00000000c3e00000|100%|HC|  |TAMS 0x00000000c3d00000| PB 0x00000000c3d00000| Complete 
|  12|0x00000000c3e00000, 0x00000000c3f00000, 0x00000000c3f00000|100%|HC|  |TAMS 0x00000000c3e00000| PB 0x00000000c3e00000| Complete 
|  13|0x00000000c3f00000, 0x00000000c4000000, 0x00000000c4000000|100%|HS|  |TAMS 0x00000000c3f00000| PB 0x00000000c3f00000| Complete 
|  14|0x00000000c4000000, 0x00000000c4100000, 0x00000000c4100000|100%|HC|  |TAMS 0x00000000c4000000| PB 0x00000000c4000000| Complete 
|  15|0x00000000c4100000, 0x00000000c4200000, 0x00000000c4200000|100%|HS|  |TAMS 0x00000000c4100000| PB 0x00000000c4100000| Complete 
|  16|0x00000000c4200000, 0x00000000c4300000, 0x00000000c4300000|100%|HC|  |TAMS 0x00000000c4200000| PB 0x00000000c4200000| Complete 
|  17|0x00000000c4300000, 0x00000000c4400000, 0x00000000c4400000|100%|HS|  |TAMS 0x00000000c4300000| PB 0x00000000c4300000| Complete 
|  18|0x00000000c4400000, 0x00000000c4500000, 0x00000000c4500000|100%|HC|  |TAMS 0x00000000c4400000| PB 0x00000000c4400000| Complete 
|  19|0x00000000c4500000, 0x00000000c4600000, 0x00000000c4600000|100%| O|  |TAMS 0x00000000c4500000| PB 0x00000000c4500000| Untracked 
|  20|0x00000000c4600000, 0x00000000c4700000, 0x00000000c4700000|100%| O|  |TAMS 0x00000000c4600000| PB 0x00000000c4600000| Untracked 
|  21|0x00000000c4700000, 0x00000000c4800000, 0x00000000c4800000|100%| O|  |TAMS 0x00000000c4700000| PB 0x00000000c4700000| Untracked 
|  22|0x00000000c4800000, 0x00000000c4800000, 0x00000000c4900000|  0%| F|  |TAMS 0x00000000c4800000| PB 0x00000000c4800000| Untracked 
|  23|0x00000000c4900000, 0x00000000c4900000, 0x00000000c4a00000|  0%| F|  |TAMS 0x00000000c4900000| PB 0x00000000c4900000| Untracked 
|  24|0x00000000c4a00000, 0x00000000c4b00000, 0x00000000c4b00000|100%|HS|  |TAMS 0x00000000c4a00000| PB 0x00000000c4a00000| Complete 
|  25|0x00000000c4b00000, 0x00000000c4c00000, 0x00000000c4c00000|100%|HS|  |TAMS 0x00000000c4b00000| PB 0x00000000c4b00000| Complete 
|  26|0x00000000c4c00000, 0x00000000c4d00000, 0x00000000c4d00000|100%|HC|  |TAMS 0x00000000c4c00000| PB 0x00000000c4c00000| Complete 
|  27|0x00000000c4d00000, 0x00000000c4e00000, 0x00000000c4e00000|100%|HS|  |TAMS 0x00000000c4d00000| PB 0x00000000c4d00000| Complete 
|  28|0x00000000c4e00000, 0x00000000c4f00000, 0x00000000c4f00000|100%|HC|  |TAMS 0x00000000c4e00000| PB 0x00000000c4e00000| Complete 
|  29|0x00000000c4f00000, 0x00000000c5000000, 0x00000000c5000000|100%|HS|  |TAMS 0x00000000c4f00000| PB 0x00000000c4f00000| Complete 
|  30|0x00000000c5000000, 0x00000000c5100000, 0x00000000c5100000|100%|HC|  |TAMS 0x00000000c5000000| PB 0x00000000c5000000| Complete 
|  31|0x00000000c5100000, 0x00000000c5200000, 0x00000000c5200000|100%|HS|  |TAMS 0x00000000c5100000| PB 0x00000000c5100000| Complete 
|  32|0x00000000c5200000, 0x00000000c5300000, 0x00000000c5300000|100%|HC|  |TAMS 0x00000000c5200000| PB 0x00000000c5200000| Complete 
|  33|0x00000000c5300000, 0x00000000c5400000, 0x00000000c5400000|100%|HS|  |TAMS 0x00000000c5300000| PB 0x00000000c5300000| Complete 
|  34|0x00000000c5400000, 0x00000000c5500000, 0x00000000c5500000|100%|HC|  |TAMS 0x00000000c5400000| PB 0x00000000c5400000| Complete 
|  35|0x00000000c5500000, 0x00000000c5600000, 0x00000000c5600000|100%|HS|  |TAMS 0x00000000c5500000| PB 0x00000000c5500000| Complete 
|  36|0x00000000c5600000, 0x00000000c5700000, 0x00000000c5700000|100%|HC|  |TAMS 0x00000000c5600000| PB 0x00000000c5600000| Complete 
|  37|0x00000000c5700000, 0x00000000c5800000, 0x00000000c5800000|100%|HS|  |TAMS 0x00000000c5700000| PB 0x00000000c5700000| Complete 
|  38|0x00000000c5800000, 0x00000000c5900000, 0x00000000c5900000|100%|HS|  |TAMS 0x00000000c5800000| PB 0x00000000c5800000| Complete 
|  39|0x00000000c5900000, 0x00000000c5a00000, 0x00000000c5a00000|100%|HC|  |TAMS 0x00000000c5900000| PB 0x00000000c5900000| Complete 
|  40|0x00000000c5a00000, 0x00000000c5b00000, 0x00000000c5b00000|100%|HC|  |TAMS 0x00000000c5a00000| PB 0x00000000c5a00000| Complete 
|  41|0x00000000c5b00000, 0x00000000c5c00000, 0x00000000c5c00000|100%|HC|  |TAMS 0x00000000c5b00000| PB 0x00000000c5b00000| Complete 
|  42|0x00000000c5c00000, 0x00000000c5d00000, 0x00000000c5d00000|100%|HS|  |TAMS 0x00000000c5c00000| PB 0x00000000c5c00000| Complete 
|  43|0x00000000c5d00000, 0x00000000c5e00000, 0x00000000c5e00000|100%|HC|  |TAMS 0x00000000c5d00000| PB 0x00000000c5d00000| Complete 
|  44|0x00000000c5e00000, 0x00000000c5f00000, 0x00000000c5f00000|100%|HC|  |TAMS 0x00000000c5e00000| PB 0x00000000c5e00000| Complete 
|  45|0x00000000c5f00000, 0x00000000c6000000, 0x00000000c6000000|100%|HC|  |TAMS 0x00000000c5f00000| PB 0x00000000c5f00000| Complete 
|  46|0x00000000c6000000, 0x00000000c6100000, 0x00000000c6100000|100%|HC|  |TAMS 0x00000000c6000000| PB 0x00000000c6000000| Complete 
|  47|0x00000000c6100000, 0x00000000c6200000, 0x00000000c6200000|100%|HC|  |TAMS 0x00000000c6100000| PB 0x00000000c6100000| Complete 
|  48|0x00000000c6200000, 0x00000000c6300000, 0x00000000c6300000|100%|HC|  |TAMS 0x00000000c6200000| PB 0x00000000c6200000| Complete 
|  49|0x00000000c6300000, 0x00000000c6400000, 0x00000000c6400000|100%|HC|  |TAMS 0x00000000c6300000| PB 0x00000000c6300000| Complete 
|  50|0x00000000c6400000, 0x00000000c6500000, 0x00000000c6500000|100%|HS|  |TAMS 0x00000000c6400000| PB 0x00000000c6400000| Complete 
|  51|0x00000000c6500000, 0x00000000c6600000, 0x00000000c6600000|100%|HC|  |TAMS 0x00000000c6500000| PB 0x00000000c6500000| Complete 
|  52|0x00000000c6600000, 0x00000000c6600000, 0x00000000c6700000|  0%| F|  |TAMS 0x00000000c6600000| PB 0x00000000c6600000| Untracked 
|  53|0x00000000c6700000, 0x00000000c6700000, 0x00000000c6800000|  0%| F|  |TAMS 0x00000000c6700000| PB 0x00000000c6700000| Untracked 
|  54|0x00000000c6800000, 0x00000000c6800000, 0x00000000c6900000|  0%| F|  |TAMS 0x00000000c6800000| PB 0x00000000c6800000| Untracked 
|  55|0x00000000c6900000, 0x00000000c6900000, 0x00000000c6a00000|  0%| F|  |TAMS 0x00000000c6900000| PB 0x00000000c6900000| Untracked 
|  56|0x00000000c6a00000, 0x00000000c6a00000, 0x00000000c6b00000|  0%| F|  |TAMS 0x00000000c6a00000| PB 0x00000000c6a00000| Untracked 
|  57|0x00000000c6b00000, 0x00000000c6b00000, 0x00000000c6c00000|  0%| F|  |TAMS 0x00000000c6b00000| PB 0x00000000c6b00000| Untracked 
|  58|0x00000000c6c00000, 0x00000000c6c00000, 0x00000000c6d00000|  0%| F|  |TAMS 0x00000000c6c00000| PB 0x00000000c6c00000| Untracked 
|  59|0x00000000c6d00000, 0x00000000c6d00000, 0x00000000c6e00000|  0%| F|  |TAMS 0x00000000c6d00000| PB 0x00000000c6d00000| Untracked 
|  60|0x00000000c6e00000, 0x00000000c6e00000, 0x00000000c6f00000|  0%| F|  |TAMS 0x00000000c6e00000| PB 0x00000000c6e00000| Untracked 
|  61|0x00000000c6f00000, 0x00000000c6f00000, 0x00000000c7000000|  0%| F|  |TAMS 0x00000000c6f00000| PB 0x00000000c6f00000| Untracked 
|  62|0x00000000c7000000, 0x00000000c7000000, 0x00000000c7100000|  0%| F|  |TAMS 0x00000000c7000000| PB 0x00000000c7000000| Untracked 
|  63|0x00000000c7100000, 0x00000000c7100000, 0x00000000c7200000|  0%| F|  |TAMS 0x00000000c7100000| PB 0x00000000c7100000| Untracked 
|  64|0x00000000c7200000, 0x00000000c7200000, 0x00000000c7300000|  0%| F|  |TAMS 0x00000000c7200000| PB 0x00000000c7200000| Untracked 
|  65|0x00000000c7300000, 0x00000000c7300000, 0x00000000c7400000|  0%| F|  |TAMS 0x00000000c7300000| PB 0x00000000c7300000| Untracked 
|  66|0x00000000c7400000, 0x00000000c7400000, 0x00000000c7500000|  0%| F|  |TAMS 0x00000000c7400000| PB 0x00000000c7400000| Untracked 
|  67|0x00000000c7500000, 0x00000000c7500000, 0x00000000c7600000|  0%| F|  |TAMS 0x00000000c7500000| PB 0x00000000c7500000| Untracked 
|  68|0x00000000c7600000, 0x00000000c7600000, 0x00000000c7700000|  0%| F|  |TAMS 0x00000000c7600000| PB 0x00000000c7600000| Untracked 
|  69|0x00000000c7700000, 0x00000000c7700000, 0x00000000c7800000|  0%| F|  |TAMS 0x00000000c7700000| PB 0x00000000c7700000| Untracked 
|  70|0x00000000c7800000, 0x00000000c7800000, 0x00000000c7900000|  0%| F|  |TAMS 0x00000000c7800000| PB 0x00000000c7800000| Untracked 
|  71|0x00000000c7900000, 0x00000000c7900000, 0x00000000c7a00000|  0%| F|  |TAMS 0x00000000c7900000| PB 0x00000000c7900000| Untracked 
|  72|0x00000000c7a00000, 0x00000000c7a00000, 0x00000000c7b00000|  0%| F|  |TAMS 0x00000000c7a00000| PB 0x00000000c7a00000| Untracked 
|  73|0x00000000c7b00000, 0x00000000c7b00000, 0x00000000c7c00000|  0%| F|  |TAMS 0x00000000c7b00000| PB 0x00000000c7b00000| Untracked 
|  74|0x00000000c7c00000, 0x00000000c7c00000, 0x00000000c7d00000|  0%| F|  |TAMS 0x00000000c7c00000| PB 0x00000000c7c00000| Untracked 
|  75|0x00000000c7d00000, 0x00000000c7d00000, 0x00000000c7e00000|  0%| F|  |TAMS 0x00000000c7d00000| PB 0x00000000c7d00000| Untracked 
|  76|0x00000000c7e00000, 0x00000000c7e00000, 0x00000000c7f00000|  0%| F|  |TAMS 0x00000000c7e00000| PB 0x00000000c7e00000| Untracked 
|  77|0x00000000c7f00000, 0x00000000c7f00000, 0x00000000c8000000|  0%| F|  |TAMS 0x00000000c7f00000| PB 0x00000000c7f00000| Untracked 
|  78|0x00000000c8000000, 0x00000000c8000000, 0x00000000c8100000|  0%| F|  |TAMS 0x00000000c8000000| PB 0x00000000c8000000| Untracked 
|  79|0x00000000c8100000, 0x00000000c8100000, 0x00000000c8200000|  0%| F|  |TAMS 0x00000000c8100000| PB 0x00000000c8100000| Untracked 
|  80|0x00000000c8200000, 0x00000000c8200000, 0x00000000c8300000|  0%| F|  |TAMS 0x00000000c8200000| PB 0x00000000c8200000| Untracked 
|  81|0x00000000c8300000, 0x00000000c8300000, 0x00000000c8400000|  0%| F|  |TAMS 0x00000000c8300000| PB 0x00000000c8300000| Untracked 
|  82|0x00000000c8400000, 0x00000000c8400000, 0x00000000c8500000|  0%| F|  |TAMS 0x00000000c8400000| PB 0x00000000c8400000| Untracked 
|  83|0x00000000c8500000, 0x00000000c8500000, 0x00000000c8600000|  0%| F|  |TAMS 0x00000000c8500000| PB 0x00000000c8500000| Untracked 
|  84|0x00000000c8600000, 0x00000000c8700000, 0x00000000c8700000|100%|HS|  |TAMS 0x00000000c8600000| PB 0x00000000c8600000| Complete 
|  85|0x00000000c8700000, 0x00000000c8800000, 0x00000000c8800000|100%|HC|  |TAMS 0x00000000c8700000| PB 0x00000000c8700000| Complete 
|  86|0x00000000c8800000, 0x00000000c8900000, 0x00000000c8900000|100%|HC|  |TAMS 0x00000000c8800000| PB 0x00000000c8800000| Complete 
|  87|0x00000000c8900000, 0x00000000c8a00000, 0x00000000c8a00000|100%|HC|  |TAMS 0x00000000c8900000| PB 0x00000000c8900000| Complete 
|  88|0x00000000c8a00000, 0x00000000c8b00000, 0x00000000c8b00000|100%|HC|  |TAMS 0x00000000c8a00000| PB 0x00000000c8a00000| Complete 
|  89|0x00000000c8b00000, 0x00000000c8c00000, 0x00000000c8c00000|100%|HC|  |TAMS 0x00000000c8b00000| PB 0x00000000c8b00000| Complete 
|  90|0x00000000c8c00000, 0x00000000c8d00000, 0x00000000c8d00000|100%|HC|  |TAMS 0x00000000c8c00000| PB 0x00000000c8c00000| Complete 
|  91|0x00000000c8d00000, 0x00000000c8e00000, 0x00000000c8e00000|100%|HC|  |TAMS 0x00000000c8d00000| PB 0x00000000c8d00000| Complete 
|  92|0x00000000c8e00000, 0x00000000c8f00000, 0x00000000c8f00000|100%|HC|  |TAMS 0x00000000c8e00000| PB 0x00000000c8e00000| Complete 
|  93|0x00000000c8f00000, 0x00000000c9000000, 0x00000000c9000000|100%|HC|  |TAMS 0x00000000c8f00000| PB 0x00000000c8f00000| Complete 
|  94|0x00000000c9000000, 0x00000000c9100000, 0x00000000c9100000|100%|HC|  |TAMS 0x00000000c9000000| PB 0x00000000c9000000| Complete 
|  95|0x00000000c9100000, 0x00000000c9200000, 0x00000000c9200000|100%|HC|  |TAMS 0x00000000c9100000| PB 0x00000000c9100000| Complete 
|  96|0x00000000c9200000, 0x00000000c9300000, 0x00000000c9300000|100%|HC|  |TAMS 0x00000000c9200000| PB 0x00000000c9200000| Complete 
|  97|0x00000000c9300000, 0x00000000c9400000, 0x00000000c9400000|100%|HC|  |TAMS 0x00000000c9300000| PB 0x00000000c9300000| Complete 
|  98|0x00000000c9400000, 0x00000000c9500000, 0x00000000c9500000|100%|HC|  |TAMS 0x00000000c9400000| PB 0x00000000c9400000| Complete 
|  99|0x00000000c9500000, 0x00000000c9600000, 0x00000000c9600000|100%|HC|  |TAMS 0x00000000c9500000| PB 0x00000000c9500000| Complete 
| 100|0x00000000c9600000, 0x00000000c9700000, 0x00000000c9700000|100%|HC|  |TAMS 0x00000000c9600000| PB 0x00000000c9600000| Complete 
| 101|0x00000000c9700000, 0x00000000c9800000, 0x00000000c9800000|100%|HC|  |TAMS 0x00000000c9700000| PB 0x00000000c9700000| Complete 
| 102|0x00000000c9800000, 0x00000000c9900000, 0x00000000c9900000|100%|HC|  |TAMS 0x00000000c9800000| PB 0x00000000c9800000| Complete 
| 103|0x00000000c9900000, 0x00000000c9a00000, 0x00000000c9a00000|100%|HC|  |TAMS 0x00000000c9900000| PB 0x00000000c9900000| Complete 
| 104|0x00000000c9a00000, 0x00000000c9b00000, 0x00000000c9b00000|100%|HC|  |TAMS 0x00000000c9a00000| PB 0x00000000c9a00000| Complete 
| 105|0x00000000c9b00000, 0x00000000c9c00000, 0x00000000c9c00000|100%|HC|  |TAMS 0x00000000c9b00000| PB 0x00000000c9b00000| Complete 
| 106|0x00000000c9c00000, 0x00000000c9d00000, 0x00000000c9d00000|100%|HC|  |TAMS 0x00000000c9c00000| PB 0x00000000c9c00000| Complete 
| 107|0x00000000c9d00000, 0x00000000c9e00000, 0x00000000c9e00000|100%|HC|  |TAMS 0x00000000c9d00000| PB 0x00000000c9d00000| Complete 
| 108|0x00000000c9e00000, 0x00000000c9f00000, 0x00000000c9f00000|100%|HC|  |TAMS 0x00000000c9e00000| PB 0x00000000c9e00000| Complete 
| 109|0x00000000c9f00000, 0x00000000ca000000, 0x00000000ca000000|100%|HC|  |TAMS 0x00000000c9f00000| PB 0x00000000c9f00000| Complete 
| 110|0x00000000ca000000, 0x00000000ca100000, 0x00000000ca100000|100%|HC|  |TAMS 0x00000000ca000000| PB 0x00000000ca000000| Complete 
| 111|0x00000000ca100000, 0x00000000ca200000, 0x00000000ca200000|100%|HC|  |TAMS 0x00000000ca100000| PB 0x00000000ca100000| Complete 
| 112|0x00000000ca200000, 0x00000000ca300000, 0x00000000ca300000|100%|HC|  |TAMS 0x00000000ca200000| PB 0x00000000ca200000| Complete 
| 113|0x00000000ca300000, 0x00000000ca400000, 0x00000000ca400000|100%|HC|  |TAMS 0x00000000ca300000| PB 0x00000000ca300000| Complete 
| 114|0x00000000ca400000, 0x00000000ca500000, 0x00000000ca500000|100%|HC|  |TAMS 0x00000000ca400000| PB 0x00000000ca400000| Complete 
| 115|0x00000000ca500000, 0x00000000ca600000, 0x00000000ca600000|100%|HC|  |TAMS 0x00000000ca500000| PB 0x00000000ca500000| Complete 
| 116|0x00000000ca600000, 0x00000000ca700000, 0x00000000ca700000|100%|HC|  |TAMS 0x00000000ca600000| PB 0x00000000ca600000| Complete 
| 117|0x00000000ca700000, 0x00000000ca800000, 0x00000000ca800000|100%|HC|  |TAMS 0x00000000ca700000| PB 0x00000000ca700000| Complete 
| 118|0x00000000ca800000, 0x00000000ca900000, 0x00000000ca900000|100%|HC|  |TAMS 0x00000000ca800000| PB 0x00000000ca800000| Complete 
| 119|0x00000000ca900000, 0x00000000caa00000, 0x00000000caa00000|100%|HC|  |TAMS 0x00000000ca900000| PB 0x00000000ca900000| Complete 
| 120|0x00000000caa00000, 0x00000000cab00000, 0x00000000cab00000|100%|HC|  |TAMS 0x00000000caa00000| PB 0x00000000caa00000| Complete 
| 121|0x00000000cab00000, 0x00000000cac00000, 0x00000000cac00000|100%|HC|  |TAMS 0x00000000cab00000| PB 0x00000000cab00000| Complete 
| 122|0x00000000cac00000, 0x00000000cad00000, 0x00000000cad00000|100%|HC|  |TAMS 0x00000000cac00000| PB 0x00000000cac00000| Complete 
| 123|0x00000000cad00000, 0x00000000cae00000, 0x00000000cae00000|100%|HC|  |TAMS 0x00000000cad00000| PB 0x00000000cad00000| Complete 
| 124|0x00000000cae00000, 0x00000000caf00000, 0x00000000caf00000|100%|HC|  |TAMS 0x00000000cae00000| PB 0x00000000cae00000| Complete 
| 125|0x00000000caf00000, 0x00000000cb000000, 0x00000000cb000000|100%|HC|  |TAMS 0x00000000caf00000| PB 0x00000000caf00000| Complete 
| 126|0x00000000cb000000, 0x00000000cb100000, 0x00000000cb100000|100%|HC|  |TAMS 0x00000000cb000000| PB 0x00000000cb000000| Complete 
| 127|0x00000000cb100000, 0x00000000cb200000, 0x00000000cb200000|100%|HC|  |TAMS 0x00000000cb100000| PB 0x00000000cb100000| Complete 
| 128|0x00000000cb200000, 0x00000000cb300000, 0x00000000cb300000|100%|HC|  |TAMS 0x00000000cb200000| PB 0x00000000cb200000| Complete 
| 129|0x00000000cb300000, 0x00000000cb400000, 0x00000000cb400000|100%|HC|  |TAMS 0x00000000cb300000| PB 0x00000000cb300000| Complete 
| 130|0x00000000cb400000, 0x00000000cb500000, 0x00000000cb500000|100%|HC|  |TAMS 0x00000000cb400000| PB 0x00000000cb400000| Complete 
| 131|0x00000000cb500000, 0x00000000cb600000, 0x00000000cb600000|100%|HC|  |TAMS 0x00000000cb500000| PB 0x00000000cb500000| Complete 
| 132|0x00000000cb600000, 0x00000000cb700000, 0x00000000cb700000|100%|HC|  |TAMS 0x00000000cb600000| PB 0x00000000cb600000| Complete 
| 133|0x00000000cb700000, 0x00000000cb800000, 0x00000000cb800000|100%|HC|  |TAMS 0x00000000cb700000| PB 0x00000000cb700000| Complete 
| 134|0x00000000cb800000, 0x00000000cb900000, 0x00000000cb900000|100%|HC|  |TAMS 0x00000000cb800000| PB 0x00000000cb800000| Complete 
| 135|0x00000000cb900000, 0x00000000cba00000, 0x00000000cba00000|100%|HC|  |TAMS 0x00000000cb900000| PB 0x00000000cb900000| Complete 
| 136|0x00000000cba00000, 0x00000000cbb00000, 0x00000000cbb00000|100%|HC|  |TAMS 0x00000000cba00000| PB 0x00000000cba00000| Complete 
| 137|0x00000000cbb00000, 0x00000000cbc00000, 0x00000000cbc00000|100%|HC|  |TAMS 0x00000000cbb00000| PB 0x00000000cbb00000| Complete 
| 138|0x00000000cbc00000, 0x00000000cbd00000, 0x00000000cbd00000|100%|HC|  |TAMS 0x00000000cbc00000| PB 0x00000000cbc00000| Complete 
| 139|0x00000000cbd00000, 0x00000000cbe00000, 0x00000000cbe00000|100%|HC|  |TAMS 0x00000000cbd00000| PB 0x00000000cbd00000| Complete 
| 140|0x00000000cbe00000, 0x00000000cbf00000, 0x00000000cbf00000|100%|HC|  |TAMS 0x00000000cbe00000| PB 0x00000000cbe00000| Complete 
| 141|0x00000000cbf00000, 0x00000000cc000000, 0x00000000cc000000|100%|HC|  |TAMS 0x00000000cbf00000| PB 0x00000000cbf00000| Complete 
| 142|0x00000000cc000000, 0x00000000cc100000, 0x00000000cc100000|100%|HC|  |TAMS 0x00000000cc000000| PB 0x00000000cc000000| Complete 
| 143|0x00000000cc100000, 0x00000000cc200000, 0x00000000cc200000|100%|HC|  |TAMS 0x00000000cc100000| PB 0x00000000cc100000| Complete 
| 144|0x00000000cc200000, 0x00000000cc300000, 0x00000000cc300000|100%|HC|  |TAMS 0x00000000cc200000| PB 0x00000000cc200000| Complete 
| 145|0x00000000cc300000, 0x00000000cc400000, 0x00000000cc400000|100%|HC|  |TAMS 0x00000000cc300000| PB 0x00000000cc300000| Complete 
| 146|0x00000000cc400000, 0x00000000cc500000, 0x00000000cc500000|100%|HC|  |TAMS 0x00000000cc400000| PB 0x00000000cc400000| Complete 
| 147|0x00000000cc500000, 0x00000000cc600000, 0x00000000cc600000|100%|HC|  |TAMS 0x00000000cc500000| PB 0x00000000cc500000| Complete 
| 148|0x00000000cc600000, 0x00000000cc700000, 0x00000000cc700000|100%|HC|  |TAMS 0x00000000cc600000| PB 0x00000000cc600000| Complete 
| 149|0x00000000cc700000, 0x00000000cc800000, 0x00000000cc800000|100%|HS|  |TAMS 0x00000000cc700000| PB 0x00000000cc700000| Complete 
| 150|0x00000000cc800000, 0x00000000cc900000, 0x00000000cc900000|100%|HC|  |TAMS 0x00000000cc800000| PB 0x00000000cc800000| Complete 
| 151|0x00000000cc900000, 0x00000000cca00000, 0x00000000cca00000|100%|HS|  |TAMS 0x00000000cc900000| PB 0x00000000cc900000| Complete 
| 152|0x00000000cca00000, 0x00000000ccb00000, 0x00000000ccb00000|100%|HC|  |TAMS 0x00000000cca00000| PB 0x00000000cca00000| Complete 
| 153|0x00000000ccb00000, 0x00000000ccc00000, 0x00000000ccc00000|100%|HS|  |TAMS 0x00000000ccb00000| PB 0x00000000ccb00000| Complete 
| 154|0x00000000ccc00000, 0x00000000ccd00000, 0x00000000ccd00000|100%|HC|  |TAMS 0x00000000ccc00000| PB 0x00000000ccc00000| Complete 
| 155|0x00000000ccd00000, 0x00000000cce00000, 0x00000000cce00000|100%|HS|  |TAMS 0x00000000ccd00000| PB 0x00000000ccd00000| Complete 
| 156|0x00000000cce00000, 0x00000000ccf00000, 0x00000000ccf00000|100%|HC|  |TAMS 0x00000000cce00000| PB 0x00000000cce00000| Complete 
| 157|0x00000000ccf00000, 0x00000000cd000000, 0x00000000cd000000|100%|HS|  |TAMS 0x00000000ccf00000| PB 0x00000000ccf00000| Complete 
| 158|0x00000000cd000000, 0x00000000cd100000, 0x00000000cd100000|100%|HC|  |TAMS 0x00000000cd000000| PB 0x00000000cd000000| Complete 
| 159|0x00000000cd100000, 0x00000000cd200000, 0x00000000cd200000|100%|HS|  |TAMS 0x00000000cd100000| PB 0x00000000cd100000| Complete 
| 160|0x00000000cd200000, 0x00000000cd300000, 0x00000000cd300000|100%|HC|  |TAMS 0x00000000cd200000| PB 0x00000000cd200000| Complete 
| 161|0x00000000cd300000, 0x00000000cd400000, 0x00000000cd400000|100%|HC|  |TAMS 0x00000000cd300000| PB 0x00000000cd300000| Complete 
| 162|0x00000000cd400000, 0x00000000cd500000, 0x00000000cd500000|100%|HC|  |TAMS 0x00000000cd400000| PB 0x00000000cd400000| Complete 
| 163|0x00000000cd500000, 0x00000000cd600000, 0x00000000cd600000|100%|HS|  |TAMS 0x00000000cd500000| PB 0x00000000cd500000| Complete 
| 164|0x00000000cd600000, 0x00000000cd700000, 0x00000000cd700000|100%|HC|  |TAMS 0x00000000cd600000| PB 0x00000000cd600000| Complete 
| 165|0x00000000cd700000, 0x00000000cd800000, 0x00000000cd800000|100%| S|CS|TAMS 0x00000000cd700000| PB 0x00000000cd700000| Complete 
| 166|0x00000000cd800000, 0x00000000cd900000, 0x00000000cd900000|100%| S|CS|TAMS 0x00000000cd800000| PB 0x00000000cd800000| Complete 
| 167|0x00000000cd900000, 0x00000000cd910528, 0x00000000cda00000|  6%| S|CS|TAMS 0x00000000cd900000| PB 0x00000000cd900000| Complete 
| 968|0x00000000ffa00000, 0x00000000ffa80780, 0x00000000ffb00000| 50%| O|  |TAMS 0x00000000ffa00000| PB 0x00000000ffa00000| Untracked 
| 969|0x00000000ffb00000, 0x00000000ffbabf38, 0x00000000ffc00000| 67%| E|  |TAMS 0x00000000ffb00000| PB 0x00000000ffb00000| Complete 
| 970|0x00000000ffc00000, 0x00000000ffd00000, 0x00000000ffd00000|100%| O|  |TAMS 0x00000000ffc00000| PB 0x00000000ffc00000| Untracked 
| 971|0x00000000ffd00000, 0x00000000ffe00000, 0x00000000ffe00000|100%| O|  |TAMS 0x00000000ffd00000| PB 0x00000000ffd00000| Untracked 
| 972|0x00000000ffe00000, 0x00000000fff00000, 0x00000000fff00000|100%| O|  |TAMS 0x00000000ffe00000| PB 0x00000000ffe00000| Untracked 
| 973|0x00000000fff00000, 0x0000000100000000, 0x0000000100000000|100%| O|  |TAMS 0x00000000fff00000| PB 0x00000000fff00000| Untracked 

Card table byte_map: [0x000002633ea50000,0x000002633ec40000] _byte_map_base: 0x000002633e437000

Marking Bits: (CMBitMap*) 0x0000026327416330
 Bits: [0x000002633ec40000, 0x000002633fb78000)

Polling page: 0x0000026326ba0000

Metaspace:

Usage:
  Non-class:     15.93 MB used.
      Class:      2.57 MB used.
       Both:     18.50 MB used.

Virtual space:
  Non-class space:       64.00 MB reserved,      16.12 MB ( 25%) committed,  1 nodes.
      Class space:        1.00 GB reserved,       2.75 MB ( <1%) committed,  1 nodes.
             Both:        1.06 GB reserved,      18.88 MB (  2%) committed. 

Chunk freelists:
   Non-Class:  15.67 MB
       Class:  13.21 MB
        Both:  28.88 MB

MaxMetaspaceSize: unlimited
CompressedClassSpaceSize: 1.00 GB
Initial GC threshold: 21.00 MB
Current GC threshold: 30.62 MB
CDS: on
 - commit_granule_bytes: 65536.
 - commit_granule_words: 8192.
 - virtual_space_node_default_size: 8388608.
 - enlarge_chunks_in_place: 1.
 - use_allocation_guard: 0.


Internal statistics:

num_allocs_failed_limit: 0.
num_arena_births: 404.
num_arena_deaths: 0.
num_vsnodes_births: 2.
num_vsnodes_deaths: 0.
num_space_committed: 302.
num_space_uncommitted: 0.
num_chunks_returned_to_freelist: 0.
num_chunks_taken_from_freelist: 1071.
num_chunk_merges: 0.
num_chunk_splits: 712.
num_chunks_enlarged: 511.
num_inconsistent_stats: 0.

CodeHeap 'non-profiled nmethods': size=120000Kb used=2378Kb max_used=2378Kb free=117621Kb
 bounds [0x0000026337330000, 0x00000263375a0000, 0x000002633e860000]
CodeHeap 'profiled nmethods': size=120000Kb used=11285Kb max_used=11285Kb free=108714Kb
 bounds [0x000002632f860000, 0x0000026330370000, 0x0000026336d90000]
CodeHeap 'non-nmethods': size=5760Kb used=2068Kb max_used=2097Kb free=3692Kb
 bounds [0x0000026336d90000, 0x0000026337000000, 0x0000026337330000]
 total_blobs=6178 nmethods=5347 adapters=734
 compilation: enabled
              stopped_count=0, restarted_count=0
 full_count=0

Compilation events (20 events):
Event: 30.281 Thread 0x000002638314b650 5358       1       java.lang.Class::getClassLoader0 (5 bytes)
Event: 30.282 Thread 0x000002638314b650 nmethod 5358 0x0000026337581e90 code [0x0000026337582020, 0x00000263375820e8]
Event: 30.282 Thread 0x000002638314b650 5359       3       java.nio.CharBuffer::hasArray (20 bytes)
Event: 30.282 Thread 0x000002638314b650 nmethod 5359 0x0000026330362f10 code [0x00000263303630a0, 0x0000026330363240]
Event: 30.282 Thread 0x000002638314b650 5360       3       java.nio.CharBuffer::array (35 bytes)
Event: 30.282 Thread 0x000002638314b650 nmethod 5360 0x0000026330363310 code [0x00000263303634e0, 0x00000263303637b8]
Event: 30.282 Thread 0x000002638314b650 5362       3       java.nio.ByteBuffer::flip (7 bytes)
Event: 30.283 Thread 0x000002638314b650 nmethod 5362 0x0000026330363910 code [0x0000026330363aa0, 0x0000026330363c20]
Event: 30.283 Thread 0x000002638314b650 5361       3       java.lang.StackTraceElement::length (13 bytes)
Event: 30.283 Thread 0x000002638314b650 nmethod 5361 0x0000026330363d10 code [0x0000026330363ec0, 0x0000026330364118]
Event: 30.285 Thread 0x000002638314b650 5363       3       java.io.BufferedWriter::ensureOpen (18 bytes)
Event: 30.285 Thread 0x000002638314b650 nmethod 5363 0x0000026330364210 code [0x00000263303643c0, 0x00000263303645d0]
Event: 30.285 Thread 0x000002638314b650 5364       3       java.lang.StringCoding::implEncodeAsciiArray (47 bytes)
Event: 30.286 Thread 0x000002638314b650 nmethod 5364 0x0000026330364690 code [0x0000026330364840, 0x0000026330364a88]
Event: 30.286 Thread 0x000002638314b650 5365       3       java.lang.StringBuilder::append (9 bytes)
Event: 30.286 Thread 0x000002638314b650 nmethod 5365 0x0000026330364c10 code [0x0000026330364de0, 0x0000026330365118]
Event: 30.286 Thread 0x000002638314b650 5366       3       java.io.BufferedOutputStream::flushBuffer (29 bytes)
Event: 30.286 Thread 0x000002638314b650 nmethod 5366 0x0000026330365290 code [0x0000026330365440, 0x0000026330365670]
Event: 30.286 Thread 0x000002638314b650 5367       1       java.nio.charset.CharsetEncoder::maxBytesPerChar (5 bytes)
Event: 30.286 Thread 0x000002638314b650 nmethod 5367 0x0000026337582590 code [0x0000026337582720, 0x00000263375827e8]

GC Heap History (14 events):
Event: 0.413 GC heap before
{Heap before GC invocations=0 (full 0):
 garbage-first heap   total 63488K, used 12288K [0x00000000c3200000, 0x0000000100000000)
  region size 1024K, 13 young (13312K), 0 survivors (0K)
 Metaspace       used 1839K, committed 2048K, reserved 1114112K
  class space    used 182K, committed 256K, reserved 1048576K
}
Event: 0.416 GC heap after
{Heap after GC invocations=1 (full 0):
 garbage-first heap   total 63488K, used 1767K [0x00000000c3200000, 0x0000000100000000)
  region size 1024K, 2 young (2048K), 2 survivors (2048K)
 Metaspace       used 1839K, committed 2048K, reserved 1114112K
  class space    used 182K, committed 256K, reserved 1048576K
}
Event: 0.985 GC heap before
{Heap before GC invocations=1 (full 0):
 garbage-first heap   total 63488K, used 23271K [0x00000000c3200000, 0x0000000100000000)
  region size 1024K, 24 young (24576K), 2 survivors (2048K)
 Metaspace       used 4914K, committed 5120K, reserved 1114112K
  class space    used 538K, committed 640K, reserved 1048576K
}
Event: 0.989 GC heap after
{Heap after GC invocations=2 (full 0):
 garbage-first heap   total 63488K, used 5893K [0x00000000c3200000, 0x0000000100000000)
  region size 1024K, 3 young (3072K), 3 survivors (3072K)
 Metaspace       used 4914K, committed 5120K, reserved 1114112K
  class space    used 538K, committed 640K, reserved 1048576K
}
Event: 1.741 GC heap before
{Heap before GC invocations=2 (full 0):
 garbage-first heap   total 63488K, used 39685K [0x00000000c3200000, 0x0000000100000000)
  region size 1024K, 37 young (37888K), 3 survivors (3072K)
 Metaspace       used 12308K, committed 12608K, reserved 1114112K
  class space    used 1643K, committed 1792K, reserved 1048576K
}
Event: 1.752 GC heap after
{Heap after GC invocations=3 (full 0):
 garbage-first heap   total 63488K, used 9661K [0x00000000c3200000, 0x0000000100000000)
  region size 1024K, 5 young (5120K), 5 survivors (5120K)
 Metaspace       used 12308K, committed 12608K, reserved 1114112K
  class space    used 1643K, committed 1792K, reserved 1048576K
}
Event: 5.955 GC heap before
{Heap before GC invocations=3 (full 0):
 garbage-first heap   total 63488K, used 62909K [0x00000000c3200000, 0x0000000100000000)
  region size 1024K, 35 young (35840K), 5 survivors (5120K)
 Metaspace       used 18004K, committed 18368K, reserved 1114112K
  class space    used 2615K, committed 2816K, reserved 1048576K
}
Event: 5.963 GC heap after
{Heap after GC invocations=4 (full 0):
 garbage-first heap   total 72704K, used 35941K [0x00000000c3200000, 0x0000000100000000)
  region size 1024K, 4 young (4096K), 4 survivors (4096K)
 Metaspace       used 18004K, committed 18368K, reserved 1114112K
  class space    used 2615K, committed 2816K, reserved 1048576K
}
Event: 10.458 GC heap before
{Heap before GC invocations=4 (full 0):
 garbage-first heap   total 72704K, used 44133K [0x00000000c3200000, 0x0000000100000000)
  region size 1024K, 13 young (13312K), 4 survivors (4096K)
 Metaspace       used 18419K, committed 18816K, reserved 1114112K
  class space    used 2618K, committed 2816K, reserved 1048576K
}
Event: 10.465 GC heap after
{Heap after GC invocations=5 (full 0):
 garbage-first heap   total 72704K, used 37038K [0x00000000c3200000, 0x0000000100000000)
  region size 1024K, 2 young (2048K), 2 survivors (2048K)
 Metaspace       used 18419K, committed 18816K, reserved 1114112K
  class space    used 2618K, committed 2816K, reserved 1048576K
}
Event: 13.704 GC heap before
{Heap before GC invocations=6 (full 0):
 garbage-first heap   total 89088K, used 88238K [0x00000000c3200000, 0x0000000100000000)
  region size 1024K, 14 young (14336K), 2 survivors (2048K)
 Metaspace       used 18677K, committed 19072K, reserved 1114112K
  class space    used 2619K, committed 2816K, reserved 1048576K
}
Event: 13.706 GC heap after
{Heap after GC invocations=7 (full 0):
 garbage-first heap   total 91136K, used 55569K [0x00000000c3200000, 0x0000000100000000)
  region size 1024K, 2 young (2048K), 2 survivors (2048K)
 Metaspace       used 18677K, committed 19072K, reserved 1114112K
  class space    used 2619K, committed 2816K, reserved 1048576K
}
Event: 30.163 GC heap before
{Heap before GC invocations=7 (full 0):
 garbage-first heap   total 174080K, used 172305K [0x00000000c3200000, 0x0000000100000000)
  region size 1024K, 14 young (14336K), 2 survivors (2048K)
 Metaspace       used 18924K, committed 19328K, reserved 1114112K
  class space    used 2625K, committed 2816K, reserved 1048576K
}
Event: 30.170 GC heap after
{Heap after GC invocations=8 (full 0):
 garbage-first heap   total 178176K, used 140867K [0x00000000c3200000, 0x0000000100000000)
  region size 1024K, 3 young (3072K), 3 survivors (3072K)
 Metaspace       used 18924K, committed 19328K, reserved 1114112K
  class space    used 2625K, committed 2816K, reserved 1048576K
}

Dll operation events (20 events):
Event: 0.335 Loaded shared library C:\Users\USER\.openjfx\cache\23.0.1+4\amd64\api-ms-win-crt-math-l1-1-0.dll
Event: 0.337 Loaded shared library C:\Users\USER\.openjfx\cache\23.0.1+4\amd64\api-ms-win-crt-multibyte-l1-1-0.dll
Event: 0.340 Loaded shared library C:\Users\USER\.openjfx\cache\23.0.1+4\amd64\api-ms-win-crt-private-l1-1-0.dll
Event: 0.343 Loaded shared library C:\Users\USER\.openjfx\cache\23.0.1+4\amd64\api-ms-win-crt-process-l1-1-0.dll
Event: 0.345 Loaded shared library C:\Users\USER\.openjfx\cache\23.0.1+4\amd64\api-ms-win-crt-runtime-l1-1-0.dll
Event: 0.349 Loaded shared library C:\Users\USER\.openjfx\cache\23.0.1+4\amd64\api-ms-win-crt-stdio-l1-1-0.dll
Event: 0.352 Loaded shared library C:\Users\USER\.openjfx\cache\23.0.1+4\amd64\api-ms-win-crt-string-l1-1-0.dll
Event: 0.355 Loaded shared library C:\Users\USER\.openjfx\cache\23.0.1+4\amd64\api-ms-win-crt-time-l1-1-0.dll
Event: 0.358 Loaded shared library C:\Users\USER\.openjfx\cache\23.0.1+4\amd64\api-ms-win-crt-utility-l1-1-0.dll
Event: 0.372 Loaded shared library C:\Users\USER\.openjfx\cache\23.0.1+4\amd64\ucrtbase.dll
Event: 0.377 Loaded shared library C:\Users\USER\.openjfx\cache\23.0.1+4\amd64\vcruntime140.dll
Event: 0.381 Loaded shared library C:\Users\USER\.openjfx\cache\23.0.1+4\amd64\vcruntime140_1.dll
Event: 0.392 Loaded shared library C:\Users\USER\.openjfx\cache\23.0.1+4\amd64\msvcp140.dll
Event: 0.396 Loaded shared library C:\Users\USER\.openjfx\cache\23.0.1+4\amd64\msvcp140_1.dll
Event: 0.403 Loaded shared library C:\Users\USER\.openjfx\cache\23.0.1+4\amd64\msvcp140_2.dll
Event: 0.466 Loaded shared library C:\Users\USER\.openjfx\cache\23.0.1+4\amd64\prism_d3d.dll
Event: 0.602 Loaded shared library C:\Users\USER\.openjfx\cache\23.0.1+4\amd64\glass.dll
Event: 0.810 Loaded shared library C:\Program Files\Java\jdk-21\bin\jimage.dll
Event: 1.183 Loaded shared library C:\Users\USER\.openjfx\cache\23.0.1+4\amd64\javafx_font.dll
Event: 30.048 Loaded shared library C:\Users\USER\.openjfx\cache\23.0.1+4\amd64\javafx_iio.dll

Deoptimization events (20 events):
Event: 28.896 Thread 0x000002638313cab0 DEOPT PACKING pc=0x00000263375452c4 sp=0x000000947a7fd370
Event: 28.896 Thread 0x000002638313cab0 DEOPT UNPACKING pc=0x0000026336de7da2 sp=0x000000947a7fd350 mode 2
Event: 28.896 Thread 0x000002638313cab0 Uncommon trap: trap_request=0xffffffd6 fr.pc=0x00000263375452c4 relative=0x0000000000000744
Event: 28.896 Thread 0x000002638313cab0 Uncommon trap: reason=array_check action=maybe_recompile pc=0x00000263375452c4 method=com.sun.javafx.css.StyleCacheEntry$Key.<init>([Ljava/util/Set;Ljavafx/scene/text/Font;)V @ 38 c2
Event: 28.896 Thread 0x000002638313cab0 DEOPT PACKING pc=0x00000263375452c4 sp=0x000000947a7fd830
Event: 28.896 Thread 0x000002638313cab0 DEOPT UNPACKING pc=0x0000026336de7da2 sp=0x000000947a7fd810 mode 2
Event: 28.896 Thread 0x000002638313cab0 Uncommon trap: trap_request=0xffffffd6 fr.pc=0x00000263375452c4 relative=0x0000000000000744
Event: 28.896 Thread 0x000002638313cab0 Uncommon trap: reason=array_check action=maybe_recompile pc=0x00000263375452c4 method=com.sun.javafx.css.StyleCacheEntry$Key.<init>([Ljava/util/Set;Ljavafx/scene/text/Font;)V @ 38 c2
Event: 28.896 Thread 0x000002638313cab0 DEOPT PACKING pc=0x00000263375452c4 sp=0x000000947a7fd8c0
Event: 28.896 Thread 0x000002638313cab0 DEOPT UNPACKING pc=0x0000026336de7da2 sp=0x000000947a7fd8a0 mode 2
Event: 29.356 Thread 0x000002638313cab0 Uncommon trap: trap_request=0xffffff6e fr.pc=0x000002633756b36c relative=0x000000000000020c
Event: 29.356 Thread 0x000002638313cab0 Uncommon trap: reason=loop_limit_check action=maybe_recompile pc=0x000002633756b36c method=javafx.scene.Parent.pickChildrenNode(Lcom/sun/javafx/geom/PickRay;Lcom/sun/javafx/scene/input/PickResultChooser;)Z @ 17 c2
Event: 29.356 Thread 0x000002638313cab0 DEOPT PACKING pc=0x000002633756b36c sp=0x000000947a7fd7e0
Event: 29.356 Thread 0x000002638313cab0 DEOPT UNPACKING pc=0x0000026336de7da2 sp=0x000000947a7fd590 mode 2
Event: 30.111 Thread 0x000002638313cab0 Uncommon trap: trap_request=0xffffff45 fr.pc=0x000002633751f984 relative=0x0000000000000604
Event: 30.111 Thread 0x000002638313cab0 Uncommon trap: reason=unstable_if action=reinterpret pc=0x000002633751f984 method=com.sun.org.apache.xerces.internal.impl.XMLEntityScanner.scanLiteral(ILcom/sun/org/apache/xerces/internal/xni/XMLString;Z)I @ 44 c2
Event: 30.111 Thread 0x000002638313cab0 DEOPT PACKING pc=0x000002633751f984 sp=0x000000947a7fbdd0
Event: 30.111 Thread 0x000002638313cab0 DEOPT UNPACKING pc=0x0000026336de7da2 sp=0x000000947a7fbd78 mode 2
Event: 30.156 Thread 0x000002638313cab0 DEOPT PACKING pc=0x000002632ff57098 sp=0x000000947a7fabd0
Event: 30.156 Thread 0x000002638313cab0 DEOPT UNPACKING pc=0x0000026336de88e2 sp=0x000000947a7fa0c0 mode 0

Classes loaded (20 events):
Event: 5.844 Loading class java/text/BreakIterator
Event: 5.845 Loading class java/text/BreakIterator done
Event: 5.845 Loading class sun/util/locale/provider/BreakIteratorProviderImpl$GraphemeBreakIterator
Event: 5.845 Loading class sun/util/locale/provider/BreakIteratorProviderImpl$GraphemeBreakIterator done
Event: 5.845 Loading class java/text/StringCharacterIterator
Event: 5.845 Loading class java/text/StringCharacterIterator done
Event: 5.845 Loading class sun/util/locale/provider/BreakIteratorProviderImpl$CharacterIteratorCharSequence
Event: 5.845 Loading class sun/util/locale/provider/BreakIteratorProviderImpl$CharacterIteratorCharSequence done
Event: 5.845 Loading class java/text/BreakIterator$BreakIteratorCache
Event: 5.845 Loading class java/text/BreakIterator$BreakIteratorCache done
Event: 5.845 Loading class jdk/internal/util/regex/Grapheme
Event: 5.846 Loading class jdk/internal/util/regex/Grapheme done
Event: 5.864 Loading class java/lang/FdLibm$Acos
Event: 5.864 Loading class java/lang/FdLibm$Acos done
Event: 28.385 Loading class java/lang/foreign/MemorySegment
Event: 28.387 Loading class java/lang/foreign/MemorySegment done
Event: 30.272 Loading class java/lang/Throwable$WrappedPrintStream
Event: 30.273 Loading class java/lang/Throwable$PrintStreamOrWriter
Event: 30.273 Loading class java/lang/Throwable$PrintStreamOrWriter done
Event: 30.273 Loading class java/lang/Throwable$WrappedPrintStream done

Classes unloaded (0 events):
No events

Classes redefined (0 events):
No events

Internal exceptions (20 events):
Event: 12.421 Thread 0x000002638313cab0 Exception <a 'java/io/FileNotFoundException'{0x00000000c6dd0c78}> (0x00000000c6dd0c78) 
thrown [s\open\src\hotspot\share\prims\jni.cpp, line 520]
Event: 12.422 Thread 0x000002638313cab0 Exception <a 'java/io/FileNotFoundException'{0x00000000c6dde7e8}> (0x00000000c6dde7e8) 
thrown [s\open\src\hotspot\share\prims\jni.cpp, line 520]
Event: 12.424 Thread 0x000002638313cab0 Exception <a 'java/io/FileNotFoundException'{0x00000000c6df8680}> (0x00000000c6df8680) 
thrown [s\open\src\hotspot\share\prims\jni.cpp, line 520]
Event: 12.428 Thread 0x000002638313cab0 Exception <a 'java/io/FileNotFoundException'{0x00000000c6c606b0}> (0x00000000c6c606b0) 
thrown [s\open\src\hotspot\share\prims\jni.cpp, line 520]
Event: 28.954 Thread 0x000002638313cab0 Exception <a 'java/io/FileNotFoundException'{0x00000000c708fb40}> (0x00000000c708fb40) 
thrown [s\open\src\hotspot\share\prims\jni.cpp, line 520]
Event: 28.959 Thread 0x000002638313cab0 Exception <a 'java/io/FileNotFoundException'{0x00000000c6fc6b50}> (0x00000000c6fc6b50) 
thrown [s\open\src\hotspot\share\prims\jni.cpp, line 520]
Event: 28.961 Thread 0x000002638313cab0 Exception <a 'java/io/FileNotFoundException'{0x00000000c6e153b8}> (0x00000000c6e153b8) 
thrown [s\open\src\hotspot\share\prims\jni.cpp, line 520]
Event: 28.962 Thread 0x000002638313cab0 Exception <a 'java/io/FileNotFoundException'{0x00000000c6e22a58}> (0x00000000c6e22a58) 
thrown [s\open\src\hotspot\share\prims\jni.cpp, line 520]
Event: 28.963 Thread 0x000002638313cab0 Exception <a 'java/io/FileNotFoundException'{0x00000000c6e307a8}> (0x00000000c6e307a8) 
thrown [s\open\src\hotspot\share\prims\jni.cpp, line 520]
Event: 28.964 Thread 0x000002638313cab0 Exception <a 'java/io/FileNotFoundException'{0x00000000c6e42860}> (0x00000000c6e42860) 
thrown [s\open\src\hotspot\share\prims\jni.cpp, line 520]
Event: 28.965 Thread 0x000002638313cab0 Exception <a 'java/io/FileNotFoundException'{0x00000000c6e503d0}> (0x00000000c6e503d0) 
thrown [s\open\src\hotspot\share\prims\jni.cpp, line 520]
Event: 28.966 Thread 0x000002638313cab0 Exception <a 'java/io/FileNotFoundException'{0x00000000c6e6a4b0}> (0x00000000c6e6a4b0) 
thrown [s\open\src\hotspot\share\prims\jni.cpp, line 520]
Event: 28.970 Thread 0x000002638313cab0 Exception <a 'java/io/FileNotFoundException'{0x00000000c6ecebb0}> (0x00000000c6ecebb0) 
thrown [s\open\src\hotspot\share\prims\jni.cpp, line 520]
Event: 30.158 Thread 0x000002638313cab0 Exception <a 'java/lang/NoSuchMethodError'{0x00000000c66a6ed8}: 'void java.lang.invoke.DirectMethodHandle$Holder.invokeVirtual(java.lang.Object, java.lang.Object)'> (0x00000000c66a6ed8) 
thrown [s\open\src\hotspot\share\interpreter\linkResolver.cpp, line 773]
Event: 30.272 Thread 0x000002638313c420 Implicit null exception at 0x00000263302b552a to 0x00000263302b5ef3
Event: 30.272 Thread 0x000002638313c420 Exception <a 'java/lang/NullPointerException'{0x00000000ffb75f78}> (0x00000000ffb75f78) 
thrown [s\open\src\hotspot\share\runtime\sharedRuntime.cpp, line 625]
Event: 30.281 Thread 0x000002638313c420 Implicit null exception at 0x00000263302b552a to 0x00000263302b5ef3
Event: 30.281 Thread 0x000002638313c420 Exception <a 'java/lang/NullPointerException'{0x00000000ffb7f8d0}> (0x00000000ffb7f8d0) 
thrown [s\open\src\hotspot\share\runtime\sharedRuntime.cpp, line 625]
Event: 30.285 Thread 0x000002638313c420 Implicit null exception at 0x00000263302b552a to 0x00000263302b5ef3
Event: 30.285 Thread 0x000002638313c420 Exception <a 'java/lang/NullPointerException'{0x00000000ffb886a8}> (0x00000000ffb886a8) 
thrown [s\open\src\hotspot\share\runtime\sharedRuntime.cpp, line 625]

ZGC Phase Switch (0 events):
No events

VM Operations (20 events):
Event: 10.480 Executing VM operation: G1PauseRemark
Event: 10.483 Executing VM operation: G1PauseRemark done
Event: 10.489 Executing VM operation: G1PauseCleanup
Event: 10.489 Executing VM operation: G1PauseCleanup done
Event: 11.490 Executing VM operation: Cleanup
Event: 11.490 Executing VM operation: Cleanup done
Event: 12.490 Executing VM operation: Cleanup
Event: 12.491 Executing VM operation: Cleanup done
Event: 13.491 Executing VM operation: Cleanup
Event: 13.491 Executing VM operation: Cleanup done
Event: 13.704 Executing VM operation: G1CollectForAllocation (G1 Evacuation Pause)
Event: 13.706 Executing VM operation: G1CollectForAllocation (G1 Evacuation Pause) done
Event: 14.706 Executing VM operation: Cleanup
Event: 14.707 Executing VM operation: Cleanup done
Event: 28.710 Executing VM operation: Cleanup
Event: 28.711 Executing VM operation: Cleanup done
Event: 29.711 Executing VM operation: Cleanup
Event: 29.711 Executing VM operation: Cleanup done
Event: 30.161 Executing VM operation: G1CollectForAllocation (G1 Evacuation Pause)
Event: 30.170 Executing VM operation: G1CollectForAllocation (G1 Evacuation Pause) done

Events (18 events):
Event: 0.026 Thread 0x00000263273e5870 Thread added: 0x00000263273e5870
Event: 0.039 Thread 0x000002638312eef0 Thread added: 0x000002638312eef0
Event: 0.039 Thread 0x000002638312fe00 Thread added: 0x000002638312fe00
Event: 0.039 Thread 0x0000026383134f00 Thread added: 0x0000026383134f00
Event: 0.039 Thread 0x0000026383137a50 Thread added: 0x0000026383137a50
Event: 0.039 Thread 0x0000026383139d40 Thread added: 0x0000026383139d40
Event: 0.039 Thread 0x000002638313bd90 Thread added: 0x000002638313bd90
Event: 0.039 Thread 0x0000026383147550 Thread added: 0x0000026383147550
Event: 0.039 Thread 0x000002638314b650 Thread added: 0x000002638314b650
Event: 0.070 Thread 0x000002638313b700 Thread added: 0x000002638313b700
Event: 0.147 Thread 0x000002638313d140 Thread added: 0x000002638313d140
Event: 0.440 Thread 0x000002638313c420 Thread added: 0x000002638313c420
Event: 0.605 Thread 0x000002638313b070 Thread added: 0x000002638313b070
Event: 0.608 Thread 0x000002638313cab0 Thread added: 0x000002638313cab0
Event: 0.788 Thread 0x000002638313d7d0 Thread added: 0x000002638313d7d0
Event: 0.799 Thread 0x000002638313de60 Thread added: 0x000002638313de60
Event: 1.413 Thread 0x000002638dea69f0 Thread added: 0x000002638dea69f0
Event: 2.072 Thread 0x000002638dea8430 Thread added: 0x000002638dea8430


Dynamic libraries:
0x00007ff7eaec0000 - 0x00007ff7eaed0000 	C:\Program Files\Java\jdk-21\bin\java.exe
0x00007ffe505f0000 - 0x00007ffe50807000 	C:\WINDOWS\SYSTEM32\ntdll.dll
0x00007ffe4ecc0000 - 0x00007ffe4ed84000 	C:\WINDOWS\System32\KERNEL32.DLL
0x00007ffe4dcb0000 - 0x00007ffe4e06a000 	C:\WINDOWS\System32\KERNELBASE.dll
0x00007ffe4e070000 - 0x00007ffe4e181000 	C:\WINDOWS\System32\ucrtbase.dll
0x00007ffe22920000 - 0x00007ffe2293b000 	C:\Program Files\Java\jdk-21\bin\VCRUNTIME140.dll
0x00007ffe358c0000 - 0x00007ffe358d9000 	C:\Program Files\Java\jdk-21\bin\jli.dll
0x00007ffe4e4f0000 - 0x00007ffe4e5a2000 	C:\WINDOWS\System32\ADVAPI32.dll
0x00007ffe4e8f0000 - 0x00007ffe4e997000 	C:\WINDOWS\System32\msvcrt.dll
0x00007ffe50390000 - 0x00007ffe50437000 	C:\WINDOWS\System32\sechost.dll
0x00007ffe4d9a0000 - 0x00007ffe4d9c8000 	C:\WINDOWS\System32\bcrypt.dll
0x00007ffe4e7d0000 - 0x00007ffe4e8e4000 	C:\WINDOWS\System32\RPCRT4.dll
0x00007ffe4e330000 - 0x00007ffe4e4de000 	C:\WINDOWS\System32\USER32.dll
0x00007ffe4d970000 - 0x00007ffe4d996000 	C:\WINDOWS\System32\win32u.dll
0x00007ffe4f630000 - 0x00007ffe4f659000 	C:\WINDOWS\System32\GDI32.dll
0x00007ffe4d9d0000 - 0x00007ffe4daeb000 	C:\WINDOWS\System32\gdi32full.dll
0x00007ffe4d8d0000 - 0x00007ffe4d96a000 	C:\WINDOWS\System32\msvcp_win.dll
0x00007ffe37880000 - 0x00007ffe37b12000 	C:\WINDOWS\WinSxS\amd64_microsoft.windows.common-controls_6595b64144ccf1df_6.0.22621.4541_none_2710d1c57384c085\COMCTL32.dll
0x00007ffe43bc0000 - 0x00007ffe43bca000 	C:\WINDOWS\SYSTEM32\VERSION.dll
0x00007ffe4f770000 - 0x00007ffe4f7a1000 	C:\WINDOWS\System32\IMM32.DLL
0x00007ffe22910000 - 0x00007ffe2291c000 	C:\Program Files\Java\jdk-21\bin\vcruntime140_1.dll
0x00007ffe0ccd0000 - 0x00007ffe0cd5e000 	C:\Program Files\Java\jdk-21\bin\msvcp140.dll
0x00007ffe0cef0000 - 0x00007ffe0dc08000 	C:\Program Files\Java\jdk-21\bin\server\jvm.dll
0x00007ffe4fb40000 - 0x00007ffe4fbb1000 	C:\WINDOWS\System32\WS2_32.dll
0x00007ffe4d7a0000 - 0x00007ffe4d7ed000 	C:\WINDOWS\SYSTEM32\POWRPROF.dll
0x00007ffe44ae0000 - 0x00007ffe44b14000 	C:\WINDOWS\SYSTEM32\WINMM.dll
0x00007ffe4d780000 - 0x00007ffe4d793000 	C:\WINDOWS\SYSTEM32\UMPDC.dll
0x00007ffe4c910000 - 0x00007ffe4c928000 	C:\WINDOWS\SYSTEM32\kernel.appcore.dll
0x00007ffe189e0000 - 0x00007ffe189ea000 	C:\Program Files\Java\jdk-21\bin\jimage.dll
0x00007ffe4b160000 - 0x00007ffe4b392000 	C:\WINDOWS\SYSTEM32\DBGHELP.DLL
0x00007ffe4f7b0000 - 0x00007ffe4fb3f000 	C:\WINDOWS\System32\combase.dll
0x00007ffe502b0000 - 0x00007ffe50387000 	C:\WINDOWS\System32\OLEAUT32.dll
0x00007ffe31a10000 - 0x00007ffe31a42000 	C:\WINDOWS\SYSTEM32\dbgcore.DLL
0x00007ffe4dc30000 - 0x00007ffe4dcab000 	C:\WINDOWS\System32\bcryptPrimitives.dll
0x00007ffe228f0000 - 0x00007ffe2290f000 	C:\Program Files\Java\jdk-21\bin\java.dll
0x00007ffe4ed90000 - 0x00007ffe4f608000 	C:\WINDOWS\System32\SHELL32.dll
0x00007ffe4b810000 - 0x00007ffe4c118000 	C:\WINDOWS\SYSTEM32\windows.storage.dll
0x00007ffe4b6d0000 - 0x00007ffe4b80f000 	C:\WINDOWS\SYSTEM32\wintypes.dll
0x00007ffe4f670000 - 0x00007ffe4f76a000 	C:\WINDOWS\System32\SHCORE.dll
0x00007ffe4eaa0000 - 0x00007ffe4eafe000 	C:\WINDOWS\System32\shlwapi.dll
0x00007ffe4d800000 - 0x00007ffe4d82b000 	C:\WINDOWS\SYSTEM32\profapi.dll
0x00007ffe18900000 - 0x00007ffe189d7000 	C:\Program Files\Java\jdk-21\bin\jsvml.dll
0x00007ffe188f0000 - 0x00007ffe18900000 	C:\Program Files\Java\jdk-21\bin\net.dll
0x00007ffe47610000 - 0x00007ffe47746000 	C:\WINDOWS\SYSTEM32\WINHTTP.dll
0x00007ffe4cd90000 - 0x00007ffe4cdf9000 	C:\WINDOWS\system32\mswsock.dll
0x00007ffe188d0000 - 0x00007ffe188e6000 	C:\Program Files\Java\jdk-21\bin\nio.dll
0x00007ffe188b0000 - 0x00007ffe188c8000 	C:\Program Files\Java\jdk-21\bin\zip.dll
0x0000026327340000 - 0x0000026327343000 	C:\Users\USER\.openjfx\cache\23.0.1+4\amd64\api-ms-win-core-console-l1-1-0.dll
0x0000026327350000 - 0x0000026327353000 	C:\Users\USER\.openjfx\cache\23.0.1+4\amd64\api-ms-win-core-console-l1-2-0.dll
0x0000026327360000 - 0x0000026327363000 	C:\Users\USER\.openjfx\cache\23.0.1+4\amd64\api-ms-win-core-datetime-l1-1-0.dll
0x0000026327370000 - 0x0000026327373000 	C:\Users\USER\.openjfx\cache\23.0.1+4\amd64\api-ms-win-core-debug-l1-1-0.dll
0x0000026327380000 - 0x0000026327383000 	C:\Users\USER\.openjfx\cache\23.0.1+4\amd64\api-ms-win-core-errorhandling-l1-1-0.dll
0x0000026327390000 - 0x0000026327394000 	C:\Users\USER\.openjfx\cache\23.0.1+4\amd64\api-ms-win-core-file-l1-1-0.dll
0x0000026341fb0000 - 0x0000026341fb3000 	C:\Users\USER\.openjfx\cache\23.0.1+4\amd64\api-ms-win-core-file-l1-2-0.dll
0x0000026341fc0000 - 0x0000026341fc3000 	C:\Users\USER\.openjfx\cache\23.0.1+4\amd64\api-ms-win-core-file-l2-1-0.dll
0x0000026341fd0000 - 0x0000026341fd3000 	C:\Users\USER\.openjfx\cache\23.0.1+4\amd64\api-ms-win-core-handle-l1-1-0.dll
0x0000026341fe0000 - 0x0000026341fe3000 	C:\Users\USER\.openjfx\cache\23.0.1+4\amd64\api-ms-win-core-heap-l1-1-0.dll
0x0000026341ff0000 - 0x0000026341ff3000 	C:\Users\USER\.openjfx\cache\23.0.1+4\amd64\api-ms-win-core-interlocked-l1-1-0.dll
0x0000026383e00000 - 0x0000026383e03000 	C:\Users\USER\.openjfx\cache\23.0.1+4\amd64\api-ms-win-core-libraryloader-l1-1-0.dll
0x0000026383e10000 - 0x0000026383e13000 	C:\Users\USER\.openjfx\cache\23.0.1+4\amd64\api-ms-win-core-localization-l1-2-0.dll
0x0000026383e20000 - 0x0000026383e23000 	C:\Users\USER\.openjfx\cache\23.0.1+4\amd64\api-ms-win-core-memory-l1-1-0.dll
0x0000026383e30000 - 0x0000026383e33000 	C:\Users\USER\.openjfx\cache\23.0.1+4\amd64\api-ms-win-core-namedpipe-l1-1-0.dll
0x0000026383e40000 - 0x0000026383e43000 	C:\Users\USER\.openjfx\cache\23.0.1+4\amd64\api-ms-win-core-processenvironment-l1-1-0.dll
0x0000026383e50000 - 0x0000026383e53000 	C:\Users\USER\.openjfx\cache\23.0.1+4\amd64\api-ms-win-core-processthreads-l1-1-0.dll
0x0000026383e60000 - 0x0000026383e63000 	C:\Users\USER\.openjfx\cache\23.0.1+4\amd64\api-ms-win-core-processthreads-l1-1-1.dll
0x0000026383e70000 - 0x0000026383e73000 	C:\Users\USER\.openjfx\cache\23.0.1+4\amd64\api-ms-win-core-profile-l1-1-0.dll
0x0000026383e80000 - 0x0000026383e83000 	C:\Users\USER\.openjfx\cache\23.0.1+4\amd64\api-ms-win-core-rtlsupport-l1-1-0.dll
0x0000026383e90000 - 0x0000026383e93000 	C:\Users\USER\.openjfx\cache\23.0.1+4\amd64\api-ms-win-core-string-l1-1-0.dll
0x0000026383ea0000 - 0x0000026383ea3000 	C:\Users\USER\.openjfx\cache\23.0.1+4\amd64\api-ms-win-core-synch-l1-1-0.dll
0x0000026383eb0000 - 0x0000026383eb3000 	C:\Users\USER\.openjfx\cache\23.0.1+4\amd64\api-ms-win-core-synch-l1-2-0.dll
0x0000026383ec0000 - 0x0000026383ec3000 	C:\Users\USER\.openjfx\cache\23.0.1+4\amd64\api-ms-win-core-sysinfo-l1-1-0.dll
0x0000026383ed0000 - 0x0000026383ed3000 	C:\Users\USER\.openjfx\cache\23.0.1+4\amd64\api-ms-win-core-timezone-l1-1-0.dll
0x0000026383ee0000 - 0x0000026383ee3000 	C:\Users\USER\.openjfx\cache\23.0.1+4\amd64\api-ms-win-core-util-l1-1-0.dll
0x0000026383ef0000 - 0x0000026383ef3000 	C:\Users\USER\.openjfx\cache\23.0.1+4\amd64\api-ms-win-crt-conio-l1-1-0.dll
0x0000026383f00000 - 0x0000026383f04000 	C:\Users\USER\.openjfx\cache\23.0.1+4\amd64\api-ms-win-crt-convert-l1-1-0.dll
0x0000026383f10000 - 0x0000026383f13000 	C:\Users\USER\.openjfx\cache\23.0.1+4\amd64\api-ms-win-crt-environment-l1-1-0.dll
0x0000026383f20000 - 0x0000026383f23000 	C:\Users\USER\.openjfx\cache\23.0.1+4\amd64\api-ms-win-crt-filesystem-l1-1-0.dll
0x0000026383f30000 - 0x0000026383f33000 	C:\Users\USER\.openjfx\cache\23.0.1+4\amd64\api-ms-win-crt-heap-l1-1-0.dll
0x0000026383f40000 - 0x0000026383f43000 	C:\Users\USER\.openjfx\cache\23.0.1+4\amd64\api-ms-win-crt-locale-l1-1-0.dll
0x0000026383f50000 - 0x0000026383f55000 	C:\Users\USER\.openjfx\cache\23.0.1+4\amd64\api-ms-win-crt-math-l1-1-0.dll
0x0000026383f60000 - 0x0000026383f65000 	C:\Users\USER\.openjfx\cache\23.0.1+4\amd64\api-ms-win-crt-multibyte-l1-1-0.dll
0x0000026383f70000 - 0x0000026383f80000 	C:\Users\USER\.openjfx\cache\23.0.1+4\amd64\api-ms-win-crt-private-l1-1-0.dll
0x0000026383f80000 - 0x0000026383f83000 	C:\Users\USER\.openjfx\cache\23.0.1+4\amd64\api-ms-win-crt-process-l1-1-0.dll
0x0000026383f90000 - 0x0000026383f94000 	C:\Users\USER\.openjfx\cache\23.0.1+4\amd64\api-ms-win-crt-runtime-l1-1-0.dll
0x0000026383fa0000 - 0x0000026383fa4000 	C:\Users\USER\.openjfx\cache\23.0.1+4\amd64\api-ms-win-crt-stdio-l1-1-0.dll
0x0000026383fb0000 - 0x0000026383fb4000 	C:\Users\USER\.openjfx\cache\23.0.1+4\amd64\api-ms-win-crt-string-l1-1-0.dll
0x0000026383fc0000 - 0x0000026383fc3000 	C:\Users\USER\.openjfx\cache\23.0.1+4\amd64\api-ms-win-crt-time-l1-1-0.dll
0x0000026383fd0000 - 0x0000026383fd3000 	C:\Users\USER\.openjfx\cache\23.0.1+4\amd64\api-ms-win-crt-utility-l1-1-0.dll
0x00007ffe0bc20000 - 0x00007ffe0bd1c000 	C:\Users\USER\.openjfx\cache\23.0.1+4\amd64\ucrtbase.dll
0x00007ffe31a80000 - 0x00007ffe31a9b000 	C:\Users\USER\.openjfx\cache\23.0.1+4\amd64\vcruntime140.dll
0x00007ffe3c370000 - 0x00007ffe3c37c000 	C:\Users\USER\.openjfx\cache\23.0.1+4\amd64\vcruntime140_1.dll
0x00007ffe0bb90000 - 0x00007ffe0bc1e000 	C:\Users\USER\.openjfx\cache\23.0.1+4\amd64\msvcp140.dll
0x00007ffe36b80000 - 0x00007ffe36b89000 	C:\Users\USER\.openjfx\cache\23.0.1+4\amd64\msvcp140_1.dll
0x00007ffe0bf40000 - 0x00007ffe0bf81000 	C:\Users\USER\.openjfx\cache\23.0.1+4\amd64\msvcp140_2.dll
0x00007ffe21fb0000 - 0x00007ffe21fe0000 	C:\Users\USER\.openjfx\cache\23.0.1+4\amd64\prism_d3d.dll
0x00007ffdc4410000 - 0x00007ffdc45b8000 	C:\WINDOWS\system32\d3d9.dll
0x00007ffe4aba0000 - 0x00007ffe4abcb000 	C:\WINDOWS\SYSTEM32\dwmapi.dll
0x00007ffe4aa30000 - 0x00007ffe4aa67000 	C:\WINDOWS\SYSTEM32\dxcore.dll
0x00007ffe4a910000 - 0x00007ffe4a9c1000 	C:\WINDOWS\system32\uxtheme.dll
0x00007ffddc840000 - 0x00007ffddcaaf000 	C:\WINDOWS\System32\DriverStore\FileRepository\iigd_dch.inf_amd64_03e2a5c7c3b3fa7c\igdumdim64.dll
0x00007ffe4e5b0000 - 0x00007ffe4e755000 	C:\WINDOWS\System32\ole32.dll
0x00007ffdd79e0000 - 0x00007ffdd8f03000 	C:\WINDOWS\System32\DriverStore\FileRepository\iigd_dch.inf_amd64_03e2a5c7c3b3fa7c\igd9dxva64.dll
0x00007ffe4fc70000 - 0x00007ffe500e4000 	C:\WINDOWS\System32\SETUPAPI.dll
0x00007ffe4d4a0000 - 0x00007ffe4d4ee000 	C:\WINDOWS\SYSTEM32\cfgmgr32.dll
0x00007ffde2ca0000 - 0x00007ffde49cb000 	C:\WINDOWS\System32\DriverStore\FileRepository\iigd_dch.inf_amd64_03e2a5c7c3b3fa7c\media_bin_64.dll
0x00007ffe41a70000 - 0x00007ffe41eaf000 	C:\WINDOWS\System32\DriverStore\FileRepository\iigd_dch.inf_amd64_03e2a5c7c3b3fa7c\igdgmm64.dll
0x00007ffe468d0000 - 0x00007ffe46919000 	C:\WINDOWS\SYSTEM32\directxdatabasehelper.dll
0x00007ffe0bb40000 - 0x00007ffe0bb85000 	C:\Users\USER\.openjfx\cache\23.0.1+4\amd64\glass.dll
0x00007ffe4e9a0000 - 0x00007ffe4eaa0000 	C:\WINDOWS\System32\COMDLG32.dll
0x00007ffe50440000 - 0x00007ffe505a1000 	C:\WINDOWS\System32\MSCTF.dll
0x00007ffdfbab0000 - 0x00007ffdfbad7000 	C:\WINDOWS\System32\DriverStore\FileRepository\iigd_dch.inf_amd64_03e2a5c7c3b3fa7c\igdinfo64.dll
0x00007ffe4cfe0000 - 0x00007ffe4cffb000 	C:\WINDOWS\SYSTEM32\CRYPTSP.dll
0x00007ffe4c870000 - 0x00007ffe4c8a5000 	C:\WINDOWS\system32\rsaenh.dll
0x00007ffe4d000000 - 0x00007ffe4d00c000 	C:\WINDOWS\SYSTEM32\CRYPTBASE.dll
0x00007ffe41a30000 - 0x00007ffe41a54000 	C:\WINDOWS\System32\DriverStore\FileRepository\iigd_dch.inf_amd64_03e2a5c7c3b3fa7c\igc64.dll
0x00007ffe3d2b0000 - 0x00007ffe41a1b000 	C:\WINDOWS\System32\DriverStore\FileRepository\iigd_dch.inf_amd64_03e2a5c7c3b3fa7c\igc1464.dll
0x00007ffe4fbc0000 - 0x00007ffe4fc70000 	C:\WINDOWS\System32\clbcatq.dll
0x00007ffe3be40000 - 0x00007ffe3bfbd000 	C:\Windows\System32\Windows.UI.dll
0x00007ffe3aa40000 - 0x00007ffe3abb5000 	C:\Windows\System32\Windows.UI.Immersive.dll
0x00007ffe265b0000 - 0x00007ffe265c5000 	C:\Users\USER\.openjfx\cache\23.0.1+4\amd64\javafx_font.dll
0x00007ffe47d40000 - 0x00007ffe47fb3000 	C:\WINDOWS\SYSTEM32\dwrite.dll
0x00007ffe4a730000 - 0x00007ffe4a8e0000 	C:\WINDOWS\SYSTEM32\WindowsCodecs.dll
0x00007ffe1a180000 - 0x00007ffe1a1de000 	C:\WINDOWS\system32\dataexchange.dll
0x00007ffe44d10000 - 0x00007ffe44fb4000 	C:\WINDOWS\system32\twinapi.appcore.dll
0x00007ffe36780000 - 0x00007ffe367b2000 	C:\Program Files\Common Files\Microsoft Shared\Ink\rtscom.dll
0x00007ffe38950000 - 0x00007ffe38a95000 	C:\WINDOWS\SYSTEM32\textinputframework.dll
0x00007ffe49020000 - 0x00007ffe49153000 	C:\WINDOWS\SYSTEM32\CoreMessaging.dll
0x00007ffe46140000 - 0x00007ffe464ad000 	C:\WINDOWS\SYSTEM32\CoreUIComponents.dll

dbghelp: loaded successfully - version: 4.0.5 - missing functions: none
symbol engine: initialized successfully - sym options: 0x614 - pdb path: .;C:\Program Files\Java\jdk-21\bin;C:\WINDOWS\SYSTEM32;C:\WINDOWS\WinSxS\amd64_microsoft.windows.common-controls_6595b64144ccf1df_6.0.22621.4541_none_2710d1c57384c085;C:\Program Files\Java\jdk-21\bin\server;C:\Users\USER\.openjfx\cache\23.0.1+4\amd64;C:\WINDOWS\System32\DriverStore\FileRepository\iigd_dch.inf_amd64_03e2a5c7c3b3fa7c;C:\Program Files\Common Files\Microsoft Shared\Ink

VM Arguments:
jvm_args: --module-path=C:\Users\USER\.m2\repository\org\openjfx\javafx-base\23.0.1\javafx-base-23.0.1-win.jar;C:\Users\USER\.m2\repository\org\openjfx\javafx-base\23.0.1\javafx-base-23.0.1.jar;C:\Users\USER\.m2\repository\org\openjfx\javafx-controls\23.0.1\javafx-controls-23.0.1-win.jar;C:\Users\USER\.m2\repository\org\openjfx\javafx-controls\23.0.1\javafx-controls-23.0.1.jar;C:\Users\USER\.m2\repository\org\openjfx\javafx-fxml\23.0.1\javafx-fxml-23.0.1-win.jar;C:\Users\USER\.m2\repository\org\openjfx\javafx-fxml\23.0.1\javafx-fxml-23.0.1.jar;C:\Users\USER\.m2\repository\org\openjfx\javafx-graphics\23.0.1\javafx-graphics-23.0.1-win.jar;C:\Users\USER\.m2\repository\org\openjfx\javafx-graphics\23.0.1\javafx-graphics-23.0.1.jar --add-modules=javafx.base,javafx.controls,javafx.fxml,javafx.graphics 
java_command: com.mycompany.java_farm.mainUi
java_class_path (initial): D:\FILE MEEEEE\SEMESTER 3\PBO\Java_farm\Java_farm\target\classes;C:\Users\USER\.m2\repository\au\com\dius\pact\core\pactbroker\4.6.15\pactbroker-4.6.15.jar;C:\Users\USER\.m2\repository\au\com\dius\pact\core\support\4.6.15\support-4.6.15.jar;C:\Users\USER\.m2\repository\com\github\mifmif\generex\1.0.2\generex-1.0.2.jar;C:\Users\USER\.m2\repository\com\google\code\findbugs\jsr305\3.0.2\jsr305-3.0.2.jar;C:\Users\USER\.m2\repository\com\google\errorprone\error_prone_annotations\2.11.0\error_prone_annotations-2.11.0.jar;C:\Users\USER\.m2\repository\com\google\guava\failureaccess\1.0.1\failureaccess-1.0.1.jar;C:\Users\USER\.m2\repository\com\google\guava\guava\31.1-jre\guava-31.1-jre.jar;C:\Users\USER\.m2\repository\com\google\guava\listenablefuture\9999.0-empty-to-avoid-conflict-with-guava\listenablefuture-9999.0-empty-to-avoid-conflict-with-guava.jar;C:\Users\USER\.m2\repository\com\google\j2objc\j2objc-annotations\1.3\j2objc-annotations-1.3.jar;C:\Users\USER\.m2\repository\com\google\protobuf\protobuf-java\3.21.9\protobuf-java-3.21.9.jar;C:\Users\USER\.m2\repository\com\mysql\mysql-connector-j\8.0.33\mysql-connector-j-8.0.33.jar;C:\Users\USER\.m2\repository\commons-codec\commons-codec\1.15\commons-codec-1.15.jar;C:\Users\USER\.m2\repository\dk\brics\automaton\automaton\1.11-8\automaton-1.11-8.jar;C:\Users\USER\.m2\repository\io\github\oshai\kotlin-logging-jvm\5.1.4\kotlin-logging-jvm-5.1.4.jar;C:\Users\USER\.m2\repository\org\apache\commons\commons-lang3\3.12.0\commons-lang3-3.12.0.jar;C:\Users\USER\.m2\repository\org\apache\commons\commons-text\1.10.0\commons-text-1.10.0.jar;C:\Users\USER\.m2\repository\org\apache\httpcomponents\client5\httpclient5\5.3.1\httpclient5-5.3.1.jar;C:\Users\USER\.m2\repository\org\apache\httpcomponents\client5\httpclient5-fluent\5.3.1\httpclient5-fluent-5.3.1.jar;C:\Users\USER\.m2\repository\org\apache\httpcomponents\core5\httpcore5\5.2.4\httpcore5-5.2.4.jar;C:\Users\USER\.m2\repository\org\apache\httpcomponents\core5\httpcore5-h2\5.2.4\httpcore5-h2-5.2.4.jar;C:\Users\USER\.m2\repository\org\checkerframework\checker-qual\3.12.0\checker-qual-3.12.0.jar;C:\Users\USER\.m2\repository\org\jetbrains\annotations\13.0\annotations-13.0.jar;C:\Users\USER\.m2\repository\org\jetbrains\kotlin\kotlin-reflect\1.8.22\kotlin-reflect-1.8.22.jar;C:\Users\USER\.m2\repository\org\jetbrains\kotlin\kotlin-stdlib\1.8.22\kotlin-stdlib-1.8.22.jar;C:\Users\USER\.m2\repository\org\jetbrains\kotlin\kotlin-stdlib-common\1.8.22\kotlin-stdlib-common-1.8.22.jar;C:\Users\USER\.m2\repository\org\jetbrains\kotlin\kotlin-stdlib-jdk7\1.8.22\kotlin-stdlib-jdk7-1.8.22.jar;C:\Users\USER\.m2\repository\org\jetbrains\kotlin\kotlin-stdlib-jdk8\1.8.22\kotlin-stdlib-jdk8-1.8.22.jar;C:\Users\USER\.m2\repository\org\slf4j\slf4j-api\1.7.36\slf4j-api-1.7.36.jar
Launcher Type: SUN_STANDARD

[Global flags]
     intx CICompilerCount                          = 3                                         {product} {ergonomic}
     uint ConcGCThreads                            = 1                                         {product} {ergonomic}
     uint G1ConcRefinementThreads                  = 4                                         {product} {ergonomic}
   size_t G1HeapRegionSize                         = 1048576                                   {product} {ergonomic}
    uintx GCDrainStackTargetSize                   = 64                                        {product} {ergonomic}
   size_t InitialHeapSize                          = 65011712                                  {product} {ergonomic}
   size_t MarkStackSize                            = 4194304                                   {product} {ergonomic}
   size_t MaxHeapSize                              = 1021313024                                {product} {ergonomic}
   size_t MaxNewSize                               = 612368384                                 {product} {ergonomic}
   size_t MinHeapDeltaBytes                        = 1048576                                   {product} {ergonomic}
   size_t MinHeapSize                              = 8388608                                   {product} {ergonomic}
    uintx NonNMethodCodeHeapSize                   = 5832780                                {pd product} {ergonomic}
    uintx NonProfiledCodeHeapSize                  = 122912730                              {pd product} {ergonomic}
    uintx ProfiledCodeHeapSize                     = 122912730                              {pd product} {ergonomic}
    uintx ReservedCodeCacheSize                    = 251658240                              {pd product} {ergonomic}
     bool SegmentedCodeCache                       = true                                      {product} {ergonomic}
   size_t SoftMaxHeapSize                          = 1021313024                             {manageable} {ergonomic}
     bool UseCompressedOops                        = true                           {product lp64_product} {ergonomic}
     bool UseG1GC                                  = true                                      {product} {ergonomic}
     bool UseLargePagesIndividualAllocation        = false                                  {pd product} {ergonomic}

Logging:
Log output configuration:
 #0: stdout all=warning uptime,level,tags foldmultilines=false
 #1: stderr all=off uptime,level,tags foldmultilines=false

Environment Variables:
JAVA_HOME=C:\Program Files\Java\jdk-21
PATH=C:\Program Files\Common Files\Oracle\Java\javapath;C:\WINDOWS\system32;C:\WINDOWS;C:\WINDOWS\System32\Wbem;C:\WINDOWS\System32\WindowsPowerShell\v1.0\;C:\WINDOWS\System32\OpenSSH\;C:\MinGW\bin;C:\Program Files\dotnet\;C:\Program Files\MySQL\MySQL Server 8.0\bin;C:\xampp\php;C:\Program Files\MATLAB\R2024b\bin;C:\Program Files\Java\jdk-23\bin;C:\Users\USER\Downloads\apache-ant-1.10.15-bin\bin;C:\Program Files\Java\javafx-sdk-23.0.1\bin;C:\Program Files\NetBeans-20\netbeans\java\maven;C:\Users\USER\Downloads\apache-maven-3.9.9-bin\apache-maven-3.9.9\bin;C:\Program Files\Java\jdk-21\bin;C:\Program Files\Java\javafx-sdk-21.0.5\bin;C:\Program Files\Java\jdk-21\bin;C:\Program Files\MySQL\MySQL Shell 8.0\bin\;C:\Users\USER\AppData\Local\Microsoft\WindowsApps;;C:\Users\USER\Documents\FILE MEEEEE\Microsoft VS Code\bin
USERNAME=USER
OS=Windows_NT
PROCESSOR_IDENTIFIER=Intel64 Family 6 Model 140 Stepping 1, GenuineIntel
TMP=C:\Users\USER\AppData\Local\Temp
TEMP=C:\Users\USER\AppData\Local\Temp




Periodic native trim disabled

---------------  S Y S T E M  ---------------

OS:
 Windows 11 , 64 bit Build 22621 (10.0.22621.4391)
OS uptime: 0 days 7:03 hours

CPU: total 4 (initial active 4) (2 cores per cpu, 2 threads per core) family 6 model 140 stepping 1 microcode 0x9a, cx8, cmov, fxsr, ht, mmx, 3dnowpref, sse, sse2, sse3, ssse3, sse4.1, sse4.2, popcnt, lzcnt, tsc, tscinvbit, avx, avx2, aes, erms, clmul, bmi1, bmi2, adx, avx512f, avx512dq, avx512cd, avx512bw, avx512vl, sha, fma, vzeroupper, avx512_vpopcntdq, avx512_vpclmulqdq, avx512_vaes, avx512_vnni, clflush, clflushopt, clwb, avx512_vbmi2, avx512_vbmi, rdtscp, rdpid, fsrm, gfni, avx512_bitalg, f16c, pku, cet_ibt, cet_ss, avx512_ifma
Processor Information for processor 0
  Max Mhz: 2995, Current Mhz: 2995, Mhz Limit: 2995
Processor Information for processor 1
  Max Mhz: 2995, Current Mhz: 2995, Mhz Limit: 2995
Processor Information for processor 2
  Max Mhz: 2995, Current Mhz: 1198, Mhz Limit: 2995
Processor Information for processor 3
  Max Mhz: 2995, Current Mhz: 2995, Mhz Limit: 2995

Memory: 4k page, system-wide physical 3895M (111M free)
TotalPageFile size 15671M (AvailPageFile size 3M)
current process WorkingSet (physical memory assigned to process): 240M, peak: 291M
current process commit charge ("private bytes"): 491M, peak: 545M

vm_info: Java HotSpot(TM) 64-Bit Server VM (21.0.5+9-LTS-239) for windows-amd64 JRE (21.0.5+9-LTS-239), built on 2024-09-30T05:17:38Z by "mach5one" with MS VC++ 17.6 (VS2022)

END.
