#
# There is insufficient memory for the Java Runtime Environment to continue.
# Native memory allocation (malloc) failed to allocate 1205968 bytes for Chunk::new
# Possible reasons:
#   The system is out of physical RAM or swap space
#   The process is running with CompressedOops enabled, and the Java Heap may be blocking the growth of the native heap
# Possible solutions:
#   Reduce memory load on the system
#   Increase physical memory or swap space
#   Check if swap backing store is full
#   Decrease Java heap size (-Xmx/-Xms)
#   Decrease number of Java threads
#   Decrease Java thread stack sizes (-Xss)
#   Set larger code cache with -XX:ReservedCodeCacheSize=
#   JVM is running with Unscaled Compressed Oops mode in which the Java heap is
#     placed in the first 4GB address space. The Java Heap base address is the
#     maximum limit for the native heap growth. Please use -XX:HeapBaseMinAddress
#     to set the Java Heap base and to place the Java Heap above 4GB virtual address.
# This output file may be truncated or incomplete.
#
#  Out of Memory Error (arena.cpp:168), pid=17476, tid=16628
#
# JRE version: Java(TM) SE Runtime Environment (21.0.5+9) (build 21.0.5+9-LTS-239)
# Java VM: Java HotSpot(TM) 64-Bit Server VM (21.0.5+9-LTS-239, mixed mode, sharing, tiered, compressed oops, compressed class ptrs, g1 gc, windows-amd64)
# No core dump will be written. Minidumps are not enabled by default on client versions of Windows
#

---------------  S U M M A R Y ------------

Command Line: --module-path=C:\Users\USER\.m2\repository\org\openjfx\javafx-base\23.0.1\javafx-base-23.0.1-win.jar;C:\Users\USER\.m2\repository\org\openjfx\javafx-base\23.0.1\javafx-base-23.0.1.jar;C:\Users\USER\.m2\repository\org\openjfx\javafx-controls\23.0.1\javafx-controls-23.0.1-win.jar;C:\Users\USER\.m2\repository\org\openjfx\javafx-controls\23.0.1\javafx-controls-23.0.1.jar;C:\Users\USER\.m2\repository\org\openjfx\javafx-fxml\23.0.1\javafx-fxml-23.0.1-win.jar;C:\Users\USER\.m2\repository\org\openjfx\javafx-fxml\23.0.1\javafx-fxml-23.0.1.jar;C:\Users\USER\.m2\repository\org\openjfx\javafx-graphics\23.0.1\javafx-graphics-23.0.1-win.jar;C:\Users\USER\.m2\repository\org\openjfx\javafx-graphics\23.0.1\javafx-graphics-23.0.1.jar --add-modules=javafx.base,javafx.controls,javafx.fxml,javafx.graphics com.mycompany.java_farm.mainUi

Host: 11th Gen Intel(R) Core(TM) i3-1115G4 @ 3.00GHz, 4 cores, 3G,  Windows 11 , 64 bit Build 22621 (10.0.22621.4391)
Time: Wed Dec 18 22:03:38 2024 SE Asia Standard Time elapsed time: 9.463287 seconds (0d 0h 0m 9s)

---------------  T H R E A D  ---------------

Current thread (0x000002489c149700):  JavaThread "C2 CompilerThread0" daemon [_thread_in_native, id=16628, stack(0x0000005560a00000,0x0000005560b00000) (1024K)]


Current CompileTask:
C2:   9463 2822 %     4       com.sun.marlin.Renderer::_endRendering @ 2076 (2639 bytes)

Stack: [0x0000005560a00000,0x0000005560b00000]
Native frames: (J=compiled Java code, j=interpreted, Vv=VM code, C=native code)
V  [jvm.dll+0x6ca289]
V  [jvm.dll+0x854a51]
V  [jvm.dll+0x856f7e]
V  [jvm.dll+0x857653]
V  [jvm.dll+0x27dd26]
V  [jvm.dll+0xc4c2d]
V  [jvm.dll+0xc5163]
V  [jvm.dll+0x3b4d3c]
V  [jvm.dll+0x1df809]
V  [jvm.dll+0x246a62]
V  [jvm.dll+0x245eef]
V  [jvm.dll+0x1c6d0e]
V  [jvm.dll+0x2554d9]
V  [jvm.dll+0x253a6a]
V  [jvm.dll+0x3ee136]
V  [jvm.dll+0x7fee9b]
V  [jvm.dll+0x6c896d]
C  [ucrtbase.dll+0x29333]
C  [KERNEL32.DLL+0x1259d]
C  [ntdll.dll+0x5af38]


---------------  P R O C E S S  ---------------

Threads class SMR info:
_java_thread_list=0x000002489ce23da0, length=18, elements={
0x000002483e3b0170, 0x000002489c12e8f0, 0x000002489c12faa0, 0x000002489c1336b0,
0x000002489c136300, 0x000002489c136ff0, 0x000002489c142060, 0x000002489c149700,
0x000002489c14e2e0, 0x000002489c356f30, 0x000002489c5122d0, 0x000002489c9453e0,
0x000002489cb47a20, 0x000002489cb7ff30, 0x000002489ce5b5d0, 0x000002489ce874d0,
0x000002489ce26590, 0x000002489ce251e0
}

Java Threads: ( => current thread )
  0x000002483e3b0170 JavaThread "main"                              [_thread_blocked, id=13696, stack(0x000000555fc00000,0x000000555fd00000) (1024K)]
  0x000002489c12e8f0 JavaThread "Reference Handler"          daemon [_thread_blocked, id=17568, stack(0x0000005560400000,0x0000005560500000) (1024K)]
  0x000002489c12faa0 JavaThread "Finalizer"                  daemon [_thread_blocked, id=17572, stack(0x0000005560500000,0x0000005560600000) (1024K)]
  0x000002489c1336b0 JavaThread "Signal Dispatcher"          daemon [_thread_blocked, id=17540, stack(0x0000005560600000,0x0000005560700000) (1024K)]
  0x000002489c136300 JavaThread "Attach Listener"            daemon [_thread_blocked, id=13792, stack(0x0000005560700000,0x0000005560800000) (1024K)]
  0x000002489c136ff0 JavaThread "Service Thread"             daemon [_thread_blocked, id=16836, stack(0x0000005560800000,0x0000005560900000) (1024K)]
  0x000002489c142060 JavaThread "Monitor Deflation Thread"   daemon [_thread_blocked, id=2716, stack(0x0000005560900000,0x0000005560a00000) (1024K)]
=>0x000002489c149700 JavaThread "C2 CompilerThread0"         daemon [_thread_in_native, id=16628, stack(0x0000005560a00000,0x0000005560b00000) (1024K)]
  0x000002489c14e2e0 JavaThread "C1 CompilerThread0"         daemon [_thread_blocked, id=6940, stack(0x0000005560b00000,0x0000005560c00000) (1024K)]
  0x000002489c356f30 JavaThread "Common-Cleaner"             daemon [_thread_blocked, id=14724, stack(0x0000005560c00000,0x0000005560d00000) (1024K)]
  0x000002489c5122d0 JavaThread "Notification Thread"        daemon [_thread_blocked, id=2756, stack(0x0000005560d00000,0x0000005560e00000) (1024K)]
  0x000002489c9453e0 JavaThread "QuantumRenderer-0"          daemon [_thread_blocked, id=6092, stack(0x0000005561100000,0x0000005561200000) (1024K)]
  0x000002489cb47a20 JavaThread "InvokeLaterDispatcher"      daemon [_thread_blocked, id=9356, stack(0x0000005561200000,0x0000005561300000) (1024K)]
  0x000002489cb7ff30 JavaThread "JavaFX Application Thread"         [_thread_in_native, id=7672, stack(0x0000005561300000,0x0000005561400000) (1024K)]
  0x000002489ce5b5d0 JavaThread "JavaFX-Launcher"                   [_thread_blocked, id=17196, stack(0x0000005561800000,0x0000005561900000) (1024K)]
  0x000002489ce874d0 JavaThread "Thread-2"                   daemon [_thread_in_native, id=10168, stack(0x0000005561700000,0x0000005561800000) (1024K)]
  0x000002489ce26590 JavaThread "Prism Font Disposer"        daemon [_thread_blocked, id=17592, stack(0x0000005561900000,0x0000005561a00000) (1024K)]
  0x000002489ce251e0 JavaThread "Cleaner-0"                  daemon [_thread_blocked, id=17720, stack(0x0000005561d00000,0x0000005561e00000) (1024K)]
Total: 18

Other Threads:
  0x000002483e38fbc0 VMThread "VM Thread"                           [id=17564, stack(0x0000005560300000,0x0000005560400000) (1024K)]
  0x000002489c11d960 WatcherThread "VM Periodic Task Thread"        [id=17560, stack(0x0000005560200000,0x0000005560300000) (1024K)]
  0x000002483e38ff60 WorkerThread "GC Thread#0"                     [id=12944, stack(0x000000555fd00000,0x000000555fe00000) (1024K)]
  0x000002483e3906a0 WorkerThread "GC Thread#1"                     [id=14096, stack(0x0000005560e00000,0x0000005560f00000) (1024K)]
  0x000002483e390a40 WorkerThread "GC Thread#2"                     [id=3220, stack(0x0000005560f00000,0x0000005561000000) (1024K)]
  0x000002489c951da0 WorkerThread "GC Thread#3"                     [id=932, stack(0x0000005561000000,0x0000005561100000) (1024K)]
  0x000002483e5cda60 ConcurrentGCThread "G1 Main Marker"            [id=17544, stack(0x000000555fe00000,0x000000555ff00000) (1024K)]
  0x000002483e390300 WorkerThread "G1 Conc#0"                       [id=17548, stack(0x000000555ff00000,0x0000005560000000) (1024K)]
  0x000002483e62c870 ConcurrentGCThread "G1 Refine#0"               [id=17552, stack(0x0000005560000000,0x0000005560100000) (1024K)]
  0x000002483e62d3e0 ConcurrentGCThread "G1 Service"                [id=17556, stack(0x0000005560100000,0x0000005560200000) (1024K)]
Total: 10

Threads with active compile tasks:
C2 CompilerThread0     9498 2822 %     4       com.sun.marlin.Renderer::_endRendering @ 2076 (2639 bytes)
Total: 1

VM state: not at safepoint (normal execution)

VM Mutex/Monitor currently owned by a thread: None

Heap address: 0x00000000c3200000, size: 974 MB, Compressed Oops mode: 32-bit

CDS archive(s) mapped at: [0x000002485b000000-0x000002485bc90000-0x000002485bc90000), size 13172736, SharedBaseAddress: 0x000002485b000000, ArchiveRelocationMode: 1.
Compressed class space mapped at: 0x000002485c000000-0x000002489c000000, reserved size: 1073741824
Narrow klass base: 0x000002485b000000, Narrow klass shift: 0, Narrow klass range: 0x100000000

GC Precious Log:
 CardTable entry size: 512
 Card Set container configuration: InlinePtr #cards 5 size 8 Array Of Cards #cards 12 size 40 Howl #buckets 4 coarsen threshold 1843 Howl Bitmap #cards 512 size 80 coarsen threshold 460 Card regions per heap region 1 cards per card region 2048
 CPUs: 4 total, 4 available
 Memory: 3895M
 Large Page Support: Disabled
 NUMA Support: Disabled
 Compressed Oops: Enabled (32-bit)
 Heap Region Size: 1M
 Heap Min Capacity: 8M
 Heap Initial Capacity: 62M
 Heap Max Capacity: 974M
 Pre-touch: Disabled
 Parallel Workers: 4
 Concurrent Workers: 1
 Concurrent Refinement Workers: 4
 Periodic GC: Disabled

Heap:
 garbage-first heap   total 63488K, used 38153K [0x00000000c3200000, 0x0000000100000000)
  region size 1024K, 25 young (25600K), 5 survivors (5120K)
 Metaspace       used 16364K, committed 16704K, reserved 1114112K
  class space    used 2441K, committed 2560K, reserved 1048576K

Heap Regions: E=young(eden), S=young(survivor), O=old, HS=humongous(starts), HC=humongous(continues), CS=collection set, F=free, TAMS=top-at-mark-start, PB=parsable bottom
|   0|0x00000000c3200000, 0x00000000c3300000, 0x00000000c3300000|100%| O|  |TAMS 0x00000000c3200000| PB 0x00000000c3200000| Untracked 
|   1|0x00000000c3300000, 0x00000000c3400000, 0x00000000c3400000|100%| O|  |TAMS 0x00000000c3300000| PB 0x00000000c3300000| Untracked 
|   2|0x00000000c3400000, 0x00000000c3500000, 0x00000000c3500000|100%| O|  |TAMS 0x00000000c3400000| PB 0x00000000c3400000| Untracked 
|   3|0x00000000c3500000, 0x00000000c3600000, 0x00000000c3600000|100%|HS|  |TAMS 0x00000000c3500000| PB 0x00000000c3500000| Complete 
|   4|0x00000000c3600000, 0x00000000c3700000, 0x00000000c3700000|100%|HC|  |TAMS 0x00000000c3600000| PB 0x00000000c3600000| Complete 
|   5|0x00000000c3700000, 0x00000000c3800000, 0x00000000c3800000|100%|HC|  |TAMS 0x00000000c3700000| PB 0x00000000c3700000| Complete 
|   6|0x00000000c3800000, 0x00000000c3900000, 0x00000000c3900000|100%|HC|  |TAMS 0x00000000c3800000| PB 0x00000000c3800000| Complete 
|   7|0x00000000c3900000, 0x00000000c3a00000, 0x00000000c3a00000|100%|HS|  |TAMS 0x00000000c3900000| PB 0x00000000c3900000| Complete 
|   8|0x00000000c3a00000, 0x00000000c3b00000, 0x00000000c3b00000|100%|HC|  |TAMS 0x00000000c3a00000| PB 0x00000000c3a00000| Complete 
|   9|0x00000000c3b00000, 0x00000000c3c00000, 0x00000000c3c00000|100%| O|  |TAMS 0x00000000c3b00000| PB 0x00000000c3b00000| Untracked 
|  10|0x00000000c3c00000, 0x00000000c3d00000, 0x00000000c3d00000|100%| O|  |TAMS 0x00000000c3c00000| PB 0x00000000c3c00000| Untracked 
|  11|0x00000000c3d00000, 0x00000000c3de6db8, 0x00000000c3e00000| 90%| O|  |TAMS 0x00000000c3d00000| PB 0x00000000c3d00000| Untracked 
|  12|0x00000000c3e00000, 0x00000000c3f00000, 0x00000000c3f00000|100%|HS|  |TAMS 0x00000000c3e00000| PB 0x00000000c3e00000| Complete 
|  13|0x00000000c3f00000, 0x00000000c4000000, 0x00000000c4000000|100%|HC|  |TAMS 0x00000000c3f00000| PB 0x00000000c3f00000| Complete 
|  14|0x00000000c4000000, 0x00000000c4000000, 0x00000000c4100000|  0%| F|  |TAMS 0x00000000c4000000| PB 0x00000000c4000000| Untracked 
|  15|0x00000000c4100000, 0x00000000c4100000, 0x00000000c4200000|  0%| F|  |TAMS 0x00000000c4100000| PB 0x00000000c4100000| Untracked 
|  16|0x00000000c4200000, 0x00000000c4200000, 0x00000000c4300000|  0%| F|  |TAMS 0x00000000c4200000| PB 0x00000000c4200000| Untracked 
|  17|0x00000000c4300000, 0x00000000c4300000, 0x00000000c4400000|  0%| F|  |TAMS 0x00000000c4300000| PB 0x00000000c4300000| Untracked 
|  18|0x00000000c4400000, 0x00000000c4400000, 0x00000000c4500000|  0%| F|  |TAMS 0x00000000c4400000| PB 0x00000000c4400000| Untracked 
|  19|0x00000000c4500000, 0x00000000c4500000, 0x00000000c4600000|  0%| F|  |TAMS 0x00000000c4500000| PB 0x00000000c4500000| Untracked 
|  20|0x00000000c4600000, 0x00000000c465b6e0, 0x00000000c4700000| 35%| S|CS|TAMS 0x00000000c4600000| PB 0x00000000c4600000| Complete 
|  21|0x00000000c4700000, 0x00000000c4800000, 0x00000000c4800000|100%| S|CS|TAMS 0x00000000c4700000| PB 0x00000000c4700000| Complete 
|  22|0x00000000c4800000, 0x00000000c4900000, 0x00000000c4900000|100%| S|CS|TAMS 0x00000000c4800000| PB 0x00000000c4800000| Complete 
|  23|0x00000000c4900000, 0x00000000c4a00000, 0x00000000c4a00000|100%| S|CS|TAMS 0x00000000c4900000| PB 0x00000000c4900000| Complete 
|  24|0x00000000c4a00000, 0x00000000c4b00000, 0x00000000c4b00000|100%| S|CS|TAMS 0x00000000c4a00000| PB 0x00000000c4a00000| Complete 
|  25|0x00000000c4b00000, 0x00000000c4b00000, 0x00000000c4c00000|  0%| F|  |TAMS 0x00000000c4b00000| PB 0x00000000c4b00000| Untracked 
|  26|0x00000000c4c00000, 0x00000000c4c00000, 0x00000000c4d00000|  0%| F|  |TAMS 0x00000000c4c00000| PB 0x00000000c4c00000| Untracked 
|  27|0x00000000c4d00000, 0x00000000c4d00000, 0x00000000c4e00000|  0%| F|  |TAMS 0x00000000c4d00000| PB 0x00000000c4d00000| Untracked 
|  28|0x00000000c4e00000, 0x00000000c4e00000, 0x00000000c4f00000|  0%| F|  |TAMS 0x00000000c4e00000| PB 0x00000000c4e00000| Untracked 
|  29|0x00000000c4f00000, 0x00000000c4f00000, 0x00000000c5000000|  0%| F|  |TAMS 0x00000000c4f00000| PB 0x00000000c4f00000| Untracked 
|  30|0x00000000c5000000, 0x00000000c5000000, 0x00000000c5100000|  0%| F|  |TAMS 0x00000000c5000000| PB 0x00000000c5000000| Untracked 
|  31|0x00000000c5100000, 0x00000000c5100000, 0x00000000c5200000|  0%| F|  |TAMS 0x00000000c5100000| PB 0x00000000c5100000| Untracked 
|  32|0x00000000c5200000, 0x00000000c5200000, 0x00000000c5300000|  0%| F|  |TAMS 0x00000000c5200000| PB 0x00000000c5200000| Untracked 
|  33|0x00000000c5300000, 0x00000000c5300000, 0x00000000c5400000|  0%| F|  |TAMS 0x00000000c5300000| PB 0x00000000c5300000| Untracked 
|  34|0x00000000c5400000, 0x00000000c5400000, 0x00000000c5500000|  0%| F|  |TAMS 0x00000000c5400000| PB 0x00000000c5400000| Untracked 
|  35|0x00000000c5500000, 0x00000000c5500000, 0x00000000c5600000|  0%| F|  |TAMS 0x00000000c5500000| PB 0x00000000c5500000| Untracked 
|  36|0x00000000c5600000, 0x00000000c5600000, 0x00000000c5700000|  0%| F|  |TAMS 0x00000000c5600000| PB 0x00000000c5600000| Untracked 
|  37|0x00000000c5700000, 0x00000000c5700000, 0x00000000c5800000|  0%| F|  |TAMS 0x00000000c5700000| PB 0x00000000c5700000| Untracked 
|  38|0x00000000c5800000, 0x00000000c5800000, 0x00000000c5900000|  0%| F|  |TAMS 0x00000000c5800000| PB 0x00000000c5800000| Untracked 
|  39|0x00000000c5900000, 0x00000000c5900000, 0x00000000c5a00000|  0%| F|  |TAMS 0x00000000c5900000| PB 0x00000000c5900000| Untracked 
|  40|0x00000000c5a00000, 0x00000000c5a00000, 0x00000000c5b00000|  0%| F|  |TAMS 0x00000000c5a00000| PB 0x00000000c5a00000| Untracked 
|  41|0x00000000c5b00000, 0x00000000c5b00000, 0x00000000c5c00000|  0%| F|  |TAMS 0x00000000c5b00000| PB 0x00000000c5b00000| Untracked 
|  42|0x00000000c5c00000, 0x00000000c5c71fd8, 0x00000000c5d00000| 44%| E|  |TAMS 0x00000000c5c00000| PB 0x00000000c5c00000| Complete 
|  43|0x00000000c5d00000, 0x00000000c5e00000, 0x00000000c5e00000|100%| E|CS|TAMS 0x00000000c5d00000| PB 0x00000000c5d00000| Complete 
|  44|0x00000000c5e00000, 0x00000000c5f00000, 0x00000000c5f00000|100%| E|CS|TAMS 0x00000000c5e00000| PB 0x00000000c5e00000| Complete 
|  45|0x00000000c5f00000, 0x00000000c6000000, 0x00000000c6000000|100%| E|CS|TAMS 0x00000000c5f00000| PB 0x00000000c5f00000| Complete 
|  46|0x00000000c6000000, 0x00000000c6100000, 0x00000000c6100000|100%| E|CS|TAMS 0x00000000c6000000| PB 0x00000000c6000000| Complete 
|  47|0x00000000c6100000, 0x00000000c6200000, 0x00000000c6200000|100%| E|CS|TAMS 0x00000000c6100000| PB 0x00000000c6100000| Complete 
|  48|0x00000000c6200000, 0x00000000c6300000, 0x00000000c6300000|100%| E|CS|TAMS 0x00000000c6200000| PB 0x00000000c6200000| Complete 
|  49|0x00000000c6300000, 0x00000000c6400000, 0x00000000c6400000|100%| E|CS|TAMS 0x00000000c6300000| PB 0x00000000c6300000| Complete 
|  50|0x00000000c6400000, 0x00000000c6500000, 0x00000000c6500000|100%| E|CS|TAMS 0x00000000c6400000| PB 0x00000000c6400000| Complete 
|  51|0x00000000c6500000, 0x00000000c6600000, 0x00000000c6600000|100%| E|CS|TAMS 0x00000000c6500000| PB 0x00000000c6500000| Complete 
|  52|0x00000000c6600000, 0x00000000c6700000, 0x00000000c6700000|100%| E|CS|TAMS 0x00000000c6600000| PB 0x00000000c6600000| Complete 
|  53|0x00000000c6700000, 0x00000000c6800000, 0x00000000c6800000|100%| E|CS|TAMS 0x00000000c6700000| PB 0x00000000c6700000| Complete 
|  54|0x00000000c6800000, 0x00000000c6900000, 0x00000000c6900000|100%| E|CS|TAMS 0x00000000c6800000| PB 0x00000000c6800000| Complete 
|  55|0x00000000c6900000, 0x00000000c6a00000, 0x00000000c6a00000|100%| E|CS|TAMS 0x00000000c6900000| PB 0x00000000c6900000| Complete 
|  56|0x00000000c6a00000, 0x00000000c6b00000, 0x00000000c6b00000|100%| E|CS|TAMS 0x00000000c6a00000| PB 0x00000000c6a00000| Complete 
|  57|0x00000000c6b00000, 0x00000000c6c00000, 0x00000000c6c00000|100%| E|CS|TAMS 0x00000000c6b00000| PB 0x00000000c6b00000| Complete 
|  58|0x00000000c6c00000, 0x00000000c6d00000, 0x00000000c6d00000|100%| E|CS|TAMS 0x00000000c6c00000| PB 0x00000000c6c00000| Complete 
|  59|0x00000000c6d00000, 0x00000000c6e00000, 0x00000000c6e00000|100%| E|CS|TAMS 0x00000000c6d00000| PB 0x00000000c6d00000| Complete 
|  60|0x00000000c6e00000, 0x00000000c6f00000, 0x00000000c6f00000|100%| E|CS|TAMS 0x00000000c6e00000| PB 0x00000000c6e00000| Complete 
|  61|0x00000000c6f00000, 0x00000000c7000000, 0x00000000c7000000|100%| E|CS|TAMS 0x00000000c6f00000| PB 0x00000000c6f00000| Complete 

Card table byte_map: [0x0000024857a20000,0x0000024857c10000] _byte_map_base: 0x0000024857407000

Marking Bits: (CMBitMap*) 0x000002483e5c4fb0
 Bits: [0x0000024857c10000, 0x0000024858b48000)

Polling page: 0x000002483e650000

Metaspace:

Usage:
  Non-class:     13.60 MB used.
      Class:      2.38 MB used.
       Both:     15.98 MB used.

Virtual space:
  Non-class space:       64.00 MB reserved,      13.81 MB ( 22%) committed,  1 nodes.
      Class space:        1.00 GB reserved,       2.50 MB ( <1%) committed,  1 nodes.
             Both:        1.06 GB reserved,      16.31 MB (  1%) committed. 

Chunk freelists:
   Non-Class:  1.41 MB
       Class:  13.39 MB
        Both:  14.79 MB

MaxMetaspaceSize: unlimited
CompressedClassSpaceSize: 1.00 GB
Initial GC threshold: 21.00 MB
Current GC threshold: 21.00 MB
CDS: on
 - commit_granule_bytes: 65536.
 - commit_granule_words: 8192.
 - virtual_space_node_default_size: 8388608.
 - enlarge_chunks_in_place: 1.
 - use_allocation_guard: 0.


Internal statistics:

num_allocs_failed_limit: 0.
num_arena_births: 356.
num_arena_deaths: 0.
num_vsnodes_births: 2.
num_vsnodes_deaths: 0.
num_space_committed: 261.
num_space_uncommitted: 0.
num_chunks_returned_to_freelist: 0.
num_chunks_taken_from_freelist: 915.
num_chunk_merges: 0.
num_chunk_splits: 613.
num_chunks_enlarged: 445.
num_inconsistent_stats: 0.

CodeHeap 'non-profiled nmethods': size=120000Kb used=1155Kb max_used=1155Kb free=118844Kb
 bounds [0x000002484fce0000, 0x000002484ff50000, 0x0000024857210000]
CodeHeap 'profiled nmethods': size=120000Kb used=5310Kb max_used=5310Kb free=114689Kb
 bounds [0x0000024848210000, 0x0000024848740000, 0x000002484f740000]
CodeHeap 'non-nmethods': size=5760Kb used=2046Kb max_used=2078Kb free=3713Kb
 bounds [0x000002484f740000, 0x000002484f9b0000, 0x000002484fce0000]
 total_blobs=3650 nmethods=2827 adapters=727
 compilation: enabled
              stopped_count=0, restarted_count=0
 full_count=0

Compilation events (20 events):
Event: 9.417 Thread 0x000002489c14e2e0 2821       3       com.sun.scenario.effect.impl.prism.ps.PPSDrawable::getPhysicalHeight (10 bytes)
Event: 9.417 Thread 0x000002489c14e2e0 nmethod 2821 0x000002484873c990 code [0x000002484873cb20, 0x000002484873cd08]
Event: 9.418 Thread 0x000002489c14e2e0 2823       3       com.sun.javafx.sg.prism.NGCamera::getProjViewTx (21 bytes)
Event: 9.418 Thread 0x000002489c14e2e0 nmethod 2823 0x000002484873ce10 code [0x000002484873cfe0, 0x000002484873d3c8]
Event: 9.418 Thread 0x000002489c14e2e0 2824       3       com.sun.prism.d3d.D3DContext::adjustClipSpace (84 bytes)
Event: 9.418 Thread 0x000002489c14e2e0 nmethod 2824 0x000002484873d590 code [0x000002484873d780, 0x000002484873da28]
Event: 9.418 Thread 0x000002489c14e2e0 2825       3       com.sun.javafx.sg.prism.NGCamera::getPositionInWorld (22 bytes)
Event: 9.419 Thread 0x000002489c14e2e0 nmethod 2825 0x000002484873db90 code [0x000002484873dd40, 0x000002484873e050]
Event: 9.419 Thread 0x000002489c14e2e0 2826       1       com.sun.javafx.sg.prism.NGNode::isDepthTest (5 bytes)
Event: 9.419 Thread 0x000002489c14e2e0 nmethod 2826 0x000002484fdffb10 code [0x000002484fdffca0, 0x000002484fdffd70]
Event: 9.419 Thread 0x000002489c14e2e0 2827       1       com.sun.javafx.sg.prism.NGNode::getCacheFilter (5 bytes)
Event: 9.419 Thread 0x000002489c14e2e0 nmethod 2827 0x000002484fdffe10 code [0x000002484fdfffa0, 0x000002484fe00068]
Event: 9.420 Thread 0x000002489c14e2e0 2828       3       java.lang.ref.ReferenceQueue::<init> (32 bytes)
Event: 9.420 Thread 0x000002489c14e2e0 nmethod 2828 0x000002484873e210 code [0x000002484873e420, 0x000002484873ecb8]
Event: 9.425 Thread 0x000002489c149700 nmethod 2812 0x000002484fe00110 code [0x000002484fe002c0, 0x000002484fe008f8]
Event: 9.425 Thread 0x000002489c149700 2822 %     4       com.sun.marlin.Renderer::_endRendering @ 2076 (2639 bytes)
Event: 9.443 Thread 0x000002489c14e2e0 2829       3       java.util.WeakHashMap::entrySet (27 bytes)
Event: 9.443 Thread 0x000002489c14e2e0 nmethod 2829 0x000002484873ef90 code [0x000002484873f160, 0x000002484873f548]
Event: 9.443 Thread 0x000002489c14e2e0 2830       3       java.util.WeakHashMap$EntrySet::iterator (12 bytes)
Event: 9.443 Thread 0x000002489c14e2e0 nmethod 2830 0x000002484873f690 code [0x000002484873f840, 0x000002484873fa50]

GC Heap History (6 events):
Event: 0.444 GC heap before
{Heap before GC invocations=0 (full 0):
 garbage-first heap   total 63488K, used 12288K [0x00000000c3200000, 0x0000000100000000)
  region size 1024K, 13 young (13312K), 0 survivors (0K)
 Metaspace       used 1830K, committed 1984K, reserved 1114112K
  class space    used 183K, committed 256K, reserved 1048576K
}
Event: 0.447 GC heap after
{Heap after GC invocations=1 (full 0):
 garbage-first heap   total 63488K, used 1711K [0x00000000c3200000, 0x0000000100000000)
  region size 1024K, 2 young (2048K), 2 survivors (2048K)
 Metaspace       used 1830K, committed 1984K, reserved 1114112K
  class space    used 183K, committed 256K, reserved 1048576K
}
Event: 1.038 GC heap before
{Heap before GC invocations=1 (full 0):
 garbage-first heap   total 63488K, used 23215K [0x00000000c3200000, 0x0000000100000000)
  region size 1024K, 24 young (24576K), 2 survivors (2048K)
 Metaspace       used 4914K, committed 5120K, reserved 1114112K
  class space    used 538K, committed 640K, reserved 1048576K
}
Event: 1.044 GC heap after
{Heap after GC invocations=2 (full 0):
 garbage-first heap   total 63488K, used 5442K [0x00000000c3200000, 0x0000000100000000)
  region size 1024K, 3 young (3072K), 3 survivors (3072K)
 Metaspace       used 4914K, committed 5120K, reserved 1114112K
  class space    used 538K, committed 640K, reserved 1048576K
}
Event: 1.964 GC heap before
{Heap before GC invocations=2 (full 0):
 garbage-first heap   total 63488K, used 45378K [0x00000000c3200000, 0x0000000100000000)
  region size 1024K, 37 young (37888K), 3 survivors (3072K)
 Metaspace       used 12413K, committed 12736K, reserved 1114112K
  class space    used 1724K, committed 1856K, reserved 1048576K
}
Event: 1.970 GC heap after
{Heap after GC invocations=3 (full 0):
 garbage-first heap   total 63488K, used 16649K [0x00000000c3200000, 0x0000000100000000)
  region size 1024K, 5 young (5120K), 5 survivors (5120K)
 Metaspace       used 12413K, committed 12736K, reserved 1114112K
  class space    used 1724K, committed 1856K, reserved 1048576K
}

Dll operation events (20 events):
Event: 0.338 Loaded shared library C:\Users\USER\.openjfx\cache\23.0.1+4\amd64\api-ms-win-crt-locale-l1-1-0.dll
Event: 0.342 Loaded shared library C:\Users\USER\.openjfx\cache\23.0.1+4\amd64\api-ms-win-crt-math-l1-1-0.dll
Event: 0.346 Loaded shared library C:\Users\USER\.openjfx\cache\23.0.1+4\amd64\api-ms-win-crt-multibyte-l1-1-0.dll
Event: 0.351 Loaded shared library C:\Users\USER\.openjfx\cache\23.0.1+4\amd64\api-ms-win-crt-private-l1-1-0.dll
Event: 0.355 Loaded shared library C:\Users\USER\.openjfx\cache\23.0.1+4\amd64\api-ms-win-crt-process-l1-1-0.dll
Event: 0.358 Loaded shared library C:\Users\USER\.openjfx\cache\23.0.1+4\amd64\api-ms-win-crt-runtime-l1-1-0.dll
Event: 0.362 Loaded shared library C:\Users\USER\.openjfx\cache\23.0.1+4\amd64\api-ms-win-crt-stdio-l1-1-0.dll
Event: 0.365 Loaded shared library C:\Users\USER\.openjfx\cache\23.0.1+4\amd64\api-ms-win-crt-string-l1-1-0.dll
Event: 0.368 Loaded shared library C:\Users\USER\.openjfx\cache\23.0.1+4\amd64\api-ms-win-crt-time-l1-1-0.dll
Event: 0.371 Loaded shared library C:\Users\USER\.openjfx\cache\23.0.1+4\amd64\api-ms-win-crt-utility-l1-1-0.dll
Event: 0.394 Loaded shared library C:\Users\USER\.openjfx\cache\23.0.1+4\amd64\ucrtbase.dll
Event: 0.401 Loaded shared library C:\Users\USER\.openjfx\cache\23.0.1+4\amd64\vcruntime140.dll
Event: 0.405 Loaded shared library C:\Users\USER\.openjfx\cache\23.0.1+4\amd64\vcruntime140_1.dll
Event: 0.419 Loaded shared library C:\Users\USER\.openjfx\cache\23.0.1+4\amd64\msvcp140.dll
Event: 0.425 Loaded shared library C:\Users\USER\.openjfx\cache\23.0.1+4\amd64\msvcp140_1.dll
Event: 0.435 Loaded shared library C:\Users\USER\.openjfx\cache\23.0.1+4\amd64\msvcp140_2.dll
Event: 0.488 Loaded shared library C:\Users\USER\.openjfx\cache\23.0.1+4\amd64\prism_d3d.dll
Event: 0.609 Loaded shared library C:\Users\USER\.openjfx\cache\23.0.1+4\amd64\glass.dll
Event: 0.829 Loaded shared library C:\Program Files\Java\jdk-21\bin\jimage.dll
Event: 1.205 Loaded shared library C:\Users\USER\.openjfx\cache\23.0.1+4\amd64\javafx_font.dll

Deoptimization events (20 events):
Event: 8.741 Thread 0x000002489c9453e0 DEOPT PACKING pc=0x00000248486ba508 sp=0x00000055611fd130
Event: 8.741 Thread 0x000002489c9453e0 DEOPT UNPACKING pc=0x000002484f7988e2 sp=0x00000055611fc580 mode 0
Event: 8.742 Thread 0x000002489c9453e0 DEOPT PACKING pc=0x00000248486ba508 sp=0x00000055611fc910
Event: 8.743 Thread 0x000002489c9453e0 DEOPT UNPACKING pc=0x000002484f7988e2 sp=0x00000055611fbd60 mode 0
Event: 8.744 Thread 0x000002489c9453e0 DEOPT PACKING pc=0x00000248486ba508 sp=0x00000055611fcaa0
Event: 8.744 Thread 0x000002489c9453e0 DEOPT UNPACKING pc=0x000002484f7988e2 sp=0x00000055611fbef0 mode 0
Event: 8.746 Thread 0x000002489c9453e0 DEOPT PACKING pc=0x00000248486ba508 sp=0x00000055611fd700
Event: 8.746 Thread 0x000002489c9453e0 DEOPT UNPACKING pc=0x000002484f7988e2 sp=0x00000055611fcb50 mode 0
Event: 8.748 Thread 0x000002489c9453e0 DEOPT PACKING pc=0x00000248486ba508 sp=0x00000055611fd890
Event: 8.748 Thread 0x000002489c9453e0 DEOPT UNPACKING pc=0x000002484f7988e2 sp=0x00000055611fcce0 mode 0
Event: 8.920 Thread 0x000002489c9453e0 DEOPT PACKING pc=0x00000248486ba508 sp=0x00000055611fd890
Event: 8.920 Thread 0x000002489c9453e0 DEOPT UNPACKING pc=0x000002484f7988e2 sp=0x00000055611fcce0 mode 0
Event: 8.925 Thread 0x000002489c9453e0 DEOPT PACKING pc=0x00000248487226bd sp=0x00000055611fd0f0
Event: 8.925 Thread 0x000002489c9453e0 DEOPT UNPACKING pc=0x000002484f7988e2 sp=0x00000055611fc558 mode 0
Event: 9.413 Thread 0x000002489c9453e0 DEOPT PACKING pc=0x00000248486bee64 sp=0x00000055611fd760
Event: 9.413 Thread 0x000002489c9453e0 DEOPT UNPACKING pc=0x000002484f7988e2 sp=0x00000055611fcc10 mode 0
Event: 9.414 Thread 0x000002489c9453e0 Uncommon trap: trap_request=0xffffff6e fr.pc=0x000002484fdfb0a4 relative=0x0000000000002d44
Event: 9.414 Thread 0x000002489c9453e0 Uncommon trap: reason=loop_limit_check action=maybe_recompile pc=0x000002484fdfb0a4 method=com.sun.marlin.Renderer._endRendering(IILcom/sun/marlin/MarlinAlphaConsumer;)V @ 1116 c2
Event: 9.414 Thread 0x000002489c9453e0 DEOPT PACKING pc=0x000002484fdfb0a4 sp=0x00000055611fd010
Event: 9.414 Thread 0x000002489c9453e0 DEOPT UNPACKING pc=0x000002484f797da2 sp=0x00000055611fce38 mode 2

Classes loaded (20 events):
Event: 2.310 Loading class jdk/internal/ref/CleanerImpl$InnocuousThreadFactory
Event: 2.310 Loading class jdk/internal/ref/CleanerImpl$InnocuousThreadFactory done
Event: 2.316 Loading class sun/misc/Unsafe
Event: 2.317 Loading class sun/misc/Unsafe done
Event: 2.317 Loading class java/lang/invoke/DirectMethodHandle$StaticAccessor
Event: 2.317 Loading class java/lang/invoke/DirectMethodHandle$StaticAccessor done
Event: 2.514 Loading class java/lang/FdLibm$Atan2
Event: 2.514 Loading class java/lang/FdLibm$Atan2 done
Event: 7.257 Loading class java/util/EnumMap$Values
Event: 7.258 Loading class java/util/EnumMap$Values done
Event: 7.258 Loading class java/util/EnumMap$ValueIterator
Event: 7.258 Loading class java/util/EnumMap$EnumMapIterator
Event: 7.258 Loading class java/util/EnumMap$EnumMapIterator done
Event: 7.258 Loading class java/util/EnumMap$ValueIterator done
Event: 8.713 Loading class java/io/UnsupportedEncodingException
Event: 8.714 Loading class java/io/UnsupportedEncodingException done
Event: 9.415 Loading class jdk/internal/foreign/MemorySessionImpl
Event: 9.416 Loading class java/lang/foreign/MemorySegment$Scope
Event: 9.416 Loading class java/lang/foreign/MemorySegment$Scope done
Event: 9.416 Loading class jdk/internal/foreign/MemorySessionImpl done

Classes unloaded (0 events):
No events

Classes redefined (0 events):
No events

Internal exceptions (20 events):
Event: 1.772 Thread 0x000002489cb7ff30 Implicit null exception at 0x000002484fd8859a to 0x000002484fd887c8
Event: 1.815 Thread 0x000002489cb7ff30 Exception <a 'java/io/FileNotFoundException'{0x00000000c50e0c10}> (0x00000000c50e0c10) 
thrown [s\open\src\hotspot\share\prims\jni.cpp, line 520]
Event: 1.857 Thread 0x000002489cb7ff30 Exception <a 'java/lang/ClassNotFoundException'{0x00000000c4ea6928}: sun/util/logging/resources/spi/loggingProvider> (0x00000000c4ea6928) 
thrown [s\open\src\hotspot\share\classfile\systemDictionary.cpp, line 312]
Event: 1.872 Thread 0x000002489cb7ff30 Implicit null exception at 0x000002484fd7fc1a to 0x000002484fd7fe48
Event: 1.873 Thread 0x000002489cb7ff30 Implicit null exception at 0x000002484fd7df3d to 0x000002484fd7dfc1
Event: 1.997 Thread 0x000002489cb7ff30 Exception <a 'java/lang/NoSuchMethodError'{0x00000000c6dff758}: 'java.lang.Object java.lang.invoke.DirectMethodHandle$Holder.invokeInterface(java.lang.Object, java.lang.Object, java.lang.Object)'> (0x00000000c6dff758) 
thrown [s\open\src\hotspot\share\interpreter\linkResolver.cpp, line 773]
Event: 1.997 Thread 0x000002489cb7ff30 Exception <a 'java/lang/IncompatibleClassChangeError'{0x00000000c6c03680}: Found class java.lang.Object, but interface was expected> (0x00000000c6c03680) 
thrown [s\open\src\hotspot\share\interpreter\linkResolver.cpp, line 840]
Event: 2.027 Thread 0x000002489cb7ff30 Exception <a 'java/lang/ClassNotFoundException'{0x00000000c6a7b0b8}: com/sun/javafx/scene/control/skin/resources/controls> (0x00000000c6a7b0b8) 
thrown [s\open\src\hotspot\share\prims\jni.cpp, line 539]
Event: 2.027 Thread 0x000002489cb7ff30 Exception <a 'java/lang/ClassNotFoundException'{0x00000000c6a8e590}: com/sun/javafx/scene/control/skin/resources/controls_en> (0x00000000c6a8e590) 
thrown [s\open\src\hotspot\share\prims\jni.cpp, line 539]
Event: 2.028 Thread 0x000002489cb7ff30 Exception <a 'java/lang/ClassNotFoundException'{0x00000000c6a8fde0}: com/sun/javafx/scene/control/skin/resources/controls_en_ID> (0x00000000c6a8fde0) 
thrown [s\open\src\hotspot\share\prims\jni.cpp, line 539]
Event: 2.044 Thread 0x000002489cb7ff30 Exception <a 'java/lang/NoSuchMethodError'{0x00000000c6995378}: 'void java.lang.invoke.DirectMethodHandle$Holder.invokeSpecial(java.lang.Object, java.lang.Object, java.lang.Object, java.lang.Object, java.lang.Object, java.lang.Object)'> (0x00000000c6995378) 
thrown [s\open\src\hotspot\share\interpreter\linkResolver.cpp, line 773]
Event: 2.097 Thread 0x000002489cb7ff30 Exception <a 'java/lang/NoSuchMethodError'{0x00000000c65c4ce8}: 'int java.lang.invoke.DirectMethodHandle$Holder.invokeSpecial(java.lang.Object, java.lang.Object, int)'> (0x00000000c65c4ce8) 
thrown [s\open\src\hotspot\share\interpreter\linkResolver.cpp, line 773]
Event: 2.113 Thread 0x000002489cb7ff30 Exception <a 'java/lang/NoSuchMethodError'{0x00000000c641d3d0}: 'java.lang.Object java.lang.invoke.DirectMethodHandle$Holder.newInvokeSpecial(java.lang.Object, java.lang.Object, int)'> (0x00000000c641d3d0) 
thrown [s\open\src\hotspot\share\interpreter\linkResolver.cpp, line 773]
Event: 2.220 Thread 0x000002489c9453e0 Exception <a 'java/lang/NoSuchMethodError'{0x00000000c6396a98}: 'int java.lang.invoke.DirectMethodHandle$Holder.invokeStaticInit(java.lang.Object, java.lang.Object)'> (0x00000000c6396a98) 
thrown [s\open\src\hotspot\share\interpreter\linkResolver.cpp, line 773]
Event: 2.245 Thread 0x000002489c9453e0 Exception <a 'java/lang/NoSuchMethodError'{0x00000000c62838f8}: 'java.lang.Object java.lang.invoke.DirectMethodHandle$Holder.invokeStaticInit(java.lang.Object, int)'> (0x00000000c62838f8) 
thrown [s\open\src\hotspot\share\interpreter\linkResolver.cpp, line 773]
Event: 8.723 Thread 0x000002489cb7ff30 Exception <a 'java/lang/NoSuchMethodError'{0x00000000c5d910a8}: 'void java.lang.invoke.DirectMethodHandle$Holder.invokeVirtual(java.lang.Object, java.lang.Object)'> (0x00000000c5d910a8) 
thrown [s\open\src\hotspot\share\interpreter\linkResolver.cpp, line 773]
Event: 8.725 Thread 0x000002489cb7ff30 Exception <a 'java/lang/NoSuchMethodError'{0x00000000c5db9278}: 'long java.lang.invoke.DirectMethodHandle$Holder.invokeStatic(java.lang.Object, java.lang.Object, java.lang.Object)'> (0x00000000c5db9278) 
thrown [s\open\src\hotspot\share\interpreter\linkResolver.cpp, line 773]
Event: 8.725 Thread 0x000002489cb7ff30 Exception <a 'java/lang/NoSuchMethodError'{0x00000000c5dbc658}: 'long java.lang.invoke.DirectMethodHandle$Holder.invokeStaticInit(java.lang.Object, java.lang.Object, java.lang.Object)'> (0x00000000c5dbc658) 
thrown [s\open\src\hotspot\share\interpreter\linkResolver.cpp, line 773]
Event: 8.726 Thread 0x000002489cb7ff30 Exception <a 'java/lang/NoSuchMethodError'{0x00000000c5dd0cf0}: 'java.lang.Object java.lang.invoke.DirectMethodHandle$Holder.newInvokeSpecial(java.lang.Object, java.lang.Object, long)'> (0x00000000c5dd0cf0) 
thrown [s\open\src\hotspot\share\interpreter\linkResolver.cpp, line 773]
Event: 8.726 Thread 0x000002489cb7ff30 Exception <a 'java/lang/NoSuchMethodError'{0x00000000c5dd45f8}: 'java.lang.Object java.lang.invoke.Invokers$Holder.linkToTargetMethod(java.lang.Object, long, java.lang.Object)'> (0x00000000c5dd45f8) 
thrown [s\open\src\hotspot\share\interpreter\linkResolver.cpp, line 773]

ZGC Phase Switch (0 events):
No events

VM Operations (20 events):
Event: 1.560 Executing VM operation: HandshakeAllThreads (Deoptimize)
Event: 1.560 Executing VM operation: HandshakeAllThreads (Deoptimize) done
Event: 1.626 Executing VM operation: HandshakeAllThreads (Deoptimize)
Event: 1.626 Executing VM operation: HandshakeAllThreads (Deoptimize) done
Event: 1.750 Executing VM operation: ICBufferFull
Event: 1.750 Executing VM operation: ICBufferFull done
Event: 1.833 Executing VM operation: HandshakeAllThreads (Deoptimize)
Event: 1.833 Executing VM operation: HandshakeAllThreads (Deoptimize) done
Event: 1.836 Executing VM operation: HandshakeAllThreads (Deoptimize)
Event: 1.836 Executing VM operation: HandshakeAllThreads (Deoptimize) done
Event: 1.838 Executing VM operation: HandshakeAllThreads (Deoptimize)
Event: 1.838 Executing VM operation: HandshakeAllThreads (Deoptimize) done
Event: 1.964 Executing VM operation: G1CollectForAllocation (G1 Evacuation Pause)
Event: 1.970 Executing VM operation: G1CollectForAllocation (G1 Evacuation Pause) done
Event: 1.982 Executing VM operation: HandshakeAllThreads (Deoptimize)
Event: 1.982 Executing VM operation: HandshakeAllThreads (Deoptimize) done
Event: 2.981 Executing VM operation: Cleanup
Event: 2.981 Executing VM operation: Cleanup done
Event: 8.984 Executing VM operation: Cleanup
Event: 8.985 Executing VM operation: Cleanup done

Events (18 events):
Event: 0.029 Thread 0x000002483e3b0170 Thread added: 0x000002483e3b0170
Event: 0.040 Thread 0x000002489c12e8f0 Thread added: 0x000002489c12e8f0
Event: 0.040 Thread 0x000002489c12faa0 Thread added: 0x000002489c12faa0
Event: 0.040 Thread 0x000002489c1336b0 Thread added: 0x000002489c1336b0
Event: 0.040 Thread 0x000002489c136300 Thread added: 0x000002489c136300
Event: 0.040 Thread 0x000002489c136ff0 Thread added: 0x000002489c136ff0
Event: 0.040 Thread 0x000002489c142060 Thread added: 0x000002489c142060
Event: 0.040 Thread 0x000002489c149700 Thread added: 0x000002489c149700
Event: 0.040 Thread 0x000002489c14e2e0 Thread added: 0x000002489c14e2e0
Event: 0.064 Thread 0x000002489c356f30 Thread added: 0x000002489c356f30
Event: 0.136 Thread 0x000002489c5122d0 Thread added: 0x000002489c5122d0
Event: 0.468 Thread 0x000002489c9453e0 Thread added: 0x000002489c9453e0
Event: 0.612 Thread 0x000002489cb47a20 Thread added: 0x000002489cb47a20
Event: 0.614 Thread 0x000002489cb7ff30 Thread added: 0x000002489cb7ff30
Event: 0.808 Thread 0x000002489ce5b5d0 Thread added: 0x000002489ce5b5d0
Event: 0.820 Thread 0x000002489ce874d0 Thread added: 0x000002489ce874d0
Event: 1.493 Thread 0x000002489ce26590 Thread added: 0x000002489ce26590
Event: 2.311 Thread 0x000002489ce251e0 Thread added: 0x000002489ce251e0


Dynamic libraries:
0x00007ff733ed0000 - 0x00007ff733ee0000 	C:\Program Files\Java\jdk-21\bin\java.exe
0x00007ff8590f0000 - 0x00007ff859307000 	C:\WINDOWS\SYSTEM32\ntdll.dll
0x00007ff8571e0000 - 0x00007ff8572a4000 	C:\WINDOWS\System32\KERNEL32.DLL
0x00007ff8564f0000 - 0x00007ff8568aa000 	C:\WINDOWS\System32\KERNELBASE.dll
0x00007ff856bf0000 - 0x00007ff856d01000 	C:\WINDOWS\System32\ucrtbase.dll
0x00007ff84f8b0000 - 0x00007ff84f8cb000 	C:\Program Files\Java\jdk-21\bin\VCRUNTIME140.dll
0x00007ff84f9c0000 - 0x00007ff84f9d9000 	C:\Program Files\Java\jdk-21\bin\jli.dll
0x00007ff8583d0000 - 0x00007ff858482000 	C:\WINDOWS\System32\ADVAPI32.dll
0x00007ff8579d0000 - 0x00007ff857a77000 	C:\WINDOWS\System32\msvcrt.dll
0x00007ff857130000 - 0x00007ff8571d7000 	C:\WINDOWS\System32\sechost.dll
0x00007ff8568b0000 - 0x00007ff8568d8000 	C:\WINDOWS\System32\bcrypt.dll
0x00007ff857010000 - 0x00007ff857124000 	C:\WINDOWS\System32\RPCRT4.dll
0x00007ff856e60000 - 0x00007ff85700e000 	C:\WINDOWS\System32\USER32.dll
0x00007ff856d10000 - 0x00007ff856d36000 	C:\WINDOWS\System32\win32u.dll
0x00007ff8463e0000 - 0x00007ff846672000 	C:\WINDOWS\WinSxS\amd64_microsoft.windows.common-controls_6595b64144ccf1df_6.0.22621.4541_none_2710d1c57384c085\COMCTL32.dll
0x00007ff858010000 - 0x00007ff858039000 	C:\WINDOWS\System32\GDI32.dll
0x00007ff856ad0000 - 0x00007ff856beb000 	C:\WINDOWS\System32\gdi32full.dll
0x00007ff8563d0000 - 0x00007ff85646a000 	C:\WINDOWS\System32\msvcp_win.dll
0x00007ff84cfb0000 - 0x00007ff84cfba000 	C:\WINDOWS\SYSTEM32\VERSION.dll
0x00007ff857cd0000 - 0x00007ff857d01000 	C:\WINDOWS\System32\IMM32.DLL
0x00007ff84f600000 - 0x00007ff84f60c000 	C:\Program Files\Java\jdk-21\bin\vcruntime140_1.dll
0x00007fffb6720000 - 0x00007fffb67ae000 	C:\Program Files\Java\jdk-21\bin\msvcp140.dll
0x00007fffb6a20000 - 0x00007fffb7738000 	C:\Program Files\Java\jdk-21\bin\server\jvm.dll
0x00007ff857c50000 - 0x00007ff857cc1000 	C:\WINDOWS\System32\WS2_32.dll
0x00007ff8562a0000 - 0x00007ff8562ed000 	C:\WINDOWS\SYSTEM32\POWRPROF.dll
0x00007ff84e6d0000 - 0x00007ff84e704000 	C:\WINDOWS\SYSTEM32\WINMM.dll
0x00007ff856280000 - 0x00007ff856293000 	C:\WINDOWS\SYSTEM32\UMPDC.dll
0x00007ff855410000 - 0x00007ff855428000 	C:\WINDOWS\SYSTEM32\kernel.appcore.dll
0x00007ff84f5f0000 - 0x00007ff84f5fa000 	C:\Program Files\Java\jdk-21\bin\jimage.dll
0x00007ff853dd0000 - 0x00007ff854002000 	C:\WINDOWS\SYSTEM32\DBGHELP.DLL
0x00007ff858040000 - 0x00007ff8583cf000 	C:\WINDOWS\System32\combase.dll
0x00007ff8584f0000 - 0x00007ff8585c7000 	C:\WINDOWS\System32\OLEAUT32.dll
0x00007ff838f10000 - 0x00007ff838f42000 	C:\WINDOWS\SYSTEM32\dbgcore.DLL
0x00007ff856470000 - 0x00007ff8564eb000 	C:\WINDOWS\System32\bcryptPrimitives.dll
0x00007ff81e350000 - 0x00007ff81e36f000 	C:\Program Files\Java\jdk-21\bin\java.dll
0x00007ff8585d0000 - 0x00007ff858e48000 	C:\WINDOWS\System32\SHELL32.dll
0x00007ff854310000 - 0x00007ff854c18000 	C:\WINDOWS\SYSTEM32\windows.storage.dll
0x00007ff8541d0000 - 0x00007ff85430f000 	C:\WINDOWS\SYSTEM32\wintypes.dll
0x00007ff858ee0000 - 0x00007ff858fda000 	C:\WINDOWS\System32\SHCORE.dll
0x00007ff856e00000 - 0x00007ff856e5e000 	C:\WINDOWS\System32\shlwapi.dll
0x00007ff856300000 - 0x00007ff85632b000 	C:\WINDOWS\SYSTEM32\profapi.dll
0x00007fffb6940000 - 0x00007fffb6a17000 	C:\Program Files\Java\jdk-21\bin\jsvml.dll
0x00007ff81e340000 - 0x00007ff81e350000 	C:\Program Files\Java\jdk-21\bin\net.dll
0x00007ff851da0000 - 0x00007ff851ed6000 	C:\WINDOWS\SYSTEM32\WINHTTP.dll
0x00007ff855890000 - 0x00007ff8558f9000 	C:\WINDOWS\system32\mswsock.dll
0x00007ff81e320000 - 0x00007ff81e336000 	C:\Program Files\Java\jdk-21\bin\nio.dll
0x00007ff81e300000 - 0x00007ff81e318000 	C:\Program Files\Java\jdk-21\bin\zip.dll
0x000002483e690000 - 0x000002483e693000 	C:\Users\USER\.openjfx\cache\23.0.1+4\amd64\api-ms-win-core-console-l1-1-0.dll
0x000002485afc0000 - 0x000002485afc3000 	C:\Users\USER\.openjfx\cache\23.0.1+4\amd64\api-ms-win-core-console-l1-2-0.dll
0x000002485afd0000 - 0x000002485afd3000 	C:\Users\USER\.openjfx\cache\23.0.1+4\amd64\api-ms-win-core-datetime-l1-1-0.dll
0x000002485afe0000 - 0x000002485afe3000 	C:\Users\USER\.openjfx\cache\23.0.1+4\amd64\api-ms-win-core-debug-l1-1-0.dll
0x000002485aff0000 - 0x000002485aff3000 	C:\Users\USER\.openjfx\cache\23.0.1+4\amd64\api-ms-win-core-errorhandling-l1-1-0.dll
0x000002489cf00000 - 0x000002489cf04000 	C:\Users\USER\.openjfx\cache\23.0.1+4\amd64\api-ms-win-core-file-l1-1-0.dll
0x000002489cf10000 - 0x000002489cf13000 	C:\Users\USER\.openjfx\cache\23.0.1+4\amd64\api-ms-win-core-file-l1-2-0.dll
0x000002489cf20000 - 0x000002489cf23000 	C:\Users\USER\.openjfx\cache\23.0.1+4\amd64\api-ms-win-core-file-l2-1-0.dll
0x000002489cf30000 - 0x000002489cf33000 	C:\Users\USER\.openjfx\cache\23.0.1+4\amd64\api-ms-win-core-handle-l1-1-0.dll
0x000002489cf40000 - 0x000002489cf43000 	C:\Users\USER\.openjfx\cache\23.0.1+4\amd64\api-ms-win-core-heap-l1-1-0.dll
0x000002489cf50000 - 0x000002489cf53000 	C:\Users\USER\.openjfx\cache\23.0.1+4\amd64\api-ms-win-core-interlocked-l1-1-0.dll
0x000002489cf60000 - 0x000002489cf63000 	C:\Users\USER\.openjfx\cache\23.0.1+4\amd64\api-ms-win-core-libraryloader-l1-1-0.dll
0x000002489cf70000 - 0x000002489cf73000 	C:\Users\USER\.openjfx\cache\23.0.1+4\amd64\api-ms-win-core-localization-l1-2-0.dll
0x000002489cf80000 - 0x000002489cf83000 	C:\Users\USER\.openjfx\cache\23.0.1+4\amd64\api-ms-win-core-memory-l1-1-0.dll
0x000002489cf90000 - 0x000002489cf93000 	C:\Users\USER\.openjfx\cache\23.0.1+4\amd64\api-ms-win-core-namedpipe-l1-1-0.dll
0x000002489cfa0000 - 0x000002489cfa3000 	C:\Users\USER\.openjfx\cache\23.0.1+4\amd64\api-ms-win-core-processenvironment-l1-1-0.dll
0x000002489cfb0000 - 0x000002489cfb3000 	C:\Users\USER\.openjfx\cache\23.0.1+4\amd64\api-ms-win-core-processthreads-l1-1-0.dll
0x000002489cfc0000 - 0x000002489cfc3000 	C:\Users\USER\.openjfx\cache\23.0.1+4\amd64\api-ms-win-core-processthreads-l1-1-1.dll
0x000002489cfd0000 - 0x000002489cfd3000 	C:\Users\USER\.openjfx\cache\23.0.1+4\amd64\api-ms-win-core-profile-l1-1-0.dll
0x000002489cfe0000 - 0x000002489cfe3000 	C:\Users\USER\.openjfx\cache\23.0.1+4\amd64\api-ms-win-core-rtlsupport-l1-1-0.dll
0x000002489cff0000 - 0x000002489cff3000 	C:\Users\USER\.openjfx\cache\23.0.1+4\amd64\api-ms-win-core-string-l1-1-0.dll
0x00000248a1000000 - 0x00000248a1003000 	C:\Users\USER\.openjfx\cache\23.0.1+4\amd64\api-ms-win-core-synch-l1-1-0.dll
0x00000248a1010000 - 0x00000248a1013000 	C:\Users\USER\.openjfx\cache\23.0.1+4\amd64\api-ms-win-core-synch-l1-2-0.dll
0x00000248a1020000 - 0x00000248a1023000 	C:\Users\USER\.openjfx\cache\23.0.1+4\amd64\api-ms-win-core-sysinfo-l1-1-0.dll
0x00000248a1030000 - 0x00000248a1033000 	C:\Users\USER\.openjfx\cache\23.0.1+4\amd64\api-ms-win-core-timezone-l1-1-0.dll
0x00000248a1040000 - 0x00000248a1043000 	C:\Users\USER\.openjfx\cache\23.0.1+4\amd64\api-ms-win-core-util-l1-1-0.dll
0x00000248a1050000 - 0x00000248a1053000 	C:\Users\USER\.openjfx\cache\23.0.1+4\amd64\api-ms-win-crt-conio-l1-1-0.dll
0x00000248a1060000 - 0x00000248a1064000 	C:\Users\USER\.openjfx\cache\23.0.1+4\amd64\api-ms-win-crt-convert-l1-1-0.dll
0x00000248a1070000 - 0x00000248a1073000 	C:\Users\USER\.openjfx\cache\23.0.1+4\amd64\api-ms-win-crt-environment-l1-1-0.dll
0x00000248a1080000 - 0x00000248a1083000 	C:\Users\USER\.openjfx\cache\23.0.1+4\amd64\api-ms-win-crt-filesystem-l1-1-0.dll
0x00000248a1090000 - 0x00000248a1093000 	C:\Users\USER\.openjfx\cache\23.0.1+4\amd64\api-ms-win-crt-heap-l1-1-0.dll
0x00000248a10a0000 - 0x00000248a10a3000 	C:\Users\USER\.openjfx\cache\23.0.1+4\amd64\api-ms-win-crt-locale-l1-1-0.dll
0x00000248a10b0000 - 0x00000248a10b5000 	C:\Users\USER\.openjfx\cache\23.0.1+4\amd64\api-ms-win-crt-math-l1-1-0.dll
0x00000248a10c0000 - 0x00000248a10c5000 	C:\Users\USER\.openjfx\cache\23.0.1+4\amd64\api-ms-win-crt-multibyte-l1-1-0.dll
0x00000248a10d0000 - 0x00000248a10e0000 	C:\Users\USER\.openjfx\cache\23.0.1+4\amd64\api-ms-win-crt-private-l1-1-0.dll
0x00000248a10e0000 - 0x00000248a10e3000 	C:\Users\USER\.openjfx\cache\23.0.1+4\amd64\api-ms-win-crt-process-l1-1-0.dll
0x00000248a10f0000 - 0x00000248a10f4000 	C:\Users\USER\.openjfx\cache\23.0.1+4\amd64\api-ms-win-crt-runtime-l1-1-0.dll
0x00000248a1100000 - 0x00000248a1104000 	C:\Users\USER\.openjfx\cache\23.0.1+4\amd64\api-ms-win-crt-stdio-l1-1-0.dll
0x00000248a1110000 - 0x00000248a1114000 	C:\Users\USER\.openjfx\cache\23.0.1+4\amd64\api-ms-win-crt-string-l1-1-0.dll
0x00000248a1120000 - 0x00000248a1123000 	C:\Users\USER\.openjfx\cache\23.0.1+4\amd64\api-ms-win-crt-time-l1-1-0.dll
0x00000248a1130000 - 0x00000248a1133000 	C:\Users\USER\.openjfx\cache\23.0.1+4\amd64\api-ms-win-crt-utility-l1-1-0.dll
0x00007ff81eaf0000 - 0x00007ff81ebec000 	C:\Users\USER\.openjfx\cache\23.0.1+4\amd64\ucrtbase.dll
0x00007ff84f9a0000 - 0x00007ff84f9bb000 	C:\Users\USER\.openjfx\cache\23.0.1+4\amd64\vcruntime140.dll
0x00007ff84fc00000 - 0x00007ff84fc0c000 	C:\Users\USER\.openjfx\cache\23.0.1+4\amd64\vcruntime140_1.dll
0x00007ff81ee00000 - 0x00007ff81ee8e000 	C:\Users\USER\.openjfx\cache\23.0.1+4\amd64\msvcp140.dll
0x00007ff84f950000 - 0x00007ff84f959000 	C:\Users\USER\.openjfx\cache\23.0.1+4\amd64\msvcp140_1.dll
0x00007ff836330000 - 0x00007ff836371000 	C:\Users\USER\.openjfx\cache\23.0.1+4\amd64\msvcp140_2.dll
0x00007ff84f920000 - 0x00007ff84f950000 	C:\Users\USER\.openjfx\cache\23.0.1+4\amd64\prism_d3d.dll
0x00007ff800150000 - 0x00007ff8002f8000 	C:\WINDOWS\system32\d3d9.dll
0x00007ff8536a0000 - 0x00007ff8536cb000 	C:\WINDOWS\SYSTEM32\dwmapi.dll
0x00007ff853530000 - 0x00007ff853567000 	C:\WINDOWS\SYSTEM32\dxcore.dll
0x00007ff853410000 - 0x00007ff8534c1000 	C:\WINDOWS\system32\uxtheme.dll
0x00007fffc9c60000 - 0x00007fffc9ecf000 	C:\WINDOWS\System32\DriverStore\FileRepository\iigd_dch.inf_amd64_03e2a5c7c3b3fa7c\igdumdim64.dll
0x00007ff857820000 - 0x00007ff8579c5000 	C:\WINDOWS\System32\ole32.dll
0x00007fff92760000 - 0x00007fff93c83000 	C:\WINDOWS\System32\DriverStore\FileRepository\iigd_dch.inf_amd64_03e2a5c7c3b3fa7c\igd9dxva64.dll
0x00007ff857390000 - 0x00007ff857804000 	C:\WINDOWS\System32\SETUPAPI.dll
0x00007ff855fa0000 - 0x00007ff855fee000 	C:\WINDOWS\SYSTEM32\cfgmgr32.dll
0x00007ff8075e0000 - 0x00007ff80930b000 	C:\WINDOWS\System32\DriverStore\FileRepository\iigd_dch.inf_amd64_03e2a5c7c3b3fa7c\media_bin_64.dll
0x00007ff847b80000 - 0x00007ff847fbf000 	C:\WINDOWS\System32\DriverStore\FileRepository\iigd_dch.inf_amd64_03e2a5c7c3b3fa7c\igdgmm64.dll
0x00007ff84e2c0000 - 0x00007ff84e309000 	C:\WINDOWS\SYSTEM32\directxdatabasehelper.dll
0x00007ff82e0a0000 - 0x00007ff82e0e5000 	C:\Users\USER\.openjfx\cache\23.0.1+4\amd64\glass.dll
0x00007ff857d10000 - 0x00007ff857e10000 	C:\WINDOWS\System32\COMDLG32.dll
0x00007ff857ea0000 - 0x00007ff858001000 	C:\WINDOWS\System32\MSCTF.dll
0x00007ff80b7e0000 - 0x00007ff80b807000 	C:\WINDOWS\System32\DriverStore\FileRepository\iigd_dch.inf_amd64_03e2a5c7c3b3fa7c\igdinfo64.dll
0x00007ff855ae0000 - 0x00007ff855afb000 	C:\WINDOWS\SYSTEM32\CRYPTSP.dll
0x00007ff855370000 - 0x00007ff8553a5000 	C:\WINDOWS\system32\rsaenh.dll
0x00007ff855b00000 - 0x00007ff855b0c000 	C:\WINDOWS\SYSTEM32\CRYPTBASE.dll
0x00007ff848470000 - 0x00007ff848494000 	C:\WINDOWS\System32\DriverStore\FileRepository\iigd_dch.inf_amd64_03e2a5c7c3b3fa7c\igc64.dll
0x00007ff83f070000 - 0x00007ff8437db000 	C:\WINDOWS\System32\DriverStore\FileRepository\iigd_dch.inf_amd64_03e2a5c7c3b3fa7c\igc1464.dll
0x00007ff859000000 - 0x00007ff8590b0000 	C:\WINDOWS\System32\clbcatq.dll
0x00007ff84b4a0000 - 0x00007ff84b61d000 	C:\Windows\System32\Windows.UI.dll
0x00007ff847fc0000 - 0x00007ff848135000 	C:\Windows\System32\Windows.UI.Immersive.dll
0x00007ff84f8e0000 - 0x00007ff84f8f5000 	C:\Users\USER\.openjfx\cache\23.0.1+4\amd64\javafx_font.dll
0x00007ff850310000 - 0x00007ff850583000 	C:\WINDOWS\SYSTEM32\dwrite.dll
0x00007ff853230000 - 0x00007ff8533e0000 	C:\WINDOWS\SYSTEM32\WindowsCodecs.dll
0x00007ff824a30000 - 0x00007ff824a8e000 	C:\WINDOWS\system32\dataexchange.dll
0x00007ff84caf0000 - 0x00007ff84cd94000 	C:\WINDOWS\system32\twinapi.appcore.dll
0x00007ff84bd80000 - 0x00007ff84bdb2000 	C:\Program Files\Common Files\Microsoft Shared\Ink\rtscom.dll
0x00007ff8468b0000 - 0x00007ff8469f5000 	C:\WINDOWS\SYSTEM32\textinputframework.dll
0x00007ff851650000 - 0x00007ff851783000 	C:\WINDOWS\SYSTEM32\CoreMessaging.dll
0x00007ff84db70000 - 0x00007ff84dedd000 	C:\WINDOWS\SYSTEM32\CoreUIComponents.dll

dbghelp: loaded successfully - version: 4.0.5 - missing functions: none
symbol engine: initialized successfully - sym options: 0x614 - pdb path: .;C:\Program Files\Java\jdk-21\bin;C:\WINDOWS\SYSTEM32;C:\WINDOWS\WinSxS\amd64_microsoft.windows.common-controls_6595b64144ccf1df_6.0.22621.4541_none_2710d1c57384c085;C:\Program Files\Java\jdk-21\bin\server;C:\Users\USER\.openjfx\cache\23.0.1+4\amd64;C:\WINDOWS\System32\DriverStore\FileRepository\iigd_dch.inf_amd64_03e2a5c7c3b3fa7c;C:\Program Files\Common Files\Microsoft Shared\Ink

VM Arguments:
jvm_args: --module-path=C:\Users\USER\.m2\repository\org\openjfx\javafx-base\23.0.1\javafx-base-23.0.1-win.jar;C:\Users\USER\.m2\repository\org\openjfx\javafx-base\23.0.1\javafx-base-23.0.1.jar;C:\Users\USER\.m2\repository\org\openjfx\javafx-controls\23.0.1\javafx-controls-23.0.1-win.jar;C:\Users\USER\.m2\repository\org\openjfx\javafx-controls\23.0.1\javafx-controls-23.0.1.jar;C:\Users\USER\.m2\repository\org\openjfx\javafx-fxml\23.0.1\javafx-fxml-23.0.1-win.jar;C:\Users\USER\.m2\repository\org\openjfx\javafx-fxml\23.0.1\javafx-fxml-23.0.1.jar;C:\Users\USER\.m2\repository\org\openjfx\javafx-graphics\23.0.1\javafx-graphics-23.0.1-win.jar;C:\Users\USER\.m2\repository\org\openjfx\javafx-graphics\23.0.1\javafx-graphics-23.0.1.jar --add-modules=javafx.base,javafx.controls,javafx.fxml,javafx.graphics 
java_command: com.mycompany.java_farm.mainUi
java_class_path (initial): D:\FILE MEEEEE\SEMESTER 3\PBO\Java_farm\Java_farm\target\classes;C:\Users\USER\.m2\repository\au\com\dius\pact\core\pactbroker\4.6.15\pactbroker-4.6.15.jar;C:\Users\USER\.m2\repository\au\com\dius\pact\core\support\4.6.15\support-4.6.15.jar;C:\Users\USER\.m2\repository\com\github\mifmif\generex\1.0.2\generex-1.0.2.jar;C:\Users\USER\.m2\repository\com\google\code\findbugs\jsr305\3.0.2\jsr305-3.0.2.jar;C:\Users\USER\.m2\repository\com\google\errorprone\error_prone_annotations\2.11.0\error_prone_annotations-2.11.0.jar;C:\Users\USER\.m2\repository\com\google\guava\failureaccess\1.0.1\failureaccess-1.0.1.jar;C:\Users\USER\.m2\repository\com\google\guava\guava\31.1-jre\guava-31.1-jre.jar;C:\Users\USER\.m2\repository\com\google\guava\listenablefuture\9999.0-empty-to-avoid-conflict-with-guava\listenablefuture-9999.0-empty-to-avoid-conflict-with-guava.jar;C:\Users\USER\.m2\repository\com\google\j2objc\j2objc-annotations\1.3\j2objc-annotations-1.3.jar;C:\Users\USER\.m2\repository\com\google\protobuf\protobuf-java\3.21.9\protobuf-java-3.21.9.jar;C:\Users\USER\.m2\repository\com\mysql\mysql-connector-j\8.0.33\mysql-connector-j-8.0.33.jar;C:\Users\USER\.m2\repository\commons-codec\commons-codec\1.15\commons-codec-1.15.jar;C:\Users\USER\.m2\repository\dk\brics\automaton\automaton\1.11-8\automaton-1.11-8.jar;C:\Users\USER\.m2\repository\io\github\oshai\kotlin-logging-jvm\5.1.4\kotlin-logging-jvm-5.1.4.jar;C:\Users\USER\.m2\repository\org\apache\commons\commons-lang3\3.12.0\commons-lang3-3.12.0.jar;C:\Users\USER\.m2\repository\org\apache\commons\commons-text\1.10.0\commons-text-1.10.0.jar;C:\Users\USER\.m2\repository\org\apache\httpcomponents\client5\httpclient5\5.3.1\httpclient5-5.3.1.jar;C:\Users\USER\.m2\repository\org\apache\httpcomponents\client5\httpclient5-fluent\5.3.1\httpclient5-fluent-5.3.1.jar;C:\Users\USER\.m2\repository\org\apache\httpcomponents\core5\httpcore5\5.2.4\httpcore5-5.2.4.jar;C:\Users\USER\.m2\repository\org\apache\httpcomponents\core5\httpcore5-h2\5.2.4\httpcore5-h2-5.2.4.jar;C:\Users\USER\.m2\repository\org\checkerframework\checker-qual\3.12.0\checker-qual-3.12.0.jar;C:\Users\USER\.m2\repository\org\jetbrains\annotations\13.0\annotations-13.0.jar;C:\Users\USER\.m2\repository\org\jetbrains\kotlin\kotlin-reflect\1.8.22\kotlin-reflect-1.8.22.jar;C:\Users\USER\.m2\repository\org\jetbrains\kotlin\kotlin-stdlib\1.8.22\kotlin-stdlib-1.8.22.jar;C:\Users\USER\.m2\repository\org\jetbrains\kotlin\kotlin-stdlib-common\1.8.22\kotlin-stdlib-common-1.8.22.jar;C:\Users\USER\.m2\repository\org\jetbrains\kotlin\kotlin-stdlib-jdk7\1.8.22\kotlin-stdlib-jdk7-1.8.22.jar;C:\Users\USER\.m2\repository\org\jetbrains\kotlin\kotlin-stdlib-jdk8\1.8.22\kotlin-stdlib-jdk8-1.8.22.jar;C:\Users\USER\.m2\repository\org\slf4j\slf4j-api\1.7.36\slf4j-api-1.7.36.jar
Launcher Type: SUN_STANDARD

[Global flags]
     intx CICompilerCount                          = 3                                         {product} {ergonomic}
     uint ConcGCThreads                            = 1                                         {product} {ergonomic}
     uint G1ConcRefinementThreads                  = 4                                         {product} {ergonomic}
   size_t G1HeapRegionSize                         = 1048576                                   {product} {ergonomic}
    uintx GCDrainStackTargetSize                   = 64                                        {product} {ergonomic}
   size_t InitialHeapSize                          = 65011712                                  {product} {ergonomic}
   size_t MarkStackSize                            = 4194304                                   {product} {ergonomic}
   size_t MaxHeapSize                              = 1021313024                                {product} {ergonomic}
   size_t MaxNewSize                               = 612368384                                 {product} {ergonomic}
   size_t MinHeapDeltaBytes                        = 1048576                                   {product} {ergonomic}
   size_t MinHeapSize                              = 8388608                                   {product} {ergonomic}
    uintx NonNMethodCodeHeapSize                   = 5832780                                {pd product} {ergonomic}
    uintx NonProfiledCodeHeapSize                  = 122912730                              {pd product} {ergonomic}
    uintx ProfiledCodeHeapSize                     = 122912730                              {pd product} {ergonomic}
    uintx ReservedCodeCacheSize                    = 251658240                              {pd product} {ergonomic}
     bool SegmentedCodeCache                       = true                                      {product} {ergonomic}
   size_t SoftMaxHeapSize                          = 1021313024                             {manageable} {ergonomic}
     bool UseCompressedOops                        = true                           {product lp64_product} {ergonomic}
     bool UseG1GC                                  = true                                      {product} {ergonomic}
     bool UseLargePagesIndividualAllocation        = false                                  {pd product} {ergonomic}

Logging:
Log output configuration:
 #0: stdout all=warning uptime,level,tags foldmultilines=false
 #1: stderr all=off uptime,level,tags foldmultilines=false

Environment Variables:
JAVA_HOME=C:\Program Files\Java\jdk-21
PATH=C:\Program Files\Common Files\Oracle\Java\javapath;C:\WINDOWS\system32;C:\WINDOWS;C:\WINDOWS\System32\Wbem;C:\WINDOWS\System32\WindowsPowerShell\v1.0\;C:\WINDOWS\System32\OpenSSH\;C:\MinGW\bin;C:\Program Files\dotnet\;C:\Program Files\MySQL\MySQL Server 8.0\bin;C:\xampp\php;C:\Program Files\MATLAB\R2024b\bin;C:\Program Files\Java\jdk-23\bin;C:\Users\USER\Downloads\apache-ant-1.10.15-bin\bin;C:\Program Files\Java\javafx-sdk-23.0.1\bin;C:\Program Files\NetBeans-20\netbeans\java\maven;C:\Users\USER\Downloads\apache-maven-3.9.9-bin\apache-maven-3.9.9\bin;C:\Program Files\Java\jdk-21\bin;C:\Program Files\Java\javafx-sdk-21.0.5\bin;C:\Program Files\Java\jdk-21\bin;C:\Program Files\MySQL\MySQL Shell 8.0\bin\;C:\Users\USER\AppData\Local\Microsoft\WindowsApps;;C:\Users\USER\Documents\FILE MEEEEE\Microsoft VS Code\bin
USERNAME=USER
OS=Windows_NT
PROCESSOR_IDENTIFIER=Intel64 Family 6 Model 140 Stepping 1, GenuineIntel
TMP=C:\Users\USER\AppData\Local\Temp
TEMP=C:\Users\USER\AppData\Local\Temp




Periodic native trim disabled

---------------  S Y S T E M  ---------------

OS:
 Windows 11 , 64 bit Build 22621 (10.0.22621.4391)
OS uptime: 0 days 10:28 hours

CPU: total 4 (initial active 4) (2 cores per cpu, 2 threads per core) family 6 model 140 stepping 1 microcode 0x9a, cx8, cmov, fxsr, ht, mmx, 3dnowpref, sse, sse2, sse3, ssse3, sse4.1, sse4.2, popcnt, lzcnt, tsc, tscinvbit, avx, avx2, aes, erms, clmul, bmi1, bmi2, adx, avx512f, avx512dq, avx512cd, avx512bw, avx512vl, sha, fma, vzeroupper, avx512_vpopcntdq, avx512_vpclmulqdq, avx512_vaes, avx512_vnni, clflush, clflushopt, clwb, avx512_vbmi2, avx512_vbmi, rdtscp, rdpid, fsrm, gfni, avx512_bitalg, f16c, pku, cet_ibt, cet_ss, avx512_ifma
Processor Information for all 4 processors :
  Max Mhz: 2995, Current Mhz: 2995, Mhz Limit: 2995

Memory: 4k page, system-wide physical 3895M (205M free)
TotalPageFile size 15671M (AvailPageFile size 5M)
current process WorkingSet (physical memory assigned to process): 217M, peak: 218M
current process commit charge ("private bytes"): 254M, peak: 255M

vm_info: Java HotSpot(TM) 64-Bit Server VM (21.0.5+9-LTS-239) for windows-amd64 JRE (21.0.5+9-LTS-239), built on 2024-09-30T05:17:38Z by "mach5one" with MS VC++ 17.6 (VS2022)

END.
