#
# There is insufficient memory for the Java Runtime Environment to continue.
# Native memory allocation (malloc) failed to allocate 817712 bytes for Chunk::new
# Possible reasons:
#   The system is out of physical RAM or swap space
#   The process is running with CompressedOops enabled, and the Java Heap may be blocking the growth of the native heap
# Possible solutions:
#   Reduce memory load on the system
#   Increase physical memory or swap space
#   Check if swap backing store is full
#   Decrease Java heap size (-Xmx/-Xms)
#   Decrease number of Java threads
#   Decrease Java thread stack sizes (-Xss)
#   Set larger code cache with -XX:ReservedCodeCacheSize=
#   JVM is running with Unscaled Compressed Oops mode in which the Java heap is
#     placed in the first 4GB address space. The Java Heap base address is the
#     maximum limit for the native heap growth. Please use -XX:HeapBaseMinAddress
#     to set the Java Heap base and to place the Java Heap above 4GB virtual address.
# This output file may be truncated or incomplete.
#
#  Out of Memory Error (arena.cpp:168), pid=9152, tid=15856
#
# JRE version: Java(TM) SE Runtime Environment (21.0.5+9) (build 21.0.5+9-LTS-239)
# Java VM: Java HotSpot(TM) 64-Bit Server VM (21.0.5+9-LTS-239, mixed mode, sharing, tiered, compressed oops, compressed class ptrs, g1 gc, windows-amd64)
# No core dump will be written. Minidumps are not enabled by default on client versions of Windows
#

---------------  S U M M A R Y ------------

Command Line: --module-path=C:\Users\USER\.m2\repository\org\openjfx\javafx-base\23.0.1\javafx-base-23.0.1-win.jar;C:\Users\USER\.m2\repository\org\openjfx\javafx-base\23.0.1\javafx-base-23.0.1.jar;C:\Users\USER\.m2\repository\org\openjfx\javafx-controls\23.0.1\javafx-controls-23.0.1-win.jar;C:\Users\USER\.m2\repository\org\openjfx\javafx-controls\23.0.1\javafx-controls-23.0.1.jar;C:\Users\USER\.m2\repository\org\openjfx\javafx-fxml\23.0.1\javafx-fxml-23.0.1-win.jar;C:\Users\USER\.m2\repository\org\openjfx\javafx-fxml\23.0.1\javafx-fxml-23.0.1.jar;C:\Users\USER\.m2\repository\org\openjfx\javafx-graphics\23.0.1\javafx-graphics-23.0.1-win.jar;C:\Users\USER\.m2\repository\org\openjfx\javafx-graphics\23.0.1\javafx-graphics-23.0.1.jar --add-modules=javafx.base,javafx.controls,javafx.fxml,javafx.graphics com.mycompany.java_farm.mainUi

Host: 11th Gen Intel(R) Core(TM) i3-1115G4 @ 3.00GHz, 4 cores, 3G,  Windows 11 , 64 bit Build 22621 (10.0.22621.4391)
Time: Sun Dec 15 17:45:30 2024 SE Asia Standard Time elapsed time: 4.370730 seconds (0d 0h 0m 4s)

---------------  T H R E A D  ---------------

Current thread (0x00000201d64dc6e0):  JavaThread "C2 CompilerThread0" daemon [_thread_in_native, id=15856, stack(0x000000a6d1600000,0x000000a6d1700000) (1024K)]


Current CompileTask:
C2:   4370 3187 %     4       com.sun.marlin.Renderer::_endRendering @ 787 (2639 bytes)

Stack: [0x000000a6d1600000,0x000000a6d1700000]
Native frames: (J=compiled Java code, j=interpreted, Vv=VM code, C=native code)
V  [jvm.dll+0x6ca289]
V  [jvm.dll+0x854a51]
V  [jvm.dll+0x856f7e]
V  [jvm.dll+0x857653]
V  [jvm.dll+0x27dd26]
V  [jvm.dll+0xc4c2d]
V  [jvm.dll+0xc5163]
V  [jvm.dll+0x3b4d3c]
V  [jvm.dll+0x1df809]
V  [jvm.dll+0x246a62]
V  [jvm.dll+0x245eef]
V  [jvm.dll+0x1c6d0e]
V  [jvm.dll+0x2554d9]
V  [jvm.dll+0x253a6a]
V  [jvm.dll+0x3ee136]
V  [jvm.dll+0x7fee9b]
V  [jvm.dll+0x6c896d]
C  [ucrtbase.dll+0x29333]
C  [KERNEL32.DLL+0x1259d]
C  [ntdll.dll+0x5af38]


---------------  P R O C E S S  ---------------

Threads class SMR info:
_java_thread_list=0x000002022444fc20, length=18, elements={
0x00000201b9715f40, 0x00000201d64cdd80, 0x00000201d64cef30, 0x00000201d64d3a80,
0x00000201d64d65d0, 0x00000201d64d7a60, 0x00000201d64d95f0, 0x00000201d64dc6e0,
0x00000201d64e49e0, 0x00000201bb975b60, 0x00000201d6705ea0, 0x000002021c090950,
0x000002021c446d10, 0x000002021c448220, 0x000002021c755170, 0x000002021c7321f0,
0x0000020222240860, 0x0000020224932bf0
}

Java Threads: ( => current thread )
  0x00000201b9715f40 JavaThread "main"                              [_thread_blocked, id=9200, stack(0x000000a6d0800000,0x000000a6d0900000) (1024K)]
  0x00000201d64cdd80 JavaThread "Reference Handler"          daemon [_thread_blocked, id=16004, stack(0x000000a6d1000000,0x000000a6d1100000) (1024K)]
  0x00000201d64cef30 JavaThread "Finalizer"                  daemon [_thread_blocked, id=5008, stack(0x000000a6d1100000,0x000000a6d1200000) (1024K)]
  0x00000201d64d3a80 JavaThread "Signal Dispatcher"          daemon [_thread_blocked, id=17364, stack(0x000000a6d1200000,0x000000a6d1300000) (1024K)]
  0x00000201d64d65d0 JavaThread "Attach Listener"            daemon [_thread_blocked, id=16632, stack(0x000000a6d1300000,0x000000a6d1400000) (1024K)]
  0x00000201d64d7a60 JavaThread "Service Thread"             daemon [_thread_blocked, id=16416, stack(0x000000a6d1400000,0x000000a6d1500000) (1024K)]
  0x00000201d64d95f0 JavaThread "Monitor Deflation Thread"   daemon [_thread_blocked, id=12336, stack(0x000000a6d1500000,0x000000a6d1600000) (1024K)]
=>0x00000201d64dc6e0 JavaThread "C2 CompilerThread0"         daemon [_thread_in_native, id=15856, stack(0x000000a6d1600000,0x000000a6d1700000) (1024K)]
  0x00000201d64e49e0 JavaThread "C1 CompilerThread0"         daemon [_thread_blocked, id=3364, stack(0x000000a6d1700000,0x000000a6d1800000) (1024K)]
  0x00000201bb975b60 JavaThread "Common-Cleaner"             daemon [_thread_blocked, id=16816, stack(0x000000a6d1800000,0x000000a6d1900000) (1024K)]
  0x00000201d6705ea0 JavaThread "Notification Thread"        daemon [_thread_blocked, id=16848, stack(0x000000a6d1900000,0x000000a6d1a00000) (1024K)]
  0x000002021c090950 JavaThread "QuantumRenderer-0"          daemon [_thread_in_native, id=8608, stack(0x000000a6d1d00000,0x000000a6d1e00000) (1024K)]
  0x000002021c446d10 JavaThread "InvokeLaterDispatcher"      daemon [_thread_blocked, id=5156, stack(0x000000a6d1e00000,0x000000a6d1f00000) (1024K)]
  0x000002021c448220 JavaThread "JavaFX Application Thread"         [_thread_in_native, id=1340, stack(0x000000a6d1f00000,0x000000a6d2000000) (1024K)]
  0x000002021c755170 JavaThread "JavaFX-Launcher"                   [_thread_blocked, id=11952, stack(0x000000a6d2400000,0x000000a6d2500000) (1024K)]
  0x000002021c7321f0 JavaThread "Thread-2"                   daemon [_thread_in_native, id=15804, stack(0x000000a6d2300000,0x000000a6d2400000) (1024K)]
  0x0000020222240860 JavaThread "Prism Font Disposer"        daemon [_thread_blocked, id=15108, stack(0x000000a6d2500000,0x000000a6d2600000) (1024K)]
  0x0000020224932bf0 JavaThread "Cleaner-0"                  daemon [_thread_blocked, id=13988, stack(0x000000a6d2900000,0x000000a6d2a00000) (1024K)]
Total: 18

Other Threads:
  0x00000201bb986ab0 VMThread "VM Thread"                           [id=14808, stack(0x000000a6d0f00000,0x000000a6d1000000) (1024K)]
  0x00000201d64bd7f0 WatcherThread "VM Periodic Task Thread"        [id=8420, stack(0x000000a6d0e00000,0x000000a6d0f00000) (1024K)]
  0x00000201bb902820 WorkerThread "GC Thread#0"                     [id=15988, stack(0x000000a6d0900000,0x000000a6d0a00000) (1024K)]
  0x00000201d6955050 WorkerThread "GC Thread#1"                     [id=17116, stack(0x000000a6d1a00000,0x000000a6d1b00000) (1024K)]
  0x000002021c1f75d0 WorkerThread "GC Thread#2"                     [id=7516, stack(0x000000a6d1b00000,0x000000a6d1c00000) (1024K)]
  0x000002021c1f7970 WorkerThread "GC Thread#3"                     [id=11284, stack(0x000000a6d1c00000,0x000000a6d1d00000) (1024K)]
  0x00000201bb90b9d0 ConcurrentGCThread "G1 Main Marker"            [id=16400, stack(0x000000a6d0a00000,0x000000a6d0b00000) (1024K)]
  0x00000201bb90c4d0 WorkerThread "G1 Conc#0"                       [id=12532, stack(0x000000a6d0b00000,0x000000a6d0c00000) (1024K)]
  0x00000201bb963ce0 ConcurrentGCThread "G1 Refine#0"               [id=12812, stack(0x000000a6d0c00000,0x000000a6d0d00000) (1024K)]
  0x00000201bb964850 ConcurrentGCThread "G1 Service"                [id=6412, stack(0x000000a6d0d00000,0x000000a6d0e00000) (1024K)]
Total: 10

Threads with active compile tasks:
C2 CompilerThread0     4426 3187 %     4       com.sun.marlin.Renderer::_endRendering @ 787 (2639 bytes)
Total: 1

VM state: not at safepoint (normal execution)

VM Mutex/Monitor currently owned by a thread: None

Heap address: 0x00000000c3200000, size: 974 MB, Compressed Oops mode: 32-bit

CDS archive(s) mapped at: [0x00000201d7000000-0x00000201d7c90000-0x00000201d7c90000), size 13172736, SharedBaseAddress: 0x00000201d7000000, ArchiveRelocationMode: 1.
Compressed class space mapped at: 0x00000201d8000000-0x0000020218000000, reserved size: 1073741824
Narrow klass base: 0x00000201d7000000, Narrow klass shift: 0, Narrow klass range: 0x100000000

GC Precious Log:
 CardTable entry size: 512
 Card Set container configuration: InlinePtr #cards 5 size 8 Array Of Cards #cards 12 size 40 Howl #buckets 4 coarsen threshold 1843 Howl Bitmap #cards 512 size 80 coarsen threshold 460 Card regions per heap region 1 cards per card region 2048
 CPUs: 4 total, 4 available
 Memory: 3895M
 Large Page Support: Disabled
 NUMA Support: Disabled
 Compressed Oops: Enabled (32-bit)
 Heap Region Size: 1M
 Heap Min Capacity: 8M
 Heap Initial Capacity: 62M
 Heap Max Capacity: 974M
 Pre-touch: Disabled
 Parallel Workers: 4
 Concurrent Workers: 1
 Concurrent Refinement Workers: 4
 Periodic GC: Disabled

Heap:
 garbage-first heap   total 69632K, used 36686K [0x00000000c3200000, 0x0000000100000000)
  region size 1024K, 6 young (6144K), 3 survivors (3072K)
 Metaspace       used 18238K, committed 18560K, reserved 1114112K
  class space    used 2737K, committed 2880K, reserved 1048576K

Heap Regions: E=young(eden), S=young(survivor), O=old, HS=humongous(starts), HC=humongous(continues), CS=collection set, F=free, TAMS=top-at-mark-start, PB=parsable bottom
|   0|0x00000000c3200000, 0x00000000c3300000, 0x00000000c3300000|100%| O|  |TAMS 0x00000000c3200000| PB 0x00000000c3200000| Untracked 
|   1|0x00000000c3300000, 0x00000000c3400000, 0x00000000c3400000|100%| O|  |TAMS 0x00000000c3300000| PB 0x00000000c3300000| Untracked 
|   2|0x00000000c3400000, 0x00000000c3500000, 0x00000000c3500000|100%| O|  |TAMS 0x00000000c3400000| PB 0x00000000c3400000| Untracked 
|   3|0x00000000c3500000, 0x00000000c3600000, 0x00000000c3600000|100%|HS|  |TAMS 0x00000000c3500000| PB 0x00000000c3500000| Complete 
|   4|0x00000000c3600000, 0x00000000c3700000, 0x00000000c3700000|100%|HC|  |TAMS 0x00000000c3600000| PB 0x00000000c3600000| Complete 
|   5|0x00000000c3700000, 0x00000000c3800000, 0x00000000c3800000|100%|HS|  |TAMS 0x00000000c3700000| PB 0x00000000c3700000| Complete 
|   6|0x00000000c3800000, 0x00000000c3900000, 0x00000000c3900000|100%|HC|  |TAMS 0x00000000c3800000| PB 0x00000000c3800000| Complete 
|   7|0x00000000c3900000, 0x00000000c3a00000, 0x00000000c3a00000|100%|HC|  |TAMS 0x00000000c3900000| PB 0x00000000c3900000| Complete 
|   8|0x00000000c3a00000, 0x00000000c3b00000, 0x00000000c3b00000|100%|HC|  |TAMS 0x00000000c3a00000| PB 0x00000000c3a00000| Complete 
|   9|0x00000000c3b00000, 0x00000000c3c00000, 0x00000000c3c00000|100%|HS|  |TAMS 0x00000000c3b00000| PB 0x00000000c3b00000| Complete 
|  10|0x00000000c3c00000, 0x00000000c3d00000, 0x00000000c3d00000|100%|HC|  |TAMS 0x00000000c3c00000| PB 0x00000000c3c00000| Complete 
|  11|0x00000000c3d00000, 0x00000000c3e00000, 0x00000000c3e00000|100%|HS|  |TAMS 0x00000000c3d00000| PB 0x00000000c3d00000| Complete 
|  12|0x00000000c3e00000, 0x00000000c3f00000, 0x00000000c3f00000|100%|HC|  |TAMS 0x00000000c3e00000| PB 0x00000000c3e00000| Complete 
|  13|0x00000000c3f00000, 0x00000000c4000000, 0x00000000c4000000|100%|HS|  |TAMS 0x00000000c3f00000| PB 0x00000000c3f00000| Complete 
|  14|0x00000000c4000000, 0x00000000c4100000, 0x00000000c4100000|100%|HC|  |TAMS 0x00000000c4000000| PB 0x00000000c4000000| Complete 
|  15|0x00000000c4100000, 0x00000000c4200000, 0x00000000c4200000|100%|HS|  |TAMS 0x00000000c4100000| PB 0x00000000c4100000| Complete 
|  16|0x00000000c4200000, 0x00000000c4300000, 0x00000000c4300000|100%|HC|  |TAMS 0x00000000c4200000| PB 0x00000000c4200000| Complete 
|  17|0x00000000c4300000, 0x00000000c4400000, 0x00000000c4400000|100%|HS|  |TAMS 0x00000000c4300000| PB 0x00000000c4300000| Complete 
|  18|0x00000000c4400000, 0x00000000c4500000, 0x00000000c4500000|100%|HC|  |TAMS 0x00000000c4400000| PB 0x00000000c4400000| Complete 
|  19|0x00000000c4500000, 0x00000000c4600000, 0x00000000c4600000|100%|HS|  |TAMS 0x00000000c4500000| PB 0x00000000c4500000| Complete 
|  20|0x00000000c4600000, 0x00000000c4700000, 0x00000000c4700000|100%|HC|  |TAMS 0x00000000c4600000| PB 0x00000000c4600000| Complete 
|  21|0x00000000c4700000, 0x00000000c4800000, 0x00000000c4800000|100%|HS|  |TAMS 0x00000000c4700000| PB 0x00000000c4700000| Complete 
|  22|0x00000000c4800000, 0x00000000c4900000, 0x00000000c4900000|100%|HC|  |TAMS 0x00000000c4800000| PB 0x00000000c4800000| Complete 
|  23|0x00000000c4900000, 0x00000000c4a00000, 0x00000000c4a00000|100%| O|  |TAMS 0x00000000c4900000| PB 0x00000000c4900000| Untracked 
|  24|0x00000000c4a00000, 0x00000000c4a00000, 0x00000000c4b00000|  0%| F|  |TAMS 0x00000000c4a00000| PB 0x00000000c4a00000| Untracked 
|  25|0x00000000c4b00000, 0x00000000c4c00000, 0x00000000c4c00000|100%| O|  |TAMS 0x00000000c4b00000| PB 0x00000000c4b00000| Untracked 
|  26|0x00000000c4c00000, 0x00000000c4d00000, 0x00000000c4d00000|100%| O|  |TAMS 0x00000000c4c00000| PB 0x00000000c4c00000| Untracked 
|  27|0x00000000c4d00000, 0x00000000c4e00000, 0x00000000c4e00000|100%| O|  |TAMS 0x00000000c4d00000| PB 0x00000000c4d00000| Untracked 
|  28|0x00000000c4e00000, 0x00000000c4f00000, 0x00000000c4f00000|100%| O|Cm|TAMS 0x00000000c4e00000| PB 0x00000000c4e00000| Complete 
|  29|0x00000000c4f00000, 0x00000000c4f647a0, 0x00000000c5000000| 39%| O|  |TAMS 0x00000000c4f00000| PB 0x00000000c4f00000| Untracked 
|  30|0x00000000c5000000, 0x00000000c5100000, 0x00000000c5100000|100%|HS|  |TAMS 0x00000000c5000000| PB 0x00000000c5000000| Complete 
|  31|0x00000000c5100000, 0x00000000c5200000, 0x00000000c5200000|100%|HC|  |TAMS 0x00000000c5100000| PB 0x00000000c5100000| Complete 
|  32|0x00000000c5200000, 0x00000000c5200000, 0x00000000c5300000|  0%| F|  |TAMS 0x00000000c5200000| PB 0x00000000c5200000| Untracked 
|  33|0x00000000c5300000, 0x00000000c5300000, 0x00000000c5400000|  0%| F|  |TAMS 0x00000000c5300000| PB 0x00000000c5300000| Untracked 
|  34|0x00000000c5400000, 0x00000000c5400000, 0x00000000c5500000|  0%| F|  |TAMS 0x00000000c5400000| PB 0x00000000c5400000| Untracked 
|  35|0x00000000c5500000, 0x00000000c5500000, 0x00000000c5600000|  0%| F|  |TAMS 0x00000000c5500000| PB 0x00000000c5500000| Untracked 
|  36|0x00000000c5600000, 0x00000000c5600000, 0x00000000c5700000|  0%| F|  |TAMS 0x00000000c5600000| PB 0x00000000c5600000| Untracked 
|  37|0x00000000c5700000, 0x00000000c5700000, 0x00000000c5800000|  0%| F|  |TAMS 0x00000000c5700000| PB 0x00000000c5700000| Untracked 
|  38|0x00000000c5800000, 0x00000000c5800000, 0x00000000c5900000|  0%| F|  |TAMS 0x00000000c5800000| PB 0x00000000c5800000| Untracked 
|  39|0x00000000c5900000, 0x00000000c5900000, 0x00000000c5a00000|  0%| F|  |TAMS 0x00000000c5900000| PB 0x00000000c5900000| Untracked 
|  40|0x00000000c5a00000, 0x00000000c5a00000, 0x00000000c5b00000|  0%| F|  |TAMS 0x00000000c5a00000| PB 0x00000000c5a00000| Untracked 
|  41|0x00000000c5b00000, 0x00000000c5b00000, 0x00000000c5c00000|  0%| F|  |TAMS 0x00000000c5b00000| PB 0x00000000c5b00000| Untracked 
|  42|0x00000000c5c00000, 0x00000000c5c00000, 0x00000000c5d00000|  0%| F|  |TAMS 0x00000000c5c00000| PB 0x00000000c5c00000| Untracked 
|  43|0x00000000c5d00000, 0x00000000c5d00000, 0x00000000c5e00000|  0%| F|  |TAMS 0x00000000c5d00000| PB 0x00000000c5d00000| Untracked 
|  44|0x00000000c5e00000, 0x00000000c5e00000, 0x00000000c5f00000|  0%| F|  |TAMS 0x00000000c5e00000| PB 0x00000000c5e00000| Untracked 
|  45|0x00000000c5f00000, 0x00000000c5f00000, 0x00000000c6000000|  0%| F|  |TAMS 0x00000000c5f00000| PB 0x00000000c5f00000| Untracked 
|  46|0x00000000c6000000, 0x00000000c6000000, 0x00000000c6100000|  0%| F|  |TAMS 0x00000000c6000000| PB 0x00000000c6000000| Untracked 
|  47|0x00000000c6100000, 0x00000000c6100000, 0x00000000c6200000|  0%| F|  |TAMS 0x00000000c6100000| PB 0x00000000c6100000| Untracked 
|  48|0x00000000c6200000, 0x00000000c6200000, 0x00000000c6300000|  0%| F|  |TAMS 0x00000000c6200000| PB 0x00000000c6200000| Untracked 
|  49|0x00000000c6300000, 0x00000000c6300000, 0x00000000c6400000|  0%| F|  |TAMS 0x00000000c6300000| PB 0x00000000c6300000| Untracked 
|  50|0x00000000c6400000, 0x00000000c6400000, 0x00000000c6500000|  0%| F|  |TAMS 0x00000000c6400000| PB 0x00000000c6400000| Untracked 
|  51|0x00000000c6500000, 0x00000000c6500000, 0x00000000c6600000|  0%| F|  |TAMS 0x00000000c6500000| PB 0x00000000c6500000| Untracked 
|  52|0x00000000c6600000, 0x00000000c6600000, 0x00000000c6700000|  0%| F|  |TAMS 0x00000000c6600000| PB 0x00000000c6600000| Untracked 
|  53|0x00000000c6700000, 0x00000000c6700000, 0x00000000c6800000|  0%| F|  |TAMS 0x00000000c6700000| PB 0x00000000c6700000| Untracked 
|  54|0x00000000c6800000, 0x00000000c6800000, 0x00000000c6900000|  0%| F|  |TAMS 0x00000000c6800000| PB 0x00000000c6800000| Untracked 
|  55|0x00000000c6900000, 0x00000000c6900000, 0x00000000c6a00000|  0%| F|  |TAMS 0x00000000c6900000| PB 0x00000000c6900000| Untracked 
|  56|0x00000000c6a00000, 0x00000000c6a00000, 0x00000000c6b00000|  0%| F|  |TAMS 0x00000000c6a00000| PB 0x00000000c6a00000| Untracked 
|  57|0x00000000c6b00000, 0x00000000c6b00000, 0x00000000c6c00000|  0%| F|  |TAMS 0x00000000c6b00000| PB 0x00000000c6b00000| Untracked 
|  58|0x00000000c6c00000, 0x00000000c6c00000, 0x00000000c6d00000|  0%| F|  |TAMS 0x00000000c6c00000| PB 0x00000000c6c00000| Untracked 
|  59|0x00000000c6d00000, 0x00000000c6d00000, 0x00000000c6e00000|  0%| F|  |TAMS 0x00000000c6d00000| PB 0x00000000c6d00000| Untracked 
|  60|0x00000000c6e00000, 0x00000000c6e6f120, 0x00000000c6f00000| 43%| S|CS|TAMS 0x00000000c6e00000| PB 0x00000000c6e00000| Complete 
|  61|0x00000000c6f00000, 0x00000000c7000000, 0x00000000c7000000|100%| S|CS|TAMS 0x00000000c6f00000| PB 0x00000000c6f00000| Complete 
|  62|0x00000000c7000000, 0x00000000c7100000, 0x00000000c7100000|100%| S|CS|TAMS 0x00000000c7000000| PB 0x00000000c7000000| Complete 
|  63|0x00000000c7100000, 0x00000000c71ce068, 0x00000000c7200000| 80%| E|  |TAMS 0x00000000c7100000| PB 0x00000000c7100000| Complete 
|  64|0x00000000c7200000, 0x00000000c7300000, 0x00000000c7300000|100%| E|CS|TAMS 0x00000000c7200000| PB 0x00000000c7200000| Complete 
|  65|0x00000000c7300000, 0x00000000c7400000, 0x00000000c7400000|100%| E|  |TAMS 0x00000000c7300000| PB 0x00000000c7300000| Complete 
| 972|0x00000000ffe00000, 0x00000000fff00000, 0x00000000fff00000|100%| O|  |TAMS 0x00000000ffe00000| PB 0x00000000ffe00000| Untracked 
| 973|0x00000000fff00000, 0x0000000100000000, 0x0000000100000000|100%| O|  |TAMS 0x00000000fff00000| PB 0x00000000fff00000| Untracked 

Card table byte_map: [0x00000201d2f40000,0x00000201d3130000] _byte_map_base: 0x00000201d2927000

Marking Bits: (CMBitMap*) 0x00000201bb902f20
 Bits: [0x00000201d3130000, 0x00000201d4068000)

Polling page: 0x00000201b9800000

Metaspace:

Usage:
  Non-class:     15.14 MB used.
      Class:      2.67 MB used.
       Both:     17.81 MB used.

Virtual space:
  Non-class space:       64.00 MB reserved,      15.31 MB ( 24%) committed,  1 nodes.
      Class space:        1.00 GB reserved,       2.81 MB ( <1%) committed,  1 nodes.
             Both:        1.06 GB reserved,      18.12 MB (  2%) committed. 

Chunk freelists:
   Non-Class:  15.83 MB
       Class:  13.09 MB
        Both:  28.92 MB

MaxMetaspaceSize: unlimited
CompressedClassSpaceSize: 1.00 GB
Initial GC threshold: 21.00 MB
Current GC threshold: 29.62 MB
CDS: on
 - commit_granule_bytes: 65536.
 - commit_granule_words: 8192.
 - virtual_space_node_default_size: 8388608.
 - enlarge_chunks_in_place: 1.
 - use_allocation_guard: 0.


Internal statistics:

num_allocs_failed_limit: 0.
num_arena_births: 378.
num_arena_deaths: 0.
num_vsnodes_births: 2.
num_vsnodes_deaths: 0.
num_space_committed: 290.
num_space_uncommitted: 0.
num_chunks_returned_to_freelist: 0.
num_chunks_taken_from_freelist: 993.
num_chunk_merges: 0.
num_chunk_splits: 681.
num_chunks_enlarged: 496.
num_inconsistent_stats: 0.

CodeHeap 'non-profiled nmethods': size=120000Kb used=1230Kb max_used=1230Kb free=118769Kb
 bounds [0x00000201cb820000, 0x00000201cba90000, 0x00000201d2d50000]
CodeHeap 'profiled nmethods': size=120000Kb used=6813Kb max_used=6813Kb free=113186Kb
 bounds [0x00000201c3d50000, 0x00000201c4400000, 0x00000201cb280000]
CodeHeap 'non-nmethods': size=5760Kb used=2066Kb max_used=2082Kb free=3693Kb
 bounds [0x00000201cb280000, 0x00000201cb4f0000, 0x00000201cb820000]
 total_blobs=4170 nmethods=3338 adapters=735
 compilation: enabled
              stopped_count=0, restarted_count=0
 full_count=0

Compilation events (20 events):
Event: 4.363 Thread 0x00000201d64e49e0 3268       1       com.sun.prism.impl.BaseGraphics::getFinalClipNoClone (5 bytes)
Event: 4.363 Thread 0x00000201d64e49e0 nmethod 3268 0x00000201cb94f890 code [0x00000201cb94fa20, 0x00000201cb94fae8]
Event: 4.363 Thread 0x00000201d64e49e0 3270       3       com.sun.prism.d3d.D3DGraphics::<init> (12 bytes)
Event: 4.364 Thread 0x00000201d64e49e0 nmethod 3270 0x00000201c43cd210 code [0x00000201c43cd3c0, 0x00000201c43cd668]
Event: 4.364 Thread 0x00000201d64e49e0 3271       3       com.sun.prism.impl.ps.BaseShaderGraphics::<init> (22 bytes)
Event: 4.364 Thread 0x00000201d64e49e0 nmethod 3271 0x00000201c43cd790 code [0x00000201c43cd940, 0x00000201c43cdb10]
Event: 4.364 Thread 0x00000201d64e49e0 3272       3       com.sun.prism.impl.BaseGraphics::<init> (155 bytes)
Event: 4.364 Thread 0x00000201d64e49e0 nmethod 3272 0x00000201c43cdc10 code [0x00000201c43cdea0, 0x00000201c43cea00]
Event: 4.364 Thread 0x00000201d64e49e0 3273       3       com.sun.javafx.geom.RectBounds::<init> (10 bytes)
Event: 4.364 Thread 0x00000201d64e49e0 nmethod 3273 0x00000201c43ced10 code [0x00000201c43ceec0, 0x00000201c43cf170]
Event: 4.364 Thread 0x00000201d64e49e0 3274       3       com.sun.scenario.effect.impl.state.BoxRenderState::getInputKernelSize (65 bytes)
Event: 4.365 Thread 0x00000201d64e49e0 nmethod 3274 0x00000201c43cf290 code [0x00000201c43cf480, 0x00000201c43cf7b0]
Event: 4.365 Thread 0x00000201d64e49e0 3275       3       com.sun.scenario.effect.impl.prism.ps.PPSDrawable::isLost (25 bytes)
Event: 4.365 Thread 0x00000201d64e49e0 nmethod 3275 0x00000201c43cf910 code [0x00000201c43cfae0, 0x00000201c43d0078]
Event: 4.365 Thread 0x00000201d64e49e0 3276       3       com.sun.javafx.geom.Rectangle::reshape (22 bytes)
Event: 4.365 Thread 0x00000201d64e49e0 nmethod 3276 0x00000201c43d0210 code [0x00000201c43d03a0, 0x00000201c43d04b8]
Event: 4.365 Thread 0x00000201d64e49e0 3277       1       com.sun.prism.impl.BaseResourceFactory::getRegionTexture (5 bytes)
Event: 4.365 Thread 0x00000201d64e49e0 nmethod 3277 0x00000201cb94fb90 code [0x00000201cb94fd20, 0x00000201cb94fde8]
Event: 4.365 Thread 0x00000201d64e49e0 3278       3       com.sun.scenario.effect.ImageData::validate (24 bytes)
Event: 4.365 Thread 0x00000201d64e49e0 nmethod 3278 0x00000201c43d0590 code [0x00000201c43d0740, 0x00000201c43d0968]

GC Heap History (10 events):
Event: 0.942 GC heap before
{Heap before GC invocations=0 (full 0):
 garbage-first heap   total 63488K, used 12288K [0x00000000c3200000, 0x0000000100000000)
  region size 1024K, 13 young (13312K), 0 survivors (0K)
 Metaspace       used 1852K, committed 2048K, reserved 1114112K
  class space    used 182K, committed 256K, reserved 1048576K
}
Event: 0.947 GC heap after
{Heap after GC invocations=1 (full 0):
 garbage-first heap   total 63488K, used 1791K [0x00000000c3200000, 0x0000000100000000)
  region size 1024K, 2 young (2048K), 2 survivors (2048K)
 Metaspace       used 1852K, committed 2048K, reserved 1114112K
  class space    used 182K, committed 256K, reserved 1048576K
}
Event: 1.754 GC heap before
{Heap before GC invocations=1 (full 0):
 garbage-first heap   total 63488K, used 23295K [0x00000000c3200000, 0x0000000100000000)
  region size 1024K, 24 young (24576K), 2 survivors (2048K)
 Metaspace       used 4933K, committed 5120K, reserved 1114112K
  class space    used 538K, committed 640K, reserved 1048576K
}
Event: 1.760 GC heap after
{Heap after GC invocations=2 (full 0):
 garbage-first heap   total 63488K, used 5818K [0x00000000c3200000, 0x0000000100000000)
  region size 1024K, 3 young (3072K), 3 survivors (3072K)
 Metaspace       used 4933K, committed 5120K, reserved 1114112K
  class space    used 538K, committed 640K, reserved 1048576K
}
Event: 3.081 GC heap before
{Heap before GC invocations=2 (full 0):
 garbage-first heap   total 63488K, used 60090K [0x00000000c3200000, 0x0000000100000000)
  region size 1024K, 37 young (37888K), 3 survivors (3072K)
 Metaspace       used 12497K, committed 12800K, reserved 1114112K
  class space    used 1712K, committed 1856K, reserved 1048576K
}
Event: 3.089 GC heap after
{Heap after GC invocations=3 (full 0):
 garbage-first heap   total 69632K, used 31017K [0x00000000c3200000, 0x0000000100000000)
  region size 1024K, 5 young (5120K), 5 survivors (5120K)
 Metaspace       used 12497K, committed 12800K, reserved 1114112K
  class space    used 1712K, committed 1856K, reserved 1048576K
}
Event: 3.908 GC heap before
{Heap before GC invocations=3 (full 0):
 garbage-first heap   total 69632K, used 55593K [0x00000000c3200000, 0x0000000100000000)
  region size 1024K, 29 young (29696K), 5 survivors (5120K)
 Metaspace       used 17388K, committed 17792K, reserved 1114112K
  class space    used 2659K, committed 2816K, reserved 1048576K
}
Event: 3.915 GC heap after
{Heap after GC invocations=4 (full 0):
 garbage-first heap   total 69632K, used 33169K [0x00000000c3200000, 0x0000000100000000)
  region size 1024K, 2 young (2048K), 2 survivors (2048K)
 Metaspace       used 17388K, committed 17792K, reserved 1114112K
  class space    used 2659K, committed 2816K, reserved 1048576K
}
Event: 3.967 GC heap before
{Heap before GC invocations=4 (full 0):
 garbage-first heap   total 69632K, used 34193K [0x00000000c3200000, 0x0000000100000000)
  region size 1024K, 5 young (5120K), 2 survivors (2048K)
 Metaspace       used 17825K, committed 18112K, reserved 1114112K
  class space    used 2701K, committed 2816K, reserved 1048576K
}
Event: 3.970 GC heap after
{Heap after GC invocations=5 (full 0):
 garbage-first heap   total 69632K, used 33614K [0x00000000c3200000, 0x0000000100000000)
  region size 1024K, 3 young (3072K), 3 survivors (3072K)
 Metaspace       used 17825K, committed 18112K, reserved 1114112K
  class space    used 2701K, committed 2816K, reserved 1048576K
}

Dll operation events (20 events):
Event: 0.813 Loaded shared library C:\Users\USER\.openjfx\cache\23.0.1+4\amd64\api-ms-win-crt-locale-l1-1-0.dll
Event: 0.818 Loaded shared library C:\Users\USER\.openjfx\cache\23.0.1+4\amd64\api-ms-win-crt-math-l1-1-0.dll
Event: 0.824 Loaded shared library C:\Users\USER\.openjfx\cache\23.0.1+4\amd64\api-ms-win-crt-multibyte-l1-1-0.dll
Event: 0.829 Loaded shared library C:\Users\USER\.openjfx\cache\23.0.1+4\amd64\api-ms-win-crt-private-l1-1-0.dll
Event: 0.834 Loaded shared library C:\Users\USER\.openjfx\cache\23.0.1+4\amd64\api-ms-win-crt-process-l1-1-0.dll
Event: 0.838 Loaded shared library C:\Users\USER\.openjfx\cache\23.0.1+4\amd64\api-ms-win-crt-runtime-l1-1-0.dll
Event: 0.843 Loaded shared library C:\Users\USER\.openjfx\cache\23.0.1+4\amd64\api-ms-win-crt-stdio-l1-1-0.dll
Event: 0.847 Loaded shared library C:\Users\USER\.openjfx\cache\23.0.1+4\amd64\api-ms-win-crt-string-l1-1-0.dll
Event: 0.852 Loaded shared library C:\Users\USER\.openjfx\cache\23.0.1+4\amd64\api-ms-win-crt-time-l1-1-0.dll
Event: 0.858 Loaded shared library C:\Users\USER\.openjfx\cache\23.0.1+4\amd64\api-ms-win-crt-utility-l1-1-0.dll
Event: 0.884 Loaded shared library C:\Users\USER\.openjfx\cache\23.0.1+4\amd64\ucrtbase.dll
Event: 0.891 Loaded shared library C:\Users\USER\.openjfx\cache\23.0.1+4\amd64\vcruntime140.dll
Event: 0.897 Loaded shared library C:\Users\USER\.openjfx\cache\23.0.1+4\amd64\vcruntime140_1.dll
Event: 0.912 Loaded shared library C:\Users\USER\.openjfx\cache\23.0.1+4\amd64\msvcp140.dll
Event: 0.919 Loaded shared library C:\Users\USER\.openjfx\cache\23.0.1+4\amd64\msvcp140_1.dll
Event: 0.931 Loaded shared library C:\Users\USER\.openjfx\cache\23.0.1+4\amd64\msvcp140_2.dll
Event: 1.082 Loaded shared library C:\Users\USER\.openjfx\cache\23.0.1+4\amd64\prism_d3d.dll
Event: 1.242 Loaded shared library C:\Users\USER\.openjfx\cache\23.0.1+4\amd64\glass.dll
Event: 1.481 Loaded shared library C:\Program Files\Java\jdk-21\bin\jimage.dll
Event: 1.945 Loaded shared library C:\Users\USER\.openjfx\cache\23.0.1+4\amd64\javafx_font.dll

Deoptimization events (20 events):
Event: 4.299 Thread 0x000002021c090950 DEOPT PACKING pc=0x00000201c43719dc sp=0x000000a6d1dfbdc0
Event: 4.299 Thread 0x000002021c090950 DEOPT UNPACKING pc=0x00000201cb2d88e2 sp=0x000000a6d1dfb228 mode 0
Event: 4.307 Thread 0x000002021c090950 DEOPT PACKING pc=0x00000201c43719dc sp=0x000000a6d1dfbdc0
Event: 4.307 Thread 0x000002021c090950 DEOPT UNPACKING pc=0x00000201cb2d88e2 sp=0x000000a6d1dfb228 mode 0
Event: 4.312 Thread 0x000002021c090950 DEOPT PACKING pc=0x00000201c43719dc sp=0x000000a6d1dfbc70
Event: 4.312 Thread 0x000002021c090950 DEOPT UNPACKING pc=0x00000201cb2d88e2 sp=0x000000a6d1dfb0d8 mode 0
Event: 4.314 Thread 0x000002021c090950 DEOPT PACKING pc=0x00000201c4371961 sp=0x000000a6d1dfbe00
Event: 4.314 Thread 0x000002021c090950 DEOPT UNPACKING pc=0x00000201cb2d88e2 sp=0x000000a6d1dfb268 mode 0
Event: 4.319 Thread 0x000002021c090950 DEOPT PACKING pc=0x00000201c4371961 sp=0x000000a6d1dfcf60
Event: 4.319 Thread 0x000002021c090950 DEOPT UNPACKING pc=0x00000201cb2d88e2 sp=0x000000a6d1dfc3c8 mode 0
Event: 4.319 Thread 0x000002021c090950 DEOPT PACKING pc=0x00000201c43719dc sp=0x000000a6d1dfcf60
Event: 4.319 Thread 0x000002021c090950 DEOPT UNPACKING pc=0x00000201cb2d88e2 sp=0x000000a6d1dfc3c8 mode 0
Event: 4.319 Thread 0x000002021c090950 DEOPT PACKING pc=0x00000201c43719dc sp=0x000000a6d1dfcf60
Event: 4.319 Thread 0x000002021c090950 DEOPT UNPACKING pc=0x00000201cb2d88e2 sp=0x000000a6d1dfc3c8 mode 0
Event: 4.319 Thread 0x000002021c090950 DEOPT PACKING pc=0x00000201c43719dc sp=0x000000a6d1dfcf60
Event: 4.320 Thread 0x000002021c090950 DEOPT UNPACKING pc=0x00000201cb2d88e2 sp=0x000000a6d1dfc3c8 mode 0
Event: 4.320 Thread 0x000002021c090950 DEOPT PACKING pc=0x00000201c43719dc sp=0x000000a6d1dfcf60
Event: 4.320 Thread 0x000002021c090950 DEOPT UNPACKING pc=0x00000201cb2d88e2 sp=0x000000a6d1dfc3c8 mode 0
Event: 4.322 Thread 0x000002021c090950 DEOPT PACKING pc=0x00000201c43719dc sp=0x000000a6d1dfbe50
Event: 4.322 Thread 0x000002021c090950 DEOPT UNPACKING pc=0x00000201cb2d88e2 sp=0x000000a6d1dfb2b8 mode 0

Classes loaded (20 events):
Event: 3.885 Loading class java/nio/DirectByteBuffer$Deallocator
Event: 3.885 Loading class java/nio/DirectByteBuffer$Deallocator done
Event: 3.907 Loading class java/nio/ShortBuffer
Event: 3.907 Loading class java/nio/ShortBuffer done
Event: 3.907 Loading class java/nio/DoubleBuffer
Event: 3.908 Loading class java/nio/DoubleBuffer done
Event: 3.916 Loading class java/nio/DirectFloatBufferU
Event: 3.917 Loading class java/nio/DirectFloatBufferU done
Event: 3.933 Loading class java/util/concurrent/ConcurrentLinkedQueue
Event: 3.933 Loading class java/util/concurrent/ConcurrentLinkedQueue done
Event: 3.933 Loading class java/util/concurrent/ConcurrentLinkedQueue$Node
Event: 3.933 Loading class java/util/concurrent/ConcurrentLinkedQueue$Node done
Event: 3.937 Loading class jdk/internal/ref/CleanerImpl$InnocuousThreadFactory
Event: 3.937 Loading class jdk/internal/ref/CleanerImpl$InnocuousThreadFactory done
Event: 3.943 Loading class sun/misc/Unsafe
Event: 3.944 Loading class sun/misc/Unsafe done
Event: 3.944 Loading class java/lang/invoke/DirectMethodHandle$StaticAccessor
Event: 3.945 Loading class java/lang/invoke/DirectMethodHandle$StaticAccessor done
Event: 4.075 Loading class java/lang/FdLibm$Atan2
Event: 4.075 Loading class java/lang/FdLibm$Atan2 done

Classes unloaded (0 events):
No events

Classes redefined (0 events):
No events

Internal exceptions (20 events):
Event: 2.270 Thread 0x000002021c448220 Exception <a 'java/lang/NoSuchMethodError'{0x00000000c5e74aa8}: 'int java.lang.invoke.DirectMethodHandle$Holder.invokeSpecial(java.lang.Object, java.lang.Object, java.lang.Object)'> (0x00000000c5e74aa8) 
thrown [s\open\src\hotspot\share\interpreter\linkResolver.cpp, line 773]
Event: 2.461 Thread 0x000002021c448220 Exception <a 'java/lang/NoSuchMethodError'{0x00000000c590a9a8}: 'void java.lang.invoke.DirectMethodHandle$Holder.invokeStaticInit(java.lang.Object, java.lang.Object)'> (0x00000000c590a9a8) 
thrown [s\open\src\hotspot\share\interpreter\linkResolver.cpp, line 773]
Event: 2.549 Thread 0x000002021c448220 Exception <a 'java/lang/NoSuchMethodError'{0x00000000c58840a8}: 'void java.lang.invoke.Invokers$Holder.invokeExact_MT(java.lang.Object, java.lang.Object, java.lang.Object, java.lang.Object)'> (0x00000000c58840a8) 
thrown [s\open\src\hotspot\share\interpreter\linkResolver.cpp, line 773]
Event: 2.800 Thread 0x000002021c448220 Exception <a 'java/lang/NoSuchMethodError'{0x00000000c51775c0}: 'java.lang.Object java.lang.invoke.DelegatingMethodHandle$Holder.reinvoke_L(java.lang.Object, double, double, double, double)'> (0x00000000c51775c0) 
thrown [s\open\src\hotspot\share\interpreter\linkResolver.cpp, line 773]
Event: 2.802 Thread 0x000002021c448220 Exception <a 'java/lang/NoSuchMethodError'{0x00000000c5182610}: 'java.lang.Object java.lang.invoke.DirectMethodHandle$Holder.invokeStatic(java.lang.Object, java.lang.Object, int)'> (0x00000000c5182610) 
thrown [s\open\src\hotspot\share\interpreter\linkResolver.cpp, line 773]
Event: 2.803 Thread 0x000002021c448220 Exception <a 'java/lang/NoSuchMethodError'{0x00000000c51861f8}: 'void java.lang.invoke.DirectMethodHandle$Holder.invokeStatic(java.lang.Object, java.lang.Object, int, java.lang.Object)'> (0x00000000c51861f8) 
thrown [s\open\src\hotspot\share\interpreter\linkResolver.cpp, line 773]
Event: 2.803 Thread 0x000002021c448220 Exception <a 'java/lang/NoSuchMethodError'{0x00000000c518cc88}: 'void java.lang.invoke.DelegatingMethodHandle$Holder.delegate(java.lang.Object, java.lang.Object, int, java.lang.Object)'> (0x00000000c518cc88) 
thrown [s\open\src\hotspot\share\interpreter\linkResolver.cpp, line 773]
Event: 2.851 Thread 0x000002021c448220 Exception <a 'java/lang/NoSuchMethodError'{0x00000000c51f3f98}: 'java.lang.Object java.lang.invoke.DelegatingMethodHandle$Holder.reinvoke_L(java.lang.Object, double, double, double)'> (0x00000000c51f3f98) 
thrown [s\open\src\hotspot\share\interpreter\linkResolver.cpp, line 773]
Event: 3.007 Thread 0x000002021c448220 Exception <a 'java/io/FileNotFoundException'{0x00000000c4ef2d00}> (0x00000000c4ef2d00) 
thrown [s\open\src\hotspot\share\prims\jni.cpp, line 520]
Event: 3.064 Thread 0x000002021c448220 Exception <a 'java/lang/ClassNotFoundException'{0x00000000c4cc1850}: sun/util/logging/resources/spi/loggingProvider> (0x00000000c4cc1850) 
thrown [s\open\src\hotspot\share\classfile\systemDictionary.cpp, line 312]
Event: 3.289 Thread 0x000002021c448220 Exception <a 'java/lang/NoSuchMethodError'{0x00000000c698f9b8}: 'java.lang.Object java.lang.invoke.DirectMethodHandle$Holder.invokeInterface(java.lang.Object, java.lang.Object, java.lang.Object)'> (0x00000000c698f9b8) 
thrown [s\open\src\hotspot\share\interpreter\linkResolver.cpp, line 773]
Event: 3.289 Thread 0x000002021c448220 Exception <a 'java/lang/IncompatibleClassChangeError'{0x00000000c6993070}: Found class java.lang.Object, but interface was expected> (0x00000000c6993070) 
thrown [s\open\src\hotspot\share\interpreter\linkResolver.cpp, line 840]
Event: 3.343 Thread 0x000002021c448220 Exception <a 'java/lang/ClassNotFoundException'{0x00000000c665de88}: com/sun/javafx/scene/control/skin/resources/controls> (0x00000000c665de88) 
thrown [s\open\src\hotspot\share\prims\jni.cpp, line 539]
Event: 3.344 Thread 0x000002021c448220 Exception <a 'java/lang/ClassNotFoundException'{0x00000000c666c088}: com/sun/javafx/scene/control/skin/resources/controls_en> (0x00000000c666c088) 
thrown [s\open\src\hotspot\share\prims\jni.cpp, line 539]
Event: 3.344 Thread 0x000002021c448220 Exception <a 'java/lang/ClassNotFoundException'{0x00000000c666d8d8}: com/sun/javafx/scene/control/skin/resources/controls_en_ID> (0x00000000c666d8d8) 
thrown [s\open\src\hotspot\share\prims\jni.cpp, line 539]
Event: 3.393 Thread 0x000002021c448220 Exception <a 'java/lang/NoSuchMethodError'{0x00000000c640e8d8}: 'void java.lang.invoke.DirectMethodHandle$Holder.invokeSpecial(java.lang.Object, java.lang.Object, java.lang.Object, java.lang.Object, java.lang.Object, java.lang.Object)'> (0x00000000c640e8d8) 
thrown [s\open\src\hotspot\share\interpreter\linkResolver.cpp, line 773]
Event: 3.636 Thread 0x000002021c448220 Exception <a 'java/lang/NoSuchMethodError'{0x00000000c5cef6f8}: 'int java.lang.invoke.DirectMethodHandle$Holder.invokeSpecial(java.lang.Object, java.lang.Object, int)'> (0x00000000c5cef6f8) 
thrown [s\open\src\hotspot\share\interpreter\linkResolver.cpp, line 773]
Event: 3.714 Thread 0x000002021c448220 Exception <a 'java/lang/NoSuchMethodError'{0x00000000c5bd9de0}: 'java.lang.Object java.lang.invoke.DirectMethodHandle$Holder.newInvokeSpecial(java.lang.Object, java.lang.Object, int)'> (0x00000000c5bd9de0) 
thrown [s\open\src\hotspot\share\interpreter\linkResolver.cpp, line 773]
Event: 3.864 Thread 0x000002021c090950 Exception <a 'java/lang/NoSuchMethodError'{0x00000000c5980d80}: 'int java.lang.invoke.DirectMethodHandle$Holder.invokeStaticInit(java.lang.Object, java.lang.Object)'> (0x00000000c5980d80) 
thrown [s\open\src\hotspot\share\interpreter\linkResolver.cpp, line 773]
Event: 3.891 Thread 0x000002021c090950 Exception <a 'java/lang/NoSuchMethodError'{0x00000000c58550e0}: 'java.lang.Object java.lang.invoke.DirectMethodHandle$Holder.invokeStaticInit(java.lang.Object, int)'> (0x00000000c58550e0) 
thrown [s\open\src\hotspot\share\interpreter\linkResolver.cpp, line 773]

ZGC Phase Switch (0 events):
No events

VM Operations (20 events):
Event: 3.081 Executing VM operation: G1CollectForAllocation (G1 Evacuation Pause)
Event: 3.089 Executing VM operation: G1CollectForAllocation (G1 Evacuation Pause) done
Event: 3.250 Executing VM operation: HandshakeAllThreads (Deoptimize)
Event: 3.250 Executing VM operation: HandshakeAllThreads (Deoptimize) done
Event: 3.251 Executing VM operation: HandshakeAllThreads (Deoptimize)
Event: 3.251 Executing VM operation: HandshakeAllThreads (Deoptimize) done
Event: 3.390 Executing VM operation: HandshakeAllThreads (Deoptimize)
Event: 3.390 Executing VM operation: HandshakeAllThreads (Deoptimize) done
Event: 3.488 Executing VM operation: ICBufferFull
Event: 3.489 Executing VM operation: ICBufferFull done
Event: 3.699 Executing VM operation: ICBufferFull
Event: 3.699 Executing VM operation: ICBufferFull done
Event: 3.908 Executing VM operation: G1CollectForAllocation (G1 Evacuation Pause)
Event: 3.915 Executing VM operation: G1CollectForAllocation (G1 Evacuation Pause) done
Event: 3.967 Executing VM operation: G1TryInitiateConcMark (G1 Humongous Allocation)
Event: 3.970 Executing VM operation: G1TryInitiateConcMark (G1 Humongous Allocation) done
Event: 3.991 Executing VM operation: G1PauseRemark
Event: 3.994 Executing VM operation: G1PauseRemark done
Event: 4.002 Executing VM operation: G1PauseCleanup
Event: 4.002 Executing VM operation: G1PauseCleanup done

Events (18 events):
Event: 0.046 Thread 0x00000201b9715f40 Thread added: 0x00000201b9715f40
Event: 0.067 Thread 0x00000201d64cdd80 Thread added: 0x00000201d64cdd80
Event: 0.067 Thread 0x00000201d64cef30 Thread added: 0x00000201d64cef30
Event: 0.067 Thread 0x00000201d64d3a80 Thread added: 0x00000201d64d3a80
Event: 0.068 Thread 0x00000201d64d65d0 Thread added: 0x00000201d64d65d0
Event: 0.068 Thread 0x00000201d64d7a60 Thread added: 0x00000201d64d7a60
Event: 0.068 Thread 0x00000201d64d95f0 Thread added: 0x00000201d64d95f0
Event: 0.068 Thread 0x00000201d64dc6e0 Thread added: 0x00000201d64dc6e0
Event: 0.068 Thread 0x00000201d64e49e0 Thread added: 0x00000201d64e49e0
Event: 0.115 Thread 0x00000201bb975b60 Thread added: 0x00000201bb975b60
Event: 0.307 Thread 0x00000201d6705ea0 Thread added: 0x00000201d6705ea0
Event: 0.982 Thread 0x000002021c090950 Thread added: 0x000002021c090950
Event: 1.245 Thread 0x000002021c446d10 Thread added: 0x000002021c446d10
Event: 1.248 Thread 0x000002021c448220 Thread added: 0x000002021c448220
Event: 1.449 Thread 0x000002021c755170 Thread added: 0x000002021c755170
Event: 1.459 Thread 0x000002021c7321f0 Thread added: 0x000002021c7321f0
Event: 2.139 Thread 0x0000020222240860 Thread added: 0x0000020222240860
Event: 3.937 Thread 0x0000020224932bf0 Thread added: 0x0000020224932bf0


Dynamic libraries:
0x00007ff673c90000 - 0x00007ff673ca0000 	C:\Program Files\Java\jdk-21\bin\java.exe
0x00007ff96b050000 - 0x00007ff96b267000 	C:\WINDOWS\SYSTEM32\ntdll.dll
0x00007ff969890000 - 0x00007ff969954000 	C:\WINDOWS\System32\KERNEL32.DLL
0x00007ff968710000 - 0x00007ff968aca000 	C:\WINDOWS\System32\KERNELBASE.dll
0x00007ff968360000 - 0x00007ff968471000 	C:\WINDOWS\System32\ucrtbase.dll
0x00007ff962260000 - 0x00007ff96227b000 	C:\Program Files\Java\jdk-21\bin\VCRUNTIME140.dll
0x00007ff9519d0000 - 0x00007ff9519e9000 	C:\Program Files\Java\jdk-21\bin\jli.dll
0x00007ff969660000 - 0x00007ff969712000 	C:\WINDOWS\System32\ADVAPI32.dll
0x00007ff96a5a0000 - 0x00007ff96a647000 	C:\WINDOWS\System32\msvcrt.dll
0x00007ff969720000 - 0x00007ff9697c7000 	C:\WINDOWS\System32\sechost.dll
0x00007ff968330000 - 0x00007ff968358000 	C:\WINDOWS\System32\bcrypt.dll
0x00007ff969960000 - 0x00007ff969a74000 	C:\WINDOWS\System32\RPCRT4.dll
0x00007ff9528c0000 - 0x00007ff952b52000 	C:\WINDOWS\WinSxS\amd64_microsoft.windows.common-controls_6595b64144ccf1df_6.0.22621.4541_none_2710d1c57384c085\COMCTL32.dll
0x00007ff969a80000 - 0x00007ff969c2e000 	C:\WINDOWS\System32\USER32.dll
0x00007ff9685c0000 - 0x00007ff9685e6000 	C:\WINDOWS\System32\win32u.dll
0x00007ff969c30000 - 0x00007ff969c59000 	C:\WINDOWS\System32\GDI32.dll
0x00007ff9685f0000 - 0x00007ff96870b000 	C:\WINDOWS\System32\gdi32full.dll
0x00007ff968ad0000 - 0x00007ff968b6a000 	C:\WINDOWS\System32\msvcp_win.dll
0x00007ff95e490000 - 0x00007ff95e49a000 	C:\WINDOWS\SYSTEM32\VERSION.dll
0x00007ff969840000 - 0x00007ff969871000 	C:\WINDOWS\System32\IMM32.DLL
0x00007ff962250000 - 0x00007ff96225c000 	C:\Program Files\Java\jdk-21\bin\vcruntime140_1.dll
0x00007ff9486d0000 - 0x00007ff94875e000 	C:\Program Files\Java\jdk-21\bin\msvcp140.dll
0x00007ff924d50000 - 0x00007ff925a68000 	C:\Program Files\Java\jdk-21\bin\server\jvm.dll
0x00007ff96ab10000 - 0x00007ff96ab81000 	C:\WINDOWS\System32\WS2_32.dll
0x00007ff968200000 - 0x00007ff96824d000 	C:\WINDOWS\SYSTEM32\POWRPROF.dll
0x00007ff95e910000 - 0x00007ff95e944000 	C:\WINDOWS\SYSTEM32\WINMM.dll
0x00007ff9681e0000 - 0x00007ff9681f3000 	C:\WINDOWS\SYSTEM32\UMPDC.dll
0x00007ff967370000 - 0x00007ff967388000 	C:\WINDOWS\SYSTEM32\kernel.appcore.dll
0x00007ff962240000 - 0x00007ff96224a000 	C:\Program Files\Java\jdk-21\bin\jimage.dll
0x00007ff965bc0000 - 0x00007ff965df2000 	C:\WINDOWS\SYSTEM32\DBGHELP.DLL
0x00007ff96a210000 - 0x00007ff96a59f000 	C:\WINDOWS\System32\combase.dll
0x00007ff96a650000 - 0x00007ff96a727000 	C:\WINDOWS\System32\OLEAUT32.dll
0x00007ff949bb0000 - 0x00007ff949be2000 	C:\WINDOWS\SYSTEM32\dbgcore.DLL
0x00007ff968480000 - 0x00007ff9684fb000 	C:\WINDOWS\System32\bcryptPrimitives.dll
0x00007ff95edc0000 - 0x00007ff95eddf000 	C:\Program Files\Java\jdk-21\bin\java.dll
0x00007ff968d60000 - 0x00007ff9695d8000 	C:\WINDOWS\System32\SHELL32.dll
0x00007ff966270000 - 0x00007ff966b78000 	C:\WINDOWS\SYSTEM32\windows.storage.dll
0x00007ff966130000 - 0x00007ff96626f000 	C:\WINDOWS\SYSTEM32\wintypes.dll
0x00007ff96ae60000 - 0x00007ff96af5a000 	C:\WINDOWS\System32\SHCORE.dll
0x00007ff96ae00000 - 0x00007ff96ae5e000 	C:\WINDOWS\System32\shlwapi.dll
0x00007ff968260000 - 0x00007ff96828b000 	C:\WINDOWS\SYSTEM32\profapi.dll
0x00007ff940830000 - 0x00007ff940907000 	C:\Program Files\Java\jdk-21\bin\jsvml.dll
0x00007ff962190000 - 0x00007ff9621a0000 	C:\Program Files\Java\jdk-21\bin\net.dll
0x00007ff961b00000 - 0x00007ff961c36000 	C:\WINDOWS\SYSTEM32\WINHTTP.dll
0x00007ff9677f0000 - 0x00007ff967859000 	C:\WINDOWS\system32\mswsock.dll
0x00007ff95eda0000 - 0x00007ff95edb6000 	C:\Program Files\Java\jdk-21\bin\nio.dll
0x00007ff9532c0000 - 0x00007ff9532d8000 	C:\Program Files\Java\jdk-21\bin\zip.dll
0x00000201b9870000 - 0x00000201b9873000 	C:\Users\USER\.openjfx\cache\23.0.1+4\amd64\api-ms-win-core-console-l1-1-0.dll
0x00000201b9880000 - 0x00000201b9883000 	C:\Users\USER\.openjfx\cache\23.0.1+4\amd64\api-ms-win-core-console-l1-2-0.dll
0x00000201b9890000 - 0x00000201b9893000 	C:\Users\USER\.openjfx\cache\23.0.1+4\amd64\api-ms-win-core-datetime-l1-1-0.dll
0x00000201b98a0000 - 0x00000201b98a3000 	C:\Users\USER\.openjfx\cache\23.0.1+4\amd64\api-ms-win-core-debug-l1-1-0.dll
0x00000201b98b0000 - 0x00000201b98b3000 	C:\Users\USER\.openjfx\cache\23.0.1+4\amd64\api-ms-win-core-errorhandling-l1-1-0.dll
0x00000201b98c0000 - 0x00000201b98c4000 	C:\Users\USER\.openjfx\cache\23.0.1+4\amd64\api-ms-win-core-file-l1-1-0.dll
0x00000201b98d0000 - 0x00000201b98d3000 	C:\Users\USER\.openjfx\cache\23.0.1+4\amd64\api-ms-win-core-file-l1-2-0.dll
0x00000201bb7d0000 - 0x00000201bb7d3000 	C:\Users\USER\.openjfx\cache\23.0.1+4\amd64\api-ms-win-core-file-l2-1-0.dll
0x00000201bb7e0000 - 0x00000201bb7e3000 	C:\Users\USER\.openjfx\cache\23.0.1+4\amd64\api-ms-win-core-handle-l1-1-0.dll
0x00000201bb7f0000 - 0x00000201bb7f3000 	C:\Users\USER\.openjfx\cache\23.0.1+4\amd64\api-ms-win-core-heap-l1-1-0.dll
0x00000201bb800000 - 0x00000201bb803000 	C:\Users\USER\.openjfx\cache\23.0.1+4\amd64\api-ms-win-core-interlocked-l1-1-0.dll
0x00000201bb810000 - 0x00000201bb813000 	C:\Users\USER\.openjfx\cache\23.0.1+4\amd64\api-ms-win-core-libraryloader-l1-1-0.dll
0x00000201bb820000 - 0x00000201bb823000 	C:\Users\USER\.openjfx\cache\23.0.1+4\amd64\api-ms-win-core-localization-l1-2-0.dll
0x00000201bb830000 - 0x00000201bb833000 	C:\Users\USER\.openjfx\cache\23.0.1+4\amd64\api-ms-win-core-memory-l1-1-0.dll
0x00000201bb840000 - 0x00000201bb843000 	C:\Users\USER\.openjfx\cache\23.0.1+4\amd64\api-ms-win-core-namedpipe-l1-1-0.dll
0x00000201bb850000 - 0x00000201bb853000 	C:\Users\USER\.openjfx\cache\23.0.1+4\amd64\api-ms-win-core-processenvironment-l1-1-0.dll
0x00000201bb860000 - 0x00000201bb863000 	C:\Users\USER\.openjfx\cache\23.0.1+4\amd64\api-ms-win-core-processthreads-l1-1-0.dll
0x00000201bb870000 - 0x00000201bb873000 	C:\Users\USER\.openjfx\cache\23.0.1+4\amd64\api-ms-win-core-processthreads-l1-1-1.dll
0x00000201bb880000 - 0x00000201bb883000 	C:\Users\USER\.openjfx\cache\23.0.1+4\amd64\api-ms-win-core-profile-l1-1-0.dll
0x00000201d6aa0000 - 0x00000201d6aa3000 	C:\Users\USER\.openjfx\cache\23.0.1+4\amd64\api-ms-win-core-rtlsupport-l1-1-0.dll
0x00000201d6ab0000 - 0x00000201d6ab3000 	C:\Users\USER\.openjfx\cache\23.0.1+4\amd64\api-ms-win-core-string-l1-1-0.dll
0x00000201d6ac0000 - 0x00000201d6ac3000 	C:\Users\USER\.openjfx\cache\23.0.1+4\amd64\api-ms-win-core-synch-l1-1-0.dll
0x00000201d6ad0000 - 0x00000201d6ad3000 	C:\Users\USER\.openjfx\cache\23.0.1+4\amd64\api-ms-win-core-synch-l1-2-0.dll
0x00000201d6ae0000 - 0x00000201d6ae3000 	C:\Users\USER\.openjfx\cache\23.0.1+4\amd64\api-ms-win-core-sysinfo-l1-1-0.dll
0x00000201d6af0000 - 0x00000201d6af3000 	C:\Users\USER\.openjfx\cache\23.0.1+4\amd64\api-ms-win-core-timezone-l1-1-0.dll
0x00000201d6b00000 - 0x00000201d6b03000 	C:\Users\USER\.openjfx\cache\23.0.1+4\amd64\api-ms-win-core-util-l1-1-0.dll
0x00000201d6b10000 - 0x00000201d6b13000 	C:\Users\USER\.openjfx\cache\23.0.1+4\amd64\api-ms-win-crt-conio-l1-1-0.dll
0x00000201d6b20000 - 0x00000201d6b24000 	C:\Users\USER\.openjfx\cache\23.0.1+4\amd64\api-ms-win-crt-convert-l1-1-0.dll
0x00000201d6b30000 - 0x00000201d6b33000 	C:\Users\USER\.openjfx\cache\23.0.1+4\amd64\api-ms-win-crt-environment-l1-1-0.dll
0x00000201d6b40000 - 0x00000201d6b43000 	C:\Users\USER\.openjfx\cache\23.0.1+4\amd64\api-ms-win-crt-filesystem-l1-1-0.dll
0x00000201d6b50000 - 0x00000201d6b53000 	C:\Users\USER\.openjfx\cache\23.0.1+4\amd64\api-ms-win-crt-heap-l1-1-0.dll
0x00000201d6b60000 - 0x00000201d6b63000 	C:\Users\USER\.openjfx\cache\23.0.1+4\amd64\api-ms-win-crt-locale-l1-1-0.dll
0x00000201d6b70000 - 0x00000201d6b75000 	C:\Users\USER\.openjfx\cache\23.0.1+4\amd64\api-ms-win-crt-math-l1-1-0.dll
0x00000201d6b80000 - 0x00000201d6b85000 	C:\Users\USER\.openjfx\cache\23.0.1+4\amd64\api-ms-win-crt-multibyte-l1-1-0.dll
0x00000201d6b90000 - 0x00000201d6ba0000 	C:\Users\USER\.openjfx\cache\23.0.1+4\amd64\api-ms-win-crt-private-l1-1-0.dll
0x00000201d6ba0000 - 0x00000201d6ba3000 	C:\Users\USER\.openjfx\cache\23.0.1+4\amd64\api-ms-win-crt-process-l1-1-0.dll
0x00000201d6bb0000 - 0x00000201d6bb4000 	C:\Users\USER\.openjfx\cache\23.0.1+4\amd64\api-ms-win-crt-runtime-l1-1-0.dll
0x00000201d6bc0000 - 0x00000201d6bc4000 	C:\Users\USER\.openjfx\cache\23.0.1+4\amd64\api-ms-win-crt-stdio-l1-1-0.dll
0x00000201d6bd0000 - 0x00000201d6bd4000 	C:\Users\USER\.openjfx\cache\23.0.1+4\amd64\api-ms-win-crt-string-l1-1-0.dll
0x00000201d6be0000 - 0x00000201d6be3000 	C:\Users\USER\.openjfx\cache\23.0.1+4\amd64\api-ms-win-crt-time-l1-1-0.dll
0x00000201d6bf0000 - 0x00000201d6bf3000 	C:\Users\USER\.openjfx\cache\23.0.1+4\amd64\api-ms-win-crt-utility-l1-1-0.dll
0x00007ff92b430000 - 0x00007ff92b52c000 	C:\Users\USER\.openjfx\cache\23.0.1+4\amd64\ucrtbase.dll
0x00007ff9512e0000 - 0x00007ff9512fb000 	C:\Users\USER\.openjfx\cache\23.0.1+4\amd64\vcruntime140.dll
0x00007ff962180000 - 0x00007ff96218c000 	C:\Users\USER\.openjfx\cache\23.0.1+4\amd64\vcruntime140_1.dll
0x00007ff93fd30000 - 0x00007ff93fdbe000 	C:\Users\USER\.openjfx\cache\23.0.1+4\amd64\msvcp140.dll
0x00007ff95b1a0000 - 0x00007ff95b1a9000 	C:\Users\USER\.openjfx\cache\23.0.1+4\amd64\msvcp140_1.dll
0x00007ff949aa0000 - 0x00007ff949ae1000 	C:\Users\USER\.openjfx\cache\23.0.1+4\amd64\msvcp140_2.dll
0x00007ff949330000 - 0x00007ff949360000 	C:\Users\USER\.openjfx\cache\23.0.1+4\amd64\prism_d3d.dll
0x00007ff8f2c70000 - 0x00007ff8f2e18000 	C:\WINDOWS\system32\d3d9.dll
0x00007ff965600000 - 0x00007ff96562b000 	C:\WINDOWS\SYSTEM32\dwmapi.dll
0x00007ff965490000 - 0x00007ff9654c7000 	C:\WINDOWS\SYSTEM32\dxcore.dll
0x00007ff965370000 - 0x00007ff965421000 	C:\WINDOWS\system32\uxtheme.dll
0x00007ff941410000 - 0x00007ff94167f000 	C:\WINDOWS\System32\DriverStore\FileRepository\iigd_dch.inf_amd64_03e2a5c7c3b3fa7c\igdumdim64.dll
0x00007ff96a960000 - 0x00007ff96ab05000 	C:\WINDOWS\System32\ole32.dll
0x00007ff90fe00000 - 0x00007ff911323000 	C:\WINDOWS\System32\DriverStore\FileRepository\iigd_dch.inf_amd64_03e2a5c7c3b3fa7c\igd9dxva64.dll
0x00007ff969d90000 - 0x00007ff96a204000 	C:\WINDOWS\System32\SETUPAPI.dll
0x00007ff967f30000 - 0x00007ff967f7e000 	C:\WINDOWS\SYSTEM32\cfgmgr32.dll
0x00007ff902070000 - 0x00007ff903d9b000 	C:\WINDOWS\System32\DriverStore\FileRepository\iigd_dch.inf_amd64_03e2a5c7c3b3fa7c\media_bin_64.dll
0x00007ff95c470000 - 0x00007ff95c8af000 	C:\WINDOWS\System32\DriverStore\FileRepository\iigd_dch.inf_amd64_03e2a5c7c3b3fa7c\igdgmm64.dll
0x00007ff961ab0000 - 0x00007ff961af9000 	C:\WINDOWS\SYSTEM32\directxdatabasehelper.dll
0x00007ff9373e0000 - 0x00007ff937425000 	C:\Users\USER\.openjfx\cache\23.0.1+4\amd64\glass.dll
0x00007ff969c90000 - 0x00007ff969d90000 	C:\WINDOWS\System32\COMDLG32.dll
0x00007ff96aba0000 - 0x00007ff96ad01000 	C:\WINDOWS\System32\MSCTF.dll
0x00007ff917400000 - 0x00007ff917427000 	C:\WINDOWS\System32\DriverStore\FileRepository\iigd_dch.inf_amd64_03e2a5c7c3b3fa7c\igdinfo64.dll
0x00007ff967a40000 - 0x00007ff967a5b000 	C:\WINDOWS\SYSTEM32\CRYPTSP.dll
0x00007ff9672d0000 - 0x00007ff967305000 	C:\WINDOWS\system32\rsaenh.dll
0x00007ff967a60000 - 0x00007ff967a6c000 	C:\WINDOWS\SYSTEM32\CRYPTBASE.dll
0x00007ff95c380000 - 0x00007ff95c3a4000 	C:\WINDOWS\System32\DriverStore\FileRepository\iigd_dch.inf_amd64_03e2a5c7c3b3fa7c\igc64.dll
0x00007ff9534e0000 - 0x00007ff957c4b000 	C:\WINDOWS\System32\DriverStore\FileRepository\iigd_dch.inf_amd64_03e2a5c7c3b3fa7c\igc1464.dll
0x00007ff96af60000 - 0x00007ff96b010000 	C:\WINDOWS\System32\clbcatq.dll
0x00007ff95b4a0000 - 0x00007ff95b61d000 	C:\Windows\System32\Windows.UI.dll
0x00007ff959ad0000 - 0x00007ff959c45000 	C:\Windows\System32\Windows.UI.Immersive.dll
0x00007ff9512c0000 - 0x00007ff9512d5000 	C:\Users\USER\.openjfx\cache\23.0.1+4\amd64\javafx_font.dll
0x00007ff962ac0000 - 0x00007ff962d33000 	C:\WINDOWS\SYSTEM32\dwrite.dll
0x00007ff965190000 - 0x00007ff965340000 	C:\WINDOWS\SYSTEM32\WindowsCodecs.dll
0x00007ff936170000 - 0x00007ff9361ce000 	C:\WINDOWS\system32\dataexchange.dll
0x00007ff9601d0000 - 0x00007ff960474000 	C:\WINDOWS\system32\twinapi.appcore.dll
0x00007ff941890000 - 0x00007ff9418c2000 	C:\Program Files\Common Files\Microsoft Shared\Ink\rtscom.dll
0x00007ff958690000 - 0x00007ff9587d5000 	C:\WINDOWS\SYSTEM32\textinputframework.dll
0x00007ff963d20000 - 0x00007ff963e53000 	C:\WINDOWS\SYSTEM32\CoreMessaging.dll
0x00007ff9614a0000 - 0x00007ff96180d000 	C:\WINDOWS\SYSTEM32\CoreUIComponents.dll

dbghelp: loaded successfully - version: 4.0.5 - missing functions: none
symbol engine: initialized successfully - sym options: 0x614 - pdb path: .;C:\Program Files\Java\jdk-21\bin;C:\WINDOWS\SYSTEM32;C:\WINDOWS\WinSxS\amd64_microsoft.windows.common-controls_6595b64144ccf1df_6.0.22621.4541_none_2710d1c57384c085;C:\Program Files\Java\jdk-21\bin\server;C:\Users\USER\.openjfx\cache\23.0.1+4\amd64;C:\WINDOWS\System32\DriverStore\FileRepository\iigd_dch.inf_amd64_03e2a5c7c3b3fa7c;C:\Program Files\Common Files\Microsoft Shared\Ink

VM Arguments:
jvm_args: --module-path=C:\Users\USER\.m2\repository\org\openjfx\javafx-base\23.0.1\javafx-base-23.0.1-win.jar;C:\Users\USER\.m2\repository\org\openjfx\javafx-base\23.0.1\javafx-base-23.0.1.jar;C:\Users\USER\.m2\repository\org\openjfx\javafx-controls\23.0.1\javafx-controls-23.0.1-win.jar;C:\Users\USER\.m2\repository\org\openjfx\javafx-controls\23.0.1\javafx-controls-23.0.1.jar;C:\Users\USER\.m2\repository\org\openjfx\javafx-fxml\23.0.1\javafx-fxml-23.0.1-win.jar;C:\Users\USER\.m2\repository\org\openjfx\javafx-fxml\23.0.1\javafx-fxml-23.0.1.jar;C:\Users\USER\.m2\repository\org\openjfx\javafx-graphics\23.0.1\javafx-graphics-23.0.1-win.jar;C:\Users\USER\.m2\repository\org\openjfx\javafx-graphics\23.0.1\javafx-graphics-23.0.1.jar --add-modules=javafx.base,javafx.controls,javafx.fxml,javafx.graphics 
java_command: com.mycompany.java_farm.mainUi
java_class_path (initial): D:\FILE MEEEEE\SEMESTER 3\PBO\Java_farm\Java_farm\target\classes;C:\Users\USER\.m2\repository\au\com\dius\pact\core\pactbroker\4.6.15\pactbroker-4.6.15.jar;C:\Users\USER\.m2\repository\au\com\dius\pact\core\support\4.6.15\support-4.6.15.jar;C:\Users\USER\.m2\repository\com\github\mifmif\generex\1.0.2\generex-1.0.2.jar;C:\Users\USER\.m2\repository\com\google\code\findbugs\jsr305\3.0.2\jsr305-3.0.2.jar;C:\Users\USER\.m2\repository\com\google\errorprone\error_prone_annotations\2.11.0\error_prone_annotations-2.11.0.jar;C:\Users\USER\.m2\repository\com\google\guava\failureaccess\1.0.1\failureaccess-1.0.1.jar;C:\Users\USER\.m2\repository\com\google\guava\guava\31.1-jre\guava-31.1-jre.jar;C:\Users\USER\.m2\repository\com\google\guava\listenablefuture\9999.0-empty-to-avoid-conflict-with-guava\listenablefuture-9999.0-empty-to-avoid-conflict-with-guava.jar;C:\Users\USER\.m2\repository\com\google\j2objc\j2objc-annotations\1.3\j2objc-annotations-1.3.jar;C:\Users\USER\.m2\repository\com\google\protobuf\protobuf-java\3.21.9\protobuf-java-3.21.9.jar;C:\Users\USER\.m2\repository\com\mysql\mysql-connector-j\8.0.33\mysql-connector-j-8.0.33.jar;C:\Users\USER\.m2\repository\commons-codec\commons-codec\1.15\commons-codec-1.15.jar;C:\Users\USER\.m2\repository\dk\brics\automaton\automaton\1.11-8\automaton-1.11-8.jar;C:\Users\USER\.m2\repository\io\github\oshai\kotlin-logging-jvm\5.1.4\kotlin-logging-jvm-5.1.4.jar;C:\Users\USER\.m2\repository\org\apache\commons\commons-lang3\3.12.0\commons-lang3-3.12.0.jar;C:\Users\USER\.m2\repository\org\apache\commons\commons-text\1.10.0\commons-text-1.10.0.jar;C:\Users\USER\.m2\repository\org\apache\httpcomponents\client5\httpclient5\5.3.1\httpclient5-5.3.1.jar;C:\Users\USER\.m2\repository\org\apache\httpcomponents\client5\httpclient5-fluent\5.3.1\httpclient5-fluent-5.3.1.jar;C:\Users\USER\.m2\repository\org\apache\httpcomponents\core5\httpcore5\5.2.4\httpcore5-5.2.4.jar;C:\Users\USER\.m2\repository\org\apache\httpcomponents\core5\httpcore5-h2\5.2.4\httpcore5-h2-5.2.4.jar;C:\Users\USER\.m2\repository\org\checkerframework\checker-qual\3.12.0\checker-qual-3.12.0.jar;C:\Users\USER\.m2\repository\org\jetbrains\annotations\13.0\annotations-13.0.jar;C:\Users\USER\.m2\repository\org\jetbrains\kotlin\kotlin-reflect\1.8.22\kotlin-reflect-1.8.22.jar;C:\Users\USER\.m2\repository\org\jetbrains\kotlin\kotlin-stdlib\1.8.22\kotlin-stdlib-1.8.22.jar;C:\Users\USER\.m2\repository\org\jetbrains\kotlin\kotlin-stdlib-common\1.8.22\kotlin-stdlib-common-1.8.22.jar;C:\Users\USER\.m2\repository\org\jetbrains\kotlin\kotlin-stdlib-jdk7\1.8.22\kotlin-stdlib-jdk7-1.8.22.jar;C:\Users\USER\.m2\repository\org\jetbrains\kotlin\kotlin-stdlib-jdk8\1.8.22\kotlin-stdlib-jdk8-1.8.22.jar;C:\Users\USER\.m2\repository\org\slf4j\slf4j-api\1.7.36\slf4j-api-1.7.36.jar
Launcher Type: SUN_STANDARD

[Global flags]
     intx CICompilerCount                          = 3                                         {product} {ergonomic}
     uint ConcGCThreads                            = 1                                         {product} {ergonomic}
     uint G1ConcRefinementThreads                  = 4                                         {product} {ergonomic}
   size_t G1HeapRegionSize                         = 1048576                                   {product} {ergonomic}
    uintx GCDrainStackTargetSize                   = 64                                        {product} {ergonomic}
   size_t InitialHeapSize                          = 65011712                                  {product} {ergonomic}
   size_t MarkStackSize                            = 4194304                                   {product} {ergonomic}
   size_t MaxHeapSize                              = 1021313024                                {product} {ergonomic}
   size_t MaxNewSize                               = 612368384                                 {product} {ergonomic}
   size_t MinHeapDeltaBytes                        = 1048576                                   {product} {ergonomic}
   size_t MinHeapSize                              = 8388608                                   {product} {ergonomic}
    uintx NonNMethodCodeHeapSize                   = 5832780                                {pd product} {ergonomic}
    uintx NonProfiledCodeHeapSize                  = 122912730                              {pd product} {ergonomic}
    uintx ProfiledCodeHeapSize                     = 122912730                              {pd product} {ergonomic}
    uintx ReservedCodeCacheSize                    = 251658240                              {pd product} {ergonomic}
     bool SegmentedCodeCache                       = true                                      {product} {ergonomic}
   size_t SoftMaxHeapSize                          = 1021313024                             {manageable} {ergonomic}
     bool UseCompressedOops                        = true                           {product lp64_product} {ergonomic}
     bool UseG1GC                                  = true                                      {product} {ergonomic}
     bool UseLargePagesIndividualAllocation        = false                                  {pd product} {ergonomic}

Logging:
Log output configuration:
 #0: stdout all=warning uptime,level,tags foldmultilines=false
 #1: stderr all=off uptime,level,tags foldmultilines=false

Environment Variables:
JAVA_HOME=C:\Program Files\Java\jdk-21
PATH=C:\Program Files\Common Files\Oracle\Java\javapath;C:\WINDOWS\system32;C:\WINDOWS;C:\WINDOWS\System32\Wbem;C:\WINDOWS\System32\WindowsPowerShell\v1.0\;C:\WINDOWS\System32\OpenSSH\;C:\MinGW\bin;C:\Program Files\dotnet\;C:\Program Files\MySQL\MySQL Server 8.0\bin;C:\xampp\php;C:\Program Files\MATLAB\R2024b\bin;C:\Program Files\Java\jdk-23\bin;C:\Users\USER\Downloads\apache-ant-1.10.15-bin\bin;C:\Program Files\Java\javafx-sdk-23.0.1\bin;C:\Program Files\NetBeans-20\netbeans\java\maven;C:\Users\USER\Downloads\apache-maven-3.9.9-bin\apache-maven-3.9.9\bin;C:\Program Files\Java\jdk-21\bin;C:\Program Files\Java\javafx-sdk-21.0.5\bin;C:\Program Files\Java\jdk-21\bin;C:\Program Files\MySQL\MySQL Shell 8.0\bin\;C:\Users\USER\AppData\Local\Microsoft\WindowsApps;;C:\Users\USER\Documents\FILE MEEEEE\Microsoft VS Code\bin
USERNAME=USER
OS=Windows_NT
PROCESSOR_IDENTIFIER=Intel64 Family 6 Model 140 Stepping 1, GenuineIntel
TMP=C:\Users\USER\AppData\Local\Temp
TEMP=C:\Users\USER\AppData\Local\Temp




Periodic native trim disabled

---------------  S Y S T E M  ---------------

OS:
 Windows 11 , 64 bit Build 22621 (10.0.22621.4391)
OS uptime: 0 days 7:36 hours

CPU: total 4 (initial active 4) (2 cores per cpu, 2 threads per core) family 6 model 140 stepping 1 microcode 0x9a, cx8, cmov, fxsr, ht, mmx, 3dnowpref, sse, sse2, sse3, ssse3, sse4.1, sse4.2, popcnt, lzcnt, tsc, tscinvbit, avx, avx2, aes, erms, clmul, bmi1, bmi2, adx, avx512f, avx512dq, avx512cd, avx512bw, avx512vl, sha, fma, vzeroupper, avx512_vpopcntdq, avx512_vpclmulqdq, avx512_vaes, avx512_vnni, clflush, clflushopt, clwb, avx512_vbmi2, avx512_vbmi, rdtscp, rdpid, fsrm, gfni, avx512_bitalg, f16c, pku, cet_ibt, cet_ss, avx512_ifma
Processor Information for all 4 processors :
  Max Mhz: 2995, Current Mhz: 2995, Mhz Limit: 2995

Memory: 4k page, system-wide physical 3895M (158M free)
TotalPageFile size 15671M (AvailPageFile size 0M)
current process WorkingSet (physical memory assigned to process): 241M, peak: 244M
current process commit charge ("private bytes"): 287M, peak: 288M

vm_info: Java HotSpot(TM) 64-Bit Server VM (21.0.5+9-LTS-239) for windows-amd64 JRE (21.0.5+9-LTS-239), built on 2024-09-30T05:17:38Z by "mach5one" with MS VC++ 17.6 (VS2022)

END.
