#
# There is insufficient memory for the Java Runtime Environment to continue.
# Native memory allocation (malloc) failed to allocate 32744 bytes for Chunk::new
# Possible reasons:
#   The system is out of physical RAM or swap space
#   The process is running with CompressedOops enabled, and the Java Heap may be blocking the growth of the native heap
# Possible solutions:
#   Reduce memory load on the system
#   Increase physical memory or swap space
#   Check if swap backing store is full
#   Decrease Java heap size (-Xmx/-Xms)
#   Decrease number of Java threads
#   Decrease Java thread stack sizes (-Xss)
#   Set larger code cache with -XX:ReservedCodeCacheSize=
#   JVM is running with Unscaled Compressed Oops mode in which the Java heap is
#     placed in the first 4GB address space. The Java Heap base address is the
#     maximum limit for the native heap growth. Please use -XX:HeapBaseMinAddress
#     to set the Java Heap base and to place the Java Heap above 4GB virtual address.
# This output file may be truncated or incomplete.
#
#  Out of Memory Error (arena.cpp:168), pid=16968, tid=17424
#
# JRE version: Java(TM) SE Runtime Environment (21.0.5+9) (build 21.0.5+9-LTS-239)
# Java VM: Java HotSpot(TM) 64-Bit Server VM (21.0.5+9-LTS-239, mixed mode, sharing, tiered, compressed oops, compressed class ptrs, g1 gc, windows-amd64)
# No core dump will be written. Minidumps are not enabled by default on client versions of Windows
#

---------------  S U M M A R Y ------------

Command Line: --module-path=C:\Users\USER\.m2\repository\org\openjfx\javafx-base\23.0.1\javafx-base-23.0.1-win.jar;C:\Users\USER\.m2\repository\org\openjfx\javafx-base\23.0.1\javafx-base-23.0.1.jar;C:\Users\USER\.m2\repository\org\openjfx\javafx-controls\23.0.1\javafx-controls-23.0.1-win.jar;C:\Users\USER\.m2\repository\org\openjfx\javafx-controls\23.0.1\javafx-controls-23.0.1.jar;C:\Users\USER\.m2\repository\org\openjfx\javafx-fxml\23.0.1\javafx-fxml-23.0.1-win.jar;C:\Users\USER\.m2\repository\org\openjfx\javafx-fxml\23.0.1\javafx-fxml-23.0.1.jar;C:\Users\USER\.m2\repository\org\openjfx\javafx-graphics\23.0.1\javafx-graphics-23.0.1-win.jar;C:\Users\USER\.m2\repository\org\openjfx\javafx-graphics\23.0.1\javafx-graphics-23.0.1.jar --add-modules=javafx.base,javafx.controls,javafx.fxml,javafx.graphics com.mycompany.java_farm.mainUi

Host: 11th Gen Intel(R) Core(TM) i3-1115G4 @ 3.00GHz, 4 cores, 3G,  Windows 11 , 64 bit Build 22621 (10.0.22621.4391)
Time: Fri Dec 20 19:09:04 2024 SE Asia Standard Time elapsed time: 1.201851 seconds (0d 0h 0m 1s)

---------------  T H R E A D  ---------------

Current thread (0x000001df5cc4f050):  JavaThread "C2 CompilerThread0" daemon [_thread_in_native, id=17424, stack(0x000000559c700000,0x000000559c800000) (1024K)]


Current CompileTask:
C2:   1201 1084       4       sun.util.locale.BaseLocale::getInstance (150 bytes)

Stack: [0x000000559c700000,0x000000559c800000]
Native frames: (J=compiled Java code, j=interpreted, Vv=VM code, C=native code)
V  [jvm.dll+0x6ca289]
V  [jvm.dll+0x854a51]
V  [jvm.dll+0x856f7e]
V  [jvm.dll+0x857653]
V  [jvm.dll+0x27dd26]
V  [jvm.dll+0xc4c2d]
V  [jvm.dll+0xc5163]
V  [jvm.dll+0x6549fb]
V  [jvm.dll+0x654b9f]
V  [jvm.dll+0x65a609]
V  [jvm.dll+0x65b606]
V  [jvm.dll+0x65995d]
V  [jvm.dll+0x246795]
V  [jvm.dll+0x245eef]
V  [jvm.dll+0x1c6d0e]
V  [jvm.dll+0x2554d9]
V  [jvm.dll+0x253a6a]
V  [jvm.dll+0x3ee136]
V  [jvm.dll+0x7fee9b]
V  [jvm.dll+0x6c896d]
C  [ucrtbase.dll+0x29333]
C  [KERNEL32.DLL+0x1259d]
C  [ntdll.dll+0x5af38]


---------------  P R O C E S S  ---------------

Threads class SMR info:
_java_thread_list=0x000001dfa2ac7590, length=16, elements={
0x000001df400ff890, 0x000001df5cc417f0, 0x000001df5cc427f0, 0x000001df5cc48080,
0x000001df5cc4abd0, 0x000001df5cc4beb0, 0x000001df5cc4c9f0, 0x000001df5cc4f050,
0x000001df5cc568d0, 0x000001dfa204a0e0, 0x000001dfa22c38b0, 0x000001dfa25ac490,
0x000001dfa282a7e0, 0x000001dfa2847c70, 0x000001dfa2a67040, 0x000001dfa2b66f70
}

Java Threads: ( => current thread )
  0x000001df400ff890 JavaThread "main"                              [_thread_blocked, id=17224, stack(0x000000559b900000,0x000000559ba00000) (1024K)]
  0x000001df5cc417f0 JavaThread "Reference Handler"          daemon [_thread_blocked, id=14644, stack(0x000000559c100000,0x000000559c200000) (1024K)]
  0x000001df5cc427f0 JavaThread "Finalizer"                  daemon [_thread_blocked, id=19580, stack(0x000000559c200000,0x000000559c300000) (1024K)]
  0x000001df5cc48080 JavaThread "Signal Dispatcher"          daemon [_thread_blocked, id=15288, stack(0x000000559c300000,0x000000559c400000) (1024K)]
  0x000001df5cc4abd0 JavaThread "Attach Listener"            daemon [_thread_blocked, id=18444, stack(0x000000559c400000,0x000000559c500000) (1024K)]
  0x000001df5cc4beb0 JavaThread "Service Thread"             daemon [_thread_blocked, id=16572, stack(0x000000559c500000,0x000000559c600000) (1024K)]
  0x000001df5cc4c9f0 JavaThread "Monitor Deflation Thread"   daemon [_thread_blocked, id=1864, stack(0x000000559c600000,0x000000559c700000) (1024K)]
=>0x000001df5cc4f050 JavaThread "C2 CompilerThread0"         daemon [_thread_in_native, id=17424, stack(0x000000559c700000,0x000000559c800000) (1024K)]
  0x000001df5cc568d0 JavaThread "C1 CompilerThread0"         daemon [_thread_in_native, id=3764, stack(0x000000559c800000,0x000000559c900000) (1024K)]
  0x000001dfa204a0e0 JavaThread "Common-Cleaner"             daemon [_thread_blocked, id=5584, stack(0x000000559c900000,0x000000559ca00000) (1024K)]
  0x000001dfa22c38b0 JavaThread "Notification Thread"        daemon [_thread_blocked, id=19908, stack(0x000000559ca00000,0x000000559cb00000) (1024K)]
  0x000001dfa25ac490 JavaThread "QuantumRenderer-0"          daemon [_thread_blocked, id=20084, stack(0x000000559ce00000,0x000000559cf00000) (1024K)]
  0x000001dfa282a7e0 JavaThread "InvokeLaterDispatcher"      daemon [_thread_blocked, id=11712, stack(0x000000559cf00000,0x000000559d000000) (1024K)]
  0x000001dfa2847c70 JavaThread "JavaFX Application Thread"         [_thread_in_vm, id=18488, stack(0x000000559d000000,0x000000559d100000) (1024K)]
  0x000001dfa2a67040 JavaThread "JavaFX-Launcher"                   [_thread_blocked, id=19596, stack(0x000000559d400000,0x000000559d500000) (1024K)]
  0x000001dfa2b66f70 JavaThread "Thread-2"                   daemon [_thread_in_native, id=19556, stack(0x000000559d300000,0x000000559d400000) (1024K)]
Total: 16

Other Threads:
  0x000001df401b96e0 VMThread "VM Thread"                           [id=13280, stack(0x000000559c000000,0x000000559c100000) (1024K)]
  0x000001df5cc2d7f0 WatcherThread "VM Periodic Task Thread"        [id=18284, stack(0x000000559bf00000,0x000000559c000000) (1024K)]
  0x000001df40134750 WorkerThread "GC Thread#0"                     [id=20184, stack(0x000000559ba00000,0x000000559bb00000) (1024K)]
  0x000001dfa264fbc0 WorkerThread "GC Thread#1"                     [id=2968, stack(0x000000559cb00000,0x000000559cc00000) (1024K)]
  0x000001dfa2687810 WorkerThread "GC Thread#2"                     [id=11224, stack(0x000000559cc00000,0x000000559cd00000) (1024K)]
  0x000001dfa25ac0f0 WorkerThread "GC Thread#3"                     [id=8676, stack(0x000000559cd00000,0x000000559ce00000) (1024K)]
  0x000001df4013d900 ConcurrentGCThread "G1 Main Marker"            [id=19696, stack(0x000000559bb00000,0x000000559bc00000) (1024K)]
  0x000001df4013e5b0 WorkerThread "G1 Conc#0"                       [id=20280, stack(0x000000559bc00000,0x000000559bd00000) (1024K)]
  0x000001df40196540 ConcurrentGCThread "G1 Refine#0"               [id=8088, stack(0x000000559bd00000,0x000000559be00000) (1024K)]
  0x000001df401970b0 ConcurrentGCThread "G1 Service"                [id=18716, stack(0x000000559be00000,0x000000559bf00000) (1024K)]
Total: 10

Threads with active compile tasks:
C2 CompilerThread0     1247 1084       4       sun.util.locale.BaseLocale::getInstance (150 bytes)
C1 CompilerThread0     1247 1121       2       java.lang.invoke.TypeConvertingMethodAdapter::descriptorToName (36 bytes)
Total: 2

VM state: not at safepoint (normal execution)

VM Mutex/Monitor currently owned by a thread: None

Heap address: 0x00000000c3200000, size: 974 MB, Compressed Oops mode: 32-bit

CDS archive(s) mapped at: [0x000001df5d000000-0x000001df5dc90000-0x000001df5dc90000), size 13172736, SharedBaseAddress: 0x000001df5d000000, ArchiveRelocationMode: 1.
Compressed class space mapped at: 0x000001df5e000000-0x000001df9e000000, reserved size: 1073741824
Narrow klass base: 0x000001df5d000000, Narrow klass shift: 0, Narrow klass range: 0x100000000

GC Precious Log:
 CardTable entry size: 512
 Card Set container configuration: InlinePtr #cards 5 size 8 Array Of Cards #cards 12 size 40 Howl #buckets 4 coarsen threshold 1843 Howl Bitmap #cards 512 size 80 coarsen threshold 460 Card regions per heap region 1 cards per card region 2048
 CPUs: 4 total, 4 available
 Memory: 3895M
 Large Page Support: Disabled
 NUMA Support: Disabled
 Compressed Oops: Enabled (32-bit)
 Heap Region Size: 1M
 Heap Min Capacity: 8M
 Heap Initial Capacity: 62M
 Heap Max Capacity: 974M
 Pre-touch: Disabled
 Parallel Workers: 4
 Concurrent Workers: 1
 Concurrent Refinement Workers: 4
 Periodic GC: Disabled

Heap:
 garbage-first heap   total 63488K, used 15167K [0x00000000c3200000, 0x0000000100000000)
  region size 1024K, 17 young (17408K), 2 survivors (2048K)
 Metaspace       used 4684K, committed 4864K, reserved 1114112K
  class space    used 530K, committed 640K, reserved 1048576K

Heap Regions: E=young(eden), S=young(survivor), O=old, HS=humongous(starts), HC=humongous(continues), CS=collection set, F=free, TAMS=top-at-mark-start, PB=parsable bottom
|   0|0x00000000c3200000, 0x00000000c3200000, 0x00000000c3300000|  0%| F|  |TAMS 0x00000000c3200000| PB 0x00000000c3200000| Untracked 
|   1|0x00000000c3300000, 0x00000000c3300000, 0x00000000c3400000|  0%| F|  |TAMS 0x00000000c3300000| PB 0x00000000c3300000| Untracked 
|   2|0x00000000c3400000, 0x00000000c3400000, 0x00000000c3500000|  0%| F|  |TAMS 0x00000000c3400000| PB 0x00000000c3400000| Untracked 
|   3|0x00000000c3500000, 0x00000000c3500000, 0x00000000c3600000|  0%| F|  |TAMS 0x00000000c3500000| PB 0x00000000c3500000| Untracked 
|   4|0x00000000c3600000, 0x00000000c3600000, 0x00000000c3700000|  0%| F|  |TAMS 0x00000000c3600000| PB 0x00000000c3600000| Untracked 
|   5|0x00000000c3700000, 0x00000000c3700000, 0x00000000c3800000|  0%| F|  |TAMS 0x00000000c3700000| PB 0x00000000c3700000| Untracked 
|   6|0x00000000c3800000, 0x00000000c3800000, 0x00000000c3900000|  0%| F|  |TAMS 0x00000000c3800000| PB 0x00000000c3800000| Untracked 
|   7|0x00000000c3900000, 0x00000000c3900000, 0x00000000c3a00000|  0%| F|  |TAMS 0x00000000c3900000| PB 0x00000000c3900000| Untracked 
|   8|0x00000000c3a00000, 0x00000000c3a00000, 0x00000000c3b00000|  0%| F|  |TAMS 0x00000000c3a00000| PB 0x00000000c3a00000| Untracked 
|   9|0x00000000c3b00000, 0x00000000c3b00000, 0x00000000c3c00000|  0%| F|  |TAMS 0x00000000c3b00000| PB 0x00000000c3b00000| Untracked 
|  10|0x00000000c3c00000, 0x00000000c3c00000, 0x00000000c3d00000|  0%| F|  |TAMS 0x00000000c3c00000| PB 0x00000000c3c00000| Untracked 
|  11|0x00000000c3d00000, 0x00000000c3d00000, 0x00000000c3e00000|  0%| F|  |TAMS 0x00000000c3d00000| PB 0x00000000c3d00000| Untracked 
|  12|0x00000000c3e00000, 0x00000000c3e00000, 0x00000000c3f00000|  0%| F|  |TAMS 0x00000000c3e00000| PB 0x00000000c3e00000| Untracked 
|  13|0x00000000c3f00000, 0x00000000c3f00000, 0x00000000c4000000|  0%| F|  |TAMS 0x00000000c3f00000| PB 0x00000000c3f00000| Untracked 
|  14|0x00000000c4000000, 0x00000000c4000000, 0x00000000c4100000|  0%| F|  |TAMS 0x00000000c4000000| PB 0x00000000c4000000| Untracked 
|  15|0x00000000c4100000, 0x00000000c4100000, 0x00000000c4200000|  0%| F|  |TAMS 0x00000000c4100000| PB 0x00000000c4100000| Untracked 
|  16|0x00000000c4200000, 0x00000000c4200000, 0x00000000c4300000|  0%| F|  |TAMS 0x00000000c4200000| PB 0x00000000c4200000| Untracked 
|  17|0x00000000c4300000, 0x00000000c4300000, 0x00000000c4400000|  0%| F|  |TAMS 0x00000000c4300000| PB 0x00000000c4300000| Untracked 
|  18|0x00000000c4400000, 0x00000000c4400000, 0x00000000c4500000|  0%| F|  |TAMS 0x00000000c4400000| PB 0x00000000c4400000| Untracked 
|  19|0x00000000c4500000, 0x00000000c4500000, 0x00000000c4600000|  0%| F|  |TAMS 0x00000000c4500000| PB 0x00000000c4500000| Untracked 
|  20|0x00000000c4600000, 0x00000000c4600000, 0x00000000c4700000|  0%| F|  |TAMS 0x00000000c4600000| PB 0x00000000c4600000| Untracked 
|  21|0x00000000c4700000, 0x00000000c4700000, 0x00000000c4800000|  0%| F|  |TAMS 0x00000000c4700000| PB 0x00000000c4700000| Untracked 
|  22|0x00000000c4800000, 0x00000000c4800000, 0x00000000c4900000|  0%| F|  |TAMS 0x00000000c4800000| PB 0x00000000c4800000| Untracked 
|  23|0x00000000c4900000, 0x00000000c4900000, 0x00000000c4a00000|  0%| F|  |TAMS 0x00000000c4900000| PB 0x00000000c4900000| Untracked 
|  24|0x00000000c4a00000, 0x00000000c4a00000, 0x00000000c4b00000|  0%| F|  |TAMS 0x00000000c4a00000| PB 0x00000000c4a00000| Untracked 
|  25|0x00000000c4b00000, 0x00000000c4b00000, 0x00000000c4c00000|  0%| F|  |TAMS 0x00000000c4b00000| PB 0x00000000c4b00000| Untracked 
|  26|0x00000000c4c00000, 0x00000000c4c00000, 0x00000000c4d00000|  0%| F|  |TAMS 0x00000000c4c00000| PB 0x00000000c4c00000| Untracked 
|  27|0x00000000c4d00000, 0x00000000c4d00000, 0x00000000c4e00000|  0%| F|  |TAMS 0x00000000c4d00000| PB 0x00000000c4d00000| Untracked 
|  28|0x00000000c4e00000, 0x00000000c4e00000, 0x00000000c4f00000|  0%| F|  |TAMS 0x00000000c4e00000| PB 0x00000000c4e00000| Untracked 
|  29|0x00000000c4f00000, 0x00000000c4f00000, 0x00000000c5000000|  0%| F|  |TAMS 0x00000000c4f00000| PB 0x00000000c4f00000| Untracked 
|  30|0x00000000c5000000, 0x00000000c5000000, 0x00000000c5100000|  0%| F|  |TAMS 0x00000000c5000000| PB 0x00000000c5000000| Untracked 
|  31|0x00000000c5100000, 0x00000000c5100000, 0x00000000c5200000|  0%| F|  |TAMS 0x00000000c5100000| PB 0x00000000c5100000| Untracked 
|  32|0x00000000c5200000, 0x00000000c5200000, 0x00000000c5300000|  0%| F|  |TAMS 0x00000000c5200000| PB 0x00000000c5200000| Untracked 
|  33|0x00000000c5300000, 0x00000000c5300000, 0x00000000c5400000|  0%| F|  |TAMS 0x00000000c5300000| PB 0x00000000c5300000| Untracked 
|  34|0x00000000c5400000, 0x00000000c5400000, 0x00000000c5500000|  0%| F|  |TAMS 0x00000000c5400000| PB 0x00000000c5400000| Untracked 
|  35|0x00000000c5500000, 0x00000000c5500000, 0x00000000c5600000|  0%| F|  |TAMS 0x00000000c5500000| PB 0x00000000c5500000| Untracked 
|  36|0x00000000c5600000, 0x00000000c5600000, 0x00000000c5700000|  0%| F|  |TAMS 0x00000000c5600000| PB 0x00000000c5600000| Untracked 
|  37|0x00000000c5700000, 0x00000000c5700000, 0x00000000c5800000|  0%| F|  |TAMS 0x00000000c5700000| PB 0x00000000c5700000| Untracked 
|  38|0x00000000c5800000, 0x00000000c5800000, 0x00000000c5900000|  0%| F|  |TAMS 0x00000000c5800000| PB 0x00000000c5800000| Untracked 
|  39|0x00000000c5900000, 0x00000000c5900000, 0x00000000c5a00000|  0%| F|  |TAMS 0x00000000c5900000| PB 0x00000000c5900000| Untracked 
|  40|0x00000000c5a00000, 0x00000000c5a00000, 0x00000000c5b00000|  0%| F|  |TAMS 0x00000000c5a00000| PB 0x00000000c5a00000| Untracked 
|  41|0x00000000c5b00000, 0x00000000c5b00000, 0x00000000c5c00000|  0%| F|  |TAMS 0x00000000c5b00000| PB 0x00000000c5b00000| Untracked 
|  42|0x00000000c5c00000, 0x00000000c5c00000, 0x00000000c5d00000|  0%| F|  |TAMS 0x00000000c5c00000| PB 0x00000000c5c00000| Untracked 
|  43|0x00000000c5d00000, 0x00000000c5d00000, 0x00000000c5e00000|  0%| F|  |TAMS 0x00000000c5d00000| PB 0x00000000c5d00000| Untracked 
|  44|0x00000000c5e00000, 0x00000000c5e00000, 0x00000000c5f00000|  0%| F|  |TAMS 0x00000000c5e00000| PB 0x00000000c5e00000| Untracked 
|  45|0x00000000c5f00000, 0x00000000c6000000, 0x00000000c6000000|100%| E|  |TAMS 0x00000000c5f00000| PB 0x00000000c5f00000| Complete 
|  46|0x00000000c6000000, 0x00000000c6100000, 0x00000000c6100000|100%| E|CS|TAMS 0x00000000c6000000| PB 0x00000000c6000000| Complete 
|  47|0x00000000c6100000, 0x00000000c61cffc0, 0x00000000c6200000| 81%| S|CS|TAMS 0x00000000c6100000| PB 0x00000000c6100000| Complete 
|  48|0x00000000c6200000, 0x00000000c6300000, 0x00000000c6300000|100%| S|CS|TAMS 0x00000000c6200000| PB 0x00000000c6200000| Complete 
|  49|0x00000000c6300000, 0x00000000c6400000, 0x00000000c6400000|100%| E|CS|TAMS 0x00000000c6300000| PB 0x00000000c6300000| Complete 
|  50|0x00000000c6400000, 0x00000000c6500000, 0x00000000c6500000|100%| E|CS|TAMS 0x00000000c6400000| PB 0x00000000c6400000| Complete 
|  51|0x00000000c6500000, 0x00000000c6600000, 0x00000000c6600000|100%| E|CS|TAMS 0x00000000c6500000| PB 0x00000000c6500000| Complete 
|  52|0x00000000c6600000, 0x00000000c6700000, 0x00000000c6700000|100%| E|CS|TAMS 0x00000000c6600000| PB 0x00000000c6600000| Complete 
|  53|0x00000000c6700000, 0x00000000c6800000, 0x00000000c6800000|100%| E|CS|TAMS 0x00000000c6700000| PB 0x00000000c6700000| Complete 
|  54|0x00000000c6800000, 0x00000000c6900000, 0x00000000c6900000|100%| E|CS|TAMS 0x00000000c6800000| PB 0x00000000c6800000| Complete 
|  55|0x00000000c6900000, 0x00000000c6a00000, 0x00000000c6a00000|100%| E|CS|TAMS 0x00000000c6900000| PB 0x00000000c6900000| Complete 
|  56|0x00000000c6a00000, 0x00000000c6b00000, 0x00000000c6b00000|100%| E|CS|TAMS 0x00000000c6a00000| PB 0x00000000c6a00000| Complete 
|  57|0x00000000c6b00000, 0x00000000c6c00000, 0x00000000c6c00000|100%| E|  |TAMS 0x00000000c6b00000| PB 0x00000000c6b00000| Complete 
|  58|0x00000000c6c00000, 0x00000000c6d00000, 0x00000000c6d00000|100%| E|CS|TAMS 0x00000000c6c00000| PB 0x00000000c6c00000| Complete 
|  59|0x00000000c6d00000, 0x00000000c6e00000, 0x00000000c6e00000|100%| E|CS|TAMS 0x00000000c6d00000| PB 0x00000000c6d00000| Complete 
|  60|0x00000000c6e00000, 0x00000000c6f00000, 0x00000000c6f00000|100%| E|CS|TAMS 0x00000000c6e00000| PB 0x00000000c6e00000| Complete 
|  61|0x00000000c6f00000, 0x00000000c7000000, 0x00000000c7000000|100%| E|CS|TAMS 0x00000000c6f00000| PB 0x00000000c6f00000| Complete 

Card table byte_map: [0x000001df595a0000,0x000001df59790000] _byte_map_base: 0x000001df58f87000

Marking Bits: (CMBitMap*) 0x000001df40134e50
 Bits: [0x000001df59790000, 0x000001df5a6c8000)

Polling page: 0x000001df401c0000

Metaspace:

Usage:
  Non-class:      4.06 MB used.
      Class:    530.54 KB used.
       Both:      4.57 MB used.

Virtual space:
  Non-class space:       64.00 MB reserved,       4.12 MB (  6%) committed,  1 nodes.
      Class space:        1.00 GB reserved,     640.00 KB ( <1%) committed,  1 nodes.
             Both:        1.06 GB reserved,       4.75 MB ( <1%) committed. 

Chunk freelists:
   Non-Class:  9.59 MB
       Class:  15.34 MB
        Both:  24.93 MB

MaxMetaspaceSize: unlimited
CompressedClassSpaceSize: 1.00 GB
Initial GC threshold: 21.00 MB
Current GC threshold: 21.00 MB
CDS: on
 - commit_granule_bytes: 65536.
 - commit_granule_words: 8192.
 - virtual_space_node_default_size: 8388608.
 - enlarge_chunks_in_place: 1.
 - use_allocation_guard: 0.


Internal statistics:

num_allocs_failed_limit: 0.
num_arena_births: 118.
num_arena_deaths: 0.
num_vsnodes_births: 2.
num_vsnodes_deaths: 0.
num_space_committed: 76.
num_space_uncommitted: 0.
num_chunks_returned_to_freelist: 0.
num_chunks_taken_from_freelist: 254.
num_chunk_merges: 0.
num_chunk_splits: 172.
num_chunks_enlarged: 118.
num_inconsistent_stats: 0.

CodeHeap 'non-profiled nmethods': size=120000Kb used=389Kb max_used=389Kb free=119610Kb
 bounds [0x000001df51860000, 0x000001df51ad0000, 0x000001df58d90000]
CodeHeap 'profiled nmethods': size=120000Kb used=1787Kb max_used=1787Kb free=118212Kb
 bounds [0x000001df49d90000, 0x000001df4a000000, 0x000001df512c0000]
CodeHeap 'non-nmethods': size=5760Kb used=1580Kb max_used=1594Kb free=4179Kb
 bounds [0x000001df512c0000, 0x000001df51530000, 0x000001df51860000]
 total_blobs=1623 nmethods=1104 adapters=424
 compilation: enabled
              stopped_count=0, restarted_count=0
 full_count=0

Compilation events (20 events):
Event: 1.158 Thread 0x000001df5cc568d0 nmethod 1099 0x000001df49f4bb90 code [0x000001df49f4bd40, 0x000001df49f4bf70]
Event: 1.161 Thread 0x000001df5cc4f050 nmethod 1082 0x000001df518bfa10 code [0x000001df518bfbe0, 0x000001df518c03a8]
Event: 1.161 Thread 0x000001df5cc4f050 1084       4       sun.util.locale.BaseLocale::getInstance (150 bytes)
Event: 1.161 Thread 0x000001df5cc568d0 1102       3       sun.invoke.util.VerifyAccess::isTypeVisible (47 bytes)
Event: 1.162 Thread 0x000001df5cc568d0 nmethod 1102 0x000001df49f4c010 code [0x000001df49f4c200, 0x000001df49f4c5f8]
Event: 1.169 Thread 0x000001df5cc568d0 1103       3       java.util.regex.Matcher::search (154 bytes)
Event: 1.169 Thread 0x000001df5cc568d0 nmethod 1103 0x000001df49f4c810 code [0x000001df49f4ca00, 0x000001df49f4cf78]
Event: 1.177 Thread 0x000001df5cc568d0 1109       2       java.util.ArrayList::isEmpty (13 bytes)
Event: 1.177 Thread 0x000001df5cc568d0 nmethod 1109 0x000001df49f4d190 code [0x000001df49f4d320, 0x000001df49f4d438]
Event: 1.187 Thread 0x000001df5cc568d0 1113       1       java.lang.invoke.DirectMethodHandle::isCrackable (5 bytes)
Event: 1.187 Thread 0x000001df5cc568d0 nmethod 1113 0x000001df518c0790 code [0x000001df518c0920, 0x000001df518c09f0]
Event: 1.187 Thread 0x000001df5cc568d0 1114       2       jdk.internal.misc.CDS::isDumpingArchive (4 bytes)
Event: 1.187 Thread 0x000001df5cc568d0 nmethod 1114 0x000001df49f4d510 code [0x000001df49f4d6a0, 0x000001df49f4d788]
Event: 1.193 Thread 0x000001df5cc568d0 1118       2       jdk.internal.org.objectweb.asm.AnnotationWriter::computeAnnotationsSize (66 bytes)
Event: 1.193 Thread 0x000001df5cc568d0 nmethod 1118 0x000001df49f4d810 code [0x000001df49f4d9e0, 0x000001df49f4dbe0]
Event: 1.193 Thread 0x000001df5cc568d0 1119       2       java.util.ArrayList::grow (60 bytes)
Event: 1.194 Thread 0x000001df5cc568d0 nmethod 1119 0x000001df49f4dd90 code [0x000001df49f4df60, 0x000001df49f4e2b8]
Event: 1.195 Thread 0x000001df5cc568d0 1120       2       java.lang.invoke.AbstractValidatingLambdaMetafactory::isAdaptableTo (126 bytes)
Event: 1.195 Thread 0x000001df5cc568d0 nmethod 1120 0x000001df49f4e410 code [0x000001df49f4e660, 0x000001df49f4eac0]
Event: 1.199 Thread 0x000001df5cc568d0 1121       2       java.lang.invoke.TypeConvertingMethodAdapter::descriptorToName (36 bytes)

GC Heap History (2 events):
Event: 0.765 GC heap before
{Heap before GC invocations=0 (full 0):
 garbage-first heap   total 63488K, used 12288K [0x00000000c3200000, 0x0000000100000000)
  region size 1024K, 13 young (13312K), 0 survivors (0K)
 Metaspace       used 1867K, committed 2048K, reserved 1114112K
  class space    used 182K, committed 256K, reserved 1048576K
}
Event: 0.768 GC heap after
{Heap after GC invocations=1 (full 0):
 garbage-first heap   total 63488K, used 1855K [0x00000000c3200000, 0x0000000100000000)
  region size 1024K, 2 young (2048K), 2 survivors (2048K)
 Metaspace       used 1867K, committed 2048K, reserved 1114112K
  class space    used 182K, committed 256K, reserved 1048576K
}

Dll operation events (20 events):
Event: 0.660 Loaded shared library C:\Users\USER\.openjfx\cache\23.0.1+4\amd64\api-ms-win-crt-heap-l1-1-0.dll
Event: 0.664 Loaded shared library C:\Users\USER\.openjfx\cache\23.0.1+4\amd64\api-ms-win-crt-locale-l1-1-0.dll
Event: 0.669 Loaded shared library C:\Users\USER\.openjfx\cache\23.0.1+4\amd64\api-ms-win-crt-math-l1-1-0.dll
Event: 0.671 Loaded shared library C:\Users\USER\.openjfx\cache\23.0.1+4\amd64\api-ms-win-crt-multibyte-l1-1-0.dll
Event: 0.675 Loaded shared library C:\Users\USER\.openjfx\cache\23.0.1+4\amd64\api-ms-win-crt-private-l1-1-0.dll
Event: 0.679 Loaded shared library C:\Users\USER\.openjfx\cache\23.0.1+4\amd64\api-ms-win-crt-process-l1-1-0.dll
Event: 0.684 Loaded shared library C:\Users\USER\.openjfx\cache\23.0.1+4\amd64\api-ms-win-crt-runtime-l1-1-0.dll
Event: 0.686 Loaded shared library C:\Users\USER\.openjfx\cache\23.0.1+4\amd64\api-ms-win-crt-stdio-l1-1-0.dll
Event: 0.690 Loaded shared library C:\Users\USER\.openjfx\cache\23.0.1+4\amd64\api-ms-win-crt-string-l1-1-0.dll
Event: 0.693 Loaded shared library C:\Users\USER\.openjfx\cache\23.0.1+4\amd64\api-ms-win-crt-time-l1-1-0.dll
Event: 0.696 Loaded shared library C:\Users\USER\.openjfx\cache\23.0.1+4\amd64\api-ms-win-crt-utility-l1-1-0.dll
Event: 0.713 Loaded shared library C:\Users\USER\.openjfx\cache\23.0.1+4\amd64\ucrtbase.dll
Event: 0.724 Loaded shared library C:\Users\USER\.openjfx\cache\23.0.1+4\amd64\vcruntime140.dll
Event: 0.729 Loaded shared library C:\Users\USER\.openjfx\cache\23.0.1+4\amd64\vcruntime140_1.dll
Event: 0.738 Loaded shared library C:\Users\USER\.openjfx\cache\23.0.1+4\amd64\msvcp140.dll
Event: 0.745 Loaded shared library C:\Users\USER\.openjfx\cache\23.0.1+4\amd64\msvcp140_1.dll
Event: 0.755 Loaded shared library C:\Users\USER\.openjfx\cache\23.0.1+4\amd64\msvcp140_2.dll
Event: 0.833 Loaded shared library C:\Users\USER\.openjfx\cache\23.0.1+4\amd64\prism_d3d.dll
Event: 0.949 Loaded shared library C:\Users\USER\.openjfx\cache\23.0.1+4\amd64\glass.dll
Event: 1.106 Loaded shared library C:\Program Files\Java\jdk-21\bin\jimage.dll

Deoptimization events (20 events):
Event: 0.938 Thread 0x000001df400ff890 Uncommon trap: trap_request=0xffffffc6 fr.pc=0x000001df518ae844 relative=0x0000000000000c44
Event: 0.938 Thread 0x000001df400ff890 Uncommon trap: reason=bimorphic_or_optimized_type_check action=maybe_recompile pc=0x000001df518ae844 method=java.util.HashMap.putVal(ILjava/lang/Object;Ljava/lang/Object;ZZ)Ljava/lang/Object; @ 56 c2
Event: 0.938 Thread 0x000001df400ff890 DEOPT PACKING pc=0x000001df518ae844 sp=0x000000559b9fd3c0
Event: 0.938 Thread 0x000001df400ff890 DEOPT UNPACKING pc=0x000001df51317da2 sp=0x000000559b9fd348 mode 2
Event: 0.938 Thread 0x000001df400ff890 Uncommon trap: trap_request=0xffffffc6 fr.pc=0x000001df518ae844 relative=0x0000000000000c44
Event: 0.938 Thread 0x000001df400ff890 Uncommon trap: reason=bimorphic_or_optimized_type_check action=maybe_recompile pc=0x000001df518ae844 method=java.util.HashMap.putVal(ILjava/lang/Object;Ljava/lang/Object;ZZ)Ljava/lang/Object; @ 56 c2
Event: 0.938 Thread 0x000001df400ff890 DEOPT PACKING pc=0x000001df518ae844 sp=0x000000559b9fd3c0
Event: 0.938 Thread 0x000001df400ff890 DEOPT UNPACKING pc=0x000001df51317da2 sp=0x000000559b9fd348 mode 2
Event: 0.938 Thread 0x000001df400ff890 Uncommon trap: trap_request=0xffffffc6 fr.pc=0x000001df518ae844 relative=0x0000000000000c44
Event: 0.938 Thread 0x000001df400ff890 Uncommon trap: reason=bimorphic_or_optimized_type_check action=maybe_recompile pc=0x000001df518ae844 method=java.util.HashMap.putVal(ILjava/lang/Object;Ljava/lang/Object;ZZ)Ljava/lang/Object; @ 56 c2
Event: 0.938 Thread 0x000001df400ff890 DEOPT PACKING pc=0x000001df518ae844 sp=0x000000559b9fd3c0
Event: 0.938 Thread 0x000001df400ff890 DEOPT UNPACKING pc=0x000001df51317da2 sp=0x000000559b9fd348 mode 2
Event: 0.938 Thread 0x000001df400ff890 Uncommon trap: trap_request=0xffffffc6 fr.pc=0x000001df518ae844 relative=0x0000000000000c44
Event: 0.938 Thread 0x000001df400ff890 Uncommon trap: reason=bimorphic_or_optimized_type_check action=maybe_recompile pc=0x000001df518ae844 method=java.util.HashMap.putVal(ILjava/lang/Object;Ljava/lang/Object;ZZ)Ljava/lang/Object; @ 56 c2
Event: 0.938 Thread 0x000001df400ff890 DEOPT PACKING pc=0x000001df518ae844 sp=0x000000559b9fd3c0
Event: 0.938 Thread 0x000001df400ff890 DEOPT UNPACKING pc=0x000001df51317da2 sp=0x000000559b9fd348 mode 2
Event: 1.161 Thread 0x000001dfa2847c70 Uncommon trap: trap_request=0xffffff45 fr.pc=0x000001df518bc040 relative=0x0000000000000620
Event: 1.161 Thread 0x000001dfa2847c70 Uncommon trap: reason=unstable_if action=reinterpret pc=0x000001df518bc040 method=java.util.regex.Pattern$Start.match(Ljava/util/regex/Matcher;ILjava/lang/CharSequence;)Z @ 10 c2
Event: 1.161 Thread 0x000001dfa2847c70 DEOPT PACKING pc=0x000001df518bc040 sp=0x000000559d0fa4b0
Event: 1.161 Thread 0x000001dfa2847c70 DEOPT UNPACKING pc=0x000001df51317da2 sp=0x000000559d0fa420 mode 2

Classes loaded (20 events):
Event: 1.166 Loading class java/util/stream/AbstractSpinedBuffer
Event: 1.167 Loading class java/util/stream/AbstractSpinedBuffer done
Event: 1.167 Loading class java/util/stream/SpinedBuffer done
Event: 1.167 Loading class java/util/stream/Nodes$SpinedNodeBuilder done
Event: 1.167 Loading class java/util/stream/DistinctOps$1$2
Event: 1.167 Loading class java/util/stream/DistinctOps$1$2 done
Event: 1.168 Loading class sun/util/locale/provider/CurrencyNameProviderImpl
Event: 1.169 Loading class sun/util/locale/provider/CurrencyNameProviderImpl done
Event: 1.175 Loading class sun/util/locale/provider/LocaleNameProviderImpl
Event: 1.175 Loading class sun/util/locale/provider/LocaleNameProviderImpl done
Event: 1.182 Loading class sun/util/cldr/CLDRTimeZoneNameProviderImpl
Event: 1.182 Loading class sun/util/locale/provider/TimeZoneNameProviderImpl
Event: 1.182 Loading class sun/util/locale/provider/TimeZoneNameProviderImpl done
Event: 1.183 Loading class sun/util/cldr/CLDRTimeZoneNameProviderImpl done
Event: 1.197 Loading class java/util/ImmutableCollections$Access
Event: 1.198 Loading class java/util/ImmutableCollections$Access done
Event: 1.198 Loading class java/util/ImmutableCollections$Access$1
Event: 1.198 Loading class jdk/internal/access/JavaUtilCollectionAccess
Event: 1.198 Loading class jdk/internal/access/JavaUtilCollectionAccess done
Event: 1.198 Loading class java/util/ImmutableCollections$Access$1 done

Classes unloaded (0 events):
No events

Classes redefined (0 events):
No events

Internal exceptions (12 events):
Event: 0.228 Thread 0x000001df400ff890 Exception <a 'java/lang/NoSuchMethodError'{0x00000000c69fa0c8}: 'void java.lang.invoke.DirectMethodHandle$Holder.invokeStatic(java.lang.Object, java.lang.Object, java.lang.Object, java.lang.Object)'> (0x00000000c69fa0c8) 
thrown [s\open\src\hotspot\share\interpreter\linkResolver.cpp, line 773]
Event: 0.229 Thread 0x000001df400ff890 Exception <a 'java/lang/NoSuchMethodError'{0x00000000c69fde10}: 'void java.lang.invoke.DirectMethodHandle$Holder.invokeSpecial(java.lang.Object, java.lang.Object, java.lang.Object, java.lang.Object, java.lang.Object)'> (0x00000000c69fde10) 
thrown [s\open\src\hotspot\share\interpreter\linkResolver.cpp, line 773]
Event: 0.234 Thread 0x000001df400ff890 Exception <a 'java/lang/NoSuchMethodError'{0x00000000c68615a0}: 'java.lang.Object java.lang.invoke.Invokers$Holder.invokeExact_MT(java.lang.Object, java.lang.Object, java.lang.Object, java.lang.Object, java.lang.Object, java.lang.Object)'> (0x00000000c68615a0) 
thrown [s\open\src\hotspot\share\interpreter\linkResolver.cpp, line 773]
Event: 0.236 Thread 0x000001df400ff890 Exception <a 'java/lang/NoSuchMethodError'{0x00000000c6866148}: 'void java.lang.invoke.DirectMethodHandle$Holder.invokeStatic(java.lang.Object, java.lang.Object)'> (0x00000000c6866148) 
thrown [s\open\src\hotspot\share\interpreter\linkResolver.cpp, line 773]
Event: 0.787 Thread 0x000001df400ff890 Exception <a 'java/lang/NoSuchMethodError'{0x00000000c6e511a8}: 'void java.lang.invoke.DirectMethodHandle$Holder.invokeSpecial(java.lang.Object, java.lang.Object, java.lang.Object)'> (0x00000000c6e511a8) 
thrown [s\open\src\hotspot\share\interpreter\linkResolver.cpp, line 773]
Event: 0.803 Thread 0x000001df400ff890 Exception <a 'java/lang/NoSuchMethodError'{0x00000000c6e8cb00}: 'void java.lang.invoke.DirectMethodHandle$Holder.invokeStatic(java.lang.Object, java.lang.Object, java.lang.Object)'> (0x00000000c6e8cb00) 
thrown [s\open\src\hotspot\share\interpreter\linkResolver.cpp, line 773]
Event: 0.921 Thread 0x000001df400ff890 Exception <a 'java/lang/NoSuchMethodError'{0x00000000c6ead810}: 'int java.lang.invoke.DirectMethodHandle$Holder.invokeStaticInit(java.lang.Object, java.lang.Object, java.lang.Object)'> (0x00000000c6ead810) 
thrown [s\open\src\hotspot\share\interpreter\linkResolver.cpp, line 773]
Event: 0.953 Thread 0x000001df400ff890 Exception <a 'java/lang/NoSuchMethodError'{0x00000000c6c11a78}: 'java.lang.Object java.lang.invoke.DirectMethodHandle$Holder.newInvokeSpecial(java.lang.Object, java.lang.Object, int, java.lang.Object)'> (0x00000000c6c11a78) 
thrown [s\open\src\hotspot\share\interpreter\linkResolver.cpp, line 773]
Event: 0.953 Thread 0x000001df400ff890 Exception <a 'java/lang/NoSuchMethodError'{0x00000000c6c15c10}: 'java.lang.Object java.lang.invoke.DirectMethodHandle$Holder.invokeSpecial(java.lang.Object, java.lang.Object, java.lang.Object, int, java.lang.Object)'> (0x00000000c6c15c10) 
thrown [s\open\src\hotspot\share\interpreter\linkResolver.cpp, line 773]
Event: 1.059 Thread 0x000001dfa2847c70 Exception <a 'java/lang/NoSuchMethodError'{0x00000000c69795e0}: 'void java.lang.invoke.DirectMethodHandle$Holder.invokeStaticInit(java.lang.Object)'> (0x00000000c69795e0) 
thrown [s\open\src\hotspot\share\interpreter\linkResolver.cpp, line 773]
Event: 1.066 Thread 0x000001df400ff890 Exception <a 'java/lang/NoSuchMethodError'{0x00000000c6c28f10}: 'java.lang.Object java.lang.invoke.DirectMethodHandle$Holder.newInvokeSpecial(java.lang.Object, java.lang.Object, java.lang.Object, java.lang.Object, java.lang.Object, java.lang.Object)'> (0x00000000c6c28f10) 
thrown [s\open\src\hotspot\share\interpreter\linkResolver.cpp, line 773]
Event: 1.073 Thread 0x000001df400ff890 Exception <a 'java/lang/NoSuchMethodError'{0x00000000c68179b8}: 'java.lang.Object java.lang.invoke.DirectMethodHandle$Holder.newInvokeSpecial(java.lang.Object, java.lang.Object, java.lang.Object, java.lang.Object, java.lang.Object)'> (0x00000000c68179b8) 
thrown [s\open\src\hotspot\share\interpreter\linkResolver.cpp, line 773]

ZGC Phase Switch (0 events):
No events

VM Operations (10 events):
Event: 0.104 Executing VM operation: HandshakeAllThreads (Deoptimize)
Event: 0.104 Executing VM operation: HandshakeAllThreads (Deoptimize) done
Event: 0.171 Executing VM operation: HandshakeAllThreads (Deoptimize)
Event: 0.171 Executing VM operation: HandshakeAllThreads (Deoptimize) done
Event: 0.765 Executing VM operation: G1CollectForAllocation (G1 Evacuation Pause)
Event: 0.768 Executing VM operation: G1CollectForAllocation (G1 Evacuation Pause) done
Event: 0.937 Executing VM operation: HandshakeAllThreads (Deoptimize)
Event: 0.937 Executing VM operation: HandshakeAllThreads (Deoptimize) done
Event: 1.118 Executing VM operation: HandshakeAllThreads (Deoptimize)
Event: 1.118 Executing VM operation: HandshakeAllThreads (Deoptimize) done

Events (16 events):
Event: 0.020 Thread 0x000001df400ff890 Thread added: 0x000001df400ff890
Event: 0.032 Thread 0x000001df5cc417f0 Thread added: 0x000001df5cc417f0
Event: 0.032 Thread 0x000001df5cc427f0 Thread added: 0x000001df5cc427f0
Event: 0.033 Thread 0x000001df5cc48080 Thread added: 0x000001df5cc48080
Event: 0.033 Thread 0x000001df5cc4abd0 Thread added: 0x000001df5cc4abd0
Event: 0.033 Thread 0x000001df5cc4beb0 Thread added: 0x000001df5cc4beb0
Event: 0.033 Thread 0x000001df5cc4c9f0 Thread added: 0x000001df5cc4c9f0
Event: 0.033 Thread 0x000001df5cc4f050 Thread added: 0x000001df5cc4f050
Event: 0.033 Thread 0x000001df5cc568d0 Thread added: 0x000001df5cc568d0
Event: 0.066 Thread 0x000001dfa204a0e0 Thread added: 0x000001dfa204a0e0
Event: 0.202 Thread 0x000001dfa22c38b0 Thread added: 0x000001dfa22c38b0
Event: 0.804 Thread 0x000001dfa25ac490 Thread added: 0x000001dfa25ac490
Event: 0.951 Thread 0x000001dfa282a7e0 Thread added: 0x000001dfa282a7e0
Event: 0.954 Thread 0x000001dfa2847c70 Thread added: 0x000001dfa2847c70
Event: 1.073 Thread 0x000001dfa2a67040 Thread added: 0x000001dfa2a67040
Event: 1.084 Thread 0x000001dfa2b66f70 Thread added: 0x000001dfa2b66f70


Dynamic libraries:
0x00007ff71ef00000 - 0x00007ff71ef10000 	C:\Program Files\Java\jdk-21\bin\java.exe
0x00007fff07850000 - 0x00007fff07a67000 	C:\WINDOWS\SYSTEM32\ntdll.dll
0x00007fff06180000 - 0x00007fff06244000 	C:\WINDOWS\System32\KERNEL32.DLL
0x00007fff04d00000 - 0x00007fff050ba000 	C:\WINDOWS\System32\KERNELBASE.dll
0x00007fff05410000 - 0x00007fff05521000 	C:\WINDOWS\System32\ucrtbase.dll
0x00007ffefe3a0000 - 0x00007ffefe3bb000 	C:\Program Files\Java\jdk-21\bin\VCRUNTIME140.dll
0x00007ffef3a60000 - 0x00007ffef3a79000 	C:\Program Files\Java\jdk-21\bin\jli.dll
0x00007fff05850000 - 0x00007fff05902000 	C:\WINDOWS\System32\ADVAPI32.dll
0x00007fff07220000 - 0x00007fff072c7000 	C:\WINDOWS\System32\msvcrt.dll
0x00007fff06250000 - 0x00007fff062f7000 	C:\WINDOWS\System32\sechost.dll
0x00007fff05530000 - 0x00007fff05558000 	C:\WINDOWS\System32\bcrypt.dll
0x00007fff06000000 - 0x00007fff06114000 	C:\WINDOWS\System32\RPCRT4.dll
0x00007fff05c30000 - 0x00007fff05dde000 	C:\WINDOWS\System32\USER32.dll
0x00007ffef05f0000 - 0x00007ffef0882000 	C:\WINDOWS\WinSxS\amd64_microsoft.windows.common-controls_6595b64144ccf1df_6.0.22621.4541_none_2710d1c57384c085\COMCTL32.dll
0x00007fff04b30000 - 0x00007fff04b56000 	C:\WINDOWS\System32\win32u.dll
0x00007fff072d0000 - 0x00007fff072f9000 	C:\WINDOWS\System32\GDI32.dll
0x00007fff04b60000 - 0x00007fff04c7b000 	C:\WINDOWS\System32\gdi32full.dll
0x00007fff050c0000 - 0x00007fff0515a000 	C:\WINDOWS\System32\msvcp_win.dll
0x00007ffefbd50000 - 0x00007ffefbd5a000 	C:\WINDOWS\SYSTEM32\VERSION.dll
0x00007fff05700000 - 0x00007fff05731000 	C:\WINDOWS\System32\IMM32.DLL
0x00007ffef39a0000 - 0x00007ffef39ac000 	C:\Program Files\Java\jdk-21\bin\vcruntime140_1.dll
0x00007ffeb6630000 - 0x00007ffeb66be000 	C:\Program Files\Java\jdk-21\bin\msvcp140.dll
0x00007ffeaaff0000 - 0x00007ffeabd08000 	C:\Program Files\Java\jdk-21\bin\server\jvm.dll
0x00007fff05600000 - 0x00007fff05671000 	C:\WINDOWS\System32\WS2_32.dll
0x00007fff04a00000 - 0x00007fff04a4d000 	C:\WINDOWS\SYSTEM32\POWRPROF.dll
0x00007ffefcd10000 - 0x00007ffefcd44000 	C:\WINDOWS\SYSTEM32\WINMM.dll
0x00007fff049e0000 - 0x00007fff049f3000 	C:\WINDOWS\SYSTEM32\UMPDC.dll
0x00007fff03b70000 - 0x00007fff03b88000 	C:\WINDOWS\SYSTEM32\kernel.appcore.dll
0x00007ffef3950000 - 0x00007ffef395a000 	C:\Program Files\Java\jdk-21\bin\jimage.dll
0x00007fff02360000 - 0x00007fff02592000 	C:\WINDOWS\SYSTEM32\DBGHELP.DLL
0x00007fff06400000 - 0x00007fff0678f000 	C:\WINDOWS\System32\combase.dll
0x00007fff07030000 - 0x00007fff07107000 	C:\WINDOWS\System32\OLEAUT32.dll
0x00007ffee65b0000 - 0x00007ffee65e2000 	C:\WINDOWS\SYSTEM32\dbgcore.DLL
0x00007fff05160000 - 0x00007fff051db000 	C:\WINDOWS\System32\bcryptPrimitives.dll
0x00007ffec7f90000 - 0x00007ffec7faf000 	C:\Program Files\Java\jdk-21\bin\java.dll
0x00007fff06790000 - 0x00007fff07008000 	C:\WINDOWS\System32\SHELL32.dll
0x00007fff02a70000 - 0x00007fff03378000 	C:\WINDOWS\SYSTEM32\windows.storage.dll
0x00007fff02930000 - 0x00007fff02a6f000 	C:\WINDOWS\SYSTEM32\wintypes.dll
0x00007fff05740000 - 0x00007fff0583a000 	C:\WINDOWS\System32\SHCORE.dll
0x00007fff05fa0000 - 0x00007fff05ffe000 	C:\WINDOWS\System32\shlwapi.dll
0x00007fff04a60000 - 0x00007fff04a8b000 	C:\WINDOWS\SYSTEM32\profapi.dll
0x00007ffeb8910000 - 0x00007ffeb89e7000 	C:\Program Files\Java\jdk-21\bin\jsvml.dll
0x00007ffeee740000 - 0x00007ffeee750000 	C:\Program Files\Java\jdk-21\bin\net.dll
0x00007ffefe860000 - 0x00007ffefe996000 	C:\WINDOWS\SYSTEM32\WINHTTP.dll
0x00007fff03ff0000 - 0x00007fff04059000 	C:\WINDOWS\system32\mswsock.dll
0x00007ffec7f70000 - 0x00007ffec7f86000 	C:\Program Files\Java\jdk-21\bin\nio.dll
0x00007ffec7f50000 - 0x00007ffec7f68000 	C:\Program Files\Java\jdk-21\bin\zip.dll
0x000001df5ce20000 - 0x000001df5ce23000 	C:\Users\USER\.openjfx\cache\23.0.1+4\amd64\api-ms-win-core-console-l1-1-0.dll
0x000001df5ce30000 - 0x000001df5ce33000 	C:\Users\USER\.openjfx\cache\23.0.1+4\amd64\api-ms-win-core-console-l1-2-0.dll
0x000001df5ce40000 - 0x000001df5ce43000 	C:\Users\USER\.openjfx\cache\23.0.1+4\amd64\api-ms-win-core-datetime-l1-1-0.dll
0x000001df5ce50000 - 0x000001df5ce53000 	C:\Users\USER\.openjfx\cache\23.0.1+4\amd64\api-ms-win-core-debug-l1-1-0.dll
0x000001df5ce60000 - 0x000001df5ce63000 	C:\Users\USER\.openjfx\cache\23.0.1+4\amd64\api-ms-win-core-errorhandling-l1-1-0.dll
0x000001df5ce70000 - 0x000001df5ce74000 	C:\Users\USER\.openjfx\cache\23.0.1+4\amd64\api-ms-win-core-file-l1-1-0.dll
0x000001df5ce80000 - 0x000001df5ce83000 	C:\Users\USER\.openjfx\cache\23.0.1+4\amd64\api-ms-win-core-file-l1-2-0.dll
0x000001df5ce90000 - 0x000001df5ce93000 	C:\Users\USER\.openjfx\cache\23.0.1+4\amd64\api-ms-win-core-file-l2-1-0.dll
0x000001df5cea0000 - 0x000001df5cea3000 	C:\Users\USER\.openjfx\cache\23.0.1+4\amd64\api-ms-win-core-handle-l1-1-0.dll
0x000001df5ceb0000 - 0x000001df5ceb3000 	C:\Users\USER\.openjfx\cache\23.0.1+4\amd64\api-ms-win-core-heap-l1-1-0.dll
0x000001df5cec0000 - 0x000001df5cec3000 	C:\Users\USER\.openjfx\cache\23.0.1+4\amd64\api-ms-win-core-interlocked-l1-1-0.dll
0x000001df5ced0000 - 0x000001df5ced3000 	C:\Users\USER\.openjfx\cache\23.0.1+4\amd64\api-ms-win-core-libraryloader-l1-1-0.dll
0x000001df5cee0000 - 0x000001df5cee3000 	C:\Users\USER\.openjfx\cache\23.0.1+4\amd64\api-ms-win-core-localization-l1-2-0.dll
0x000001df5cef0000 - 0x000001df5cef3000 	C:\Users\USER\.openjfx\cache\23.0.1+4\amd64\api-ms-win-core-memory-l1-1-0.dll
0x000001df5cf00000 - 0x000001df5cf03000 	C:\Users\USER\.openjfx\cache\23.0.1+4\amd64\api-ms-win-core-namedpipe-l1-1-0.dll
0x000001df5cf10000 - 0x000001df5cf13000 	C:\Users\USER\.openjfx\cache\23.0.1+4\amd64\api-ms-win-core-processenvironment-l1-1-0.dll
0x000001df5cf20000 - 0x000001df5cf23000 	C:\Users\USER\.openjfx\cache\23.0.1+4\amd64\api-ms-win-core-processthreads-l1-1-0.dll
0x000001df5cf30000 - 0x000001df5cf33000 	C:\Users\USER\.openjfx\cache\23.0.1+4\amd64\api-ms-win-core-processthreads-l1-1-1.dll
0x000001df5cf40000 - 0x000001df5cf43000 	C:\Users\USER\.openjfx\cache\23.0.1+4\amd64\api-ms-win-core-profile-l1-1-0.dll
0x000001df5cf50000 - 0x000001df5cf53000 	C:\Users\USER\.openjfx\cache\23.0.1+4\amd64\api-ms-win-core-rtlsupport-l1-1-0.dll
0x000001df5cf60000 - 0x000001df5cf63000 	C:\Users\USER\.openjfx\cache\23.0.1+4\amd64\api-ms-win-core-string-l1-1-0.dll
0x000001df5cf70000 - 0x000001df5cf73000 	C:\Users\USER\.openjfx\cache\23.0.1+4\amd64\api-ms-win-core-synch-l1-1-0.dll
0x000001df5cf80000 - 0x000001df5cf83000 	C:\Users\USER\.openjfx\cache\23.0.1+4\amd64\api-ms-win-core-synch-l1-2-0.dll
0x000001df5cf90000 - 0x000001df5cf93000 	C:\Users\USER\.openjfx\cache\23.0.1+4\amd64\api-ms-win-core-sysinfo-l1-1-0.dll
0x000001df5cfa0000 - 0x000001df5cfa3000 	C:\Users\USER\.openjfx\cache\23.0.1+4\amd64\api-ms-win-core-timezone-l1-1-0.dll
0x000001df5cfb0000 - 0x000001df5cfb3000 	C:\Users\USER\.openjfx\cache\23.0.1+4\amd64\api-ms-win-core-util-l1-1-0.dll
0x000001df5cfc0000 - 0x000001df5cfc3000 	C:\Users\USER\.openjfx\cache\23.0.1+4\amd64\api-ms-win-crt-conio-l1-1-0.dll
0x000001df5cfd0000 - 0x000001df5cfd4000 	C:\Users\USER\.openjfx\cache\23.0.1+4\amd64\api-ms-win-crt-convert-l1-1-0.dll
0x000001df5cfe0000 - 0x000001df5cfe3000 	C:\Users\USER\.openjfx\cache\23.0.1+4\amd64\api-ms-win-crt-environment-l1-1-0.dll
0x000001df5cff0000 - 0x000001df5cff3000 	C:\Users\USER\.openjfx\cache\23.0.1+4\amd64\api-ms-win-crt-filesystem-l1-1-0.dll
0x000001dfa2c00000 - 0x000001dfa2c03000 	C:\Users\USER\.openjfx\cache\23.0.1+4\amd64\api-ms-win-crt-heap-l1-1-0.dll
0x000001dfa2c10000 - 0x000001dfa2c13000 	C:\Users\USER\.openjfx\cache\23.0.1+4\amd64\api-ms-win-crt-locale-l1-1-0.dll
0x000001dfa2c20000 - 0x000001dfa2c25000 	C:\Users\USER\.openjfx\cache\23.0.1+4\amd64\api-ms-win-crt-math-l1-1-0.dll
0x000001dfa2c30000 - 0x000001dfa2c35000 	C:\Users\USER\.openjfx\cache\23.0.1+4\amd64\api-ms-win-crt-multibyte-l1-1-0.dll
0x000001dfa2c40000 - 0x000001dfa2c50000 	C:\Users\USER\.openjfx\cache\23.0.1+4\amd64\api-ms-win-crt-private-l1-1-0.dll
0x000001dfa2c50000 - 0x000001dfa2c53000 	C:\Users\USER\.openjfx\cache\23.0.1+4\amd64\api-ms-win-crt-process-l1-1-0.dll
0x000001dfa2c60000 - 0x000001dfa2c64000 	C:\Users\USER\.openjfx\cache\23.0.1+4\amd64\api-ms-win-crt-runtime-l1-1-0.dll
0x000001dfa2c70000 - 0x000001dfa2c74000 	C:\Users\USER\.openjfx\cache\23.0.1+4\amd64\api-ms-win-crt-stdio-l1-1-0.dll
0x000001dfa2c80000 - 0x000001dfa2c84000 	C:\Users\USER\.openjfx\cache\23.0.1+4\amd64\api-ms-win-crt-string-l1-1-0.dll
0x000001dfa2c90000 - 0x000001dfa2c93000 	C:\Users\USER\.openjfx\cache\23.0.1+4\amd64\api-ms-win-crt-time-l1-1-0.dll
0x000001dfa2ca0000 - 0x000001dfa2ca3000 	C:\Users\USER\.openjfx\cache\23.0.1+4\amd64\api-ms-win-crt-utility-l1-1-0.dll
0x00007ffec6540000 - 0x00007ffec663c000 	C:\Users\USER\.openjfx\cache\23.0.1+4\amd64\ucrtbase.dll
0x00007ffefe380000 - 0x00007ffefe39b000 	C:\Users\USER\.openjfx\cache\23.0.1+4\amd64\vcruntime140.dll
0x00007ffee3dc0000 - 0x00007ffee3dcc000 	C:\Users\USER\.openjfx\cache\23.0.1+4\amd64\vcruntime140_1.dll
0x00007ffec8120000 - 0x00007ffec81ae000 	C:\Users\USER\.openjfx\cache\23.0.1+4\amd64\msvcp140.dll
0x00007ffee3db0000 - 0x00007ffee3db9000 	C:\Users\USER\.openjfx\cache\23.0.1+4\amd64\msvcp140_1.dll
0x00007ffec9560000 - 0x00007ffec95a1000 	C:\Users\USER\.openjfx\cache\23.0.1+4\amd64\msvcp140_2.dll
0x00007ffee0840000 - 0x00007ffee0870000 	C:\Users\USER\.openjfx\cache\23.0.1+4\amd64\prism_d3d.dll
0x00007ffe84900000 - 0x00007ffe84aa8000 	C:\WINDOWS\system32\d3d9.dll
0x00007fff01d50000 - 0x00007fff01d7b000 	C:\WINDOWS\SYSTEM32\dwmapi.dll
0x00007fff01ec0000 - 0x00007fff01ef7000 	C:\WINDOWS\SYSTEM32\dxcore.dll
0x00007fff01b10000 - 0x00007fff01bc1000 	C:\WINDOWS\system32\uxtheme.dll
0x00007ffebf380000 - 0x00007ffebf5ef000 	C:\WINDOWS\System32\DriverStore\FileRepository\iigd_dch.inf_amd64_03e2a5c7c3b3fa7c\igdumdim64.dll
0x00007fff05a80000 - 0x00007fff05c25000 	C:\WINDOWS\System32\ole32.dll
0x00007ffea6a20000 - 0x00007ffea7f43000 	C:\WINDOWS\System32\DriverStore\FileRepository\iigd_dch.inf_amd64_03e2a5c7c3b3fa7c\igd9dxva64.dll
0x00007fff07390000 - 0x00007fff07804000 	C:\WINDOWS\System32\SETUPAPI.dll
0x00007fff04710000 - 0x00007fff0475e000 	C:\WINDOWS\SYSTEM32\cfgmgr32.dll
0x00007ffe9b1e0000 - 0x00007ffe9cf0b000 	C:\WINDOWS\System32\DriverStore\FileRepository\iigd_dch.inf_amd64_03e2a5c7c3b3fa7c\media_bin_64.dll
0x00007ffef8c20000 - 0x00007ffef905f000 	C:\WINDOWS\System32\DriverStore\FileRepository\iigd_dch.inf_amd64_03e2a5c7c3b3fa7c\igdgmm64.dll
0x00007ffefd1e0000 - 0x00007ffefd229000 	C:\WINDOWS\SYSTEM32\directxdatabasehelper.dll
0x00007ffec8030000 - 0x00007ffec8075000 	C:\Users\USER\.openjfx\cache\23.0.1+4\amd64\glass.dll
0x00007fff06300000 - 0x00007fff06400000 	C:\WINDOWS\System32\COMDLG32.dll
0x00007fff05910000 - 0x00007fff05a71000 	C:\WINDOWS\System32\MSCTF.dll
0x00007ffefdbb0000 - 0x00007ffefdbd7000 	C:\WINDOWS\System32\DriverStore\FileRepository\iigd_dch.inf_amd64_03e2a5c7c3b3fa7c\igdinfo64.dll
0x00007fff04240000 - 0x00007fff0425b000 	C:\WINDOWS\SYSTEM32\CRYPTSP.dll
0x00007fff03ad0000 - 0x00007fff03b05000 	C:\WINDOWS\system32\rsaenh.dll
0x00007fff04260000 - 0x00007fff0426c000 	C:\WINDOWS\SYSTEM32\CRYPTBASE.dll
0x00007ffef8ba0000 - 0x00007ffef8bc4000 	C:\WINDOWS\System32\DriverStore\FileRepository\iigd_dch.inf_amd64_03e2a5c7c3b3fa7c\igc64.dll
0x00007ffef43a0000 - 0x00007ffef8b0b000 	C:\WINDOWS\System32\DriverStore\FileRepository\iigd_dch.inf_amd64_03e2a5c7c3b3fa7c\igc1464.dll
0x00007fff07110000 - 0x00007fff071c0000 	C:\WINDOWS\System32\clbcatq.dll
0x00007ffef32f0000 - 0x00007ffef346d000 	C:\Windows\System32\Windows.UI.dll
0x00007ffef1b90000 - 0x00007ffef1d05000 	C:\Windows\System32\Windows.UI.Immersive.dll

dbghelp: loaded successfully - version: 4.0.5 - missing functions: none
symbol engine: initialized successfully - sym options: 0x614 - pdb path: .;C:\Program Files\Java\jdk-21\bin;C:\WINDOWS\SYSTEM32;C:\WINDOWS\WinSxS\amd64_microsoft.windows.common-controls_6595b64144ccf1df_6.0.22621.4541_none_2710d1c57384c085;C:\Program Files\Java\jdk-21\bin\server;C:\Users\USER\.openjfx\cache\23.0.1+4\amd64;C:\WINDOWS\System32\DriverStore\FileRepository\iigd_dch.inf_amd64_03e2a5c7c3b3fa7c

VM Arguments:
jvm_args: --module-path=C:\Users\USER\.m2\repository\org\openjfx\javafx-base\23.0.1\javafx-base-23.0.1-win.jar;C:\Users\USER\.m2\repository\org\openjfx\javafx-base\23.0.1\javafx-base-23.0.1.jar;C:\Users\USER\.m2\repository\org\openjfx\javafx-controls\23.0.1\javafx-controls-23.0.1-win.jar;C:\Users\USER\.m2\repository\org\openjfx\javafx-controls\23.0.1\javafx-controls-23.0.1.jar;C:\Users\USER\.m2\repository\org\openjfx\javafx-fxml\23.0.1\javafx-fxml-23.0.1-win.jar;C:\Users\USER\.m2\repository\org\openjfx\javafx-fxml\23.0.1\javafx-fxml-23.0.1.jar;C:\Users\USER\.m2\repository\org\openjfx\javafx-graphics\23.0.1\javafx-graphics-23.0.1-win.jar;C:\Users\USER\.m2\repository\org\openjfx\javafx-graphics\23.0.1\javafx-graphics-23.0.1.jar --add-modules=javafx.base,javafx.controls,javafx.fxml,javafx.graphics 
java_command: com.mycompany.java_farm.mainUi
java_class_path (initial): D:\FILE MEEEEE\SEMESTER 3\PBO\Java_farm\Java_farm\target\classes;C:\Users\USER\.m2\repository\au\com\dius\pact\core\pactbroker\4.6.15\pactbroker-4.6.15.jar;C:\Users\USER\.m2\repository\au\com\dius\pact\core\support\4.6.15\support-4.6.15.jar;C:\Users\USER\.m2\repository\com\github\mifmif\generex\1.0.2\generex-1.0.2.jar;C:\Users\USER\.m2\repository\com\google\code\findbugs\jsr305\3.0.2\jsr305-3.0.2.jar;C:\Users\USER\.m2\repository\com\google\errorprone\error_prone_annotations\2.11.0\error_prone_annotations-2.11.0.jar;C:\Users\USER\.m2\repository\com\google\guava\failureaccess\1.0.1\failureaccess-1.0.1.jar;C:\Users\USER\.m2\repository\com\google\guava\guava\31.1-jre\guava-31.1-jre.jar;C:\Users\USER\.m2\repository\com\google\guava\listenablefuture\9999.0-empty-to-avoid-conflict-with-guava\listenablefuture-9999.0-empty-to-avoid-conflict-with-guava.jar;C:\Users\USER\.m2\repository\com\google\j2objc\j2objc-annotations\1.3\j2objc-annotations-1.3.jar;C:\Users\USER\.m2\repository\com\google\protobuf\protobuf-java\3.21.9\protobuf-java-3.21.9.jar;C:\Users\USER\.m2\repository\com\mysql\mysql-connector-j\8.0.33\mysql-connector-j-8.0.33.jar;C:\Users\USER\.m2\repository\commons-codec\commons-codec\1.15\commons-codec-1.15.jar;C:\Users\USER\.m2\repository\dk\brics\automaton\automaton\1.11-8\automaton-1.11-8.jar;C:\Users\USER\.m2\repository\io\github\oshai\kotlin-logging-jvm\5.1.4\kotlin-logging-jvm-5.1.4.jar;C:\Users\USER\.m2\repository\org\apache\commons\commons-lang3\3.12.0\commons-lang3-3.12.0.jar;C:\Users\USER\.m2\repository\org\apache\commons\commons-text\1.10.0\commons-text-1.10.0.jar;C:\Users\USER\.m2\repository\org\apache\httpcomponents\client5\httpclient5\5.3.1\httpclient5-5.3.1.jar;C:\Users\USER\.m2\repository\org\apache\httpcomponents\client5\httpclient5-fluent\5.3.1\httpclient5-fluent-5.3.1.jar;C:\Users\USER\.m2\repository\org\apache\httpcomponents\core5\httpcore5\5.2.4\httpcore5-5.2.4.jar;C:\Users\USER\.m2\repository\org\apache\httpcomponents\core5\httpcore5-h2\5.2.4\httpcore5-h2-5.2.4.jar;C:\Users\USER\.m2\repository\org\checkerframework\checker-qual\3.12.0\checker-qual-3.12.0.jar;C:\Users\USER\.m2\repository\org\jetbrains\annotations\13.0\annotations-13.0.jar;C:\Users\USER\.m2\repository\org\jetbrains\kotlin\kotlin-reflect\1.8.22\kotlin-reflect-1.8.22.jar;C:\Users\USER\.m2\repository\org\jetbrains\kotlin\kotlin-stdlib\1.8.22\kotlin-stdlib-1.8.22.jar;C:\Users\USER\.m2\repository\org\jetbrains\kotlin\kotlin-stdlib-common\1.8.22\kotlin-stdlib-common-1.8.22.jar;C:\Users\USER\.m2\repository\org\jetbrains\kotlin\kotlin-stdlib-jdk7\1.8.22\kotlin-stdlib-jdk7-1.8.22.jar;C:\Users\USER\.m2\repository\org\jetbrains\kotlin\kotlin-stdlib-jdk8\1.8.22\kotlin-stdlib-jdk8-1.8.22.jar;C:\Users\USER\.m2\repository\org\slf4j\slf4j-api\1.7.36\slf4j-api-1.7.36.jar
Launcher Type: SUN_STANDARD

[Global flags]
     intx CICompilerCount                          = 3                                         {product} {ergonomic}
     uint ConcGCThreads                            = 1                                         {product} {ergonomic}
     uint G1ConcRefinementThreads                  = 4                                         {product} {ergonomic}
   size_t G1HeapRegionSize                         = 1048576                                   {product} {ergonomic}
    uintx GCDrainStackTargetSize                   = 64                                        {product} {ergonomic}
   size_t InitialHeapSize                          = 65011712                                  {product} {ergonomic}
   size_t MarkStackSize                            = 4194304                                   {product} {ergonomic}
   size_t MaxHeapSize                              = 1021313024                                {product} {ergonomic}
   size_t MaxNewSize                               = 612368384                                 {product} {ergonomic}
   size_t MinHeapDeltaBytes                        = 1048576                                   {product} {ergonomic}
   size_t MinHeapSize                              = 8388608                                   {product} {ergonomic}
    uintx NonNMethodCodeHeapSize                   = 5832780                                {pd product} {ergonomic}
    uintx NonProfiledCodeHeapSize                  = 122912730                              {pd product} {ergonomic}
    uintx ProfiledCodeHeapSize                     = 122912730                              {pd product} {ergonomic}
    uintx ReservedCodeCacheSize                    = 251658240                              {pd product} {ergonomic}
     bool SegmentedCodeCache                       = true                                      {product} {ergonomic}
   size_t SoftMaxHeapSize                          = 1021313024                             {manageable} {ergonomic}
     bool UseCompressedOops                        = true                           {product lp64_product} {ergonomic}
     bool UseG1GC                                  = true                                      {product} {ergonomic}
     bool UseLargePagesIndividualAllocation        = false                                  {pd product} {ergonomic}

Logging:
Log output configuration:
 #0: stdout all=warning uptime,level,tags foldmultilines=false
 #1: stderr all=off uptime,level,tags foldmultilines=false

Environment Variables:
JAVA_HOME=C:\Program Files\Java\jdk-21
PATH=C:\Program Files\Common Files\Oracle\Java\javapath;C:\WINDOWS\system32;C:\WINDOWS;C:\WINDOWS\System32\Wbem;C:\WINDOWS\System32\WindowsPowerShell\v1.0\;C:\WINDOWS\System32\OpenSSH\;C:\MinGW\bin;C:\Program Files\dotnet\;C:\Program Files\MySQL\MySQL Server 8.0\bin;C:\xampp\php;C:\Program Files\MATLAB\R2024b\bin;C:\Program Files\Java\jdk-23\bin;C:\Users\USER\Downloads\apache-ant-1.10.15-bin\bin;C:\Program Files\Java\javafx-sdk-23.0.1\bin;C:\Program Files\NetBeans-20\netbeans\java\maven;C:\Users\USER\Downloads\apache-maven-3.9.9-bin\apache-maven-3.9.9\bin;C:\Program Files\Java\jdk-21\bin;C:\Program Files\Java\javafx-sdk-21.0.5\bin;C:\Program Files\Java\jdk-21\bin;C:\Program Files\MySQL\MySQL Shell 8.0\bin\;C:\Users\USER\AppData\Local\Microsoft\WindowsApps;;C:\Users\USER\Documents\FILE MEEEEE\Microsoft VS Code\bin
USERNAME=USER
OS=Windows_NT
PROCESSOR_IDENTIFIER=Intel64 Family 6 Model 140 Stepping 1, GenuineIntel
TMP=C:\Users\USER\AppData\Local\Temp
TEMP=C:\Users\USER\AppData\Local\Temp




Periodic native trim disabled

---------------  S Y S T E M  ---------------

OS:
 Windows 11 , 64 bit Build 22621 (10.0.22621.4391)
OS uptime: 1 days 7:41 hours

CPU: total 4 (initial active 4) (2 cores per cpu, 2 threads per core) family 6 model 140 stepping 1 microcode 0x9a, cx8, cmov, fxsr, ht, mmx, 3dnowpref, sse, sse2, sse3, ssse3, sse4.1, sse4.2, popcnt, lzcnt, tsc, tscinvbit, avx, avx2, aes, erms, clmul, bmi1, bmi2, adx, avx512f, avx512dq, avx512cd, avx512bw, avx512vl, sha, fma, vzeroupper, avx512_vpopcntdq, avx512_vpclmulqdq, avx512_vaes, avx512_vnni, clflush, clflushopt, clwb, avx512_vbmi2, avx512_vbmi, rdtscp, rdpid, fsrm, gfni, avx512_bitalg, f16c, pku, cet_ibt, cet_ss, avx512_ifma
Processor Information for all 4 processors :
  Max Mhz: 2995, Current Mhz: 2995, Mhz Limit: 2995

Memory: 4k page, system-wide physical 3895M (112M free)
TotalPageFile size 15671M (AvailPageFile size 0M)
current process WorkingSet (physical memory assigned to process): 97M, peak: 97M
current process commit charge ("private bytes"): 176M, peak: 176M

vm_info: Java HotSpot(TM) 64-Bit Server VM (21.0.5+9-LTS-239) for windows-amd64 JRE (21.0.5+9-LTS-239), built on 2024-09-30T05:17:38Z by "mach5one" with MS VC++ 17.6 (VS2022)

END.
