#
# There is insufficient memory for the Java Runtime Environment to continue.
# Native memory allocation (malloc) failed to allocate 724336 bytes for Chunk::new
# Possible reasons:
#   The system is out of physical RAM or swap space
#   The process is running with CompressedOops enabled, and the Java Heap may be blocking the growth of the native heap
# Possible solutions:
#   Reduce memory load on the system
#   Increase physical memory or swap space
#   Check if swap backing store is full
#   Decrease Java heap size (-Xmx/-Xms)
#   Decrease number of Java threads
#   Decrease Java thread stack sizes (-Xss)
#   Set larger code cache with -XX:ReservedCodeCacheSize=
#   JVM is running with Unscaled Compressed Oops mode in which the Java heap is
#     placed in the first 4GB address space. The Java Heap base address is the
#     maximum limit for the native heap growth. Please use -XX:HeapBaseMinAddress
#     to set the Java Heap base and to place the Java Heap above 4GB virtual address.
# This output file may be truncated or incomplete.
#
#  Out of Memory Error (arena.cpp:168), pid=6228, tid=9028
#
# JRE version: Java(TM) SE Runtime Environment (21.0.5+9) (build 21.0.5+9-LTS-239)
# Java VM: Java HotSpot(TM) 64-Bit Server VM (21.0.5+9-LTS-239, mixed mode, sharing, tiered, compressed oops, compressed class ptrs, g1 gc, windows-amd64)
# No core dump will be written. Minidumps are not enabled by default on client versions of Windows
#

---------------  S U M M A R Y ------------

Command Line: --module-path=C:\Users\USER\.m2\repository\org\openjfx\javafx-base\23.0.1\javafx-base-23.0.1-win.jar;C:\Users\USER\.m2\repository\org\openjfx\javafx-base\23.0.1\javafx-base-23.0.1.jar;C:\Users\USER\.m2\repository\org\openjfx\javafx-controls\23.0.1\javafx-controls-23.0.1-win.jar;C:\Users\USER\.m2\repository\org\openjfx\javafx-controls\23.0.1\javafx-controls-23.0.1.jar;C:\Users\USER\.m2\repository\org\openjfx\javafx-fxml\23.0.1\javafx-fxml-23.0.1-win.jar;C:\Users\USER\.m2\repository\org\openjfx\javafx-fxml\23.0.1\javafx-fxml-23.0.1.jar;C:\Users\USER\.m2\repository\org\openjfx\javafx-graphics\23.0.1\javafx-graphics-23.0.1-win.jar;C:\Users\USER\.m2\repository\org\openjfx\javafx-graphics\23.0.1\javafx-graphics-23.0.1.jar --add-modules=javafx.base,javafx.controls,javafx.fxml,javafx.graphics com.mycompany.java_farm.mainUi

Host: 11th Gen Intel(R) Core(TM) i3-1115G4 @ 3.00GHz, 4 cores, 3G,  Windows 11 , 64 bit Build 22621 (10.0.22621.4391)
Time: Tue Jan  7 09:53:16 2025 SE Asia Standard Time elapsed time: 0.741301 seconds (0d 0h 0m 0s)

---------------  T H R E A D  ---------------

Current thread (0x000001a6661997c0):  JavaThread "C2 CompilerThread0" daemon [_thread_in_native, id=9028, stack(0x0000000101400000,0x0000000101500000) (1024K)]


Current CompileTask:
C2:    741 1053       4       sun.util.locale.BaseLocale::getInstance (150 bytes)

Stack: [0x0000000101400000,0x0000000101500000]
Native frames: (J=compiled Java code, j=interpreted, Vv=VM code, C=native code)
V  [jvm.dll+0x6ca289]
V  [jvm.dll+0x854a51]
V  [jvm.dll+0x856f7e]
V  [jvm.dll+0x857653]
V  [jvm.dll+0x27dd26]
V  [jvm.dll+0xc4c2d]
V  [jvm.dll+0xc5163]
V  [jvm.dll+0x3b4d02]
V  [jvm.dll+0x3814b5]
V  [jvm.dll+0x38092a]
V  [jvm.dll+0x246910]
V  [jvm.dll+0x245eef]
V  [jvm.dll+0x1c6d0e]
V  [jvm.dll+0x2554d9]
V  [jvm.dll+0x253a6a]
V  [jvm.dll+0x3ee136]
V  [jvm.dll+0x7fee9b]
V  [jvm.dll+0x6c896d]
C  [ucrtbase.dll+0x29333]
C  [KERNEL32.DLL+0x1259d]
C  [ntdll.dll+0x5af38]


---------------  P R O C E S S  ---------------

Threads class SMR info:
_java_thread_list=0x000001a666deeb20, length=16, elements={
0x000001a6494234f0, 0x000001a66618ef20, 0x000001a66618fe30, 0x000001a666193440,
0x000001a666196200, 0x000001a666196c50, 0x000001a6661977d0, 0x000001a6661997c0,
0x000001a6661b1450, 0x000001a6663a3f30, 0x000001a666561690, 0x000001a6669e69c0,
0x000001a666b5f580, 0x000001a666b6be90, 0x000001a666d98540, 0x000001a666e468f0
}

Java Threads: ( => current thread )
  0x000001a6494234f0 JavaThread "main"                              [_thread_blocked, id=17156, stack(0x0000000100600000,0x0000000100700000) (1024K)]
  0x000001a66618ef20 JavaThread "Reference Handler"          daemon [_thread_blocked, id=3084, stack(0x0000000100e00000,0x0000000100f00000) (1024K)]
  0x000001a66618fe30 JavaThread "Finalizer"                  daemon [_thread_blocked, id=17660, stack(0x0000000100f00000,0x0000000101000000) (1024K)]
  0x000001a666193440 JavaThread "Signal Dispatcher"          daemon [_thread_blocked, id=17756, stack(0x0000000101000000,0x0000000101100000) (1024K)]
  0x000001a666196200 JavaThread "Attach Listener"            daemon [_thread_blocked, id=13120, stack(0x0000000101100000,0x0000000101200000) (1024K)]
  0x000001a666196c50 JavaThread "Service Thread"             daemon [_thread_blocked, id=11240, stack(0x0000000101200000,0x0000000101300000) (1024K)]
  0x000001a6661977d0 JavaThread "Monitor Deflation Thread"   daemon [_thread_blocked, id=6416, stack(0x0000000101300000,0x0000000101400000) (1024K)]
=>0x000001a6661997c0 JavaThread "C2 CompilerThread0"         daemon [_thread_in_native, id=9028, stack(0x0000000101400000,0x0000000101500000) (1024K)]
  0x000001a6661b1450 JavaThread "C1 CompilerThread0"         daemon [_thread_in_vm, id=14316, stack(0x0000000101500000,0x0000000101600000) (1024K)]
  0x000001a6663a3f30 JavaThread "Common-Cleaner"             daemon [_thread_blocked, id=1784, stack(0x0000000101600000,0x0000000101700000) (1024K)]
  0x000001a666561690 JavaThread "Notification Thread"        daemon [_thread_blocked, id=18760, stack(0x0000000101700000,0x0000000101800000) (1024K)]
  0x000001a6669e69c0 JavaThread "QuantumRenderer-0"          daemon [_thread_blocked, id=16584, stack(0x0000000101b00000,0x0000000101c00000) (1024K)]
  0x000001a666b5f580 JavaThread "InvokeLaterDispatcher"      daemon [_thread_blocked, id=17880, stack(0x0000000101c00000,0x0000000101d00000) (1024K)]
  0x000001a666b6be90 JavaThread "JavaFX Application Thread"         [_thread_in_Java, id=3576, stack(0x0000000101d00000,0x0000000101e00000) (1024K)]
  0x000001a666d98540 JavaThread "JavaFX-Launcher"                   [_thread_blocked, id=3888, stack(0x0000000102200000,0x0000000102300000) (1024K)]
  0x000001a666e468f0 JavaThread "Thread-2"                   daemon [_thread_in_native, id=8444, stack(0x0000000102100000,0x0000000102200000) (1024K)]
Total: 16

Other Threads:
  0x000001a666175b10 VMThread "VM Thread"                           [id=15916, stack(0x0000000100d00000,0x0000000100e00000) (1024K)]
  0x000001a666165b30 WatcherThread "VM Periodic Task Thread"        [id=15940, stack(0x0000000100c00000,0x0000000100d00000) (1024K)]
  0x000001a64b583790 WorkerThread "GC Thread#0"                     [id=17872, stack(0x0000000100700000,0x0000000100800000) (1024K)]
  0x000001a666a11760 WorkerThread "GC Thread#1"                     [id=16796, stack(0x0000000101800000,0x0000000101900000) (1024K)]
  0x000001a666652bf0 WorkerThread "GC Thread#2"                     [id=2432, stack(0x0000000101900000,0x0000000101a00000) (1024K)]
  0x000001a666652f90 WorkerThread "GC Thread#3"                     [id=17960, stack(0x0000000101a00000,0x0000000101b00000) (1024K)]
  0x000001a64b58c940 ConcurrentGCThread "G1 Main Marker"            [id=12464, stack(0x0000000100800000,0x0000000100900000) (1024K)]
  0x000001a64b58d5f0 WorkerThread "G1 Conc#0"                       [id=13844, stack(0x0000000100900000,0x0000000100a00000) (1024K)]
  0x000001a64b60e700 ConcurrentGCThread "G1 Refine#0"               [id=6104, stack(0x0000000100a00000,0x0000000100b00000) (1024K)]
  0x000001a666037340 ConcurrentGCThread "G1 Service"                [id=17248, stack(0x0000000100b00000,0x0000000100c00000) (1024K)]
Total: 10

Threads with active compile tasks:
C2 CompilerThread0      780 1053       4       sun.util.locale.BaseLocale::getInstance (150 bytes)
Total: 1

VM state: not at safepoint (normal execution)

VM Mutex/Monitor currently owned by a thread: None

Heap address: 0x00000000c3200000, size: 974 MB, Compressed Oops mode: 32-bit

CDS archive(s) mapped at: [0x000001a600000000-0x000001a600c90000-0x000001a600c90000), size 13172736, SharedBaseAddress: 0x000001a600000000, ArchiveRelocationMode: 1.
Compressed class space mapped at: 0x000001a601000000-0x000001a641000000, reserved size: 1073741824
Narrow klass base: 0x000001a600000000, Narrow klass shift: 0, Narrow klass range: 0x100000000

GC Precious Log:
 CardTable entry size: 512
 Card Set container configuration: InlinePtr #cards 5 size 8 Array Of Cards #cards 12 size 40 Howl #buckets 4 coarsen threshold 1843 Howl Bitmap #cards 512 size 80 coarsen threshold 460 Card regions per heap region 1 cards per card region 2048
 CPUs: 4 total, 4 available
 Memory: 3895M
 Large Page Support: Disabled
 NUMA Support: Disabled
 Compressed Oops: Enabled (32-bit)
 Heap Region Size: 1M
 Heap Min Capacity: 8M
 Heap Initial Capacity: 62M
 Heap Max Capacity: 974M
 Pre-touch: Disabled
 Parallel Workers: 4
 Concurrent Workers: 1
 Concurrent Refinement Workers: 4
 Periodic GC: Disabled

Heap:
 garbage-first heap   total 63488K, used 18120K [0x00000000c3200000, 0x0000000100000000)
  region size 1024K, 20 young (20480K), 2 survivors (2048K)
 Metaspace       used 4776K, committed 4992K, reserved 1114112K
  class space    used 539K, committed 640K, reserved 1048576K

Heap Regions: E=young(eden), S=young(survivor), O=old, HS=humongous(starts), HC=humongous(continues), CS=collection set, F=free, TAMS=top-at-mark-start, PB=parsable bottom
|   0|0x00000000c3200000, 0x00000000c3200000, 0x00000000c3300000|  0%| F|  |TAMS 0x00000000c3200000| PB 0x00000000c3200000| Untracked 
|   1|0x00000000c3300000, 0x00000000c3300000, 0x00000000c3400000|  0%| F|  |TAMS 0x00000000c3300000| PB 0x00000000c3300000| Untracked 
|   2|0x00000000c3400000, 0x00000000c3400000, 0x00000000c3500000|  0%| F|  |TAMS 0x00000000c3400000| PB 0x00000000c3400000| Untracked 
|   3|0x00000000c3500000, 0x00000000c3500000, 0x00000000c3600000|  0%| F|  |TAMS 0x00000000c3500000| PB 0x00000000c3500000| Untracked 
|   4|0x00000000c3600000, 0x00000000c3600000, 0x00000000c3700000|  0%| F|  |TAMS 0x00000000c3600000| PB 0x00000000c3600000| Untracked 
|   5|0x00000000c3700000, 0x00000000c3700000, 0x00000000c3800000|  0%| F|  |TAMS 0x00000000c3700000| PB 0x00000000c3700000| Untracked 
|   6|0x00000000c3800000, 0x00000000c3800000, 0x00000000c3900000|  0%| F|  |TAMS 0x00000000c3800000| PB 0x00000000c3800000| Untracked 
|   7|0x00000000c3900000, 0x00000000c3900000, 0x00000000c3a00000|  0%| F|  |TAMS 0x00000000c3900000| PB 0x00000000c3900000| Untracked 
|   8|0x00000000c3a00000, 0x00000000c3a00000, 0x00000000c3b00000|  0%| F|  |TAMS 0x00000000c3a00000| PB 0x00000000c3a00000| Untracked 
|   9|0x00000000c3b00000, 0x00000000c3b00000, 0x00000000c3c00000|  0%| F|  |TAMS 0x00000000c3b00000| PB 0x00000000c3b00000| Untracked 
|  10|0x00000000c3c00000, 0x00000000c3c00000, 0x00000000c3d00000|  0%| F|  |TAMS 0x00000000c3c00000| PB 0x00000000c3c00000| Untracked 
|  11|0x00000000c3d00000, 0x00000000c3d00000, 0x00000000c3e00000|  0%| F|  |TAMS 0x00000000c3d00000| PB 0x00000000c3d00000| Untracked 
|  12|0x00000000c3e00000, 0x00000000c3e00000, 0x00000000c3f00000|  0%| F|  |TAMS 0x00000000c3e00000| PB 0x00000000c3e00000| Untracked 
|  13|0x00000000c3f00000, 0x00000000c3f00000, 0x00000000c4000000|  0%| F|  |TAMS 0x00000000c3f00000| PB 0x00000000c3f00000| Untracked 
|  14|0x00000000c4000000, 0x00000000c4000000, 0x00000000c4100000|  0%| F|  |TAMS 0x00000000c4000000| PB 0x00000000c4000000| Untracked 
|  15|0x00000000c4100000, 0x00000000c4100000, 0x00000000c4200000|  0%| F|  |TAMS 0x00000000c4100000| PB 0x00000000c4100000| Untracked 
|  16|0x00000000c4200000, 0x00000000c4200000, 0x00000000c4300000|  0%| F|  |TAMS 0x00000000c4200000| PB 0x00000000c4200000| Untracked 
|  17|0x00000000c4300000, 0x00000000c4300000, 0x00000000c4400000|  0%| F|  |TAMS 0x00000000c4300000| PB 0x00000000c4300000| Untracked 
|  18|0x00000000c4400000, 0x00000000c4400000, 0x00000000c4500000|  0%| F|  |TAMS 0x00000000c4400000| PB 0x00000000c4400000| Untracked 
|  19|0x00000000c4500000, 0x00000000c4500000, 0x00000000c4600000|  0%| F|  |TAMS 0x00000000c4500000| PB 0x00000000c4500000| Untracked 
|  20|0x00000000c4600000, 0x00000000c4600000, 0x00000000c4700000|  0%| F|  |TAMS 0x00000000c4600000| PB 0x00000000c4600000| Untracked 
|  21|0x00000000c4700000, 0x00000000c4700000, 0x00000000c4800000|  0%| F|  |TAMS 0x00000000c4700000| PB 0x00000000c4700000| Untracked 
|  22|0x00000000c4800000, 0x00000000c4800000, 0x00000000c4900000|  0%| F|  |TAMS 0x00000000c4800000| PB 0x00000000c4800000| Untracked 
|  23|0x00000000c4900000, 0x00000000c4900000, 0x00000000c4a00000|  0%| F|  |TAMS 0x00000000c4900000| PB 0x00000000c4900000| Untracked 
|  24|0x00000000c4a00000, 0x00000000c4a00000, 0x00000000c4b00000|  0%| F|  |TAMS 0x00000000c4a00000| PB 0x00000000c4a00000| Untracked 
|  25|0x00000000c4b00000, 0x00000000c4b00000, 0x00000000c4c00000|  0%| F|  |TAMS 0x00000000c4b00000| PB 0x00000000c4b00000| Untracked 
|  26|0x00000000c4c00000, 0x00000000c4c00000, 0x00000000c4d00000|  0%| F|  |TAMS 0x00000000c4c00000| PB 0x00000000c4c00000| Untracked 
|  27|0x00000000c4d00000, 0x00000000c4d00000, 0x00000000c4e00000|  0%| F|  |TAMS 0x00000000c4d00000| PB 0x00000000c4d00000| Untracked 
|  28|0x00000000c4e00000, 0x00000000c4e00000, 0x00000000c4f00000|  0%| F|  |TAMS 0x00000000c4e00000| PB 0x00000000c4e00000| Untracked 
|  29|0x00000000c4f00000, 0x00000000c4f00000, 0x00000000c5000000|  0%| F|  |TAMS 0x00000000c4f00000| PB 0x00000000c4f00000| Untracked 
|  30|0x00000000c5000000, 0x00000000c5000000, 0x00000000c5100000|  0%| F|  |TAMS 0x00000000c5000000| PB 0x00000000c5000000| Untracked 
|  31|0x00000000c5100000, 0x00000000c5100000, 0x00000000c5200000|  0%| F|  |TAMS 0x00000000c5100000| PB 0x00000000c5100000| Untracked 
|  32|0x00000000c5200000, 0x00000000c5200000, 0x00000000c5300000|  0%| F|  |TAMS 0x00000000c5200000| PB 0x00000000c5200000| Untracked 
|  33|0x00000000c5300000, 0x00000000c5300000, 0x00000000c5400000|  0%| F|  |TAMS 0x00000000c5300000| PB 0x00000000c5300000| Untracked 
|  34|0x00000000c5400000, 0x00000000c5400000, 0x00000000c5500000|  0%| F|  |TAMS 0x00000000c5400000| PB 0x00000000c5400000| Untracked 
|  35|0x00000000c5500000, 0x00000000c5500000, 0x00000000c5600000|  0%| F|  |TAMS 0x00000000c5500000| PB 0x00000000c5500000| Untracked 
|  36|0x00000000c5600000, 0x00000000c5600000, 0x00000000c5700000|  0%| F|  |TAMS 0x00000000c5600000| PB 0x00000000c5600000| Untracked 
|  37|0x00000000c5700000, 0x00000000c5700000, 0x00000000c5800000|  0%| F|  |TAMS 0x00000000c5700000| PB 0x00000000c5700000| Untracked 
|  38|0x00000000c5800000, 0x00000000c5800000, 0x00000000c5900000|  0%| F|  |TAMS 0x00000000c5800000| PB 0x00000000c5800000| Untracked 
|  39|0x00000000c5900000, 0x00000000c5900000, 0x00000000c5a00000|  0%| F|  |TAMS 0x00000000c5900000| PB 0x00000000c5900000| Untracked 
|  40|0x00000000c5a00000, 0x00000000c5a00000, 0x00000000c5b00000|  0%| F|  |TAMS 0x00000000c5a00000| PB 0x00000000c5a00000| Untracked 
|  41|0x00000000c5b00000, 0x00000000c5b00000, 0x00000000c5c00000|  0%| F|  |TAMS 0x00000000c5b00000| PB 0x00000000c5b00000| Untracked 
|  42|0x00000000c5c00000, 0x00000000c5c27c20, 0x00000000c5d00000| 15%| E|  |TAMS 0x00000000c5c00000| PB 0x00000000c5c00000| Complete 
|  43|0x00000000c5d00000, 0x00000000c5e00000, 0x00000000c5e00000|100%| E|CS|TAMS 0x00000000c5d00000| PB 0x00000000c5d00000| Complete 
|  44|0x00000000c5e00000, 0x00000000c5f00000, 0x00000000c5f00000|100%| E|  |TAMS 0x00000000c5e00000| PB 0x00000000c5e00000| Complete 
|  45|0x00000000c5f00000, 0x00000000c6000000, 0x00000000c6000000|100%| E|CS|TAMS 0x00000000c5f00000| PB 0x00000000c5f00000| Complete 
|  46|0x00000000c6000000, 0x00000000c6100000, 0x00000000c6100000|100%| E|CS|TAMS 0x00000000c6000000| PB 0x00000000c6000000| Complete 
|  47|0x00000000c6100000, 0x00000000c61b2050, 0x00000000c6200000| 69%| S|CS|TAMS 0x00000000c6100000| PB 0x00000000c6100000| Complete 
|  48|0x00000000c6200000, 0x00000000c6300000, 0x00000000c6300000|100%| S|CS|TAMS 0x00000000c6200000| PB 0x00000000c6200000| Complete 
|  49|0x00000000c6300000, 0x00000000c6400000, 0x00000000c6400000|100%| E|CS|TAMS 0x00000000c6300000| PB 0x00000000c6300000| Complete 
|  50|0x00000000c6400000, 0x00000000c6500000, 0x00000000c6500000|100%| E|CS|TAMS 0x00000000c6400000| PB 0x00000000c6400000| Complete 
|  51|0x00000000c6500000, 0x00000000c6600000, 0x00000000c6600000|100%| E|CS|TAMS 0x00000000c6500000| PB 0x00000000c6500000| Complete 
|  52|0x00000000c6600000, 0x00000000c6700000, 0x00000000c6700000|100%| E|CS|TAMS 0x00000000c6600000| PB 0x00000000c6600000| Complete 
|  53|0x00000000c6700000, 0x00000000c6800000, 0x00000000c6800000|100%| E|CS|TAMS 0x00000000c6700000| PB 0x00000000c6700000| Complete 
|  54|0x00000000c6800000, 0x00000000c6900000, 0x00000000c6900000|100%| E|CS|TAMS 0x00000000c6800000| PB 0x00000000c6800000| Complete 
|  55|0x00000000c6900000, 0x00000000c6a00000, 0x00000000c6a00000|100%| E|CS|TAMS 0x00000000c6900000| PB 0x00000000c6900000| Complete 
|  56|0x00000000c6a00000, 0x00000000c6b00000, 0x00000000c6b00000|100%| E|CS|TAMS 0x00000000c6a00000| PB 0x00000000c6a00000| Complete 
|  57|0x00000000c6b00000, 0x00000000c6c00000, 0x00000000c6c00000|100%| E|CS|TAMS 0x00000000c6b00000| PB 0x00000000c6b00000| Complete 
|  58|0x00000000c6c00000, 0x00000000c6d00000, 0x00000000c6d00000|100%| E|CS|TAMS 0x00000000c6c00000| PB 0x00000000c6c00000| Complete 
|  59|0x00000000c6d00000, 0x00000000c6e00000, 0x00000000c6e00000|100%| E|CS|TAMS 0x00000000c6d00000| PB 0x00000000c6d00000| Complete 
|  60|0x00000000c6e00000, 0x00000000c6f00000, 0x00000000c6f00000|100%| E|CS|TAMS 0x00000000c6e00000| PB 0x00000000c6e00000| Complete 
|  61|0x00000000c6f00000, 0x00000000c7000000, 0x00000000c7000000|100%| E|CS|TAMS 0x00000000c6f00000| PB 0x00000000c6f00000| Complete 

Card table byte_map: [0x000001a662bc0000,0x000001a662db0000] _byte_map_base: 0x000001a6625a7000

Marking Bits: (CMBitMap*) 0x000001a64b583e90
 Bits: [0x000001a662db0000, 0x000001a663ce8000)

Polling page: 0x000001a6493d0000

Metaspace:

Usage:
  Non-class:      4.14 MB used.
      Class:    539.52 KB used.
       Both:      4.67 MB used.

Virtual space:
  Non-class space:       64.00 MB reserved,       4.25 MB (  7%) committed,  1 nodes.
      Class space:        1.00 GB reserved,     640.00 KB ( <1%) committed,  1 nodes.
             Both:        1.06 GB reserved,       4.88 MB ( <1%) committed. 

Chunk freelists:
   Non-Class:  9.59 MB
       Class:  15.33 MB
        Both:  24.91 MB

MaxMetaspaceSize: unlimited
CompressedClassSpaceSize: 1.00 GB
Initial GC threshold: 21.00 MB
Current GC threshold: 21.00 MB
CDS: on
 - commit_granule_bytes: 65536.
 - commit_granule_words: 8192.
 - virtual_space_node_default_size: 8388608.
 - enlarge_chunks_in_place: 1.
 - use_allocation_guard: 0.


Internal statistics:

num_allocs_failed_limit: 0.
num_arena_births: 118.
num_arena_deaths: 0.
num_vsnodes_births: 2.
num_vsnodes_deaths: 0.
num_space_committed: 78.
num_space_uncommitted: 0.
num_chunks_returned_to_freelist: 0.
num_chunks_taken_from_freelist: 255.
num_chunk_merges: 0.
num_chunk_splits: 173.
num_chunks_enlarged: 118.
num_inconsistent_stats: 0.

CodeHeap 'non-profiled nmethods': size=120000Kb used=363Kb max_used=363Kb free=119636Kb
 bounds [0x000001a65b4a0000, 0x000001a65b710000, 0x000001a6629d0000]
CodeHeap 'profiled nmethods': size=120000Kb used=1840Kb max_used=1840Kb free=118159Kb
 bounds [0x000001a6539d0000, 0x000001a653c40000, 0x000001a65af00000]
CodeHeap 'non-nmethods': size=5760Kb used=1580Kb max_used=1593Kb free=4179Kb
 bounds [0x000001a65af00000, 0x000001a65b170000, 0x000001a65b4a0000]
 total_blobs=1692 nmethods=1172 adapters=425
 compilation: enabled
              stopped_count=0, restarted_count=0
 full_count=0

Compilation events (20 events):
Event: 0.716 Thread 0x000001a6661b1450 1064       3       java.lang.Module::isNamed (13 bytes)
Event: 0.716 Thread 0x000001a6661b1450 nmethod 1064 0x000001a653b72110 code [0x000001a653b722a0, 0x000001a653b72408]
Event: 0.716 Thread 0x000001a6661b1450 1066       1       java.lang.invoke.MethodHandleNatives::isPullModeBSM (2 bytes)
Event: 0.716 Thread 0x000001a6661b1450 nmethod 1066 0x000001a65b4f6790 code [0x000001a65b4f6920, 0x000001a65b4f69c8]
Event: 0.716 Thread 0x000001a6661b1450 1067       3       sun.util.cldr.CLDRLocaleProviderAdapter$$Lambda/0x000001a601060168::apply (8 bytes)
Event: 0.717 Thread 0x000001a6661b1450 nmethod 1067 0x000001a653b72490 code [0x000001a653b72640, 0x000001a653b72870]
Event: 0.719 Thread 0x000001a6661b1450 1069       3       java.util.regex.Matcher::search (154 bytes)
Event: 0.720 Thread 0x000001a6661b1450 nmethod 1069 0x000001a653b72910 code [0x000001a653b72b00, 0x000001a653b73078]
Event: 0.720 Thread 0x000001a6661b1450 1070       3       sun.invoke.util.VerifyAccess::isTypeVisible (47 bytes)
Event: 0.720 Thread 0x000001a6661b1450 nmethod 1070 0x000001a653b73290 code [0x000001a653b73480, 0x000001a653b73878]
Event: 0.727 Thread 0x000001a6661b1450 1073       3       java.util.ArrayList::grow (60 bytes)
Event: 0.727 Thread 0x000001a6661b1450 nmethod 1073 0x000001a653b73a90 code [0x000001a653b73c80, 0x000001a653b742b8]
Event: 0.730 Thread 0x000001a6661b1450 1076       2       java.util.ArrayList::isEmpty (13 bytes)
Event: 0.730 Thread 0x000001a6661b1450 nmethod 1076 0x000001a653b74490 code [0x000001a653b74620, 0x000001a653b74738]
Event: 0.732 Thread 0x000001a6661b1450 1078       3       java.util.HashMap::resize (356 bytes)
Event: 0.733 Thread 0x000001a6661b1450 nmethod 1078 0x000001a653b74810 code [0x000001a653b74ac0, 0x000001a653b75ef8]
Event: 0.738 Thread 0x000001a6661b1450 1081       1       java.lang.invoke.DirectMethodHandle::isCrackable (5 bytes)
Event: 0.738 Thread 0x000001a6661b1450 nmethod 1081 0x000001a65b4f7290 code [0x000001a65b4f7420, 0x000001a65b4f74f0]
Event: 0.738 Thread 0x000001a6661b1450 1082       2       jdk.internal.misc.CDS::isDumpingArchive (4 bytes)
Event: 0.738 Thread 0x000001a6661b1450 nmethod 1082 0x000001a653b76390 code [0x000001a653b76520, 0x000001a653b76608]

GC Heap History (2 events):
Event: 0.378 GC heap before
{Heap before GC invocations=0 (full 0):
 garbage-first heap   total 63488K, used 12288K [0x00000000c3200000, 0x0000000100000000)
  region size 1024K, 13 young (13312K), 0 survivors (0K)
 Metaspace       used 1827K, committed 1984K, reserved 1114112K
  class space    used 183K, committed 256K, reserved 1048576K
}
Event: 0.380 GC heap after
{Heap after GC invocations=1 (full 0):
 garbage-first heap   total 63488K, used 1736K [0x00000000c3200000, 0x0000000100000000)
  region size 1024K, 2 young (2048K), 2 survivors (2048K)
 Metaspace       used 1827K, committed 1984K, reserved 1114112K
  class space    used 183K, committed 256K, reserved 1048576K
}

Dll operation events (20 events):
Event: 0.303 Loaded shared library C:\Users\USER\.openjfx\cache\23.0.1+4\amd64\api-ms-win-crt-heap-l1-1-0.dll
Event: 0.306 Loaded shared library C:\Users\USER\.openjfx\cache\23.0.1+4\amd64\api-ms-win-crt-locale-l1-1-0.dll
Event: 0.309 Loaded shared library C:\Users\USER\.openjfx\cache\23.0.1+4\amd64\api-ms-win-crt-math-l1-1-0.dll
Event: 0.312 Loaded shared library C:\Users\USER\.openjfx\cache\23.0.1+4\amd64\api-ms-win-crt-multibyte-l1-1-0.dll
Event: 0.315 Loaded shared library C:\Users\USER\.openjfx\cache\23.0.1+4\amd64\api-ms-win-crt-private-l1-1-0.dll
Event: 0.318 Loaded shared library C:\Users\USER\.openjfx\cache\23.0.1+4\amd64\api-ms-win-crt-process-l1-1-0.dll
Event: 0.321 Loaded shared library C:\Users\USER\.openjfx\cache\23.0.1+4\amd64\api-ms-win-crt-runtime-l1-1-0.dll
Event: 0.324 Loaded shared library C:\Users\USER\.openjfx\cache\23.0.1+4\amd64\api-ms-win-crt-stdio-l1-1-0.dll
Event: 0.327 Loaded shared library C:\Users\USER\.openjfx\cache\23.0.1+4\amd64\api-ms-win-crt-string-l1-1-0.dll
Event: 0.329 Loaded shared library C:\Users\USER\.openjfx\cache\23.0.1+4\amd64\api-ms-win-crt-time-l1-1-0.dll
Event: 0.332 Loaded shared library C:\Users\USER\.openjfx\cache\23.0.1+4\amd64\api-ms-win-crt-utility-l1-1-0.dll
Event: 0.345 Loaded shared library C:\Users\USER\.openjfx\cache\23.0.1+4\amd64\ucrtbase.dll
Event: 0.348 Loaded shared library C:\Users\USER\.openjfx\cache\23.0.1+4\amd64\vcruntime140.dll
Event: 0.352 Loaded shared library C:\Users\USER\.openjfx\cache\23.0.1+4\amd64\vcruntime140_1.dll
Event: 0.359 Loaded shared library C:\Users\USER\.openjfx\cache\23.0.1+4\amd64\msvcp140.dll
Event: 0.363 Loaded shared library C:\Users\USER\.openjfx\cache\23.0.1+4\amd64\msvcp140_1.dll
Event: 0.369 Loaded shared library C:\Users\USER\.openjfx\cache\23.0.1+4\amd64\msvcp140_2.dll
Event: 0.417 Loaded shared library C:\Users\USER\.openjfx\cache\23.0.1+4\amd64\prism_d3d.dll
Event: 0.522 Loaded shared library C:\Users\USER\.openjfx\cache\23.0.1+4\amd64\glass.dll
Event: 0.671 Loaded shared library C:\Program Files\Java\jdk-21\bin\jimage.dll

Deoptimization events (20 events):
Event: 0.192 Thread 0x000001a6494234f0 DEOPT PACKING pc=0x000001a65b4bfb1c sp=0x00000001006fe410
Event: 0.192 Thread 0x000001a6494234f0 DEOPT UNPACKING pc=0x000001a65af57da2 sp=0x00000001006fe3a0 mode 2
Event: 0.192 Thread 0x000001a6494234f0 Uncommon trap: trap_request=0xffffffde fr.pc=0x000001a65b4bfb1c relative=0x00000000000009bc
Event: 0.192 Thread 0x000001a6494234f0 Uncommon trap: reason=class_check action=maybe_recompile pc=0x000001a65b4bfb1c method=java.util.HashMap.putVal(ILjava/lang/Object;Ljava/lang/Object;ZZ)Ljava/lang/Object; @ 152 c2
Event: 0.192 Thread 0x000001a6494234f0 DEOPT PACKING pc=0x000001a65b4bfb1c sp=0x00000001006fe410
Event: 0.192 Thread 0x000001a6494234f0 DEOPT UNPACKING pc=0x000001a65af57da2 sp=0x00000001006fe3a0 mode 2
Event: 0.192 Thread 0x000001a6494234f0 Uncommon trap: trap_request=0xffffffde fr.pc=0x000001a65b4bfb1c relative=0x00000000000009bc
Event: 0.192 Thread 0x000001a6494234f0 Uncommon trap: reason=class_check action=maybe_recompile pc=0x000001a65b4bfb1c method=java.util.HashMap.putVal(ILjava/lang/Object;Ljava/lang/Object;ZZ)Ljava/lang/Object; @ 152 c2
Event: 0.192 Thread 0x000001a6494234f0 DEOPT PACKING pc=0x000001a65b4bfb1c sp=0x00000001006fe410
Event: 0.192 Thread 0x000001a6494234f0 DEOPT UNPACKING pc=0x000001a65af57da2 sp=0x00000001006fe3a0 mode 2
Event: 0.342 Thread 0x000001a6494234f0 DEOPT PACKING pc=0x000001a653ab5917 sp=0x00000001006fe770
Event: 0.343 Thread 0x000001a6494234f0 DEOPT UNPACKING pc=0x000001a65af588e2 sp=0x00000001006fdb90 mode 0
Event: 0.347 Thread 0x000001a6494234f0 DEOPT PACKING pc=0x000001a653ab14dd sp=0x00000001006fe740
Event: 0.347 Thread 0x000001a6494234f0 DEOPT UNPACKING pc=0x000001a65af588e2 sp=0x00000001006fdbd8 mode 0
Event: 0.715 Thread 0x000001a666b6be90 Uncommon trap: trap_request=0xffffff45 fr.pc=0x000001a65b4f4ed8 relative=0x0000000000000238
Event: 0.715 Thread 0x000001a666b6be90 Uncommon trap: reason=unstable_if action=reinterpret pc=0x000001a65b4f4ed8 method=java.util.regex.Matcher.search(I)Z @ 126 c2
Event: 0.715 Thread 0x000001a666b6be90 DEOPT PACKING pc=0x000001a65b4f4ed8 sp=0x0000000101dfb000
Event: 0.715 Thread 0x000001a666b6be90 DEOPT UNPACKING pc=0x000001a65af57da2 sp=0x0000000101dfaff8 mode 2
Event: 0.732 Thread 0x000001a666b6be90 DEOPT PACKING pc=0x000001a653a4fe4a sp=0x0000000101dfb2d0
Event: 0.732 Thread 0x000001a666b6be90 DEOPT UNPACKING pc=0x000001a65af588e2 sp=0x0000000101dfa738 mode 0

Classes loaded (20 events):
Event: 0.720 Loading class java/util/stream/DistinctOps$1
Event: 0.720 Loading class java/util/stream/ReferencePipeline$StatefulOp
Event: 0.720 Loading class java/util/stream/ReferencePipeline$StatefulOp done
Event: 0.720 Loading class java/util/stream/DistinctOps$1 done
Event: 0.721 Loading class java/util/stream/Nodes$SpinedNodeBuilder
Event: 0.721 Loading class java/util/stream/SpinedBuffer
Event: 0.722 Loading class java/util/stream/AbstractSpinedBuffer
Event: 0.722 Loading class java/util/stream/AbstractSpinedBuffer done
Event: 0.722 Loading class java/util/stream/SpinedBuffer done
Event: 0.722 Loading class java/util/stream/Nodes$SpinedNodeBuilder done
Event: 0.722 Loading class java/util/stream/DistinctOps$1$2
Event: 0.722 Loading class java/util/stream/DistinctOps$1$2 done
Event: 0.723 Loading class sun/util/locale/provider/CurrencyNameProviderImpl
Event: 0.724 Loading class sun/util/locale/provider/CurrencyNameProviderImpl done
Event: 0.727 Loading class sun/util/locale/provider/LocaleNameProviderImpl
Event: 0.728 Loading class sun/util/locale/provider/LocaleNameProviderImpl done
Event: 0.733 Loading class sun/util/cldr/CLDRTimeZoneNameProviderImpl
Event: 0.734 Loading class sun/util/locale/provider/TimeZoneNameProviderImpl
Event: 0.734 Loading class sun/util/locale/provider/TimeZoneNameProviderImpl done
Event: 0.734 Loading class sun/util/cldr/CLDRTimeZoneNameProviderImpl done

Classes unloaded (0 events):
No events

Classes redefined (0 events):
No events

Internal exceptions (12 events):
Event: 0.127 Thread 0x000001a6494234f0 Exception <a 'java/lang/NoSuchMethodError'{0x00000000c69f9958}: 'void java.lang.invoke.DirectMethodHandle$Holder.invokeStatic(java.lang.Object, java.lang.Object, java.lang.Object, java.lang.Object)'> (0x00000000c69f9958) 
thrown [s\open\src\hotspot\share\interpreter\linkResolver.cpp, line 773]
Event: 0.128 Thread 0x000001a6494234f0 Exception <a 'java/lang/NoSuchMethodError'{0x00000000c69fd6a0}: 'void java.lang.invoke.DirectMethodHandle$Holder.invokeSpecial(java.lang.Object, java.lang.Object, java.lang.Object, java.lang.Object, java.lang.Object)'> (0x00000000c69fd6a0) 
thrown [s\open\src\hotspot\share\interpreter\linkResolver.cpp, line 773]
Event: 0.131 Thread 0x000001a6494234f0 Exception <a 'java/lang/NoSuchMethodError'{0x00000000c6860c28}: 'java.lang.Object java.lang.invoke.Invokers$Holder.invokeExact_MT(java.lang.Object, java.lang.Object, java.lang.Object, java.lang.Object, java.lang.Object, java.lang.Object)'> (0x00000000c6860c28) 
thrown [s\open\src\hotspot\share\interpreter\linkResolver.cpp, line 773]
Event: 0.131 Thread 0x000001a6494234f0 Exception <a 'java/lang/NoSuchMethodError'{0x00000000c68657d0}: 'void java.lang.invoke.DirectMethodHandle$Holder.invokeStatic(java.lang.Object, java.lang.Object)'> (0x00000000c68657d0) 
thrown [s\open\src\hotspot\share\interpreter\linkResolver.cpp, line 773]
Event: 0.394 Thread 0x000001a6494234f0 Exception <a 'java/lang/NoSuchMethodError'{0x00000000c6e534c8}: 'void java.lang.invoke.DirectMethodHandle$Holder.invokeSpecial(java.lang.Object, java.lang.Object, java.lang.Object)'> (0x00000000c6e534c8) 
thrown [s\open\src\hotspot\share\interpreter\linkResolver.cpp, line 773]
Event: 0.400 Thread 0x000001a6494234f0 Exception <a 'java/lang/NoSuchMethodError'{0x00000000c6e8ee68}: 'void java.lang.invoke.DirectMethodHandle$Holder.invokeStatic(java.lang.Object, java.lang.Object, java.lang.Object)'> (0x00000000c6e8ee68) 
thrown [s\open\src\hotspot\share\interpreter\linkResolver.cpp, line 773]
Event: 0.492 Thread 0x000001a6494234f0 Exception <a 'java/lang/NoSuchMethodError'{0x00000000c6eafb78}: 'int java.lang.invoke.DirectMethodHandle$Holder.invokeStaticInit(java.lang.Object, java.lang.Object, java.lang.Object)'> (0x00000000c6eafb78) 
thrown [s\open\src\hotspot\share\interpreter\linkResolver.cpp, line 773]
Event: 0.525 Thread 0x000001a6494234f0 Exception <a 'java/lang/NoSuchMethodError'{0x00000000c6c15d08}: 'java.lang.Object java.lang.invoke.DirectMethodHandle$Holder.newInvokeSpecial(java.lang.Object, java.lang.Object, int, java.lang.Object)'> (0x00000000c6c15d08) 
thrown [s\open\src\hotspot\share\interpreter\linkResolver.cpp, line 773]
Event: 0.525 Thread 0x000001a6494234f0 Exception <a 'java/lang/NoSuchMethodError'{0x00000000c6c19e70}: 'java.lang.Object java.lang.invoke.DirectMethodHandle$Holder.invokeSpecial(java.lang.Object, java.lang.Object, java.lang.Object, int, java.lang.Object)'> (0x00000000c6c19e70) 
thrown [s\open\src\hotspot\share\interpreter\linkResolver.cpp, line 773]
Event: 0.640 Thread 0x000001a666b6be90 Exception <a 'java/lang/NoSuchMethodError'{0x00000000c6975230}: 'void java.lang.invoke.DirectMethodHandle$Holder.invokeStaticInit(java.lang.Object)'> (0x00000000c6975230) 
thrown [s\open\src\hotspot\share\interpreter\linkResolver.cpp, line 773]
Event: 0.643 Thread 0x000001a6494234f0 Exception <a 'java/lang/NoSuchMethodError'{0x00000000c6c2d150}: 'java.lang.Object java.lang.invoke.DirectMethodHandle$Holder.newInvokeSpecial(java.lang.Object, java.lang.Object, java.lang.Object, java.lang.Object, java.lang.Object, java.lang.Object)'> (0x00000000c6c2d150) 
thrown [s\open\src\hotspot\share\interpreter\linkResolver.cpp, line 773]
Event: 0.649 Thread 0x000001a6494234f0 Exception <a 'java/lang/NoSuchMethodError'{0x00000000c69f29b0}: 'java.lang.Object java.lang.invoke.DirectMethodHandle$Holder.newInvokeSpecial(java.lang.Object, java.lang.Object, java.lang.Object, java.lang.Object, java.lang.Object)'> (0x00000000c69f29b0) 
thrown [s\open\src\hotspot\share\interpreter\linkResolver.cpp, line 773]

ZGC Phase Switch (0 events):
No events

VM Operations (10 events):
Event: 0.078 Executing VM operation: HandshakeAllThreads (Deoptimize)
Event: 0.078 Executing VM operation: HandshakeAllThreads (Deoptimize) done
Event: 0.108 Executing VM operation: HandshakeAllThreads (Deoptimize)
Event: 0.108 Executing VM operation: HandshakeAllThreads (Deoptimize) done
Event: 0.378 Executing VM operation: G1CollectForAllocation (G1 Evacuation Pause)
Event: 0.380 Executing VM operation: G1CollectForAllocation (G1 Evacuation Pause) done
Event: 0.498 Executing VM operation: HandshakeAllThreads (Deoptimize)
Event: 0.498 Executing VM operation: HandshakeAllThreads (Deoptimize) done
Event: 0.685 Executing VM operation: HandshakeAllThreads (Deoptimize)
Event: 0.685 Executing VM operation: HandshakeAllThreads (Deoptimize) done

Events (16 events):
Event: 0.018 Thread 0x000001a6494234f0 Thread added: 0x000001a6494234f0
Event: 0.028 Thread 0x000001a66618ef20 Thread added: 0x000001a66618ef20
Event: 0.028 Thread 0x000001a66618fe30 Thread added: 0x000001a66618fe30
Event: 0.028 Thread 0x000001a666193440 Thread added: 0x000001a666193440
Event: 0.028 Thread 0x000001a666196200 Thread added: 0x000001a666196200
Event: 0.029 Thread 0x000001a666196c50 Thread added: 0x000001a666196c50
Event: 0.029 Thread 0x000001a6661977d0 Thread added: 0x000001a6661977d0
Event: 0.029 Thread 0x000001a6661997c0 Thread added: 0x000001a6661997c0
Event: 0.029 Thread 0x000001a6661b1450 Thread added: 0x000001a6661b1450
Event: 0.054 Thread 0x000001a6663a3f30 Thread added: 0x000001a6663a3f30
Event: 0.116 Thread 0x000001a666561690 Thread added: 0x000001a666561690
Event: 0.400 Thread 0x000001a6669e69c0 Thread added: 0x000001a6669e69c0
Event: 0.524 Thread 0x000001a666b5f580 Thread added: 0x000001a666b5f580
Event: 0.526 Thread 0x000001a666b6be90 Thread added: 0x000001a666b6be90
Event: 0.649 Thread 0x000001a666d98540 Thread added: 0x000001a666d98540
Event: 0.662 Thread 0x000001a666e468f0 Thread added: 0x000001a666e468f0


Dynamic libraries:
0x00007ff666280000 - 0x00007ff666290000 	C:\Program Files\Java\jdk-21\bin\java.exe
0x00007ffadf6f0000 - 0x00007ffadf907000 	C:\WINDOWS\SYSTEM32\ntdll.dll
0x00007ffade0a0000 - 0x00007ffade164000 	C:\WINDOWS\System32\KERNEL32.DLL
0x00007ffadd010000 - 0x00007ffadd3ca000 	C:\WINDOWS\System32\KERNELBASE.dll
0x00007ffadcd80000 - 0x00007ffadce91000 	C:\WINDOWS\System32\ucrtbase.dll
0x00007ffab2160000 - 0x00007ffab217b000 	C:\Program Files\Java\jdk-21\bin\VCRUNTIME140.dll
0x00007ffa8b280000 - 0x00007ffa8b299000 	C:\Program Files\Java\jdk-21\bin\jli.dll
0x00007ffadde80000 - 0x00007ffaddf32000 	C:\WINDOWS\System32\ADVAPI32.dll
0x00007ffade790000 - 0x00007ffade837000 	C:\WINDOWS\System32\msvcrt.dll
0x00007ffade170000 - 0x00007ffade217000 	C:\WINDOWS\System32\sechost.dll
0x00007ffadcfe0000 - 0x00007ffadd008000 	C:\WINDOWS\System32\bcrypt.dll
0x00007ffadd820000 - 0x00007ffadd934000 	C:\WINDOWS\System32\RPCRT4.dll
0x00007ffadec70000 - 0x00007ffadee1e000 	C:\WINDOWS\System32\USER32.dll
0x00007ffadd3d0000 - 0x00007ffadd3f6000 	C:\WINDOWS\System32\win32u.dll
0x00007ffadec20000 - 0x00007ffadec49000 	C:\WINDOWS\System32\GDI32.dll
0x00007ffadcc60000 - 0x00007ffadcd7b000 	C:\WINDOWS\System32\gdi32full.dll
0x00007ffadcb40000 - 0x00007ffadcbda000 	C:\WINDOWS\System32\msvcp_win.dll
0x00007ffacce40000 - 0x00007ffacd0d2000 	C:\WINDOWS\WinSxS\amd64_microsoft.windows.common-controls_6595b64144ccf1df_6.0.22621.4541_none_2710d1c57384c085\COMCTL32.dll
0x00007ffad3e50000 - 0x00007ffad3e5a000 	C:\WINDOWS\SYSTEM32\VERSION.dll
0x00007ffade840000 - 0x00007ffade871000 	C:\WINDOWS\System32\IMM32.DLL
0x00007ffa5de90000 - 0x00007ffa5de9c000 	C:\Program Files\Java\jdk-21\bin\vcruntime140_1.dll
0x00007ffa5d040000 - 0x00007ffa5d0ce000 	C:\Program Files\Java\jdk-21\bin\msvcp140.dll
0x00007ffa5dea0000 - 0x00007ffa5ebb8000 	C:\Program Files\Java\jdk-21\bin\server\jvm.dll
0x00007ffadd940000 - 0x00007ffadd9b1000 	C:\WINDOWS\System32\WS2_32.dll
0x00007ffad5280000 - 0x00007ffad52b4000 	C:\WINDOWS\SYSTEM32\WINMM.dll
0x00007ffadc8a0000 - 0x00007ffadc8ed000 	C:\WINDOWS\SYSTEM32\POWRPROF.dll
0x00007ffadc880000 - 0x00007ffadc893000 	C:\WINDOWS\SYSTEM32\UMPDC.dll
0x00007ffadba10000 - 0x00007ffadba28000 	C:\WINDOWS\SYSTEM32\kernel.appcore.dll
0x00007ffa5de80000 - 0x00007ffa5de8a000 	C:\Program Files\Java\jdk-21\bin\jimage.dll
0x00007ffada070000 - 0x00007ffada2a2000 	C:\WINDOWS\SYSTEM32\DBGHELP.DLL
0x00007ffadd9e0000 - 0x00007ffaddd6f000 	C:\WINDOWS\System32\combase.dll
0x00007ffadd740000 - 0x00007ffadd817000 	C:\WINDOWS\System32\OLEAUT32.dll
0x00007ffabe790000 - 0x00007ffabe7c2000 	C:\WINDOWS\SYSTEM32\dbgcore.DLL
0x00007ffadcf60000 - 0x00007ffadcfdb000 	C:\WINDOWS\System32\bcryptPrimitives.dll
0x00007ffa5dd80000 - 0x00007ffa5dd9f000 	C:\Program Files\Java\jdk-21\bin\java.dll
0x00007ffadee20000 - 0x00007ffadf698000 	C:\WINDOWS\System32\SHELL32.dll
0x00007ffada910000 - 0x00007ffadb218000 	C:\WINDOWS\SYSTEM32\windows.storage.dll
0x00007ffada7d0000 - 0x00007ffada90f000 	C:\WINDOWS\SYSTEM32\wintypes.dll
0x00007ffaddd80000 - 0x00007ffadde7a000 	C:\WINDOWS\System32\SHCORE.dll
0x00007ffade880000 - 0x00007ffade8de000 	C:\WINDOWS\System32\shlwapi.dll
0x00007ffadc900000 - 0x00007ffadc92b000 	C:\WINDOWS\SYSTEM32\profapi.dll
0x00007ffa5dbc0000 - 0x00007ffa5dc97000 	C:\Program Files\Java\jdk-21\bin\jsvml.dll
0x00007ffa5daf0000 - 0x00007ffa5db00000 	C:\Program Files\Java\jdk-21\bin\net.dll
0x00007ffad5d60000 - 0x00007ffad5e96000 	C:\WINDOWS\SYSTEM32\WINHTTP.dll
0x00007ffadbe90000 - 0x00007ffadbef9000 	C:\WINDOWS\system32\mswsock.dll
0x00007ffa5dad0000 - 0x00007ffa5dae6000 	C:\Program Files\Java\jdk-21\bin\nio.dll
0x00007ffa5d990000 - 0x00007ffa5d9a8000 	C:\Program Files\Java\jdk-21\bin\zip.dll
0x000001a649540000 - 0x000001a649543000 	C:\Users\USER\.openjfx\cache\23.0.1+4\amd64\api-ms-win-core-console-l1-1-0.dll
0x000001a649550000 - 0x000001a649553000 	C:\Users\USER\.openjfx\cache\23.0.1+4\amd64\api-ms-win-core-console-l1-2-0.dll
0x000001a64b440000 - 0x000001a64b443000 	C:\Users\USER\.openjfx\cache\23.0.1+4\amd64\api-ms-win-core-datetime-l1-1-0.dll
0x000001a64b450000 - 0x000001a64b453000 	C:\Users\USER\.openjfx\cache\23.0.1+4\amd64\api-ms-win-core-debug-l1-1-0.dll
0x000001a64b460000 - 0x000001a64b463000 	C:\Users\USER\.openjfx\cache\23.0.1+4\amd64\api-ms-win-core-errorhandling-l1-1-0.dll
0x000001a64b470000 - 0x000001a64b474000 	C:\Users\USER\.openjfx\cache\23.0.1+4\amd64\api-ms-win-core-file-l1-1-0.dll
0x000001a64b480000 - 0x000001a64b483000 	C:\Users\USER\.openjfx\cache\23.0.1+4\amd64\api-ms-win-core-file-l1-2-0.dll
0x000001a64b490000 - 0x000001a64b493000 	C:\Users\USER\.openjfx\cache\23.0.1+4\amd64\api-ms-win-core-file-l2-1-0.dll
0x000001a64b4a0000 - 0x000001a64b4a3000 	C:\Users\USER\.openjfx\cache\23.0.1+4\amd64\api-ms-win-core-handle-l1-1-0.dll
0x000001a64b4b0000 - 0x000001a64b4b3000 	C:\Users\USER\.openjfx\cache\23.0.1+4\amd64\api-ms-win-core-heap-l1-1-0.dll
0x000001a64b4c0000 - 0x000001a64b4c3000 	C:\Users\USER\.openjfx\cache\23.0.1+4\amd64\api-ms-win-core-interlocked-l1-1-0.dll
0x000001a64b4d0000 - 0x000001a64b4d3000 	C:\Users\USER\.openjfx\cache\23.0.1+4\amd64\api-ms-win-core-libraryloader-l1-1-0.dll
0x000001a64b4e0000 - 0x000001a64b4e3000 	C:\Users\USER\.openjfx\cache\23.0.1+4\amd64\api-ms-win-core-localization-l1-2-0.dll
0x000001a64b4f0000 - 0x000001a64b4f3000 	C:\Users\USER\.openjfx\cache\23.0.1+4\amd64\api-ms-win-core-memory-l1-1-0.dll
0x000001a64b500000 - 0x000001a64b503000 	C:\Users\USER\.openjfx\cache\23.0.1+4\amd64\api-ms-win-core-namedpipe-l1-1-0.dll
0x000001a666f20000 - 0x000001a666f23000 	C:\Users\USER\.openjfx\cache\23.0.1+4\amd64\api-ms-win-core-processenvironment-l1-1-0.dll
0x000001a666f30000 - 0x000001a666f33000 	C:\Users\USER\.openjfx\cache\23.0.1+4\amd64\api-ms-win-core-processthreads-l1-1-0.dll
0x000001a666f40000 - 0x000001a666f43000 	C:\Users\USER\.openjfx\cache\23.0.1+4\amd64\api-ms-win-core-processthreads-l1-1-1.dll
0x000001a666f50000 - 0x000001a666f53000 	C:\Users\USER\.openjfx\cache\23.0.1+4\amd64\api-ms-win-core-profile-l1-1-0.dll
0x000001a666f60000 - 0x000001a666f63000 	C:\Users\USER\.openjfx\cache\23.0.1+4\amd64\api-ms-win-core-rtlsupport-l1-1-0.dll
0x000001a666f70000 - 0x000001a666f73000 	C:\Users\USER\.openjfx\cache\23.0.1+4\amd64\api-ms-win-core-string-l1-1-0.dll
0x000001a666f80000 - 0x000001a666f83000 	C:\Users\USER\.openjfx\cache\23.0.1+4\amd64\api-ms-win-core-synch-l1-1-0.dll
0x000001a666f90000 - 0x000001a666f93000 	C:\Users\USER\.openjfx\cache\23.0.1+4\amd64\api-ms-win-core-synch-l1-2-0.dll
0x000001a666fa0000 - 0x000001a666fa3000 	C:\Users\USER\.openjfx\cache\23.0.1+4\amd64\api-ms-win-core-sysinfo-l1-1-0.dll
0x000001a666fb0000 - 0x000001a666fb3000 	C:\Users\USER\.openjfx\cache\23.0.1+4\amd64\api-ms-win-core-timezone-l1-1-0.dll
0x000001a666fc0000 - 0x000001a666fc3000 	C:\Users\USER\.openjfx\cache\23.0.1+4\amd64\api-ms-win-core-util-l1-1-0.dll
0x000001a666fd0000 - 0x000001a666fd3000 	C:\Users\USER\.openjfx\cache\23.0.1+4\amd64\api-ms-win-crt-conio-l1-1-0.dll
0x000001a666fe0000 - 0x000001a666fe4000 	C:\Users\USER\.openjfx\cache\23.0.1+4\amd64\api-ms-win-crt-convert-l1-1-0.dll
0x000001a666ff0000 - 0x000001a666ff3000 	C:\Users\USER\.openjfx\cache\23.0.1+4\amd64\api-ms-win-crt-environment-l1-1-0.dll
0x000001a66b000000 - 0x000001a66b003000 	C:\Users\USER\.openjfx\cache\23.0.1+4\amd64\api-ms-win-crt-filesystem-l1-1-0.dll
0x000001a66b010000 - 0x000001a66b013000 	C:\Users\USER\.openjfx\cache\23.0.1+4\amd64\api-ms-win-crt-heap-l1-1-0.dll
0x000001a66b020000 - 0x000001a66b023000 	C:\Users\USER\.openjfx\cache\23.0.1+4\amd64\api-ms-win-crt-locale-l1-1-0.dll
0x000001a66b030000 - 0x000001a66b035000 	C:\Users\USER\.openjfx\cache\23.0.1+4\amd64\api-ms-win-crt-math-l1-1-0.dll
0x000001a66b040000 - 0x000001a66b045000 	C:\Users\USER\.openjfx\cache\23.0.1+4\amd64\api-ms-win-crt-multibyte-l1-1-0.dll
0x000001a66b050000 - 0x000001a66b060000 	C:\Users\USER\.openjfx\cache\23.0.1+4\amd64\api-ms-win-crt-private-l1-1-0.dll
0x000001a66b060000 - 0x000001a66b063000 	C:\Users\USER\.openjfx\cache\23.0.1+4\amd64\api-ms-win-crt-process-l1-1-0.dll
0x000001a66b070000 - 0x000001a66b074000 	C:\Users\USER\.openjfx\cache\23.0.1+4\amd64\api-ms-win-crt-runtime-l1-1-0.dll
0x000001a66b080000 - 0x000001a66b084000 	C:\Users\USER\.openjfx\cache\23.0.1+4\amd64\api-ms-win-crt-stdio-l1-1-0.dll
0x000001a66b090000 - 0x000001a66b094000 	C:\Users\USER\.openjfx\cache\23.0.1+4\amd64\api-ms-win-crt-string-l1-1-0.dll
0x000001a66b0a0000 - 0x000001a66b0a3000 	C:\Users\USER\.openjfx\cache\23.0.1+4\amd64\api-ms-win-crt-time-l1-1-0.dll
0x000001a66b0b0000 - 0x000001a66b0b3000 	C:\Users\USER\.openjfx\cache\23.0.1+4\amd64\api-ms-win-crt-utility-l1-1-0.dll
0x00007ffa8afa0000 - 0x00007ffa8b09c000 	C:\Users\USER\.openjfx\cache\23.0.1+4\amd64\ucrtbase.dll
0x00007ffac5ac0000 - 0x00007ffac5adb000 	C:\Users\USER\.openjfx\cache\23.0.1+4\amd64\vcruntime140.dll
0x00007ffac5740000 - 0x00007ffac574c000 	C:\Users\USER\.openjfx\cache\23.0.1+4\amd64\vcruntime140_1.dll
0x00007ffa9e670000 - 0x00007ffa9e6fe000 	C:\Users\USER\.openjfx\cache\23.0.1+4\amd64\msvcp140.dll
0x00007ffac5730000 - 0x00007ffac5739000 	C:\Users\USER\.openjfx\cache\23.0.1+4\amd64\msvcp140_1.dll
0x00007ffa9e620000 - 0x00007ffa9e661000 	C:\Users\USER\.openjfx\cache\23.0.1+4\amd64\msvcp140_2.dll
0x00007ffa93a00000 - 0x00007ffa93a30000 	C:\Users\USER\.openjfx\cache\23.0.1+4\amd64\prism_d3d.dll
0x00007ffa6e880000 - 0x00007ffa6ea28000 	C:\WINDOWS\system32\d3d9.dll
0x00007ffad9ca0000 - 0x00007ffad9ccb000 	C:\WINDOWS\SYSTEM32\dwmapi.dll
0x00007ffad9b30000 - 0x00007ffad9b67000 	C:\WINDOWS\SYSTEM32\dxcore.dll
0x00007ffad9a30000 - 0x00007ffad9ae1000 	C:\WINDOWS\system32\uxtheme.dll
0x00007ffa9bbe0000 - 0x00007ffa9be4f000 	C:\WINDOWS\System32\DriverStore\FileRepository\iigd_dch.inf_amd64_03e2a5c7c3b3fa7c\igdumdim64.dll
0x00007ffadd580000 - 0x00007ffadd725000 	C:\WINDOWS\System32\ole32.dll
0x00007ffa6f770000 - 0x00007ffa70c93000 	C:\WINDOWS\System32\DriverStore\FileRepository\iigd_dch.inf_amd64_03e2a5c7c3b3fa7c\igd9dxva64.dll
0x00007ffade280000 - 0x00007ffade6f4000 	C:\WINDOWS\System32\SETUPAPI.dll
0x00007ffadc5d0000 - 0x00007ffadc61e000 	C:\WINDOWS\SYSTEM32\cfgmgr32.dll
0x00007ffa74080000 - 0x00007ffa75dab000 	C:\WINDOWS\System32\DriverStore\FileRepository\iigd_dch.inf_amd64_03e2a5c7c3b3fa7c\media_bin_64.dll
0x00007ffad0a80000 - 0x00007ffad0ebf000 	C:\WINDOWS\System32\DriverStore\FileRepository\iigd_dch.inf_amd64_03e2a5c7c3b3fa7c\igdgmm64.dll
0x00007ffad5230000 - 0x00007ffad5279000 	C:\WINDOWS\SYSTEM32\directxdatabasehelper.dll
0x00007ffa8b140000 - 0x00007ffa8b185000 	C:\Users\USER\.openjfx\cache\23.0.1+4\amd64\glass.dll
0x00007ffadd400000 - 0x00007ffadd500000 	C:\WINDOWS\System32\COMDLG32.dll
0x00007ffadeaa0000 - 0x00007ffadec01000 	C:\WINDOWS\System32\MSCTF.dll
0x00007ffad5320000 - 0x00007ffad5347000 	C:\WINDOWS\System32\DriverStore\FileRepository\iigd_dch.inf_amd64_03e2a5c7c3b3fa7c\igdinfo64.dll
0x00007ffadc0e0000 - 0x00007ffadc0fb000 	C:\WINDOWS\SYSTEM32\CRYPTSP.dll
0x00007ffadb970000 - 0x00007ffadb9a5000 	C:\WINDOWS\system32\rsaenh.dll
0x00007ffadc100000 - 0x00007ffadc10c000 	C:\WINDOWS\SYSTEM32\CRYPTBASE.dll
0x00007ffad1000000 - 0x00007ffad1024000 	C:\WINDOWS\System32\DriverStore\FileRepository\iigd_dch.inf_amd64_03e2a5c7c3b3fa7c\igc64.dll
0x00007ffac7a10000 - 0x00007ffacc17b000 	C:\WINDOWS\System32\DriverStore\FileRepository\iigd_dch.inf_amd64_03e2a5c7c3b3fa7c\igc1464.dll
0x00007ffaddfa0000 - 0x00007ffade050000 	C:\WINDOWS\System32\clbcatq.dll
0x00007ffacfae0000 - 0x00007ffacfc5d000 	C:\Windows\System32\Windows.UI.dll
0x00007fface380000 - 0x00007fface4f5000 	C:\Windows\System32\Windows.UI.Immersive.dll

dbghelp: loaded successfully - version: 4.0.5 - missing functions: none
symbol engine: initialized successfully - sym options: 0x614 - pdb path: .;C:\Program Files\Java\jdk-21\bin;C:\WINDOWS\SYSTEM32;C:\WINDOWS\WinSxS\amd64_microsoft.windows.common-controls_6595b64144ccf1df_6.0.22621.4541_none_2710d1c57384c085;C:\Program Files\Java\jdk-21\bin\server;C:\Users\USER\.openjfx\cache\23.0.1+4\amd64;C:\WINDOWS\System32\DriverStore\FileRepository\iigd_dch.inf_amd64_03e2a5c7c3b3fa7c

VM Arguments:
jvm_args: --module-path=C:\Users\USER\.m2\repository\org\openjfx\javafx-base\23.0.1\javafx-base-23.0.1-win.jar;C:\Users\USER\.m2\repository\org\openjfx\javafx-base\23.0.1\javafx-base-23.0.1.jar;C:\Users\USER\.m2\repository\org\openjfx\javafx-controls\23.0.1\javafx-controls-23.0.1-win.jar;C:\Users\USER\.m2\repository\org\openjfx\javafx-controls\23.0.1\javafx-controls-23.0.1.jar;C:\Users\USER\.m2\repository\org\openjfx\javafx-fxml\23.0.1\javafx-fxml-23.0.1-win.jar;C:\Users\USER\.m2\repository\org\openjfx\javafx-fxml\23.0.1\javafx-fxml-23.0.1.jar;C:\Users\USER\.m2\repository\org\openjfx\javafx-graphics\23.0.1\javafx-graphics-23.0.1-win.jar;C:\Users\USER\.m2\repository\org\openjfx\javafx-graphics\23.0.1\javafx-graphics-23.0.1.jar --add-modules=javafx.base,javafx.controls,javafx.fxml,javafx.graphics 
java_command: com.mycompany.java_farm.mainUi
java_class_path (initial): D:\FILE MEEEEE\SEMESTER 3\PBO\Java_farm\Java_farm\Java_farm\Java_farm\Java_farm\target\classes;C:\Users\USER\.m2\repository\au\com\dius\pact\core\pactbroker\4.6.15\pactbroker-4.6.15.jar;C:\Users\USER\.m2\repository\au\com\dius\pact\core\support\4.6.15\support-4.6.15.jar;C:\Users\USER\.m2\repository\com\github\mifmif\generex\1.0.2\generex-1.0.2.jar;C:\Users\USER\.m2\repository\com\google\code\findbugs\jsr305\3.0.2\jsr305-3.0.2.jar;C:\Users\USER\.m2\repository\com\google\errorprone\error_prone_annotations\2.11.0\error_prone_annotations-2.11.0.jar;C:\Users\USER\.m2\repository\com\google\guava\failureaccess\1.0.1\failureaccess-1.0.1.jar;C:\Users\USER\.m2\repository\com\google\guava\guava\31.1-jre\guava-31.1-jre.jar;C:\Users\USER\.m2\repository\com\google\guava\listenablefuture\9999.0-empty-to-avoid-conflict-with-guava\listenablefuture-9999.0-empty-to-avoid-conflict-with-guava.jar;C:\Users\USER\.m2\repository\com\google\j2objc\j2objc-annotations\1.3\j2objc-annotations-1.3.jar;C:\Users\USER\.m2\repository\com\google\protobuf\protobuf-java\3.21.9\protobuf-java-3.21.9.jar;C:\Users\USER\.m2\repository\com\mysql\mysql-connector-j\8.0.33\mysql-connector-j-8.0.33.jar;C:\Users\USER\.m2\repository\commons-codec\commons-codec\1.15\commons-codec-1.15.jar;C:\Users\USER\.m2\repository\dk\brics\automaton\automaton\1.11-8\automaton-1.11-8.jar;C:\Users\USER\.m2\repository\io\github\oshai\kotlin-logging-jvm\5.1.4\kotlin-logging-jvm-5.1.4.jar;C:\Users\USER\.m2\repository\org\apache\commons\commons-lang3\3.12.0\commons-lang3-3.12.0.jar;C:\Users\USER\.m2\repository\org\apache\commons\commons-text\1.10.0\commons-text-1.10.0.jar;C:\Users\USER\.m2\repository\org\apache\httpcomponents\client5\httpclient5\5.3.1\httpclient5-5.3.1.jar;C:\Users\USER\.m2\repository\org\apache\httpcomponents\client5\httpclient5-fluent\5.3.1\httpclient5-fluent-5.3.1.jar;C:\Users\USER\.m2\repository\org\apache\httpcomponents\core5\httpcore5\5.2.4\httpcore5-5.2.4.jar;C:\Users\USER\.m2\repository\org\apache\httpcomponents\core5\httpcore5-h2\5.2.4\httpcore5-h2-5.2.4.jar;C:\Users\USER\.m2\repository\org\checkerframework\checker-qual\3.12.0\checker-qual-3.12.0.jar;C:\Users\USER\.m2\repository\org\jetbrains\annotations\13.0\annotations-13.0.jar;C:\Users\USER\.m2\repository\org\jetbrains\kotlin\kotlin-reflect\1.8.22\kotlin-reflect-1.8.22.jar;C:\Users\USER\.m2\repository\org\jetbrains\kotlin\kotlin-stdlib\1.8.22\kotlin-stdlib-1.8.22.jar;C:\Users\USER\.m2\repository\org\jetbrains\kotlin\kotlin-stdlib-common\1.8.22\kotlin-stdlib-common-1.8.22.jar;C:\Users\USER\.m2\repository\org\jetbrains\kotlin\kotlin-stdlib-jdk7\1.8.22\kotlin-stdlib-jdk7-1.8.22.jar;C:\Users\USER\.m2\repository\org\jetbrains\kotlin\kotlin-stdlib-jdk8\1.8.22\kotlin-stdlib-jdk8-1.8.22.jar;C:\Users\USER\.m2\repository\org\slf4j\slf4j-api\1.7.36\slf4j-api-1.7.36.jar
Launcher Type: SUN_STANDARD

[Global flags]
     intx CICompilerCount                          = 3                                         {product} {ergonomic}
     uint ConcGCThreads                            = 1                                         {product} {ergonomic}
     uint G1ConcRefinementThreads                  = 4                                         {product} {ergonomic}
   size_t G1HeapRegionSize                         = 1048576                                   {product} {ergonomic}
    uintx GCDrainStackTargetSize                   = 64                                        {product} {ergonomic}
   size_t InitialHeapSize                          = 65011712                                  {product} {ergonomic}
   size_t MarkStackSize                            = 4194304                                   {product} {ergonomic}
   size_t MaxHeapSize                              = 1021313024                                {product} {ergonomic}
   size_t MaxNewSize                               = 612368384                                 {product} {ergonomic}
   size_t MinHeapDeltaBytes                        = 1048576                                   {product} {ergonomic}
   size_t MinHeapSize                              = 8388608                                   {product} {ergonomic}
    uintx NonNMethodCodeHeapSize                   = 5832780                                {pd product} {ergonomic}
    uintx NonProfiledCodeHeapSize                  = 122912730                              {pd product} {ergonomic}
    uintx ProfiledCodeHeapSize                     = 122912730                              {pd product} {ergonomic}
    uintx ReservedCodeCacheSize                    = 251658240                              {pd product} {ergonomic}
     bool SegmentedCodeCache                       = true                                      {product} {ergonomic}
   size_t SoftMaxHeapSize                          = 1021313024                             {manageable} {ergonomic}
     bool UseCompressedOops                        = true                           {product lp64_product} {ergonomic}
     bool UseG1GC                                  = true                                      {product} {ergonomic}
     bool UseLargePagesIndividualAllocation        = false                                  {pd product} {ergonomic}

Logging:
Log output configuration:
 #0: stdout all=warning uptime,level,tags foldmultilines=false
 #1: stderr all=off uptime,level,tags foldmultilines=false

Environment Variables:
JAVA_HOME=C:\Program Files\Java\jdk-21
PATH=C:\Program Files\Common Files\Oracle\Java\javapath;C:\WINDOWS\system32;C:\WINDOWS;C:\WINDOWS\System32\Wbem;C:\WINDOWS\System32\WindowsPowerShell\v1.0\;C:\WINDOWS\System32\OpenSSH\;C:\MinGW\bin;C:\Program Files\dotnet\;C:\Program Files\MySQL\MySQL Server 8.0\bin;C:\xampp\php;C:\Program Files\MATLAB\R2024b\bin;C:\Program Files\Java\jdk-23\bin;C:\Users\USER\Downloads\apache-ant-1.10.15-bin\bin;C:\Program Files\Java\javafx-sdk-23.0.1\bin;C:\Program Files\NetBeans-20\netbeans\java\maven;C:\Users\USER\Downloads\apache-maven-3.9.9-bin\apache-maven-3.9.9\bin;C:\Program Files\Java\jdk-21\bin;C:\Program Files\Java\javafx-sdk-21.0.5\bin;C:\Program Files\Java\jdk-21\bin;C:\Program Files\MySQL\MySQL Shell 8.0\bin\;C:\Users\USER\AppData\Local\Microsoft\WindowsApps;;C:\Users\USER\Documents\FILE MEEEEE\Microsoft VS Code\bin
USERNAME=USER
OS=Windows_NT
PROCESSOR_IDENTIFIER=Intel64 Family 6 Model 140 Stepping 1, GenuineIntel
TMP=C:\Users\USER\AppData\Local\Temp
TEMP=C:\Users\USER\AppData\Local\Temp




Periodic native trim disabled

---------------  S Y S T E M  ---------------

OS:
 Windows 11 , 64 bit Build 22621 (10.0.22621.4391)
OS uptime: 0 days 6:15 hours

CPU: total 4 (initial active 4) (2 cores per cpu, 2 threads per core) family 6 model 140 stepping 1 microcode 0x9a, cx8, cmov, fxsr, ht, mmx, 3dnowpref, sse, sse2, sse3, ssse3, sse4.1, sse4.2, popcnt, lzcnt, tsc, tscinvbit, avx, avx2, aes, erms, clmul, bmi1, bmi2, adx, avx512f, avx512dq, avx512cd, avx512bw, avx512vl, sha, fma, vzeroupper, avx512_vpopcntdq, avx512_vpclmulqdq, avx512_vaes, avx512_vnni, clflush, clflushopt, clwb, avx512_vbmi2, avx512_vbmi, rdtscp, rdpid, fsrm, gfni, avx512_bitalg, f16c, pku, cet_ibt, cet_ss, avx512_ifma
Processor Information for all 4 processors :
  Max Mhz: 2995, Current Mhz: 2995, Mhz Limit: 2995

Memory: 4k page, system-wide physical 3895M (135M free)
TotalPageFile size 15671M (AvailPageFile size 1M)
current process WorkingSet (physical memory assigned to process): 105M, peak: 105M
current process commit charge ("private bytes"): 183M, peak: 183M

vm_info: Java HotSpot(TM) 64-Bit Server VM (21.0.5+9-LTS-239) for windows-amd64 JRE (21.0.5+9-LTS-239), built on 2024-09-30T05:17:38Z by "mach5one" with MS VC++ 17.6 (VS2022)

END.
