#
# There is insufficient memory for the Java Runtime Environment to continue.
# Native memory allocation (malloc) failed to allocate 1088752 bytes for Chunk::new
# Possible reasons:
#   The system is out of physical RAM or swap space
#   The process is running with CompressedOops enabled, and the Java Heap may be blocking the growth of the native heap
# Possible solutions:
#   Reduce memory load on the system
#   Increase physical memory or swap space
#   Check if swap backing store is full
#   Decrease Java heap size (-Xmx/-Xms)
#   Decrease number of Java threads
#   Decrease Java thread stack sizes (-Xss)
#   Set larger code cache with -XX:ReservedCodeCacheSize=
#   JVM is running with Unscaled Compressed Oops mode in which the Java heap is
#     placed in the first 4GB address space. The Java Heap base address is the
#     maximum limit for the native heap growth. Please use -XX:HeapBaseMinAddress
#     to set the Java Heap base and to place the Java Heap above 4GB virtual address.
# This output file may be truncated or incomplete.
#
#  Out of Memory Error (arena.cpp:168), pid=5256, tid=13948
#
# JRE version: Java(TM) SE Runtime Environment (21.0.5+9) (build 21.0.5+9-LTS-239)
# Java VM: Java HotSpot(TM) 64-Bit Server VM (21.0.5+9-LTS-239, mixed mode, sharing, tiered, compressed oops, compressed class ptrs, g1 gc, windows-amd64)
# No core dump will be written. Minidumps are not enabled by default on client versions of Windows
#

---------------  S U M M A R Y ------------

Command Line: -Dclassworlds.conf=C:\Program Files\NetBeans-20\netbeans\java\maven\bin\m2.conf -Dmaven.home=C:\Program Files\NetBeans-20\netbeans\java\maven -Dlibrary.jansi.path=C:\Program Files\NetBeans-20\netbeans\java\maven\lib\jansi-native -Dmaven.multiModuleProjectDirectory=D:\FILE MEEEEE\SEMESTER 3\PBO\Java_farm\Java_farm\Java_farm org.codehaus.plexus.classworlds.launcher.Launcher -Dexec.vmArgs=--enable-preview -Dexec.args=${exec.vmArgs} -classpath %classpath ${exec.mainClass} ${exec.appArgs} -Dexec.appArgs= -Dexec.mainClass=com.mycompany.java_farm.mainUi -Dexec.executable=C:\Program Files\Java\jdk-21\bin\java.exe -Dmaven.ext.class.path=C:\Program Files\NetBeans-20\netbeans\java\maven-nblib\netbeans-eventspy.jar --no-transfer-progress javafx:run

Host: 11th Gen Intel(R) Core(TM) i3-1115G4 @ 3.00GHz, 4 cores, 3G,  Windows 11 , 64 bit Build 22621 (10.0.22621.4391)
Time: Fri Dec 27 23:02:40 2024 SE Asia Standard Time elapsed time: 6.795644 seconds (0d 0h 0m 6s)

---------------  T H R E A D  ---------------

Current thread (0x000001856b0bf800):  JavaThread "C2 CompilerThread0" daemon [_thread_in_native, id=13948, stack(0x000000196ed00000,0x000000196ee00000) (1024K)]


Current CompileTask:
C2:   6795 7284       4       com.sun.tools.javac.code.Symtab::enterClass (71 bytes)

Stack: [0x000000196ed00000,0x000000196ee00000]
Native frames: (J=compiled Java code, j=interpreted, Vv=VM code, C=native code)
V  [jvm.dll+0x6ca289]
V  [jvm.dll+0x854a51]
V  [jvm.dll+0x856f7e]
V  [jvm.dll+0x857653]
V  [jvm.dll+0x27dd26]
V  [jvm.dll+0xc4c2d]
V  [jvm.dll+0xc5163]
V  [jvm.dll+0x3b4d3c]
V  [jvm.dll+0x3814b5]
V  [jvm.dll+0x38092a]
V  [jvm.dll+0x246910]
V  [jvm.dll+0x245eef]
V  [jvm.dll+0x1c6d0e]
V  [jvm.dll+0x2554d9]
V  [jvm.dll+0x253a6a]
V  [jvm.dll+0x3ee136]
V  [jvm.dll+0x7fee9b]
V  [jvm.dll+0x6c896d]
C  [ucrtbase.dll+0x29333]
C  [KERNEL32.DLL+0x1259d]
C  [ntdll.dll+0x5af38]


---------------  P R O C E S S  ---------------

Threads class SMR info:
_java_thread_list=0x000001856b2d0e50, length=11, elements={
0x000001854e31ed50, 0x000001856b0ac450, 0x000001856b0ad600, 0x000001856b0b1550,
0x000001856b0b2290, 0x000001856b0b6680, 0x000001856b0b7a90, 0x000001856b0bf800,
0x000001856b0bb370, 0x000001856b2f98e0, 0x000001856b304540
}

Java Threads: ( => current thread )
  0x000001854e31ed50 JavaThread "main"                              [_thread_in_Java, id=15556, stack(0x000000196df00000,0x000000196e000000) (1024K)]
  0x000001856b0ac450 JavaThread "Reference Handler"          daemon [_thread_blocked, id=2036, stack(0x000000196e700000,0x000000196e800000) (1024K)]
  0x000001856b0ad600 JavaThread "Finalizer"                  daemon [_thread_blocked, id=6908, stack(0x000000196e800000,0x000000196e900000) (1024K)]
  0x000001856b0b1550 JavaThread "Signal Dispatcher"          daemon [_thread_blocked, id=15292, stack(0x000000196e900000,0x000000196ea00000) (1024K)]
  0x000001856b0b2290 JavaThread "Attach Listener"            daemon [_thread_blocked, id=5796, stack(0x000000196ea00000,0x000000196eb00000) (1024K)]
  0x000001856b0b6680 JavaThread "Service Thread"             daemon [_thread_blocked, id=18896, stack(0x000000196eb00000,0x000000196ec00000) (1024K)]
  0x000001856b0b7a90 JavaThread "Monitor Deflation Thread"   daemon [_thread_blocked, id=18504, stack(0x000000196ec00000,0x000000196ed00000) (1024K)]
=>0x000001856b0bf800 JavaThread "C2 CompilerThread0"         daemon [_thread_in_native, id=13948, stack(0x000000196ed00000,0x000000196ee00000) (1024K)]
  0x000001856b0bb370 JavaThread "C1 CompilerThread0"         daemon [_thread_blocked, id=5812, stack(0x000000196ee00000,0x000000196ef00000) (1024K)]
  0x000001856b2f98e0 JavaThread "Notification Thread"        daemon [_thread_blocked, id=7608, stack(0x000000196ef00000,0x000000196f000000) (1024K)]
  0x000001856b304540 JavaThread "Common-Cleaner"             daemon [_thread_blocked, id=16820, stack(0x000000196f000000,0x000000196f100000) (1024K)]
Total: 11

Other Threads:
  0x0000018550565190 VMThread "VM Thread"                           [id=16692, stack(0x000000196e600000,0x000000196e700000) (1024K)]
  0x000001856b09dc10 WatcherThread "VM Periodic Task Thread"        [id=9868, stack(0x000000196e500000,0x000000196e600000) (1024K)]
  0x00000185504df640 WorkerThread "GC Thread#0"                     [id=19076, stack(0x000000196e000000,0x000000196e100000) (1024K)]
  0x000001856bd577a0 WorkerThread "GC Thread#1"                     [id=3708, stack(0x000000196f100000,0x000000196f200000) (1024K)]
  0x000001856bd4c570 WorkerThread "GC Thread#2"                     [id=17200, stack(0x000000196f200000,0x000000196f300000) (1024K)]
  0x000001856bd70b40 WorkerThread "GC Thread#3"                     [id=15988, stack(0x000000196f300000,0x000000196f400000) (1024K)]
  0x00000185504e9880 ConcurrentGCThread "G1 Main Marker"            [id=8336, stack(0x000000196e100000,0x000000196e200000) (1024K)]
  0x00000185504ea530 WorkerThread "G1 Conc#0"                       [id=12304, stack(0x000000196e200000,0x000000196e300000) (1024K)]
  0x0000018550540970 ConcurrentGCThread "G1 Refine#0"               [id=8744, stack(0x000000196e300000,0x000000196e400000) (1024K)]
  0x0000018550541690 ConcurrentGCThread "G1 Service"                [id=5008, stack(0x000000196e400000,0x000000196e500000) (1024K)]
Total: 10

Threads with active compile tasks:
C2 CompilerThread0     6834 7284       4       com.sun.tools.javac.code.Symtab::enterClass (71 bytes)
Total: 1

VM state: not at safepoint (normal execution)

VM Mutex/Monitor currently owned by a thread: None

Heap address: 0x00000000c3200000, size: 974 MB, Compressed Oops mode: 32-bit

CDS archive(s) mapped at: [0x0000018500000000-0x0000018500c90000-0x0000018500c90000), size 13172736, SharedBaseAddress: 0x0000018500000000, ArchiveRelocationMode: 1.
Compressed class space mapped at: 0x0000018501000000-0x0000018541000000, reserved size: 1073741824
Narrow klass base: 0x0000018500000000, Narrow klass shift: 0, Narrow klass range: 0x100000000

GC Precious Log:
 CardTable entry size: 512
 Card Set container configuration: InlinePtr #cards 5 size 8 Array Of Cards #cards 12 size 40 Howl #buckets 4 coarsen threshold 1843 Howl Bitmap #cards 512 size 80 coarsen threshold 460 Card regions per heap region 1 cards per card region 2048
 CPUs: 4 total, 4 available
 Memory: 3895M
 Large Page Support: Disabled
 NUMA Support: Disabled
 Compressed Oops: Enabled (32-bit)
 Heap Region Size: 1M
 Heap Min Capacity: 8M
 Heap Initial Capacity: 62M
 Heap Max Capacity: 974M
 Pre-touch: Disabled
 Parallel Workers: 4
 Concurrent Workers: 1
 Concurrent Refinement Workers: 4
 Periodic GC: Disabled

Heap:
 garbage-first heap   total 78848K, used 49728K [0x00000000c3200000, 0x0000000100000000)
  region size 1024K, 16 young (16384K), 1 survivors (1024K)
 Metaspace       used 28827K, committed 29248K, reserved 1114112K
  class space    used 3190K, committed 3392K, reserved 1048576K

Heap Regions: E=young(eden), S=young(survivor), O=old, HS=humongous(starts), HC=humongous(continues), CS=collection set, F=free, TAMS=top-at-mark-start, PB=parsable bottom
|   0|0x00000000c3200000, 0x00000000c3300000, 0x00000000c3300000|100%| O|  |TAMS 0x00000000c3200000| PB 0x00000000c3200000| Untracked 
|   1|0x00000000c3300000, 0x00000000c3400000, 0x00000000c3400000|100%| O|  |TAMS 0x00000000c3300000| PB 0x00000000c3300000| Untracked 
|   2|0x00000000c3400000, 0x00000000c3500000, 0x00000000c3500000|100%| O|  |TAMS 0x00000000c3400000| PB 0x00000000c3400000| Untracked 
|   3|0x00000000c3500000, 0x00000000c3600000, 0x00000000c3600000|100%| O|  |TAMS 0x00000000c3500000| PB 0x00000000c3500000| Untracked 
|   4|0x00000000c3600000, 0x00000000c3700000, 0x00000000c3700000|100%| O|  |TAMS 0x00000000c3600000| PB 0x00000000c3600000| Untracked 
|   5|0x00000000c3700000, 0x00000000c3800000, 0x00000000c3800000|100%| O|  |TAMS 0x00000000c3700000| PB 0x00000000c3700000| Untracked 
|   6|0x00000000c3800000, 0x00000000c3900000, 0x00000000c3900000|100%|HS|  |TAMS 0x00000000c3800000| PB 0x00000000c3800000| Complete 
|   7|0x00000000c3900000, 0x00000000c3a00000, 0x00000000c3a00000|100%| O|  |TAMS 0x00000000c3900000| PB 0x00000000c3900000| Untracked 
|   8|0x00000000c3a00000, 0x00000000c3b00000, 0x00000000c3b00000|100%| O|  |TAMS 0x00000000c3a00000| PB 0x00000000c3a00000| Untracked 
|   9|0x00000000c3b00000, 0x00000000c3c00000, 0x00000000c3c00000|100%| O|  |TAMS 0x00000000c3b00000| PB 0x00000000c3b00000| Untracked 
|  10|0x00000000c3c00000, 0x00000000c3d00000, 0x00000000c3d00000|100%|HS|  |TAMS 0x00000000c3c00000| PB 0x00000000c3c00000| Complete 
|  11|0x00000000c3d00000, 0x00000000c3e00000, 0x00000000c3e00000|100%|HC|  |TAMS 0x00000000c3d00000| PB 0x00000000c3d00000| Complete 
|  12|0x00000000c3e00000, 0x00000000c3f00000, 0x00000000c3f00000|100%|HC|  |TAMS 0x00000000c3e00000| PB 0x00000000c3e00000| Complete 
|  13|0x00000000c3f00000, 0x00000000c4000000, 0x00000000c4000000|100%| O|  |TAMS 0x00000000c3f00000| PB 0x00000000c3f00000| Untracked 
|  14|0x00000000c4000000, 0x00000000c4100000, 0x00000000c4100000|100%| O|  |TAMS 0x00000000c4000000| PB 0x00000000c4000000| Untracked 
|  15|0x00000000c4100000, 0x00000000c4200000, 0x00000000c4200000|100%| O|  |TAMS 0x00000000c4100000| PB 0x00000000c4100000| Untracked 
|  16|0x00000000c4200000, 0x00000000c4300000, 0x00000000c4300000|100%| O|  |TAMS 0x00000000c4200000| PB 0x00000000c4200000| Untracked 
|  17|0x00000000c4300000, 0x00000000c4400000, 0x00000000c4400000|100%| O|  |TAMS 0x00000000c4300000| PB 0x00000000c4300000| Untracked 
|  18|0x00000000c4400000, 0x00000000c4500000, 0x00000000c4500000|100%| O|  |TAMS 0x00000000c4400000| PB 0x00000000c4400000| Untracked 
|  19|0x00000000c4500000, 0x00000000c4600000, 0x00000000c4600000|100%| O|  |TAMS 0x00000000c4500000| PB 0x00000000c4500000| Untracked 
|  20|0x00000000c4600000, 0x00000000c4700000, 0x00000000c4700000|100%| O|  |TAMS 0x00000000c4600000| PB 0x00000000c4600000| Untracked 
|  21|0x00000000c4700000, 0x00000000c4800000, 0x00000000c4800000|100%| O|  |TAMS 0x00000000c4700000| PB 0x00000000c4700000| Untracked 
|  22|0x00000000c4800000, 0x00000000c4900000, 0x00000000c4900000|100%| O|  |TAMS 0x00000000c4800000| PB 0x00000000c4800000| Untracked 
|  23|0x00000000c4900000, 0x00000000c4a00000, 0x00000000c4a00000|100%| O|  |TAMS 0x00000000c4900000| PB 0x00000000c4900000| Untracked 
|  24|0x00000000c4a00000, 0x00000000c4b00000, 0x00000000c4b00000|100%| O|  |TAMS 0x00000000c4a00000| PB 0x00000000c4a00000| Untracked 
|  25|0x00000000c4b00000, 0x00000000c4c00000, 0x00000000c4c00000|100%| O|Cm|TAMS 0x00000000c4b00000| PB 0x00000000c4b00000| Complete 
|  26|0x00000000c4c00000, 0x00000000c4d00000, 0x00000000c4d00000|100%| O|  |TAMS 0x00000000c4c00000| PB 0x00000000c4c00000| Untracked 
|  27|0x00000000c4d00000, 0x00000000c4e00000, 0x00000000c4e00000|100%| O|  |TAMS 0x00000000c4d00000| PB 0x00000000c4d00000| Untracked 
|  28|0x00000000c4e00000, 0x00000000c4f00000, 0x00000000c4f00000|100%| O|  |TAMS 0x00000000c4e00000| PB 0x00000000c4e00000| Untracked 
|  29|0x00000000c4f00000, 0x00000000c5000000, 0x00000000c5000000|100%| O|  |TAMS 0x00000000c4f00000| PB 0x00000000c4f00000| Untracked 
|  30|0x00000000c5000000, 0x00000000c5100000, 0x00000000c5100000|100%| O|  |TAMS 0x00000000c5000000| PB 0x00000000c5000000| Untracked 
|  31|0x00000000c5100000, 0x00000000c5200000, 0x00000000c5200000|100%| O|  |TAMS 0x00000000c5100000| PB 0x00000000c5100000| Untracked 
|  32|0x00000000c5200000, 0x00000000c5300000, 0x00000000c5300000|100%| O|  |TAMS 0x00000000c5200000| PB 0x00000000c5200000| Untracked 
|  33|0x00000000c5300000, 0x00000000c5390320, 0x00000000c5400000| 56%| O|  |TAMS 0x00000000c5300000| PB 0x00000000c5300000| Untracked 
|  34|0x00000000c5400000, 0x00000000c5400000, 0x00000000c5500000|  0%| F|  |TAMS 0x00000000c5400000| PB 0x00000000c5400000| Untracked 
|  35|0x00000000c5500000, 0x00000000c5500000, 0x00000000c5600000|  0%| F|  |TAMS 0x00000000c5500000| PB 0x00000000c5500000| Untracked 
|  36|0x00000000c5600000, 0x00000000c5600000, 0x00000000c5700000|  0%| F|  |TAMS 0x00000000c5600000| PB 0x00000000c5600000| Untracked 
|  37|0x00000000c5700000, 0x00000000c5700000, 0x00000000c5800000|  0%| F|  |TAMS 0x00000000c5700000| PB 0x00000000c5700000| Untracked 
|  38|0x00000000c5800000, 0x00000000c5800000, 0x00000000c5900000|  0%| F|  |TAMS 0x00000000c5800000| PB 0x00000000c5800000| Untracked 
|  39|0x00000000c5900000, 0x00000000c5900000, 0x00000000c5a00000|  0%| F|  |TAMS 0x00000000c5900000| PB 0x00000000c5900000| Untracked 
|  40|0x00000000c5a00000, 0x00000000c5a00000, 0x00000000c5b00000|  0%| F|  |TAMS 0x00000000c5a00000| PB 0x00000000c5a00000| Untracked 
|  41|0x00000000c5b00000, 0x00000000c5b00000, 0x00000000c5c00000|  0%| F|  |TAMS 0x00000000c5b00000| PB 0x00000000c5b00000| Untracked 
|  42|0x00000000c5c00000, 0x00000000c5c00000, 0x00000000c5d00000|  0%| F|  |TAMS 0x00000000c5c00000| PB 0x00000000c5c00000| Untracked 
|  43|0x00000000c5d00000, 0x00000000c5d00000, 0x00000000c5e00000|  0%| F|  |TAMS 0x00000000c5d00000| PB 0x00000000c5d00000| Untracked 
|  44|0x00000000c5e00000, 0x00000000c5f00000, 0x00000000c5f00000|100%| S|CS|TAMS 0x00000000c5e00000| PB 0x00000000c5e00000| Complete 
|  45|0x00000000c5f00000, 0x00000000c5f00000, 0x00000000c6000000|  0%| F|  |TAMS 0x00000000c5f00000| PB 0x00000000c5f00000| Untracked 
|  46|0x00000000c6000000, 0x00000000c6000000, 0x00000000c6100000|  0%| F|  |TAMS 0x00000000c6000000| PB 0x00000000c6000000| Untracked 
|  47|0x00000000c6100000, 0x00000000c6100000, 0x00000000c6200000|  0%| F|  |TAMS 0x00000000c6100000| PB 0x00000000c6100000| Untracked 
|  48|0x00000000c6200000, 0x00000000c6200000, 0x00000000c6300000|  0%| F|  |TAMS 0x00000000c6200000| PB 0x00000000c6200000| Untracked 
|  49|0x00000000c6300000, 0x00000000c6300000, 0x00000000c6400000|  0%| F|  |TAMS 0x00000000c6300000| PB 0x00000000c6300000| Untracked 
|  50|0x00000000c6400000, 0x00000000c6400000, 0x00000000c6500000|  0%| F|  |TAMS 0x00000000c6400000| PB 0x00000000c6400000| Untracked 
|  51|0x00000000c6500000, 0x00000000c6500000, 0x00000000c6600000|  0%| F|  |TAMS 0x00000000c6500000| PB 0x00000000c6500000| Untracked 
|  52|0x00000000c6600000, 0x00000000c6600000, 0x00000000c6700000|  0%| F|  |TAMS 0x00000000c6600000| PB 0x00000000c6600000| Untracked 
|  53|0x00000000c6700000, 0x00000000c6700000, 0x00000000c6800000|  0%| F|  |TAMS 0x00000000c6700000| PB 0x00000000c6700000| Untracked 
|  54|0x00000000c6800000, 0x00000000c6800000, 0x00000000c6900000|  0%| F|  |TAMS 0x00000000c6800000| PB 0x00000000c6800000| Untracked 
|  55|0x00000000c6900000, 0x00000000c6900000, 0x00000000c6a00000|  0%| F|  |TAMS 0x00000000c6900000| PB 0x00000000c6900000| Untracked 
|  56|0x00000000c6a00000, 0x00000000c6a00000, 0x00000000c6b00000|  0%| F|  |TAMS 0x00000000c6a00000| PB 0x00000000c6a00000| Untracked 
|  57|0x00000000c6b00000, 0x00000000c6b00000, 0x00000000c6c00000|  0%| F|  |TAMS 0x00000000c6b00000| PB 0x00000000c6b00000| Untracked 
|  58|0x00000000c6c00000, 0x00000000c6c00000, 0x00000000c6d00000|  0%| F|  |TAMS 0x00000000c6c00000| PB 0x00000000c6c00000| Untracked 
|  59|0x00000000c6d00000, 0x00000000c6d00000, 0x00000000c6e00000|  0%| F|  |TAMS 0x00000000c6d00000| PB 0x00000000c6d00000| Untracked 
|  60|0x00000000c6e00000, 0x00000000c6e00000, 0x00000000c6f00000|  0%| F|  |TAMS 0x00000000c6e00000| PB 0x00000000c6e00000| Untracked 
|  61|0x00000000c6f00000, 0x00000000c6f00000, 0x00000000c7000000|  0%| F|  |TAMS 0x00000000c6f00000| PB 0x00000000c6f00000| Untracked 
|  62|0x00000000c7000000, 0x00000000c7061390, 0x00000000c7100000| 37%| E|  |TAMS 0x00000000c7000000| PB 0x00000000c7000000| Complete 
|  63|0x00000000c7100000, 0x00000000c7200000, 0x00000000c7200000|100%| E|CS|TAMS 0x00000000c7100000| PB 0x00000000c7100000| Complete 
|  64|0x00000000c7200000, 0x00000000c7300000, 0x00000000c7300000|100%| E|CS|TAMS 0x00000000c7200000| PB 0x00000000c7200000| Complete 
|  65|0x00000000c7300000, 0x00000000c7400000, 0x00000000c7400000|100%| E|CS|TAMS 0x00000000c7300000| PB 0x00000000c7300000| Complete 
|  66|0x00000000c7400000, 0x00000000c7500000, 0x00000000c7500000|100%| E|CS|TAMS 0x00000000c7400000| PB 0x00000000c7400000| Complete 
|  67|0x00000000c7500000, 0x00000000c7600000, 0x00000000c7600000|100%| E|CS|TAMS 0x00000000c7500000| PB 0x00000000c7500000| Complete 
|  68|0x00000000c7600000, 0x00000000c7700000, 0x00000000c7700000|100%| E|CS|TAMS 0x00000000c7600000| PB 0x00000000c7600000| Complete 
|  69|0x00000000c7700000, 0x00000000c7800000, 0x00000000c7800000|100%| E|CS|TAMS 0x00000000c7700000| PB 0x00000000c7700000| Complete 
|  70|0x00000000c7800000, 0x00000000c7900000, 0x00000000c7900000|100%| E|CS|TAMS 0x00000000c7800000| PB 0x00000000c7800000| Complete 
|  71|0x00000000c7900000, 0x00000000c7a00000, 0x00000000c7a00000|100%| E|CS|TAMS 0x00000000c7900000| PB 0x00000000c7900000| Complete 
|  72|0x00000000c7a00000, 0x00000000c7b00000, 0x00000000c7b00000|100%| E|CS|TAMS 0x00000000c7a00000| PB 0x00000000c7a00000| Complete 
|  73|0x00000000c7b00000, 0x00000000c7c00000, 0x00000000c7c00000|100%| E|CS|TAMS 0x00000000c7b00000| PB 0x00000000c7b00000| Complete 
|  74|0x00000000c7c00000, 0x00000000c7d00000, 0x00000000c7d00000|100%| E|CS|TAMS 0x00000000c7c00000| PB 0x00000000c7c00000| Complete 
|  75|0x00000000c7d00000, 0x00000000c7e00000, 0x00000000c7e00000|100%| E|CS|TAMS 0x00000000c7d00000| PB 0x00000000c7d00000| Complete 
|  76|0x00000000c7e00000, 0x00000000c7f00000, 0x00000000c7f00000|100%| E|CS|TAMS 0x00000000c7e00000| PB 0x00000000c7e00000| Complete 

Card table byte_map: [0x0000018567b20000,0x0000018567d10000] _byte_map_base: 0x0000018567507000

Marking Bits: (CMBitMap*) 0x00000185504e0550
 Bits: [0x0000018567d10000, 0x0000018568c48000)

Polling page: 0x000001854e450000

Metaspace:

Usage:
  Non-class:     25.04 MB used.
      Class:      3.12 MB used.
       Both:     28.15 MB used.

Virtual space:
  Non-class space:       64.00 MB reserved,      25.25 MB ( 39%) committed,  1 nodes.
      Class space:        1.00 GB reserved,       3.31 MB ( <1%) committed,  1 nodes.
             Both:        1.06 GB reserved,      28.56 MB (  3%) committed. 

Chunk freelists:
   Non-Class:  6.67 MB
       Class:  12.66 MB
        Both:  19.33 MB

MaxMetaspaceSize: unlimited
CompressedClassSpaceSize: 1.00 GB
Initial GC threshold: 21.00 MB
Current GC threshold: 47.31 MB
CDS: on
 - commit_granule_bytes: 65536.
 - commit_granule_words: 8192.
 - virtual_space_node_default_size: 8388608.
 - enlarge_chunks_in_place: 1.
 - use_allocation_guard: 0.


Internal statistics:

num_allocs_failed_limit: 3.
num_arena_births: 324.
num_arena_deaths: 0.
num_vsnodes_births: 2.
num_vsnodes_deaths: 0.
num_space_committed: 457.
num_space_uncommitted: 0.
num_chunks_returned_to_freelist: 3.
num_chunks_taken_from_freelist: 1333.
num_chunk_merges: 3.
num_chunk_splits: 961.
num_chunks_enlarged: 764.
num_inconsistent_stats: 0.

CodeHeap 'non-profiled nmethods': size=120000Kb used=2435Kb max_used=2626Kb free=117564Kb
 bounds [0x0000018560400000, 0x00000185606a0000, 0x0000018567930000]
CodeHeap 'profiled nmethods': size=120000Kb used=14758Kb max_used=15655Kb free=105241Kb
 bounds [0x0000018558930000, 0x0000018559880000, 0x000001855fe60000]
CodeHeap 'non-nmethods': size=5760Kb used=1601Kb max_used=1643Kb free=4159Kb
 bounds [0x000001855fe60000, 0x00000185600d0000, 0x0000018560400000]
 total_blobs=7494 nmethods=6963 adapters=435
 compilation: enabled
              stopped_count=0, restarted_count=0
 full_count=0

Compilation events (20 events):
Event: 6.771 Thread 0x000001856b0bb370 7566       3       org.apache.maven.model.validation.DefaultModelValidator::equals (12 bytes)
Event: 6.771 Thread 0x000001856b0bb370 nmethod 7566 0x0000018558939c90 code [0x0000018558939e60, 0x000001855893a180]
Event: 6.771 Thread 0x000001856b0bb370 7565       3       java.nio.HeapCharBuffer::slice (49 bytes)
Event: 6.771 Thread 0x000001856b0bb370 nmethod 7565 0x0000018558939790 code [0x0000018558939940, 0x0000018558939bb0]
Event: 6.776 Thread 0x000001856b0bb370 7567       3       java.util.Set::spliterator (6 bytes)
Event: 6.776 Thread 0x000001856b0bb370 nmethod 7567 0x0000018558b29510 code [0x0000018558b296e0, 0x0000018558b29a70]
Event: 6.784 Thread 0x000001856b0bb370 7569       2       java.util.stream.Collectors::toMap (24 bytes)
Event: 6.784 Thread 0x000001856b0bb370 nmethod 7569 0x0000018558b28f10 code [0x0000018558b290e0, 0x0000018558b293a0]
Event: 6.784 Thread 0x000001856b0bb370 7570       2       java.util.stream.Collectors::uniqKeysMapAccumulator (8 bytes)
Event: 6.784 Thread 0x000001856b0bb370 nmethod 7570 0x0000018558939290 code [0x0000018558939440, 0x0000018558939640]
Event: 6.784 Thread 0x000001856b0bb370 7571       2       java.util.stream.Collectors$$Lambda/0x000001850105ad80::get (8 bytes)
Event: 6.784 Thread 0x000001856b0bb370 nmethod 7571 0x0000018558948090 code [0x0000018558948220, 0x0000018558948398]
Event: 6.789 Thread 0x000001856b0bb370 7572       1       org.apache.maven.model.Model::setModelEncoding (6 bytes)
Event: 6.789 Thread 0x000001856b0bb370 nmethod 7572 0x000001856047f290 code [0x000001856047f420, 0x000001856047f538]
Event: 6.789 Thread 0x000001856b0bb370 7573       2       org.apache.maven.model.normalization.DefaultModelNormalizer::mergeDuplicates (264 bytes)
Event: 6.791 Thread 0x000001856b0bb370 nmethod 7573 0x0000018558eeba90 code [0x0000018558eebe40, 0x0000018558eeccc0]
Event: 6.791 Thread 0x000001856b0bb370 7574       2       org.apache.maven.model.profile.DefaultProfileActivationContext::setProjectProperties (58 bytes)
Event: 6.791 Thread 0x000001856b0bb370 nmethod 7574 0x0000018558ca1410 code [0x0000018558ca1600, 0x0000018558ca1968]
Event: 6.791 Thread 0x000001856b0bb370 7575       2       java.util.Collections$SynchronizedCollection::stream (10 bytes)
Event: 6.791 Thread 0x000001856b0bb370 nmethod 7575 0x0000018558b28b10 code [0x0000018558b28cc0, 0x0000018558b28df8]

GC Heap History (20 events):
Event: 1.003 GC heap before
{Heap before GC invocations=0 (full 0):
 garbage-first heap   total 63488K, used 13312K [0x00000000c3200000, 0x0000000100000000)
  region size 1024K, 13 young (13312K), 0 survivors (0K)
 Metaspace       used 4033K, committed 4224K, reserved 1114112K
  class space    used 408K, committed 512K, reserved 1048576K
}
Event: 1.012 GC heap after
{Heap after GC invocations=1 (full 0):
 garbage-first heap   total 63488K, used 3360K [0x00000000c3200000, 0x0000000100000000)
  region size 1024K, 2 young (2048K), 2 survivors (2048K)
 Metaspace       used 4033K, committed 4224K, reserved 1114112K
  class space    used 408K, committed 512K, reserved 1048576K
}
Event: 1.401 GC heap before
{Heap before GC invocations=1 (full 0):
 garbage-first heap   total 63488K, used 19744K [0x00000000c3200000, 0x0000000100000000)
  region size 1024K, 18 young (18432K), 2 survivors (2048K)
 Metaspace       used 6447K, committed 6656K, reserved 1114112K
  class space    used 731K, committed 832K, reserved 1048576K
}
Event: 1.405 GC heap after
{Heap after GC invocations=2 (full 0):
 garbage-first heap   total 63488K, used 4368K [0x00000000c3200000, 0x0000000100000000)
  region size 1024K, 1 young (1024K), 1 survivors (1024K)
 Metaspace       used 6447K, committed 6656K, reserved 1114112K
  class space    used 731K, committed 832K, reserved 1048576K
}
Event: 2.699 GC heap before
{Heap before GC invocations=2 (full 0):
 garbage-first heap   total 63488K, used 40208K [0x00000000c3200000, 0x0000000100000000)
  region size 1024K, 37 young (37888K), 1 survivors (1024K)
 Metaspace       used 12816K, committed 12992K, reserved 1114112K
  class space    used 1528K, committed 1600K, reserved 1048576K
}
Event: 2.707 GC heap after
{Heap after GC invocations=3 (full 0):
 garbage-first heap   total 63488K, used 6874K [0x00000000c3200000, 0x0000000100000000)
  region size 1024K, 4 young (4096K), 4 survivors (4096K)
 Metaspace       used 12816K, committed 12992K, reserved 1114112K
  class space    used 1528K, committed 1600K, reserved 1048576K
}
Event: 3.742 GC heap before
{Heap before GC invocations=3 (full 0):
 garbage-first heap   total 63488K, used 40666K [0x00000000c3200000, 0x0000000100000000)
  region size 1024K, 37 young (37888K), 4 survivors (4096K)
 Metaspace       used 16040K, committed 16256K, reserved 1114112K
  class space    used 1842K, committed 1920K, reserved 1048576K
}
Event: 3.752 GC heap after
{Heap after GC invocations=4 (full 0):
 garbage-first heap   total 63488K, used 9642K [0x00000000c3200000, 0x0000000100000000)
  region size 1024K, 3 young (3072K), 3 survivors (3072K)
 Metaspace       used 16040K, committed 16256K, reserved 1114112K
  class space    used 1842K, committed 1920K, reserved 1048576K
}
Event: 4.953 GC heap before
{Heap before GC invocations=4 (full 0):
 garbage-first heap   total 63488K, used 50602K [0x00000000c3200000, 0x0000000100000000)
  region size 1024K, 37 young (37888K), 3 survivors (3072K)
 Metaspace       used 19343K, committed 19648K, reserved 1114112K
  class space    used 2211K, committed 2368K, reserved 1048576K
}
Event: 4.963 GC heap after
{Heap after GC invocations=5 (full 0):
 garbage-first heap   total 63488K, used 20975K [0x00000000c3200000, 0x0000000100000000)
  region size 1024K, 5 young (5120K), 5 survivors (5120K)
 Metaspace       used 19343K, committed 19648K, reserved 1114112K
  class space    used 2211K, committed 2368K, reserved 1048576K
}
Event: 5.070 GC heap before
{Heap before GC invocations=5 (full 0):
 garbage-first heap   total 63488K, used 21999K [0x00000000c3200000, 0x0000000100000000)
  region size 1024K, 7 young (7168K), 5 survivors (5120K)
 Metaspace       used 21222K, committed 21504K, reserved 1114112K
  class space    used 2478K, committed 2624K, reserved 1048576K
}
Event: 5.078 GC heap after
{Heap after GC invocations=6 (full 0):
 garbage-first heap   total 63488K, used 22332K [0x00000000c3200000, 0x0000000100000000)
  region size 1024K, 1 young (1024K), 1 survivors (1024K)
 Metaspace       used 21222K, committed 21504K, reserved 1114112K
  class space    used 2478K, committed 2624K, reserved 1048576K
}
Event: 5.553 GC heap before
{Heap before GC invocations=7 (full 0):
 garbage-first heap   total 63488K, used 42812K [0x00000000c3200000, 0x0000000100000000)
  region size 1024K, 24 young (24576K), 1 survivors (1024K)
 Metaspace       used 25529K, committed 25856K, reserved 1114112K
  class space    used 2904K, committed 3072K, reserved 1048576K
}
Event: 5.561 GC heap after
{Heap after GC invocations=8 (full 0):
 garbage-first heap   total 63488K, used 27057K [0x00000000c3200000, 0x0000000100000000)
  region size 1024K, 3 young (3072K), 3 survivors (3072K)
 Metaspace       used 25529K, committed 25856K, reserved 1114112K
  class space    used 2904K, committed 3072K, reserved 1048576K
}
Event: 5.701 GC heap before
{Heap before GC invocations=8 (full 0):
 garbage-first heap   total 63488K, used 47537K [0x00000000c3200000, 0x0000000100000000)
  region size 1024K, 23 young (23552K), 3 survivors (3072K)
 Metaspace       used 25845K, committed 26176K, reserved 1114112K
  class space    used 2939K, committed 3136K, reserved 1048576K
}
Event: 5.711 GC heap after
{Heap after GC invocations=9 (full 0):
 garbage-first heap   total 63488K, used 30160K [0x00000000c3200000, 0x0000000100000000)
  region size 1024K, 3 young (3072K), 3 survivors (3072K)
 Metaspace       used 25845K, committed 26176K, reserved 1114112K
  class space    used 2939K, committed 3136K, reserved 1048576K
}
Event: 6.096 GC heap before
{Heap before GC invocations=9 (full 0):
 garbage-first heap   total 63488K, used 50640K [0x00000000c3200000, 0x0000000100000000)
  region size 1024K, 22 young (22528K), 3 survivors (3072K)
 Metaspace       used 27712K, committed 28096K, reserved 1114112K
  class space    used 3123K, committed 3328K, reserved 1048576K
}
Event: 6.104 GC heap after
{Heap after GC invocations=10 (full 0):
 garbage-first heap   total 63488K, used 34227K [0x00000000c3200000, 0x0000000100000000)
  region size 1024K, 3 young (3072K), 3 survivors (3072K)
 Metaspace       used 27712K, committed 28096K, reserved 1114112K
  class space    used 3123K, committed 3328K, reserved 1048576K
}
Event: 6.426 GC heap before
{Heap before GC invocations=10 (full 0):
 garbage-first heap   total 63488K, used 51635K [0x00000000c3200000, 0x0000000100000000)
  region size 1024K, 20 young (20480K), 3 survivors (3072K)
 Metaspace       used 28517K, committed 28928K, reserved 1114112K
  class space    used 3179K, committed 3392K, reserved 1048576K
}
Event: 6.433 GC heap after
{Heap after GC invocations=11 (full 0):
 garbage-first heap   total 78848K, used 35392K [0x00000000c3200000, 0x0000000100000000)
  region size 1024K, 1 young (1024K), 1 survivors (1024K)
 Metaspace       used 28517K, committed 28928K, reserved 1114112K
  class space    used 3179K, committed 3392K, reserved 1048576K
}

Dll operation events (8 events):
Event: 0.076 Loaded shared library C:\Program Files\Java\jdk-21\bin\java.dll
Event: 0.135 Loaded shared library C:\Program Files\Java\jdk-21\bin\jsvml.dll
Event: 0.190 Loaded shared library C:\Program Files\Java\jdk-21\bin\net.dll
Event: 0.195 Loaded shared library C:\Program Files\Java\jdk-21\bin\nio.dll
Event: 0.200 Loaded shared library C:\Program Files\Java\jdk-21\bin\zip.dll
Event: 0.429 Loaded shared library C:\Program Files\Java\jdk-21\bin\jimage.dll
Event: 0.499 Loaded shared library C:\Program Files\NetBeans-20\netbeans\java\maven\lib\jansi-native\Windows\x86_64\jansi.dll
Event: 0.527 Loaded shared library C:\Program Files\Java\jdk-21\bin\verify.dll

Deoptimization events (20 events):
Event: 6.491 Thread 0x000001854e31ed50 Uncommon trap: trap_request=0xffffff45 fr.pc=0x00000185606740ec relative=0x000000000000158c
Event: 6.491 Thread 0x000001854e31ed50 Uncommon trap: reason=unstable_if action=reinterpret pc=0x00000185606740ec method=com.sun.tools.javac.code.Types.capture(Lcom/sun/tools/javac/code/Type;)Lcom/sun/tools/javac/code/Type; @ 235 c2
Event: 6.491 Thread 0x000001854e31ed50 DEOPT PACKING pc=0x00000185606740ec sp=0x000000196dffb4c0
Event: 6.491 Thread 0x000001854e31ed50 DEOPT UNPACKING pc=0x000001855feb7da2 sp=0x000000196dffb460 mode 2
Event: 6.528 Thread 0x000001854e31ed50 Uncommon trap: trap_request=0xffffff45 fr.pc=0x000001856060291c relative=0x000000000000017c
Event: 6.528 Thread 0x000001854e31ed50 Uncommon trap: reason=unstable_if action=reinterpret pc=0x000001856060291c method=com.sun.tools.javac.util.IntHashTable.lookup(Ljava/lang/Object;)I @ 73 c2
Event: 6.528 Thread 0x000001854e31ed50 DEOPT PACKING pc=0x000001856060291c sp=0x000000196dffcb50
Event: 6.528 Thread 0x000001854e31ed50 DEOPT UNPACKING pc=0x000001855feb7da2 sp=0x000000196dffcac8 mode 2
Event: 6.609 Thread 0x000001854e31ed50 Uncommon trap: trap_request=0xffffffde fr.pc=0x0000018560440638 relative=0x0000000000000e58
Event: 6.609 Thread 0x000001854e31ed50 Uncommon trap: reason=class_check action=maybe_recompile pc=0x0000018560440638 method=java.util.concurrent.ConcurrentHashMap.putVal(Ljava/lang/Object;Ljava/lang/Object;Z)Ljava/lang/Object; @ 242 c2
Event: 6.609 Thread 0x000001854e31ed50 DEOPT PACKING pc=0x0000018560440638 sp=0x000000196dffcec0
Event: 6.609 Thread 0x000001854e31ed50 DEOPT UNPACKING pc=0x000001855feb7da2 sp=0x000000196dffce30 mode 2
Event: 6.653 Thread 0x000001854e31ed50 Uncommon trap: trap_request=0xffffffbe fr.pc=0x00000185605b1b4c relative=0x000000000000116c
Event: 6.653 Thread 0x000001854e31ed50 Uncommon trap: reason=profile_predicate action=maybe_recompile pc=0x00000185605b1b4c method=java.util.concurrent.ConcurrentHashMap.putAll(Ljava/util/Map;)V @ 28 c2
Event: 6.653 Thread 0x000001854e31ed50 DEOPT PACKING pc=0x00000185605b1b4c sp=0x000000196dffd6d0
Event: 6.653 Thread 0x000001854e31ed50 DEOPT UNPACKING pc=0x000001855feb7da2 sp=0x000000196dffd6b0 mode 2
Event: 6.655 Thread 0x000001854e31ed50 Uncommon trap: trap_request=0xffffffbe fr.pc=0x00000185605b1b4c relative=0x000000000000116c
Event: 6.655 Thread 0x000001854e31ed50 Uncommon trap: reason=profile_predicate action=maybe_recompile pc=0x00000185605b1b4c method=java.util.concurrent.ConcurrentHashMap.putAll(Ljava/util/Map;)V @ 28 c2
Event: 6.655 Thread 0x000001854e31ed50 DEOPT PACKING pc=0x00000185605b1b4c sp=0x000000196dffd3f0
Event: 6.655 Thread 0x000001854e31ed50 DEOPT UNPACKING pc=0x000001855feb7da2 sp=0x000000196dffd3d0 mode 2

Classes loaded (20 events):
Event: 5.950 Loading class java/lang/runtime/ObjectMethods$1
Event: 5.950 Loading class java/lang/runtime/ObjectMethods$1 done
Event: 5.952 Loading class java/lang/invoke/DirectMethodHandle$1
Event: 5.953 Loading class java/lang/invoke/DirectMethodHandle$1 done
Event: 5.988 Loading class java/io/DataOutputStream
Event: 5.989 Loading class java/io/DataOutputStream done
Event: 6.123 Loading class java/lang/invoke/MethodHandleImpl$CountingWrapper
Event: 6.124 Loading class java/lang/invoke/MethodHandleImpl$CountingWrapper done
Event: 6.181 Loading class java/util/stream/ReduceOps$2
Event: 6.181 Loading class java/util/stream/ReduceOps$2 done
Event: 6.181 Loading class java/util/stream/ReduceOps$2ReducingSink
Event: 6.181 Loading class java/util/stream/ReduceOps$2ReducingSink done
Event: 6.592 Loading class java/util/EnumMap$Values
Event: 6.592 Loading class java/util/EnumMap$Values done
Event: 6.592 Loading class java/util/EnumMap$ValueIterator
Event: 6.592 Loading class java/util/EnumMap$ValueIterator done
Event: 6.593 Loading class java/util/WeakHashMap$KeyIterator
Event: 6.593 Loading class java/util/WeakHashMap$HashIterator
Event: 6.593 Loading class java/util/WeakHashMap$HashIterator done
Event: 6.593 Loading class java/util/WeakHashMap$KeyIterator done

Classes unloaded (0 events):
No events

Classes redefined (0 events):
No events

Internal exceptions (20 events):
Event: 6.333 Thread 0x000001854e31ed50 Exception <a 'sun/nio/fs/WindowsException'{0x00000000c6332280}> (0x00000000c6332280) 
thrown [s\open\src\hotspot\share\prims\jni.cpp, line 520]
Event: 6.341 Thread 0x000001854e31ed50 Exception <a 'java/lang/NoSuchMethodError'{0x00000000c636fff8}: 'java.lang.Object java.lang.invoke.DirectMethodHandle$Holder.newInvokeSpecial(java.lang.Object, java.lang.Object, java.lang.Object, int)'> (0x00000000c636fff8) 
thrown [s\open\src\hotspot\share\interpreter\linkResolver.cpp, line 773]
Event: 6.342 Thread 0x000001854e31ed50 Exception <a 'java/lang/NoSuchMethodError'{0x00000000c6374698}: 'java.lang.Object java.lang.invoke.DirectMethodHandle$Holder.invokeSpecial(java.lang.Object, java.lang.Object, java.lang.Object, java.lang.Object, int)'> (0x00000000c6374698) 
thrown [s\open\src\hotspot\share\interpreter\linkResolver.cpp, line 773]
Event: 6.342 Thread 0x000001854e31ed50 Exception <a 'java/lang/NoSuchMethodError'{0x00000000c6378340}: 'java.lang.Object java.lang.invoke.Invokers$Holder.linkToTargetMethod(java.lang.Object, java.lang.Object, int, java.lang.Object)'> (0x00000000c6378340) 
thrown [s\open\src\hotspot\share\interpreter\linkResolver.cpp, line 773]
Event: 6.351 Thread 0x000001854e31ed50 Exception <a 'sun/nio/fs/WindowsException'{0x00000000c63e7ae0}> (0x00000000c63e7ae0) 
thrown [s\open\src\hotspot\share\prims\jni.cpp, line 520]
Event: 6.356 Thread 0x000001854e31ed50 Exception <a 'sun/nio/fs/WindowsException'{0x00000000c6220b90}> (0x00000000c6220b90) 
thrown [s\open\src\hotspot\share\prims\jni.cpp, line 520]
Event: 6.359 Thread 0x000001854e31ed50 Exception <a 'sun/nio/fs/WindowsException'{0x00000000c62346d8}> (0x00000000c62346d8) 
thrown [s\open\src\hotspot\share\prims\jni.cpp, line 520]
Event: 6.370 Thread 0x000001854e31ed50 Exception <a 'sun/nio/fs/WindowsException'{0x00000000c62b4870}> (0x00000000c62b4870) 
thrown [s\open\src\hotspot\share\prims\jni.cpp, line 520]
Event: 6.396 Thread 0x000001854e31ed50 Exception <a 'sun/nio/fs/WindowsException'{0x00000000c6045580}> (0x00000000c6045580) 
thrown [s\open\src\hotspot\share\prims\jni.cpp, line 520]
Event: 6.418 Thread 0x000001854e31ed50 Exception <a 'sun/nio/fs/WindowsException'{0x00000000c5f98440}> (0x00000000c5f98440) 
thrown [s\open\src\hotspot\share\prims\jni.cpp, line 520]
Event: 6.450 Thread 0x000001854e31ed50 Exception <a 'sun/nio/fs/WindowsException'{0x00000000c7e2e398}> (0x00000000c7e2e398) 
thrown [s\open\src\hotspot\share\prims\jni.cpp, line 520]
Event: 6.459 Thread 0x000001854e31ed50 Exception <a 'sun/nio/fs/WindowsException'{0x00000000c7e6e6f8}> (0x00000000c7e6e6f8) 
thrown [s\open\src\hotspot\share\prims\jni.cpp, line 520]
Event: 6.468 Thread 0x000001854e31ed50 Exception <a 'sun/nio/fs/WindowsException'{0x00000000c7ec30e0}> (0x00000000c7ec30e0) 
thrown [s\open\src\hotspot\share\prims\jni.cpp, line 520]
Event: 6.477 Thread 0x000001854e31ed50 Exception <a 'sun/nio/fs/WindowsException'{0x00000000c7d18a10}> (0x00000000c7d18a10) 
thrown [s\open\src\hotspot\share\prims\jni.cpp, line 520]
Event: 6.499 Thread 0x000001854e31ed50 Exception <a 'sun/nio/fs/WindowsException'{0x00000000c7d783d8}> (0x00000000c7d783d8) 
thrown [s\open\src\hotspot\share\prims\jni.cpp, line 520]
Event: 6.513 Thread 0x000001854e31ed50 Exception <a 'sun/nio/fs/WindowsException'{0x00000000c7c30ed0}> (0x00000000c7c30ed0) 
thrown [s\open\src\hotspot\share\prims\jni.cpp, line 520]
Event: 6.532 Thread 0x000001854e31ed50 Exception <a 'sun/nio/fs/WindowsException'{0x00000000c7cfac40}> (0x00000000c7cfac40) 
thrown [s\open\src\hotspot\share\prims\jni.cpp, line 520]
Event: 6.554 Thread 0x000001854e31ed50 Exception <a 'sun/nio/fs/WindowsException'{0x00000000c7bd7420}> (0x00000000c7bd7420) 
thrown [s\open\src\hotspot\share\prims\jni.cpp, line 520]
Event: 6.559 Thread 0x000001854e31ed50 Exception <a 'sun/nio/fs/WindowsException'{0x00000000c7bf8078}> (0x00000000c7bf8078) 
thrown [s\open\src\hotspot\share\prims\jni.cpp, line 520]
Event: 6.585 Thread 0x000001854e31ed50 Exception <a 'sun/nio/fs/WindowsException'{0x00000000c793be30}> (0x00000000c793be30) 
thrown [s\open\src\hotspot\share\prims\jni.cpp, line 520]

ZGC Phase Switch (0 events):
No events

VM Operations (20 events):
Event: 6.238 Executing VM operation: HandshakeAllThreads (Deoptimize)
Event: 6.238 Executing VM operation: HandshakeAllThreads (Deoptimize) done
Event: 6.239 Executing VM operation: HandshakeAllThreads (Deoptimize)
Event: 6.239 Executing VM operation: HandshakeAllThreads (Deoptimize) done
Event: 6.302 Executing VM operation: ICBufferFull
Event: 6.302 Executing VM operation: ICBufferFull done
Event: 6.340 Executing VM operation: HandshakeAllThreads (Deoptimize)
Event: 6.340 Executing VM operation: HandshakeAllThreads (Deoptimize) done
Event: 6.373 Executing VM operation: ICBufferFull
Event: 6.373 Executing VM operation: ICBufferFull done
Event: 6.422 Executing VM operation: ICBufferFull
Event: 6.423 Executing VM operation: ICBufferFull done
Event: 6.426 Executing VM operation: G1CollectForAllocation (G1 Evacuation Pause)
Event: 6.433 Executing VM operation: G1CollectForAllocation (G1 Evacuation Pause) done
Event: 6.470 Executing VM operation: ICBufferFull
Event: 6.470 Executing VM operation: ICBufferFull done
Event: 6.478 Executing VM operation: G1PauseRemark
Event: 6.487 Executing VM operation: G1PauseRemark done
Event: 6.506 Executing VM operation: G1PauseCleanup
Event: 6.506 Executing VM operation: G1PauseCleanup done

Events (20 events):
Event: 6.486 Thread 0x0000018550565190 flushing nmethod 0x0000018558f24890
Event: 6.486 Thread 0x0000018550565190 flushing nmethod 0x0000018558f2de10
Event: 6.486 Thread 0x0000018550565190 flushing nmethod 0x0000018558f64190
Event: 6.486 Thread 0x0000018550565190 flushing nmethod 0x000001855902bb10
Event: 6.486 Thread 0x0000018550565190 flushing nmethod 0x000001855903df10
Event: 6.486 Thread 0x0000018550565190 flushing nmethod 0x00000185590b0590
Event: 6.486 Thread 0x0000018550565190 flushing nmethod 0x0000018559168d90
Event: 6.486 Thread 0x0000018550565190 flushing nmethod 0x000001855919a710
Event: 6.486 Thread 0x0000018550565190 flushing nmethod 0x00000185591a3890
Event: 6.486 Thread 0x0000018550565190 flushing nmethod 0x00000185591a3e10
Event: 6.486 Thread 0x0000018550565190 flushing nmethod 0x00000185591a4310
Event: 6.486 Thread 0x0000018550565190 flushing nmethod 0x00000185591a4790
Event: 6.486 Thread 0x0000018550565190 flushing nmethod 0x00000185591a6090
Event: 6.486 Thread 0x0000018550565190 flushing nmethod 0x00000185591a6590
Event: 6.486 Thread 0x0000018550565190 flushing nmethod 0x00000185591a6a90
Event: 6.486 Thread 0x0000018550565190 flushing nmethod 0x00000185591a7a90
Event: 6.486 Thread 0x0000018550565190 flushing nmethod 0x00000185591a8f10
Event: 6.486 Thread 0x0000018550565190 flushing nmethod 0x00000185591a9590
Event: 6.486 Thread 0x0000018550565190 flushing nmethod 0x00000185591a9a90
Event: 6.486 Thread 0x0000018550565190 flushing nmethod 0x00000185591acd90


Dynamic libraries:
0x00007ff7a3340000 - 0x00007ff7a3350000 	C:\Program Files\Java\jdk-21\bin\java.exe
0x00007ffdb5c10000 - 0x00007ffdb5e27000 	C:\WINDOWS\SYSTEM32\ntdll.dll
0x00007ffdb49e0000 - 0x00007ffdb4aa4000 	C:\WINDOWS\System32\KERNEL32.DLL
0x00007ffdb30c0000 - 0x00007ffdb347a000 	C:\WINDOWS\System32\KERNELBASE.dll
0x00007ffdb36e0000 - 0x00007ffdb37f1000 	C:\WINDOWS\System32\ucrtbase.dll
0x00007ffd98560000 - 0x00007ffd9857b000 	C:\Program Files\Java\jdk-21\bin\VCRUNTIME140.dll
0x00007ffd89310000 - 0x00007ffd89329000 	C:\Program Files\Java\jdk-21\bin\jli.dll
0x00007ffdb4c30000 - 0x00007ffdb4ce2000 	C:\WINDOWS\System32\ADVAPI32.dll
0x00007ffdb5910000 - 0x00007ffdb59b7000 	C:\WINDOWS\System32\msvcrt.dll
0x00007ffdb59c0000 - 0x00007ffdb5a67000 	C:\WINDOWS\System32\sechost.dll
0x00007ffdb2ef0000 - 0x00007ffdb2f18000 	C:\WINDOWS\System32\bcrypt.dll
0x00007ffdb45a0000 - 0x00007ffdb46b4000 	C:\WINDOWS\System32\RPCRT4.dll
0x00007ffdb41f0000 - 0x00007ffdb439e000 	C:\WINDOWS\System32\USER32.dll
0x00007ffdb2f20000 - 0x00007ffdb2f46000 	C:\WINDOWS\System32\win32u.dll
0x00007ffdb57c0000 - 0x00007ffdb57e9000 	C:\WINDOWS\System32\GDI32.dll
0x00007ffdb35c0000 - 0x00007ffdb36db000 	C:\WINDOWS\System32\gdi32full.dll
0x00007ffdb3800000 - 0x00007ffdb389a000 	C:\WINDOWS\System32\msvcp_win.dll
0x00007ffd9e950000 - 0x00007ffd9ebe2000 	C:\WINDOWS\WinSxS\amd64_microsoft.windows.common-controls_6595b64144ccf1df_6.0.22621.4541_none_2710d1c57384c085\COMCTL32.dll
0x00007ffdaa090000 - 0x00007ffdaa09a000 	C:\WINDOWS\SYSTEM32\VERSION.dll
0x00007ffdb5860000 - 0x00007ffdb5891000 	C:\WINDOWS\System32\IMM32.DLL
0x00007ffdac6b0000 - 0x00007ffdac6bc000 	C:\Program Files\Java\jdk-21\bin\vcruntime140_1.dll
0x00007ffd6bc70000 - 0x00007ffd6bcfe000 	C:\Program Files\Java\jdk-21\bin\msvcp140.dll
0x00007ffd2dc80000 - 0x00007ffd2e998000 	C:\Program Files\Java\jdk-21\bin\server\jvm.dll
0x00007ffdb4510000 - 0x00007ffdb4581000 	C:\WINDOWS\System32\WS2_32.dll
0x00007ffdb2d10000 - 0x00007ffdb2d5d000 	C:\WINDOWS\SYSTEM32\POWRPROF.dll
0x00007ffdab5b0000 - 0x00007ffdab5e4000 	C:\WINDOWS\SYSTEM32\WINMM.dll
0x00007ffdb2bf0000 - 0x00007ffdb2c03000 	C:\WINDOWS\SYSTEM32\UMPDC.dll
0x00007ffdb1f30000 - 0x00007ffdb1f48000 	C:\WINDOWS\SYSTEM32\kernel.appcore.dll
0x00007ffd9e6b0000 - 0x00007ffd9e6ba000 	C:\Program Files\Java\jdk-21\bin\jimage.dll
0x00007ffdb04a0000 - 0x00007ffdb06d2000 	C:\WINDOWS\SYSTEM32\DBGHELP.DLL
0x00007ffdb4f90000 - 0x00007ffdb531f000 	C:\WINDOWS\System32\combase.dll
0x00007ffdb4eb0000 - 0x00007ffdb4f87000 	C:\WINDOWS\System32\OLEAUT32.dll
0x00007ffd95440000 - 0x00007ffd95472000 	C:\WINDOWS\SYSTEM32\dbgcore.DLL
0x00007ffdb3540000 - 0x00007ffdb35bb000 	C:\WINDOWS\System32\bcryptPrimitives.dll
0x00007ffd897c0000 - 0x00007ffd897df000 	C:\Program Files\Java\jdk-21\bin\java.dll
0x00007ffdb3920000 - 0x00007ffdb4198000 	C:\WINDOWS\System32\SHELL32.dll
0x00007ffdb0e30000 - 0x00007ffdb1738000 	C:\WINDOWS\SYSTEM32\windows.storage.dll
0x00007ffdb0cf0000 - 0x00007ffdb0e2f000 	C:\WINDOWS\SYSTEM32\wintypes.dll
0x00007ffdb46c0000 - 0x00007ffdb47ba000 	C:\WINDOWS\System32\SHCORE.dll
0x00007ffdb58a0000 - 0x00007ffdb58fe000 	C:\WINDOWS\System32\shlwapi.dll
0x00007ffdb2e20000 - 0x00007ffdb2e4b000 	C:\WINDOWS\SYSTEM32\profapi.dll
0x00007ffd67100000 - 0x00007ffd671d7000 	C:\Program Files\Java\jdk-21\bin\jsvml.dll
0x00007ffd9d0e0000 - 0x00007ffd9d0f0000 	C:\Program Files\Java\jdk-21\bin\net.dll
0x00007ffdae560000 - 0x00007ffdae696000 	C:\WINDOWS\SYSTEM32\WINHTTP.dll
0x00007ffdb23b0000 - 0x00007ffdb2419000 	C:\WINDOWS\system32\mswsock.dll
0x00007ffd89420000 - 0x00007ffd89436000 	C:\Program Files\Java\jdk-21\bin\nio.dll
0x00007ffd80e30000 - 0x00007ffd80e48000 	C:\Program Files\Java\jdk-21\bin\zip.dll
0x0000000069ac0000 - 0x0000000069ae4000 	C:\Program Files\NetBeans-20\netbeans\java\maven\lib\jansi-native\Windows\x86_64\jansi.dll
0x00007ffd95630000 - 0x00007ffd95640000 	C:\Program Files\Java\jdk-21\bin\verify.dll

dbghelp: loaded successfully - version: 4.0.5 - missing functions: none
symbol engine: initialized successfully - sym options: 0x614 - pdb path: .;C:\Program Files\Java\jdk-21\bin;C:\WINDOWS\SYSTEM32;C:\WINDOWS\WinSxS\amd64_microsoft.windows.common-controls_6595b64144ccf1df_6.0.22621.4541_none_2710d1c57384c085;C:\Program Files\Java\jdk-21\bin\server;C:\Program Files\NetBeans-20\netbeans\java\maven\lib\jansi-native\Windows\x86_64

VM Arguments:
jvm_args: -Dclassworlds.conf=C:\Program Files\NetBeans-20\netbeans\java\maven\bin\m2.conf -Dmaven.home=C:\Program Files\NetBeans-20\netbeans\java\maven -Dlibrary.jansi.path=C:\Program Files\NetBeans-20\netbeans\java\maven\lib\jansi-native -Dmaven.multiModuleProjectDirectory=D:\FILE MEEEEE\SEMESTER 3\PBO\Java_farm\Java_farm\Java_farm 
java_command: org.codehaus.plexus.classworlds.launcher.Launcher -Dexec.vmArgs=--enable-preview -Dexec.args=${exec.vmArgs} -classpath %classpath ${exec.mainClass} ${exec.appArgs} -Dexec.appArgs= -Dexec.mainClass=com.mycompany.java_farm.mainUi -Dexec.executable=C:\Program Files\Java\jdk-21\bin\java.exe -Dmaven.ext.class.path=C:\Program Files\NetBeans-20\netbeans\java\maven-nblib\netbeans-eventspy.jar --no-transfer-progress javafx:run
java_class_path (initial): C:\Program Files\NetBeans-20\netbeans\java\maven\boot\plexus-classworlds-2.7.0.jar
Launcher Type: SUN_STANDARD

[Global flags]
     intx CICompilerCount                          = 3                                         {product} {ergonomic}
     uint ConcGCThreads                            = 1                                         {product} {ergonomic}
     uint G1ConcRefinementThreads                  = 4                                         {product} {ergonomic}
   size_t G1HeapRegionSize                         = 1048576                                   {product} {ergonomic}
    uintx GCDrainStackTargetSize                   = 64                                        {product} {ergonomic}
   size_t InitialHeapSize                          = 65011712                                  {product} {ergonomic}
   size_t MarkStackSize                            = 4194304                                   {product} {ergonomic}
   size_t MaxHeapSize                              = 1021313024                                {product} {ergonomic}
   size_t MaxNewSize                               = 612368384                                 {product} {ergonomic}
   size_t MinHeapDeltaBytes                        = 1048576                                   {product} {ergonomic}
   size_t MinHeapSize                              = 8388608                                   {product} {ergonomic}
    uintx NonNMethodCodeHeapSize                   = 5832780                                {pd product} {ergonomic}
    uintx NonProfiledCodeHeapSize                  = 122912730                              {pd product} {ergonomic}
    uintx ProfiledCodeHeapSize                     = 122912730                              {pd product} {ergonomic}
    uintx ReservedCodeCacheSize                    = 251658240                              {pd product} {ergonomic}
     bool SegmentedCodeCache                       = true                                      {product} {ergonomic}
   size_t SoftMaxHeapSize                          = 1021313024                             {manageable} {ergonomic}
     bool UseCompressedOops                        = true                           {product lp64_product} {ergonomic}
     bool UseG1GC                                  = true                                      {product} {ergonomic}
     bool UseLargePagesIndividualAllocation        = false                                  {pd product} {ergonomic}

Logging:
Log output configuration:
 #0: stdout all=warning uptime,level,tags foldmultilines=false
 #1: stderr all=off uptime,level,tags foldmultilines=false

Environment Variables:
JAVA_HOME=C:\Program Files\Java\jdk-21
PATH=C:\Program Files\Common Files\Oracle\Java\javapath;C:\WINDOWS\system32;C:\WINDOWS;C:\WINDOWS\System32\Wbem;C:\WINDOWS\System32\WindowsPowerShell\v1.0\;C:\WINDOWS\System32\OpenSSH\;C:\MinGW\bin;C:\Program Files\dotnet\;C:\Program Files\MySQL\MySQL Server 8.0\bin;C:\xampp\php;C:\Program Files\MATLAB\R2024b\bin;C:\Program Files\Java\jdk-23\bin;C:\Users\USER\Downloads\apache-ant-1.10.15-bin\bin;C:\Program Files\Java\javafx-sdk-23.0.1\bin;C:\Program Files\NetBeans-20\netbeans\java\maven;C:\Users\USER\Downloads\apache-maven-3.9.9-bin\apache-maven-3.9.9\bin;C:\Program Files\Java\jdk-21\bin;C:\Program Files\Java\javafx-sdk-21.0.5\bin;C:\Program Files\Java\jdk-21\bin;C:\Program Files\MySQL\MySQL Shell 8.0\bin\;C:\Users\USER\AppData\Local\Microsoft\WindowsApps;;C:\Users\USER\Documents\FILE MEEEEE\Microsoft VS Code\bin
USERNAME=USER
OS=Windows_NT
PROCESSOR_IDENTIFIER=Intel64 Family 6 Model 140 Stepping 1, GenuineIntel
TMP=C:\Users\USER\AppData\Local\Temp
TEMP=C:\Users\USER\AppData\Local\Temp




Periodic native trim disabled

---------------  S Y S T E M  ---------------

OS:
 Windows 11 , 64 bit Build 22621 (10.0.22621.4391)
OS uptime: 0 days 18:12 hours

CPU: total 4 (initial active 4) (2 cores per cpu, 2 threads per core) family 6 model 140 stepping 1 microcode 0x9a, cx8, cmov, fxsr, ht, mmx, 3dnowpref, sse, sse2, sse3, ssse3, sse4.1, sse4.2, popcnt, lzcnt, tsc, tscinvbit, avx, avx2, aes, erms, clmul, bmi1, bmi2, adx, avx512f, avx512dq, avx512cd, avx512bw, avx512vl, sha, fma, vzeroupper, avx512_vpopcntdq, avx512_vpclmulqdq, avx512_vaes, avx512_vnni, clflush, clflushopt, clwb, avx512_vbmi2, avx512_vbmi, rdtscp, rdpid, fsrm, gfni, avx512_bitalg, f16c, pku, cet_ibt, cet_ss, avx512_ifma
Processor Information for all 4 processors :
  Max Mhz: 2995, Current Mhz: 2995, Mhz Limit: 2995

Memory: 4k page, system-wide physical 3895M (296M free)
TotalPageFile size 15671M (AvailPageFile size 4M)
current process WorkingSet (physical memory assigned to process): 204M, peak: 204M
current process commit charge ("private bytes"): 227M, peak: 228M

vm_info: Java HotSpot(TM) 64-Bit Server VM (21.0.5+9-LTS-239) for windows-amd64 JRE (21.0.5+9-LTS-239), built on 2024-09-30T05:17:38Z by "mach5one" with MS VC++ 17.6 (VS2022)

END.
