#
# There is insufficient memory for the Java Runtime Environment to continue.
# Native memory allocation (malloc) failed to allocate 902576 bytes for Chunk::new
# Possible reasons:
#   The system is out of physical RAM or swap space
#   The process is running with CompressedOops enabled, and the Java Heap may be blocking the growth of the native heap
# Possible solutions:
#   Reduce memory load on the system
#   Increase physical memory or swap space
#   Check if swap backing store is full
#   Decrease Java heap size (-Xmx/-Xms)
#   Decrease number of Java threads
#   Decrease Java thread stack sizes (-Xss)
#   Set larger code cache with -XX:ReservedCodeCacheSize=
#   JVM is running with Unscaled Compressed Oops mode in which the Java heap is
#     placed in the first 4GB address space. The Java Heap base address is the
#     maximum limit for the native heap growth. Please use -XX:HeapBaseMinAddress
#     to set the Java Heap base and to place the Java Heap above 4GB virtual address.
# This output file may be truncated or incomplete.
#
#  Out of Memory Error (arena.cpp:168), pid=20588, tid=18056
#
# JRE version: Java(TM) SE Runtime Environment (21.0.5+9) (build 21.0.5+9-LTS-239)
# Java VM: Java HotSpot(TM) 64-Bit Server VM (21.0.5+9-LTS-239, mixed mode, sharing, tiered, compressed oops, compressed class ptrs, g1 gc, windows-amd64)
# No core dump will be written. Minidumps are not enabled by default on client versions of Windows
#

---------------  S U M M A R Y ------------

Command Line: -Dclassworlds.conf=C:\Program Files\NetBeans-20\netbeans\java\maven\bin\m2.conf -Dmaven.home=C:\Program Files\NetBeans-20\netbeans\java\maven -Dlibrary.jansi.path=C:\Program Files\NetBeans-20\netbeans\java\maven\lib\jansi-native -Dmaven.multiModuleProjectDirectory=D:\FILE MEEEEE\SEMESTER 3\PBO\Java_farm\Java_farm org.codehaus.plexus.classworlds.launcher.Launcher -Dexec.vmArgs= -Dexec.args=${exec.vmArgs} -classpath %classpath ${exec.mainClass} ${exec.appArgs} -Dexec.appArgs= -Dexec.mainClass=com.mycompany.java_farm.mainUi -Dexec.executable=C:\Program Files\Java\jdk-21\bin\java.exe -Dmaven.ext.class.path=C:\Program Files\NetBeans-20\netbeans\java\maven-nblib\netbeans-eventspy.jar --no-transfer-progress javafx:run

Host: 11th Gen Intel(R) Core(TM) i3-1115G4 @ 3.00GHz, 4 cores, 3G,  Windows 11 , 64 bit Build 22621 (10.0.22621.4391)
Time: Mon Dec  2 14:34:22 2024 SE Asia Standard Time elapsed time: 6.491360 seconds (0d 0h 0m 6s)

---------------  T H R E A D  ---------------

Current thread (0x000002547d3bbbb0):  JavaThread "C2 CompilerThread0" daemon [_thread_in_native, id=18056, stack(0x0000007f92d00000,0x0000007f92e00000) (1024K)]


Current CompileTask:
C2:   6491 4497   !   4       com.google.inject.spi.InjectionPoint::getInjectionPoints (491 bytes)

Stack: [0x0000007f92d00000,0x0000007f92e00000]
Native frames: (J=compiled Java code, j=interpreted, Vv=VM code, C=native code)
V  [jvm.dll+0x6ca289]
V  [jvm.dll+0x854a51]
V  [jvm.dll+0x856f7e]
V  [jvm.dll+0x857653]
V  [jvm.dll+0x27dd26]
V  [jvm.dll+0xc4c2d]
V  [jvm.dll+0xc5163]
V  [jvm.dll+0x2f0ccd]
V  [jvm.dll+0x5f4ffa]
V  [jvm.dll+0x24f882]
V  [jvm.dll+0x248446]
V  [jvm.dll+0x245de4]
V  [jvm.dll+0x1c6d0e]
V  [jvm.dll+0x2554d9]
V  [jvm.dll+0x253a6a]
V  [jvm.dll+0x3ee136]
V  [jvm.dll+0x7fee9b]
V  [jvm.dll+0x6c896d]
C  [ucrtbase.dll+0x29333]
C  [KERNEL32.DLL+0x1259d]
C  [ntdll.dll+0x5af38]


---------------  P R O C E S S  ---------------

Threads class SMR info:
_java_thread_list=0x000002547dae9060, length=14, elements={
0x000002547179f920, 0x000002547d39f580, 0x000002547d3a0490, 0x000002547d3a34e0,
0x000002547d3a6440, 0x000002547d3a6e90, 0x000002547d3a78e0, 0x000002547d3bbbb0,
0x000002547d3c26b0, 0x000002547d5f85c0, 0x000002547d5fb200, 0x000002547e704af0,
0x000002547ebec6f0, 0x000002547eeecb40
}

Java Threads: ( => current thread )
  0x000002547179f920 JavaThread "main"                              [_thread_in_native, id=21604, stack(0x0000007f91f00000,0x0000007f92000000) (1024K)]
  0x000002547d39f580 JavaThread "Reference Handler"          daemon [_thread_blocked, id=20740, stack(0x0000007f92700000,0x0000007f92800000) (1024K)]
  0x000002547d3a0490 JavaThread "Finalizer"                  daemon [_thread_blocked, id=15452, stack(0x0000007f92800000,0x0000007f92900000) (1024K)]
  0x000002547d3a34e0 JavaThread "Signal Dispatcher"          daemon [_thread_blocked, id=18684, stack(0x0000007f92900000,0x0000007f92a00000) (1024K)]
  0x000002547d3a6440 JavaThread "Attach Listener"            daemon [_thread_blocked, id=20652, stack(0x0000007f92a00000,0x0000007f92b00000) (1024K)]
  0x000002547d3a6e90 JavaThread "Service Thread"             daemon [_thread_blocked, id=21080, stack(0x0000007f92b00000,0x0000007f92c00000) (1024K)]
  0x000002547d3a78e0 JavaThread "Monitor Deflation Thread"   daemon [_thread_blocked, id=8464, stack(0x0000007f92c00000,0x0000007f92d00000) (1024K)]
=>0x000002547d3bbbb0 JavaThread "C2 CompilerThread0"         daemon [_thread_in_native, id=18056, stack(0x0000007f92d00000,0x0000007f92e00000) (1024K)]
  0x000002547d3c26b0 JavaThread "C1 CompilerThread0"         daemon [_thread_blocked, id=7676, stack(0x0000007f92e00000,0x0000007f92f00000) (1024K)]
  0x000002547d5f85c0 JavaThread "Notification Thread"        daemon [_thread_blocked, id=4132, stack(0x0000007f92f00000,0x0000007f93000000) (1024K)]
  0x000002547d5fb200 JavaThread "Common-Cleaner"             daemon [_thread_blocked, id=18944, stack(0x0000007f93000000,0x0000007f93100000) (1024K)]
  0x000002547e704af0 JavaThread "Exec Stream Pumper"         daemon [_thread_in_native, id=22452, stack(0x0000007f93400000,0x0000007f93500000) (1024K)]
  0x000002547ebec6f0 JavaThread "Exec Stream Pumper"         daemon [_thread_in_native, id=14332, stack(0x0000007f93500000,0x0000007f93600000) (1024K)]
  0x000002547eeecb40 JavaThread "Exec Input Stream Pumper"   daemon [_thread_blocked, id=15476, stack(0x0000007f93600000,0x0000007f93700000) (1024K)]
Total: 14

Other Threads:
  0x000002547185a760 VMThread "VM Thread"                           [id=20732, stack(0x0000007f92600000,0x0000007f92700000) (1024K)]
  0x000002547d38d960 WatcherThread "VM Periodic Task Thread"        [id=21732, stack(0x0000007f92500000,0x0000007f92600000) (1024K)]
  0x00000254717d2810 WorkerThread "GC Thread#0"                     [id=14308, stack(0x0000007f92000000,0x0000007f92100000) (1024K)]
  0x000002547d96d670 WorkerThread "GC Thread#1"                     [id=14852, stack(0x0000007f93100000,0x0000007f93200000) (1024K)]
  0x000002547da743d0 WorkerThread "GC Thread#2"                     [id=20800, stack(0x0000007f93200000,0x0000007f93300000) (1024K)]
  0x000002547da74770 WorkerThread "GC Thread#3"                     [id=20808, stack(0x0000007f93300000,0x0000007f93400000) (1024K)]
  0x00000254717db950 ConcurrentGCThread "G1 Main Marker"            [id=22520, stack(0x0000007f92100000,0x0000007f92200000) (1024K)]
  0x00000254717dc510 WorkerThread "G1 Conc#0"                       [id=5292, stack(0x0000007f92200000,0x0000007f92300000) (1024K)]
  0x0000025471836610 ConcurrentGCThread "G1 Refine#0"               [id=18416, stack(0x0000007f92300000,0x0000007f92400000) (1024K)]
  0x0000025471837090 ConcurrentGCThread "G1 Service"                [id=14804, stack(0x0000007f92400000,0x0000007f92500000) (1024K)]
Total: 10

Threads with active compile tasks:
C2 CompilerThread0     6663 4497   !   4       com.google.inject.spi.InjectionPoint::getInjectionPoints (491 bytes)
Total: 1

VM state: not at safepoint (normal execution)

VM Mutex/Monitor currently owned by a thread: None

Heap address: 0x00000000c3200000, size: 974 MB, Compressed Oops mode: 32-bit

CDS archive(s) mapped at: [0x000002540f000000-0x000002540fc90000-0x000002540fc90000), size 13172736, SharedBaseAddress: 0x000002540f000000, ArchiveRelocationMode: 1.
Compressed class space mapped at: 0x0000025410000000-0x0000025450000000, reserved size: 1073741824
Narrow klass base: 0x000002540f000000, Narrow klass shift: 0, Narrow klass range: 0x100000000

GC Precious Log:
 CardTable entry size: 512
 Card Set container configuration: InlinePtr #cards 5 size 8 Array Of Cards #cards 12 size 40 Howl #buckets 4 coarsen threshold 1843 Howl Bitmap #cards 512 size 80 coarsen threshold 460 Card regions per heap region 1 cards per card region 2048
 CPUs: 4 total, 4 available
 Memory: 3895M
 Large Page Support: Disabled
 NUMA Support: Disabled
 Compressed Oops: Enabled (32-bit)
 Heap Region Size: 1M
 Heap Min Capacity: 8M
 Heap Initial Capacity: 62M
 Heap Max Capacity: 974M
 Pre-touch: Disabled
 Parallel Workers: 4
 Concurrent Workers: 1
 Concurrent Refinement Workers: 4
 Periodic GC: Disabled

Heap:
 garbage-first heap   total 63488K, used 32526K [0x00000000c3200000, 0x0000000100000000)
  region size 1024K, 24 young (24576K), 3 survivors (3072K)
 Metaspace       used 19310K, committed 19648K, reserved 1114112K
  class space    used 2202K, committed 2368K, reserved 1048576K

Heap Regions: E=young(eden), S=young(survivor), O=old, HS=humongous(starts), HC=humongous(continues), CS=collection set, F=free, TAMS=top-at-mark-start, PB=parsable bottom
|   0|0x00000000c3200000, 0x00000000c3300000, 0x00000000c3300000|100%| O|  |TAMS 0x00000000c3200000| PB 0x00000000c3200000| Untracked 
|   1|0x00000000c3300000, 0x00000000c3400000, 0x00000000c3400000|100%| O|  |TAMS 0x00000000c3300000| PB 0x00000000c3300000| Untracked 
|   2|0x00000000c3400000, 0x00000000c3500000, 0x00000000c3500000|100%| O|  |TAMS 0x00000000c3400000| PB 0x00000000c3400000| Untracked 
|   3|0x00000000c3500000, 0x00000000c3600000, 0x00000000c3600000|100%| O|  |TAMS 0x00000000c3500000| PB 0x00000000c3500000| Untracked 
|   4|0x00000000c3600000, 0x00000000c3700000, 0x00000000c3700000|100%| O|  |TAMS 0x00000000c3600000| PB 0x00000000c3600000| Untracked 
|   5|0x00000000c3700000, 0x00000000c3800000, 0x00000000c3800000|100%| O|  |TAMS 0x00000000c3700000| PB 0x00000000c3700000| Untracked 
|   6|0x00000000c3800000, 0x00000000c3900000, 0x00000000c3900000|100%| O|  |TAMS 0x00000000c3800000| PB 0x00000000c3800000| Untracked 
|   7|0x00000000c3900000, 0x00000000c3a00000, 0x00000000c3a00000|100%| O|  |TAMS 0x00000000c3900000| PB 0x00000000c3900000| Untracked 
|   8|0x00000000c3a00000, 0x00000000c3b00000, 0x00000000c3b00000|100%| O|  |TAMS 0x00000000c3a00000| PB 0x00000000c3a00000| Untracked 
|   9|0x00000000c3b00000, 0x00000000c3b3e8b8, 0x00000000c3c00000| 24%| O|  |TAMS 0x00000000c3b00000| PB 0x00000000c3b00000| Untracked 
|  10|0x00000000c3c00000, 0x00000000c3c00000, 0x00000000c3d00000|  0%| F|  |TAMS 0x00000000c3c00000| PB 0x00000000c3c00000| Untracked 
|  11|0x00000000c3d00000, 0x00000000c3d00000, 0x00000000c3e00000|  0%| F|  |TAMS 0x00000000c3d00000| PB 0x00000000c3d00000| Untracked 
|  12|0x00000000c3e00000, 0x00000000c3e00000, 0x00000000c3f00000|  0%| F|  |TAMS 0x00000000c3e00000| PB 0x00000000c3e00000| Untracked 
|  13|0x00000000c3f00000, 0x00000000c3f00000, 0x00000000c4000000|  0%| F|  |TAMS 0x00000000c3f00000| PB 0x00000000c3f00000| Untracked 
|  14|0x00000000c4000000, 0x00000000c4000000, 0x00000000c4100000|  0%| F|  |TAMS 0x00000000c4000000| PB 0x00000000c4000000| Untracked 
|  15|0x00000000c4100000, 0x00000000c4100000, 0x00000000c4200000|  0%| F|  |TAMS 0x00000000c4100000| PB 0x00000000c4100000| Untracked 
|  16|0x00000000c4200000, 0x00000000c4200000, 0x00000000c4300000|  0%| F|  |TAMS 0x00000000c4200000| PB 0x00000000c4200000| Untracked 
|  17|0x00000000c4300000, 0x00000000c4300000, 0x00000000c4400000|  0%| F|  |TAMS 0x00000000c4300000| PB 0x00000000c4300000| Untracked 
|  18|0x00000000c4400000, 0x00000000c4400000, 0x00000000c4500000|  0%| F|  |TAMS 0x00000000c4400000| PB 0x00000000c4400000| Untracked 
|  19|0x00000000c4500000, 0x00000000c4500000, 0x00000000c4600000|  0%| F|  |TAMS 0x00000000c4500000| PB 0x00000000c4500000| Untracked 
|  20|0x00000000c4600000, 0x00000000c4600000, 0x00000000c4700000|  0%| F|  |TAMS 0x00000000c4600000| PB 0x00000000c4600000| Untracked 
|  21|0x00000000c4700000, 0x00000000c4700000, 0x00000000c4800000|  0%| F|  |TAMS 0x00000000c4700000| PB 0x00000000c4700000| Untracked 
|  22|0x00000000c4800000, 0x00000000c4885150, 0x00000000c4900000| 51%| S|CS|TAMS 0x00000000c4800000| PB 0x00000000c4800000| Complete 
|  23|0x00000000c4900000, 0x00000000c4a00000, 0x00000000c4a00000|100%| S|CS|TAMS 0x00000000c4900000| PB 0x00000000c4900000| Complete 
|  24|0x00000000c4a00000, 0x00000000c4b00000, 0x00000000c4b00000|100%| S|CS|TAMS 0x00000000c4a00000| PB 0x00000000c4a00000| Complete 
|  25|0x00000000c4b00000, 0x00000000c4b00000, 0x00000000c4c00000|  0%| F|  |TAMS 0x00000000c4b00000| PB 0x00000000c4b00000| Untracked 
|  26|0x00000000c4c00000, 0x00000000c4c00000, 0x00000000c4d00000|  0%| F|  |TAMS 0x00000000c4c00000| PB 0x00000000c4c00000| Untracked 
|  27|0x00000000c4d00000, 0x00000000c4d00000, 0x00000000c4e00000|  0%| F|  |TAMS 0x00000000c4d00000| PB 0x00000000c4d00000| Untracked 
|  28|0x00000000c4e00000, 0x00000000c4e00000, 0x00000000c4f00000|  0%| F|  |TAMS 0x00000000c4e00000| PB 0x00000000c4e00000| Untracked 
|  29|0x00000000c4f00000, 0x00000000c4f00000, 0x00000000c5000000|  0%| F|  |TAMS 0x00000000c4f00000| PB 0x00000000c4f00000| Untracked 
|  30|0x00000000c5000000, 0x00000000c5000000, 0x00000000c5100000|  0%| F|  |TAMS 0x00000000c5000000| PB 0x00000000c5000000| Untracked 
|  31|0x00000000c5100000, 0x00000000c5100000, 0x00000000c5200000|  0%| F|  |TAMS 0x00000000c5100000| PB 0x00000000c5100000| Untracked 
|  32|0x00000000c5200000, 0x00000000c5200000, 0x00000000c5300000|  0%| F|  |TAMS 0x00000000c5200000| PB 0x00000000c5200000| Untracked 
|  33|0x00000000c5300000, 0x00000000c5300000, 0x00000000c5400000|  0%| F|  |TAMS 0x00000000c5300000| PB 0x00000000c5300000| Untracked 
|  34|0x00000000c5400000, 0x00000000c5400000, 0x00000000c5500000|  0%| F|  |TAMS 0x00000000c5400000| PB 0x00000000c5400000| Untracked 
|  35|0x00000000c5500000, 0x00000000c5500000, 0x00000000c5600000|  0%| F|  |TAMS 0x00000000c5500000| PB 0x00000000c5500000| Untracked 
|  36|0x00000000c5600000, 0x00000000c5600000, 0x00000000c5700000|  0%| F|  |TAMS 0x00000000c5600000| PB 0x00000000c5600000| Untracked 
|  37|0x00000000c5700000, 0x00000000c5700000, 0x00000000c5800000|  0%| F|  |TAMS 0x00000000c5700000| PB 0x00000000c5700000| Untracked 
|  38|0x00000000c5800000, 0x00000000c5800000, 0x00000000c5900000|  0%| F|  |TAMS 0x00000000c5800000| PB 0x00000000c5800000| Untracked 
|  39|0x00000000c5900000, 0x00000000c5900000, 0x00000000c5a00000|  0%| F|  |TAMS 0x00000000c5900000| PB 0x00000000c5900000| Untracked 
|  40|0x00000000c5a00000, 0x00000000c5a00000, 0x00000000c5b00000|  0%| F|  |TAMS 0x00000000c5a00000| PB 0x00000000c5a00000| Untracked 
|  41|0x00000000c5b00000, 0x00000000c5c00000, 0x00000000c5c00000|100%| E|  |TAMS 0x00000000c5b00000| PB 0x00000000c5b00000| Complete 
|  42|0x00000000c5c00000, 0x00000000c5d00000, 0x00000000c5d00000|100%| E|CS|TAMS 0x00000000c5c00000| PB 0x00000000c5c00000| Complete 
|  43|0x00000000c5d00000, 0x00000000c5e00000, 0x00000000c5e00000|100%| E|CS|TAMS 0x00000000c5d00000| PB 0x00000000c5d00000| Complete 
|  44|0x00000000c5e00000, 0x00000000c5f00000, 0x00000000c5f00000|100%| E|CS|TAMS 0x00000000c5e00000| PB 0x00000000c5e00000| Complete 
|  45|0x00000000c5f00000, 0x00000000c6000000, 0x00000000c6000000|100%| E|CS|TAMS 0x00000000c5f00000| PB 0x00000000c5f00000| Complete 
|  46|0x00000000c6000000, 0x00000000c6100000, 0x00000000c6100000|100%| E|CS|TAMS 0x00000000c6000000| PB 0x00000000c6000000| Complete 
|  47|0x00000000c6100000, 0x00000000c6200000, 0x00000000c6200000|100%| E|CS|TAMS 0x00000000c6100000| PB 0x00000000c6100000| Complete 
|  48|0x00000000c6200000, 0x00000000c6300000, 0x00000000c6300000|100%| E|CS|TAMS 0x00000000c6200000| PB 0x00000000c6200000| Complete 
|  49|0x00000000c6300000, 0x00000000c6400000, 0x00000000c6400000|100%| E|CS|TAMS 0x00000000c6300000| PB 0x00000000c6300000| Complete 
|  50|0x00000000c6400000, 0x00000000c6500000, 0x00000000c6500000|100%| E|CS|TAMS 0x00000000c6400000| PB 0x00000000c6400000| Complete 
|  51|0x00000000c6500000, 0x00000000c6600000, 0x00000000c6600000|100%| E|CS|TAMS 0x00000000c6500000| PB 0x00000000c6500000| Complete 
|  52|0x00000000c6600000, 0x00000000c6700000, 0x00000000c6700000|100%| E|CS|TAMS 0x00000000c6600000| PB 0x00000000c6600000| Complete 
|  53|0x00000000c6700000, 0x00000000c6800000, 0x00000000c6800000|100%| E|CS|TAMS 0x00000000c6700000| PB 0x00000000c6700000| Complete 
|  54|0x00000000c6800000, 0x00000000c6900000, 0x00000000c6900000|100%| E|CS|TAMS 0x00000000c6800000| PB 0x00000000c6800000| Complete 
|  55|0x00000000c6900000, 0x00000000c6a00000, 0x00000000c6a00000|100%| E|CS|TAMS 0x00000000c6900000| PB 0x00000000c6900000| Complete 
|  56|0x00000000c6a00000, 0x00000000c6b00000, 0x00000000c6b00000|100%| E|CS|TAMS 0x00000000c6a00000| PB 0x00000000c6a00000| Complete 
|  57|0x00000000c6b00000, 0x00000000c6c00000, 0x00000000c6c00000|100%| E|CS|TAMS 0x00000000c6b00000| PB 0x00000000c6b00000| Complete 
|  58|0x00000000c6c00000, 0x00000000c6d00000, 0x00000000c6d00000|100%| E|CS|TAMS 0x00000000c6c00000| PB 0x00000000c6c00000| Complete 
|  59|0x00000000c6d00000, 0x00000000c6e00000, 0x00000000c6e00000|100%| E|CS|TAMS 0x00000000c6d00000| PB 0x00000000c6d00000| Complete 
|  60|0x00000000c6e00000, 0x00000000c6f00000, 0x00000000c6f00000|100%| E|CS|TAMS 0x00000000c6e00000| PB 0x00000000c6e00000| Complete 
|  61|0x00000000c6f00000, 0x00000000c7000000, 0x00000000c7000000|100%| E|CS|TAMS 0x00000000c6f00000| PB 0x00000000c6f00000| Complete 

Card table byte_map: [0x0000025479e10000,0x000002547a000000] _byte_map_base: 0x00000254797f7000

Marking Bits: (CMBitMap*) 0x00000254717d3630
 Bits: [0x000002547a000000, 0x000002547af38000)

Polling page: 0x000002546f6f0000

Metaspace:

Usage:
  Non-class:     16.71 MB used.
      Class:      2.15 MB used.
       Both:     18.86 MB used.

Virtual space:
  Non-class space:       64.00 MB reserved,      16.88 MB ( 26%) committed,  1 nodes.
      Class space:        1.00 GB reserved,       2.31 MB ( <1%) committed,  1 nodes.
             Both:        1.06 GB reserved,      19.19 MB (  2%) committed. 

Chunk freelists:
   Non-Class:  14.51 MB
       Class:  13.61 MB
        Both:  28.11 MB

MaxMetaspaceSize: unlimited
CompressedClassSpaceSize: 1.00 GB
Initial GC threshold: 21.00 MB
Current GC threshold: 21.00 MB
CDS: on
 - commit_granule_bytes: 65536.
 - commit_granule_words: 8192.
 - virtual_space_node_default_size: 8388608.
 - enlarge_chunks_in_place: 1.
 - use_allocation_guard: 0.


Internal statistics:

num_allocs_failed_limit: 0.
num_arena_births: 196.
num_arena_deaths: 0.
num_vsnodes_births: 2.
num_vsnodes_deaths: 0.
num_space_committed: 307.
num_space_uncommitted: 0.
num_chunks_returned_to_freelist: 0.
num_chunks_taken_from_freelist: 876.
num_chunk_merges: 0.
num_chunk_splits: 604.
num_chunks_enlarged: 487.
num_inconsistent_stats: 0.

CodeHeap 'non-profiled nmethods': size=120000Kb used=2077Kb max_used=2077Kb free=117922Kb
 bounds [0x0000025407ad0000, 0x0000025407d40000, 0x000002540f000000]
CodeHeap 'profiled nmethods': size=120000Kb used=9567Kb max_used=9567Kb free=110432Kb
 bounds [0x0000025400000000, 0x0000025400960000, 0x0000025407530000]
CodeHeap 'non-nmethods': size=5760Kb used=1557Kb max_used=1581Kb free=4202Kb
 bounds [0x0000025407530000, 0x00000254077a0000, 0x0000025407ad0000]
 total_blobs=5114 nmethods=4612 adapters=406
 compilation: enabled
              stopped_count=0, restarted_count=0
 full_count=0

Compilation events (20 events):
Event: 6.112 Thread 0x000002547d3c26b0 4607       3       java.lang.System$2::defineClass (21 bytes)
Event: 6.112 Thread 0x000002547d3c26b0 nmethod 4607 0x0000025400953b90 code [0x0000025400953d40, 0x0000025400953eb8]
Event: 6.113 Thread 0x000002547d3c26b0 4608       3       java.lang.invoke.MethodHandles$Lookup$ClassFile::newInstanceNoCheck (11 bytes)
Event: 6.113 Thread 0x000002547d3c26b0 nmethod 4608 0x0000025400953f90 code [0x0000025400954140, 0x0000025400954400]
Event: 6.113 Thread 0x000002547d3c26b0 4609       3       java.lang.invoke.MethodHandles$Lookup::makeHiddenClassDefiner (44 bytes)
Event: 6.114 Thread 0x000002547d3c26b0 nmethod 4609 0x0000025400954510 code [0x0000025400954720, 0x0000025400954e08]
Event: 6.114 Thread 0x000002547d3c26b0 4611       3       jdk.internal.org.objectweb.asm.AnnotationWriter::create (34 bytes)
Event: 6.115 Thread 0x000002547d3c26b0 nmethod 4611 0x0000025400955090 code [0x0000025400955280, 0x0000025400955740]
Event: 6.115 Thread 0x000002547d3c26b0 4612       3       jdk.internal.org.objectweb.asm.AnnotationWriter::<init> (60 bytes)
Event: 6.115 Thread 0x000002547d3c26b0 nmethod 4612 0x0000025400955910 code [0x0000025400955ae0, 0x0000025400955ed0]
Event: 6.115 Thread 0x000002547d3c26b0 4613       3       jdk.internal.org.objectweb.asm.AnnotationVisitor::<init> (7 bytes)
Event: 6.115 Thread 0x000002547d3c26b0 nmethod 4613 0x0000025400956010 code [0x00000254009561c0, 0x0000025400956308]
Event: 6.115 Thread 0x000002547d3c26b0 4614       3       jdk.internal.org.objectweb.asm.AnnotationWriter::visitEnd (44 bytes)
Event: 6.115 Thread 0x000002547d3c26b0 nmethod 4614 0x0000025400956390 code [0x0000025400956520, 0x00000254009566c0]
Event: 6.116 Thread 0x000002547d3c26b0 4615       3       java.lang.invoke.MethodHandles$Lookup::makeHiddenClassDefiner (20 bytes)
Event: 6.116 Thread 0x000002547d3c26b0 nmethod 4615 0x0000025400956810 code [0x00000254009569e0, 0x0000025400956cf0]
Event: 6.116 Thread 0x000002547d3c26b0 4616       3       java.lang.invoke.LambdaForm::returnType (26 bytes)
Event: 6.116 Thread 0x000002547d3c26b0 nmethod 4616 0x0000025400956e90 code [0x0000025400957040, 0x00000254009571e8]
Event: 6.120 Thread 0x000002547d3c26b0 4618       3       jdk.internal.org.objectweb.asm.MethodWriter::visitAnnotation (40 bytes)
Event: 6.120 Thread 0x000002547d3c26b0 nmethod 4618 0x0000025400957310 code [0x00000254009574e0, 0x0000025400957788]

GC Heap History (10 events):
Event: 0.592 GC heap before
{Heap before GC invocations=0 (full 0):
 garbage-first heap   total 63488K, used 13312K [0x00000000c3200000, 0x0000000100000000)
  region size 1024K, 13 young (13312K), 0 survivors (0K)
 Metaspace       used 3986K, committed 4224K, reserved 1114112K
  class space    used 408K, committed 512K, reserved 1048576K
}
Event: 0.598 GC heap after
{Heap after GC invocations=1 (full 0):
 garbage-first heap   total 63488K, used 3279K [0x00000000c3200000, 0x0000000100000000)
  region size 1024K, 2 young (2048K), 2 survivors (2048K)
 Metaspace       used 3986K, committed 4224K, reserved 1114112K
  class space    used 408K, committed 512K, reserved 1048576K
}
Event: 1.207 GC heap before
{Heap before GC invocations=1 (full 0):
 garbage-first heap   total 63488K, used 19663K [0x00000000c3200000, 0x0000000100000000)
  region size 1024K, 18 young (18432K), 2 survivors (2048K)
 Metaspace       used 6451K, committed 6656K, reserved 1114112K
  class space    used 731K, committed 832K, reserved 1048576K
}
Event: 1.213 GC heap after
{Heap after GC invocations=2 (full 0):
 garbage-first heap   total 63488K, used 4264K [0x00000000c3200000, 0x0000000100000000)
  region size 1024K, 1 young (1024K), 1 survivors (1024K)
 Metaspace       used 6451K, committed 6656K, reserved 1114112K
  class space    used 731K, committed 832K, reserved 1048576K
}
Event: 2.785 GC heap before
{Heap before GC invocations=2 (full 0):
 garbage-first heap   total 63488K, used 40104K [0x00000000c3200000, 0x0000000100000000)
  region size 1024K, 37 young (37888K), 1 survivors (1024K)
 Metaspace       used 12787K, committed 12992K, reserved 1114112K
  class space    used 1525K, committed 1600K, reserved 1048576K
}
Event: 2.793 GC heap after
{Heap after GC invocations=3 (full 0):
 garbage-first heap   total 63488K, used 6809K [0x00000000c3200000, 0x0000000100000000)
  region size 1024K, 4 young (4096K), 4 survivors (4096K)
 Metaspace       used 12787K, committed 12992K, reserved 1114112K
  class space    used 1525K, committed 1600K, reserved 1048576K
}
Event: 4.641 GC heap before
{Heap before GC invocations=3 (full 0):
 garbage-first heap   total 63488K, used 40601K [0x00000000c3200000, 0x0000000100000000)
  region size 1024K, 37 young (37888K), 4 survivors (4096K)
 Metaspace       used 16580K, committed 16768K, reserved 1114112K
  class space    used 1921K, committed 1984K, reserved 1048576K
}
Event: 4.654 GC heap after
{Heap after GC invocations=4 (full 0):
 garbage-first heap   total 63488K, used 9636K [0x00000000c3200000, 0x0000000100000000)
  region size 1024K, 3 young (3072K), 3 survivors (3072K)
 Metaspace       used 16580K, committed 16768K, reserved 1114112K
  class space    used 1921K, committed 1984K, reserved 1048576K
}
Event: 5.534 GC heap before
{Heap before GC invocations=4 (full 0):
 garbage-first heap   total 63488K, used 44452K [0x00000000c3200000, 0x0000000100000000)
  region size 1024K, 37 young (37888K), 3 survivors (3072K)
 Metaspace       used 17699K, committed 17984K, reserved 1114112K
  class space    used 1980K, committed 2112K, reserved 1048576K
}
Event: 5.542 GC heap after
{Heap after GC invocations=5 (full 0):
 garbage-first heap   total 63488K, used 12046K [0x00000000c3200000, 0x0000000100000000)
  region size 1024K, 3 young (3072K), 3 survivors (3072K)
 Metaspace       used 17699K, committed 17984K, reserved 1114112K
  class space    used 1980K, committed 2112K, reserved 1048576K
}

Dll operation events (8 events):
Event: 0.010 Loaded shared library C:\Program Files\Java\jdk-21\bin\java.dll
Event: 0.051 Loaded shared library C:\Program Files\Java\jdk-21\bin\jsvml.dll
Event: 0.075 Loaded shared library C:\Program Files\Java\jdk-21\bin\net.dll
Event: 0.077 Loaded shared library C:\Program Files\Java\jdk-21\bin\nio.dll
Event: 0.081 Loaded shared library C:\Program Files\Java\jdk-21\bin\zip.dll
Event: 0.212 Loaded shared library C:\Program Files\Java\jdk-21\bin\jimage.dll
Event: 0.275 Loaded shared library C:\Program Files\NetBeans-20\netbeans\java\maven\lib\jansi-native\Windows\x86_64\jansi.dll
Event: 0.291 Loaded shared library C:\Program Files\Java\jdk-21\bin\verify.dll

Deoptimization events (20 events):
Event: 6.053 Thread 0x000002547179f920 DEOPT PACKING pc=0x0000025407c0ded8 sp=0x0000007f91ffdaf0
Event: 6.053 Thread 0x000002547179f920 DEOPT UNPACKING pc=0x0000025407587da2 sp=0x0000007f91ffd9b0 mode 2
Event: 6.055 Thread 0x000002547179f920 Uncommon trap: trap_request=0xffffff45 fr.pc=0x0000025407c62eb8 relative=0x0000000000000098
Event: 6.055 Thread 0x000002547179f920 Uncommon trap: reason=unstable_if action=reinterpret pc=0x0000025407c62eb8 method=java.util.Spliterator.getExactSizeIfKnown()J @ 9 c2
Event: 6.055 Thread 0x000002547179f920 DEOPT PACKING pc=0x0000025407c62eb8 sp=0x0000007f91ffdc10
Event: 6.055 Thread 0x000002547179f920 DEOPT UNPACKING pc=0x0000025407587da2 sp=0x0000007f91ffdb98 mode 2
Event: 6.066 Thread 0x000002547179f920 Uncommon trap: trap_request=0xffffffec fr.pc=0x0000025407b91cb4 relative=0x0000000000000094
Event: 6.066 Thread 0x000002547179f920 Uncommon trap: reason=null_assert_or_unreached0 action=make_not_entrant pc=0x0000025407b91cb4 method=java.util.jar.JarFile.maybeInstantiateVerifier()V @ 4 c2
Event: 6.066 Thread 0x000002547179f920 DEOPT PACKING pc=0x0000025407b91cb4 sp=0x0000007f91ffdd90
Event: 6.066 Thread 0x000002547179f920 DEOPT UNPACKING pc=0x0000025407587da2 sp=0x0000007f91ffdd20 mode 2
Event: 6.074 Thread 0x000002547179f920 DEOPT PACKING pc=0x000002540027695e sp=0x0000007f91ffd9f0
Event: 6.074 Thread 0x000002547179f920 DEOPT UNPACKING pc=0x00000254075888e2 sp=0x0000007f91ffcf70 mode 0
Event: 6.090 Thread 0x000002547179f920 Uncommon trap: trap_request=0xffffffbe fr.pc=0x0000025407c2bbd4 relative=0x00000000000011b4
Event: 6.090 Thread 0x000002547179f920 Uncommon trap: reason=profile_predicate action=maybe_recompile pc=0x0000025407c2bbd4 method=java.util.TimSort.binarySort([Ljava/lang/Object;IIILjava/util/Comparator;)V @ 34 c2
Event: 6.091 Thread 0x000002547179f920 DEOPT PACKING pc=0x0000025407c2bbd4 sp=0x0000007f91ffdc70
Event: 6.091 Thread 0x000002547179f920 DEOPT UNPACKING pc=0x0000025407587da2 sp=0x0000007f91ffdc40 mode 2
Event: 6.091 Thread 0x000002547179f920 Uncommon trap: trap_request=0xffffffbe fr.pc=0x0000025407c2bbd4 relative=0x00000000000011b4
Event: 6.091 Thread 0x000002547179f920 Uncommon trap: reason=profile_predicate action=maybe_recompile pc=0x0000025407c2bbd4 method=java.util.TimSort.binarySort([Ljava/lang/Object;IIILjava/util/Comparator;)V @ 34 c2
Event: 6.091 Thread 0x000002547179f920 DEOPT PACKING pc=0x0000025407c2bbd4 sp=0x0000007f91ffdc70
Event: 6.091 Thread 0x000002547179f920 DEOPT UNPACKING pc=0x0000025407587da2 sp=0x0000007f91ffdc40 mode 2

Classes loaded (20 events):
Event: 6.126 Loading class jdk/internal/logger/LazyLoggers
Event: 6.127 Loading class jdk/internal/logger/LazyLoggers done
Event: 6.127 Loading class jdk/internal/logger/LazyLoggers$1
Event: 6.127 Loading class jdk/internal/logger/LazyLoggers$1 done
Event: 6.127 Loading class jdk/internal/logger/LazyLoggers$LazyLoggerFactories
Event: 6.127 Loading class jdk/internal/logger/LazyLoggers$LazyLoggerFactories done
Event: 6.128 Loading class jdk/internal/logger/LoggerFinderLoader
Event: 6.129 Loading class jdk/internal/logger/LoggerFinderLoader done
Event: 6.130 Loading class jdk/internal/logger/LoggerFinderLoader$TemporaryLoggerFinder
Event: 6.130 Loading class jdk/internal/logger/LoggerFinderLoader$TemporaryLoggerFinder done
Event: 6.130 Loading class sun/util/logging/internal/LoggingProviderImpl$JULWrapper
Event: 6.131 Loading class sun/util/logging/PlatformLogger$ConfigurableBridge$LoggerConfiguration
Event: 6.131 Loading class sun/util/logging/PlatformLogger$ConfigurableBridge$LoggerConfiguration done
Event: 6.131 Loading class sun/util/logging/internal/LoggingProviderImpl$JULWrapper done
Event: 6.132 Loading class java/lang/System$Logger$Level
Event: 6.132 Loading class java/lang/System$Logger$Level done
Event: 6.133 Loading class java/io/PipedOutputStream
Event: 6.133 Loading class java/io/PipedOutputStream done
Event: 6.135 Loading class jdk/internal/event/ThreadSleepEvent
Event: 6.135 Loading class jdk/internal/event/ThreadSleepEvent done

Classes unloaded (0 events):
No events

Classes redefined (0 events):
No events

Internal exceptions (20 events):
Event: 3.727 Thread 0x000002547179f920 Implicit null exception at 0x0000025407b7a798 to 0x0000025407b7a974
Event: 3.727 Thread 0x000002547179f920 Implicit null exception at 0x0000025407b63abd to 0x0000025407b63b41
Event: 3.996 Thread 0x000002547179f920 Implicit null exception at 0x0000025407b79798 to 0x0000025407b79988
Event: 4.027 Thread 0x000002547179f920 Exception <a 'java/lang/NoSuchMethodError'{0x00000000c5c229d0}: 'java.lang.Object java.lang.invoke.DirectMethodHandle$Holder.newInvokeSpecial(java.lang.Object, java.lang.Object, java.lang.Object, java.lang.Object, java.lang.Object, java.lang.Object, java.lang.Object)'> (0x00000000c5c229d0) 
thrown [s\open\src\hotspot\share\interpreter\linkResolver.cpp, line 773]
Event: 4.506 Thread 0x000002547179f920 Exception <a 'java/lang/NoSuchMethodError'{0x00000000c53b2558}: 'java.lang.Object java.lang.invoke.DirectMethodHandle$Holder.invokeVirtual(java.lang.Object, java.lang.Object, java.lang.Object)'> (0x00000000c53b2558) 
thrown [s\open\src\hotspot\share\interpreter\linkResolver.cpp, line 773]
Event: 4.507 Thread 0x000002547179f920 Exception <a 'java/lang/NoSuchMethodError'{0x00000000c53b8df0}: 'void java.lang.invoke.DirectMethodHandle$Holder.invokeSpecial(java.lang.Object, java.lang.Object, java.lang.Object, java.lang.Object, java.lang.Object, java.lang.Object)'> (0x00000000c53b8df0) 
thrown [s\open\src\hotspot\share\interpreter\linkResolver.cpp, line 773]
Event: 4.508 Thread 0x000002547179f920 Exception <a 'java/lang/NoSuchMethodError'{0x00000000c53c3080}: 'int java.lang.invoke.DirectMethodHandle$Holder.invokeVirtual(java.lang.Object, java.lang.Object)'> (0x00000000c53c3080) 
thrown [s\open\src\hotspot\share\interpreter\linkResolver.cpp, line 773]
Event: 6.038 Thread 0x000002547179f920 Exception <a 'sun/nio/fs/WindowsException'{0x00000000c5e65b48}> (0x00000000c5e65b48) 
thrown [s\open\src\hotspot\share\prims\jni.cpp, line 520]
Event: 6.038 Thread 0x000002547179f920 Exception <a 'sun/nio/fs/WindowsException'{0x00000000c5e66350}> (0x00000000c5e66350) 
thrown [s\open\src\hotspot\share\prims\jni.cpp, line 520]
Event: 6.044 Thread 0x000002547179f920 Exception <a 'sun/nio/fs/WindowsException'{0x00000000c5e83458}> (0x00000000c5e83458) 
thrown [s\open\src\hotspot\share\prims\jni.cpp, line 520]
Event: 6.045 Thread 0x000002547179f920 Exception <a 'sun/nio/fs/WindowsException'{0x00000000c5e886a0}> (0x00000000c5e886a0) 
thrown [s\open\src\hotspot\share\prims\jni.cpp, line 520]
Event: 6.048 Thread 0x000002547179f920 Exception <a 'sun/nio/fs/WindowsException'{0x00000000c5e89d98}> (0x00000000c5e89d98) 
thrown [s\open\src\hotspot\share\prims\jni.cpp, line 520]
Event: 6.048 Thread 0x000002547179f920 Exception <a 'sun/nio/fs/WindowsException'{0x00000000c5e8aaa0}> (0x00000000c5e8aaa0) 
thrown [s\open\src\hotspot\share\prims\jni.cpp, line 520]
Event: 6.049 Thread 0x000002547179f920 Exception <a 'sun/nio/fs/WindowsException'{0x00000000c5e8b7f0}> (0x00000000c5e8b7f0) 
thrown [s\open\src\hotspot\share\prims\jni.cpp, line 520]
Event: 6.049 Thread 0x000002547179f920 Exception <a 'sun/nio/fs/WindowsException'{0x00000000c5e8c4f8}> (0x00000000c5e8c4f8) 
thrown [s\open\src\hotspot\share\prims\jni.cpp, line 520]
Event: 6.083 Thread 0x000002547179f920 Exception <a 'java/lang/IncompatibleClassChangeError'{0x00000000c5b0a608}: Found class java.lang.Object, but interface was expected> (0x00000000c5b0a608) 
thrown [s\open\src\hotspot\share\interpreter\linkResolver.cpp, line 840]
Event: 6.111 Thread 0x000002547179f920 Exception <a 'java/lang/NoSuchMethodError'{0x00000000c5b5c520}: 'void java.lang.invoke.DirectMethodHandle$Holder.invokeStatic(java.lang.Object, long)'> (0x00000000c5b5c520) 
thrown [s\open\src\hotspot\share\interpreter\linkResolver.cpp, line 773]
Event: 6.114 Thread 0x000002547179f920 Exception <a 'java/lang/NoSuchMethodError'{0x00000000c5b612c8}: 'java.lang.Object java.lang.invoke.DirectMethodHandle$Holder.newInvokeSpecial(java.lang.Object, long)'> (0x00000000c5b612c8) 
thrown [s\open\src\hotspot\share\interpreter\linkResolver.cpp, line 773]
Event: 6.120 Thread 0x000002547179f920 Exception <a 'java/lang/NoSuchMethodError'{0x00000000c5b67e38}: 'java.lang.Object java.lang.invoke.DirectMethodHandle$Holder.invokeStatic(java.lang.Object, long, java.lang.Object)'> (0x00000000c5b67e38) 
thrown [s\open\src\hotspot\share\interpreter\linkResolver.cpp, line 773]
Event: 6.121 Thread 0x000002547179f920 Exception <a 'java/lang/NoSuchMethodError'{0x00000000c5b6b5d0}: 'java.lang.Object java.lang.invoke.DirectMethodHandle$Holder.invokeStaticInit(java.lang.Object, long, java.lang.Object)'> (0x00000000c5b6b5d0) 
thrown [s\open\src\hotspot\share\interpreter\linkResolver.cpp, line 773]

ZGC Phase Switch (0 events):
No events

VM Operations (20 events):
Event: 3.454 Executing VM operation: ICBufferFull
Event: 3.454 Executing VM operation: ICBufferFull done
Event: 4.262 Executing VM operation: ICBufferFull
Event: 4.262 Executing VM operation: ICBufferFull done
Event: 4.641 Executing VM operation: G1CollectForAllocation (G1 Evacuation Pause)
Event: 4.654 Executing VM operation: G1CollectForAllocation (G1 Evacuation Pause) done
Event: 5.439 Executing VM operation: ICBufferFull
Event: 5.439 Executing VM operation: ICBufferFull done
Event: 5.534 Executing VM operation: G1CollectForAllocation (G1 Evacuation Pause)
Event: 5.542 Executing VM operation: G1CollectForAllocation (G1 Evacuation Pause) done
Event: 5.957 Executing VM operation: HandshakeAllThreads (Deoptimize)
Event: 5.957 Executing VM operation: HandshakeAllThreads (Deoptimize) done
Event: 6.043 Executing VM operation: HandshakeAllThreads (Deoptimize)
Event: 6.043 Executing VM operation: HandshakeAllThreads (Deoptimize) done
Event: 6.047 Executing VM operation: HandshakeAllThreads (Deoptimize)
Event: 6.047 Executing VM operation: HandshakeAllThreads (Deoptimize) done
Event: 6.126 Executing VM operation: HandshakeAllThreads (Deoptimize)
Event: 6.126 Executing VM operation: HandshakeAllThreads (Deoptimize) done
Event: 6.128 Executing VM operation: ICBufferFull
Event: 6.128 Executing VM operation: ICBufferFull done

Events (14 events):
Event: 0.028 Thread 0x000002547179f920 Thread added: 0x000002547179f920
Event: 0.048 Thread 0x000002547d39f580 Thread added: 0x000002547d39f580
Event: 0.048 Thread 0x000002547d3a0490 Thread added: 0x000002547d3a0490
Event: 0.048 Thread 0x000002547d3a34e0 Thread added: 0x000002547d3a34e0
Event: 0.048 Thread 0x000002547d3a6440 Thread added: 0x000002547d3a6440
Event: 0.048 Thread 0x000002547d3a6e90 Thread added: 0x000002547d3a6e90
Event: 0.048 Thread 0x000002547d3a78e0 Thread added: 0x000002547d3a78e0
Event: 0.049 Thread 0x000002547d3bbbb0 Thread added: 0x000002547d3bbbb0
Event: 0.049 Thread 0x000002547d3c26b0 Thread added: 0x000002547d3c26b0
Event: 0.069 Thread 0x000002547d5f85c0 Thread added: 0x000002547d5f85c0
Event: 0.072 Thread 0x000002547d5fb200 Thread added: 0x000002547d5fb200
Event: 6.134 Thread 0x000002547e704af0 Thread added: 0x000002547e704af0
Event: 6.134 Thread 0x000002547ebec6f0 Thread added: 0x000002547ebec6f0
Event: 6.134 Thread 0x000002547eeecb40 Thread added: 0x000002547eeecb40


Dynamic libraries:
0x00007ff601f30000 - 0x00007ff601f40000 	C:\Program Files\Java\jdk-21\bin\java.exe
0x00007ffb782f0000 - 0x00007ffb78507000 	C:\WINDOWS\SYSTEM32\ntdll.dll
0x00007ffb76140000 - 0x00007ffb76204000 	C:\WINDOWS\System32\KERNEL32.DLL
0x00007ffb75600000 - 0x00007ffb759ba000 	C:\WINDOWS\System32\KERNELBASE.dll
0x00007ffb759c0000 - 0x00007ffb75ad1000 	C:\WINDOWS\System32\ucrtbase.dll
0x00007ffb5ebd0000 - 0x00007ffb5ebeb000 	C:\Program Files\Java\jdk-21\bin\VCRUNTIME140.dll
0x00007ffb5e470000 - 0x00007ffb5e489000 	C:\Program Files\Java\jdk-21\bin\jli.dll
0x00007ffb76000000 - 0x00007ffb760b2000 	C:\WINDOWS\System32\ADVAPI32.dll
0x00007ffb765a0000 - 0x00007ffb76647000 	C:\WINDOWS\System32\msvcrt.dll
0x00007ffb775d0000 - 0x00007ffb77677000 	C:\WINDOWS\System32\sechost.dll
0x00007ffb75eb0000 - 0x00007ffb75ed8000 	C:\WINDOWS\System32\bcrypt.dll
0x00007ffb767b0000 - 0x00007ffb768c4000 	C:\WINDOWS\System32\RPCRT4.dll
0x00007ffb77d40000 - 0x00007ffb77eee000 	C:\WINDOWS\System32\USER32.dll
0x00007ffb755d0000 - 0x00007ffb755f6000 	C:\WINDOWS\System32\win32u.dll
0x00007ffb5f8f0000 - 0x00007ffb5fb82000 	C:\WINDOWS\WinSxS\amd64_microsoft.windows.common-controls_6595b64144ccf1df_6.0.22621.4541_none_2710d1c57384c085\COMCTL32.dll
0x00007ffb78280000 - 0x00007ffb782a9000 	C:\WINDOWS\System32\GDI32.dll
0x00007ffb75ee0000 - 0x00007ffb75ffb000 	C:\WINDOWS\System32\gdi32full.dll
0x00007ffb75e10000 - 0x00007ffb75eaa000 	C:\WINDOWS\System32\msvcp_win.dll
0x00007ffb6ca30000 - 0x00007ffb6ca3a000 	C:\WINDOWS\SYSTEM32\VERSION.dll
0x00007ffb76700000 - 0x00007ffb76731000 	C:\WINDOWS\System32\IMM32.DLL
0x00007ffb6e050000 - 0x00007ffb6e05c000 	C:\Program Files\Java\jdk-21\bin\vcruntime140_1.dll
0x00007ffb54fa0000 - 0x00007ffb5502e000 	C:\Program Files\Java\jdk-21\bin\msvcp140.dll
0x00007ffb27950000 - 0x00007ffb28668000 	C:\Program Files\Java\jdk-21\bin\server\jvm.dll
0x00007ffb77550000 - 0x00007ffb775c1000 	C:\WINDOWS\System32\WS2_32.dll
0x00007ffb754a0000 - 0x00007ffb754ed000 	C:\WINDOWS\SYSTEM32\POWRPROF.dll
0x00007ffb6e180000 - 0x00007ffb6e1b4000 	C:\WINDOWS\SYSTEM32\WINMM.dll
0x00007ffb75480000 - 0x00007ffb75493000 	C:\WINDOWS\SYSTEM32\UMPDC.dll
0x00007ffb74610000 - 0x00007ffb74628000 	C:\WINDOWS\SYSTEM32\kernel.appcore.dll
0x00007ffb5ebc0000 - 0x00007ffb5ebca000 	C:\Program Files\Java\jdk-21\bin\jimage.dll
0x00007ffb72e10000 - 0x00007ffb73042000 	C:\WINDOWS\SYSTEM32\DBGHELP.DLL
0x00007ffb77ef0000 - 0x00007ffb7827f000 	C:\WINDOWS\System32\combase.dll
0x00007ffb769d0000 - 0x00007ffb76aa7000 	C:\WINDOWS\System32\OLEAUT32.dll
0x00007ffb57770000 - 0x00007ffb577a2000 	C:\WINDOWS\SYSTEM32\dbgcore.DLL
0x00007ffb75c50000 - 0x00007ffb75ccb000 	C:\WINDOWS\System32\bcryptPrimitives.dll
0x00007ffb5e150000 - 0x00007ffb5e16f000 	C:\Program Files\Java\jdk-21\bin\java.dll
0x00007ffb76cc0000 - 0x00007ffb77538000 	C:\WINDOWS\System32\SHELL32.dll
0x00007ffb73510000 - 0x00007ffb73e18000 	C:\WINDOWS\SYSTEM32\windows.storage.dll
0x00007ffb733d0000 - 0x00007ffb7350f000 	C:\WINDOWS\SYSTEM32\wintypes.dll
0x00007ffb763a0000 - 0x00007ffb7649a000 	C:\WINDOWS\System32\SHCORE.dll
0x00007ffb76750000 - 0x00007ffb767ae000 	C:\WINDOWS\System32\shlwapi.dll
0x00007ffb75500000 - 0x00007ffb7552b000 	C:\WINDOWS\SYSTEM32\profapi.dll
0x00007ffb554d0000 - 0x00007ffb555a7000 	C:\Program Files\Java\jdk-21\bin\jsvml.dll
0x00007ffb5eb40000 - 0x00007ffb5eb50000 	C:\Program Files\Java\jdk-21\bin\net.dll
0x00007ffb6f3f0000 - 0x00007ffb6f526000 	C:\WINDOWS\SYSTEM32\WINHTTP.dll
0x00007ffb74a90000 - 0x00007ffb74af9000 	C:\WINDOWS\system32\mswsock.dll
0x00007ffb5e050000 - 0x00007ffb5e066000 	C:\Program Files\Java\jdk-21\bin\nio.dll
0x00007ffb5e030000 - 0x00007ffb5e048000 	C:\Program Files\Java\jdk-21\bin\zip.dll
0x0000000069ac0000 - 0x0000000069ae4000 	C:\Program Files\NetBeans-20\netbeans\java\maven\lib\jansi-native\Windows\x86_64\jansi.dll
0x00007ffb5e020000 - 0x00007ffb5e030000 	C:\Program Files\Java\jdk-21\bin\verify.dll

dbghelp: loaded successfully - version: 4.0.5 - missing functions: none
symbol engine: initialized successfully - sym options: 0x614 - pdb path: .;C:\Program Files\Java\jdk-21\bin;C:\WINDOWS\SYSTEM32;C:\WINDOWS\WinSxS\amd64_microsoft.windows.common-controls_6595b64144ccf1df_6.0.22621.4541_none_2710d1c57384c085;C:\Program Files\Java\jdk-21\bin\server;C:\Program Files\NetBeans-20\netbeans\java\maven\lib\jansi-native\Windows\x86_64

VM Arguments:
jvm_args: -Dclassworlds.conf=C:\Program Files\NetBeans-20\netbeans\java\maven\bin\m2.conf -Dmaven.home=C:\Program Files\NetBeans-20\netbeans\java\maven -Dlibrary.jansi.path=C:\Program Files\NetBeans-20\netbeans\java\maven\lib\jansi-native -Dmaven.multiModuleProjectDirectory=D:\FILE MEEEEE\SEMESTER 3\PBO\Java_farm\Java_farm 
java_command: org.codehaus.plexus.classworlds.launcher.Launcher -Dexec.vmArgs= -Dexec.args=${exec.vmArgs} -classpath %classpath ${exec.mainClass} ${exec.appArgs} -Dexec.appArgs= -Dexec.mainClass=com.mycompany.java_farm.mainUi -Dexec.executable=C:\Program Files\Java\jdk-21\bin\java.exe -Dmaven.ext.class.path=C:\Program Files\NetBeans-20\netbeans\java\maven-nblib\netbeans-eventspy.jar --no-transfer-progress javafx:run
java_class_path (initial): C:\Program Files\NetBeans-20\netbeans\java\maven\boot\plexus-classworlds-2.7.0.jar
Launcher Type: SUN_STANDARD

[Global flags]
     intx CICompilerCount                          = 3                                         {product} {ergonomic}
     uint ConcGCThreads                            = 1                                         {product} {ergonomic}
     uint G1ConcRefinementThreads                  = 4                                         {product} {ergonomic}
   size_t G1HeapRegionSize                         = 1048576                                   {product} {ergonomic}
    uintx GCDrainStackTargetSize                   = 64                                        {product} {ergonomic}
   size_t InitialHeapSize                          = 65011712                                  {product} {ergonomic}
   size_t MarkStackSize                            = 4194304                                   {product} {ergonomic}
   size_t MaxHeapSize                              = 1021313024                                {product} {ergonomic}
   size_t MaxNewSize                               = 612368384                                 {product} {ergonomic}
   size_t MinHeapDeltaBytes                        = 1048576                                   {product} {ergonomic}
   size_t MinHeapSize                              = 8388608                                   {product} {ergonomic}
    uintx NonNMethodCodeHeapSize                   = 5832780                                {pd product} {ergonomic}
    uintx NonProfiledCodeHeapSize                  = 122912730                              {pd product} {ergonomic}
    uintx ProfiledCodeHeapSize                     = 122912730                              {pd product} {ergonomic}
    uintx ReservedCodeCacheSize                    = 251658240                              {pd product} {ergonomic}
     bool SegmentedCodeCache                       = true                                      {product} {ergonomic}
   size_t SoftMaxHeapSize                          = 1021313024                             {manageable} {ergonomic}
     bool UseCompressedOops                        = true                           {product lp64_product} {ergonomic}
     bool UseG1GC                                  = true                                      {product} {ergonomic}
     bool UseLargePagesIndividualAllocation        = false                                  {pd product} {ergonomic}

Logging:
Log output configuration:
 #0: stdout all=warning uptime,level,tags foldmultilines=false
 #1: stderr all=off uptime,level,tags foldmultilines=false

Environment Variables:
JAVA_HOME=C:\Program Files\Java\jdk-21
PATH=C:\Program Files\Common Files\Oracle\Java\javapath;C:\WINDOWS\system32;C:\WINDOWS;C:\WINDOWS\System32\Wbem;C:\WINDOWS\System32\WindowsPowerShell\v1.0\;C:\WINDOWS\System32\OpenSSH\;C:\MinGW\bin;C:\Program Files\dotnet\;C:\Program Files\MySQL\MySQL Server 8.0\bin;C:\xampp\php;C:\Program Files\MATLAB\R2024b\bin;C:\Program Files\Java\jdk-23\bin;C:\Users\USER\Downloads\apache-ant-1.10.15-bin\bin;C:\Program Files\Java\javafx-sdk-23.0.1\bin;C:\Program Files\NetBeans-20\netbeans\java\maven;C:\Users\USER\Downloads\apache-maven-3.9.9-bin\apache-maven-3.9.9\bin;C:\Program Files\Java\jdk-21\bin;C:\Program Files\Java\javafx-sdk-21.0.5\bin;C:\Program Files\Java\jdk-21\bin;C:\Program Files\MySQL\MySQL Shell 8.0\bin\;C:\Users\USER\AppData\Local\Microsoft\WindowsApps;;C:\Users\USER\Documents\FILE MEEEEE\Microsoft VS Code\bin
USERNAME=USER
OS=Windows_NT
PROCESSOR_IDENTIFIER=Intel64 Family 6 Model 140 Stepping 1, GenuineIntel
TMP=C:\Users\USER\AppData\Local\Temp
TEMP=C:\Users\USER\AppData\Local\Temp




Periodic native trim disabled

---------------  S Y S T E M  ---------------

OS:
 Windows 11 , 64 bit Build 22621 (10.0.22621.4391)
OS uptime: 0 days 14:57 hours

CPU: total 4 (initial active 4) (2 cores per cpu, 2 threads per core) family 6 model 140 stepping 1 microcode 0x9a, cx8, cmov, fxsr, ht, mmx, 3dnowpref, sse, sse2, sse3, ssse3, sse4.1, sse4.2, popcnt, lzcnt, tsc, tscinvbit, avx, avx2, aes, erms, clmul, bmi1, bmi2, adx, avx512f, avx512dq, avx512cd, avx512bw, avx512vl, sha, fma, vzeroupper, avx512_vpopcntdq, avx512_vpclmulqdq, avx512_vaes, avx512_vnni, clflush, clflushopt, clwb, avx512_vbmi2, avx512_vbmi, rdtscp, rdpid, fsrm, gfni, avx512_bitalg, f16c, pku, cet_ibt, cet_ss, avx512_ifma
Processor Information for all 4 processors :
  Max Mhz: 2995, Current Mhz: 2995, Mhz Limit: 2995

Memory: 4k page, system-wide physical 3895M (269M free)
TotalPageFile size 15671M (AvailPageFile size 0M)
current process WorkingSet (physical memory assigned to process): 149M, peak: 154M
current process commit charge ("private bytes"): 193M, peak: 198M

vm_info: Java HotSpot(TM) 64-Bit Server VM (21.0.5+9-LTS-239) for windows-amd64 JRE (21.0.5+9-LTS-239), built on 2024-09-30T05:17:38Z by "mach5one" with MS VC++ 17.6 (VS2022)

END.
