#
# There is insufficient memory for the Java Runtime Environment to continue.
# Native memory allocation (malloc) failed to allocate 972656 bytes for Chunk::new
# Possible reasons:
#   The system is out of physical RAM or swap space
#   The process is running with CompressedOops enabled, and the Java Heap may be blocking the growth of the native heap
# Possible solutions:
#   Reduce memory load on the system
#   Increase physical memory or swap space
#   Check if swap backing store is full
#   Decrease Java heap size (-Xmx/-Xms)
#   Decrease number of Java threads
#   Decrease Java thread stack sizes (-Xss)
#   Set larger code cache with -XX:ReservedCodeCacheSize=
#   JVM is running with Unscaled Compressed Oops mode in which the Java heap is
#     placed in the first 4GB address space. The Java Heap base address is the
#     maximum limit for the native heap growth. Please use -XX:HeapBaseMinAddress
#     to set the Java Heap base and to place the Java Heap above 4GB virtual address.
# This output file may be truncated or incomplete.
#
#  Out of Memory Error (arena.cpp:168), pid=18408, tid=16984
#
# JRE version: Java(TM) SE Runtime Environment (21.0.5+9) (build 21.0.5+9-LTS-239)
# Java VM: Java HotSpot(TM) 64-Bit Server VM (21.0.5+9-LTS-239, mixed mode, sharing, tiered, compressed oops, compressed class ptrs, g1 gc, windows-amd64)
# No core dump will be written. Minidumps are not enabled by default on client versions of Windows
#

---------------  S U M M A R Y ------------

Command Line: --module-path=C:\Users\USER\.m2\repository\org\openjfx\javafx-base\23.0.1\javafx-base-23.0.1-win.jar;C:\Users\USER\.m2\repository\org\openjfx\javafx-base\23.0.1\javafx-base-23.0.1.jar;C:\Users\USER\.m2\repository\org\openjfx\javafx-controls\23.0.1\javafx-controls-23.0.1-win.jar;C:\Users\USER\.m2\repository\org\openjfx\javafx-controls\23.0.1\javafx-controls-23.0.1.jar;C:\Users\USER\.m2\repository\org\openjfx\javafx-fxml\23.0.1\javafx-fxml-23.0.1-win.jar;C:\Users\USER\.m2\repository\org\openjfx\javafx-fxml\23.0.1\javafx-fxml-23.0.1.jar;C:\Users\USER\.m2\repository\org\openjfx\javafx-graphics\23.0.1\javafx-graphics-23.0.1-win.jar;C:\Users\USER\.m2\repository\org\openjfx\javafx-graphics\23.0.1\javafx-graphics-23.0.1.jar --add-modules=javafx.base,javafx.controls,javafx.fxml,javafx.graphics com.mycompany.java_farm.mainUi

Host: 11th Gen Intel(R) Core(TM) i3-1115G4 @ 3.00GHz, 4 cores, 3G,  Windows 11 , 64 bit Build 22621 (10.0.22621.4391)
Time: Sat Dec 14 14:10:51 2024 SE Asia Standard Time elapsed time: 49.199366 seconds (0d 0h 0m 49s)

---------------  T H R E A D  ---------------

Current thread (0x000001dcd7f00900):  JavaThread "C2 CompilerThread0" daemon [_thread_in_native, id=16984, stack(0x0000002d2e100000,0x0000002d2e200000) (1024K)]


Current CompileTask:
C2:  49199 7124       4       javafx.fxml.FXMLLoader$Element::processValue (126 bytes)

Stack: [0x0000002d2e100000,0x0000002d2e200000]
Native frames: (J=compiled Java code, j=interpreted, Vv=VM code, C=native code)
V  [jvm.dll+0x6ca289]
V  [jvm.dll+0x854a51]
V  [jvm.dll+0x856f7e]
V  [jvm.dll+0x857653]
V  [jvm.dll+0x27dd26]
V  [jvm.dll+0xc4c2d]
V  [jvm.dll+0xc5163]
V  [jvm.dll+0x3b4d02]
V  [jvm.dll+0x3814b5]
V  [jvm.dll+0x38092a]
V  [jvm.dll+0x246910]
V  [jvm.dll+0x245eef]
V  [jvm.dll+0x1c6d0e]
V  [jvm.dll+0x2554d9]
V  [jvm.dll+0x253a6a]
V  [jvm.dll+0x3ee136]
V  [jvm.dll+0x7fee9b]
V  [jvm.dll+0x6c896d]
C  [ucrtbase.dll+0x29333]
C  [KERNEL32.DLL+0x1259d]
C  [ntdll.dll+0x5af38]


---------------  P R O C E S S  ---------------

Threads class SMR info:
_java_thread_list=0x000001dd2399a2e0, length=18, elements={
0x000001dcbafe3550, 0x000001dcd7ef19f0, 0x000001dcd7ef2ba0, 0x000001dcd7ef76a0,
0x000001dcd7efa1f0, 0x000001dcd7efaee0, 0x000001dcd7efca30, 0x000001dcd7f00900,
0x000001dcd7f04cc0, 0x000001dd1d157730, 0x000001dd1d3580d0, 0x000001dd1d4fe670,
0x000001dd1d921120, 0x000001dd1d922a00, 0x000001dd1dbc5e10, 0x000001dd1dc0e740,
0x000001dd242ee050, 0x000001dd237a5e50
}

Java Threads: ( => current thread )
  0x000001dcbafe3550 JavaThread "main"                              [_thread_blocked, id=11452, stack(0x0000002d2d300000,0x0000002d2d400000) (1024K)]
  0x000001dcd7ef19f0 JavaThread "Reference Handler"          daemon [_thread_blocked, id=16340, stack(0x0000002d2db00000,0x0000002d2dc00000) (1024K)]
  0x000001dcd7ef2ba0 JavaThread "Finalizer"                  daemon [_thread_blocked, id=7684, stack(0x0000002d2dc00000,0x0000002d2dd00000) (1024K)]
  0x000001dcd7ef76a0 JavaThread "Signal Dispatcher"          daemon [_thread_blocked, id=10144, stack(0x0000002d2dd00000,0x0000002d2de00000) (1024K)]
  0x000001dcd7efa1f0 JavaThread "Attach Listener"            daemon [_thread_blocked, id=1620, stack(0x0000002d2de00000,0x0000002d2df00000) (1024K)]
  0x000001dcd7efaee0 JavaThread "Service Thread"             daemon [_thread_blocked, id=17252, stack(0x0000002d2df00000,0x0000002d2e000000) (1024K)]
  0x000001dcd7efca30 JavaThread "Monitor Deflation Thread"   daemon [_thread_blocked, id=17096, stack(0x0000002d2e000000,0x0000002d2e100000) (1024K)]
=>0x000001dcd7f00900 JavaThread "C2 CompilerThread0"         daemon [_thread_in_native, id=16984, stack(0x0000002d2e100000,0x0000002d2e200000) (1024K)]
  0x000001dcd7f04cc0 JavaThread "C1 CompilerThread0"         daemon [_thread_blocked, id=14172, stack(0x0000002d2e200000,0x0000002d2e300000) (1024K)]
  0x000001dd1d157730 JavaThread "Common-Cleaner"             daemon [_thread_blocked, id=6220, stack(0x0000002d2e300000,0x0000002d2e400000) (1024K)]
  0x000001dd1d3580d0 JavaThread "Notification Thread"        daemon [_thread_blocked, id=15384, stack(0x0000002d2e400000,0x0000002d2e500000) (1024K)]
  0x000001dd1d4fe670 JavaThread "QuantumRenderer-0"          daemon [_thread_blocked, id=17576, stack(0x0000002d2e800000,0x0000002d2e900000) (1024K)]
  0x000001dd1d921120 JavaThread "InvokeLaterDispatcher"      daemon [_thread_blocked, id=17580, stack(0x0000002d2e900000,0x0000002d2ea00000) (1024K)]
  0x000001dd1d922a00 JavaThread "JavaFX Application Thread"         [_thread_in_native, id=17584, stack(0x0000002d2ea00000,0x0000002d2eb00000) (1024K)]
  0x000001dd1dbc5e10 JavaThread "JavaFX-Launcher"                   [_thread_blocked, id=17916, stack(0x0000002d2ef00000,0x0000002d2f000000) (1024K)]
  0x000001dd1dc0e740 JavaThread "Thread-2"                   daemon [_thread_in_native, id=17568, stack(0x0000002d2ee00000,0x0000002d2ef00000) (1024K)]
  0x000001dd242ee050 JavaThread "Prism Font Disposer"        daemon [_thread_blocked, id=17920, stack(0x0000002d2f000000,0x0000002d2f100000) (1024K)]
  0x000001dd237a5e50 JavaThread "Cleaner-0"                  daemon [_thread_blocked, id=17996, stack(0x0000002d2f400000,0x0000002d2f500000) (1024K)]
Total: 18

Other Threads:
  0x000001dcbd39ae50 VMThread "VM Thread"                           [id=17304, stack(0x0000002d2da00000,0x0000002d2db00000) (1024K)]
  0x000001dcd7edcc00 WatcherThread "VM Periodic Task Thread"        [id=17364, stack(0x0000002d2d900000,0x0000002d2da00000) (1024K)]
  0x000001dcbd312ab0 WorkerThread "GC Thread#0"                     [id=17396, stack(0x0000002d2d400000,0x0000002d2d500000) (1024K)]
  0x000001dd1d7ad3a0 WorkerThread "GC Thread#1"                     [id=16448, stack(0x0000002d2e500000,0x0000002d2e600000) (1024K)]
  0x000001dd1d5817a0 WorkerThread "GC Thread#2"                     [id=17532, stack(0x0000002d2e600000,0x0000002d2e700000) (1024K)]
  0x000001dd1d7e9870 WorkerThread "GC Thread#3"                     [id=17572, stack(0x0000002d2e700000,0x0000002d2e800000) (1024K)]
  0x000001dcbd31be10 ConcurrentGCThread "G1 Main Marker"            [id=15892, stack(0x0000002d2d500000,0x0000002d2d600000) (1024K)]
  0x000001dcbd31d0b0 WorkerThread "G1 Conc#0"                       [id=16668, stack(0x0000002d2d600000,0x0000002d2d700000) (1024K)]
  0x000001dcbd379220 ConcurrentGCThread "G1 Refine#0"               [id=16608, stack(0x0000002d2d700000,0x0000002d2d800000) (1024K)]
  0x000001dcbd379f40 ConcurrentGCThread "G1 Service"                [id=5216, stack(0x0000002d2d800000,0x0000002d2d900000) (1024K)]
Total: 10

Threads with active compile tasks:
C2 CompilerThread0    49277 7124       4       javafx.fxml.FXMLLoader$Element::processValue (126 bytes)
Total: 1

VM state: not at safepoint (normal execution)

VM Mutex/Monitor currently owned by a thread: None

Heap address: 0x00000000c3200000, size: 974 MB, Compressed Oops mode: 32-bit

CDS archive(s) mapped at: [0x000001dcd8000000-0x000001dcd8c90000-0x000001dcd8c90000), size 13172736, SharedBaseAddress: 0x000001dcd8000000, ArchiveRelocationMode: 1.
Compressed class space mapped at: 0x000001dcd9000000-0x000001dd19000000, reserved size: 1073741824
Narrow klass base: 0x000001dcd8000000, Narrow klass shift: 0, Narrow klass range: 0x100000000

GC Precious Log:
 CardTable entry size: 512
 Card Set container configuration: InlinePtr #cards 5 size 8 Array Of Cards #cards 12 size 40 Howl #buckets 4 coarsen threshold 1843 Howl Bitmap #cards 512 size 80 coarsen threshold 460 Card regions per heap region 1 cards per card region 2048
 CPUs: 4 total, 4 available
 Memory: 3895M
 Large Page Support: Disabled
 NUMA Support: Disabled
 Compressed Oops: Enabled (32-bit)
 Heap Region Size: 1M
 Heap Min Capacity: 8M
 Heap Initial Capacity: 62M
 Heap Max Capacity: 974M
 Pre-touch: Disabled
 Parallel Workers: 4
 Concurrent Workers: 1
 Concurrent Refinement Workers: 4
 Periodic GC: Disabled

Heap:
 garbage-first heap   total 215040K, used 207643K [0x00000000c3200000, 0x0000000100000000)
  region size 1024K, 26 young (26624K), 3 survivors (3072K)
 Metaspace       used 21626K, committed 22016K, reserved 1114112K
  class space    used 2990K, committed 3200K, reserved 1048576K

Heap Regions: E=young(eden), S=young(survivor), O=old, HS=humongous(starts), HC=humongous(continues), CS=collection set, F=free, TAMS=top-at-mark-start, PB=parsable bottom
|   0|0x00000000c3200000, 0x00000000c3300000, 0x00000000c3300000|100%| O|  |TAMS 0x00000000c3200000| PB 0x00000000c3200000| Untracked 
|   1|0x00000000c3300000, 0x00000000c3400000, 0x00000000c3400000|100%| O|  |TAMS 0x00000000c3300000| PB 0x00000000c3300000| Untracked 
|   2|0x00000000c3400000, 0x00000000c3500000, 0x00000000c3500000|100%| O|  |TAMS 0x00000000c3400000| PB 0x00000000c3400000| Untracked 
|   3|0x00000000c3500000, 0x00000000c3600000, 0x00000000c3600000|100%|HS|  |TAMS 0x00000000c3500000| PB 0x00000000c3500000| Complete 
|   4|0x00000000c3600000, 0x00000000c3700000, 0x00000000c3700000|100%|HC|  |TAMS 0x00000000c3600000| PB 0x00000000c3600000| Complete 
|   5|0x00000000c3700000, 0x00000000c3800000, 0x00000000c3800000|100%|HS|  |TAMS 0x00000000c3700000| PB 0x00000000c3700000| Complete 
|   6|0x00000000c3800000, 0x00000000c3900000, 0x00000000c3900000|100%|HC|  |TAMS 0x00000000c3800000| PB 0x00000000c3800000| Complete 
|   7|0x00000000c3900000, 0x00000000c3a00000, 0x00000000c3a00000|100%|HC|  |TAMS 0x00000000c3900000| PB 0x00000000c3900000| Complete 
|   8|0x00000000c3a00000, 0x00000000c3b00000, 0x00000000c3b00000|100%|HC|  |TAMS 0x00000000c3a00000| PB 0x00000000c3a00000| Complete 
|   9|0x00000000c3b00000, 0x00000000c3c00000, 0x00000000c3c00000|100%| O|  |TAMS 0x00000000c3b00000| PB 0x00000000c3b00000| Untracked 
|  10|0x00000000c3c00000, 0x00000000c3d00000, 0x00000000c3d00000|100%| O|  |TAMS 0x00000000c3c00000| PB 0x00000000c3c00000| Untracked 
|  11|0x00000000c3d00000, 0x00000000c3e00000, 0x00000000c3e00000|100%| O|  |TAMS 0x00000000c3d00000| PB 0x00000000c3d00000| Untracked 
|  12|0x00000000c3e00000, 0x00000000c3f00000, 0x00000000c3f00000|100%|HS|  |TAMS 0x00000000c3e00000| PB 0x00000000c3e00000| Complete 
|  13|0x00000000c3f00000, 0x00000000c4000000, 0x00000000c4000000|100%|HC|  |TAMS 0x00000000c3f00000| PB 0x00000000c3f00000| Complete 
|  14|0x00000000c4000000, 0x00000000c4100000, 0x00000000c4100000|100%|HS|  |TAMS 0x00000000c4000000| PB 0x00000000c4000000| Complete 
|  15|0x00000000c4100000, 0x00000000c4200000, 0x00000000c4200000|100%|HC|  |TAMS 0x00000000c4100000| PB 0x00000000c4100000| Complete 
|  16|0x00000000c4200000, 0x00000000c4300000, 0x00000000c4300000|100%|HS|  |TAMS 0x00000000c4200000| PB 0x00000000c4200000| Complete 
|  17|0x00000000c4300000, 0x00000000c4400000, 0x00000000c4400000|100%|HC|  |TAMS 0x00000000c4300000| PB 0x00000000c4300000| Complete 
|  18|0x00000000c4400000, 0x00000000c4500000, 0x00000000c4500000|100%|HS|  |TAMS 0x00000000c4400000| PB 0x00000000c4400000| Complete 
|  19|0x00000000c4500000, 0x00000000c4600000, 0x00000000c4600000|100%|HC|  |TAMS 0x00000000c4500000| PB 0x00000000c4500000| Complete 
|  20|0x00000000c4600000, 0x00000000c4600000, 0x00000000c4700000|  0%| F|  |TAMS 0x00000000c4600000| PB 0x00000000c4600000| Untracked 
|  21|0x00000000c4700000, 0x00000000c4800000, 0x00000000c4800000|100%| O|  |TAMS 0x00000000c4700000| PB 0x00000000c4700000| Untracked 
|  22|0x00000000c4800000, 0x00000000c4900000, 0x00000000c4900000|100%| O|  |TAMS 0x00000000c4800000| PB 0x00000000c4800000| Untracked 
|  23|0x00000000c4900000, 0x00000000c4a00000, 0x00000000c4a00000|100%| O|  |TAMS 0x00000000c4900000| PB 0x00000000c4900000| Untracked 
|  24|0x00000000c4a00000, 0x00000000c4b00000, 0x00000000c4b00000|100%| O|  |TAMS 0x00000000c4a00000| PB 0x00000000c4a00000| Untracked 
|  25|0x00000000c4b00000, 0x00000000c4c00000, 0x00000000c4c00000|100%|HS|  |TAMS 0x00000000c4b00000| PB 0x00000000c4b00000| Complete 
|  26|0x00000000c4c00000, 0x00000000c4d00000, 0x00000000c4d00000|100%|HC|  |TAMS 0x00000000c4c00000| PB 0x00000000c4c00000| Complete 
|  27|0x00000000c4d00000, 0x00000000c4e00000, 0x00000000c4e00000|100%|HS|  |TAMS 0x00000000c4d00000| PB 0x00000000c4d00000| Complete 
|  28|0x00000000c4e00000, 0x00000000c4f00000, 0x00000000c4f00000|100%|HC|  |TAMS 0x00000000c4e00000| PB 0x00000000c4e00000| Complete 
|  29|0x00000000c4f00000, 0x00000000c5000000, 0x00000000c5000000|100%|HS|  |TAMS 0x00000000c4f00000| PB 0x00000000c4f00000| Complete 
|  30|0x00000000c5000000, 0x00000000c5100000, 0x00000000c5100000|100%|HC|  |TAMS 0x00000000c5000000| PB 0x00000000c5000000| Complete 
|  31|0x00000000c5100000, 0x00000000c5200000, 0x00000000c5200000|100%|HS|  |TAMS 0x00000000c5100000| PB 0x00000000c5100000| Complete 
|  32|0x00000000c5200000, 0x00000000c5300000, 0x00000000c5300000|100%|HC|  |TAMS 0x00000000c5200000| PB 0x00000000c5200000| Complete 
|  33|0x00000000c5300000, 0x00000000c5400000, 0x00000000c5400000|100%|HS|  |TAMS 0x00000000c5300000| PB 0x00000000c5300000| Complete 
|  34|0x00000000c5400000, 0x00000000c5500000, 0x00000000c5500000|100%|HC|  |TAMS 0x00000000c5400000| PB 0x00000000c5400000| Complete 
|  35|0x00000000c5500000, 0x00000000c5600000, 0x00000000c5600000|100%|HS|  |TAMS 0x00000000c5500000| PB 0x00000000c5500000| Complete 
|  36|0x00000000c5600000, 0x00000000c5700000, 0x00000000c5700000|100%|HC|  |TAMS 0x00000000c5600000| PB 0x00000000c5600000| Complete 
|  37|0x00000000c5700000, 0x00000000c5800000, 0x00000000c5800000|100%|HC|  |TAMS 0x00000000c5700000| PB 0x00000000c5700000| Complete 
|  38|0x00000000c5800000, 0x00000000c5900000, 0x00000000c5900000|100%|HC|  |TAMS 0x00000000c5800000| PB 0x00000000c5800000| Complete 
|  39|0x00000000c5900000, 0x00000000c5a00000, 0x00000000c5a00000|100%|HS|  |TAMS 0x00000000c5900000| PB 0x00000000c5900000| Complete 
|  40|0x00000000c5a00000, 0x00000000c5b00000, 0x00000000c5b00000|100%|HC|  |TAMS 0x00000000c5a00000| PB 0x00000000c5a00000| Complete 
|  41|0x00000000c5b00000, 0x00000000c5c00000, 0x00000000c5c00000|100%|HS|  |TAMS 0x00000000c5b00000| PB 0x00000000c5b00000| Complete 
|  42|0x00000000c5c00000, 0x00000000c5d00000, 0x00000000c5d00000|100%|HC|  |TAMS 0x00000000c5c00000| PB 0x00000000c5c00000| Complete 
|  43|0x00000000c5d00000, 0x00000000c5e00000, 0x00000000c5e00000|100%|HS|  |TAMS 0x00000000c5d00000| PB 0x00000000c5d00000| Complete 
|  44|0x00000000c5e00000, 0x00000000c5f00000, 0x00000000c5f00000|100%|HC|  |TAMS 0x00000000c5e00000| PB 0x00000000c5e00000| Complete 
|  45|0x00000000c5f00000, 0x00000000c6000000, 0x00000000c6000000|100%|HS|  |TAMS 0x00000000c5f00000| PB 0x00000000c5f00000| Complete 
|  46|0x00000000c6000000, 0x00000000c6100000, 0x00000000c6100000|100%|HC|  |TAMS 0x00000000c6000000| PB 0x00000000c6000000| Complete 
|  47|0x00000000c6100000, 0x00000000c6200000, 0x00000000c6200000|100%|HS|  |TAMS 0x00000000c6100000| PB 0x00000000c6100000| Complete 
|  48|0x00000000c6200000, 0x00000000c6300000, 0x00000000c6300000|100%|HC|  |TAMS 0x00000000c6200000| PB 0x00000000c6200000| Complete 
|  49|0x00000000c6300000, 0x00000000c6400000, 0x00000000c6400000|100%|HS|  |TAMS 0x00000000c6300000| PB 0x00000000c6300000| Complete 
|  50|0x00000000c6400000, 0x00000000c6500000, 0x00000000c6500000|100%|HC|  |TAMS 0x00000000c6400000| PB 0x00000000c6400000| Complete 
|  51|0x00000000c6500000, 0x00000000c6600000, 0x00000000c6600000|100%|HS|  |TAMS 0x00000000c6500000| PB 0x00000000c6500000| Complete 
|  52|0x00000000c6600000, 0x00000000c6700000, 0x00000000c6700000|100%|HC|  |TAMS 0x00000000c6600000| PB 0x00000000c6600000| Complete 
|  53|0x00000000c6700000, 0x00000000c6800000, 0x00000000c6800000|100%|HS|  |TAMS 0x00000000c6700000| PB 0x00000000c6700000| Complete 
|  54|0x00000000c6800000, 0x00000000c6900000, 0x00000000c6900000|100%|HC|  |TAMS 0x00000000c6800000| PB 0x00000000c6800000| Complete 
|  55|0x00000000c6900000, 0x00000000c6a00000, 0x00000000c6a00000|100%|HS|  |TAMS 0x00000000c6900000| PB 0x00000000c6900000| Complete 
|  56|0x00000000c6a00000, 0x00000000c6b00000, 0x00000000c6b00000|100%|HC|  |TAMS 0x00000000c6a00000| PB 0x00000000c6a00000| Complete 
|  57|0x00000000c6b00000, 0x00000000c6c00000, 0x00000000c6c00000|100%|HC|  |TAMS 0x00000000c6b00000| PB 0x00000000c6b00000| Complete 
|  58|0x00000000c6c00000, 0x00000000c6d00000, 0x00000000c6d00000|100%|HC|  |TAMS 0x00000000c6c00000| PB 0x00000000c6c00000| Complete 
|  59|0x00000000c6d00000, 0x00000000c6e00000, 0x00000000c6e00000|100%|HS|  |TAMS 0x00000000c6d00000| PB 0x00000000c6d00000| Complete 
|  60|0x00000000c6e00000, 0x00000000c6f00000, 0x00000000c6f00000|100%|HC|  |TAMS 0x00000000c6e00000| PB 0x00000000c6e00000| Complete 
|  61|0x00000000c6f00000, 0x00000000c7000000, 0x00000000c7000000|100%|HS|  |TAMS 0x00000000c6f00000| PB 0x00000000c6f00000| Complete 
|  62|0x00000000c7000000, 0x00000000c7100000, 0x00000000c7100000|100%|HC|  |TAMS 0x00000000c7000000| PB 0x00000000c7000000| Complete 
|  63|0x00000000c7100000, 0x00000000c7200000, 0x00000000c7200000|100%|HS|  |TAMS 0x00000000c7100000| PB 0x00000000c7100000| Complete 
|  64|0x00000000c7200000, 0x00000000c7300000, 0x00000000c7300000|100%|HC|  |TAMS 0x00000000c7200000| PB 0x00000000c7200000| Complete 
|  65|0x00000000c7300000, 0x00000000c7400000, 0x00000000c7400000|100%|HS|  |TAMS 0x00000000c7300000| PB 0x00000000c7300000| Complete 
|  66|0x00000000c7400000, 0x00000000c7500000, 0x00000000c7500000|100%|HC|  |TAMS 0x00000000c7400000| PB 0x00000000c7400000| Complete 
|  67|0x00000000c7500000, 0x00000000c7600000, 0x00000000c7600000|100%|HS|  |TAMS 0x00000000c7500000| PB 0x00000000c7500000| Complete 
|  68|0x00000000c7600000, 0x00000000c7700000, 0x00000000c7700000|100%|HC|  |TAMS 0x00000000c7600000| PB 0x00000000c7600000| Complete 
|  69|0x00000000c7700000, 0x00000000c7800000, 0x00000000c7800000|100%|HS|  |TAMS 0x00000000c7700000| PB 0x00000000c7700000| Complete 
|  70|0x00000000c7800000, 0x00000000c7900000, 0x00000000c7900000|100%|HC|  |TAMS 0x00000000c7800000| PB 0x00000000c7800000| Complete 
|  71|0x00000000c7900000, 0x00000000c7a00000, 0x00000000c7a00000|100%|HS|  |TAMS 0x00000000c7900000| PB 0x00000000c7900000| Complete 
|  72|0x00000000c7a00000, 0x00000000c7b00000, 0x00000000c7b00000|100%|HC|  |TAMS 0x00000000c7a00000| PB 0x00000000c7a00000| Complete 
|  73|0x00000000c7b00000, 0x00000000c7c00000, 0x00000000c7c00000|100%|HS|  |TAMS 0x00000000c7b00000| PB 0x00000000c7b00000| Complete 
|  74|0x00000000c7c00000, 0x00000000c7d00000, 0x00000000c7d00000|100%|HC|  |TAMS 0x00000000c7c00000| PB 0x00000000c7c00000| Complete 
|  75|0x00000000c7d00000, 0x00000000c7e00000, 0x00000000c7e00000|100%|HS|  |TAMS 0x00000000c7d00000| PB 0x00000000c7d00000| Complete 
|  76|0x00000000c7e00000, 0x00000000c7f00000, 0x00000000c7f00000|100%|HC|  |TAMS 0x00000000c7e00000| PB 0x00000000c7e00000| Complete 
|  77|0x00000000c7f00000, 0x00000000c8000000, 0x00000000c8000000|100%|HC|  |TAMS 0x00000000c7f00000| PB 0x00000000c7f00000| Complete 
|  78|0x00000000c8000000, 0x00000000c8100000, 0x00000000c8100000|100%|HC|  |TAMS 0x00000000c8000000| PB 0x00000000c8000000| Complete 
|  79|0x00000000c8100000, 0x00000000c8200000, 0x00000000c8200000|100%|HS|  |TAMS 0x00000000c8100000| PB 0x00000000c8100000| Complete 
|  80|0x00000000c8200000, 0x00000000c8300000, 0x00000000c8300000|100%|HC|  |TAMS 0x00000000c8200000| PB 0x00000000c8200000| Complete 
|  81|0x00000000c8300000, 0x00000000c8400000, 0x00000000c8400000|100%|HS|  |TAMS 0x00000000c8300000| PB 0x00000000c8300000| Complete 
|  82|0x00000000c8400000, 0x00000000c8500000, 0x00000000c8500000|100%|HC|  |TAMS 0x00000000c8400000| PB 0x00000000c8400000| Complete 
|  83|0x00000000c8500000, 0x00000000c8600000, 0x00000000c8600000|100%|HS|  |TAMS 0x00000000c8500000| PB 0x00000000c8500000| Complete 
|  84|0x00000000c8600000, 0x00000000c8700000, 0x00000000c8700000|100%|HC|  |TAMS 0x00000000c8600000| PB 0x00000000c8600000| Complete 
|  85|0x00000000c8700000, 0x00000000c8800000, 0x00000000c8800000|100%|HS|  |TAMS 0x00000000c8700000| PB 0x00000000c8700000| Complete 
|  86|0x00000000c8800000, 0x00000000c8900000, 0x00000000c8900000|100%|HC|  |TAMS 0x00000000c8800000| PB 0x00000000c8800000| Complete 
|  87|0x00000000c8900000, 0x00000000c8900000, 0x00000000c8a00000|  0%| F|  |TAMS 0x00000000c8900000| PB 0x00000000c8900000| Untracked 
|  88|0x00000000c8a00000, 0x00000000c8b00000, 0x00000000c8b00000|100%|HS|  |TAMS 0x00000000c8a00000| PB 0x00000000c8a00000| Complete 
|  89|0x00000000c8b00000, 0x00000000c8c00000, 0x00000000c8c00000|100%|HC|  |TAMS 0x00000000c8b00000| PB 0x00000000c8b00000| Complete 
|  90|0x00000000c8c00000, 0x00000000c8d00000, 0x00000000c8d00000|100%|HS|  |TAMS 0x00000000c8c00000| PB 0x00000000c8c00000| Complete 
|  91|0x00000000c8d00000, 0x00000000c8e00000, 0x00000000c8e00000|100%|HC|  |TAMS 0x00000000c8d00000| PB 0x00000000c8d00000| Complete 
|  92|0x00000000c8e00000, 0x00000000c8f00000, 0x00000000c8f00000|100%|HC|  |TAMS 0x00000000c8e00000| PB 0x00000000c8e00000| Complete 
|  93|0x00000000c8f00000, 0x00000000c9000000, 0x00000000c9000000|100%|HC|  |TAMS 0x00000000c8f00000| PB 0x00000000c8f00000| Complete 
|  94|0x00000000c9000000, 0x00000000c9100000, 0x00000000c9100000|100%|HS|  |TAMS 0x00000000c9000000| PB 0x00000000c9000000| Complete 
|  95|0x00000000c9100000, 0x00000000c9200000, 0x00000000c9200000|100%|HC|  |TAMS 0x00000000c9100000| PB 0x00000000c9100000| Complete 
|  96|0x00000000c9200000, 0x00000000c9300000, 0x00000000c9300000|100%|HS|  |TAMS 0x00000000c9200000| PB 0x00000000c9200000| Complete 
|  97|0x00000000c9300000, 0x00000000c9400000, 0x00000000c9400000|100%|HC|  |TAMS 0x00000000c9300000| PB 0x00000000c9300000| Complete 
|  98|0x00000000c9400000, 0x00000000c9500000, 0x00000000c9500000|100%| O|  |TAMS 0x00000000c9400000| PB 0x00000000c9400000| Untracked 
|  99|0x00000000c9500000, 0x00000000c9600000, 0x00000000c9600000|100%|HS|  |TAMS 0x00000000c9500000| PB 0x00000000c9500000| Complete 
| 100|0x00000000c9600000, 0x00000000c9700000, 0x00000000c9700000|100%|HC|  |TAMS 0x00000000c9600000| PB 0x00000000c9600000| Complete 
| 101|0x00000000c9700000, 0x00000000c9800000, 0x00000000c9800000|100%|HC|  |TAMS 0x00000000c9700000| PB 0x00000000c9700000| Complete 
| 102|0x00000000c9800000, 0x00000000c9900000, 0x00000000c9900000|100%|HC|  |TAMS 0x00000000c9800000| PB 0x00000000c9800000| Complete 
| 103|0x00000000c9900000, 0x00000000c9a00000, 0x00000000c9a00000|100%|HS|  |TAMS 0x00000000c9900000| PB 0x00000000c9900000| Complete 
| 104|0x00000000c9a00000, 0x00000000c9b00000, 0x00000000c9b00000|100%|HC|  |TAMS 0x00000000c9a00000| PB 0x00000000c9a00000| Complete 
| 105|0x00000000c9b00000, 0x00000000c9c00000, 0x00000000c9c00000|100%|HS|  |TAMS 0x00000000c9b00000| PB 0x00000000c9b00000| Complete 
| 106|0x00000000c9c00000, 0x00000000c9d00000, 0x00000000c9d00000|100%|HC|  |TAMS 0x00000000c9c00000| PB 0x00000000c9c00000| Complete 
| 107|0x00000000c9d00000, 0x00000000c9e00000, 0x00000000c9e00000|100%|HS|  |TAMS 0x00000000c9d00000| PB 0x00000000c9d00000| Complete 
| 108|0x00000000c9e00000, 0x00000000c9f00000, 0x00000000c9f00000|100%|HC|  |TAMS 0x00000000c9e00000| PB 0x00000000c9e00000| Complete 
| 109|0x00000000c9f00000, 0x00000000ca000000, 0x00000000ca000000|100%|HS|  |TAMS 0x00000000c9f00000| PB 0x00000000c9f00000| Complete 
| 110|0x00000000ca000000, 0x00000000ca100000, 0x00000000ca100000|100%|HC|  |TAMS 0x00000000ca000000| PB 0x00000000ca000000| Complete 
| 111|0x00000000ca100000, 0x00000000ca200000, 0x00000000ca200000|100%|HS|  |TAMS 0x00000000ca100000| PB 0x00000000ca100000| Complete 
| 112|0x00000000ca200000, 0x00000000ca300000, 0x00000000ca300000|100%|HC|  |TAMS 0x00000000ca200000| PB 0x00000000ca200000| Complete 
| 113|0x00000000ca300000, 0x00000000ca400000, 0x00000000ca400000|100%|HS|  |TAMS 0x00000000ca300000| PB 0x00000000ca300000| Complete 
| 114|0x00000000ca400000, 0x00000000ca500000, 0x00000000ca500000|100%|HC|  |TAMS 0x00000000ca400000| PB 0x00000000ca400000| Complete 
| 115|0x00000000ca500000, 0x00000000ca600000, 0x00000000ca600000|100%|HS|  |TAMS 0x00000000ca500000| PB 0x00000000ca500000| Complete 
| 116|0x00000000ca600000, 0x00000000ca700000, 0x00000000ca700000|100%|HC|  |TAMS 0x00000000ca600000| PB 0x00000000ca600000| Complete 
| 117|0x00000000ca700000, 0x00000000ca800000, 0x00000000ca800000|100%|HS|  |TAMS 0x00000000ca700000| PB 0x00000000ca700000| Complete 
| 118|0x00000000ca800000, 0x00000000ca900000, 0x00000000ca900000|100%|HC|  |TAMS 0x00000000ca800000| PB 0x00000000ca800000| Complete 
| 119|0x00000000ca900000, 0x00000000caa00000, 0x00000000caa00000|100%|HC|  |TAMS 0x00000000ca900000| PB 0x00000000ca900000| Complete 
| 120|0x00000000caa00000, 0x00000000cab00000, 0x00000000cab00000|100%|HC|  |TAMS 0x00000000caa00000| PB 0x00000000caa00000| Complete 
| 121|0x00000000cab00000, 0x00000000cac00000, 0x00000000cac00000|100%|HS|  |TAMS 0x00000000cab00000| PB 0x00000000cab00000| Complete 
| 122|0x00000000cac00000, 0x00000000cad00000, 0x00000000cad00000|100%|HC|  |TAMS 0x00000000cac00000| PB 0x00000000cac00000| Complete 
| 123|0x00000000cad00000, 0x00000000cae00000, 0x00000000cae00000|100%|HS|  |TAMS 0x00000000cad00000| PB 0x00000000cad00000| Complete 
| 124|0x00000000cae00000, 0x00000000caf00000, 0x00000000caf00000|100%|HC|  |TAMS 0x00000000cae00000| PB 0x00000000cae00000| Complete 
| 125|0x00000000caf00000, 0x00000000cb000000, 0x00000000cb000000|100%|HS|  |TAMS 0x00000000caf00000| PB 0x00000000caf00000| Complete 
| 126|0x00000000cb000000, 0x00000000cb100000, 0x00000000cb100000|100%|HC|  |TAMS 0x00000000cb000000| PB 0x00000000cb000000| Complete 
| 127|0x00000000cb100000, 0x00000000cb100000, 0x00000000cb200000|  0%| F|  |TAMS 0x00000000cb100000| PB 0x00000000cb100000| Untracked 
| 128|0x00000000cb200000, 0x00000000cb200000, 0x00000000cb300000|  0%| F|  |TAMS 0x00000000cb200000| PB 0x00000000cb200000| Untracked 
| 129|0x00000000cb300000, 0x00000000cb300000, 0x00000000cb400000|  0%| F|  |TAMS 0x00000000cb300000| PB 0x00000000cb300000| Untracked 
| 130|0x00000000cb400000, 0x00000000cb500000, 0x00000000cb500000|100%| E|  |TAMS 0x00000000cb400000| PB 0x00000000cb400000| Complete 
| 131|0x00000000cb500000, 0x00000000cb600000, 0x00000000cb600000|100%| E|CS|TAMS 0x00000000cb500000| PB 0x00000000cb500000| Complete 
| 132|0x00000000cb600000, 0x00000000cb700000, 0x00000000cb700000|100%| E|CS|TAMS 0x00000000cb600000| PB 0x00000000cb600000| Complete 
| 133|0x00000000cb700000, 0x00000000cb800000, 0x00000000cb800000|100%|HS|  |TAMS 0x00000000cb700000| PB 0x00000000cb700000| Complete 
| 134|0x00000000cb800000, 0x00000000cb900000, 0x00000000cb900000|100%|HC|  |TAMS 0x00000000cb800000| PB 0x00000000cb800000| Complete 
| 135|0x00000000cb900000, 0x00000000cba00000, 0x00000000cba00000|100%|HS|  |TAMS 0x00000000cb900000| PB 0x00000000cb900000| Complete 
| 136|0x00000000cba00000, 0x00000000cbb00000, 0x00000000cbb00000|100%|HC|  |TAMS 0x00000000cba00000| PB 0x00000000cba00000| Complete 
| 137|0x00000000cbb00000, 0x00000000cbc00000, 0x00000000cbc00000|100%|HC|  |TAMS 0x00000000cbb00000| PB 0x00000000cbb00000| Complete 
| 138|0x00000000cbc00000, 0x00000000cbd00000, 0x00000000cbd00000|100%|HC|  |TAMS 0x00000000cbc00000| PB 0x00000000cbc00000| Complete 
| 139|0x00000000cbd00000, 0x00000000cbe00000, 0x00000000cbe00000|100%|HS|  |TAMS 0x00000000cbd00000| PB 0x00000000cbd00000| Complete 
| 140|0x00000000cbe00000, 0x00000000cbf00000, 0x00000000cbf00000|100%|HC|  |TAMS 0x00000000cbe00000| PB 0x00000000cbe00000| Complete 
| 141|0x00000000cbf00000, 0x00000000cc000000, 0x00000000cc000000|100%|HS|  |TAMS 0x00000000cbf00000| PB 0x00000000cbf00000| Complete 
| 142|0x00000000cc000000, 0x00000000cc100000, 0x00000000cc100000|100%|HC|  |TAMS 0x00000000cc000000| PB 0x00000000cc000000| Complete 
| 143|0x00000000cc100000, 0x00000000cc200000, 0x00000000cc200000|100%|HS|  |TAMS 0x00000000cc100000| PB 0x00000000cc100000| Complete 
| 144|0x00000000cc200000, 0x00000000cc300000, 0x00000000cc300000|100%|HC|  |TAMS 0x00000000cc200000| PB 0x00000000cc200000| Complete 
| 145|0x00000000cc300000, 0x00000000cc400000, 0x00000000cc400000|100%|HS|  |TAMS 0x00000000cc300000| PB 0x00000000cc300000| Complete 
| 146|0x00000000cc400000, 0x00000000cc500000, 0x00000000cc500000|100%|HC|  |TAMS 0x00000000cc400000| PB 0x00000000cc400000| Complete 
| 147|0x00000000cc500000, 0x00000000cc600000, 0x00000000cc600000|100%|HS|  |TAMS 0x00000000cc500000| PB 0x00000000cc500000| Complete 
| 148|0x00000000cc600000, 0x00000000cc700000, 0x00000000cc700000|100%|HC|  |TAMS 0x00000000cc600000| PB 0x00000000cc600000| Complete 
| 149|0x00000000cc700000, 0x00000000cc800000, 0x00000000cc800000|100%|HS|  |TAMS 0x00000000cc700000| PB 0x00000000cc700000| Complete 
| 150|0x00000000cc800000, 0x00000000cc900000, 0x00000000cc900000|100%|HC|  |TAMS 0x00000000cc800000| PB 0x00000000cc800000| Complete 
| 151|0x00000000cc900000, 0x00000000cca00000, 0x00000000cca00000|100%| O|  |TAMS 0x00000000cc900000| PB 0x00000000cc900000| Untracked 
| 152|0x00000000cca00000, 0x00000000ccb00000, 0x00000000ccb00000|100%| O|Cm|TAMS 0x00000000cca00000| PB 0x00000000cca00000| Complete 
| 153|0x00000000ccb00000, 0x00000000ccc00000, 0x00000000ccc00000|100%| E|CS|TAMS 0x00000000ccb00000| PB 0x00000000ccb00000| Complete 
| 154|0x00000000ccc00000, 0x00000000ccd00000, 0x00000000ccd00000|100%| E|CS|TAMS 0x00000000ccc00000| PB 0x00000000ccc00000| Complete 
| 155|0x00000000ccd00000, 0x00000000cce00000, 0x00000000cce00000|100%|HS|  |TAMS 0x00000000ccd00000| PB 0x00000000ccd00000| Complete 
| 156|0x00000000cce00000, 0x00000000ccf00000, 0x00000000ccf00000|100%|HC|  |TAMS 0x00000000cce00000| PB 0x00000000cce00000| Complete 
| 157|0x00000000ccf00000, 0x00000000cd000000, 0x00000000cd000000|100%|HS|  |TAMS 0x00000000ccf00000| PB 0x00000000ccf00000| Complete 
| 158|0x00000000cd000000, 0x00000000cd100000, 0x00000000cd100000|100%|HC|  |TAMS 0x00000000cd000000| PB 0x00000000cd000000| Complete 
| 159|0x00000000cd100000, 0x00000000cd200000, 0x00000000cd200000|100%| E|CS|TAMS 0x00000000cd100000| PB 0x00000000cd100000| Complete 
| 160|0x00000000cd200000, 0x00000000cd300000, 0x00000000cd300000|100%| E|CS|TAMS 0x00000000cd200000| PB 0x00000000cd200000| Complete 
| 161|0x00000000cd300000, 0x00000000cd400000, 0x00000000cd400000|100%| E|CS|TAMS 0x00000000cd300000| PB 0x00000000cd300000| Complete 
| 162|0x00000000cd400000, 0x00000000cd500000, 0x00000000cd500000|100%| E|CS|TAMS 0x00000000cd400000| PB 0x00000000cd400000| Complete 
| 163|0x00000000cd500000, 0x00000000cd600000, 0x00000000cd600000|100%|HS|  |TAMS 0x00000000cd500000| PB 0x00000000cd500000| Complete 
| 164|0x00000000cd600000, 0x00000000cd700000, 0x00000000cd700000|100%|HC|  |TAMS 0x00000000cd600000| PB 0x00000000cd600000| Complete 
| 165|0x00000000cd700000, 0x00000000cd800000, 0x00000000cd800000|100%|HS|  |TAMS 0x00000000cd700000| PB 0x00000000cd700000| Complete 
| 166|0x00000000cd800000, 0x00000000cd900000, 0x00000000cd900000|100%|HC|  |TAMS 0x00000000cd800000| PB 0x00000000cd800000| Complete 
| 167|0x00000000cd900000, 0x00000000cda00000, 0x00000000cda00000|100%| E|CS|TAMS 0x00000000cd900000| PB 0x00000000cd900000| Complete 
| 168|0x00000000cda00000, 0x00000000cdb00000, 0x00000000cdb00000|100%| E|CS|TAMS 0x00000000cda00000| PB 0x00000000cda00000| Complete 
| 169|0x00000000cdb00000, 0x00000000cdc00000, 0x00000000cdc00000|100%| E|CS|TAMS 0x00000000cdb00000| PB 0x00000000cdb00000| Complete 
| 170|0x00000000cdc00000, 0x00000000cdd00000, 0x00000000cdd00000|100%| E|CS|TAMS 0x00000000cdc00000| PB 0x00000000cdc00000| Complete 
| 171|0x00000000cdd00000, 0x00000000cde00000, 0x00000000cde00000|100%| E|CS|TAMS 0x00000000cdd00000| PB 0x00000000cdd00000| Complete 
| 172|0x00000000cde00000, 0x00000000cdf00000, 0x00000000cdf00000|100%| E|CS|TAMS 0x00000000cde00000| PB 0x00000000cde00000| Complete 
| 173|0x00000000cdf00000, 0x00000000ce000000, 0x00000000ce000000|100%| E|CS|TAMS 0x00000000cdf00000| PB 0x00000000cdf00000| Complete 
| 174|0x00000000ce000000, 0x00000000ce100000, 0x00000000ce100000|100%| E|CS|TAMS 0x00000000ce000000| PB 0x00000000ce000000| Complete 
| 175|0x00000000ce100000, 0x00000000ce200000, 0x00000000ce200000|100%| E|CS|TAMS 0x00000000ce100000| PB 0x00000000ce100000| Complete 
| 176|0x00000000ce200000, 0x00000000ce300000, 0x00000000ce300000|100%|HS|  |TAMS 0x00000000ce200000| PB 0x00000000ce200000| Complete 
| 177|0x00000000ce300000, 0x00000000ce400000, 0x00000000ce400000|100%|HC|  |TAMS 0x00000000ce300000| PB 0x00000000ce300000| Complete 
| 178|0x00000000ce400000, 0x00000000ce500000, 0x00000000ce500000|100%|HS|  |TAMS 0x00000000ce400000| PB 0x00000000ce400000| Complete 
| 179|0x00000000ce500000, 0x00000000ce600000, 0x00000000ce600000|100%|HC|  |TAMS 0x00000000ce500000| PB 0x00000000ce500000| Complete 
| 180|0x00000000ce600000, 0x00000000ce700000, 0x00000000ce700000|100%|HS|  |TAMS 0x00000000ce600000| PB 0x00000000ce600000| Complete 
| 181|0x00000000ce700000, 0x00000000ce800000, 0x00000000ce800000|100%|HC|  |TAMS 0x00000000ce700000| PB 0x00000000ce700000| Complete 
| 182|0x00000000ce800000, 0x00000000ce900000, 0x00000000ce900000|100%|HS|  |TAMS 0x00000000ce800000| PB 0x00000000ce800000| Complete 
| 183|0x00000000ce900000, 0x00000000cea00000, 0x00000000cea00000|100%|HC|  |TAMS 0x00000000ce900000| PB 0x00000000ce900000| Complete 
| 184|0x00000000cea00000, 0x00000000ceb00000, 0x00000000ceb00000|100%| E|CS|TAMS 0x00000000cea00000| PB 0x00000000cea00000| Complete 
| 185|0x00000000ceb00000, 0x00000000cec00000, 0x00000000cec00000|100%| E|CS|TAMS 0x00000000ceb00000| PB 0x00000000ceb00000| Complete 
| 186|0x00000000cec00000, 0x00000000ced00000, 0x00000000ced00000|100%|HS|  |TAMS 0x00000000cec00000| PB 0x00000000cec00000| Complete 
| 187|0x00000000ced00000, 0x00000000cee00000, 0x00000000cee00000|100%|HC|  |TAMS 0x00000000ced00000| PB 0x00000000ced00000| Complete 
| 188|0x00000000cee00000, 0x00000000cef00000, 0x00000000cef00000|100%|HS|  |TAMS 0x00000000cee00000| PB 0x00000000cee00000| Complete 
| 189|0x00000000cef00000, 0x00000000cf000000, 0x00000000cf000000|100%|HC|  |TAMS 0x00000000cef00000| PB 0x00000000cef00000| Complete 
| 190|0x00000000cf000000, 0x00000000cf100000, 0x00000000cf100000|100%|HS|  |TAMS 0x00000000cf000000| PB 0x00000000cf000000| Complete 
| 191|0x00000000cf100000, 0x00000000cf200000, 0x00000000cf200000|100%|HC|  |TAMS 0x00000000cf100000| PB 0x00000000cf100000| Complete 
| 192|0x00000000cf200000, 0x00000000cf300000, 0x00000000cf300000|100%|HS|  |TAMS 0x00000000cf200000| PB 0x00000000cf200000| Complete 
| 193|0x00000000cf300000, 0x00000000cf400000, 0x00000000cf400000|100%|HC|  |TAMS 0x00000000cf300000| PB 0x00000000cf300000| Complete 
| 194|0x00000000cf400000, 0x00000000cf500000, 0x00000000cf500000|100%|HS|  |TAMS 0x00000000cf400000| PB 0x00000000cf400000| Complete 
| 195|0x00000000cf500000, 0x00000000cf600000, 0x00000000cf600000|100%|HC|  |TAMS 0x00000000cf500000| PB 0x00000000cf500000| Complete 
| 196|0x00000000cf600000, 0x00000000cf700000, 0x00000000cf700000|100%|HS|  |TAMS 0x00000000cf600000| PB 0x00000000cf600000| Complete 
| 197|0x00000000cf700000, 0x00000000cf800000, 0x00000000cf800000|100%|HC|  |TAMS 0x00000000cf700000| PB 0x00000000cf700000| Complete 
| 198|0x00000000cf800000, 0x00000000cf900000, 0x00000000cf900000|100%| S|CS|TAMS 0x00000000cf800000| PB 0x00000000cf800000| Complete 
| 199|0x00000000cf900000, 0x00000000cfa00000, 0x00000000cfa00000|100%| S|CS|TAMS 0x00000000cf900000| PB 0x00000000cf900000| Complete 
| 200|0x00000000cfa00000, 0x00000000cfa7d580, 0x00000000cfb00000| 48%| S|CS|TAMS 0x00000000cfa00000| PB 0x00000000cfa00000| Complete 
| 965|0x00000000ff700000, 0x00000000ff749720, 0x00000000ff800000| 28%| O|  |TAMS 0x00000000ff700000| PB 0x00000000ff700000| Untracked 
| 966|0x00000000ff800000, 0x00000000ff900000, 0x00000000ff900000|100%| O|Cm|TAMS 0x00000000ff800000| PB 0x00000000ff800000| Complete 
| 967|0x00000000ff900000, 0x00000000ffa00000, 0x00000000ffa00000|100%| E|CS|TAMS 0x00000000ff900000| PB 0x00000000ff900000| Complete 
| 968|0x00000000ffa00000, 0x00000000ffb00000, 0x00000000ffb00000|100%| O|  |TAMS 0x00000000ffa00000| PB 0x00000000ffa00000| Untracked 
| 969|0x00000000ffb00000, 0x00000000ffc00000, 0x00000000ffc00000|100%| E|CS|TAMS 0x00000000ffb00000| PB 0x00000000ffb00000| Complete 
| 970|0x00000000ffc00000, 0x00000000ffd00000, 0x00000000ffd00000|100%| E|CS|TAMS 0x00000000ffc00000| PB 0x00000000ffc00000| Complete 
| 971|0x00000000ffd00000, 0x00000000ffe00000, 0x00000000ffe00000|100%| O|  |TAMS 0x00000000ffd00000| PB 0x00000000ffd00000| Untracked 
| 972|0x00000000ffe00000, 0x00000000fff00000, 0x00000000fff00000|100%| O|  |TAMS 0x00000000ffe00000| PB 0x00000000ffe00000| Untracked 
| 973|0x00000000fff00000, 0x0000000100000000, 0x0000000100000000|100%| O|  |TAMS 0x00000000fff00000| PB 0x00000000fff00000| Untracked 

Card table byte_map: [0x000001dcd4950000,0x000001dcd4b40000] _byte_map_base: 0x000001dcd4337000

Marking Bits: (CMBitMap*) 0x000001dcbd3131b0
 Bits: [0x000001dcd4b40000, 0x000001dcd5a78000)

Polling page: 0x000001dcbb250000

Metaspace:

Usage:
  Non-class:     18.20 MB used.
      Class:      2.92 MB used.
       Both:     21.12 MB used.

Virtual space:
  Non-class space:       64.00 MB reserved,      18.38 MB ( 29%) committed,  1 nodes.
      Class space:        1.00 GB reserved,       3.12 MB ( <1%) committed,  1 nodes.
             Both:        1.06 GB reserved,      21.50 MB (  2%) committed. 

Chunk freelists:
   Non-Class:  13.45 MB
       Class:  12.84 MB
        Both:  26.29 MB

MaxMetaspaceSize: unlimited
CompressedClassSpaceSize: 1.00 GB
Initial GC threshold: 21.00 MB
Current GC threshold: 35.12 MB
CDS: on
 - commit_granule_bytes: 65536.
 - commit_granule_words: 8192.
 - virtual_space_node_default_size: 8388608.
 - enlarge_chunks_in_place: 1.
 - use_allocation_guard: 0.


Internal statistics:

num_allocs_failed_limit: 0.
num_arena_births: 454.
num_arena_deaths: 0.
num_vsnodes_births: 2.
num_vsnodes_deaths: 0.
num_space_committed: 344.
num_space_uncommitted: 0.
num_chunks_returned_to_freelist: 0.
num_chunks_taken_from_freelist: 1285.
num_chunk_merges: 0.
num_chunk_splits: 837.
num_chunks_enlarged: 567.
num_inconsistent_stats: 0.

CodeHeap 'non-profiled nmethods': size=120000Kb used=3603Kb max_used=3603Kb free=116396Kb
 bounds [0x000001dccd230000, 0x000001dccd5c0000, 0x000001dcd4760000]
CodeHeap 'profiled nmethods': size=120000Kb used=13263Kb max_used=13263Kb free=106736Kb
 bounds [0x000001dcc5760000, 0x000001dcc6460000, 0x000001dcccc90000]
CodeHeap 'non-nmethods': size=5760Kb used=2084Kb max_used=2139Kb free=3675Kb
 bounds [0x000001dcccc90000, 0x000001dcccf00000, 0x000001dccd230000]
 total_blobs=7055 nmethods=6211 adapters=746
 compilation: enabled
              stopped_count=0, restarted_count=0
 full_count=0

Compilation events (20 events):
Event: 49.179 Thread 0x000001dcd7f04cc0 nmethod 7159 0x000001dcc644e610 code [0x000001dcc644e7e0, 0x000001dcc644ebf0]
Event: 49.179 Thread 0x000001dcd7f04cc0 7160       3       javafx.scene.Node$$Lambda/0x000001dcd90ce000::getGeomBounds (7 bytes)
Event: 49.180 Thread 0x000001dcd7f04cc0 nmethod 7160 0x000001dcc644ed90 code [0x000001dcc644ef40, 0x000001dcc644f168]
Event: 49.180 Thread 0x000001dcd7f04cc0 7161       3       javafx.scene.Node::lambda$static$2 (7 bytes)
Event: 49.180 Thread 0x000001dcd7f04cc0 nmethod 7161 0x000001dcc644f290 code [0x000001dcc644f440, 0x000001dcc644f600]
Event: 49.180 Thread 0x000001dcd7f04cc0 7162       3       com.sun.javafx.geom.BaseBounds::getInstance (38 bytes)
Event: 49.180 Thread 0x000001dcd7f04cc0 nmethod 7162 0x000001dcc644f710 code [0x000001dcc644f900, 0x000001dcc644fbc8]
Event: 49.180 Thread 0x000001dcd7f04cc0 7163       3       com.sun.javafx.geom.BaseBounds::getInstance (12 bytes)
Event: 49.180 Thread 0x000001dcd7f04cc0 nmethod 7163 0x000001dcc644fd10 code [0x000001dcc644fec0, 0x000001dcc6450048]
Event: 49.180 Thread 0x000001dcd7f04cc0 7164       3       javafx.scene.effect.Effect::getShadowBounds (207 bytes)
Event: 49.181 Thread 0x000001dcd7f04cc0 nmethod 7164 0x000001dcc6450110 code [0x000001dcc6450500, 0x000001dcc64518e8]
Event: 49.181 Thread 0x000001dcd7f04cc0 7165       3       com.sun.javafx.geom.RectBounds::deriveWithPadding (52 bytes)
Event: 49.182 Thread 0x000001dcd7f04cc0 nmethod 7165 0x000001dcc6452010 code [0x000001dcc6452220, 0x000001dcc6452570]
Event: 49.182 Thread 0x000001dcd7f04cc0 7166       3       javafx.scene.effect.Effect$1::getBounds (11 bytes)
Event: 49.182 Thread 0x000001dcd7f04cc0 nmethod 7166 0x000001dcc6452690 code [0x000001dcc6452840, 0x000001dcc6452a28]
Event: 49.182 Thread 0x000001dcd7f04cc0 7167       1       com.sun.javafx.sg.prism.NGSVGPath::getShape (5 bytes)
Event: 49.182 Thread 0x000001dcd7f04cc0 nmethod 7167 0x000001dccd5b4990 code [0x000001dccd5b4b20, 0x000001dccd5b4bf0]
Event: 49.183 Thread 0x000001dcd7f04cc0 7171       3       javafx.scene.Node::getClassCssMetaData (4 bytes)
Event: 49.183 Thread 0x000001dcd7f04cc0 nmethod 7171 0x000001dcc5d94e90 code [0x000001dcc5d95020, 0x000001dcc5d95118]
Event: 49.185 Thread 0x000001dcd7f04cc0 7172       3       javafx.scene.control.skin.TableColumnHeader::computePrefWidth (64 bytes)

GC Heap History (20 events):
Event: 25.745 GC heap before
{Heap before GC invocations=10 (full 0):
 garbage-first heap   total 112640K, used 83685K [0x00000000c3200000, 0x0000000100000000)
  region size 1024K, 5 young (5120K), 1 survivors (1024K)
 Metaspace       used 20468K, committed 20864K, reserved 1114112K
  class space    used 2973K, committed 3200K, reserved 1048576K
}
Event: 25.749 GC heap after
{Heap after GC invocations=11 (full 0):
 garbage-first heap   total 112640K, used 80234K [0x00000000c3200000, 0x0000000100000000)
  region size 1024K, 1 young (1024K), 1 survivors (1024K)
 Metaspace       used 20468K, committed 20864K, reserved 1114112K
  class space    used 2973K, committed 3200K, reserved 1048576K
}
Event: 26.993 GC heap before
{Heap before GC invocations=11 (full 0):
 garbage-first heap   total 129024K, used 128362K [0x00000000c3200000, 0x0000000100000000)
  region size 1024K, 10 young (10240K), 1 survivors (1024K)
 Metaspace       used 20652K, committed 21056K, reserved 1114112K
  class space    used 2973K, committed 3200K, reserved 1048576K
}
Event: 26.997 GC heap after
{Heap after GC invocations=12 (full 0):
 garbage-first heap   total 133120K, used 120323K [0x00000000c3200000, 0x0000000100000000)
  region size 1024K, 3 young (3072K), 3 survivors (3072K)
 Metaspace       used 20652K, committed 21056K, reserved 1114112K
  class space    used 2973K, committed 3200K, reserved 1048576K
}
Event: 27.945 GC heap before
{Heap before GC invocations=12 (full 0):
 garbage-first heap   total 133120K, used 121347K [0x00000000c3200000, 0x0000000100000000)
  region size 1024K, 5 young (5120K), 3 survivors (3072K)
 Metaspace       used 20688K, committed 21120K, reserved 1114112K
  class space    used 2973K, committed 3200K, reserved 1048576K
}
Event: 27.949 GC heap after
{Heap after GC invocations=13 (full 0):
 garbage-first heap   total 133120K, used 120426K [0x00000000c3200000, 0x0000000100000000)
  region size 1024K, 1 young (1024K), 1 survivors (1024K)
 Metaspace       used 20688K, committed 21120K, reserved 1114112K
  class space    used 2973K, committed 3200K, reserved 1048576K
}
Event: 29.467 GC heap before
{Heap before GC invocations=14 (full 0):
 garbage-first heap   total 168960K, used 129642K [0x00000000c3200000, 0x0000000100000000)
  region size 1024K, 8 young (8192K), 1 survivors (1024K)
 Metaspace       used 20782K, committed 21184K, reserved 1114112K
  class space    used 2975K, committed 3200K, reserved 1048576K
}
Event: 29.469 GC heap after
{Heap after GC invocations=15 (full 0):
 garbage-first heap   total 168960K, used 123989K [0x00000000c3200000, 0x0000000100000000)
  region size 1024K, 1 young (1024K), 1 survivors (1024K)
 Metaspace       used 20782K, committed 21184K, reserved 1114112K
  class space    used 2975K, committed 3200K, reserved 1048576K
}
Event: 30.497 GC heap before
{Heap before GC invocations=15 (full 0):
 garbage-first heap   total 171008K, used 170069K [0x00000000c3200000, 0x0000000100000000)
  region size 1024K, 8 young (8192K), 1 survivors (1024K)
 Metaspace       used 20861K, committed 21312K, reserved 1114112K
  class space    used 2975K, committed 3200K, reserved 1048576K
}
Event: 30.502 GC heap after
{Heap after GC invocations=16 (full 0):
 garbage-first heap   total 174080K, used 163602K [0x00000000c3200000, 0x0000000100000000)
  region size 1024K, 3 young (3072K), 3 survivors (3072K)
 Metaspace       used 20861K, committed 21312K, reserved 1114112K
  class space    used 2975K, committed 3200K, reserved 1048576K
}
Event: 31.446 GC heap before
{Heap before GC invocations=16 (full 0):
 garbage-first heap   total 174080K, used 164626K [0x00000000c3200000, 0x0000000100000000)
  region size 1024K, 5 young (5120K), 3 survivors (3072K)
 Metaspace       used 20878K, committed 21312K, reserved 1114112K
  class space    used 2975K, committed 3200K, reserved 1048576K
}
Event: 31.449 GC heap after
{Heap after GC invocations=17 (full 0):
 garbage-first heap   total 174080K, used 163900K [0x00000000c3200000, 0x0000000100000000)
  region size 1024K, 1 young (1024K), 1 survivors (1024K)
 Metaspace       used 20878K, committed 21312K, reserved 1114112K
  class space    used 2975K, committed 3200K, reserved 1048576K
}
Event: 32.432 GC heap before
{Heap before GC invocations=18 (full 0):
 garbage-first heap   total 188416K, used 151612K [0x00000000c3200000, 0x0000000100000000)
  region size 1024K, 9 young (9216K), 1 survivors (1024K)
 Metaspace       used 21019K, committed 21376K, reserved 1114112K
  class space    used 2976K, committed 3200K, reserved 1048576K
}
Event: 32.434 GC heap after
{Heap after GC invocations=19 (full 0):
 garbage-first heap   total 188416K, used 144561K [0x00000000c3200000, 0x0000000100000000)
  region size 1024K, 2 young (2048K), 2 survivors (2048K)
 Metaspace       used 21019K, committed 21376K, reserved 1114112K
  class space    used 2976K, committed 3200K, reserved 1048576K
}
Event: 34.614 GC heap before
{Heap before GC invocations=19 (full 0):
 garbage-first heap   total 196608K, used 195761K [0x00000000c3200000, 0x0000000100000000)
  region size 1024K, 12 young (12288K), 2 survivors (2048K)
 Metaspace       used 21097K, committed 21504K, reserved 1114112K
  class space    used 2976K, committed 3200K, reserved 1048576K
}
Event: 34.617 GC heap after
{Heap after GC invocations=20 (full 0):
 garbage-first heap   total 199680K, used 163585K [0x00000000c3200000, 0x0000000100000000)
  region size 1024K, 2 young (2048K), 2 survivors (2048K)
 Metaspace       used 21097K, committed 21504K, reserved 1114112K
  class space    used 2976K, committed 3200K, reserved 1048576K
}
Event: 36.004 GC heap before
{Heap before GC invocations=20 (full 0):
 garbage-first heap   total 199680K, used 165633K [0x00000000c3200000, 0x0000000100000000)
  region size 1024K, 5 young (5120K), 2 survivors (2048K)
 Metaspace       used 21132K, committed 21568K, reserved 1114112K
  class space    used 2976K, committed 3200K, reserved 1048576K
}
Event: 36.006 GC heap after
{Heap after GC invocations=21 (full 0):
 garbage-first heap   total 199680K, used 124807K [0x00000000c3200000, 0x0000000100000000)
  region size 1024K, 2 young (2048K), 2 survivors (2048K)
 Metaspace       used 21132K, committed 21568K, reserved 1114112K
  class space    used 2976K, committed 3200K, reserved 1048576K
}
Event: 42.111 GC heap before
{Heap before GC invocations=22 (full 0):
 garbage-first heap   total 211968K, used 210823K [0x00000000c3200000, 0x0000000100000000)
  region size 1024K, 32 young (32768K), 2 survivors (2048K)
 Metaspace       used 21435K, committed 21888K, reserved 1114112K
  class space    used 2983K, committed 3200K, reserved 1048576K
}
Event: 42.116 GC heap after
{Heap after GC invocations=23 (full 0):
 garbage-first heap   total 215040K, used 103195K [0x00000000c3200000, 0x0000000100000000)
  region size 1024K, 3 young (3072K), 3 survivors (3072K)
 Metaspace       used 21435K, committed 21888K, reserved 1114112K
  class space    used 2983K, committed 3200K, reserved 1048576K
}

Dll operation events (20 events):
Event: 0.582 Loaded shared library C:\Users\USER\.openjfx\cache\23.0.1+4\amd64\api-ms-win-crt-locale-l1-1-0.dll
Event: 0.587 Loaded shared library C:\Users\USER\.openjfx\cache\23.0.1+4\amd64\api-ms-win-crt-math-l1-1-0.dll
Event: 0.592 Loaded shared library C:\Users\USER\.openjfx\cache\23.0.1+4\amd64\api-ms-win-crt-multibyte-l1-1-0.dll
Event: 0.598 Loaded shared library C:\Users\USER\.openjfx\cache\23.0.1+4\amd64\api-ms-win-crt-private-l1-1-0.dll
Event: 0.602 Loaded shared library C:\Users\USER\.openjfx\cache\23.0.1+4\amd64\api-ms-win-crt-process-l1-1-0.dll
Event: 0.606 Loaded shared library C:\Users\USER\.openjfx\cache\23.0.1+4\amd64\api-ms-win-crt-runtime-l1-1-0.dll
Event: 0.611 Loaded shared library C:\Users\USER\.openjfx\cache\23.0.1+4\amd64\api-ms-win-crt-stdio-l1-1-0.dll
Event: 0.615 Loaded shared library C:\Users\USER\.openjfx\cache\23.0.1+4\amd64\api-ms-win-crt-string-l1-1-0.dll
Event: 0.619 Loaded shared library C:\Users\USER\.openjfx\cache\23.0.1+4\amd64\api-ms-win-crt-time-l1-1-0.dll
Event: 0.623 Loaded shared library C:\Users\USER\.openjfx\cache\23.0.1+4\amd64\api-ms-win-crt-utility-l1-1-0.dll
Event: 0.651 Loaded shared library C:\Users\USER\.openjfx\cache\23.0.1+4\amd64\ucrtbase.dll
Event: 0.657 Loaded shared library C:\Users\USER\.openjfx\cache\23.0.1+4\amd64\vcruntime140.dll
Event: 0.662 Loaded shared library C:\Users\USER\.openjfx\cache\23.0.1+4\amd64\vcruntime140_1.dll
Event: 0.680 Loaded shared library C:\Users\USER\.openjfx\cache\23.0.1+4\amd64\msvcp140.dll
Event: 0.685 Loaded shared library C:\Users\USER\.openjfx\cache\23.0.1+4\amd64\msvcp140_1.dll
Event: 0.696 Loaded shared library C:\Users\USER\.openjfx\cache\23.0.1+4\amd64\msvcp140_2.dll
Event: 0.771 Loaded shared library C:\Users\USER\.openjfx\cache\23.0.1+4\amd64\prism_d3d.dll
Event: 0.912 Loaded shared library C:\Users\USER\.openjfx\cache\23.0.1+4\amd64\glass.dll
Event: 1.162 Loaded shared library C:\Program Files\Java\jdk-21\bin\jimage.dll
Event: 1.767 Loaded shared library C:\Users\USER\.openjfx\cache\23.0.1+4\amd64\javafx_font.dll

Deoptimization events (20 events):
Event: 45.072 Thread 0x000001dd1d922a00 DEOPT PACKING pc=0x000001dcc5ffa252 sp=0x0000002d2eafb660
Event: 45.072 Thread 0x000001dd1d922a00 DEOPT UNPACKING pc=0x000001dcccce88e2 sp=0x0000002d2eafab00 mode 0
Event: 45.103 Thread 0x000001dd1d4fe670 Uncommon trap: trap_request=0xffffffbe fr.pc=0x000001dccd4d7838 relative=0x0000000000001798
Event: 45.103 Thread 0x000001dd1d4fe670 Uncommon trap: reason=profile_predicate action=maybe_recompile pc=0x000001dccd4d7838 method=com.sun.prism.impl.shape.DMarlinPrismUtils.feedConsumer(Lcom/sun/marlin/RendererContext;Lcom/sun/javafx/geom/Path2D;Lcom/sun/javafx/geom/transform/BaseTransform;Lc
Event: 45.103 Thread 0x000001dd1d4fe670 DEOPT PACKING pc=0x000001dccd4d7838 sp=0x0000002d2e8fccd0
Event: 45.103 Thread 0x000001dd1d4fe670 DEOPT UNPACKING pc=0x000001dcccce7da2 sp=0x0000002d2e8fccb0 mode 2
Event: 46.081 Thread 0x000001dd1d4fe670 Uncommon trap: trap_request=0xffffffbe fr.pc=0x000001dccd4d7838 relative=0x0000000000001798
Event: 46.081 Thread 0x000001dd1d4fe670 Uncommon trap: reason=profile_predicate action=maybe_recompile pc=0x000001dccd4d7838 method=com.sun.prism.impl.shape.DMarlinPrismUtils.feedConsumer(Lcom/sun/marlin/RendererContext;Lcom/sun/javafx/geom/Path2D;Lcom/sun/javafx/geom/transform/BaseTransform;Lc
Event: 46.081 Thread 0x000001dd1d4fe670 DEOPT PACKING pc=0x000001dccd4d7838 sp=0x0000002d2e8fcdc0
Event: 46.081 Thread 0x000001dd1d4fe670 DEOPT UNPACKING pc=0x000001dcccce7da2 sp=0x0000002d2e8fcda0 mode 2
Event: 46.510 Thread 0x000001dd1d922a00 Uncommon trap: trap_request=0xffffffd6 fr.pc=0x000001dccd50618c relative=0x000000000000072c
Event: 46.510 Thread 0x000001dd1d922a00 Uncommon trap: reason=array_check action=maybe_recompile pc=0x000001dccd50618c method=com.sun.org.apache.xerces.internal.utils.XMLLimitAnalyzer.addValue(ILjava/lang/String;I)V @ 123 c2
Event: 46.510 Thread 0x000001dd1d922a00 DEOPT PACKING pc=0x000001dccd50618c sp=0x0000002d2eafc370
Event: 46.510 Thread 0x000001dd1d922a00 DEOPT UNPACKING pc=0x000001dcccce7da2 sp=0x0000002d2eafc320 mode 2
Event: 48.005 Thread 0x000001dd1d922a00 DEOPT PACKING pc=0x000001dcc5c59948 sp=0x0000002d2eafbd70
Event: 48.005 Thread 0x000001dd1d922a00 DEOPT UNPACKING pc=0x000001dcccce88e2 sp=0x0000002d2eafb258 mode 0
Event: 49.084 Thread 0x000001dd1d922a00 Uncommon trap: trap_request=0xffffffd6 fr.pc=0x000001dccd50618c relative=0x000000000000072c
Event: 49.084 Thread 0x000001dd1d922a00 Uncommon trap: reason=array_check action=maybe_recompile pc=0x000001dccd50618c method=com.sun.org.apache.xerces.internal.utils.XMLLimitAnalyzer.addValue(ILjava/lang/String;I)V @ 123 c2
Event: 49.084 Thread 0x000001dd1d922a00 DEOPT PACKING pc=0x000001dccd50618c sp=0x0000002d2eafc3d0
Event: 49.085 Thread 0x000001dd1d922a00 DEOPT UNPACKING pc=0x000001dcccce7da2 sp=0x0000002d2eafc380 mode 2

Classes loaded (20 events):
Event: 19.576 Loading class java/util/BitSet
Event: 19.577 Loading class java/util/BitSet done
Event: 21.161 Loading class jdk/internal/math/FDBigInteger
Event: 21.161 Loading class jdk/internal/math/FDBigInteger done
Event: 21.234 Loading class sun/reflect/generics/tree/BottomSignature
Event: 21.234 Loading class sun/reflect/generics/tree/BottomSignature done
Event: 21.234 Loading class sun/reflect/generics/tree/Wildcard
Event: 21.234 Loading class sun/reflect/generics/tree/Wildcard done
Event: 21.235 Loading class sun/reflect/generics/reflectiveObjects/WildcardTypeImpl
Event: 21.235 Loading class java/lang/reflect/WildcardType
Event: 21.235 Loading class java/lang/reflect/WildcardType done
Event: 21.235 Loading class sun/reflect/generics/reflectiveObjects/WildcardTypeImpl done
Event: 21.281 Loading class java/lang/Byte$ByteCache
Event: 21.281 Loading class java/lang/Byte$ByteCache done
Event: 21.281 Loading class java/lang/Short$ShortCache
Event: 21.282 Loading class java/lang/Short$ShortCache done
Event: 23.013 Loading class java/lang/FdLibm$Acos
Event: 23.013 Loading class java/lang/FdLibm$Acos done
Event: 31.494 Loading class java/lang/foreign/MemorySegment
Event: 31.500 Loading class java/lang/foreign/MemorySegment done

Classes unloaded (0 events):
No events

Classes redefined (0 events):
No events

Internal exceptions (20 events):
Event: 28.061 Thread 0x000001dd1d922a00 Exception <a 'java/io/FileNotFoundException'{0x00000000cce35478}> (0x00000000cce35478) 
thrown [s\open\src\hotspot\share\prims\jni.cpp, line 520]
Event: 28.061 Thread 0x000001dd1d922a00 Exception <a 'java/io/FileNotFoundException'{0x00000000cce36b20}> (0x00000000cce36b20) 
thrown [s\open\src\hotspot\share\prims\jni.cpp, line 520]
Event: 28.165 Thread 0x000001dd1d4fe670 Implicit null exception at 0x000001dccd46e469 to 0x000001dccd46e4f4
Event: 28.165 Thread 0x000001dd1d4fe670 Implicit null exception at 0x000001dccd44adba to 0x000001dccd44ae60
Event: 31.520 Thread 0x000001dd1d922a00 Exception <a 'java/io/FileNotFoundException'{0x00000000ffbdd930}> (0x00000000ffbdd930) 
thrown [s\open\src\hotspot\share\prims\jni.cpp, line 520]
Event: 31.520 Thread 0x000001dd1d922a00 Exception <a 'java/io/FileNotFoundException'{0x00000000ffbdefd8}> (0x00000000ffbdefd8) 
thrown [s\open\src\hotspot\share\prims\jni.cpp, line 520]
Event: 32.402 Thread 0x000001dd1d922a00 Exception <a 'java/io/FileNotFoundException'{0x00000000cdd207f8}> (0x00000000cdd207f8) 
thrown [s\open\src\hotspot\share\prims\jni.cpp, line 520]
Event: 33.613 Thread 0x000001dd1d922a00 Implicit null exception at 0x000001dccd4dd938 to 0x000001dccd4de1c4
Event: 36.064 Thread 0x000001dd1d922a00 Exception <a 'java/io/FileNotFoundException'{0x00000000ffbb3a10}> (0x00000000ffbb3a10) 
thrown [s\open\src\hotspot\share\prims\jni.cpp, line 520]
Event: 38.571 Thread 0x000001dd1d922a00 Exception <a 'java/io/FileNotFoundException'{0x00000000cd9ab990}> (0x00000000cd9ab990) 
thrown [s\open\src\hotspot\share\prims\jni.cpp, line 520]
Event: 41.060 Thread 0x000001dd1d922a00 Exception <a 'java/io/FileNotFoundException'{0x00000000cb3939a8}> (0x00000000cb3939a8) 
thrown [s\open\src\hotspot\share\prims\jni.cpp, line 520]
Event: 41.080 Thread 0x000001dd1d922a00 Exception <a 'java/io/FileNotFoundException'{0x00000000cb20c248}> (0x00000000cb20c248) 
thrown [s\open\src\hotspot\share\prims\jni.cpp, line 520]
Event: 41.080 Thread 0x000001dd1d922a00 Exception <a 'java/io/FileNotFoundException'{0x00000000cb20d8f0}> (0x00000000cb20d8f0) 
thrown [s\open\src\hotspot\share\prims\jni.cpp, line 520]
Event: 42.009 Thread 0x000001dd1d922a00 Implicit null exception at 0x000001dccd54ed30 to 0x000001dccd55364c
Event: 42.009 Thread 0x000001dd1d922a00 Implicit null exception at 0x000001dccd559bb5 to 0x000001dccd55e22c
Event: 46.448 Thread 0x000001dd1d922a00 Exception <a 'java/lang/NoSuchMethodError'{0x00000000ce050610}: 'java.lang.Object java.lang.invoke.DirectMethodHandle$Holder.newInvokeSpecial(java.lang.Object, java.lang.Object, int, int, int, int, int, java.lang.Object)'> (0x00000000ce050610) 
thrown [s\open\src\hotspot\share\interpreter\linkResolver.cpp, line 773]
Event: 46.451 Thread 0x000001dd1d922a00 Exception <a 'java/lang/NoSuchMethodError'{0x00000000ce062270}: 'java.lang.Object java.lang.invoke.DirectMethodHandle$Holder.newInvokeSpecial(java.lang.Object, java.lang.Object, java.lang.Object, int, int, int, int, int)'> (0x00000000ce062270) 
thrown [s\open\src\hotspot\share\interpreter\linkResolver.cpp, line 773]
Event: 46.452 Thread 0x000001dd1d922a00 Exception <a 'java/lang/NoSuchMethodError'{0x00000000ce0695d0}: 'java.lang.Object java.lang.invoke.Invokers$Holder.linkToTargetMethod(java.lang.Object, java.lang.Object, int, int, int, int, int, java.lang.Object)'> (0x00000000ce0695d0) 
thrown [s\open\src\hotspot\share\interpreter\linkResolver.cpp, line 773]
Event: 46.563 Thread 0x000001dd1d922a00 Exception <a 'java/io/FileNotFoundException'{0x00000000cdecaf20}> (0x00000000cdecaf20) 
thrown [s\open\src\hotspot\share\prims\jni.cpp, line 520]
Event: 46.563 Thread 0x000001dd1d922a00 Exception <a 'java/io/FileNotFoundException'{0x00000000cdecc5c8}> (0x00000000cdecc5c8) 
thrown [s\open\src\hotspot\share\prims\jni.cpp, line 520]

ZGC Phase Switch (0 events):
No events

VM Operations (20 events):
Event: 38.037 Executing VM operation: Cleanup
Event: 38.038 Executing VM operation: Cleanup done
Event: 39.038 Executing VM operation: Cleanup
Event: 39.038 Executing VM operation: Cleanup done
Event: 41.038 Executing VM operation: Cleanup
Event: 41.039 Executing VM operation: Cleanup done
Event: 42.039 Executing VM operation: Cleanup
Event: 42.039 Executing VM operation: Cleanup done
Event: 42.111 Executing VM operation: G1CollectForAllocation (G1 Evacuation Pause)
Event: 42.116 Executing VM operation: G1CollectForAllocation (G1 Evacuation Pause) done
Event: 44.115 Executing VM operation: Cleanup
Event: 44.115 Executing VM operation: Cleanup done
Event: 45.116 Executing VM operation: Cleanup
Event: 45.116 Executing VM operation: Cleanup done
Event: 47.118 Executing VM operation: Cleanup
Event: 47.118 Executing VM operation: Cleanup done
Event: 48.119 Executing VM operation: Cleanup
Event: 48.119 Executing VM operation: Cleanup done
Event: 49.120 Executing VM operation: Cleanup
Event: 49.120 Executing VM operation: Cleanup done

Events (20 events):
Event: 36.028 Thread 0x000001dcbd39ae50 flushing nmethod 0x000001dcc5c4ba90
Event: 36.028 Thread 0x000001dcbd39ae50 flushing nmethod 0x000001dcc5c4bf10
Event: 36.029 Thread 0x000001dcbd39ae50 flushing nmethod 0x000001dcc5c4db90
Event: 36.029 Thread 0x000001dcbd39ae50 flushing nmethod 0x000001dcc5ce3490
Event: 36.029 Thread 0x000001dcbd39ae50 flushing nmethod 0x000001dcc5ce9390
Event: 36.029 Thread 0x000001dcbd39ae50 flushing nmethod 0x000001dcc5cfb010
Event: 36.029 Thread 0x000001dcbd39ae50 flushing nmethod 0x000001dcc5d1f490
Event: 36.029 Thread 0x000001dcbd39ae50 flushing nmethod 0x000001dcc5d6c090
Event: 36.029 Thread 0x000001dcbd39ae50 flushing nmethod 0x000001dcc5dbd990
Event: 36.029 Thread 0x000001dcbd39ae50 flushing nmethod 0x000001dcc5e74790
Event: 36.029 Thread 0x000001dcbd39ae50 flushing nmethod 0x000001dcc5feb890
Event: 36.029 Thread 0x000001dcbd39ae50 flushing nmethod 0x000001dcc5febf10
Event: 36.029 Thread 0x000001dcbd39ae50 flushing nmethod 0x000001dcc6000f10
Event: 36.029 Thread 0x000001dcbd39ae50 flushing nmethod 0x000001dcc6001a10
Event: 36.029 Thread 0x000001dcbd39ae50 flushing nmethod 0x000001dcc6001d90
Event: 36.029 Thread 0x000001dcbd39ae50 flushing nmethod 0x000001dcc6002810
Event: 36.029 Thread 0x000001dcbd39ae50 flushing nmethod 0x000001dcc6003410
Event: 36.029 Thread 0x000001dcbd39ae50 flushing nmethod 0x000001dcc6003a10
Event: 36.029 Thread 0x000001dcbd39ae50 flushing nmethod 0x000001dcc6027010
Event: 36.029 Thread 0x000001dcbd39ae50 flushing nmethod 0x000001dcc6028190


Dynamic libraries:
0x00007ff768700000 - 0x00007ff768710000 	C:\Program Files\Java\jdk-21\bin\java.exe
0x00007ff943690000 - 0x00007ff9438a7000 	C:\WINDOWS\SYSTEM32\ntdll.dll
0x00007ff941fd0000 - 0x00007ff942094000 	C:\WINDOWS\System32\KERNEL32.DLL
0x00007ff940b40000 - 0x00007ff940efa000 	C:\WINDOWS\System32\KERNELBASE.dll
0x00007ff9409a0000 - 0x00007ff940ab1000 	C:\WINDOWS\System32\ucrtbase.dll
0x00007ff9170a0000 - 0x00007ff9170b9000 	C:\Program Files\Java\jdk-21\bin\jli.dll
0x00007ff9260e0000 - 0x00007ff9260fb000 	C:\Program Files\Java\jdk-21\bin\VCRUNTIME140.dll
0x00007ff943530000 - 0x00007ff9435e2000 	C:\WINDOWS\System32\ADVAPI32.dll
0x00007ff9427c0000 - 0x00007ff942867000 	C:\WINDOWS\System32\msvcrt.dll
0x00007ff942480000 - 0x00007ff942527000 	C:\WINDOWS\System32\sechost.dll
0x00007ff9410e0000 - 0x00007ff941108000 	C:\WINDOWS\System32\bcrypt.dll
0x00007ff943410000 - 0x00007ff943524000 	C:\WINDOWS\System32\RPCRT4.dll
0x00007ff9422d0000 - 0x00007ff94247e000 	C:\WINDOWS\System32\USER32.dll
0x00007ff940970000 - 0x00007ff940996000 	C:\WINDOWS\System32\win32u.dll
0x00007ff9422a0000 - 0x00007ff9422c9000 	C:\WINDOWS\System32\GDI32.dll
0x00007ff940fc0000 - 0x00007ff9410db000 	C:\WINDOWS\System32\gdi32full.dll
0x00007ff941110000 - 0x00007ff9411aa000 	C:\WINDOWS\System32\msvcp_win.dll
0x00007ff92a640000 - 0x00007ff92a8d2000 	C:\WINDOWS\WinSxS\amd64_microsoft.windows.common-controls_6595b64144ccf1df_6.0.22621.4541_none_2710d1c57384c085\COMCTL32.dll
0x00007ff936c00000 - 0x00007ff936c0a000 	C:\WINDOWS\SYSTEM32\VERSION.dll
0x00007ff9413a0000 - 0x00007ff9413d1000 	C:\WINDOWS\System32\IMM32.DLL
0x00007ff93a340000 - 0x00007ff93a34c000 	C:\Program Files\Java\jdk-21\bin\vcruntime140_1.dll
0x00007ff91f7b0000 - 0x00007ff91f83e000 	C:\Program Files\Java\jdk-21\bin\msvcp140.dll
0x00007ff900990000 - 0x00007ff9016a8000 	C:\Program Files\Java\jdk-21\bin\server\jvm.dll
0x00007ff9432e0000 - 0x00007ff943351000 	C:\WINDOWS\System32\WS2_32.dll
0x00007ff940840000 - 0x00007ff94088d000 	C:\WINDOWS\SYSTEM32\POWRPROF.dll
0x00007ff939260000 - 0x00007ff939294000 	C:\WINDOWS\SYSTEM32\WINMM.dll
0x00007ff940820000 - 0x00007ff940833000 	C:\WINDOWS\SYSTEM32\UMPDC.dll
0x00007ff93f9b0000 - 0x00007ff93f9c8000 	C:\WINDOWS\SYSTEM32\kernel.appcore.dll
0x00007ff936fc0000 - 0x00007ff936fca000 	C:\Program Files\Java\jdk-21\bin\jimage.dll
0x00007ff93e200000 - 0x00007ff93e432000 	C:\WINDOWS\SYSTEM32\DBGHELP.DLL
0x00007ff941c40000 - 0x00007ff941fcf000 	C:\WINDOWS\System32\combase.dll
0x00007ff9415b0000 - 0x00007ff941687000 	C:\WINDOWS\System32\OLEAUT32.dll
0x00007ff921190000 - 0x00007ff9211c2000 	C:\WINDOWS\SYSTEM32\dbgcore.DLL
0x00007ff940ac0000 - 0x00007ff940b3b000 	C:\WINDOWS\System32\bcryptPrimitives.dll
0x00007ff9260c0000 - 0x00007ff9260df000 	C:\Program Files\Java\jdk-21\bin\java.dll
0x00007ff942890000 - 0x00007ff943108000 	C:\WINDOWS\System32\SHELL32.dll
0x00007ff93e8b0000 - 0x00007ff93f1b8000 	C:\WINDOWS\SYSTEM32\windows.storage.dll
0x00007ff93e770000 - 0x00007ff93e8af000 	C:\WINDOWS\SYSTEM32\wintypes.dll
0x00007ff9420a0000 - 0x00007ff94219a000 	C:\WINDOWS\System32\SHCORE.dll
0x00007ff942540000 - 0x00007ff94259e000 	C:\WINDOWS\System32\shlwapi.dll
0x00007ff9408a0000 - 0x00007ff9408cb000 	C:\WINDOWS\SYSTEM32\profapi.dll
0x00007ff91fab0000 - 0x00007ff91fb87000 	C:\Program Files\Java\jdk-21\bin\jsvml.dll
0x00007ff929e50000 - 0x00007ff929e60000 	C:\Program Files\Java\jdk-21\bin\net.dll
0x00007ff93a650000 - 0x00007ff93a786000 	C:\WINDOWS\SYSTEM32\WINHTTP.dll
0x00007ff93fe30000 - 0x00007ff93fe99000 	C:\WINDOWS\system32\mswsock.dll
0x00007ff926020000 - 0x00007ff926036000 	C:\Program Files\Java\jdk-21\bin\nio.dll
0x00007ff91fe90000 - 0x00007ff91fea8000 	C:\Program Files\Java\jdk-21\bin\zip.dll
0x000001dcbb2c0000 - 0x000001dcbb2c3000 	C:\Users\USER\.openjfx\cache\23.0.1+4\amd64\api-ms-win-core-console-l1-1-0.dll
0x000001dcbb2d0000 - 0x000001dcbb2d3000 	C:\Users\USER\.openjfx\cache\23.0.1+4\amd64\api-ms-win-core-console-l1-2-0.dll
0x000001dcbb2e0000 - 0x000001dcbb2e3000 	C:\Users\USER\.openjfx\cache\23.0.1+4\amd64\api-ms-win-core-datetime-l1-1-0.dll
0x000001dcbd1d0000 - 0x000001dcbd1d3000 	C:\Users\USER\.openjfx\cache\23.0.1+4\amd64\api-ms-win-core-debug-l1-1-0.dll
0x000001dcbd1e0000 - 0x000001dcbd1e3000 	C:\Users\USER\.openjfx\cache\23.0.1+4\amd64\api-ms-win-core-errorhandling-l1-1-0.dll
0x000001dcbd1f0000 - 0x000001dcbd1f4000 	C:\Users\USER\.openjfx\cache\23.0.1+4\amd64\api-ms-win-core-file-l1-1-0.dll
0x000001dcbd200000 - 0x000001dcbd203000 	C:\Users\USER\.openjfx\cache\23.0.1+4\amd64\api-ms-win-core-file-l1-2-0.dll
0x000001dcbd210000 - 0x000001dcbd213000 	C:\Users\USER\.openjfx\cache\23.0.1+4\amd64\api-ms-win-core-file-l2-1-0.dll
0x000001dcbd220000 - 0x000001dcbd223000 	C:\Users\USER\.openjfx\cache\23.0.1+4\amd64\api-ms-win-core-handle-l1-1-0.dll
0x000001dcbd230000 - 0x000001dcbd233000 	C:\Users\USER\.openjfx\cache\23.0.1+4\amd64\api-ms-win-core-heap-l1-1-0.dll
0x000001dcbd240000 - 0x000001dcbd243000 	C:\Users\USER\.openjfx\cache\23.0.1+4\amd64\api-ms-win-core-interlocked-l1-1-0.dll
0x000001dcbd250000 - 0x000001dcbd253000 	C:\Users\USER\.openjfx\cache\23.0.1+4\amd64\api-ms-win-core-libraryloader-l1-1-0.dll
0x000001dcbd260000 - 0x000001dcbd263000 	C:\Users\USER\.openjfx\cache\23.0.1+4\amd64\api-ms-win-core-localization-l1-2-0.dll
0x000001dcbd270000 - 0x000001dcbd273000 	C:\Users\USER\.openjfx\cache\23.0.1+4\amd64\api-ms-win-core-memory-l1-1-0.dll
0x000001dcbd280000 - 0x000001dcbd283000 	C:\Users\USER\.openjfx\cache\23.0.1+4\amd64\api-ms-win-core-namedpipe-l1-1-0.dll
0x000001dcbd290000 - 0x000001dcbd293000 	C:\Users\USER\.openjfx\cache\23.0.1+4\amd64\api-ms-win-core-processenvironment-l1-1-0.dll
0x000001dcd7fc0000 - 0x000001dcd7fc3000 	C:\Users\USER\.openjfx\cache\23.0.1+4\amd64\api-ms-win-core-processthreads-l1-1-0.dll
0x000001dcd7fd0000 - 0x000001dcd7fd3000 	C:\Users\USER\.openjfx\cache\23.0.1+4\amd64\api-ms-win-core-processthreads-l1-1-1.dll
0x000001dcd7fe0000 - 0x000001dcd7fe3000 	C:\Users\USER\.openjfx\cache\23.0.1+4\amd64\api-ms-win-core-profile-l1-1-0.dll
0x000001dcd7ff0000 - 0x000001dcd7ff3000 	C:\Users\USER\.openjfx\cache\23.0.1+4\amd64\api-ms-win-core-rtlsupport-l1-1-0.dll
0x000001dd1dd00000 - 0x000001dd1dd03000 	C:\Users\USER\.openjfx\cache\23.0.1+4\amd64\api-ms-win-core-string-l1-1-0.dll
0x000001dd1dd10000 - 0x000001dd1dd13000 	C:\Users\USER\.openjfx\cache\23.0.1+4\amd64\api-ms-win-core-synch-l1-1-0.dll
0x000001dd1dd20000 - 0x000001dd1dd23000 	C:\Users\USER\.openjfx\cache\23.0.1+4\amd64\api-ms-win-core-synch-l1-2-0.dll
0x000001dd1dd30000 - 0x000001dd1dd33000 	C:\Users\USER\.openjfx\cache\23.0.1+4\amd64\api-ms-win-core-sysinfo-l1-1-0.dll
0x000001dd1dd40000 - 0x000001dd1dd43000 	C:\Users\USER\.openjfx\cache\23.0.1+4\amd64\api-ms-win-core-timezone-l1-1-0.dll
0x000001dd1dd50000 - 0x000001dd1dd53000 	C:\Users\USER\.openjfx\cache\23.0.1+4\amd64\api-ms-win-core-util-l1-1-0.dll
0x000001dd1dd60000 - 0x000001dd1dd63000 	C:\Users\USER\.openjfx\cache\23.0.1+4\amd64\api-ms-win-crt-conio-l1-1-0.dll
0x000001dd1dd70000 - 0x000001dd1dd74000 	C:\Users\USER\.openjfx\cache\23.0.1+4\amd64\api-ms-win-crt-convert-l1-1-0.dll
0x000001dd1dd80000 - 0x000001dd1dd83000 	C:\Users\USER\.openjfx\cache\23.0.1+4\amd64\api-ms-win-crt-environment-l1-1-0.dll
0x000001dd1dd90000 - 0x000001dd1dd93000 	C:\Users\USER\.openjfx\cache\23.0.1+4\amd64\api-ms-win-crt-filesystem-l1-1-0.dll
0x000001dd1dda0000 - 0x000001dd1dda3000 	C:\Users\USER\.openjfx\cache\23.0.1+4\amd64\api-ms-win-crt-heap-l1-1-0.dll
0x000001dd1ddb0000 - 0x000001dd1ddb3000 	C:\Users\USER\.openjfx\cache\23.0.1+4\amd64\api-ms-win-crt-locale-l1-1-0.dll
0x000001dd1ddc0000 - 0x000001dd1ddc5000 	C:\Users\USER\.openjfx\cache\23.0.1+4\amd64\api-ms-win-crt-math-l1-1-0.dll
0x000001dd1ddd0000 - 0x000001dd1ddd5000 	C:\Users\USER\.openjfx\cache\23.0.1+4\amd64\api-ms-win-crt-multibyte-l1-1-0.dll
0x000001dd1dde0000 - 0x000001dd1ddf0000 	C:\Users\USER\.openjfx\cache\23.0.1+4\amd64\api-ms-win-crt-private-l1-1-0.dll
0x000001dd1ddf0000 - 0x000001dd1ddf3000 	C:\Users\USER\.openjfx\cache\23.0.1+4\amd64\api-ms-win-crt-process-l1-1-0.dll
0x000001dd1de00000 - 0x000001dd1de04000 	C:\Users\USER\.openjfx\cache\23.0.1+4\amd64\api-ms-win-crt-runtime-l1-1-0.dll
0x000001dd1de10000 - 0x000001dd1de14000 	C:\Users\USER\.openjfx\cache\23.0.1+4\amd64\api-ms-win-crt-stdio-l1-1-0.dll
0x000001dd1de20000 - 0x000001dd1de24000 	C:\Users\USER\.openjfx\cache\23.0.1+4\amd64\api-ms-win-crt-string-l1-1-0.dll
0x000001dd1de30000 - 0x000001dd1de33000 	C:\Users\USER\.openjfx\cache\23.0.1+4\amd64\api-ms-win-crt-time-l1-1-0.dll
0x000001dd1de40000 - 0x000001dd1de43000 	C:\Users\USER\.openjfx\cache\23.0.1+4\amd64\api-ms-win-crt-utility-l1-1-0.dll
0x00007ff89ff80000 - 0x00007ff8a007c000 	C:\Users\USER\.openjfx\cache\23.0.1+4\amd64\ucrtbase.dll
0x00007ff917060000 - 0x00007ff91707b000 	C:\Users\USER\.openjfx\cache\23.0.1+4\amd64\vcruntime140.dll
0x00007ff923020000 - 0x00007ff92302c000 	C:\Users\USER\.openjfx\cache\23.0.1+4\amd64\vcruntime140_1.dll
0x00007ff8f8860000 - 0x00007ff8f88ee000 	C:\Users\USER\.openjfx\cache\23.0.1+4\amd64\msvcp140.dll
0x00007ff91ba40000 - 0x00007ff91ba49000 	C:\Users\USER\.openjfx\cache\23.0.1+4\amd64\msvcp140_1.dll
0x00007ff8fb730000 - 0x00007ff8fb771000 	C:\Users\USER\.openjfx\cache\23.0.1+4\amd64\msvcp140_2.dll
0x00007ff8fdd70000 - 0x00007ff8fdda0000 	C:\Users\USER\.openjfx\cache\23.0.1+4\amd64\prism_d3d.dll
0x00007ff8ea480000 - 0x00007ff8ea628000 	C:\WINDOWS\system32\d3d9.dll
0x00007ff93de30000 - 0x00007ff93de5b000 	C:\WINDOWS\SYSTEM32\dwmapi.dll
0x00007ff93dbf0000 - 0x00007ff93dc27000 	C:\WINDOWS\SYSTEM32\dxcore.dll
0x00007ff93da00000 - 0x00007ff93dab1000 	C:\WINDOWS\system32\uxtheme.dll
0x00007ff919af0000 - 0x00007ff919d5f000 	C:\WINDOWS\System32\DriverStore\FileRepository\iigd_dch.inf_amd64_03e2a5c7c3b3fa7c\igdumdim64.dll
0x00007ff943120000 - 0x00007ff9432c5000 	C:\WINDOWS\System32\ole32.dll
0x00007ff8995b0000 - 0x00007ff89aad3000 	C:\WINDOWS\System32\DriverStore\FileRepository\iigd_dch.inf_amd64_03e2a5c7c3b3fa7c\igd9dxva64.dll
0x00007ff941720000 - 0x00007ff941b94000 	C:\WINDOWS\System32\SETUPAPI.dll
0x00007ff940540000 - 0x00007ff94058e000 	C:\WINDOWS\SYSTEM32\cfgmgr32.dll
0x00007ff8d1bd0000 - 0x00007ff8d38fb000 	C:\WINDOWS\System32\DriverStore\FileRepository\iigd_dch.inf_amd64_03e2a5c7c3b3fa7c\media_bin_64.dll
0x00007ff9345e0000 - 0x00007ff934a1f000 	C:\WINDOWS\System32\DriverStore\FileRepository\iigd_dch.inf_amd64_03e2a5c7c3b3fa7c\igdgmm64.dll
0x00007ff939440000 - 0x00007ff939489000 	C:\WINDOWS\SYSTEM32\directxdatabasehelper.dll
0x00007ff8f8810000 - 0x00007ff8f8855000 	C:\Users\USER\.openjfx\cache\23.0.1+4\amd64\glass.dll
0x00007ff9421a0000 - 0x00007ff9422a0000 	C:\WINDOWS\System32\COMDLG32.dll
0x00007ff942650000 - 0x00007ff9427b1000 	C:\WINDOWS\System32\MSCTF.dll
0x00007ff8ef880000 - 0x00007ff8ef8a7000 	C:\WINDOWS\System32\DriverStore\FileRepository\iigd_dch.inf_amd64_03e2a5c7c3b3fa7c\igdinfo64.dll
0x00007ff940080000 - 0x00007ff94009b000 	C:\WINDOWS\SYSTEM32\CRYPTSP.dll
0x00007ff93f910000 - 0x00007ff93f945000 	C:\WINDOWS\system32\rsaenh.dll
0x00007ff9400a0000 - 0x00007ff9400ac000 	C:\WINDOWS\SYSTEM32\CRYPTBASE.dll
0x00007ff9369a0000 - 0x00007ff9369c4000 	C:\WINDOWS\System32\DriverStore\FileRepository\iigd_dch.inf_amd64_03e2a5c7c3b3fa7c\igc64.dll
0x00007ff92fe70000 - 0x00007ff9345db000 	C:\WINDOWS\System32\DriverStore\FileRepository\iigd_dch.inf_amd64_03e2a5c7c3b3fa7c\igc1464.dll
0x00007ff9425a0000 - 0x00007ff942650000 	C:\WINDOWS\System32\clbcatq.dll
0x00007ff92ed30000 - 0x00007ff92eead000 	C:\Windows\System32\Windows.UI.dll
0x00007ff92d980000 - 0x00007ff92daf5000 	C:\Windows\System32\Windows.UI.Immersive.dll
0x00007ff90dae0000 - 0x00007ff90daf5000 	C:\Users\USER\.openjfx\cache\23.0.1+4\amd64\javafx_font.dll
0x00007ff93adc0000 - 0x00007ff93b033000 	C:\WINDOWS\SYSTEM32\dwrite.dll
0x00007ff93d820000 - 0x00007ff93d9d0000 	C:\WINDOWS\SYSTEM32\WindowsCodecs.dll
0x00007ff911160000 - 0x00007ff9111be000 	C:\WINDOWS\system32\dataexchange.dll
0x00007ff937a20000 - 0x00007ff937cc4000 	C:\WINDOWS\system32\twinapi.appcore.dll
0x00007ff919a60000 - 0x00007ff919a92000 	C:\Program Files\Common Files\Microsoft Shared\Ink\rtscom.dll
0x00007ff92b4e0000 - 0x00007ff92b625000 	C:\WINDOWS\SYSTEM32\textinputframework.dll
0x00007ff93bf50000 - 0x00007ff93c083000 	C:\WINDOWS\SYSTEM32\CoreMessaging.dll
0x00007ff938830000 - 0x00007ff938b9d000 	C:\WINDOWS\SYSTEM32\CoreUIComponents.dll

dbghelp: loaded successfully - version: 4.0.5 - missing functions: none
symbol engine: initialized successfully - sym options: 0x614 - pdb path: .;C:\Program Files\Java\jdk-21\bin;C:\WINDOWS\SYSTEM32;C:\WINDOWS\WinSxS\amd64_microsoft.windows.common-controls_6595b64144ccf1df_6.0.22621.4541_none_2710d1c57384c085;C:\Program Files\Java\jdk-21\bin\server;C:\Users\USER\.openjfx\cache\23.0.1+4\amd64;C:\WINDOWS\System32\DriverStore\FileRepository\iigd_dch.inf_amd64_03e2a5c7c3b3fa7c;C:\Program Files\Common Files\Microsoft Shared\Ink

VM Arguments:
jvm_args: --module-path=C:\Users\USER\.m2\repository\org\openjfx\javafx-base\23.0.1\javafx-base-23.0.1-win.jar;C:\Users\USER\.m2\repository\org\openjfx\javafx-base\23.0.1\javafx-base-23.0.1.jar;C:\Users\USER\.m2\repository\org\openjfx\javafx-controls\23.0.1\javafx-controls-23.0.1-win.jar;C:\Users\USER\.m2\repository\org\openjfx\javafx-controls\23.0.1\javafx-controls-23.0.1.jar;C:\Users\USER\.m2\repository\org\openjfx\javafx-fxml\23.0.1\javafx-fxml-23.0.1-win.jar;C:\Users\USER\.m2\repository\org\openjfx\javafx-fxml\23.0.1\javafx-fxml-23.0.1.jar;C:\Users\USER\.m2\repository\org\openjfx\javafx-graphics\23.0.1\javafx-graphics-23.0.1-win.jar;C:\Users\USER\.m2\repository\org\openjfx\javafx-graphics\23.0.1\javafx-graphics-23.0.1.jar --add-modules=javafx.base,javafx.controls,javafx.fxml,javafx.graphics 
java_command: com.mycompany.java_farm.mainUi
java_class_path (initial): D:\FILE MEEEEE\SEMESTER 3\PBO\Java_farm\Java_farm\target\classes;C:\Users\USER\.m2\repository\au\com\dius\pact\core\pactbroker\4.6.15\pactbroker-4.6.15.jar;C:\Users\USER\.m2\repository\au\com\dius\pact\core\support\4.6.15\support-4.6.15.jar;C:\Users\USER\.m2\repository\com\github\mifmif\generex\1.0.2\generex-1.0.2.jar;C:\Users\USER\.m2\repository\com\google\code\findbugs\jsr305\3.0.2\jsr305-3.0.2.jar;C:\Users\USER\.m2\repository\com\google\errorprone\error_prone_annotations\2.11.0\error_prone_annotations-2.11.0.jar;C:\Users\USER\.m2\repository\com\google\guava\failureaccess\1.0.1\failureaccess-1.0.1.jar;C:\Users\USER\.m2\repository\com\google\guava\guava\31.1-jre\guava-31.1-jre.jar;C:\Users\USER\.m2\repository\com\google\guava\listenablefuture\9999.0-empty-to-avoid-conflict-with-guava\listenablefuture-9999.0-empty-to-avoid-conflict-with-guava.jar;C:\Users\USER\.m2\repository\com\google\j2objc\j2objc-annotations\1.3\j2objc-annotations-1.3.jar;C:\Users\USER\.m2\repository\com\google\protobuf\protobuf-java\3.21.9\protobuf-java-3.21.9.jar;C:\Users\USER\.m2\repository\com\mysql\mysql-connector-j\8.0.33\mysql-connector-j-8.0.33.jar;C:\Users\USER\.m2\repository\commons-codec\commons-codec\1.15\commons-codec-1.15.jar;C:\Users\USER\.m2\repository\dk\brics\automaton\automaton\1.11-8\automaton-1.11-8.jar;C:\Users\USER\.m2\repository\io\github\oshai\kotlin-logging-jvm\5.1.4\kotlin-logging-jvm-5.1.4.jar;C:\Users\USER\.m2\repository\org\apache\commons\commons-lang3\3.12.0\commons-lang3-3.12.0.jar;C:\Users\USER\.m2\repository\org\apache\commons\commons-text\1.10.0\commons-text-1.10.0.jar;C:\Users\USER\.m2\repository\org\apache\httpcomponents\client5\httpclient5\5.3.1\httpclient5-5.3.1.jar;C:\Users\USER\.m2\repository\org\apache\httpcomponents\client5\httpclient5-fluent\5.3.1\httpclient5-fluent-5.3.1.jar;C:\Users\USER\.m2\repository\org\apache\httpcomponents\core5\httpcore5\5.2.4\httpcore5-5.2.4.jar;C:\Users\USER\.m2\repository\org\apache\httpcomponents\core5\httpcore5-h2\5.2.4\httpcore5-h2-5.2.4.jar;C:\Users\USER\.m2\repository\org\checkerframework\checker-qual\3.12.0\checker-qual-3.12.0.jar;C:\Users\USER\.m2\repository\org\jetbrains\annotations\13.0\annotations-13.0.jar;C:\Users\USER\.m2\repository\org\jetbrains\kotlin\kotlin-reflect\1.8.22\kotlin-reflect-1.8.22.jar;C:\Users\USER\.m2\repository\org\jetbrains\kotlin\kotlin-stdlib\1.8.22\kotlin-stdlib-1.8.22.jar;C:\Users\USER\.m2\repository\org\jetbrains\kotlin\kotlin-stdlib-common\1.8.22\kotlin-stdlib-common-1.8.22.jar;C:\Users\USER\.m2\repository\org\jetbrains\kotlin\kotlin-stdlib-jdk7\1.8.22\kotlin-stdlib-jdk7-1.8.22.jar;C:\Users\USER\.m2\repository\org\jetbrains\kotlin\kotlin-stdlib-jdk8\1.8.22\kotlin-stdlib-jdk8-1.8.22.jar;C:\Users\USER\.m2\repository\org\slf4j\slf4j-api\1.7.36\slf4j-api-1.7.36.jar
Launcher Type: SUN_STANDARD

[Global flags]
     intx CICompilerCount                          = 3                                         {product} {ergonomic}
     uint ConcGCThreads                            = 1                                         {product} {ergonomic}
     uint G1ConcRefinementThreads                  = 4                                         {product} {ergonomic}
   size_t G1HeapRegionSize                         = 1048576                                   {product} {ergonomic}
    uintx GCDrainStackTargetSize                   = 64                                        {product} {ergonomic}
   size_t InitialHeapSize                          = 65011712                                  {product} {ergonomic}
   size_t MarkStackSize                            = 4194304                                   {product} {ergonomic}
   size_t MaxHeapSize                              = 1021313024                                {product} {ergonomic}
   size_t MaxNewSize                               = 612368384                                 {product} {ergonomic}
   size_t MinHeapDeltaBytes                        = 1048576                                   {product} {ergonomic}
   size_t MinHeapSize                              = 8388608                                   {product} {ergonomic}
    uintx NonNMethodCodeHeapSize                   = 5832780                                {pd product} {ergonomic}
    uintx NonProfiledCodeHeapSize                  = 122912730                              {pd product} {ergonomic}
    uintx ProfiledCodeHeapSize                     = 122912730                              {pd product} {ergonomic}
    uintx ReservedCodeCacheSize                    = 251658240                              {pd product} {ergonomic}
     bool SegmentedCodeCache                       = true                                      {product} {ergonomic}
   size_t SoftMaxHeapSize                          = 1021313024                             {manageable} {ergonomic}
     bool UseCompressedOops                        = true                           {product lp64_product} {ergonomic}
     bool UseG1GC                                  = true                                      {product} {ergonomic}
     bool UseLargePagesIndividualAllocation        = false                                  {pd product} {ergonomic}

Logging:
Log output configuration:
 #0: stdout all=warning uptime,level,tags foldmultilines=false
 #1: stderr all=off uptime,level,tags foldmultilines=false

Environment Variables:
JAVA_HOME=C:\Program Files\Java\jdk-21
PATH=C:\Program Files\Common Files\Oracle\Java\javapath;C:\WINDOWS\system32;C:\WINDOWS;C:\WINDOWS\System32\Wbem;C:\WINDOWS\System32\WindowsPowerShell\v1.0\;C:\WINDOWS\System32\OpenSSH\;C:\MinGW\bin;C:\Program Files\dotnet\;C:\Program Files\MySQL\MySQL Server 8.0\bin;C:\xampp\php;C:\Program Files\MATLAB\R2024b\bin;C:\Program Files\Java\jdk-23\bin;C:\Users\USER\Downloads\apache-ant-1.10.15-bin\bin;C:\Program Files\Java\javafx-sdk-23.0.1\bin;C:\Program Files\NetBeans-20\netbeans\java\maven;C:\Users\USER\Downloads\apache-maven-3.9.9-bin\apache-maven-3.9.9\bin;C:\Program Files\Java\jdk-21\bin;C:\Program Files\Java\javafx-sdk-21.0.5\bin;C:\Program Files\Java\jdk-21\bin;C:\Program Files\MySQL\MySQL Shell 8.0\bin\;C:\Users\USER\AppData\Local\Microsoft\WindowsApps;;C:\Users\USER\Documents\FILE MEEEEE\Microsoft VS Code\bin
USERNAME=USER
OS=Windows_NT
PROCESSOR_IDENTIFIER=Intel64 Family 6 Model 140 Stepping 1, GenuineIntel
TMP=C:\Users\USER\AppData\Local\Temp
TEMP=C:\Users\USER\AppData\Local\Temp




Periodic native trim disabled

---------------  S Y S T E M  ---------------

OS:
 Windows 11 , 64 bit Build 22621 (10.0.22621.4391)
OS uptime: 0 days 4:54 hours

CPU: total 4 (initial active 4) (2 cores per cpu, 2 threads per core) family 6 model 140 stepping 1 microcode 0x9a, cx8, cmov, fxsr, ht, mmx, 3dnowpref, sse, sse2, sse3, ssse3, sse4.1, sse4.2, popcnt, lzcnt, tsc, tscinvbit, avx, avx2, aes, erms, clmul, bmi1, bmi2, adx, avx512f, avx512dq, avx512cd, avx512bw, avx512vl, sha, fma, vzeroupper, avx512_vpopcntdq, avx512_vpclmulqdq, avx512_vaes, avx512_vnni, clflush, clflushopt, clwb, avx512_vbmi2, avx512_vbmi, rdtscp, rdpid, fsrm, gfni, avx512_bitalg, f16c, pku, cet_ibt, cet_ss, avx512_ifma
Processor Information for all 4 processors :
  Max Mhz: 2995, Current Mhz: 2995, Mhz Limit: 2995

Memory: 4k page, system-wide physical 3895M (207M free)
TotalPageFile size 15671M (AvailPageFile size 0M)
current process WorkingSet (physical memory assigned to process): 402M, peak: 417M
current process commit charge ("private bytes"): 607M, peak: 610M

vm_info: Java HotSpot(TM) 64-Bit Server VM (21.0.5+9-LTS-239) for windows-amd64 JRE (21.0.5+9-LTS-239), built on 2024-09-30T05:17:38Z by "mach5one" with MS VC++ 17.6 (VS2022)

END.
