#
# There is insufficient memory for the Java Runtime Environment to continue.
# Native memory allocation (malloc) failed to allocate 32744 bytes for Chunk::new
# Possible reasons:
#   The system is out of physical RAM or swap space
#   The process is running with CompressedOops enabled, and the Java Heap may be blocking the growth of the native heap
# Possible solutions:
#   Reduce memory load on the system
#   Increase physical memory or swap space
#   Check if swap backing store is full
#   Decrease Java heap size (-Xmx/-Xms)
#   Decrease number of Java threads
#   Decrease Java thread stack sizes (-Xss)
#   Set larger code cache with -XX:ReservedCodeCacheSize=
#   JVM is running with Unscaled Compressed Oops mode in which the Java heap is
#     placed in the first 4GB address space. The Java Heap base address is the
#     maximum limit for the native heap growth. Please use -XX:HeapBaseMinAddress
#     to set the Java Heap base and to place the Java Heap above 4GB virtual address.
# This output file may be truncated or incomplete.
#
#  Out of Memory Error (arena.cpp:168), pid=12168, tid=14268
#
# JRE version: Java(TM) SE Runtime Environment (21.0.5+9) (build 21.0.5+9-LTS-239)
# Java VM: Java HotSpot(TM) 64-Bit Server VM (21.0.5+9-LTS-239, mixed mode, sharing, tiered, compressed oops, compressed class ptrs, g1 gc, windows-amd64)
# No core dump will be written. Minidumps are not enabled by default on client versions of Windows
#

---------------  S U M M A R Y ------------

Command Line: --module-path=C:\Users\USER\.m2\repository\org\openjfx\javafx-base\23.0.1\javafx-base-23.0.1-win.jar;C:\Users\USER\.m2\repository\org\openjfx\javafx-base\23.0.1\javafx-base-23.0.1.jar;C:\Users\USER\.m2\repository\org\openjfx\javafx-controls\23.0.1\javafx-controls-23.0.1-win.jar;C:\Users\USER\.m2\repository\org\openjfx\javafx-controls\23.0.1\javafx-controls-23.0.1.jar;C:\Users\USER\.m2\repository\org\openjfx\javafx-fxml\23.0.1\javafx-fxml-23.0.1-win.jar;C:\Users\USER\.m2\repository\org\openjfx\javafx-fxml\23.0.1\javafx-fxml-23.0.1.jar;C:\Users\USER\.m2\repository\org\openjfx\javafx-graphics\23.0.1\javafx-graphics-23.0.1-win.jar;C:\Users\USER\.m2\repository\org\openjfx\javafx-graphics\23.0.1\javafx-graphics-23.0.1.jar --add-modules=javafx.base,javafx.controls,javafx.fxml,javafx.graphics com.mycompany.java_farm.mainUi

Host: 11th Gen Intel(R) Core(TM) i3-1115G4 @ 3.00GHz, 4 cores, 3G,  Windows 11 , 64 bit Build 22621 (10.0.22621.4391)
Time: Sun Dec 15 21:55:04 2024 SE Asia Standard Time elapsed time: 28.551410 seconds (0d 0h 0m 28s)

---------------  T H R E A D  ---------------

Current thread (0x0000014f74dbae90):  JavaThread "C2 CompilerThread0" daemon [_thread_in_native, id=14268, stack(0x0000002913700000,0x0000002913800000) (1024K)]


Current CompileTask:
C2:  28551 4616   !   4       com.sun.scenario.effect.impl.prism.PrEffectHelper::render (626 bytes)

Stack: [0x0000002913700000,0x0000002913800000]
Native frames: (J=compiled Java code, j=interpreted, Vv=VM code, C=native code)
V  [jvm.dll+0x6ca289]
V  [jvm.dll+0x854a51]
V  [jvm.dll+0x856f7e]
V  [jvm.dll+0x857653]
V  [jvm.dll+0x27dd26]
V  [jvm.dll+0xc4c2d]
V  [jvm.dll+0xc5163]
V  [jvm.dll+0x8138a2]
V  [jvm.dll+0x24f226]
V  [jvm.dll+0x24d9a4]
V  [jvm.dll+0x24cf83]
V  [jvm.dll+0x66613c]
V  [jvm.dll+0x664d21]
V  [jvm.dll+0x6f366c]
V  [jvm.dll+0x6f1ad3]
V  [jvm.dll+0x247845]
V  [jvm.dll+0x245de4]
V  [jvm.dll+0x1c6d0e]
V  [jvm.dll+0x2554d9]
V  [jvm.dll+0x253a6a]
V  [jvm.dll+0x3ee136]
V  [jvm.dll+0x7fee9b]
V  [jvm.dll+0x6c896d]
C  [ucrtbase.dll+0x29333]
C  [KERNEL32.DLL+0x1259d]
C  [ntdll.dll+0x5af38]


---------------  P R O C E S S  ---------------

Threads class SMR info:
_java_thread_list=0x0000014f4169e9a0, length=18, elements={
0x0000014f5a1b5810, 0x0000014f74dae720, 0x0000014f74daf8d0, 0x0000014f74db3590,
0x0000014f74db7070, 0x0000014f74db7f10, 0x0000014f74dba110, 0x0000014f74dbae90,
0x0000014f74dbecc0, 0x0000014f5a252500, 0x0000014f7915fc20, 0x0000014f7962acf0,
0x0000014f7981de10, 0x0000014f7984b0e0, 0x0000014f79acc4a0, 0x0000014f79b78040,
0x0000014f41045260, 0x0000014f4153ea80
}

Java Threads: ( => current thread )
  0x0000014f5a1b5810 JavaThread "main"                              [_thread_blocked, id=15748, stack(0x0000002912900000,0x0000002912a00000) (1024K)]
  0x0000014f74dae720 JavaThread "Reference Handler"          daemon [_thread_blocked, id=17884, stack(0x0000002913100000,0x0000002913200000) (1024K)]
  0x0000014f74daf8d0 JavaThread "Finalizer"                  daemon [_thread_blocked, id=19448, stack(0x0000002913200000,0x0000002913300000) (1024K)]
  0x0000014f74db3590 JavaThread "Signal Dispatcher"          daemon [_thread_blocked, id=19412, stack(0x0000002913300000,0x0000002913400000) (1024K)]
  0x0000014f74db7070 JavaThread "Attach Listener"            daemon [_thread_blocked, id=18728, stack(0x0000002913400000,0x0000002913500000) (1024K)]
  0x0000014f74db7f10 JavaThread "Service Thread"             daemon [_thread_blocked, id=4348, stack(0x0000002913500000,0x0000002913600000) (1024K)]
  0x0000014f74dba110 JavaThread "Monitor Deflation Thread"   daemon [_thread_blocked, id=18552, stack(0x0000002913600000,0x0000002913700000) (1024K)]
=>0x0000014f74dbae90 JavaThread "C2 CompilerThread0"         daemon [_thread_in_native, id=14268, stack(0x0000002913700000,0x0000002913800000) (1024K)]
  0x0000014f74dbecc0 JavaThread "C1 CompilerThread0"         daemon [_thread_blocked, id=17860, stack(0x0000002913800000,0x0000002913900000) (1024K)]
  0x0000014f5a252500 JavaThread "Common-Cleaner"             daemon [_thread_blocked, id=10296, stack(0x0000002913900000,0x0000002913a00000) (1024K)]
  0x0000014f7915fc20 JavaThread "Notification Thread"        daemon [_thread_blocked, id=17460, stack(0x0000002913a00000,0x0000002913b00000) (1024K)]
  0x0000014f7962acf0 JavaThread "QuantumRenderer-0"          daemon [_thread_blocked, id=15712, stack(0x0000002913e00000,0x0000002913f00000) (1024K)]
  0x0000014f7981de10 JavaThread "InvokeLaterDispatcher"      daemon [_thread_blocked, id=8840, stack(0x0000002913f00000,0x0000002914000000) (1024K)]
  0x0000014f7984b0e0 JavaThread "JavaFX Application Thread"         [_thread_in_native, id=10616, stack(0x0000002914000000,0x0000002914100000) (1024K)]
  0x0000014f79acc4a0 JavaThread "JavaFX-Launcher"                   [_thread_blocked, id=10236, stack(0x0000002914500000,0x0000002914600000) (1024K)]
  0x0000014f79b78040 JavaThread "Thread-2"                   daemon [_thread_in_native, id=19276, stack(0x0000002914400000,0x0000002914500000) (1024K)]
  0x0000014f41045260 JavaThread "Prism Font Disposer"        daemon [_thread_blocked, id=8752, stack(0x0000002914600000,0x0000002914700000) (1024K)]
  0x0000014f4153ea80 JavaThread "Cleaner-0"                  daemon [_thread_blocked, id=8236, stack(0x0000002914a00000,0x0000002914b00000) (1024K)]
Total: 18

Other Threads:
  0x0000014f5a264f70 VMThread "VM Thread"                           [id=8548, stack(0x0000002913000000,0x0000002913100000) (1024K)]
  0x0000014f74d9d230 WatcherThread "VM Periodic Task Thread"        [id=9180, stack(0x0000002912f00000,0x0000002913000000) (1024K)]
  0x0000014f5a1e3510 WorkerThread "GC Thread#0"                     [id=16116, stack(0x0000002912a00000,0x0000002912b00000) (1024K)]
  0x0000014f5a264bd0 WorkerThread "GC Thread#1"                     [id=17372, stack(0x0000002913b00000,0x0000002913c00000) (1024K)]
  0x0000014f5a264490 WorkerThread "GC Thread#2"                     [id=7748, stack(0x0000002913c00000,0x0000002913d00000) (1024K)]
  0x0000014f5a2639b0 WorkerThread "GC Thread#3"                     [id=17384, stack(0x0000002913d00000,0x0000002913e00000) (1024K)]
  0x0000014f5a1ec6c0 ConcurrentGCThread "G1 Main Marker"            [id=4240, stack(0x0000002912b00000,0x0000002912c00000) (1024K)]
  0x0000014f5a1ed370 WorkerThread "G1 Conc#0"                       [id=9704, stack(0x0000002912c00000,0x0000002912d00000) (1024K)]
  0x0000014f5a2449e0 ConcurrentGCThread "G1 Refine#0"               [id=1252, stack(0x0000002912d00000,0x0000002912e00000) (1024K)]
  0x0000014f5a245700 ConcurrentGCThread "G1 Service"                [id=16348, stack(0x0000002912e00000,0x0000002912f00000) (1024K)]
Total: 10

Threads with active compile tasks:
C2 CompilerThread0    28607 4616   !   4       com.sun.scenario.effect.impl.prism.PrEffectHelper::render (626 bytes)
Total: 1

VM state: not at safepoint (normal execution)

VM Mutex/Monitor currently owned by a thread: None

Heap address: 0x00000000c3200000, size: 974 MB, Compressed Oops mode: 32-bit

CDS archive(s) mapped at: [0x0000014f00000000-0x0000014f00c90000-0x0000014f00c90000), size 13172736, SharedBaseAddress: 0x0000014f00000000, ArchiveRelocationMode: 1.
Compressed class space mapped at: 0x0000014f01000000-0x0000014f41000000, reserved size: 1073741824
Narrow klass base: 0x0000014f00000000, Narrow klass shift: 0, Narrow klass range: 0x100000000

GC Precious Log:
 CardTable entry size: 512
 Card Set container configuration: InlinePtr #cards 5 size 8 Array Of Cards #cards 12 size 40 Howl #buckets 4 coarsen threshold 1843 Howl Bitmap #cards 512 size 80 coarsen threshold 460 Card regions per heap region 1 cards per card region 2048
 CPUs: 4 total, 4 available
 Memory: 3895M
 Large Page Support: Disabled
 NUMA Support: Disabled
 Compressed Oops: Enabled (32-bit)
 Heap Region Size: 1M
 Heap Min Capacity: 8M
 Heap Initial Capacity: 62M
 Heap Max Capacity: 974M
 Pre-touch: Disabled
 Parallel Workers: 4
 Concurrent Workers: 1
 Concurrent Refinement Workers: 4
 Periodic GC: Disabled

Heap:
 garbage-first heap   total 69632K, used 51046K [0x00000000c3200000, 0x0000000100000000)
  region size 1024K, 18 young (18432K), 2 survivors (2048K)
 Metaspace       used 19296K, committed 19584K, reserved 1114112K
  class space    used 2770K, committed 2880K, reserved 1048576K

Heap Regions: E=young(eden), S=young(survivor), O=old, HS=humongous(starts), HC=humongous(continues), CS=collection set, F=free, TAMS=top-at-mark-start, PB=parsable bottom
|   0|0x00000000c3200000, 0x00000000c3300000, 0x00000000c3300000|100%| O|  |TAMS 0x00000000c3200000| PB 0x00000000c3200000| Untracked 
|   1|0x00000000c3300000, 0x00000000c3400000, 0x00000000c3400000|100%| O|  |TAMS 0x00000000c3300000| PB 0x00000000c3300000| Untracked 
|   2|0x00000000c3400000, 0x00000000c3500000, 0x00000000c3500000|100%| O|  |TAMS 0x00000000c3400000| PB 0x00000000c3400000| Untracked 
|   3|0x00000000c3500000, 0x00000000c3600000, 0x00000000c3600000|100%|HS|  |TAMS 0x00000000c3500000| PB 0x00000000c3500000| Complete 
|   4|0x00000000c3600000, 0x00000000c3700000, 0x00000000c3700000|100%|HC|  |TAMS 0x00000000c3600000| PB 0x00000000c3600000| Complete 
|   5|0x00000000c3700000, 0x00000000c3800000, 0x00000000c3800000|100%|HS|  |TAMS 0x00000000c3700000| PB 0x00000000c3700000| Complete 
|   6|0x00000000c3800000, 0x00000000c3900000, 0x00000000c3900000|100%|HC|  |TAMS 0x00000000c3800000| PB 0x00000000c3800000| Complete 
|   7|0x00000000c3900000, 0x00000000c3a00000, 0x00000000c3a00000|100%|HC|  |TAMS 0x00000000c3900000| PB 0x00000000c3900000| Complete 
|   8|0x00000000c3a00000, 0x00000000c3b00000, 0x00000000c3b00000|100%|HC|  |TAMS 0x00000000c3a00000| PB 0x00000000c3a00000| Complete 
|   9|0x00000000c3b00000, 0x00000000c3c00000, 0x00000000c3c00000|100%|HS|  |TAMS 0x00000000c3b00000| PB 0x00000000c3b00000| Complete 
|  10|0x00000000c3c00000, 0x00000000c3d00000, 0x00000000c3d00000|100%|HC|  |TAMS 0x00000000c3c00000| PB 0x00000000c3c00000| Complete 
|  11|0x00000000c3d00000, 0x00000000c3e00000, 0x00000000c3e00000|100%|HS|  |TAMS 0x00000000c3d00000| PB 0x00000000c3d00000| Complete 
|  12|0x00000000c3e00000, 0x00000000c3f00000, 0x00000000c3f00000|100%|HC|  |TAMS 0x00000000c3e00000| PB 0x00000000c3e00000| Complete 
|  13|0x00000000c3f00000, 0x00000000c4000000, 0x00000000c4000000|100%|HS|  |TAMS 0x00000000c3f00000| PB 0x00000000c3f00000| Complete 
|  14|0x00000000c4000000, 0x00000000c4100000, 0x00000000c4100000|100%|HC|  |TAMS 0x00000000c4000000| PB 0x00000000c4000000| Complete 
|  15|0x00000000c4100000, 0x00000000c4200000, 0x00000000c4200000|100%|HS|  |TAMS 0x00000000c4100000| PB 0x00000000c4100000| Complete 
|  16|0x00000000c4200000, 0x00000000c4300000, 0x00000000c4300000|100%|HC|  |TAMS 0x00000000c4200000| PB 0x00000000c4200000| Complete 
|  17|0x00000000c4300000, 0x00000000c4400000, 0x00000000c4400000|100%|HS|  |TAMS 0x00000000c4300000| PB 0x00000000c4300000| Complete 
|  18|0x00000000c4400000, 0x00000000c4500000, 0x00000000c4500000|100%|HC|  |TAMS 0x00000000c4400000| PB 0x00000000c4400000| Complete 
|  19|0x00000000c4500000, 0x00000000c4600000, 0x00000000c4600000|100%|HS|  |TAMS 0x00000000c4500000| PB 0x00000000c4500000| Complete 
|  20|0x00000000c4600000, 0x00000000c4700000, 0x00000000c4700000|100%|HC|  |TAMS 0x00000000c4600000| PB 0x00000000c4600000| Complete 
|  21|0x00000000c4700000, 0x00000000c4800000, 0x00000000c4800000|100%|HS|  |TAMS 0x00000000c4700000| PB 0x00000000c4700000| Complete 
|  22|0x00000000c4800000, 0x00000000c4900000, 0x00000000c4900000|100%|HC|  |TAMS 0x00000000c4800000| PB 0x00000000c4800000| Complete 
|  23|0x00000000c4900000, 0x00000000c4a00000, 0x00000000c4a00000|100%| O|  |TAMS 0x00000000c4900000| PB 0x00000000c4900000| Untracked 
|  24|0x00000000c4a00000, 0x00000000c4b00000, 0x00000000c4b00000|100%| O|  |TAMS 0x00000000c4a00000| PB 0x00000000c4a00000| Untracked 
|  25|0x00000000c4b00000, 0x00000000c4c00000, 0x00000000c4c00000|100%| O|  |TAMS 0x00000000c4b00000| PB 0x00000000c4b00000| Untracked 
|  26|0x00000000c4c00000, 0x00000000c4d00000, 0x00000000c4d00000|100%| O|  |TAMS 0x00000000c4c00000| PB 0x00000000c4c00000| Untracked 
|  27|0x00000000c4d00000, 0x00000000c4e00000, 0x00000000c4e00000|100%| O|  |TAMS 0x00000000c4d00000| PB 0x00000000c4d00000| Untracked 
|  28|0x00000000c4e00000, 0x00000000c4f00000, 0x00000000c4f00000|100%| O|  |TAMS 0x00000000c4e00000| PB 0x00000000c4e00000| Untracked 
|  29|0x00000000c4f00000, 0x00000000c5000000, 0x00000000c5000000|100%|HS|  |TAMS 0x00000000c4f00000| PB 0x00000000c4f00000| Complete 
|  30|0x00000000c5000000, 0x00000000c5100000, 0x00000000c5100000|100%|HC|  |TAMS 0x00000000c5000000| PB 0x00000000c5000000| Complete 
|  31|0x00000000c5100000, 0x00000000c51a6bd0, 0x00000000c5200000| 65%| O|  |TAMS 0x00000000c5100000| PB 0x00000000c5100000| Untracked 
|  32|0x00000000c5200000, 0x00000000c5200000, 0x00000000c5300000|  0%| F|  |TAMS 0x00000000c5200000| PB 0x00000000c5200000| Untracked 
|  33|0x00000000c5300000, 0x00000000c5300000, 0x00000000c5400000|  0%| F|  |TAMS 0x00000000c5300000| PB 0x00000000c5300000| Untracked 
|  34|0x00000000c5400000, 0x00000000c5400000, 0x00000000c5500000|  0%| F|  |TAMS 0x00000000c5400000| PB 0x00000000c5400000| Untracked 
|  35|0x00000000c5500000, 0x00000000c5532d00, 0x00000000c5600000| 19%| S|CS|TAMS 0x00000000c5500000| PB 0x00000000c5500000| Complete 
|  36|0x00000000c5600000, 0x00000000c5700000, 0x00000000c5700000|100%| S|CS|TAMS 0x00000000c5600000| PB 0x00000000c5600000| Complete 
|  37|0x00000000c5700000, 0x00000000c5700000, 0x00000000c5800000|  0%| F|  |TAMS 0x00000000c5700000| PB 0x00000000c5700000| Untracked 
|  38|0x00000000c5800000, 0x00000000c5800000, 0x00000000c5900000|  0%| F|  |TAMS 0x00000000c5800000| PB 0x00000000c5800000| Untracked 
|  39|0x00000000c5900000, 0x00000000c5900000, 0x00000000c5a00000|  0%| F|  |TAMS 0x00000000c5900000| PB 0x00000000c5900000| Untracked 
|  40|0x00000000c5a00000, 0x00000000c5a00000, 0x00000000c5b00000|  0%| F|  |TAMS 0x00000000c5a00000| PB 0x00000000c5a00000| Untracked 
|  41|0x00000000c5b00000, 0x00000000c5b00000, 0x00000000c5c00000|  0%| F|  |TAMS 0x00000000c5b00000| PB 0x00000000c5b00000| Untracked 
|  42|0x00000000c5c00000, 0x00000000c5c00000, 0x00000000c5d00000|  0%| F|  |TAMS 0x00000000c5c00000| PB 0x00000000c5c00000| Untracked 
|  43|0x00000000c5d00000, 0x00000000c5d00000, 0x00000000c5e00000|  0%| F|  |TAMS 0x00000000c5d00000| PB 0x00000000c5d00000| Untracked 
|  44|0x00000000c5e00000, 0x00000000c5e00000, 0x00000000c5f00000|  0%| F|  |TAMS 0x00000000c5e00000| PB 0x00000000c5e00000| Untracked 
|  45|0x00000000c5f00000, 0x00000000c5f00000, 0x00000000c6000000|  0%| F|  |TAMS 0x00000000c5f00000| PB 0x00000000c5f00000| Untracked 
|  46|0x00000000c6000000, 0x00000000c6000000, 0x00000000c6100000|  0%| F|  |TAMS 0x00000000c6000000| PB 0x00000000c6000000| Untracked 
|  47|0x00000000c6100000, 0x00000000c6100000, 0x00000000c6200000|  0%| F|  |TAMS 0x00000000c6100000| PB 0x00000000c6100000| Untracked 
|  48|0x00000000c6200000, 0x00000000c6200000, 0x00000000c6300000|  0%| F|  |TAMS 0x00000000c6200000| PB 0x00000000c6200000| Untracked 
|  49|0x00000000c6300000, 0x00000000c6300000, 0x00000000c6400000|  0%| F|  |TAMS 0x00000000c6300000| PB 0x00000000c6300000| Untracked 
|  50|0x00000000c6400000, 0x00000000c6477c80, 0x00000000c6500000| 46%| E|  |TAMS 0x00000000c6400000| PB 0x00000000c6400000| Complete 
|  51|0x00000000c6500000, 0x00000000c6600000, 0x00000000c6600000|100%| E|CS|TAMS 0x00000000c6500000| PB 0x00000000c6500000| Complete 
|  52|0x00000000c6600000, 0x00000000c6700000, 0x00000000c6700000|100%| E|CS|TAMS 0x00000000c6600000| PB 0x00000000c6600000| Complete 
|  53|0x00000000c6700000, 0x00000000c6800000, 0x00000000c6800000|100%| E|CS|TAMS 0x00000000c6700000| PB 0x00000000c6700000| Complete 
|  54|0x00000000c6800000, 0x00000000c6900000, 0x00000000c6900000|100%| E|CS|TAMS 0x00000000c6800000| PB 0x00000000c6800000| Complete 
|  55|0x00000000c6900000, 0x00000000c6a00000, 0x00000000c6a00000|100%| E|CS|TAMS 0x00000000c6900000| PB 0x00000000c6900000| Complete 
|  56|0x00000000c6a00000, 0x00000000c6b00000, 0x00000000c6b00000|100%| E|CS|TAMS 0x00000000c6a00000| PB 0x00000000c6a00000| Complete 
|  57|0x00000000c6b00000, 0x00000000c6c00000, 0x00000000c6c00000|100%| E|CS|TAMS 0x00000000c6b00000| PB 0x00000000c6b00000| Complete 
|  58|0x00000000c6c00000, 0x00000000c6d00000, 0x00000000c6d00000|100%| E|CS|TAMS 0x00000000c6c00000| PB 0x00000000c6c00000| Complete 
|  59|0x00000000c6d00000, 0x00000000c6e00000, 0x00000000c6e00000|100%| E|CS|TAMS 0x00000000c6d00000| PB 0x00000000c6d00000| Complete 
|  60|0x00000000c6e00000, 0x00000000c6f00000, 0x00000000c6f00000|100%| E|CS|TAMS 0x00000000c6e00000| PB 0x00000000c6e00000| Complete 
|  61|0x00000000c6f00000, 0x00000000c7000000, 0x00000000c7000000|100%| E|CS|TAMS 0x00000000c6f00000| PB 0x00000000c6f00000| Complete 
|  62|0x00000000c7000000, 0x00000000c7100000, 0x00000000c7100000|100%| E|CS|TAMS 0x00000000c7000000| PB 0x00000000c7000000| Complete 
|  63|0x00000000c7100000, 0x00000000c7200000, 0x00000000c7200000|100%| E|CS|TAMS 0x00000000c7100000| PB 0x00000000c7100000| Complete 
|  64|0x00000000c7200000, 0x00000000c7300000, 0x00000000c7300000|100%| E|CS|TAMS 0x00000000c7200000| PB 0x00000000c7200000| Complete 
|  65|0x00000000c7300000, 0x00000000c7400000, 0x00000000c7400000|100%| E|CS|TAMS 0x00000000c7300000| PB 0x00000000c7300000| Complete 
| 972|0x00000000ffe00000, 0x00000000fff00000, 0x00000000fff00000|100%| O|  |TAMS 0x00000000ffe00000| PB 0x00000000ffe00000| Untracked 
| 973|0x00000000fff00000, 0x0000000100000000, 0x0000000100000000|100%| O|  |TAMS 0x00000000fff00000| PB 0x00000000fff00000| Untracked 

Card table byte_map: [0x0000014f71820000,0x0000014f71a10000] _byte_map_base: 0x0000014f71207000

Marking Bits: (CMBitMap*) 0x0000014f5a1e3c10
 Bits: [0x0000014f71a10000, 0x0000014f72948000)

Polling page: 0x0000014f59970000

Metaspace:

Usage:
  Non-class:     16.14 MB used.
      Class:      2.71 MB used.
       Both:     18.84 MB used.

Virtual space:
  Non-class space:       64.00 MB reserved,      16.31 MB ( 25%) committed,  1 nodes.
      Class space:        1.00 GB reserved,       2.81 MB ( <1%) committed,  1 nodes.
             Both:        1.06 GB reserved,      19.12 MB (  2%) committed. 

Chunk freelists:
   Non-Class:  15.03 MB
       Class:  13.07 MB
        Both:  28.10 MB

MaxMetaspaceSize: unlimited
CompressedClassSpaceSize: 1.00 GB
Initial GC threshold: 21.00 MB
Current GC threshold: 21.00 MB
CDS: on
 - commit_granule_bytes: 65536.
 - commit_granule_words: 8192.
 - virtual_space_node_default_size: 8388608.
 - enlarge_chunks_in_place: 1.
 - use_allocation_guard: 0.


Internal statistics:

num_allocs_failed_limit: 0.
num_arena_births: 384.
num_arena_deaths: 0.
num_vsnodes_births: 2.
num_vsnodes_deaths: 0.
num_space_committed: 306.
num_space_uncommitted: 0.
num_chunks_returned_to_freelist: 0.
num_chunks_taken_from_freelist: 1052.
num_chunk_merges: 0.
num_chunk_splits: 717.
num_chunks_enlarged: 528.
num_inconsistent_stats: 0.

CodeHeap 'non-profiled nmethods': size=120000Kb used=2556Kb max_used=2556Kb free=117443Kb
 bounds [0x0000014f6a100000, 0x0000014f6a380000, 0x0000014f71630000]
CodeHeap 'profiled nmethods': size=120000Kb used=9068Kb max_used=9068Kb free=110931Kb
 bounds [0x0000014f62630000, 0x0000014f62f10000, 0x0000014f69b60000]
CodeHeap 'non-nmethods': size=5760Kb used=2073Kb max_used=2099Kb free=3686Kb
 bounds [0x0000014f69b60000, 0x0000014f69dd0000, 0x0000014f6a100000]
 total_blobs=5448 nmethods=4612 adapters=738
 compilation: enabled
              stopped_count=0, restarted_count=0
 full_count=0

Compilation events (20 events):
Event: 28.022 Thread 0x0000014f74dbae90 nmethod 4606 0x0000014f6a37a590 code [0x0000014f6a37a740, 0x0000014f6a37a918]
Event: 28.022 Thread 0x0000014f74dbae90 4607       4       com.sun.prism.d3d.D3DGraphics::getPaintShaderTransform (17 bytes)
Event: 28.025 Thread 0x0000014f74dbae90 nmethod 4607 0x0000014f6a37aa90 code [0x0000014f6a37ad20, 0x0000014f6a37b448]
Event: 28.025 Thread 0x0000014f74dbae90 4608       4       com.sun.javafx.geom.transform.Affine3D::rotate (27 bytes)
Event: 28.026 Thread 0x0000014f74dbae90 nmethod 4608 0x0000014f6a37b910 code [0x0000014f6a37bae0, 0x0000014f6a37bca8]
Event: 28.173 Thread 0x0000014f74dbae90 4609   !   4       com.sun.scenario.animation.shared.AnimationAccessor::getDefault (66 bytes)
Event: 28.174 Thread 0x0000014f74dbae90 nmethod 4609 0x0000014f6a37be10 code [0x0000014f6a37bf80, 0x0000014f6a37c010]
Event: 28.279 Thread 0x0000014f74dbae90 4610       4       com.sun.javafx.geom.RectBounds::deriveWithNewBounds (80 bytes)
Event: 28.280 Thread 0x0000014f74dbae90 nmethod 4610 0x0000014f6a37c110 code [0x0000014f6a37c2c0, 0x0000014f6a37c4f0]
Event: 28.285 Thread 0x0000014f74dbae90 4611       4       java.util.WeakHashMap::entrySet (27 bytes)
Event: 28.287 Thread 0x0000014f74dbae90 nmethod 4611 0x0000014f6a37c610 code [0x0000014f6a37c7a0, 0x0000014f6a37c968]
Event: 28.301 Thread 0x0000014f74dbae90 4612       4       java.util.WeakHashMap::size (18 bytes)
Event: 28.314 Thread 0x0000014f74dbae90 nmethod 4612 0x0000014f6a37ca10 code [0x0000014f6a37cc60, 0x0000014f6a37d4d8]
Event: 28.314 Thread 0x0000014f74dbae90 4613       4       com.sun.prism.impl.BaseContext::updateMaskTexture (465 bytes)
Event: 28.325 Thread 0x0000014f74dbae90 nmethod 4613 0x0000014f6a37da90 code [0x0000014f6a37dc80, 0x0000014f6a37e4e0]
Event: 28.413 Thread 0x0000014f74dbae90 4614       4       java.util.concurrent.locks.AbstractQueuedSynchronizer$Node::setStatusRelaxed (12 bytes)
Event: 28.414 Thread 0x0000014f74dbae90 nmethod 4614 0x0000014f6a37ed90 code [0x0000014f6a37ef00, 0x0000014f6a37ef90]
Event: 28.509 Thread 0x0000014f74dbecc0 4615       3       javafx.beans.binding.DoubleBinding::get (25 bytes)
Event: 28.510 Thread 0x0000014f74dbecc0 nmethod 4615 0x0000014f62f0ac90 code [0x0000014f62f0ae40, 0x0000014f62f0b060]
Event: 28.517 Thread 0x0000014f74dbae90 4616   !   4       com.sun.scenario.effect.impl.prism.PrEffectHelper::render (626 bytes)

GC Heap History (12 events):
Event: 0.689 GC heap before
{Heap before GC invocations=0 (full 0):
 garbage-first heap   total 63488K, used 12288K [0x00000000c3200000, 0x0000000100000000)
  region size 1024K, 13 young (13312K), 0 survivors (0K)
 Metaspace       used 1825K, committed 1984K, reserved 1114112K
  class space    used 183K, committed 256K, reserved 1048576K
}
Event: 0.692 GC heap after
{Heap after GC invocations=1 (full 0):
 garbage-first heap   total 63488K, used 1727K [0x00000000c3200000, 0x0000000100000000)
  region size 1024K, 2 young (2048K), 2 survivors (2048K)
 Metaspace       used 1825K, committed 1984K, reserved 1114112K
  class space    used 183K, committed 256K, reserved 1048576K
}
Event: 1.245 GC heap before
{Heap before GC invocations=1 (full 0):
 garbage-first heap   total 63488K, used 23231K [0x00000000c3200000, 0x0000000100000000)
  region size 1024K, 24 young (24576K), 2 survivors (2048K)
 Metaspace       used 4910K, committed 5120K, reserved 1114112K
  class space    used 539K, committed 640K, reserved 1048576K
}
Event: 1.251 GC heap after
{Heap after GC invocations=2 (full 0):
 garbage-first heap   total 63488K, used 5825K [0x00000000c3200000, 0x0000000100000000)
  region size 1024K, 3 young (3072K), 3 survivors (3072K)
 Metaspace       used 4910K, committed 5120K, reserved 1114112K
  class space    used 539K, committed 640K, reserved 1048576K
}
Event: 2.270 GC heap before
{Heap before GC invocations=2 (full 0):
 garbage-first heap   total 63488K, used 60097K [0x00000000c3200000, 0x0000000100000000)
  region size 1024K, 37 young (37888K), 3 survivors (3072K)
 Metaspace       used 12468K, committed 12800K, reserved 1114112K
  class space    used 1710K, committed 1856K, reserved 1048576K
}
Event: 2.276 GC heap after
{Heap after GC invocations=3 (full 0):
 garbage-first heap   total 69632K, used 30504K [0x00000000c3200000, 0x0000000100000000)
  region size 1024K, 5 young (5120K), 5 survivors (5120K)
 Metaspace       used 12468K, committed 12800K, reserved 1114112K
  class space    used 1710K, committed 1856K, reserved 1048576K
}
Event: 3.326 GC heap before
{Heap before GC invocations=3 (full 0):
 garbage-first heap   total 69632K, used 54056K [0x00000000c3200000, 0x0000000100000000)
  region size 1024K, 29 young (29696K), 5 survivors (5120K)
 Metaspace       used 17221K, committed 17472K, reserved 1114112K
  class space    used 2646K, committed 2752K, reserved 1048576K
}
Event: 3.332 GC heap after
{Heap after GC invocations=4 (full 0):
 garbage-first heap   total 69632K, used 32775K [0x00000000c3200000, 0x0000000100000000)
  region size 1024K, 3 young (3072K), 3 survivors (3072K)
 Metaspace       used 17221K, committed 17472K, reserved 1114112K
  class space    used 2646K, committed 2752K, reserved 1048576K
}
Event: 3.384 GC heap before
{Heap before GC invocations=4 (full 0):
 garbage-first heap   total 69632K, used 34823K [0x00000000c3200000, 0x0000000100000000)
  region size 1024K, 6 young (6144K), 3 survivors (3072K)
 Metaspace       used 17724K, committed 17984K, reserved 1114112K
  class space    used 2693K, committed 2816K, reserved 1048576K
}
Event: 3.386 GC heap after
{Heap after GC invocations=5 (full 0):
 garbage-first heap   total 69632K, used 33041K [0x00000000c3200000, 0x0000000100000000)
  region size 1024K, 3 young (3072K), 3 survivors (3072K)
 Metaspace       used 17724K, committed 17984K, reserved 1114112K
  class space    used 2693K, committed 2816K, reserved 1048576K
}
Event: 23.029 GC heap before
{Heap before GC invocations=5 (full 0):
 garbage-first heap   total 69632K, used 61713K [0x00000000c3200000, 0x0000000100000000)
  region size 1024K, 29 young (29696K), 3 survivors (3072K)
 Metaspace       used 19202K, committed 19520K, reserved 1114112K
  class space    used 2765K, committed 2880K, reserved 1048576K
}
Event: 23.036 GC heap after
{Heap after GC invocations=6 (full 0):
 garbage-first heap   total 69632K, used 35686K [0x00000000c3200000, 0x0000000100000000)
  region size 1024K, 2 young (2048K), 2 survivors (2048K)
 Metaspace       used 19202K, committed 19520K, reserved 1114112K
  class space    used 2765K, committed 2880K, reserved 1048576K
}

Dll operation events (20 events):
Event: 0.575 Loaded shared library C:\Users\USER\.openjfx\cache\23.0.1+4\amd64\api-ms-win-crt-locale-l1-1-0.dll
Event: 0.578 Loaded shared library C:\Users\USER\.openjfx\cache\23.0.1+4\amd64\api-ms-win-crt-math-l1-1-0.dll
Event: 0.582 Loaded shared library C:\Users\USER\.openjfx\cache\23.0.1+4\amd64\api-ms-win-crt-multibyte-l1-1-0.dll
Event: 0.589 Loaded shared library C:\Users\USER\.openjfx\cache\23.0.1+4\amd64\api-ms-win-crt-private-l1-1-0.dll
Event: 0.595 Loaded shared library C:\Users\USER\.openjfx\cache\23.0.1+4\amd64\api-ms-win-crt-process-l1-1-0.dll
Event: 0.598 Loaded shared library C:\Users\USER\.openjfx\cache\23.0.1+4\amd64\api-ms-win-crt-runtime-l1-1-0.dll
Event: 0.602 Loaded shared library C:\Users\USER\.openjfx\cache\23.0.1+4\amd64\api-ms-win-crt-stdio-l1-1-0.dll
Event: 0.606 Loaded shared library C:\Users\USER\.openjfx\cache\23.0.1+4\amd64\api-ms-win-crt-string-l1-1-0.dll
Event: 0.610 Loaded shared library C:\Users\USER\.openjfx\cache\23.0.1+4\amd64\api-ms-win-crt-time-l1-1-0.dll
Event: 0.614 Loaded shared library C:\Users\USER\.openjfx\cache\23.0.1+4\amd64\api-ms-win-crt-utility-l1-1-0.dll
Event: 0.635 Loaded shared library C:\Users\USER\.openjfx\cache\23.0.1+4\amd64\ucrtbase.dll
Event: 0.641 Loaded shared library C:\Users\USER\.openjfx\cache\23.0.1+4\amd64\vcruntime140.dll
Event: 0.645 Loaded shared library C:\Users\USER\.openjfx\cache\23.0.1+4\amd64\vcruntime140_1.dll
Event: 0.660 Loaded shared library C:\Users\USER\.openjfx\cache\23.0.1+4\amd64\msvcp140.dll
Event: 0.666 Loaded shared library C:\Users\USER\.openjfx\cache\23.0.1+4\amd64\msvcp140_1.dll
Event: 0.677 Loaded shared library C:\Users\USER\.openjfx\cache\23.0.1+4\amd64\msvcp140_2.dll
Event: 0.747 Loaded shared library C:\Users\USER\.openjfx\cache\23.0.1+4\amd64\prism_d3d.dll
Event: 0.877 Loaded shared library C:\Users\USER\.openjfx\cache\23.0.1+4\amd64\glass.dll
Event: 1.044 Loaded shared library C:\Program Files\Java\jdk-21\bin\jimage.dll
Event: 1.411 Loaded shared library C:\Users\USER\.openjfx\cache\23.0.1+4\amd64\javafx_font.dll

Deoptimization events (20 events):
Event: 24.560 Thread 0x0000014f7962acf0 DEOPT PACKING pc=0x0000014f6a2c31b8 sp=0x0000002913efcc10
Event: 24.560 Thread 0x0000014f7962acf0 DEOPT UNPACKING pc=0x0000014f69bb7da2 sp=0x0000002913efca48 mode 2
Event: 25.263 Thread 0x0000014f7962acf0 Uncommon trap: trap_request=0xffffffbe fr.pc=0x0000014f6a347804 relative=0x0000000000002224
Event: 25.263 Thread 0x0000014f7962acf0 Uncommon trap: reason=profile_predicate action=maybe_recompile pc=0x0000014f6a347804 method=com.sun.prism.impl.ps.PaintHelper.setMultiGradient(Lcom/sun/prism/ps/Shader;Lcom/sun/prism/paint/Gradient;)V @ 24 c2
Event: 25.263 Thread 0x0000014f7962acf0 DEOPT PACKING pc=0x0000014f6a347804 sp=0x0000002913efcd70
Event: 25.263 Thread 0x0000014f7962acf0 DEOPT UNPACKING pc=0x0000014f69bb7da2 sp=0x0000002913efcbb8 mode 2
Event: 25.263 Thread 0x0000014f7962acf0 Uncommon trap: trap_request=0xffffffbe fr.pc=0x0000014f6a347804 relative=0x0000000000002224
Event: 25.263 Thread 0x0000014f7962acf0 Uncommon trap: reason=profile_predicate action=maybe_recompile pc=0x0000014f6a347804 method=com.sun.prism.impl.ps.PaintHelper.setMultiGradient(Lcom/sun/prism/ps/Shader;Lcom/sun/prism/paint/Gradient;)V @ 24 c2
Event: 25.263 Thread 0x0000014f7962acf0 DEOPT PACKING pc=0x0000014f6a347804 sp=0x0000002913efcd70
Event: 25.263 Thread 0x0000014f7962acf0 DEOPT UNPACKING pc=0x0000014f69bb7da2 sp=0x0000002913efcbb8 mode 2
Event: 25.263 Thread 0x0000014f7962acf0 Uncommon trap: trap_request=0xffffffbe fr.pc=0x0000014f6a347804 relative=0x0000000000002224
Event: 25.263 Thread 0x0000014f7962acf0 Uncommon trap: reason=profile_predicate action=maybe_recompile pc=0x0000014f6a347804 method=com.sun.prism.impl.ps.PaintHelper.setMultiGradient(Lcom/sun/prism/ps/Shader;Lcom/sun/prism/paint/Gradient;)V @ 24 c2
Event: 25.263 Thread 0x0000014f7962acf0 DEOPT PACKING pc=0x0000014f6a347804 sp=0x0000002913efcbd0
Event: 25.263 Thread 0x0000014f7962acf0 DEOPT UNPACKING pc=0x0000014f69bb7da2 sp=0x0000002913efca18 mode 2
Event: 25.263 Thread 0x0000014f7962acf0 Uncommon trap: trap_request=0xffffffbe fr.pc=0x0000014f6a347804 relative=0x0000000000002224
Event: 25.263 Thread 0x0000014f7962acf0 Uncommon trap: reason=profile_predicate action=maybe_recompile pc=0x0000014f6a347804 method=com.sun.prism.impl.ps.PaintHelper.setMultiGradient(Lcom/sun/prism/ps/Shader;Lcom/sun/prism/paint/Gradient;)V @ 24 c2
Event: 25.263 Thread 0x0000014f7962acf0 DEOPT PACKING pc=0x0000014f6a347804 sp=0x0000002913efcbd0
Event: 25.263 Thread 0x0000014f7962acf0 DEOPT UNPACKING pc=0x0000014f69bb7da2 sp=0x0000002913efca18 mode 2
Event: 27.265 Thread 0x0000014f7962acf0 DEOPT PACKING pc=0x0000014f62e956e1 sp=0x0000002913efced0
Event: 27.265 Thread 0x0000014f7962acf0 DEOPT UNPACKING pc=0x0000014f69bb88e2 sp=0x0000002913efc370 mode 0

Classes loaded (20 events):
Event: 3.366 Loading class sun/misc/Unsafe
Event: 3.366 Loading class sun/misc/Unsafe done
Event: 3.366 Loading class java/lang/invoke/DirectMethodHandle$StaticAccessor
Event: 3.367 Loading class java/lang/invoke/DirectMethodHandle$StaticAccessor done
Event: 3.462 Loading class java/lang/FdLibm$Atan2
Event: 3.462 Loading class java/lang/FdLibm$Atan2 done
Event: 3.574 Loading class jdk/internal/foreign/MemorySessionImpl
Event: 3.575 Loading class java/lang/foreign/MemorySegment$Scope
Event: 3.575 Loading class java/lang/foreign/MemorySegment$Scope done
Event: 3.575 Loading class jdk/internal/foreign/MemorySessionImpl done
Event: 6.749 Loading class java/util/EnumMap$Values
Event: 6.749 Loading class java/util/EnumMap$Values done
Event: 6.749 Loading class java/util/EnumMap$ValueIterator
Event: 6.749 Loading class java/util/EnumMap$EnumMapIterator
Event: 6.750 Loading class java/util/EnumMap$EnumMapIterator done
Event: 6.750 Loading class java/util/EnumMap$ValueIterator done
Event: 8.194 Loading class java/io/UnsupportedEncodingException
Event: 8.194 Loading class java/io/UnsupportedEncodingException done
Event: 17.036 Loading class java/lang/foreign/MemorySegment
Event: 17.036 Loading class java/lang/foreign/MemorySegment done

Classes unloaded (0 events):
No events

Classes redefined (0 events):
No events

Internal exceptions (20 events):
Event: 2.051 Thread 0x0000014f7984b0e0 Exception <a 'java/lang/NoSuchMethodError'{0x00000000c5008338}: 'java.lang.Object java.lang.invoke.DelegatingMethodHandle$Holder.reinvoke_L(java.lang.Object, double, double, double)'> (0x00000000c5008338) 
thrown [s\open\src\hotspot\share\interpreter\linkResolver.cpp, line 773]
Event: 2.184 Thread 0x0000014f7984b0e0 Exception <a 'java/io/FileNotFoundException'{0x00000000c4ef6330}> (0x00000000c4ef6330) 
thrown [s\open\src\hotspot\share\prims\jni.cpp, line 520]
Event: 2.247 Thread 0x0000014f7984b0e0 Exception <a 'java/lang/ClassNotFoundException'{0x00000000c4cc9320}: sun/util/logging/resources/spi/loggingProvider> (0x00000000c4cc9320) 
thrown [s\open\src\hotspot\share\classfile\systemDictionary.cpp, line 312]
Event: 2.292 Thread 0x0000014f7984b0e0 Implicit null exception at 0x0000014f6a155466 to 0x0000014f6a15550a
Event: 2.580 Thread 0x0000014f7984b0e0 Exception <a 'java/lang/NoSuchMethodError'{0x00000000c69939f0}: 'java.lang.Object java.lang.invoke.DirectMethodHandle$Holder.invokeInterface(java.lang.Object, java.lang.Object, java.lang.Object)'> (0x00000000c69939f0) 
thrown [s\open\src\hotspot\share\interpreter\linkResolver.cpp, line 773]
Event: 2.580 Thread 0x0000014f7984b0e0 Exception <a 'java/lang/IncompatibleClassChangeError'{0x00000000c69970a8}: Found class java.lang.Object, but interface was expected> (0x00000000c69970a8) 
thrown [s\open\src\hotspot\share\interpreter\linkResolver.cpp, line 840]
Event: 2.633 Thread 0x0000014f7984b0e0 Exception <a 'java/lang/ClassNotFoundException'{0x00000000c6663e38}: com/sun/javafx/scene/control/skin/resources/controls> (0x00000000c6663e38) 
thrown [s\open\src\hotspot\share\prims\jni.cpp, line 539]
Event: 2.634 Thread 0x0000014f7984b0e0 Exception <a 'java/lang/ClassNotFoundException'{0x00000000c6672038}: com/sun/javafx/scene/control/skin/resources/controls_en> (0x00000000c6672038) 
thrown [s\open\src\hotspot\share\prims\jni.cpp, line 539]
Event: 2.634 Thread 0x0000014f7984b0e0 Exception <a 'java/lang/ClassNotFoundException'{0x00000000c6673888}: com/sun/javafx/scene/control/skin/resources/controls_en_ID> (0x00000000c6673888) 
thrown [s\open\src\hotspot\share\prims\jni.cpp, line 539]
Event: 2.661 Thread 0x0000014f7984b0e0 Exception <a 'java/lang/NoSuchMethodError'{0x00000000c648c778}: 'void java.lang.invoke.DirectMethodHandle$Holder.invokeSpecial(java.lang.Object, java.lang.Object, java.lang.Object, java.lang.Object, java.lang.Object, java.lang.Object)'> (0x00000000c648c778) 
thrown [s\open\src\hotspot\share\interpreter\linkResolver.cpp, line 773]
Event: 2.925 Thread 0x0000014f7984b0e0 Exception <a 'java/lang/NoSuchMethodError'{0x00000000c5b872f8}: 'int java.lang.invoke.DirectMethodHandle$Holder.invokeSpecial(java.lang.Object, java.lang.Object, int)'> (0x00000000c5b872f8) 
thrown [s\open\src\hotspot\share\interpreter\linkResolver.cpp, line 773]
Event: 3.004 Thread 0x0000014f7984b0e0 Exception <a 'java/lang/NoSuchMethodError'{0x00000000c5a6fc58}: 'java.lang.Object java.lang.invoke.DirectMethodHandle$Holder.newInvokeSpecial(java.lang.Object, java.lang.Object, int)'> (0x00000000c5a6fc58) 
thrown [s\open\src\hotspot\share\interpreter\linkResolver.cpp, line 773]
Event: 3.279 Thread 0x0000014f7962acf0 Exception <a 'java/lang/NoSuchMethodError'{0x00000000c599d268}: 'int java.lang.invoke.DirectMethodHandle$Holder.invokeStaticInit(java.lang.Object, java.lang.Object)'> (0x00000000c599d268) 
thrown [s\open\src\hotspot\share\interpreter\linkResolver.cpp, line 773]
Event: 3.311 Thread 0x0000014f7962acf0 Exception <a 'java/lang/NoSuchMethodError'{0x00000000c58799d0}: 'java.lang.Object java.lang.invoke.DirectMethodHandle$Holder.invokeStaticInit(java.lang.Object, int)'> (0x00000000c58799d0) 
thrown [s\open\src\hotspot\share\interpreter\linkResolver.cpp, line 773]
Event: 8.205 Thread 0x0000014f7984b0e0 Exception <a 'java/lang/NoSuchMethodError'{0x00000000c6da3840}: 'void java.lang.invoke.DirectMethodHandle$Holder.invokeVirtual(java.lang.Object, java.lang.Object)'> (0x00000000c6da3840) 
thrown [s\open\src\hotspot\share\interpreter\linkResolver.cpp, line 773]
Event: 8.207 Thread 0x0000014f7984b0e0 Exception <a 'java/lang/NoSuchMethodError'{0x00000000c6dcba10}: 'long java.lang.invoke.DirectMethodHandle$Holder.invokeStatic(java.lang.Object, java.lang.Object, java.lang.Object)'> (0x00000000c6dcba10) 
thrown [s\open\src\hotspot\share\interpreter\linkResolver.cpp, line 773]
Event: 8.207 Thread 0x0000014f7984b0e0 Exception <a 'java/lang/NoSuchMethodError'{0x00000000c6dcedf0}: 'long java.lang.invoke.DirectMethodHandle$Holder.invokeStaticInit(java.lang.Object, java.lang.Object, java.lang.Object)'> (0x00000000c6dcedf0) 
thrown [s\open\src\hotspot\share\interpreter\linkResolver.cpp, line 773]
Event: 8.209 Thread 0x0000014f7984b0e0 Exception <a 'java/lang/NoSuchMethodError'{0x00000000c6de3488}: 'java.lang.Object java.lang.invoke.DirectMethodHandle$Holder.newInvokeSpecial(java.lang.Object, java.lang.Object, long)'> (0x00000000c6de3488) 
thrown [s\open\src\hotspot\share\interpreter\linkResolver.cpp, line 773]
Event: 8.209 Thread 0x0000014f7984b0e0 Exception <a 'java/lang/NoSuchMethodError'{0x00000000c6de6d90}: 'java.lang.Object java.lang.invoke.Invokers$Holder.linkToTargetMethod(java.lang.Object, long, java.lang.Object)'> (0x00000000c6de6d90) 
thrown [s\open\src\hotspot\share\interpreter\linkResolver.cpp, line 773]
Event: 24.560 Thread 0x0000014f7962acf0 Implicit null exception at 0x0000014f6a2c1b46 to 0x0000014f6a2c3194

ZGC Phase Switch (0 events):
No events

VM Operations (20 events):
Event: 18.392 Executing VM operation: Cleanup
Event: 18.392 Executing VM operation: Cleanup done
Event: 19.393 Executing VM operation: Cleanup
Event: 19.393 Executing VM operation: Cleanup done
Event: 20.394 Executing VM operation: Cleanup
Event: 20.394 Executing VM operation: Cleanup done
Event: 21.394 Executing VM operation: Cleanup
Event: 21.394 Executing VM operation: Cleanup done
Event: 22.395 Executing VM operation: Cleanup
Event: 22.395 Executing VM operation: Cleanup done
Event: 23.029 Executing VM operation: G1CollectForAllocation (G1 Evacuation Pause)
Event: 23.036 Executing VM operation: G1CollectForAllocation (G1 Evacuation Pause) done
Event: 25.036 Executing VM operation: Cleanup
Event: 25.036 Executing VM operation: Cleanup done
Event: 26.037 Executing VM operation: Cleanup
Event: 26.037 Executing VM operation: Cleanup done
Event: 27.038 Executing VM operation: Cleanup
Event: 27.038 Executing VM operation: Cleanup done
Event: 28.039 Executing VM operation: Cleanup
Event: 28.039 Executing VM operation: Cleanup done

Events (18 events):
Event: 0.039 Thread 0x0000014f5a1b5810 Thread added: 0x0000014f5a1b5810
Event: 0.060 Thread 0x0000014f74dae720 Thread added: 0x0000014f74dae720
Event: 0.061 Thread 0x0000014f74daf8d0 Thread added: 0x0000014f74daf8d0
Event: 0.064 Thread 0x0000014f74db3590 Thread added: 0x0000014f74db3590
Event: 0.064 Thread 0x0000014f74db7070 Thread added: 0x0000014f74db7070
Event: 0.064 Thread 0x0000014f74db7f10 Thread added: 0x0000014f74db7f10
Event: 0.064 Thread 0x0000014f74dba110 Thread added: 0x0000014f74dba110
Event: 0.064 Thread 0x0000014f74dbae90 Thread added: 0x0000014f74dbae90
Event: 0.065 Thread 0x0000014f74dbecc0 Thread added: 0x0000014f74dbecc0
Event: 0.228 Thread 0x0000014f5a252500 Thread added: 0x0000014f5a252500
Event: 0.355 Thread 0x0000014f7915fc20 Thread added: 0x0000014f7915fc20
Event: 0.724 Thread 0x0000014f7962acf0 Thread added: 0x0000014f7962acf0
Event: 0.880 Thread 0x0000014f7981de10 Thread added: 0x0000014f7981de10
Event: 0.882 Thread 0x0000014f7984b0e0 Thread added: 0x0000014f7984b0e0
Event: 1.025 Thread 0x0000014f79acc4a0 Thread added: 0x0000014f79acc4a0
Event: 1.037 Thread 0x0000014f79b78040 Thread added: 0x0000014f79b78040
Event: 1.640 Thread 0x0000014f41045260 Thread added: 0x0000014f41045260
Event: 3.360 Thread 0x0000014f4153ea80 Thread added: 0x0000014f4153ea80


Dynamic libraries:
0x00007ff768ea0000 - 0x00007ff768eb0000 	C:\Program Files\Java\jdk-21\bin\java.exe
0x00007ff96b050000 - 0x00007ff96b267000 	C:\WINDOWS\SYSTEM32\ntdll.dll
0x00007ff969890000 - 0x00007ff969954000 	C:\WINDOWS\System32\KERNEL32.DLL
0x00007ff968710000 - 0x00007ff968aca000 	C:\WINDOWS\System32\KERNELBASE.dll
0x00007ff968360000 - 0x00007ff968471000 	C:\WINDOWS\System32\ucrtbase.dll
0x00007ff95edc0000 - 0x00007ff95eddb000 	C:\Program Files\Java\jdk-21\bin\VCRUNTIME140.dll
0x00007ff9621d0000 - 0x00007ff9621e9000 	C:\Program Files\Java\jdk-21\bin\jli.dll
0x00007ff969660000 - 0x00007ff969712000 	C:\WINDOWS\System32\ADVAPI32.dll
0x00007ff96a5a0000 - 0x00007ff96a647000 	C:\WINDOWS\System32\msvcrt.dll
0x00007ff969720000 - 0x00007ff9697c7000 	C:\WINDOWS\System32\sechost.dll
0x00007ff968330000 - 0x00007ff968358000 	C:\WINDOWS\System32\bcrypt.dll
0x00007ff969960000 - 0x00007ff969a74000 	C:\WINDOWS\System32\RPCRT4.dll
0x00007ff969a80000 - 0x00007ff969c2e000 	C:\WINDOWS\System32\USER32.dll
0x00007ff9685c0000 - 0x00007ff9685e6000 	C:\WINDOWS\System32\win32u.dll
0x00007ff969c30000 - 0x00007ff969c59000 	C:\WINDOWS\System32\GDI32.dll
0x00007ff9685f0000 - 0x00007ff96870b000 	C:\WINDOWS\System32\gdi32full.dll
0x00007ff968ad0000 - 0x00007ff968b6a000 	C:\WINDOWS\System32\msvcp_win.dll
0x00007ff9528c0000 - 0x00007ff952b52000 	C:\WINDOWS\WinSxS\amd64_microsoft.windows.common-controls_6595b64144ccf1df_6.0.22621.4541_none_2710d1c57384c085\COMCTL32.dll
0x00007ff95e490000 - 0x00007ff95e49a000 	C:\WINDOWS\SYSTEM32\VERSION.dll
0x00007ff969840000 - 0x00007ff969871000 	C:\WINDOWS\System32\IMM32.DLL
0x00007ff960890000 - 0x00007ff96089c000 	C:\Program Files\Java\jdk-21\bin\vcruntime140_1.dll
0x00007ff940e60000 - 0x00007ff940eee000 	C:\Program Files\Java\jdk-21\bin\msvcp140.dll
0x00007ff904a40000 - 0x00007ff905758000 	C:\Program Files\Java\jdk-21\bin\server\jvm.dll
0x00007ff96ab10000 - 0x00007ff96ab81000 	C:\WINDOWS\System32\WS2_32.dll
0x00007ff95e910000 - 0x00007ff95e944000 	C:\WINDOWS\SYSTEM32\WINMM.dll
0x00007ff968200000 - 0x00007ff96824d000 	C:\WINDOWS\SYSTEM32\POWRPROF.dll
0x00007ff9681e0000 - 0x00007ff9681f3000 	C:\WINDOWS\SYSTEM32\UMPDC.dll
0x00007ff967370000 - 0x00007ff967388000 	C:\WINDOWS\SYSTEM32\kernel.appcore.dll
0x00007ff95b950000 - 0x00007ff95b95a000 	C:\Program Files\Java\jdk-21\bin\jimage.dll
0x00007ff965bc0000 - 0x00007ff965df2000 	C:\WINDOWS\SYSTEM32\DBGHELP.DLL
0x00007ff96a210000 - 0x00007ff96a59f000 	C:\WINDOWS\System32\combase.dll
0x00007ff96a650000 - 0x00007ff96a727000 	C:\WINDOWS\System32\OLEAUT32.dll
0x00007ff949bb0000 - 0x00007ff949be2000 	C:\WINDOWS\SYSTEM32\dbgcore.DLL
0x00007ff968480000 - 0x00007ff9684fb000 	C:\WINDOWS\System32\bcryptPrimitives.dll
0x00007ff95eda0000 - 0x00007ff95edbf000 	C:\Program Files\Java\jdk-21\bin\java.dll
0x00007ff968d60000 - 0x00007ff9695d8000 	C:\WINDOWS\System32\SHELL32.dll
0x00007ff966270000 - 0x00007ff966b78000 	C:\WINDOWS\SYSTEM32\windows.storage.dll
0x00007ff966130000 - 0x00007ff96626f000 	C:\WINDOWS\SYSTEM32\wintypes.dll
0x00007ff96ae60000 - 0x00007ff96af5a000 	C:\WINDOWS\System32\SHCORE.dll
0x00007ff96ae00000 - 0x00007ff96ae5e000 	C:\WINDOWS\System32\shlwapi.dll
0x00007ff968260000 - 0x00007ff96828b000 	C:\WINDOWS\SYSTEM32\profapi.dll
0x00007ff940830000 - 0x00007ff940907000 	C:\Program Files\Java\jdk-21\bin\jsvml.dll
0x00007ff95b1a0000 - 0x00007ff95b1b0000 	C:\Program Files\Java\jdk-21\bin\net.dll
0x00007ff961b00000 - 0x00007ff961c36000 	C:\WINDOWS\SYSTEM32\WINHTTP.dll
0x00007ff9677f0000 - 0x00007ff967859000 	C:\WINDOWS\system32\mswsock.dll
0x00007ff9532c0000 - 0x00007ff9532d6000 	C:\Program Files\Java\jdk-21\bin\nio.dll
0x00007ff9520e0000 - 0x00007ff9520f8000 	C:\Program Files\Java\jdk-21\bin\zip.dll
0x0000014f5a120000 - 0x0000014f5a123000 	C:\Users\USER\.openjfx\cache\23.0.1+4\amd64\api-ms-win-core-console-l1-1-0.dll
0x0000014f5a130000 - 0x0000014f5a133000 	C:\Users\USER\.openjfx\cache\23.0.1+4\amd64\api-ms-win-core-console-l1-2-0.dll
0x0000014f5a140000 - 0x0000014f5a143000 	C:\Users\USER\.openjfx\cache\23.0.1+4\amd64\api-ms-win-core-datetime-l1-1-0.dll
0x0000014f5a150000 - 0x0000014f5a153000 	C:\Users\USER\.openjfx\cache\23.0.1+4\amd64\api-ms-win-core-debug-l1-1-0.dll
0x0000014f5a160000 - 0x0000014f5a163000 	C:\Users\USER\.openjfx\cache\23.0.1+4\amd64\api-ms-win-core-errorhandling-l1-1-0.dll
0x0000014f74f80000 - 0x0000014f74f84000 	C:\Users\USER\.openjfx\cache\23.0.1+4\amd64\api-ms-win-core-file-l1-1-0.dll
0x0000014f74f90000 - 0x0000014f74f93000 	C:\Users\USER\.openjfx\cache\23.0.1+4\amd64\api-ms-win-core-file-l1-2-0.dll
0x0000014f74fa0000 - 0x0000014f74fa3000 	C:\Users\USER\.openjfx\cache\23.0.1+4\amd64\api-ms-win-core-file-l2-1-0.dll
0x0000014f74fb0000 - 0x0000014f74fb3000 	C:\Users\USER\.openjfx\cache\23.0.1+4\amd64\api-ms-win-core-handle-l1-1-0.dll
0x0000014f74fc0000 - 0x0000014f74fc3000 	C:\Users\USER\.openjfx\cache\23.0.1+4\amd64\api-ms-win-core-heap-l1-1-0.dll
0x0000014f74fd0000 - 0x0000014f74fd3000 	C:\Users\USER\.openjfx\cache\23.0.1+4\amd64\api-ms-win-core-interlocked-l1-1-0.dll
0x0000014f74fe0000 - 0x0000014f74fe3000 	C:\Users\USER\.openjfx\cache\23.0.1+4\amd64\api-ms-win-core-libraryloader-l1-1-0.dll
0x0000014f74ff0000 - 0x0000014f74ff3000 	C:\Users\USER\.openjfx\cache\23.0.1+4\amd64\api-ms-win-core-localization-l1-2-0.dll
0x0000014f79c00000 - 0x0000014f79c03000 	C:\Users\USER\.openjfx\cache\23.0.1+4\amd64\api-ms-win-core-memory-l1-1-0.dll
0x0000014f79c10000 - 0x0000014f79c13000 	C:\Users\USER\.openjfx\cache\23.0.1+4\amd64\api-ms-win-core-namedpipe-l1-1-0.dll
0x0000014f79c20000 - 0x0000014f79c23000 	C:\Users\USER\.openjfx\cache\23.0.1+4\amd64\api-ms-win-core-processenvironment-l1-1-0.dll
0x0000014f79c30000 - 0x0000014f79c33000 	C:\Users\USER\.openjfx\cache\23.0.1+4\amd64\api-ms-win-core-processthreads-l1-1-0.dll
0x0000014f79c40000 - 0x0000014f79c43000 	C:\Users\USER\.openjfx\cache\23.0.1+4\amd64\api-ms-win-core-processthreads-l1-1-1.dll
0x0000014f79c50000 - 0x0000014f79c53000 	C:\Users\USER\.openjfx\cache\23.0.1+4\amd64\api-ms-win-core-profile-l1-1-0.dll
0x0000014f79c60000 - 0x0000014f79c63000 	C:\Users\USER\.openjfx\cache\23.0.1+4\amd64\api-ms-win-core-rtlsupport-l1-1-0.dll
0x0000014f79c70000 - 0x0000014f79c73000 	C:\Users\USER\.openjfx\cache\23.0.1+4\amd64\api-ms-win-core-string-l1-1-0.dll
0x0000014f79c80000 - 0x0000014f79c83000 	C:\Users\USER\.openjfx\cache\23.0.1+4\amd64\api-ms-win-core-synch-l1-1-0.dll
0x0000014f79c90000 - 0x0000014f79c93000 	C:\Users\USER\.openjfx\cache\23.0.1+4\amd64\api-ms-win-core-synch-l1-2-0.dll
0x0000014f79ca0000 - 0x0000014f79ca3000 	C:\Users\USER\.openjfx\cache\23.0.1+4\amd64\api-ms-win-core-sysinfo-l1-1-0.dll
0x0000014f79cb0000 - 0x0000014f79cb3000 	C:\Users\USER\.openjfx\cache\23.0.1+4\amd64\api-ms-win-core-timezone-l1-1-0.dll
0x0000014f79cc0000 - 0x0000014f79cc3000 	C:\Users\USER\.openjfx\cache\23.0.1+4\amd64\api-ms-win-core-util-l1-1-0.dll
0x0000014f79cd0000 - 0x0000014f79cd3000 	C:\Users\USER\.openjfx\cache\23.0.1+4\amd64\api-ms-win-crt-conio-l1-1-0.dll
0x0000014f79ce0000 - 0x0000014f79ce4000 	C:\Users\USER\.openjfx\cache\23.0.1+4\amd64\api-ms-win-crt-convert-l1-1-0.dll
0x0000014f79cf0000 - 0x0000014f79cf3000 	C:\Users\USER\.openjfx\cache\23.0.1+4\amd64\api-ms-win-crt-environment-l1-1-0.dll
0x0000014f79d00000 - 0x0000014f79d03000 	C:\Users\USER\.openjfx\cache\23.0.1+4\amd64\api-ms-win-crt-filesystem-l1-1-0.dll
0x0000014f79d10000 - 0x0000014f79d13000 	C:\Users\USER\.openjfx\cache\23.0.1+4\amd64\api-ms-win-crt-heap-l1-1-0.dll
0x0000014f79d20000 - 0x0000014f79d23000 	C:\Users\USER\.openjfx\cache\23.0.1+4\amd64\api-ms-win-crt-locale-l1-1-0.dll
0x0000014f79d30000 - 0x0000014f79d35000 	C:\Users\USER\.openjfx\cache\23.0.1+4\amd64\api-ms-win-crt-math-l1-1-0.dll
0x0000014f79d40000 - 0x0000014f79d45000 	C:\Users\USER\.openjfx\cache\23.0.1+4\amd64\api-ms-win-crt-multibyte-l1-1-0.dll
0x0000014f79d50000 - 0x0000014f79d60000 	C:\Users\USER\.openjfx\cache\23.0.1+4\amd64\api-ms-win-crt-private-l1-1-0.dll
0x0000014f79d60000 - 0x0000014f79d63000 	C:\Users\USER\.openjfx\cache\23.0.1+4\amd64\api-ms-win-crt-process-l1-1-0.dll
0x0000014f79d70000 - 0x0000014f79d74000 	C:\Users\USER\.openjfx\cache\23.0.1+4\amd64\api-ms-win-crt-runtime-l1-1-0.dll
0x0000014f79d80000 - 0x0000014f79d84000 	C:\Users\USER\.openjfx\cache\23.0.1+4\amd64\api-ms-win-crt-stdio-l1-1-0.dll
0x0000014f79d90000 - 0x0000014f79d94000 	C:\Users\USER\.openjfx\cache\23.0.1+4\amd64\api-ms-win-crt-string-l1-1-0.dll
0x0000014f79da0000 - 0x0000014f79da3000 	C:\Users\USER\.openjfx\cache\23.0.1+4\amd64\api-ms-win-crt-time-l1-1-0.dll
0x0000014f79db0000 - 0x0000014f79db3000 	C:\Users\USER\.openjfx\cache\23.0.1+4\amd64\api-ms-win-crt-utility-l1-1-0.dll
0x00007ff941380000 - 0x00007ff94147c000 	C:\Users\USER\.openjfx\cache\23.0.1+4\amd64\ucrtbase.dll
0x00007ff9621b0000 - 0x00007ff9621cb000 	C:\Users\USER\.openjfx\cache\23.0.1+4\amd64\vcruntime140.dll
0x00007ff9621a0000 - 0x00007ff9621ac000 	C:\Users\USER\.openjfx\cache\23.0.1+4\amd64\vcruntime140_1.dll
0x00007ff9512d0000 - 0x00007ff95135e000 	C:\Users\USER\.openjfx\cache\23.0.1+4\amd64\msvcp140.dll
0x00007ff962190000 - 0x00007ff962199000 	C:\Users\USER\.openjfx\cache\23.0.1+4\amd64\msvcp140_1.dll
0x00007ff949aa0000 - 0x00007ff949ae1000 	C:\Users\USER\.openjfx\cache\23.0.1+4\amd64\msvcp140_2.dll
0x00007ff949330000 - 0x00007ff949360000 	C:\Users\USER\.openjfx\cache\23.0.1+4\amd64\prism_d3d.dll
0x00007ff8f2c70000 - 0x00007ff8f2e18000 	C:\WINDOWS\system32\d3d9.dll
0x00007ff965600000 - 0x00007ff96562b000 	C:\WINDOWS\SYSTEM32\dwmapi.dll
0x00007ff965490000 - 0x00007ff9654c7000 	C:\WINDOWS\SYSTEM32\dxcore.dll
0x00007ff965370000 - 0x00007ff965421000 	C:\WINDOWS\system32\uxtheme.dll
0x00007ff941110000 - 0x00007ff94137f000 	C:\WINDOWS\System32\DriverStore\FileRepository\iigd_dch.inf_amd64_03e2a5c7c3b3fa7c\igdumdim64.dll
0x00007ff96a960000 - 0x00007ff96ab05000 	C:\WINDOWS\System32\ole32.dll
0x00007ff90fe00000 - 0x00007ff911323000 	C:\WINDOWS\System32\DriverStore\FileRepository\iigd_dch.inf_amd64_03e2a5c7c3b3fa7c\igd9dxva64.dll
0x00007ff969d90000 - 0x00007ff96a204000 	C:\WINDOWS\System32\SETUPAPI.dll
0x00007ff967f30000 - 0x00007ff967f7e000 	C:\WINDOWS\SYSTEM32\cfgmgr32.dll
0x00007ff902070000 - 0x00007ff903d9b000 	C:\WINDOWS\System32\DriverStore\FileRepository\iigd_dch.inf_amd64_03e2a5c7c3b3fa7c\media_bin_64.dll
0x00007ff95c470000 - 0x00007ff95c8af000 	C:\WINDOWS\System32\DriverStore\FileRepository\iigd_dch.inf_amd64_03e2a5c7c3b3fa7c\igdgmm64.dll
0x00007ff961ab0000 - 0x00007ff961af9000 	C:\WINDOWS\SYSTEM32\directxdatabasehelper.dll
0x00007ff948710000 - 0x00007ff948755000 	C:\Users\USER\.openjfx\cache\23.0.1+4\amd64\glass.dll
0x00007ff969c90000 - 0x00007ff969d90000 	C:\WINDOWS\System32\COMDLG32.dll
0x00007ff96aba0000 - 0x00007ff96ad01000 	C:\WINDOWS\System32\MSCTF.dll
0x00007ff917400000 - 0x00007ff917427000 	C:\WINDOWS\System32\DriverStore\FileRepository\iigd_dch.inf_amd64_03e2a5c7c3b3fa7c\igdinfo64.dll
0x00007ff967a40000 - 0x00007ff967a5b000 	C:\WINDOWS\SYSTEM32\CRYPTSP.dll
0x00007ff9672d0000 - 0x00007ff967305000 	C:\WINDOWS\system32\rsaenh.dll
0x00007ff967a60000 - 0x00007ff967a6c000 	C:\WINDOWS\SYSTEM32\CRYPTBASE.dll
0x00007ff95c380000 - 0x00007ff95c3a4000 	C:\WINDOWS\System32\DriverStore\FileRepository\iigd_dch.inf_amd64_03e2a5c7c3b3fa7c\igc64.dll
0x00007ff9534e0000 - 0x00007ff957c4b000 	C:\WINDOWS\System32\DriverStore\FileRepository\iigd_dch.inf_amd64_03e2a5c7c3b3fa7c\igc1464.dll
0x00007ff96af60000 - 0x00007ff96b010000 	C:\WINDOWS\System32\clbcatq.dll
0x00007ff95b4a0000 - 0x00007ff95b61d000 	C:\Windows\System32\Windows.UI.dll
0x00007ff959ad0000 - 0x00007ff959c45000 	C:\Windows\System32\Windows.UI.Immersive.dll
0x00007ff949310000 - 0x00007ff949325000 	C:\Users\USER\.openjfx\cache\23.0.1+4\amd64\javafx_font.dll
0x00007ff962ac0000 - 0x00007ff962d33000 	C:\WINDOWS\SYSTEM32\dwrite.dll
0x00007ff965190000 - 0x00007ff965340000 	C:\WINDOWS\SYSTEM32\WindowsCodecs.dll
0x00007ff936170000 - 0x00007ff9361ce000 	C:\WINDOWS\system32\dataexchange.dll
0x00007ff9601d0000 - 0x00007ff960474000 	C:\WINDOWS\system32\twinapi.appcore.dll
0x00007ff941850000 - 0x00007ff941882000 	C:\Program Files\Common Files\Microsoft Shared\Ink\rtscom.dll
0x00007ff958690000 - 0x00007ff9587d5000 	C:\WINDOWS\SYSTEM32\textinputframework.dll
0x00007ff963d20000 - 0x00007ff963e53000 	C:\WINDOWS\SYSTEM32\CoreMessaging.dll
0x00007ff9614a0000 - 0x00007ff96180d000 	C:\WINDOWS\SYSTEM32\CoreUIComponents.dll

dbghelp: loaded successfully - version: 4.0.5 - missing functions: none
symbol engine: initialized successfully - sym options: 0x614 - pdb path: .;C:\Program Files\Java\jdk-21\bin;C:\WINDOWS\SYSTEM32;C:\WINDOWS\WinSxS\amd64_microsoft.windows.common-controls_6595b64144ccf1df_6.0.22621.4541_none_2710d1c57384c085;C:\Program Files\Java\jdk-21\bin\server;C:\Users\USER\.openjfx\cache\23.0.1+4\amd64;C:\WINDOWS\System32\DriverStore\FileRepository\iigd_dch.inf_amd64_03e2a5c7c3b3fa7c;C:\Program Files\Common Files\Microsoft Shared\Ink;C:\WINDOWS\WinSxS\amd64_microsoft.windows.gdiplus_6595b64144ccf1df_1.1.22621.4541_none_57fbc4aace173a53;C:\Windows\Microsoft.NET\Framework64\v4.0.30319;C:\WINDOWS\assembly\NativeImages_v4.0.30319_64\mscorlib\9a860ac99a94a0422dc04d0dd9b0e341;C:\Users\USER\AppData\Local\Microsoft\OneDrive\24.226.1110.0004

VM Arguments:
jvm_args: --module-path=C:\Users\USER\.m2\repository\org\openjfx\javafx-base\23.0.1\javafx-base-23.0.1-win.jar;C:\Users\USER\.m2\repository\org\openjfx\javafx-base\23.0.1\javafx-base-23.0.1.jar;C:\Users\USER\.m2\repository\org\openjfx\javafx-controls\23.0.1\javafx-controls-23.0.1-win.jar;C:\Users\USER\.m2\repository\org\openjfx\javafx-controls\23.0.1\javafx-controls-23.0.1.jar;C:\Users\USER\.m2\repository\org\openjfx\javafx-fxml\23.0.1\javafx-fxml-23.0.1-win.jar;C:\Users\USER\.m2\repository\org\openjfx\javafx-fxml\23.0.1\javafx-fxml-23.0.1.jar;C:\Users\USER\.m2\repository\org\openjfx\javafx-graphics\23.0.1\javafx-graphics-23.0.1-win.jar;C:\Users\USER\.m2\repository\org\openjfx\javafx-graphics\23.0.1\javafx-graphics-23.0.1.jar --add-modules=javafx.base,javafx.controls,javafx.fxml,javafx.graphics 
java_command: com.mycompany.java_farm.mainUi
java_class_path (initial): D:\FILE MEEEEE\SEMESTER 3\PBO\Java_farm\Java_farm\target\classes;C:\Users\USER\.m2\repository\au\com\dius\pact\core\pactbroker\4.6.15\pactbroker-4.6.15.jar;C:\Users\USER\.m2\repository\au\com\dius\pact\core\support\4.6.15\support-4.6.15.jar;C:\Users\USER\.m2\repository\com\github\mifmif\generex\1.0.2\generex-1.0.2.jar;C:\Users\USER\.m2\repository\com\google\code\findbugs\jsr305\3.0.2\jsr305-3.0.2.jar;C:\Users\USER\.m2\repository\com\google\errorprone\error_prone_annotations\2.11.0\error_prone_annotations-2.11.0.jar;C:\Users\USER\.m2\repository\com\google\guava\failureaccess\1.0.1\failureaccess-1.0.1.jar;C:\Users\USER\.m2\repository\com\google\guava\guava\31.1-jre\guava-31.1-jre.jar;C:\Users\USER\.m2\repository\com\google\guava\listenablefuture\9999.0-empty-to-avoid-conflict-with-guava\listenablefuture-9999.0-empty-to-avoid-conflict-with-guava.jar;C:\Users\USER\.m2\repository\com\google\j2objc\j2objc-annotations\1.3\j2objc-annotations-1.3.jar;C:\Users\USER\.m2\repository\com\google\protobuf\protobuf-java\3.21.9\protobuf-java-3.21.9.jar;C:\Users\USER\.m2\repository\com\mysql\mysql-connector-j\8.0.33\mysql-connector-j-8.0.33.jar;C:\Users\USER\.m2\repository\commons-codec\commons-codec\1.15\commons-codec-1.15.jar;C:\Users\USER\.m2\repository\dk\brics\automaton\automaton\1.11-8\automaton-1.11-8.jar;C:\Users\USER\.m2\repository\io\github\oshai\kotlin-logging-jvm\5.1.4\kotlin-logging-jvm-5.1.4.jar;C:\Users\USER\.m2\repository\org\apache\commons\commons-lang3\3.12.0\commons-lang3-3.12.0.jar;C:\Users\USER\.m2\repository\org\apache\commons\commons-text\1.10.0\commons-text-1.10.0.jar;C:\Users\USER\.m2\repository\org\apache\httpcomponents\client5\httpclient5\5.3.1\httpclient5-5.3.1.jar;C:\Users\USER\.m2\repository\org\apache\httpcomponents\client5\httpclient5-fluent\5.3.1\httpclient5-fluent-5.3.1.jar;C:\Users\USER\.m2\repository\org\apache\httpcomponents\core5\httpcore5\5.2.4\httpcore5-5.2.4.jar;C:\Users\USER\.m2\repository\org\apache\httpcomponents\core5\httpcore5-h2\5.2.4\httpcore5-h2-5.2.4.jar;C:\Users\USER\.m2\repository\org\checkerframework\checker-qual\3.12.0\checker-qual-3.12.0.jar;C:\Users\USER\.m2\repository\org\jetbrains\annotations\13.0\annotations-13.0.jar;C:\Users\USER\.m2\repository\org\jetbrains\kotlin\kotlin-reflect\1.8.22\kotlin-reflect-1.8.22.jar;C:\Users\USER\.m2\repository\org\jetbrains\kotlin\kotlin-stdlib\1.8.22\kotlin-stdlib-1.8.22.jar;C:\Users\USER\.m2\repository\org\jetbrains\kotlin\kotlin-stdlib-common\1.8.22\kotlin-stdlib-common-1.8.22.jar;C:\Users\USER\.m2\repository\org\jetbrains\kotlin\kotlin-stdlib-jdk7\1.8.22\kotlin-stdlib-jdk7-1.8.22.jar;C:\Users\USER\.m2\repository\org\jetbrains\kotlin\kotlin-stdlib-jdk8\1.8.22\kotlin-stdlib-jdk8-1.8.22.jar;C:\Users\USER\.m2\repository\org\slf4j\slf4j-api\1.7.36\slf4j-api-1.7.36.jar
Launcher Type: SUN_STANDARD

[Global flags]
     intx CICompilerCount                          = 3                                         {product} {ergonomic}
     uint ConcGCThreads                            = 1                                         {product} {ergonomic}
     uint G1ConcRefinementThreads                  = 4                                         {product} {ergonomic}
   size_t G1HeapRegionSize                         = 1048576                                   {product} {ergonomic}
    uintx GCDrainStackTargetSize                   = 64                                        {product} {ergonomic}
   size_t InitialHeapSize                          = 65011712                                  {product} {ergonomic}
   size_t MarkStackSize                            = 4194304                                   {product} {ergonomic}
   size_t MaxHeapSize                              = 1021313024                                {product} {ergonomic}
   size_t MaxNewSize                               = 612368384                                 {product} {ergonomic}
   size_t MinHeapDeltaBytes                        = 1048576                                   {product} {ergonomic}
   size_t MinHeapSize                              = 8388608                                   {product} {ergonomic}
    uintx NonNMethodCodeHeapSize                   = 5832780                                {pd product} {ergonomic}
    uintx NonProfiledCodeHeapSize                  = 122912730                              {pd product} {ergonomic}
    uintx ProfiledCodeHeapSize                     = 122912730                              {pd product} {ergonomic}
    uintx ReservedCodeCacheSize                    = 251658240                              {pd product} {ergonomic}
     bool SegmentedCodeCache                       = true                                      {product} {ergonomic}
   size_t SoftMaxHeapSize                          = 1021313024                             {manageable} {ergonomic}
     bool UseCompressedOops                        = true                           {product lp64_product} {ergonomic}
     bool UseG1GC                                  = true                                      {product} {ergonomic}
     bool UseLargePagesIndividualAllocation        = false                                  {pd product} {ergonomic}

Logging:
Log output configuration:
 #0: stdout all=warning uptime,level,tags foldmultilines=false
 #1: stderr all=off uptime,level,tags foldmultilines=false

Environment Variables:
JAVA_HOME=C:\Program Files\Java\jdk-21
PATH=C:\Program Files\Common Files\Oracle\Java\javapath;C:\WINDOWS\system32;C:\WINDOWS;C:\WINDOWS\System32\Wbem;C:\WINDOWS\System32\WindowsPowerShell\v1.0\;C:\WINDOWS\System32\OpenSSH\;C:\MinGW\bin;C:\Program Files\dotnet\;C:\Program Files\MySQL\MySQL Server 8.0\bin;C:\xampp\php;C:\Program Files\MATLAB\R2024b\bin;C:\Program Files\Java\jdk-23\bin;C:\Users\USER\Downloads\apache-ant-1.10.15-bin\bin;C:\Program Files\Java\javafx-sdk-23.0.1\bin;C:\Program Files\NetBeans-20\netbeans\java\maven;C:\Users\USER\Downloads\apache-maven-3.9.9-bin\apache-maven-3.9.9\bin;C:\Program Files\Java\jdk-21\bin;C:\Program Files\Java\javafx-sdk-21.0.5\bin;C:\Program Files\Java\jdk-21\bin;C:\Program Files\MySQL\MySQL Shell 8.0\bin\;C:\Users\USER\AppData\Local\Microsoft\WindowsApps;;C:\Users\USER\Documents\FILE MEEEEE\Microsoft VS Code\bin
USERNAME=USER
OS=Windows_NT
PROCESSOR_IDENTIFIER=Intel64 Family 6 Model 140 Stepping 1, GenuineIntel
TMP=C:\Users\USER\AppData\Local\Temp
TEMP=C:\Users\USER\AppData\Local\Temp




Periodic native trim disabled

---------------  S Y S T E M  ---------------

OS:
 Windows 11 , 64 bit Build 22621 (10.0.22621.4391)
OS uptime: 0 days 11:46 hours

CPU: total 4 (initial active 4) (2 cores per cpu, 2 threads per core) family 6 model 140 stepping 1 microcode 0x9a, cx8, cmov, fxsr, ht, mmx, 3dnowpref, sse, sse2, sse3, ssse3, sse4.1, sse4.2, popcnt, lzcnt, tsc, tscinvbit, avx, avx2, aes, erms, clmul, bmi1, bmi2, adx, avx512f, avx512dq, avx512cd, avx512bw, avx512vl, sha, fma, vzeroupper, avx512_vpopcntdq, avx512_vpclmulqdq, avx512_vaes, avx512_vnni, clflush, clflushopt, clwb, avx512_vbmi2, avx512_vbmi, rdtscp, rdpid, fsrm, gfni, avx512_bitalg, f16c, pku, cet_ibt, cet_ss, avx512_ifma
Processor Information for all 4 processors :
  Max Mhz: 2995, Current Mhz: 2995, Mhz Limit: 2995

Memory: 4k page, system-wide physical 3895M (123M free)
TotalPageFile size 15671M (AvailPageFile size 0M)
current process WorkingSet (physical memory assigned to process): 241M, peak: 255M
current process commit charge ("private bytes"): 321M, peak: 322M

vm_info: Java HotSpot(TM) 64-Bit Server VM (21.0.5+9-LTS-239) for windows-amd64 JRE (21.0.5+9-LTS-239), built on 2024-09-30T05:17:38Z by "mach5one" with MS VC++ 17.6 (VS2022)

END.
