#
# There is insufficient memory for the Java Runtime Environment to continue.
# Native memory allocation (malloc) failed to allocate 650016 bytes for Chunk::new
# Possible reasons:
#   The system is out of physical RAM or swap space
#   The process is running with CompressedOops enabled, and the Java Heap may be blocking the growth of the native heap
# Possible solutions:
#   Reduce memory load on the system
#   Increase physical memory or swap space
#   Check if swap backing store is full
#   Decrease Java heap size (-Xmx/-Xms)
#   Decrease number of Java threads
#   Decrease Java thread stack sizes (-Xss)
#   Set larger code cache with -XX:ReservedCodeCacheSize=
#   JVM is running with Unscaled Compressed Oops mode in which the Java heap is
#     placed in the first 4GB address space. The Java Heap base address is the
#     maximum limit for the native heap growth. Please use -XX:HeapBaseMinAddress
#     to set the Java Heap base and to place the Java Heap above 4GB virtual address.
# This output file may be truncated or incomplete.
#
#  Out of Memory Error (arena.cpp:168), pid=15160, tid=22540
#
# JRE version: Java(TM) SE Runtime Environment (21.0.5+9) (build 21.0.5+9-LTS-239)
# Java VM: Java HotSpot(TM) 64-Bit Server VM (21.0.5+9-LTS-239, mixed mode, sharing, tiered, compressed oops, compressed class ptrs, g1 gc, windows-amd64)
# No core dump will be written. Minidumps are not enabled by default on client versions of Windows
#

---------------  S U M M A R Y ------------

Command Line: -Dclassworlds.conf=C:\Program Files\NetBeans-20\netbeans\java\maven\bin\m2.conf -Dmaven.home=C:\Program Files\NetBeans-20\netbeans\java\maven -Dlibrary.jansi.path=C:\Program Files\NetBeans-20\netbeans\java\maven\lib\jansi-native -Dmaven.multiModuleProjectDirectory=D:\FILE MEEEEE\SEMESTER 3\PBO\Java_farm\Java_farm org.codehaus.plexus.classworlds.launcher.Launcher -Dexec.vmArgs= -Dexec.args=${exec.vmArgs} -classpath %classpath ${exec.mainClass} ${exec.appArgs} -Dexec.appArgs= -Dexec.mainClass=com.mycompany.java_farm.mainUi -Dexec.executable=C:\Program Files\Java\jdk-21\bin\java.exe -Dmaven.ext.class.path=C:\Program Files\NetBeans-20\netbeans\java\maven-nblib\netbeans-eventspy.jar --no-transfer-progress javafx:run

Host: 11th Gen Intel(R) Core(TM) i3-1115G4 @ 3.00GHz, 4 cores, 3G,  Windows 11 , 64 bit Build 22621 (10.0.22621.4391)
Time: Mon Dec  2 19:08:49 2024 SE Asia Standard Time elapsed time: 3.792566 seconds (0d 0h 0m 3s)

---------------  T H R E A D  ---------------

Current thread (0x00000268792b70a0):  JavaThread "C2 CompilerThread0" daemon [_thread_in_native, id=22540, stack(0x000000be3b400000,0x000000be3b500000) (1024K)]


Current CompileTask:
C2:   3792 2822   !   4       java.net.URL::<init> (543 bytes)

Stack: [0x000000be3b400000,0x000000be3b500000]
Native frames: (J=compiled Java code, j=interpreted, Vv=VM code, C=native code)
V  [jvm.dll+0x6ca289]
V  [jvm.dll+0x854a51]
V  [jvm.dll+0x856f7e]
V  [jvm.dll+0x857653]
V  [jvm.dll+0x27dd26]
V  [jvm.dll+0xc4c2d]
V  [jvm.dll+0xc5163]
V  [jvm.dll+0x2f0ccd]
V  [jvm.dll+0x5f4ffa]
V  [jvm.dll+0x24f882]
V  [jvm.dll+0x24fc3f]
V  [jvm.dll+0x248754]
V  [jvm.dll+0x245de4]
V  [jvm.dll+0x1c6d0e]
V  [jvm.dll+0x2554d9]
V  [jvm.dll+0x253a6a]
V  [jvm.dll+0x3ee136]
V  [jvm.dll+0x7fee9b]
V  [jvm.dll+0x6c896d]
C  [ucrtbase.dll+0x29333]
C  [KERNEL32.DLL+0x1259d]
C  [ntdll.dll+0x5af38]


---------------  P R O C E S S  ---------------

Threads class SMR info:
_java_thread_list=0x00000268794d8800, length=11, elements={
0x000002686b5a2730, 0x00000268792ab060, 0x00000268792ac060, 0x00000268792aef20,
0x00000268792afc60, 0x00000268792b28b0, 0x00000268792b4310, 0x00000268792b70a0,
0x00000268792d95c0, 0x00000268795088c0, 0x0000026879509b00
}

Java Threads: ( => current thread )
  0x000002686b5a2730 JavaThread "main"                              [_thread_in_vm, id=2692, stack(0x000000be3a600000,0x000000be3a700000) (1024K)]
  0x00000268792ab060 JavaThread "Reference Handler"          daemon [_thread_blocked, id=17856, stack(0x000000be3ae00000,0x000000be3af00000) (1024K)]
  0x00000268792ac060 JavaThread "Finalizer"                  daemon [_thread_blocked, id=22068, stack(0x000000be3af00000,0x000000be3b000000) (1024K)]
  0x00000268792aef20 JavaThread "Signal Dispatcher"          daemon [_thread_blocked, id=14980, stack(0x000000be3b000000,0x000000be3b100000) (1024K)]
  0x00000268792afc60 JavaThread "Attach Listener"            daemon [_thread_blocked, id=19148, stack(0x000000be3b100000,0x000000be3b200000) (1024K)]
  0x00000268792b28b0 JavaThread "Service Thread"             daemon [_thread_blocked, id=22532, stack(0x000000be3b200000,0x000000be3b300000) (1024K)]
  0x00000268792b4310 JavaThread "Monitor Deflation Thread"   daemon [_thread_blocked, id=22536, stack(0x000000be3b300000,0x000000be3b400000) (1024K)]
=>0x00000268792b70a0 JavaThread "C2 CompilerThread0"         daemon [_thread_in_native, id=22540, stack(0x000000be3b400000,0x000000be3b500000) (1024K)]
  0x00000268792d95c0 JavaThread "C1 CompilerThread0"         daemon [_thread_blocked, id=22544, stack(0x000000be3b500000,0x000000be3b600000) (1024K)]
  0x00000268795088c0 JavaThread "Notification Thread"        daemon [_thread_blocked, id=22548, stack(0x000000be3b600000,0x000000be3b700000) (1024K)]
  0x0000026879509b00 JavaThread "Common-Cleaner"             daemon [_thread_blocked, id=22552, stack(0x000000be3b700000,0x000000be3b800000) (1024K)]
Total: 11

Other Threads:
  0x000002686d767810 VMThread "VM Thread"                           [id=16168, stack(0x000000be3ad00000,0x000000be3ae00000) (1024K)]
  0x000002686d755aa0 WatcherThread "VM Periodic Task Thread"        [id=21924, stack(0x000000be3ac00000,0x000000be3ad00000) (1024K)]
  0x000002686d6df590 WorkerThread "GC Thread#0"                     [id=21760, stack(0x000000be3a700000,0x000000be3a800000) (1024K)]
  0x000002687e75dd00 WorkerThread "GC Thread#1"                     [id=22564, stack(0x000000be3b800000,0x000000be3b900000) (1024K)]
  0x000002687e391140 WorkerThread "GC Thread#2"                     [id=22568, stack(0x000000be3b900000,0x000000be3ba00000) (1024K)]
  0x000002687e6387a0 WorkerThread "GC Thread#3"                     [id=22572, stack(0x000000be3ba00000,0x000000be3bb00000) (1024K)]
  0x000002686d6e90f0 ConcurrentGCThread "G1 Main Marker"            [id=8856, stack(0x000000be3a800000,0x000000be3a900000) (1024K)]
  0x000002686d6e9bf0 WorkerThread "G1 Conc#0"                       [id=6472, stack(0x000000be3a900000,0x000000be3aa00000) (1024K)]
  0x000002686d7464d0 ConcurrentGCThread "G1 Refine#0"               [id=22392, stack(0x000000be3aa00000,0x000000be3ab00000) (1024K)]
  0x000002686d747040 ConcurrentGCThread "G1 Service"                [id=22048, stack(0x000000be3ab00000,0x000000be3ac00000) (1024K)]
Total: 10

Threads with active compile tasks:
C2 CompilerThread0     3826 2822   !   4       java.net.URL::<init> (543 bytes)
Total: 1

VM state: not at safepoint (normal execution)

VM Mutex/Monitor currently owned by a thread: None

Heap address: 0x00000000c3200000, size: 974 MB, Compressed Oops mode: 32-bit

CDS archive(s) mapped at: [0x000002680f000000-0x000002680fc90000-0x000002680fc90000), size 13172736, SharedBaseAddress: 0x000002680f000000, ArchiveRelocationMode: 1.
Compressed class space mapped at: 0x0000026810000000-0x0000026850000000, reserved size: 1073741824
Narrow klass base: 0x000002680f000000, Narrow klass shift: 0, Narrow klass range: 0x100000000

GC Precious Log:
 CardTable entry size: 512
 Card Set container configuration: InlinePtr #cards 5 size 8 Array Of Cards #cards 12 size 40 Howl #buckets 4 coarsen threshold 1843 Howl Bitmap #cards 512 size 80 coarsen threshold 460 Card regions per heap region 1 cards per card region 2048
 CPUs: 4 total, 4 available
 Memory: 3895M
 Large Page Support: Disabled
 NUMA Support: Disabled
 Compressed Oops: Enabled (32-bit)
 Heap Region Size: 1M
 Heap Min Capacity: 8M
 Heap Initial Capacity: 62M
 Heap Max Capacity: 974M
 Pre-touch: Disabled
 Parallel Workers: 4
 Concurrent Workers: 1
 Concurrent Refinement Workers: 4
 Periodic GC: Disabled

Heap:
 garbage-first heap   total 63488K, used 13061K [0x00000000c3200000, 0x0000000100000000)
  region size 1024K, 11 young (11264K), 4 survivors (4096K)
 Metaspace       used 14274K, committed 14528K, reserved 1114112K
  class space    used 1681K, committed 1792K, reserved 1048576K

Heap Regions: E=young(eden), S=young(survivor), O=old, HS=humongous(starts), HC=humongous(continues), CS=collection set, F=free, TAMS=top-at-mark-start, PB=parsable bottom
|   0|0x00000000c3200000, 0x00000000c3300000, 0x00000000c3300000|100%| O|  |TAMS 0x00000000c3200000| PB 0x00000000c3200000| Untracked 
|   1|0x00000000c3300000, 0x00000000c3400000, 0x00000000c3400000|100%| O|  |TAMS 0x00000000c3300000| PB 0x00000000c3300000| Untracked 
|   2|0x00000000c3400000, 0x00000000c3500000, 0x00000000c3500000|100%| O|  |TAMS 0x00000000c3400000| PB 0x00000000c3400000| Untracked 
|   3|0x00000000c3500000, 0x00000000c3562b60, 0x00000000c3600000| 38%| O|  |TAMS 0x00000000c3500000| PB 0x00000000c3500000| Untracked 
|   4|0x00000000c3600000, 0x00000000c3600000, 0x00000000c3700000|  0%| F|  |TAMS 0x00000000c3600000| PB 0x00000000c3600000| Untracked 
|   5|0x00000000c3700000, 0x00000000c3700000, 0x00000000c3800000|  0%| F|  |TAMS 0x00000000c3700000| PB 0x00000000c3700000| Untracked 
|   6|0x00000000c3800000, 0x00000000c3800000, 0x00000000c3900000|  0%| F|  |TAMS 0x00000000c3800000| PB 0x00000000c3800000| Untracked 
|   7|0x00000000c3900000, 0x00000000c3900000, 0x00000000c3a00000|  0%| F|  |TAMS 0x00000000c3900000| PB 0x00000000c3900000| Untracked 
|   8|0x00000000c3a00000, 0x00000000c3a00000, 0x00000000c3b00000|  0%| F|  |TAMS 0x00000000c3a00000| PB 0x00000000c3a00000| Untracked 
|   9|0x00000000c3b00000, 0x00000000c3b00000, 0x00000000c3c00000|  0%| F|  |TAMS 0x00000000c3b00000| PB 0x00000000c3b00000| Untracked 
|  10|0x00000000c3c00000, 0x00000000c3c00000, 0x00000000c3d00000|  0%| F|  |TAMS 0x00000000c3c00000| PB 0x00000000c3c00000| Untracked 
|  11|0x00000000c3d00000, 0x00000000c3d00000, 0x00000000c3e00000|  0%| F|  |TAMS 0x00000000c3d00000| PB 0x00000000c3d00000| Untracked 
|  12|0x00000000c3e00000, 0x00000000c3e00000, 0x00000000c3f00000|  0%| F|  |TAMS 0x00000000c3e00000| PB 0x00000000c3e00000| Untracked 
|  13|0x00000000c3f00000, 0x00000000c3f00000, 0x00000000c4000000|  0%| F|  |TAMS 0x00000000c3f00000| PB 0x00000000c3f00000| Untracked 
|  14|0x00000000c4000000, 0x00000000c4000000, 0x00000000c4100000|  0%| F|  |TAMS 0x00000000c4000000| PB 0x00000000c4000000| Untracked 
|  15|0x00000000c4100000, 0x00000000c4100000, 0x00000000c4200000|  0%| F|  |TAMS 0x00000000c4100000| PB 0x00000000c4100000| Untracked 
|  16|0x00000000c4200000, 0x00000000c4200000, 0x00000000c4300000|  0%| F|  |TAMS 0x00000000c4200000| PB 0x00000000c4200000| Untracked 
|  17|0x00000000c4300000, 0x00000000c4300000, 0x00000000c4400000|  0%| F|  |TAMS 0x00000000c4300000| PB 0x00000000c4300000| Untracked 
|  18|0x00000000c4400000, 0x00000000c4400000, 0x00000000c4500000|  0%| F|  |TAMS 0x00000000c4400000| PB 0x00000000c4400000| Untracked 
|  19|0x00000000c4500000, 0x00000000c4500000, 0x00000000c4600000|  0%| F|  |TAMS 0x00000000c4500000| PB 0x00000000c4500000| Untracked 
|  20|0x00000000c4600000, 0x00000000c4600000, 0x00000000c4700000|  0%| F|  |TAMS 0x00000000c4600000| PB 0x00000000c4600000| Untracked 
|  21|0x00000000c4700000, 0x00000000c475e940, 0x00000000c4800000| 36%| S|CS|TAMS 0x00000000c4700000| PB 0x00000000c4700000| Complete 
|  22|0x00000000c4800000, 0x00000000c4900000, 0x00000000c4900000|100%| S|CS|TAMS 0x00000000c4800000| PB 0x00000000c4800000| Complete 
|  23|0x00000000c4900000, 0x00000000c4a00000, 0x00000000c4a00000|100%| S|CS|TAMS 0x00000000c4900000| PB 0x00000000c4900000| Complete 
|  24|0x00000000c4a00000, 0x00000000c4b00000, 0x00000000c4b00000|100%| S|CS|TAMS 0x00000000c4a00000| PB 0x00000000c4a00000| Complete 
|  25|0x00000000c4b00000, 0x00000000c4b00000, 0x00000000c4c00000|  0%| F|  |TAMS 0x00000000c4b00000| PB 0x00000000c4b00000| Untracked 
|  26|0x00000000c4c00000, 0x00000000c4c00000, 0x00000000c4d00000|  0%| F|  |TAMS 0x00000000c4c00000| PB 0x00000000c4c00000| Untracked 
|  27|0x00000000c4d00000, 0x00000000c4d00000, 0x00000000c4e00000|  0%| F|  |TAMS 0x00000000c4d00000| PB 0x00000000c4d00000| Untracked 
|  28|0x00000000c4e00000, 0x00000000c4e00000, 0x00000000c4f00000|  0%| F|  |TAMS 0x00000000c4e00000| PB 0x00000000c4e00000| Untracked 
|  29|0x00000000c4f00000, 0x00000000c4f00000, 0x00000000c5000000|  0%| F|  |TAMS 0x00000000c4f00000| PB 0x00000000c4f00000| Untracked 
|  30|0x00000000c5000000, 0x00000000c5000000, 0x00000000c5100000|  0%| F|  |TAMS 0x00000000c5000000| PB 0x00000000c5000000| Untracked 
|  31|0x00000000c5100000, 0x00000000c5100000, 0x00000000c5200000|  0%| F|  |TAMS 0x00000000c5100000| PB 0x00000000c5100000| Untracked 
|  32|0x00000000c5200000, 0x00000000c5200000, 0x00000000c5300000|  0%| F|  |TAMS 0x00000000c5200000| PB 0x00000000c5200000| Untracked 
|  33|0x00000000c5300000, 0x00000000c5300000, 0x00000000c5400000|  0%| F|  |TAMS 0x00000000c5300000| PB 0x00000000c5300000| Untracked 
|  34|0x00000000c5400000, 0x00000000c5400000, 0x00000000c5500000|  0%| F|  |TAMS 0x00000000c5400000| PB 0x00000000c5400000| Untracked 
|  35|0x00000000c5500000, 0x00000000c5500000, 0x00000000c5600000|  0%| F|  |TAMS 0x00000000c5500000| PB 0x00000000c5500000| Untracked 
|  36|0x00000000c5600000, 0x00000000c5600000, 0x00000000c5700000|  0%| F|  |TAMS 0x00000000c5600000| PB 0x00000000c5600000| Untracked 
|  37|0x00000000c5700000, 0x00000000c5700000, 0x00000000c5800000|  0%| F|  |TAMS 0x00000000c5700000| PB 0x00000000c5700000| Untracked 
|  38|0x00000000c5800000, 0x00000000c5800000, 0x00000000c5900000|  0%| F|  |TAMS 0x00000000c5800000| PB 0x00000000c5800000| Untracked 
|  39|0x00000000c5900000, 0x00000000c5900000, 0x00000000c5a00000|  0%| F|  |TAMS 0x00000000c5900000| PB 0x00000000c5900000| Untracked 
|  40|0x00000000c5a00000, 0x00000000c5a00000, 0x00000000c5b00000|  0%| F|  |TAMS 0x00000000c5a00000| PB 0x00000000c5a00000| Untracked 
|  41|0x00000000c5b00000, 0x00000000c5b00000, 0x00000000c5c00000|  0%| F|  |TAMS 0x00000000c5b00000| PB 0x00000000c5b00000| Untracked 
|  42|0x00000000c5c00000, 0x00000000c5c00000, 0x00000000c5d00000|  0%| F|  |TAMS 0x00000000c5c00000| PB 0x00000000c5c00000| Untracked 
|  43|0x00000000c5d00000, 0x00000000c5d00000, 0x00000000c5e00000|  0%| F|  |TAMS 0x00000000c5d00000| PB 0x00000000c5d00000| Untracked 
|  44|0x00000000c5e00000, 0x00000000c5e00000, 0x00000000c5f00000|  0%| F|  |TAMS 0x00000000c5e00000| PB 0x00000000c5e00000| Untracked 
|  45|0x00000000c5f00000, 0x00000000c5f00000, 0x00000000c6000000|  0%| F|  |TAMS 0x00000000c5f00000| PB 0x00000000c5f00000| Untracked 
|  46|0x00000000c6000000, 0x00000000c6000000, 0x00000000c6100000|  0%| F|  |TAMS 0x00000000c6000000| PB 0x00000000c6000000| Untracked 
|  47|0x00000000c6100000, 0x00000000c6100000, 0x00000000c6200000|  0%| F|  |TAMS 0x00000000c6100000| PB 0x00000000c6100000| Untracked 
|  48|0x00000000c6200000, 0x00000000c6200000, 0x00000000c6300000|  0%| F|  |TAMS 0x00000000c6200000| PB 0x00000000c6200000| Untracked 
|  49|0x00000000c6300000, 0x00000000c6300000, 0x00000000c6400000|  0%| F|  |TAMS 0x00000000c6300000| PB 0x00000000c6300000| Untracked 
|  50|0x00000000c6400000, 0x00000000c6400000, 0x00000000c6500000|  0%| F|  |TAMS 0x00000000c6400000| PB 0x00000000c6400000| Untracked 
|  51|0x00000000c6500000, 0x00000000c6500000, 0x00000000c6600000|  0%| F|  |TAMS 0x00000000c6500000| PB 0x00000000c6500000| Untracked 
|  52|0x00000000c6600000, 0x00000000c6600000, 0x00000000c6700000|  0%| F|  |TAMS 0x00000000c6600000| PB 0x00000000c6600000| Untracked 
|  53|0x00000000c6700000, 0x00000000c6700000, 0x00000000c6800000|  0%| F|  |TAMS 0x00000000c6700000| PB 0x00000000c6700000| Untracked 
|  54|0x00000000c6800000, 0x00000000c6800000, 0x00000000c6900000|  0%| F|  |TAMS 0x00000000c6800000| PB 0x00000000c6800000| Untracked 
|  55|0x00000000c6900000, 0x00000000c6980800, 0x00000000c6a00000| 50%| E|  |TAMS 0x00000000c6900000| PB 0x00000000c6900000| Complete 
|  56|0x00000000c6a00000, 0x00000000c6b00000, 0x00000000c6b00000|100%| E|CS|TAMS 0x00000000c6a00000| PB 0x00000000c6a00000| Complete 
|  57|0x00000000c6b00000, 0x00000000c6c00000, 0x00000000c6c00000|100%| E|CS|TAMS 0x00000000c6b00000| PB 0x00000000c6b00000| Complete 
|  58|0x00000000c6c00000, 0x00000000c6d00000, 0x00000000c6d00000|100%| E|CS|TAMS 0x00000000c6c00000| PB 0x00000000c6c00000| Complete 
|  59|0x00000000c6d00000, 0x00000000c6e00000, 0x00000000c6e00000|100%| E|CS|TAMS 0x00000000c6d00000| PB 0x00000000c6d00000| Complete 
|  60|0x00000000c6e00000, 0x00000000c6f00000, 0x00000000c6f00000|100%| E|CS|TAMS 0x00000000c6e00000| PB 0x00000000c6e00000| Complete 
|  61|0x00000000c6f00000, 0x00000000c7000000, 0x00000000c7000000|100%| E|CS|TAMS 0x00000000c6f00000| PB 0x00000000c6f00000| Complete 

Card table byte_map: [0x0000026875d20000,0x0000026875f10000] _byte_map_base: 0x0000026875707000

Marking Bits: (CMBitMap*) 0x000002686d6dfc90
 Bits: [0x0000026875f10000, 0x0000026876e48000)

Polling page: 0x000002686ce70000

Metaspace:

Usage:
  Non-class:     12.31 MB used.
      Class:      1.64 MB used.
       Both:     13.95 MB used.

Virtual space:
  Non-class space:       64.00 MB reserved,      12.44 MB ( 19%) committed,  1 nodes.
      Class space:        1.00 GB reserved,       1.75 MB ( <1%) committed,  1 nodes.
             Both:        1.06 GB reserved,      14.19 MB (  1%) committed. 

Chunk freelists:
   Non-Class:  2.95 MB
       Class:  14.08 MB
        Both:  17.03 MB

MaxMetaspaceSize: unlimited
CompressedClassSpaceSize: 1.00 GB
Initial GC threshold: 21.00 MB
Current GC threshold: 21.00 MB
CDS: on
 - commit_granule_bytes: 65536.
 - commit_granule_words: 8192.
 - virtual_space_node_default_size: 8388608.
 - enlarge_chunks_in_place: 1.
 - use_allocation_guard: 0.


Internal statistics:

num_allocs_failed_limit: 0.
num_arena_births: 132.
num_arena_deaths: 0.
num_vsnodes_births: 2.
num_vsnodes_deaths: 0.
num_space_committed: 227.
num_space_uncommitted: 0.
num_chunks_returned_to_freelist: 0.
num_chunks_taken_from_freelist: 592.
num_chunk_merges: 0.
num_chunk_splits: 424.
num_chunks_enlarged: 354.
num_inconsistent_stats: 0.

CodeHeap 'non-profiled nmethods': size=120000Kb used=953Kb max_used=953Kb free=119046Kb
 bounds [0x0000026807ad0000, 0x0000026807d40000, 0x000002680f000000]
CodeHeap 'profiled nmethods': size=120000Kb used=5662Kb max_used=5662Kb free=114338Kb
 bounds [0x0000026800000000, 0x0000026800590000, 0x0000026807530000]
CodeHeap 'non-nmethods': size=5760Kb used=1527Kb max_used=1534Kb free=4233Kb
 bounds [0x0000026807530000, 0x00000268077a0000, 0x0000026807ad0000]
 total_blobs=3337 nmethods=2854 adapters=387
 compilation: enabled
              stopped_count=0, restarted_count=0
 full_count=0

Compilation events (20 events):
Event: 3.751 Thread 0x00000268792d95c0 nmethod 2820 0x0000026800577410 code [0x00000268005775c0, 0x0000026800577830]
Event: 3.751 Thread 0x00000268792d95c0 2821       3       java.util.regex.Pattern::lambda$DOT$11 (34 bytes)
Event: 3.752 Thread 0x00000268792d95c0 nmethod 2821 0x0000026800577910 code [0x0000026800577aa0, 0x0000026800577c90]
Event: 3.753 Thread 0x00000268792b70a0 2822   !   4       java.net.URL::<init> (543 bytes)
Event: 3.754 Thread 0x00000268792d95c0 2823       1       org.apache.commons.cli.Option::getOpt (5 bytes)
Event: 3.754 Thread 0x00000268792d95c0 nmethod 2823 0x0000026807bbd210 code [0x0000026807bbd3a0, 0x0000026807bbd468]
Event: 3.757 Thread 0x00000268792d95c0 2825       3       com.google.inject.internal.InjectorImpl::getProviderOrThrow (35 bytes)
Event: 3.757 Thread 0x00000268792d95c0 nmethod 2825 0x0000026800577d10 code [0x0000026800577ee0, 0x0000026800578330]
Event: 3.780 Thread 0x00000268792d95c0 2827       3       java.lang.Module::implIsExportedOrOpen (92 bytes)
Event: 3.780 Thread 0x00000268792d95c0 nmethod 2827 0x0000026800578510 code [0x0000026800578740, 0x0000026800578e50]
Event: 3.780 Thread 0x00000268792d95c0 2831       3       java.lang.invoke.BoundMethodHandle::bindArgumentL (11 bytes)
Event: 3.780 Thread 0x00000268792d95c0 nmethod 2831 0x0000026800579010 code [0x0000026800579200, 0x00000268005796e0]
Event: 3.780 Thread 0x00000268792d95c0 2828       3       java.lang.invoke.MethodHandle::bindTo (19 bytes)
Event: 3.781 Thread 0x00000268792d95c0 nmethod 2828 0x0000026800579910 code [0x0000026800579b20, 0x000002680057a150]
Event: 3.781 Thread 0x00000268792d95c0 2829       3       java.lang.invoke.MethodType::leadingReferenceParameter (30 bytes)
Event: 3.781 Thread 0x00000268792d95c0 nmethod 2829 0x000002680057a390 code [0x000002680057a560, 0x000002680057a850]
Event: 3.781 Thread 0x00000268792d95c0 2830       3       java.lang.invoke.MethodHandle::bindArgumentL (10 bytes)
Event: 3.781 Thread 0x00000268792d95c0 nmethod 2830 0x000002680057a990 code [0x000002680057aba0, 0x000002680057b228]
Event: 3.782 Thread 0x00000268792d95c0 2833       3       java.lang.invoke.InvokerBytecodeGenerator::loadInsnOpcode (98 bytes)
Event: 3.783 Thread 0x00000268792d95c0 nmethod 2833 0x000002680057b490 code [0x000002680057b700, 0x000002680057c078]

GC Heap History (6 events):
Event: 0.846 GC heap before
{Heap before GC invocations=0 (full 0):
 garbage-first heap   total 63488K, used 13312K [0x00000000c3200000, 0x0000000100000000)
  region size 1024K, 13 young (13312K), 0 survivors (0K)
 Metaspace       used 3999K, committed 4224K, reserved 1114112K
  class space    used 408K, committed 512K, reserved 1048576K
}
Event: 0.852 GC heap after
{Heap after GC invocations=1 (full 0):
 garbage-first heap   total 63488K, used 3296K [0x00000000c3200000, 0x0000000100000000)
  region size 1024K, 2 young (2048K), 2 survivors (2048K)
 Metaspace       used 3999K, committed 4224K, reserved 1114112K
  class space    used 408K, committed 512K, reserved 1048576K
}
Event: 1.296 GC heap before
{Heap before GC invocations=1 (full 0):
 garbage-first heap   total 63488K, used 19680K [0x00000000c3200000, 0x0000000100000000)
  region size 1024K, 18 young (18432K), 2 survivors (2048K)
 Metaspace       used 6447K, committed 6656K, reserved 1114112K
  class space    used 731K, committed 832K, reserved 1048576K
}
Event: 1.301 GC heap after
{Heap after GC invocations=2 (full 0):
 garbage-first heap   total 63488K, used 4389K [0x00000000c3200000, 0x0000000100000000)
  region size 1024K, 1 young (1024K), 1 survivors (1024K)
 Metaspace       used 6447K, committed 6656K, reserved 1114112K
  class space    used 731K, committed 832K, reserved 1048576K
}
Event: 3.570 GC heap before
{Heap before GC invocations=2 (full 0):
 garbage-first heap   total 63488K, used 41253K [0x00000000c3200000, 0x0000000100000000)
  region size 1024K, 37 young (37888K), 1 survivors (1024K)
 Metaspace       used 12834K, committed 12992K, reserved 1114112K
  class space    used 1527K, committed 1600K, reserved 1048576K
}
Event: 3.579 GC heap after
{Heap after GC invocations=3 (full 0):
 garbage-first heap   total 63488K, used 6917K [0x00000000c3200000, 0x0000000100000000)
  region size 1024K, 4 young (4096K), 4 survivors (4096K)
 Metaspace       used 12834K, committed 12992K, reserved 1114112K
  class space    used 1527K, committed 1600K, reserved 1048576K
}

Dll operation events (8 events):
Event: 0.010 Loaded shared library C:\Program Files\Java\jdk-21\bin\java.dll
Event: 0.067 Loaded shared library C:\Program Files\Java\jdk-21\bin\jsvml.dll
Event: 0.109 Loaded shared library C:\Program Files\Java\jdk-21\bin\net.dll
Event: 0.112 Loaded shared library C:\Program Files\Java\jdk-21\bin\nio.dll
Event: 0.116 Loaded shared library C:\Program Files\Java\jdk-21\bin\zip.dll
Event: 0.425 Loaded shared library C:\Program Files\Java\jdk-21\bin\jimage.dll
Event: 0.435 Loaded shared library C:\Program Files\NetBeans-20\netbeans\java\maven\lib\jansi-native\Windows\x86_64\jansi.dll
Event: 0.458 Loaded shared library C:\Program Files\Java\jdk-21\bin\verify.dll

Deoptimization events (20 events):
Event: 3.739 Thread 0x000002686b5a2730 Uncommon trap: trap_request=0xffffff45 fr.pc=0x0000026807b27fcc relative=0x0000000000001f4c
Event: 3.739 Thread 0x000002686b5a2730 Uncommon trap: reason=unstable_if action=reinterpret pc=0x0000026807b27fcc method=sun.nio.cs.StreamDecoder.implRead([CII)I @ 36 c2
Event: 3.739 Thread 0x000002686b5a2730 DEOPT PACKING pc=0x0000026807b27fcc sp=0x000000be3a6fe500
Event: 3.740 Thread 0x000002686b5a2730 DEOPT UNPACKING pc=0x0000026807587da2 sp=0x000000be3a6fe3c8 mode 2
Event: 3.740 Thread 0x000002686b5a2730 Uncommon trap: trap_request=0xffffff45 fr.pc=0x0000026807b2cfe4 relative=0x00000000000008e4
Event: 3.740 Thread 0x000002686b5a2730 Uncommon trap: reason=unstable_if action=reinterpret pc=0x0000026807b2cfe4 method=sun.nio.cs.StreamDecoder.implRead([CII)I @ 36 c2
Event: 3.740 Thread 0x000002686b5a2730 DEOPT PACKING pc=0x0000026807b2cfe4 sp=0x000000be3a6fe550
Event: 3.740 Thread 0x000002686b5a2730 DEOPT UNPACKING pc=0x0000026807587da2 sp=0x000000be3a6fe510 mode 2
Event: 3.740 Thread 0x000002686b5a2730 Uncommon trap: trap_request=0x000000e1 fr.pc=0x0000026807b2c280 relative=0x00000000000000e0
Event: 3.740 Thread 0x000002686b5a2730 Uncommon trap: reason=unloaded action=reinterpret pc=0x0000026807b2c280 method=org.codehaus.plexus.util.xml.pull.MXParser.more()C @ 22 c2
Event: 3.740 Thread 0x000002686b5a2730 DEOPT PACKING pc=0x0000026807b2c280 sp=0x000000be3a6fe800
Event: 3.740 Thread 0x000002686b5a2730 DEOPT UNPACKING pc=0x0000026807587da2 sp=0x000000be3a6fe7a0 mode 2
Event: 3.746 Thread 0x000002686b5a2730 Uncommon trap: trap_request=0xffffffde fr.pc=0x0000026807bbc68c relative=0x000000000000044c
Event: 3.746 Thread 0x000002686b5a2730 Uncommon trap: reason=class_check action=maybe_recompile pc=0x0000026807bbc68c method=java.lang.String.<init>(Ljava/lang/AbstractStringBuilder;Ljava/lang/Void;)V @ 10 c2
Event: 3.746 Thread 0x000002686b5a2730 DEOPT PACKING pc=0x0000026807bbc68c sp=0x000000be3a6fe9e0
Event: 3.746 Thread 0x000002686b5a2730 DEOPT UNPACKING pc=0x0000026807587da2 sp=0x000000be3a6fe9a8 mode 2
Event: 3.752 Thread 0x000002686b5a2730 Uncommon trap: trap_request=0xffffffde fr.pc=0x0000026807bbc68c relative=0x000000000000044c
Event: 3.752 Thread 0x000002686b5a2730 Uncommon trap: reason=class_check action=maybe_recompile pc=0x0000026807bbc68c method=java.lang.String.<init>(Ljava/lang/AbstractStringBuilder;Ljava/lang/Void;)V @ 10 c2
Event: 3.752 Thread 0x000002686b5a2730 DEOPT PACKING pc=0x0000026807bbc68c sp=0x000000be3a6feac0
Event: 3.752 Thread 0x000002686b5a2730 DEOPT UNPACKING pc=0x0000026807587da2 sp=0x000000be3a6fea88 mode 2

Classes loaded (20 events):
Event: 3.676 Loading class java/security/SecureRandomSpi done
Event: 3.676 Loading class sun/security/provider/DRBG done
Event: 3.677 Loading class java/security/DrbgParameters$Capability
Event: 3.679 Loading class java/security/DrbgParameters$Capability done
Event: 3.679 Loading class sun/security/provider/MoreDrbgParameters
Event: 3.679 Loading class sun/security/provider/MoreDrbgParameters done
Event: 3.679 Loading class java/security/DrbgParameters
Event: 3.680 Loading class java/security/DrbgParameters done
Event: 3.680 Loading class java/security/DrbgParameters$Instantiation
Event: 3.680 Loading class java/security/DrbgParameters$Instantiation done
Event: 3.680 Loading class sun/security/provider/HashDrbg
Event: 3.680 Loading class sun/security/provider/AbstractHashDrbg
Event: 3.680 Loading class sun/security/provider/AbstractDrbg
Event: 3.681 Loading class sun/security/provider/AbstractDrbg done
Event: 3.681 Loading class sun/security/provider/AbstractHashDrbg done
Event: 3.681 Loading class sun/security/provider/HashDrbg done
Event: 3.681 Loading class sun/security/provider/EntropySource
Event: 3.681 Loading class sun/security/provider/EntropySource done
Event: 3.748 Loading class java/lang/ProcessEnvironment$CheckedKeySet
Event: 3.748 Loading class java/lang/ProcessEnvironment$CheckedKeySet done

Classes unloaded (0 events):
No events

Classes redefined (0 events):
No events

Internal exceptions (20 events):
Event: 0.896 Thread 0x000002686b5a2730 Exception <a 'java/lang/NoSuchMethodError'{0x00000000c6e8f9e8}: 'int java.lang.invoke.DirectMethodHandle$Holder.invokeStatic(java.lang.Object, java.lang.Object, java.lang.Object, java.lang.Object)'> (0x00000000c6e8f9e8) 
thrown [s\open\src\hotspot\share\interpreter\linkResolver.cpp, line 773]
Event: 0.897 Thread 0x000002686b5a2730 Exception <a 'java/lang/NoSuchMethodError'{0x00000000c6e93078}: 'java.lang.Object java.lang.invoke.Invokers$Holder.invokeExact_MT(java.lang.Object, java.lang.Object, java.lang.Object, java.lang.Object, java.lang.Object, java.lang.Object)'> (0x00000000c6e93078) 
thrown [s\open\src\hotspot\share\interpreter\linkResolver.cpp, line 773]
Event: 0.899 Thread 0x000002686b5a2730 Exception <a 'java/lang/NoSuchMethodError'{0x00000000c6ea17b8}: 'int java.lang.invoke.DirectMethodHandle$Holder.invokeSpecialIFC(java.lang.Object, java.lang.Object, java.lang.Object, java.lang.Object, java.lang.Object)'> (0x00000000c6ea17b8) 
thrown [s\open\src\hotspot\share\interpreter\linkResolver.cpp, line 773]
Event: 0.946 Thread 0x000002686b5a2730 Exception <a 'java/lang/NoSuchMethodError'{0x00000000c6c1c3b0}: 'java.lang.Object java.lang.invoke.DirectMethodHandle$Holder.newInvokeSpecial(java.lang.Object, java.lang.Object, java.lang.Object, java.lang.Object, java.lang.Object)'> (0x00000000c6c1c3b0) 
thrown [s\open\src\hotspot\share\interpreter\linkResolver.cpp, line 773]
Event: 0.983 Thread 0x000002686b5a2730 Exception <a 'java/lang/NoSuchMethodError'{0x00000000c6b11ed0}: 'int java.lang.invoke.DirectMethodHandle$Holder.invokeStaticInit(java.lang.Object, java.lang.Object)'> (0x00000000c6b11ed0) 
thrown [s\open\src\hotspot\share\interpreter\linkResolver.cpp, line 773]
Event: 0.992 Thread 0x000002686b5a2730 Exception <a 'java/lang/NoClassDefFoundError'{0x00000000c6b45c48}: javax/enterprise/inject/Typed> (0x00000000c6b45c48) 
thrown [s\open\src\hotspot\share\classfile\systemDictionary.cpp, line 301]
Event: 2.770 Thread 0x000002686b5a2730 Exception <a 'java/lang/NoSuchMethodError'{0x00000000c5632c50}: 'void java.lang.invoke.DirectMethodHandle$Holder.invokeStaticInit(java.lang.Object, java.lang.Object, java.lang.Object)'> (0x00000000c5632c50) 
thrown [s\open\src\hotspot\share\interpreter\linkResolver.cpp, line 773]
Event: 2.776 Thread 0x000002686b5a2730 Exception <a 'java/lang/ExceptionInInitializerError'{0x00000000c565aff8}> (0x00000000c565aff8) 
thrown [s\open\src\hotspot\share\oops\instanceKlass.cpp, line 1192]
Event: 2.810 Thread 0x000002686b5a2730 Exception <a 'java/lang/NoSuchMethodError'{0x00000000c5563778}: 'long java.lang.invoke.DirectMethodHandle$Holder.invokeStatic(java.lang.Object, java.lang.Object, int)'> (0x00000000c5563778) 
thrown [s\open\src\hotspot\share\interpreter\linkResolver.cpp, line 773]
Event: 2.812 Thread 0x000002686b5a2730 Exception <a 'java/lang/NoSuchMethodError'{0x00000000c5576850}: 'java.lang.Object java.lang.invoke.DirectMethodHandle$Holder.invokeStatic(java.lang.Object, java.lang.Object, java.lang.Object, java.lang.Object, int)'> (0x00000000c5576850) 
thrown [s\open\src\hotspot\share\interpreter\linkResolver.cpp, line 773]
Event: 2.815 Thread 0x000002686b5a2730 Exception <a 'java/lang/NoSuchMethodError'{0x00000000c557e788}: 'java.lang.Object java.lang.invoke.DirectMethodHandle$Holder.invokeSpecial(java.lang.Object, java.lang.Object, java.lang.Object, java.lang.Object, long)'> (0x00000000c557e788) 
thrown [s\open\src\hotspot\share\interpreter\linkResolver.cpp, line 773]
Event: 2.816 Thread 0x000002686b5a2730 Exception <a 'java/lang/NoSuchMethodError'{0x00000000c558a2a8}: 'java.lang.Object java.lang.invoke.DirectMethodHandle$Holder.invokeSpecial(java.lang.Object, java.lang.Object, java.lang.Object, int, java.lang.Object)'> (0x00000000c558a2a8) 
thrown [s\open\src\hotspot\share\interpreter\linkResolver.cpp, line 773]
Event: 2.817 Thread 0x000002686b5a2730 Exception <a 'java/lang/NoSuchMethodError'{0x00000000c55923e8}: 'int java.lang.invoke.DirectMethodHandle$Holder.invokeSpecial(java.lang.Object, java.lang.Object, java.lang.Object, int)'> (0x00000000c55923e8) 
thrown [s\open\src\hotspot\share\interpreter\linkResolver.cpp, line 773]
Event: 2.821 Thread 0x000002686b5a2730 Implicit null exception at 0x0000026807b412bd to 0x0000026807b414c4
Event: 2.824 Thread 0x000002686b5a2730 Exception <a 'java/lang/NoSuchMethodError'{0x00000000c55b7178}: 'java.lang.Object java.lang.invoke.Invokers$Holder.invokeExact_MT(java.lang.Object, int, java.lang.Object)'> (0x00000000c55b7178) 
thrown [s\open\src\hotspot\share\interpreter\linkResolver.cpp, line 773]
Event: 2.845 Thread 0x000002686b5a2730 Exception <a 'java/lang/NoSuchMethodError'{0x00000000c5427518}: 'void java.lang.invoke.DirectMethodHandle$Holder.invokeStatic(java.lang.Object, java.lang.Object)'> (0x00000000c5427518) 
thrown [s\open\src\hotspot\share\interpreter\linkResolver.cpp, line 773]
Event: 3.480 Thread 0x000002686b5a2730 Exception <a 'java/lang/NoSuchMethodError'{0x00000000c4da52f0}: 'void java.lang.invoke.Invokers$Holder.invokeExact_MT(java.lang.Object, java.lang.Object, java.lang.Object, java.lang.Object)'> (0x00000000c4da52f0) 
thrown [s\open\src\hotspot\share\interpreter\linkResolver.cpp, line 773]
Event: 3.504 Thread 0x000002686b5a2730 Exception <a 'java/lang/NoClassDefFoundError'{0x00000000c4c2ccd8}: com/google/inject/servlet/ServletModuleTargetVisitor> (0x00000000c4c2ccd8) 
thrown [s\open\src\hotspot\share\classfile\systemDictionary.cpp, line 301]
Event: 3.625 Thread 0x000002686b5a2730 Exception <a 'java/lang/NoSuchMethodError'{0x00000000c6e132c0}: 'void java.lang.invoke.DirectMethodHandle$Holder.invokeVirtual(java.lang.Object, java.lang.Object)'> (0x00000000c6e132c0) 
thrown [s\open\src\hotspot\share\interpreter\linkResolver.cpp, line 773]
Event: 3.682 Thread 0x000002686b5a2730 Exception <a 'java/lang/NoSuchMethodError'{0x00000000c6ea3238}: 'java.lang.Object java.lang.invoke.DirectMethodHandle$Holder.invokeStaticInit(java.lang.Object, int, int, int, int)'> (0x00000000c6ea3238) 
thrown [s\open\src\hotspot\share\interpreter\linkResolver.cpp, line 773]

ZGC Phase Switch (0 events):
No events

VM Operations (20 events):
Event: 2.834 Executing VM operation: ICBufferFull
Event: 2.834 Executing VM operation: ICBufferFull done
Event: 2.908 Executing VM operation: HandshakeAllThreads (Deoptimize)
Event: 2.908 Executing VM operation: HandshakeAllThreads (Deoptimize) done
Event: 2.916 Executing VM operation: HandshakeAllThreads (Deoptimize)
Event: 2.916 Executing VM operation: HandshakeAllThreads (Deoptimize) done
Event: 3.090 Executing VM operation: HandshakeAllThreads (Deoptimize)
Event: 3.090 Executing VM operation: HandshakeAllThreads (Deoptimize) done
Event: 3.472 Executing VM operation: HandshakeAllThreads (Deoptimize)
Event: 3.472 Executing VM operation: HandshakeAllThreads (Deoptimize) done
Event: 3.509 Executing VM operation: ICBufferFull
Event: 3.509 Executing VM operation: ICBufferFull done
Event: 3.570 Executing VM operation: G1CollectForAllocation (G1 Evacuation Pause)
Event: 3.579 Executing VM operation: G1CollectForAllocation (G1 Evacuation Pause) done
Event: 3.640 Executing VM operation: HandshakeAllThreads (Deoptimize)
Event: 3.640 Executing VM operation: HandshakeAllThreads (Deoptimize) done
Event: 3.706 Executing VM operation: HandshakeAllThreads (Deoptimize)
Event: 3.706 Executing VM operation: HandshakeAllThreads (Deoptimize) done
Event: 3.741 Executing VM operation: HandshakeAllThreads (Deoptimize)
Event: 3.741 Executing VM operation: HandshakeAllThreads (Deoptimize) done

Events (11 events):
Event: 0.030 Thread 0x000002686b5a2730 Thread added: 0x000002686b5a2730
Event: 0.056 Thread 0x00000268792ab060 Thread added: 0x00000268792ab060
Event: 0.058 Thread 0x00000268792ac060 Thread added: 0x00000268792ac060
Event: 0.058 Thread 0x00000268792aef20 Thread added: 0x00000268792aef20
Event: 0.058 Thread 0x00000268792afc60 Thread added: 0x00000268792afc60
Event: 0.058 Thread 0x00000268792b28b0 Thread added: 0x00000268792b28b0
Event: 0.058 Thread 0x00000268792b4310 Thread added: 0x00000268792b4310
Event: 0.058 Thread 0x00000268792b70a0 Thread added: 0x00000268792b70a0
Event: 0.061 Thread 0x00000268792d95c0 Thread added: 0x00000268792d95c0
Event: 0.095 Thread 0x00000268795088c0 Thread added: 0x00000268795088c0
Event: 0.100 Thread 0x0000026879509b00 Thread added: 0x0000026879509b00


Dynamic libraries:
0x00007ff601f30000 - 0x00007ff601f40000 	C:\Program Files\Java\jdk-21\bin\java.exe
0x00007ffb782f0000 - 0x00007ffb78507000 	C:\WINDOWS\SYSTEM32\ntdll.dll
0x00007ffb76140000 - 0x00007ffb76204000 	C:\WINDOWS\System32\KERNEL32.DLL
0x00007ffb75600000 - 0x00007ffb759ba000 	C:\WINDOWS\System32\KERNELBASE.dll
0x00007ffb759c0000 - 0x00007ffb75ad1000 	C:\WINDOWS\System32\ucrtbase.dll
0x00007ffb5ebd0000 - 0x00007ffb5ebeb000 	C:\Program Files\Java\jdk-21\bin\VCRUNTIME140.dll
0x00007ffb5e470000 - 0x00007ffb5e489000 	C:\Program Files\Java\jdk-21\bin\jli.dll
0x00007ffb76000000 - 0x00007ffb760b2000 	C:\WINDOWS\System32\ADVAPI32.dll
0x00007ffb765a0000 - 0x00007ffb76647000 	C:\WINDOWS\System32\msvcrt.dll
0x00007ffb775d0000 - 0x00007ffb77677000 	C:\WINDOWS\System32\sechost.dll
0x00007ffb75eb0000 - 0x00007ffb75ed8000 	C:\WINDOWS\System32\bcrypt.dll
0x00007ffb767b0000 - 0x00007ffb768c4000 	C:\WINDOWS\System32\RPCRT4.dll
0x00007ffb77d40000 - 0x00007ffb77eee000 	C:\WINDOWS\System32\USER32.dll
0x00007ffb755d0000 - 0x00007ffb755f6000 	C:\WINDOWS\System32\win32u.dll
0x00007ffb78280000 - 0x00007ffb782a9000 	C:\WINDOWS\System32\GDI32.dll
0x00007ffb75ee0000 - 0x00007ffb75ffb000 	C:\WINDOWS\System32\gdi32full.dll
0x00007ffb75e10000 - 0x00007ffb75eaa000 	C:\WINDOWS\System32\msvcp_win.dll
0x00007ffb5f8f0000 - 0x00007ffb5fb82000 	C:\WINDOWS\WinSxS\amd64_microsoft.windows.common-controls_6595b64144ccf1df_6.0.22621.4541_none_2710d1c57384c085\COMCTL32.dll
0x00007ffb6ca30000 - 0x00007ffb6ca3a000 	C:\WINDOWS\SYSTEM32\VERSION.dll
0x00007ffb76700000 - 0x00007ffb76731000 	C:\WINDOWS\System32\IMM32.DLL
0x00007ffb6e050000 - 0x00007ffb6e05c000 	C:\Program Files\Java\jdk-21\bin\vcruntime140_1.dll
0x00007ffb54fa0000 - 0x00007ffb5502e000 	C:\Program Files\Java\jdk-21\bin\msvcp140.dll
0x00007ffb27950000 - 0x00007ffb28668000 	C:\Program Files\Java\jdk-21\bin\server\jvm.dll
0x00007ffb77550000 - 0x00007ffb775c1000 	C:\WINDOWS\System32\WS2_32.dll
0x00007ffb754a0000 - 0x00007ffb754ed000 	C:\WINDOWS\SYSTEM32\POWRPROF.dll
0x00007ffb6e180000 - 0x00007ffb6e1b4000 	C:\WINDOWS\SYSTEM32\WINMM.dll
0x00007ffb75480000 - 0x00007ffb75493000 	C:\WINDOWS\SYSTEM32\UMPDC.dll
0x00007ffb74610000 - 0x00007ffb74628000 	C:\WINDOWS\SYSTEM32\kernel.appcore.dll
0x00007ffb5ebc0000 - 0x00007ffb5ebca000 	C:\Program Files\Java\jdk-21\bin\jimage.dll
0x00007ffb72e10000 - 0x00007ffb73042000 	C:\WINDOWS\SYSTEM32\DBGHELP.DLL
0x00007ffb77ef0000 - 0x00007ffb7827f000 	C:\WINDOWS\System32\combase.dll
0x00007ffb769d0000 - 0x00007ffb76aa7000 	C:\WINDOWS\System32\OLEAUT32.dll
0x00007ffb57770000 - 0x00007ffb577a2000 	C:\WINDOWS\SYSTEM32\dbgcore.DLL
0x00007ffb75c50000 - 0x00007ffb75ccb000 	C:\WINDOWS\System32\bcryptPrimitives.dll
0x00007ffb5e150000 - 0x00007ffb5e16f000 	C:\Program Files\Java\jdk-21\bin\java.dll
0x00007ffb76cc0000 - 0x00007ffb77538000 	C:\WINDOWS\System32\SHELL32.dll
0x00007ffb73510000 - 0x00007ffb73e18000 	C:\WINDOWS\SYSTEM32\windows.storage.dll
0x00007ffb733d0000 - 0x00007ffb7350f000 	C:\WINDOWS\SYSTEM32\wintypes.dll
0x00007ffb763a0000 - 0x00007ffb7649a000 	C:\WINDOWS\System32\SHCORE.dll
0x00007ffb76750000 - 0x00007ffb767ae000 	C:\WINDOWS\System32\shlwapi.dll
0x00007ffb75500000 - 0x00007ffb7552b000 	C:\WINDOWS\SYSTEM32\profapi.dll
0x00007ffb554d0000 - 0x00007ffb555a7000 	C:\Program Files\Java\jdk-21\bin\jsvml.dll
0x00007ffb5eb40000 - 0x00007ffb5eb50000 	C:\Program Files\Java\jdk-21\bin\net.dll
0x00007ffb6f3f0000 - 0x00007ffb6f526000 	C:\WINDOWS\SYSTEM32\WINHTTP.dll
0x00007ffb74a90000 - 0x00007ffb74af9000 	C:\WINDOWS\system32\mswsock.dll
0x00007ffb5e050000 - 0x00007ffb5e066000 	C:\Program Files\Java\jdk-21\bin\nio.dll
0x00007ffb5e030000 - 0x00007ffb5e048000 	C:\Program Files\Java\jdk-21\bin\zip.dll
0x0000000069ac0000 - 0x0000000069ae4000 	C:\Program Files\NetBeans-20\netbeans\java\maven\lib\jansi-native\Windows\x86_64\jansi.dll
0x00007ffb5e020000 - 0x00007ffb5e030000 	C:\Program Files\Java\jdk-21\bin\verify.dll

dbghelp: loaded successfully - version: 4.0.5 - missing functions: none
symbol engine: initialized successfully - sym options: 0x614 - pdb path: .;C:\Program Files\Java\jdk-21\bin;C:\WINDOWS\SYSTEM32;C:\WINDOWS\WinSxS\amd64_microsoft.windows.common-controls_6595b64144ccf1df_6.0.22621.4541_none_2710d1c57384c085;C:\Program Files\Java\jdk-21\bin\server;C:\Program Files\NetBeans-20\netbeans\java\maven\lib\jansi-native\Windows\x86_64

VM Arguments:
jvm_args: -Dclassworlds.conf=C:\Program Files\NetBeans-20\netbeans\java\maven\bin\m2.conf -Dmaven.home=C:\Program Files\NetBeans-20\netbeans\java\maven -Dlibrary.jansi.path=C:\Program Files\NetBeans-20\netbeans\java\maven\lib\jansi-native -Dmaven.multiModuleProjectDirectory=D:\FILE MEEEEE\SEMESTER 3\PBO\Java_farm\Java_farm 
java_command: org.codehaus.plexus.classworlds.launcher.Launcher -Dexec.vmArgs= -Dexec.args=${exec.vmArgs} -classpath %classpath ${exec.mainClass} ${exec.appArgs} -Dexec.appArgs= -Dexec.mainClass=com.mycompany.java_farm.mainUi -Dexec.executable=C:\Program Files\Java\jdk-21\bin\java.exe -Dmaven.ext.class.path=C:\Program Files\NetBeans-20\netbeans\java\maven-nblib\netbeans-eventspy.jar --no-transfer-progress javafx:run
java_class_path (initial): C:\Program Files\NetBeans-20\netbeans\java\maven\boot\plexus-classworlds-2.7.0.jar
Launcher Type: SUN_STANDARD

[Global flags]
     intx CICompilerCount                          = 3                                         {product} {ergonomic}
     uint ConcGCThreads                            = 1                                         {product} {ergonomic}
     uint G1ConcRefinementThreads                  = 4                                         {product} {ergonomic}
   size_t G1HeapRegionSize                         = 1048576                                   {product} {ergonomic}
    uintx GCDrainStackTargetSize                   = 64                                        {product} {ergonomic}
   size_t InitialHeapSize                          = 65011712                                  {product} {ergonomic}
   size_t MarkStackSize                            = 4194304                                   {product} {ergonomic}
   size_t MaxHeapSize                              = 1021313024                                {product} {ergonomic}
   size_t MaxNewSize                               = 612368384                                 {product} {ergonomic}
   size_t MinHeapDeltaBytes                        = 1048576                                   {product} {ergonomic}
   size_t MinHeapSize                              = 8388608                                   {product} {ergonomic}
    uintx NonNMethodCodeHeapSize                   = 5832780                                {pd product} {ergonomic}
    uintx NonProfiledCodeHeapSize                  = 122912730                              {pd product} {ergonomic}
    uintx ProfiledCodeHeapSize                     = 122912730                              {pd product} {ergonomic}
    uintx ReservedCodeCacheSize                    = 251658240                              {pd product} {ergonomic}
     bool SegmentedCodeCache                       = true                                      {product} {ergonomic}
   size_t SoftMaxHeapSize                          = 1021313024                             {manageable} {ergonomic}
     bool UseCompressedOops                        = true                           {product lp64_product} {ergonomic}
     bool UseG1GC                                  = true                                      {product} {ergonomic}
     bool UseLargePagesIndividualAllocation        = false                                  {pd product} {ergonomic}

Logging:
Log output configuration:
 #0: stdout all=warning uptime,level,tags foldmultilines=false
 #1: stderr all=off uptime,level,tags foldmultilines=false

Environment Variables:
JAVA_HOME=C:\Program Files\Java\jdk-21
PATH=C:\Program Files\Common Files\Oracle\Java\javapath;C:\WINDOWS\system32;C:\WINDOWS;C:\WINDOWS\System32\Wbem;C:\WINDOWS\System32\WindowsPowerShell\v1.0\;C:\WINDOWS\System32\OpenSSH\;C:\MinGW\bin;C:\Program Files\dotnet\;C:\Program Files\MySQL\MySQL Server 8.0\bin;C:\xampp\php;C:\Program Files\MATLAB\R2024b\bin;C:\Program Files\Java\jdk-23\bin;C:\Users\USER\Downloads\apache-ant-1.10.15-bin\bin;C:\Program Files\Java\javafx-sdk-23.0.1\bin;C:\Program Files\NetBeans-20\netbeans\java\maven;C:\Users\USER\Downloads\apache-maven-3.9.9-bin\apache-maven-3.9.9\bin;C:\Program Files\Java\jdk-21\bin;C:\Program Files\Java\javafx-sdk-21.0.5\bin;C:\Program Files\Java\jdk-21\bin;C:\Program Files\MySQL\MySQL Shell 8.0\bin\;C:\Users\USER\AppData\Local\Microsoft\WindowsApps;;C:\Users\USER\Documents\FILE MEEEEE\Microsoft VS Code\bin
USERNAME=USER
OS=Windows_NT
PROCESSOR_IDENTIFIER=Intel64 Family 6 Model 140 Stepping 1, GenuineIntel
TMP=C:\Users\USER\AppData\Local\Temp
TEMP=C:\Users\USER\AppData\Local\Temp




Periodic native trim disabled

---------------  S Y S T E M  ---------------

OS:
 Windows 11 , 64 bit Build 22621 (10.0.22621.4391)
OS uptime: 0 days 19:31 hours

CPU: total 4 (initial active 4) (2 cores per cpu, 2 threads per core) family 6 model 140 stepping 1 microcode 0x9a, cx8, cmov, fxsr, ht, mmx, 3dnowpref, sse, sse2, sse3, ssse3, sse4.1, sse4.2, popcnt, lzcnt, tsc, tscinvbit, avx, avx2, aes, erms, clmul, bmi1, bmi2, adx, avx512f, avx512dq, avx512cd, avx512bw, avx512vl, sha, fma, vzeroupper, avx512_vpopcntdq, avx512_vpclmulqdq, avx512_vaes, avx512_vnni, clflush, clflushopt, clwb, avx512_vbmi2, avx512_vbmi, rdtscp, rdpid, fsrm, gfni, avx512_bitalg, f16c, pku, cet_ibt, cet_ss, avx512_ifma
Processor Information for all 4 processors :
  Max Mhz: 2995, Current Mhz: 2995, Mhz Limit: 2995

Memory: 4k page, system-wide physical 3895M (65M free)
TotalPageFile size 15671M (AvailPageFile size 2M)
current process WorkingSet (physical memory assigned to process): 115M, peak: 115M
current process commit charge ("private bytes"): 166M, peak: 166M

vm_info: Java HotSpot(TM) 64-Bit Server VM (21.0.5+9-LTS-239) for windows-amd64 JRE (21.0.5+9-LTS-239), built on 2024-09-30T05:17:38Z by "mach5one" with MS VC++ 17.6 (VS2022)

END.
