#
# There is insufficient memory for the Java Runtime Environment to continue.
# Native memory allocation (malloc) failed to allocate 278160 bytes for Chunk::new
# Possible reasons:
#   The system is out of physical RAM or swap space
#   The process is running with CompressedOops enabled, and the Java Heap may be blocking the growth of the native heap
# Possible solutions:
#   Reduce memory load on the system
#   Increase physical memory or swap space
#   Check if swap backing store is full
#   Decrease Java heap size (-Xmx/-Xms)
#   Decrease number of Java threads
#   Decrease Java thread stack sizes (-Xss)
#   Set larger code cache with -XX:ReservedCodeCacheSize=
#   JVM is running with Unscaled Compressed Oops mode in which the Java heap is
#     placed in the first 4GB address space. The Java Heap base address is the
#     maximum limit for the native heap growth. Please use -XX:HeapBaseMinAddress
#     to set the Java Heap base and to place the Java Heap above 4GB virtual address.
# This output file may be truncated or incomplete.
#
#  Out of Memory Error (arena.cpp:168), pid=15124, tid=19352
#
# JRE version: Java(TM) SE Runtime Environment (21.0.5+9) (build 21.0.5+9-LTS-239)
# Java VM: Java HotSpot(TM) 64-Bit Server VM (21.0.5+9-LTS-239, mixed mode, sharing, tiered, compressed oops, compressed class ptrs, g1 gc, windows-amd64)
# No core dump will be written. Minidumps are not enabled by default on client versions of Windows
#

---------------  S U M M A R Y ------------

Command Line: --module-path=C:\Users\USER\.m2\repository\org\openjfx\javafx-base\23.0.1\javafx-base-23.0.1-win.jar;C:\Users\USER\.m2\repository\org\openjfx\javafx-base\23.0.1\javafx-base-23.0.1.jar;C:\Users\USER\.m2\repository\org\openjfx\javafx-controls\23.0.1\javafx-controls-23.0.1-win.jar;C:\Users\USER\.m2\repository\org\openjfx\javafx-controls\23.0.1\javafx-controls-23.0.1.jar;C:\Users\USER\.m2\repository\org\openjfx\javafx-fxml\23.0.1\javafx-fxml-23.0.1-win.jar;C:\Users\USER\.m2\repository\org\openjfx\javafx-fxml\23.0.1\javafx-fxml-23.0.1.jar;C:\Users\USER\.m2\repository\org\openjfx\javafx-graphics\23.0.1\javafx-graphics-23.0.1-win.jar;C:\Users\USER\.m2\repository\org\openjfx\javafx-graphics\23.0.1\javafx-graphics-23.0.1.jar --add-modules=javafx.base,javafx.controls,javafx.fxml,javafx.graphics com.mycompany.java_farm.mainUi

Host: 11th Gen Intel(R) Core(TM) i3-1115G4 @ 3.00GHz, 4 cores, 3G,  Windows 11 , 64 bit Build 22621 (10.0.22621.4391)
Time: Thu Dec 12 09:09:37 2024 SE Asia Standard Time elapsed time: 32.801942 seconds (0d 0h 0m 32s)

---------------  T H R E A D  ---------------

Current thread (0x000001816b057040):  JavaThread "C2 CompilerThread0" daemon [_thread_in_native, id=19352, stack(0x00000010d7c00000,0x00000010d7d00000) (1024K)]


Current CompileTask:
C2:  32802 5695   !   4       com.sun.javafx.css.StyleManager::findMatchingStyles (1270 bytes)

Stack: [0x00000010d7c00000,0x00000010d7d00000]
Native frames: (J=compiled Java code, j=interpreted, Vv=VM code, C=native code)
V  [jvm.dll+0x6ca289]
V  [jvm.dll+0x854a51]
V  [jvm.dll+0x856f7e]
V  [jvm.dll+0x857653]
V  [jvm.dll+0x27dd26]
V  [jvm.dll+0xc4c2d]
V  [jvm.dll+0xc5163]
V  [jvm.dll+0x13ebef]
V  [jvm.dll+0x655582]
V  [jvm.dll+0x659818]
V  [jvm.dll+0x246795]
V  [jvm.dll+0x245eef]
V  [jvm.dll+0x1c6d0e]
V  [jvm.dll+0x2554d9]
V  [jvm.dll+0x253a6a]
V  [jvm.dll+0x3ee136]
V  [jvm.dll+0x7fee9b]
V  [jvm.dll+0x6c896d]
C  [ucrtbase.dll+0x29333]
C  [KERNEL32.DLL+0x1259d]
C  [ntdll.dll+0x5af38]


---------------  P R O C E S S  ---------------

Threads class SMR info:
_java_thread_list=0x00000181761b2880, length=18, elements={
0x000001814e1d5d60, 0x000001816b0422d0, 0x000001816b0431e0, 0x000001816b048790,
0x000001816b04a4e0, 0x000001816b04e350, 0x000001816b050db0, 0x000001816b057040,
0x000001816b061af0, 0x00000181504dd0b0, 0x000001816b3fae00, 0x000001816b87ed10,
0x000001816ba57100, 0x000001816ba64510, 0x000001816bc951a0, 0x000001816bc908c0,
0x0000018175fbcd20, 0x0000018175e056f0
}

Java Threads: ( => current thread )
  0x000001814e1d5d60 JavaThread "main"                              [_thread_blocked, id=16748, stack(0x00000010d6e00000,0x00000010d6f00000) (1024K)]
  0x000001816b0422d0 JavaThread "Reference Handler"          daemon [_thread_blocked, id=18628, stack(0x00000010d7600000,0x00000010d7700000) (1024K)]
  0x000001816b0431e0 JavaThread "Finalizer"                  daemon [_thread_blocked, id=18860, stack(0x00000010d7700000,0x00000010d7800000) (1024K)]
  0x000001816b048790 JavaThread "Signal Dispatcher"          daemon [_thread_blocked, id=17288, stack(0x00000010d7800000,0x00000010d7900000) (1024K)]
  0x000001816b04a4e0 JavaThread "Attach Listener"            daemon [_thread_blocked, id=15336, stack(0x00000010d7900000,0x00000010d7a00000) (1024K)]
  0x000001816b04e350 JavaThread "Service Thread"             daemon [_thread_blocked, id=18872, stack(0x00000010d7a00000,0x00000010d7b00000) (1024K)]
  0x000001816b050db0 JavaThread "Monitor Deflation Thread"   daemon [_thread_blocked, id=16692, stack(0x00000010d7b00000,0x00000010d7c00000) (1024K)]
=>0x000001816b057040 JavaThread "C2 CompilerThread0"         daemon [_thread_in_native, id=19352, stack(0x00000010d7c00000,0x00000010d7d00000) (1024K)]
  0x000001816b061af0 JavaThread "C1 CompilerThread0"         daemon [_thread_blocked, id=1584, stack(0x00000010d7d00000,0x00000010d7e00000) (1024K)]
  0x00000181504dd0b0 JavaThread "Common-Cleaner"             daemon [_thread_blocked, id=15760, stack(0x00000010d7e00000,0x00000010d7f00000) (1024K)]
  0x000001816b3fae00 JavaThread "Notification Thread"        daemon [_thread_blocked, id=7992, stack(0x00000010d7f00000,0x00000010d8000000) (1024K)]
  0x000001816b87ed10 JavaThread "QuantumRenderer-0"          daemon [_thread_blocked, id=10740, stack(0x00000010d8300000,0x00000010d8400000) (1024K)]
  0x000001816ba57100 JavaThread "InvokeLaterDispatcher"      daemon [_thread_blocked, id=16172, stack(0x00000010d8400000,0x00000010d8500000) (1024K)]
  0x000001816ba64510 JavaThread "JavaFX Application Thread"         [_thread_in_native, id=16300, stack(0x00000010d8500000,0x00000010d8600000) (1024K)]
  0x000001816bc951a0 JavaThread "JavaFX-Launcher"                   [_thread_blocked, id=6068, stack(0x00000010d8a00000,0x00000010d8b00000) (1024K)]
  0x000001816bc908c0 JavaThread "Thread-2"                   daemon [_thread_in_native, id=17208, stack(0x00000010d8900000,0x00000010d8a00000) (1024K)]
  0x0000018175fbcd20 JavaThread "Prism Font Disposer"        daemon [_thread_blocked, id=16432, stack(0x00000010d8b00000,0x00000010d8c00000) (1024K)]
  0x0000018175e056f0 JavaThread "Cleaner-0"                  daemon [_thread_blocked, id=10904, stack(0x00000010d8f00000,0x00000010d9000000) (1024K)]
Total: 18

Other Threads:
  0x00000181504edd10 VMThread "VM Thread"                           [id=18220, stack(0x00000010d7500000,0x00000010d7600000) (1024K)]
  0x000001816b02d960 WatcherThread "VM Periodic Task Thread"        [id=18376, stack(0x00000010d7400000,0x00000010d7500000) (1024K)]
  0x0000018150463370 WorkerThread "GC Thread#0"                     [id=14368, stack(0x00000010d6f00000,0x00000010d7000000) (1024K)]
  0x000001816b4610a0 WorkerThread "GC Thread#1"                     [id=17812, stack(0x00000010d8000000,0x00000010d8100000) (1024K)]
  0x000001816b735480 WorkerThread "GC Thread#2"                     [id=12220, stack(0x00000010d8100000,0x00000010d8200000) (1024K)]
  0x000001816b735820 WorkerThread "GC Thread#3"                     [id=8716, stack(0x00000010d8200000,0x00000010d8300000) (1024K)]
  0x000001815046c520 ConcurrentGCThread "G1 Main Marker"            [id=11332, stack(0x00000010d7000000,0x00000010d7100000) (1024K)]
  0x000001815046d1d0 WorkerThread "G1 Conc#0"                       [id=18092, stack(0x00000010d7100000,0x00000010d7200000) (1024K)]
  0x00000181504c8f30 ConcurrentGCThread "G1 Refine#0"               [id=9716, stack(0x00000010d7200000,0x00000010d7300000) (1024K)]
  0x00000181504c9aa0 ConcurrentGCThread "G1 Service"                [id=17364, stack(0x00000010d7300000,0x00000010d7400000) (1024K)]
Total: 10

Threads with active compile tasks:
C2 CompilerThread0    32833 5695   !   4       com.sun.javafx.css.StyleManager::findMatchingStyles (1270 bytes)
Total: 1

VM state: not at safepoint (normal execution)

VM Mutex/Monitor currently owned by a thread: None

Heap address: 0x00000000c3200000, size: 974 MB, Compressed Oops mode: 32-bit

CDS archive(s) mapped at: [0x0000018100000000-0x0000018100c90000-0x0000018100c90000), size 13172736, SharedBaseAddress: 0x0000018100000000, ArchiveRelocationMode: 1.
Compressed class space mapped at: 0x0000018101000000-0x0000018141000000, reserved size: 1073741824
Narrow klass base: 0x0000018100000000, Narrow klass shift: 0, Narrow klass range: 0x100000000

GC Precious Log:
 CardTable entry size: 512
 Card Set container configuration: InlinePtr #cards 5 size 8 Array Of Cards #cards 12 size 40 Howl #buckets 4 coarsen threshold 1843 Howl Bitmap #cards 512 size 80 coarsen threshold 460 Card regions per heap region 1 cards per card region 2048
 CPUs: 4 total, 4 available
 Memory: 3895M
 Large Page Support: Disabled
 NUMA Support: Disabled
 Compressed Oops: Enabled (32-bit)
 Heap Region Size: 1M
 Heap Min Capacity: 8M
 Heap Initial Capacity: 62M
 Heap Max Capacity: 974M
 Pre-touch: Disabled
 Parallel Workers: 4
 Concurrent Workers: 1
 Concurrent Refinement Workers: 4
 Periodic GC: Disabled

Heap:
 garbage-first heap   total 292864K, used 291033K [0x00000000c3200000, 0x0000000100000000)
  region size 1024K, 31 young (31744K), 3 survivors (3072K)
 Metaspace       used 19325K, committed 19712K, reserved 1114112K
  class space    used 2689K, committed 2880K, reserved 1048576K

Heap Regions: E=young(eden), S=young(survivor), O=old, HS=humongous(starts), HC=humongous(continues), CS=collection set, F=free, TAMS=top-at-mark-start, PB=parsable bottom
|   0|0x00000000c3200000, 0x00000000c3300000, 0x00000000c3300000|100%| O|  |TAMS 0x00000000c3200000| PB 0x00000000c3200000| Untracked 
|   1|0x00000000c3300000, 0x00000000c3400000, 0x00000000c3400000|100%| O|  |TAMS 0x00000000c3300000| PB 0x00000000c3300000| Untracked 
|   2|0x00000000c3400000, 0x00000000c3500000, 0x00000000c3500000|100%| O|  |TAMS 0x00000000c3400000| PB 0x00000000c3400000| Untracked 
|   3|0x00000000c3500000, 0x00000000c3600000, 0x00000000c3600000|100%|HS|  |TAMS 0x00000000c3500000| PB 0x00000000c3500000| Complete 
|   4|0x00000000c3600000, 0x00000000c3700000, 0x00000000c3700000|100%|HC|  |TAMS 0x00000000c3600000| PB 0x00000000c3600000| Complete 
|   5|0x00000000c3700000, 0x00000000c3800000, 0x00000000c3800000|100%|HS|  |TAMS 0x00000000c3700000| PB 0x00000000c3700000| Complete 
|   6|0x00000000c3800000, 0x00000000c3900000, 0x00000000c3900000|100%|HC|  |TAMS 0x00000000c3800000| PB 0x00000000c3800000| Complete 
|   7|0x00000000c3900000, 0x00000000c3a00000, 0x00000000c3a00000|100%|HC|  |TAMS 0x00000000c3900000| PB 0x00000000c3900000| Complete 
|   8|0x00000000c3a00000, 0x00000000c3b00000, 0x00000000c3b00000|100%|HC|  |TAMS 0x00000000c3a00000| PB 0x00000000c3a00000| Complete 
|   9|0x00000000c3b00000, 0x00000000c3c00000, 0x00000000c3c00000|100%|HS|  |TAMS 0x00000000c3b00000| PB 0x00000000c3b00000| Complete 
|  10|0x00000000c3c00000, 0x00000000c3d00000, 0x00000000c3d00000|100%|HC|  |TAMS 0x00000000c3c00000| PB 0x00000000c3c00000| Complete 
|  11|0x00000000c3d00000, 0x00000000c3e00000, 0x00000000c3e00000|100%|HS|  |TAMS 0x00000000c3d00000| PB 0x00000000c3d00000| Complete 
|  12|0x00000000c3e00000, 0x00000000c3f00000, 0x00000000c3f00000|100%|HC|  |TAMS 0x00000000c3e00000| PB 0x00000000c3e00000| Complete 
|  13|0x00000000c3f00000, 0x00000000c4000000, 0x00000000c4000000|100%|HS|  |TAMS 0x00000000c3f00000| PB 0x00000000c3f00000| Complete 
|  14|0x00000000c4000000, 0x00000000c4100000, 0x00000000c4100000|100%|HC|  |TAMS 0x00000000c4000000| PB 0x00000000c4000000| Complete 
|  15|0x00000000c4100000, 0x00000000c4200000, 0x00000000c4200000|100%|HS|  |TAMS 0x00000000c4100000| PB 0x00000000c4100000| Complete 
|  16|0x00000000c4200000, 0x00000000c4300000, 0x00000000c4300000|100%|HC|  |TAMS 0x00000000c4200000| PB 0x00000000c4200000| Complete 
|  17|0x00000000c4300000, 0x00000000c4400000, 0x00000000c4400000|100%|HS|  |TAMS 0x00000000c4300000| PB 0x00000000c4300000| Complete 
|  18|0x00000000c4400000, 0x00000000c4500000, 0x00000000c4500000|100%|HC|  |TAMS 0x00000000c4400000| PB 0x00000000c4400000| Complete 
|  19|0x00000000c4500000, 0x00000000c4600000, 0x00000000c4600000|100%|HS|  |TAMS 0x00000000c4500000| PB 0x00000000c4500000| Complete 
|  20|0x00000000c4600000, 0x00000000c4700000, 0x00000000c4700000|100%|HC|  |TAMS 0x00000000c4600000| PB 0x00000000c4600000| Complete 
|  21|0x00000000c4700000, 0x00000000c4800000, 0x00000000c4800000|100%|HS|  |TAMS 0x00000000c4700000| PB 0x00000000c4700000| Complete 
|  22|0x00000000c4800000, 0x00000000c4900000, 0x00000000c4900000|100%|HC|  |TAMS 0x00000000c4800000| PB 0x00000000c4800000| Complete 
|  23|0x00000000c4900000, 0x00000000c4a00000, 0x00000000c4a00000|100%| O|  |TAMS 0x00000000c4900000| PB 0x00000000c4900000| Untracked 
|  24|0x00000000c4a00000, 0x00000000c4ac1900, 0x00000000c4b00000| 75%| E|  |TAMS 0x00000000c4a00000| PB 0x00000000c4a00000| Complete 
|  25|0x00000000c4b00000, 0x00000000c4c00000, 0x00000000c4c00000|100%|HS|  |TAMS 0x00000000c4b00000| PB 0x00000000c4b00000| Complete 
|  26|0x00000000c4c00000, 0x00000000c4d00000, 0x00000000c4d00000|100%|HC|  |TAMS 0x00000000c4c00000| PB 0x00000000c4c00000| Complete 
|  27|0x00000000c4d00000, 0x00000000c4e00000, 0x00000000c4e00000|100%| O|  |TAMS 0x00000000c4d00000| PB 0x00000000c4d00000| Untracked 
|  28|0x00000000c4e00000, 0x00000000c4f00000, 0x00000000c4f00000|100%| O|  |TAMS 0x00000000c4e00000| PB 0x00000000c4e00000| Untracked 
|  29|0x00000000c4f00000, 0x00000000c5000000, 0x00000000c5000000|100%| O|  |TAMS 0x00000000c4f00000| PB 0x00000000c4f00000| Untracked 
|  30|0x00000000c5000000, 0x00000000c5100000, 0x00000000c5100000|100%| O|  |TAMS 0x00000000c5000000| PB 0x00000000c5000000| Untracked 
|  31|0x00000000c5100000, 0x00000000c5200000, 0x00000000c5200000|100%|HS|  |TAMS 0x00000000c5100000| PB 0x00000000c5100000| Complete 
|  32|0x00000000c5200000, 0x00000000c5300000, 0x00000000c5300000|100%|HC|  |TAMS 0x00000000c5200000| PB 0x00000000c5200000| Complete 
|  33|0x00000000c5300000, 0x00000000c5400000, 0x00000000c5400000|100%|HS|  |TAMS 0x00000000c5300000| PB 0x00000000c5300000| Complete 
|  34|0x00000000c5400000, 0x00000000c5500000, 0x00000000c5500000|100%|HC|  |TAMS 0x00000000c5400000| PB 0x00000000c5400000| Complete 
|  35|0x00000000c5500000, 0x00000000c5600000, 0x00000000c5600000|100%|HC|  |TAMS 0x00000000c5500000| PB 0x00000000c5500000| Complete 
|  36|0x00000000c5600000, 0x00000000c5700000, 0x00000000c5700000|100%|HC|  |TAMS 0x00000000c5600000| PB 0x00000000c5600000| Complete 
|  37|0x00000000c5700000, 0x00000000c5800000, 0x00000000c5800000|100%|HS|  |TAMS 0x00000000c5700000| PB 0x00000000c5700000| Complete 
|  38|0x00000000c5800000, 0x00000000c5900000, 0x00000000c5900000|100%|HC|  |TAMS 0x00000000c5800000| PB 0x00000000c5800000| Complete 
|  39|0x00000000c5900000, 0x00000000c5a00000, 0x00000000c5a00000|100%|HS|  |TAMS 0x00000000c5900000| PB 0x00000000c5900000| Complete 
|  40|0x00000000c5a00000, 0x00000000c5b00000, 0x00000000c5b00000|100%|HC|  |TAMS 0x00000000c5a00000| PB 0x00000000c5a00000| Complete 
|  41|0x00000000c5b00000, 0x00000000c5c00000, 0x00000000c5c00000|100%|HS|  |TAMS 0x00000000c5b00000| PB 0x00000000c5b00000| Complete 
|  42|0x00000000c5c00000, 0x00000000c5d00000, 0x00000000c5d00000|100%|HC|  |TAMS 0x00000000c5c00000| PB 0x00000000c5c00000| Complete 
|  43|0x00000000c5d00000, 0x00000000c5e00000, 0x00000000c5e00000|100%|HC|  |TAMS 0x00000000c5d00000| PB 0x00000000c5d00000| Complete 
|  44|0x00000000c5e00000, 0x00000000c5f00000, 0x00000000c5f00000|100%|HC|  |TAMS 0x00000000c5e00000| PB 0x00000000c5e00000| Complete 
|  45|0x00000000c5f00000, 0x00000000c6000000, 0x00000000c6000000|100%|HS|  |TAMS 0x00000000c5f00000| PB 0x00000000c5f00000| Complete 
|  46|0x00000000c6000000, 0x00000000c6100000, 0x00000000c6100000|100%|HC|  |TAMS 0x00000000c6000000| PB 0x00000000c6000000| Complete 
|  47|0x00000000c6100000, 0x00000000c6200000, 0x00000000c6200000|100%|HS|  |TAMS 0x00000000c6100000| PB 0x00000000c6100000| Complete 
|  48|0x00000000c6200000, 0x00000000c6300000, 0x00000000c6300000|100%|HC|  |TAMS 0x00000000c6200000| PB 0x00000000c6200000| Complete 
|  49|0x00000000c6300000, 0x00000000c6400000, 0x00000000c6400000|100%|HS|  |TAMS 0x00000000c6300000| PB 0x00000000c6300000| Complete 
|  50|0x00000000c6400000, 0x00000000c6500000, 0x00000000c6500000|100%|HC|  |TAMS 0x00000000c6400000| PB 0x00000000c6400000| Complete 
|  51|0x00000000c6500000, 0x00000000c6600000, 0x00000000c6600000|100%|HS|  |TAMS 0x00000000c6500000| PB 0x00000000c6500000| Complete 
|  52|0x00000000c6600000, 0x00000000c6700000, 0x00000000c6700000|100%|HC|  |TAMS 0x00000000c6600000| PB 0x00000000c6600000| Complete 
|  53|0x00000000c6700000, 0x00000000c6800000, 0x00000000c6800000|100%|HS|  |TAMS 0x00000000c6700000| PB 0x00000000c6700000| Complete 
|  54|0x00000000c6800000, 0x00000000c6900000, 0x00000000c6900000|100%|HC|  |TAMS 0x00000000c6800000| PB 0x00000000c6800000| Complete 
|  55|0x00000000c6900000, 0x00000000c6a00000, 0x00000000c6a00000|100%|HS|  |TAMS 0x00000000c6900000| PB 0x00000000c6900000| Complete 
|  56|0x00000000c6a00000, 0x00000000c6b00000, 0x00000000c6b00000|100%|HC|  |TAMS 0x00000000c6a00000| PB 0x00000000c6a00000| Complete 
|  57|0x00000000c6b00000, 0x00000000c6c00000, 0x00000000c6c00000|100%|HS|  |TAMS 0x00000000c6b00000| PB 0x00000000c6b00000| Complete 
|  58|0x00000000c6c00000, 0x00000000c6d00000, 0x00000000c6d00000|100%|HC|  |TAMS 0x00000000c6c00000| PB 0x00000000c6c00000| Complete 
|  59|0x00000000c6d00000, 0x00000000c6e00000, 0x00000000c6e00000|100%| E|CS|TAMS 0x00000000c6d00000| PB 0x00000000c6d00000| Complete 
|  60|0x00000000c6e00000, 0x00000000c6f00000, 0x00000000c6f00000|100%|HS|  |TAMS 0x00000000c6e00000| PB 0x00000000c6e00000| Complete 
|  61|0x00000000c6f00000, 0x00000000c7000000, 0x00000000c7000000|100%|HS|  |TAMS 0x00000000c6f00000| PB 0x00000000c6f00000| Complete 
|  62|0x00000000c7000000, 0x00000000c7100000, 0x00000000c7100000|100%|HC|  |TAMS 0x00000000c7000000| PB 0x00000000c7000000| Complete 
|  63|0x00000000c7100000, 0x00000000c7200000, 0x00000000c7200000|100%| E|CS|TAMS 0x00000000c7100000| PB 0x00000000c7100000| Complete 
|  64|0x00000000c7200000, 0x00000000c7300000, 0x00000000c7300000|100%|HS|  |TAMS 0x00000000c7200000| PB 0x00000000c7200000| Complete 
|  65|0x00000000c7300000, 0x00000000c7400000, 0x00000000c7400000|100%|HS|  |TAMS 0x00000000c7300000| PB 0x00000000c7300000| Complete 
|  66|0x00000000c7400000, 0x00000000c7500000, 0x00000000c7500000|100%|HC|  |TAMS 0x00000000c7400000| PB 0x00000000c7400000| Complete 
|  67|0x00000000c7500000, 0x00000000c7600000, 0x00000000c7600000|100%|HC|  |TAMS 0x00000000c7500000| PB 0x00000000c7500000| Complete 
|  68|0x00000000c7600000, 0x00000000c7700000, 0x00000000c7700000|100%|HC|  |TAMS 0x00000000c7600000| PB 0x00000000c7600000| Complete 
|  69|0x00000000c7700000, 0x00000000c7800000, 0x00000000c7800000|100%|HS|  |TAMS 0x00000000c7700000| PB 0x00000000c7700000| Complete 
|  70|0x00000000c7800000, 0x00000000c7900000, 0x00000000c7900000|100%|HC|  |TAMS 0x00000000c7800000| PB 0x00000000c7800000| Complete 
|  71|0x00000000c7900000, 0x00000000c7a00000, 0x00000000c7a00000|100%|HS|  |TAMS 0x00000000c7900000| PB 0x00000000c7900000| Complete 
|  72|0x00000000c7a00000, 0x00000000c7b00000, 0x00000000c7b00000|100%|HC|  |TAMS 0x00000000c7a00000| PB 0x00000000c7a00000| Complete 
|  73|0x00000000c7b00000, 0x00000000c7c00000, 0x00000000c7c00000|100%|HS|  |TAMS 0x00000000c7b00000| PB 0x00000000c7b00000| Complete 
|  74|0x00000000c7c00000, 0x00000000c7d00000, 0x00000000c7d00000|100%|HC|  |TAMS 0x00000000c7c00000| PB 0x00000000c7c00000| Complete 
|  75|0x00000000c7d00000, 0x00000000c7e00000, 0x00000000c7e00000|100%|HS|  |TAMS 0x00000000c7d00000| PB 0x00000000c7d00000| Complete 
|  76|0x00000000c7e00000, 0x00000000c7f00000, 0x00000000c7f00000|100%|HC|  |TAMS 0x00000000c7e00000| PB 0x00000000c7e00000| Complete 
|  77|0x00000000c7f00000, 0x00000000c8000000, 0x00000000c8000000|100%|HS|  |TAMS 0x00000000c7f00000| PB 0x00000000c7f00000| Complete 
|  78|0x00000000c8000000, 0x00000000c8100000, 0x00000000c8100000|100%|HC|  |TAMS 0x00000000c8000000| PB 0x00000000c8000000| Complete 
|  79|0x00000000c8100000, 0x00000000c8200000, 0x00000000c8200000|100%|HS|  |TAMS 0x00000000c8100000| PB 0x00000000c8100000| Complete 
|  80|0x00000000c8200000, 0x00000000c8300000, 0x00000000c8300000|100%|HC|  |TAMS 0x00000000c8200000| PB 0x00000000c8200000| Complete 
|  81|0x00000000c8300000, 0x00000000c8400000, 0x00000000c8400000|100%|HS|  |TAMS 0x00000000c8300000| PB 0x00000000c8300000| Complete 
|  82|0x00000000c8400000, 0x00000000c8500000, 0x00000000c8500000|100%|HC|  |TAMS 0x00000000c8400000| PB 0x00000000c8400000| Complete 
|  83|0x00000000c8500000, 0x00000000c8600000, 0x00000000c8600000|100%|HS|  |TAMS 0x00000000c8500000| PB 0x00000000c8500000| Complete 
|  84|0x00000000c8600000, 0x00000000c8700000, 0x00000000c8700000|100%|HC|  |TAMS 0x00000000c8600000| PB 0x00000000c8600000| Complete 
|  85|0x00000000c8700000, 0x00000000c8800000, 0x00000000c8800000|100%|HS|  |TAMS 0x00000000c8700000| PB 0x00000000c8700000| Complete 
|  86|0x00000000c8800000, 0x00000000c8900000, 0x00000000c8900000|100%|HC|  |TAMS 0x00000000c8800000| PB 0x00000000c8800000| Complete 
|  87|0x00000000c8900000, 0x00000000c8a00000, 0x00000000c8a00000|100%|HS|  |TAMS 0x00000000c8900000| PB 0x00000000c8900000| Complete 
|  88|0x00000000c8a00000, 0x00000000c8b00000, 0x00000000c8b00000|100%|HC|  |TAMS 0x00000000c8a00000| PB 0x00000000c8a00000| Complete 
|  89|0x00000000c8b00000, 0x00000000c8c00000, 0x00000000c8c00000|100%|HS|  |TAMS 0x00000000c8b00000| PB 0x00000000c8b00000| Complete 
|  90|0x00000000c8c00000, 0x00000000c8d00000, 0x00000000c8d00000|100%|HC|  |TAMS 0x00000000c8c00000| PB 0x00000000c8c00000| Complete 
|  91|0x00000000c8d00000, 0x00000000c8e00000, 0x00000000c8e00000|100%|HS|  |TAMS 0x00000000c8d00000| PB 0x00000000c8d00000| Complete 
|  92|0x00000000c8e00000, 0x00000000c8f00000, 0x00000000c8f00000|100%|HC|  |TAMS 0x00000000c8e00000| PB 0x00000000c8e00000| Complete 
|  93|0x00000000c8f00000, 0x00000000c9000000, 0x00000000c9000000|100%|HS|  |TAMS 0x00000000c8f00000| PB 0x00000000c8f00000| Complete 
|  94|0x00000000c9000000, 0x00000000c9100000, 0x00000000c9100000|100%|HC|  |TAMS 0x00000000c9000000| PB 0x00000000c9000000| Complete 
|  95|0x00000000c9100000, 0x00000000c9200000, 0x00000000c9200000|100%|HS|  |TAMS 0x00000000c9100000| PB 0x00000000c9100000| Complete 
|  96|0x00000000c9200000, 0x00000000c9300000, 0x00000000c9300000|100%|HC|  |TAMS 0x00000000c9200000| PB 0x00000000c9200000| Complete 
|  97|0x00000000c9300000, 0x00000000c9400000, 0x00000000c9400000|100%|HS|  |TAMS 0x00000000c9300000| PB 0x00000000c9300000| Complete 
|  98|0x00000000c9400000, 0x00000000c9500000, 0x00000000c9500000|100%|HC|  |TAMS 0x00000000c9400000| PB 0x00000000c9400000| Complete 
|  99|0x00000000c9500000, 0x00000000c9600000, 0x00000000c9600000|100%|HC|  |TAMS 0x00000000c9500000| PB 0x00000000c9500000| Complete 
| 100|0x00000000c9600000, 0x00000000c9700000, 0x00000000c9700000|100%|HC|  |TAMS 0x00000000c9600000| PB 0x00000000c9600000| Complete 
| 101|0x00000000c9700000, 0x00000000c9800000, 0x00000000c9800000|100%|HS|  |TAMS 0x00000000c9700000| PB 0x00000000c9700000| Complete 
| 102|0x00000000c9800000, 0x00000000c9900000, 0x00000000c9900000|100%|HC|  |TAMS 0x00000000c9800000| PB 0x00000000c9800000| Complete 
| 103|0x00000000c9900000, 0x00000000c9a00000, 0x00000000c9a00000|100%|HS|  |TAMS 0x00000000c9900000| PB 0x00000000c9900000| Complete 
| 104|0x00000000c9a00000, 0x00000000c9b00000, 0x00000000c9b00000|100%|HC|  |TAMS 0x00000000c9a00000| PB 0x00000000c9a00000| Complete 
| 105|0x00000000c9b00000, 0x00000000c9c00000, 0x00000000c9c00000|100%|HS|  |TAMS 0x00000000c9b00000| PB 0x00000000c9b00000| Complete 
| 106|0x00000000c9c00000, 0x00000000c9d00000, 0x00000000c9d00000|100%|HC|  |TAMS 0x00000000c9c00000| PB 0x00000000c9c00000| Complete 
| 107|0x00000000c9d00000, 0x00000000c9e00000, 0x00000000c9e00000|100%|HC|  |TAMS 0x00000000c9d00000| PB 0x00000000c9d00000| Complete 
| 108|0x00000000c9e00000, 0x00000000c9f00000, 0x00000000c9f00000|100%|HC|  |TAMS 0x00000000c9e00000| PB 0x00000000c9e00000| Complete 
| 109|0x00000000c9f00000, 0x00000000ca000000, 0x00000000ca000000|100%|HS|  |TAMS 0x00000000c9f00000| PB 0x00000000c9f00000| Complete 
| 110|0x00000000ca000000, 0x00000000ca100000, 0x00000000ca100000|100%|HC|  |TAMS 0x00000000ca000000| PB 0x00000000ca000000| Complete 
| 111|0x00000000ca100000, 0x00000000ca200000, 0x00000000ca200000|100%|HS|  |TAMS 0x00000000ca100000| PB 0x00000000ca100000| Complete 
| 112|0x00000000ca200000, 0x00000000ca300000, 0x00000000ca300000|100%|HC|  |TAMS 0x00000000ca200000| PB 0x00000000ca200000| Complete 
| 113|0x00000000ca300000, 0x00000000ca400000, 0x00000000ca400000|100%|HS|  |TAMS 0x00000000ca300000| PB 0x00000000ca300000| Complete 
| 114|0x00000000ca400000, 0x00000000ca500000, 0x00000000ca500000|100%|HC|  |TAMS 0x00000000ca400000| PB 0x00000000ca400000| Complete 
| 115|0x00000000ca500000, 0x00000000ca600000, 0x00000000ca600000|100%|HS|  |TAMS 0x00000000ca500000| PB 0x00000000ca500000| Complete 
| 116|0x00000000ca600000, 0x00000000ca700000, 0x00000000ca700000|100%|HC|  |TAMS 0x00000000ca600000| PB 0x00000000ca600000| Complete 
| 117|0x00000000ca700000, 0x00000000ca800000, 0x00000000ca800000|100%|HS|  |TAMS 0x00000000ca700000| PB 0x00000000ca700000| Complete 
| 118|0x00000000ca800000, 0x00000000ca900000, 0x00000000ca900000|100%|HC|  |TAMS 0x00000000ca800000| PB 0x00000000ca800000| Complete 
| 119|0x00000000ca900000, 0x00000000caa00000, 0x00000000caa00000|100%|HS|  |TAMS 0x00000000ca900000| PB 0x00000000ca900000| Complete 
| 120|0x00000000caa00000, 0x00000000cab00000, 0x00000000cab00000|100%|HC|  |TAMS 0x00000000caa00000| PB 0x00000000caa00000| Complete 
| 121|0x00000000cab00000, 0x00000000cac00000, 0x00000000cac00000|100%|HS|  |TAMS 0x00000000cab00000| PB 0x00000000cab00000| Complete 
| 122|0x00000000cac00000, 0x00000000cad00000, 0x00000000cad00000|100%|HC|  |TAMS 0x00000000cac00000| PB 0x00000000cac00000| Complete 
| 123|0x00000000cad00000, 0x00000000cae00000, 0x00000000cae00000|100%|HS|  |TAMS 0x00000000cad00000| PB 0x00000000cad00000| Complete 
| 124|0x00000000cae00000, 0x00000000caf00000, 0x00000000caf00000|100%|HC|  |TAMS 0x00000000cae00000| PB 0x00000000cae00000| Complete 
| 125|0x00000000caf00000, 0x00000000cb000000, 0x00000000cb000000|100%| E|CS|TAMS 0x00000000caf00000| PB 0x00000000caf00000| Complete 
| 126|0x00000000cb000000, 0x00000000cb100000, 0x00000000cb100000|100%| E|CS|TAMS 0x00000000cb000000| PB 0x00000000cb000000| Complete 
| 127|0x00000000cb100000, 0x00000000cb200000, 0x00000000cb200000|100%| E|CS|TAMS 0x00000000cb100000| PB 0x00000000cb100000| Complete 
| 128|0x00000000cb200000, 0x00000000cb300000, 0x00000000cb300000|100%| E|CS|TAMS 0x00000000cb200000| PB 0x00000000cb200000| Complete 
| 129|0x00000000cb300000, 0x00000000cb400000, 0x00000000cb400000|100%| E|CS|TAMS 0x00000000cb300000| PB 0x00000000cb300000| Complete 
| 130|0x00000000cb400000, 0x00000000cb500000, 0x00000000cb500000|100%| E|CS|TAMS 0x00000000cb400000| PB 0x00000000cb400000| Complete 
| 131|0x00000000cb500000, 0x00000000cb600000, 0x00000000cb600000|100%| E|CS|TAMS 0x00000000cb500000| PB 0x00000000cb500000| Complete 
| 132|0x00000000cb600000, 0x00000000cb700000, 0x00000000cb700000|100%| E|CS|TAMS 0x00000000cb600000| PB 0x00000000cb600000| Complete 
| 133|0x00000000cb700000, 0x00000000cb800000, 0x00000000cb800000|100%| E|CS|TAMS 0x00000000cb700000| PB 0x00000000cb700000| Complete 
| 134|0x00000000cb800000, 0x00000000cb900000, 0x00000000cb900000|100%| E|CS|TAMS 0x00000000cb800000| PB 0x00000000cb800000| Complete 
| 135|0x00000000cb900000, 0x00000000cba00000, 0x00000000cba00000|100%| E|CS|TAMS 0x00000000cb900000| PB 0x00000000cb900000| Complete 
| 136|0x00000000cba00000, 0x00000000cbb00000, 0x00000000cbb00000|100%| E|CS|TAMS 0x00000000cba00000| PB 0x00000000cba00000| Complete 
| 137|0x00000000cbb00000, 0x00000000cbc00000, 0x00000000cbc00000|100%|HS|  |TAMS 0x00000000cbb00000| PB 0x00000000cbb00000| Complete 
| 138|0x00000000cbc00000, 0x00000000cbd00000, 0x00000000cbd00000|100%|HC|  |TAMS 0x00000000cbc00000| PB 0x00000000cbc00000| Complete 
| 139|0x00000000cbd00000, 0x00000000cbe00000, 0x00000000cbe00000|100%|HS|  |TAMS 0x00000000cbd00000| PB 0x00000000cbd00000| Complete 
| 140|0x00000000cbe00000, 0x00000000cbf00000, 0x00000000cbf00000|100%|HC|  |TAMS 0x00000000cbe00000| PB 0x00000000cbe00000| Complete 
| 141|0x00000000cbf00000, 0x00000000cc000000, 0x00000000cc000000|100%|HC|  |TAMS 0x00000000cbf00000| PB 0x00000000cbf00000| Complete 
| 142|0x00000000cc000000, 0x00000000cc100000, 0x00000000cc100000|100%|HC|  |TAMS 0x00000000cc000000| PB 0x00000000cc000000| Complete 
| 143|0x00000000cc100000, 0x00000000cc200000, 0x00000000cc200000|100%|HS|  |TAMS 0x00000000cc100000| PB 0x00000000cc100000| Complete 
| 144|0x00000000cc200000, 0x00000000cc300000, 0x00000000cc300000|100%|HC|  |TAMS 0x00000000cc200000| PB 0x00000000cc200000| Complete 
| 145|0x00000000cc300000, 0x00000000cc400000, 0x00000000cc400000|100%|HS|  |TAMS 0x00000000cc300000| PB 0x00000000cc300000| Complete 
| 146|0x00000000cc400000, 0x00000000cc500000, 0x00000000cc500000|100%|HC|  |TAMS 0x00000000cc400000| PB 0x00000000cc400000| Complete 
| 147|0x00000000cc500000, 0x00000000cc600000, 0x00000000cc600000|100%|HS|  |TAMS 0x00000000cc500000| PB 0x00000000cc500000| Complete 
| 148|0x00000000cc600000, 0x00000000cc700000, 0x00000000cc700000|100%|HC|  |TAMS 0x00000000cc600000| PB 0x00000000cc600000| Complete 
| 149|0x00000000cc700000, 0x00000000cc800000, 0x00000000cc800000|100%|HS|  |TAMS 0x00000000cc700000| PB 0x00000000cc700000| Complete 
| 150|0x00000000cc800000, 0x00000000cc900000, 0x00000000cc900000|100%|HC|  |TAMS 0x00000000cc800000| PB 0x00000000cc800000| Complete 
| 151|0x00000000cc900000, 0x00000000cca00000, 0x00000000cca00000|100%|HS|  |TAMS 0x00000000cc900000| PB 0x00000000cc900000| Complete 
| 152|0x00000000cca00000, 0x00000000ccb00000, 0x00000000ccb00000|100%|HC|  |TAMS 0x00000000cca00000| PB 0x00000000cca00000| Complete 
| 153|0x00000000ccb00000, 0x00000000ccc00000, 0x00000000ccc00000|100%|HS|  |TAMS 0x00000000ccb00000| PB 0x00000000ccb00000| Complete 
| 154|0x00000000ccc00000, 0x00000000ccd00000, 0x00000000ccd00000|100%|HC|  |TAMS 0x00000000ccc00000| PB 0x00000000ccc00000| Complete 
| 155|0x00000000ccd00000, 0x00000000cce00000, 0x00000000cce00000|100%|HS|  |TAMS 0x00000000ccd00000| PB 0x00000000ccd00000| Complete 
| 156|0x00000000cce00000, 0x00000000ccf00000, 0x00000000ccf00000|100%|HC|  |TAMS 0x00000000cce00000| PB 0x00000000cce00000| Complete 
| 157|0x00000000ccf00000, 0x00000000cd000000, 0x00000000cd000000|100%| E|CS|TAMS 0x00000000ccf00000| PB 0x00000000ccf00000| Complete 
| 158|0x00000000cd000000, 0x00000000cd100000, 0x00000000cd100000|100%| E|CS|TAMS 0x00000000cd000000| PB 0x00000000cd000000| Complete 
| 159|0x00000000cd100000, 0x00000000cd200000, 0x00000000cd200000|100%| E|CS|TAMS 0x00000000cd100000| PB 0x00000000cd100000| Complete 
| 160|0x00000000cd200000, 0x00000000cd300000, 0x00000000cd300000|100%| E|CS|TAMS 0x00000000cd200000| PB 0x00000000cd200000| Complete 
| 161|0x00000000cd300000, 0x00000000cd400000, 0x00000000cd400000|100%| E|CS|TAMS 0x00000000cd300000| PB 0x00000000cd300000| Complete 
| 162|0x00000000cd400000, 0x00000000cd500000, 0x00000000cd500000|100%| E|CS|TAMS 0x00000000cd400000| PB 0x00000000cd400000| Complete 
| 163|0x00000000cd500000, 0x00000000cd600000, 0x00000000cd600000|100%| E|CS|TAMS 0x00000000cd500000| PB 0x00000000cd500000| Complete 
| 164|0x00000000cd600000, 0x00000000cd700000, 0x00000000cd700000|100%| E|CS|TAMS 0x00000000cd600000| PB 0x00000000cd600000| Complete 
| 165|0x00000000cd700000, 0x00000000cd800000, 0x00000000cd800000|100%| E|CS|TAMS 0x00000000cd700000| PB 0x00000000cd700000| Complete 
| 166|0x00000000cd800000, 0x00000000cd900000, 0x00000000cd900000|100%| E|CS|TAMS 0x00000000cd800000| PB 0x00000000cd800000| Complete 
| 167|0x00000000cd900000, 0x00000000cda00000, 0x00000000cda00000|100%| E|CS|TAMS 0x00000000cd900000| PB 0x00000000cd900000| Complete 
| 168|0x00000000cda00000, 0x00000000cdb00000, 0x00000000cdb00000|100%| E|CS|TAMS 0x00000000cda00000| PB 0x00000000cda00000| Complete 
| 169|0x00000000cdb00000, 0x00000000cdc00000, 0x00000000cdc00000|100%| E|CS|TAMS 0x00000000cdb00000| PB 0x00000000cdb00000| Complete 
| 170|0x00000000cdc00000, 0x00000000cdd00000, 0x00000000cdd00000|100%|HS|  |TAMS 0x00000000cdc00000| PB 0x00000000cdc00000| Complete 
| 171|0x00000000cdd00000, 0x00000000cde00000, 0x00000000cde00000|100%|HC|  |TAMS 0x00000000cdd00000| PB 0x00000000cdd00000| Complete 
| 172|0x00000000cde00000, 0x00000000cdf00000, 0x00000000cdf00000|100%|HS|  |TAMS 0x00000000cde00000| PB 0x00000000cde00000| Complete 
| 173|0x00000000cdf00000, 0x00000000ce000000, 0x00000000ce000000|100%|HC|  |TAMS 0x00000000cdf00000| PB 0x00000000cdf00000| Complete 
| 174|0x00000000ce000000, 0x00000000ce100000, 0x00000000ce100000|100%|HC|  |TAMS 0x00000000ce000000| PB 0x00000000ce000000| Complete 
| 175|0x00000000ce100000, 0x00000000ce200000, 0x00000000ce200000|100%|HC|  |TAMS 0x00000000ce100000| PB 0x00000000ce100000| Complete 
| 176|0x00000000ce200000, 0x00000000ce300000, 0x00000000ce300000|100%|HC|  |TAMS 0x00000000ce200000| PB 0x00000000ce200000| Complete 
| 177|0x00000000ce300000, 0x00000000ce400000, 0x00000000ce400000|100%|HC|  |TAMS 0x00000000ce300000| PB 0x00000000ce300000| Complete 
| 178|0x00000000ce400000, 0x00000000ce500000, 0x00000000ce500000|100%|HC|  |TAMS 0x00000000ce400000| PB 0x00000000ce400000| Complete 
| 179|0x00000000ce500000, 0x00000000ce600000, 0x00000000ce600000|100%|HC|  |TAMS 0x00000000ce500000| PB 0x00000000ce500000| Complete 
| 180|0x00000000ce600000, 0x00000000ce700000, 0x00000000ce700000|100%|HC|  |TAMS 0x00000000ce600000| PB 0x00000000ce600000| Complete 
| 181|0x00000000ce700000, 0x00000000ce800000, 0x00000000ce800000|100%|HC|  |TAMS 0x00000000ce700000| PB 0x00000000ce700000| Complete 
| 182|0x00000000ce800000, 0x00000000ce900000, 0x00000000ce900000|100%|HC|  |TAMS 0x00000000ce800000| PB 0x00000000ce800000| Complete 
| 183|0x00000000ce900000, 0x00000000cea00000, 0x00000000cea00000|100%|HC|  |TAMS 0x00000000ce900000| PB 0x00000000ce900000| Complete 
| 184|0x00000000cea00000, 0x00000000ceb00000, 0x00000000ceb00000|100%|HC|  |TAMS 0x00000000cea00000| PB 0x00000000cea00000| Complete 
| 185|0x00000000ceb00000, 0x00000000cec00000, 0x00000000cec00000|100%|HC|  |TAMS 0x00000000ceb00000| PB 0x00000000ceb00000| Complete 
| 186|0x00000000cec00000, 0x00000000ced00000, 0x00000000ced00000|100%|HC|  |TAMS 0x00000000cec00000| PB 0x00000000cec00000| Complete 
| 187|0x00000000ced00000, 0x00000000cee00000, 0x00000000cee00000|100%|HC|  |TAMS 0x00000000ced00000| PB 0x00000000ced00000| Complete 
| 188|0x00000000cee00000, 0x00000000cef00000, 0x00000000cef00000|100%|HC|  |TAMS 0x00000000cee00000| PB 0x00000000cee00000| Complete 
| 189|0x00000000cef00000, 0x00000000cf000000, 0x00000000cf000000|100%|HC|  |TAMS 0x00000000cef00000| PB 0x00000000cef00000| Complete 
| 190|0x00000000cf000000, 0x00000000cf100000, 0x00000000cf100000|100%|HC|  |TAMS 0x00000000cf000000| PB 0x00000000cf000000| Complete 
| 191|0x00000000cf100000, 0x00000000cf200000, 0x00000000cf200000|100%|HC|  |TAMS 0x00000000cf100000| PB 0x00000000cf100000| Complete 
| 192|0x00000000cf200000, 0x00000000cf300000, 0x00000000cf300000|100%|HC|  |TAMS 0x00000000cf200000| PB 0x00000000cf200000| Complete 
| 193|0x00000000cf300000, 0x00000000cf400000, 0x00000000cf400000|100%|HC|  |TAMS 0x00000000cf300000| PB 0x00000000cf300000| Complete 
| 194|0x00000000cf400000, 0x00000000cf500000, 0x00000000cf500000|100%|HC|  |TAMS 0x00000000cf400000| PB 0x00000000cf400000| Complete 
| 195|0x00000000cf500000, 0x00000000cf600000, 0x00000000cf600000|100%|HC|  |TAMS 0x00000000cf500000| PB 0x00000000cf500000| Complete 
| 196|0x00000000cf600000, 0x00000000cf700000, 0x00000000cf700000|100%|HC|  |TAMS 0x00000000cf600000| PB 0x00000000cf600000| Complete 
| 197|0x00000000cf700000, 0x00000000cf800000, 0x00000000cf800000|100%|HC|  |TAMS 0x00000000cf700000| PB 0x00000000cf700000| Complete 
| 198|0x00000000cf800000, 0x00000000cf900000, 0x00000000cf900000|100%|HC|  |TAMS 0x00000000cf800000| PB 0x00000000cf800000| Complete 
| 199|0x00000000cf900000, 0x00000000cfa00000, 0x00000000cfa00000|100%|HC|  |TAMS 0x00000000cf900000| PB 0x00000000cf900000| Complete 
| 200|0x00000000cfa00000, 0x00000000cfb00000, 0x00000000cfb00000|100%|HC|  |TAMS 0x00000000cfa00000| PB 0x00000000cfa00000| Complete 
| 201|0x00000000cfb00000, 0x00000000cfc00000, 0x00000000cfc00000|100%|HC|  |TAMS 0x00000000cfb00000| PB 0x00000000cfb00000| Complete 
| 202|0x00000000cfc00000, 0x00000000cfd00000, 0x00000000cfd00000|100%|HC|  |TAMS 0x00000000cfc00000| PB 0x00000000cfc00000| Complete 
| 203|0x00000000cfd00000, 0x00000000cfe00000, 0x00000000cfe00000|100%|HC|  |TAMS 0x00000000cfd00000| PB 0x00000000cfd00000| Complete 
| 204|0x00000000cfe00000, 0x00000000cff00000, 0x00000000cff00000|100%|HC|  |TAMS 0x00000000cfe00000| PB 0x00000000cfe00000| Complete 
| 205|0x00000000cff00000, 0x00000000d0000000, 0x00000000d0000000|100%|HC|  |TAMS 0x00000000cff00000| PB 0x00000000cff00000| Complete 
| 206|0x00000000d0000000, 0x00000000d0100000, 0x00000000d0100000|100%|HC|  |TAMS 0x00000000d0000000| PB 0x00000000d0000000| Complete 
| 207|0x00000000d0100000, 0x00000000d0200000, 0x00000000d0200000|100%|HC|  |TAMS 0x00000000d0100000| PB 0x00000000d0100000| Complete 
| 208|0x00000000d0200000, 0x00000000d0300000, 0x00000000d0300000|100%|HC|  |TAMS 0x00000000d0200000| PB 0x00000000d0200000| Complete 
| 209|0x00000000d0300000, 0x00000000d0400000, 0x00000000d0400000|100%|HC|  |TAMS 0x00000000d0300000| PB 0x00000000d0300000| Complete 
| 210|0x00000000d0400000, 0x00000000d0500000, 0x00000000d0500000|100%|HC|  |TAMS 0x00000000d0400000| PB 0x00000000d0400000| Complete 
| 211|0x00000000d0500000, 0x00000000d0600000, 0x00000000d0600000|100%|HC|  |TAMS 0x00000000d0500000| PB 0x00000000d0500000| Complete 
| 212|0x00000000d0600000, 0x00000000d0700000, 0x00000000d0700000|100%|HC|  |TAMS 0x00000000d0600000| PB 0x00000000d0600000| Complete 
| 213|0x00000000d0700000, 0x00000000d0800000, 0x00000000d0800000|100%|HC|  |TAMS 0x00000000d0700000| PB 0x00000000d0700000| Complete 
| 214|0x00000000d0800000, 0x00000000d0900000, 0x00000000d0900000|100%|HC|  |TAMS 0x00000000d0800000| PB 0x00000000d0800000| Complete 
| 215|0x00000000d0900000, 0x00000000d0a00000, 0x00000000d0a00000|100%|HC|  |TAMS 0x00000000d0900000| PB 0x00000000d0900000| Complete 
| 216|0x00000000d0a00000, 0x00000000d0b00000, 0x00000000d0b00000|100%|HC|  |TAMS 0x00000000d0a00000| PB 0x00000000d0a00000| Complete 
| 217|0x00000000d0b00000, 0x00000000d0c00000, 0x00000000d0c00000|100%|HC|  |TAMS 0x00000000d0b00000| PB 0x00000000d0b00000| Complete 
| 218|0x00000000d0c00000, 0x00000000d0d00000, 0x00000000d0d00000|100%|HC|  |TAMS 0x00000000d0c00000| PB 0x00000000d0c00000| Complete 
| 219|0x00000000d0d00000, 0x00000000d0e00000, 0x00000000d0e00000|100%|HC|  |TAMS 0x00000000d0d00000| PB 0x00000000d0d00000| Complete 
| 220|0x00000000d0e00000, 0x00000000d0f00000, 0x00000000d0f00000|100%|HC|  |TAMS 0x00000000d0e00000| PB 0x00000000d0e00000| Complete 
| 221|0x00000000d0f00000, 0x00000000d1000000, 0x00000000d1000000|100%|HC|  |TAMS 0x00000000d0f00000| PB 0x00000000d0f00000| Complete 
| 222|0x00000000d1000000, 0x00000000d1100000, 0x00000000d1100000|100%|HC|  |TAMS 0x00000000d1000000| PB 0x00000000d1000000| Complete 
| 223|0x00000000d1100000, 0x00000000d1200000, 0x00000000d1200000|100%|HC|  |TAMS 0x00000000d1100000| PB 0x00000000d1100000| Complete 
| 224|0x00000000d1200000, 0x00000000d1300000, 0x00000000d1300000|100%|HC|  |TAMS 0x00000000d1200000| PB 0x00000000d1200000| Complete 
| 225|0x00000000d1300000, 0x00000000d1400000, 0x00000000d1400000|100%|HC|  |TAMS 0x00000000d1300000| PB 0x00000000d1300000| Complete 
| 226|0x00000000d1400000, 0x00000000d1500000, 0x00000000d1500000|100%|HC|  |TAMS 0x00000000d1400000| PB 0x00000000d1400000| Complete 
| 227|0x00000000d1500000, 0x00000000d1600000, 0x00000000d1600000|100%|HC|  |TAMS 0x00000000d1500000| PB 0x00000000d1500000| Complete 
| 228|0x00000000d1600000, 0x00000000d1700000, 0x00000000d1700000|100%|HC|  |TAMS 0x00000000d1600000| PB 0x00000000d1600000| Complete 
| 229|0x00000000d1700000, 0x00000000d1800000, 0x00000000d1800000|100%|HC|  |TAMS 0x00000000d1700000| PB 0x00000000d1700000| Complete 
| 230|0x00000000d1800000, 0x00000000d1900000, 0x00000000d1900000|100%|HC|  |TAMS 0x00000000d1800000| PB 0x00000000d1800000| Complete 
| 231|0x00000000d1900000, 0x00000000d1a00000, 0x00000000d1a00000|100%|HC|  |TAMS 0x00000000d1900000| PB 0x00000000d1900000| Complete 
| 232|0x00000000d1a00000, 0x00000000d1b00000, 0x00000000d1b00000|100%|HC|  |TAMS 0x00000000d1a00000| PB 0x00000000d1a00000| Complete 
| 233|0x00000000d1b00000, 0x00000000d1c00000, 0x00000000d1c00000|100%|HC|  |TAMS 0x00000000d1b00000| PB 0x00000000d1b00000| Complete 
| 234|0x00000000d1c00000, 0x00000000d1d00000, 0x00000000d1d00000|100%|HC|  |TAMS 0x00000000d1c00000| PB 0x00000000d1c00000| Complete 
| 235|0x00000000d1d00000, 0x00000000d1e00000, 0x00000000d1e00000|100%|HC|  |TAMS 0x00000000d1d00000| PB 0x00000000d1d00000| Complete 
| 236|0x00000000d1e00000, 0x00000000d1f00000, 0x00000000d1f00000|100%|HC|  |TAMS 0x00000000d1e00000| PB 0x00000000d1e00000| Complete 
| 237|0x00000000d1f00000, 0x00000000d2000000, 0x00000000d2000000|100%|HS|  |TAMS 0x00000000d1f00000| PB 0x00000000d1f00000| Complete 
| 238|0x00000000d2000000, 0x00000000d2100000, 0x00000000d2100000|100%|HC|  |TAMS 0x00000000d2000000| PB 0x00000000d2000000| Complete 
| 239|0x00000000d2100000, 0x00000000d2200000, 0x00000000d2200000|100%|HS|  |TAMS 0x00000000d2100000| PB 0x00000000d2100000| Complete 
| 240|0x00000000d2200000, 0x00000000d2300000, 0x00000000d2300000|100%|HC|  |TAMS 0x00000000d2200000| PB 0x00000000d2200000| Complete 
| 241|0x00000000d2300000, 0x00000000d2400000, 0x00000000d2400000|100%|HC|  |TAMS 0x00000000d2300000| PB 0x00000000d2300000| Complete 
| 242|0x00000000d2400000, 0x00000000d2500000, 0x00000000d2500000|100%|HC|  |TAMS 0x00000000d2400000| PB 0x00000000d2400000| Complete 
| 243|0x00000000d2500000, 0x00000000d2600000, 0x00000000d2600000|100%|HS|  |TAMS 0x00000000d2500000| PB 0x00000000d2500000| Complete 
| 244|0x00000000d2600000, 0x00000000d2700000, 0x00000000d2700000|100%|HC|  |TAMS 0x00000000d2600000| PB 0x00000000d2600000| Complete 
| 245|0x00000000d2700000, 0x00000000d2800000, 0x00000000d2800000|100%|HC|  |TAMS 0x00000000d2700000| PB 0x00000000d2700000| Complete 
| 246|0x00000000d2800000, 0x00000000d2900000, 0x00000000d2900000|100%|HC|  |TAMS 0x00000000d2800000| PB 0x00000000d2800000| Complete 
| 247|0x00000000d2900000, 0x00000000d2a00000, 0x00000000d2a00000|100%|HC|  |TAMS 0x00000000d2900000| PB 0x00000000d2900000| Complete 
| 248|0x00000000d2a00000, 0x00000000d2b00000, 0x00000000d2b00000|100%|HC|  |TAMS 0x00000000d2a00000| PB 0x00000000d2a00000| Complete 
| 249|0x00000000d2b00000, 0x00000000d2c00000, 0x00000000d2c00000|100%|HC|  |TAMS 0x00000000d2b00000| PB 0x00000000d2b00000| Complete 
| 250|0x00000000d2c00000, 0x00000000d2d00000, 0x00000000d2d00000|100%|HC|  |TAMS 0x00000000d2c00000| PB 0x00000000d2c00000| Complete 
| 251|0x00000000d2d00000, 0x00000000d2e00000, 0x00000000d2e00000|100%|HS|  |TAMS 0x00000000d2d00000| PB 0x00000000d2d00000| Complete 
| 252|0x00000000d2e00000, 0x00000000d2f00000, 0x00000000d2f00000|100%|HC|  |TAMS 0x00000000d2e00000| PB 0x00000000d2e00000| Complete 
| 253|0x00000000d2f00000, 0x00000000d3000000, 0x00000000d3000000|100%|HS|  |TAMS 0x00000000d2f00000| PB 0x00000000d2f00000| Complete 
| 254|0x00000000d3000000, 0x00000000d3100000, 0x00000000d3100000|100%|HC|  |TAMS 0x00000000d3000000| PB 0x00000000d3000000| Complete 
| 255|0x00000000d3100000, 0x00000000d3200000, 0x00000000d3200000|100%|HS|  |TAMS 0x00000000d3100000| PB 0x00000000d3100000| Complete 
| 256|0x00000000d3200000, 0x00000000d3300000, 0x00000000d3300000|100%|HC|  |TAMS 0x00000000d3200000| PB 0x00000000d3200000| Complete 
| 257|0x00000000d3300000, 0x00000000d3400000, 0x00000000d3400000|100%|HS|  |TAMS 0x00000000d3300000| PB 0x00000000d3300000| Complete 
| 258|0x00000000d3400000, 0x00000000d3500000, 0x00000000d3500000|100%|HC|  |TAMS 0x00000000d3400000| PB 0x00000000d3400000| Complete 
| 259|0x00000000d3500000, 0x00000000d3600000, 0x00000000d3600000|100%|HS|  |TAMS 0x00000000d3500000| PB 0x00000000d3500000| Complete 
| 260|0x00000000d3600000, 0x00000000d3700000, 0x00000000d3700000|100%|HC|  |TAMS 0x00000000d3600000| PB 0x00000000d3600000| Complete 
| 261|0x00000000d3700000, 0x00000000d3800000, 0x00000000d3800000|100%| S|CS|TAMS 0x00000000d3700000| PB 0x00000000d3700000| Complete 
| 262|0x00000000d3800000, 0x00000000d3900000, 0x00000000d3900000|100%| S|CS|TAMS 0x00000000d3800000| PB 0x00000000d3800000| Complete 
| 263|0x00000000d3900000, 0x00000000d394b010, 0x00000000d3a00000| 29%| S|CS|TAMS 0x00000000d3900000| PB 0x00000000d3900000| Complete 
| 264|0x00000000d3a00000, 0x00000000d3b00000, 0x00000000d3b00000|100%|HS|  |TAMS 0x00000000d3a00000| PB 0x00000000d3a00000| Complete 
| 265|0x00000000d3b00000, 0x00000000d3c00000, 0x00000000d3c00000|100%|HC|  |TAMS 0x00000000d3b00000| PB 0x00000000d3b00000| Complete 
| 266|0x00000000d3c00000, 0x00000000d3d00000, 0x00000000d3d00000|100%|HS|  |TAMS 0x00000000d3c00000| PB 0x00000000d3c00000| Complete 
| 267|0x00000000d3d00000, 0x00000000d3e00000, 0x00000000d3e00000|100%|HC|  |TAMS 0x00000000d3d00000| PB 0x00000000d3d00000| Complete 
| 268|0x00000000d3e00000, 0x00000000d3f00000, 0x00000000d3f00000|100%|HS|  |TAMS 0x00000000d3e00000| PB 0x00000000d3e00000| Complete 
| 269|0x00000000d3f00000, 0x00000000d4000000, 0x00000000d4000000|100%|HC|  |TAMS 0x00000000d3f00000| PB 0x00000000d3f00000| Complete 
| 270|0x00000000d4000000, 0x00000000d4100000, 0x00000000d4100000|100%|HS|  |TAMS 0x00000000d4000000| PB 0x00000000d4000000| Complete 
| 271|0x00000000d4100000, 0x00000000d4200000, 0x00000000d4200000|100%|HC|  |TAMS 0x00000000d4100000| PB 0x00000000d4100000| Complete 
| 272|0x00000000d4200000, 0x00000000d4300000, 0x00000000d4300000|100%|HS|  |TAMS 0x00000000d4200000| PB 0x00000000d4200000| Complete 
| 273|0x00000000d4300000, 0x00000000d4400000, 0x00000000d4400000|100%|HC|  |TAMS 0x00000000d4300000| PB 0x00000000d4300000| Complete 
| 274|0x00000000d4400000, 0x00000000d4500000, 0x00000000d4500000|100%|HS|  |TAMS 0x00000000d4400000| PB 0x00000000d4400000| Complete 
| 275|0x00000000d4500000, 0x00000000d4600000, 0x00000000d4600000|100%|HC|  |TAMS 0x00000000d4500000| PB 0x00000000d4500000| Complete 
| 276|0x00000000d4600000, 0x00000000d4700000, 0x00000000d4700000|100%|HS|  |TAMS 0x00000000d4600000| PB 0x00000000d4600000| Complete 
| 277|0x00000000d4700000, 0x00000000d4800000, 0x00000000d4800000|100%|HC|  |TAMS 0x00000000d4700000| PB 0x00000000d4700000| Complete 
| 278|0x00000000d4800000, 0x00000000d4900000, 0x00000000d4900000|100%|HC|  |TAMS 0x00000000d4800000| PB 0x00000000d4800000| Complete 
| 279|0x00000000d4900000, 0x00000000d4a00000, 0x00000000d4a00000|100%|HC|  |TAMS 0x00000000d4900000| PB 0x00000000d4900000| Complete 
| 280|0x00000000d4a00000, 0x00000000d4b00000, 0x00000000d4b00000|100%|HS|  |TAMS 0x00000000d4a00000| PB 0x00000000d4a00000| Complete 
| 281|0x00000000d4b00000, 0x00000000d4c00000, 0x00000000d4c00000|100%|HC|  |TAMS 0x00000000d4b00000| PB 0x00000000d4b00000| Complete 
| 970|0x00000000ffc00000, 0x00000000ffceb730, 0x00000000ffd00000| 91%| O|  |TAMS 0x00000000ffc00000| PB 0x00000000ffc00000| Untracked 
| 971|0x00000000ffd00000, 0x00000000ffe00000, 0x00000000ffe00000|100%| O|  |TAMS 0x00000000ffd00000| PB 0x00000000ffd00000| Untracked 
| 972|0x00000000ffe00000, 0x00000000fff00000, 0x00000000fff00000|100%| O|Cm|TAMS 0x00000000ffe00000| PB 0x00000000ffe00000| Complete 
| 973|0x00000000fff00000, 0x0000000100000000, 0x0000000100000000|100%| O|  |TAMS 0x00000000fff00000| PB 0x00000000fff00000| Untracked 

Card table byte_map: [0x0000018167aa0000,0x0000018167c90000] _byte_map_base: 0x0000018167487000

Marking Bits: (CMBitMap*) 0x0000018150463a70
 Bits: [0x0000018167c90000, 0x0000018168bc8000)

Polling page: 0x000001814e380000

Metaspace:

Usage:
  Non-class:     16.25 MB used.
      Class:      2.63 MB used.
       Both:     18.87 MB used.

Virtual space:
  Non-class space:       64.00 MB reserved,      16.44 MB ( 26%) committed,  1 nodes.
      Class space:        1.00 GB reserved,       2.81 MB ( <1%) committed,  1 nodes.
             Both:        1.06 GB reserved,      19.25 MB (  2%) committed. 

Chunk freelists:
   Non-Class:  15.41 MB
       Class:  13.14 MB
        Both:  28.54 MB

MaxMetaspaceSize: unlimited
CompressedClassSpaceSize: 1.00 GB
Initial GC threshold: 21.00 MB
Current GC threshold: 29.38 MB
CDS: on
 - commit_granule_bytes: 65536.
 - commit_granule_words: 8192.
 - virtual_space_node_default_size: 8388608.
 - enlarge_chunks_in_place: 1.
 - use_allocation_guard: 0.


Internal statistics:

num_allocs_failed_limit: 0.
num_arena_births: 396.
num_arena_deaths: 0.
num_vsnodes_births: 2.
num_vsnodes_deaths: 0.
num_space_committed: 308.
num_space_uncommitted: 0.
num_chunks_returned_to_freelist: 0.
num_chunks_taken_from_freelist: 1052.
num_chunk_merges: 0.
num_chunk_splits: 710.
num_chunks_enlarged: 527.
num_inconsistent_stats: 0.

CodeHeap 'non-profiled nmethods': size=120000Kb used=2530Kb max_used=2530Kb free=117469Kb
 bounds [0x0000018160380000, 0x0000018160600000, 0x00000181678b0000]
CodeHeap 'profiled nmethods': size=120000Kb used=12159Kb max_used=12159Kb free=107840Kb
 bounds [0x00000181588b0000, 0x0000018159490000, 0x000001815fde0000]
CodeHeap 'non-nmethods': size=5760Kb used=2069Kb max_used=2127Kb free=3690Kb
 bounds [0x000001815fde0000, 0x0000018160050000, 0x0000018160380000]
 total_blobs=6596 nmethods=5762 adapters=737
 compilation: enabled
              stopped_count=0, restarted_count=0
 full_count=0

Compilation events (20 events):
Event: 32.770 Thread 0x000001816b061af0 5766       3       javafx.scene.control.skin.LabeledSkinBase::computeMaxHeight (12 bytes)
Event: 32.770 Thread 0x000001816b061af0 nmethod 5766 0x000001815948c210 code [0x000001815948c3c0, 0x000001815948c610]
Event: 32.773 Thread 0x000001816b061af0 5767       3       jdk.internal.misc.VM::isModuleSystemInited (13 bytes)
Event: 32.773 Thread 0x000001816b061af0 nmethod 5767 0x000001815948c710 code [0x000001815948c8a0, 0x000001815948c9f8]
Event: 32.773 Thread 0x000001816b061af0 5768       3       java.lang.StackTraceElement::length (13 bytes)
Event: 32.773 Thread 0x000001816b061af0 nmethod 5768 0x000001815948ca90 code [0x000001815948cc40, 0x000001815948ce98]
Event: 32.773 Thread 0x000001816b061af0 5769       3       java.io.BufferedWriter::ensureOpen (18 bytes)
Event: 32.773 Thread 0x000001816b061af0 nmethod 5769 0x000001815948cf90 code [0x000001815948d140, 0x000001815948d350]
Event: 32.773 Thread 0x000001816b061af0 5770       3       java.lang.StringCoding::implEncodeAsciiArray (47 bytes)
Event: 32.773 Thread 0x000001816b061af0 nmethod 5770 0x000001815948d410 code [0x000001815948d5c0, 0x000001815948d808]
Event: 32.774 Thread 0x000001816b061af0 5771       3       java.nio.CharBuffer::limit (6 bytes)
Event: 32.774 Thread 0x000001816b061af0 nmethod 5771 0x000001815948d990 code [0x000001815948db40, 0x000001815948dcf0]
Event: 32.774 Thread 0x000001816b061af0 5772       3       java.nio.CharBuffer::limit (8 bytes)
Event: 32.774 Thread 0x000001816b061af0 nmethod 5772 0x000001815948de10 code [0x000001815948dfc0, 0x000001815948e110]
Event: 32.774 Thread 0x000001816b061af0 5773       3       java.lang.StringBuilder::append (9 bytes)
Event: 32.774 Thread 0x000001816b061af0 nmethod 5773 0x000001815948e190 code [0x000001815948e360, 0x000001815948e698]
Event: 32.774 Thread 0x000001816b061af0 5774   !   3       java.nio.CharBuffer::wrap (21 bytes)
Event: 32.774 Thread 0x000001816b061af0 nmethod 5774 0x000001815948e810 code [0x000001815948e9e0, 0x000001815948ec90]
Event: 32.774 Thread 0x000001816b061af0 5775       3       java.nio.HeapCharBuffer::<init> (23 bytes)
Event: 32.775 Thread 0x000001816b061af0 nmethod 5775 0x000001815948ee10 code [0x000001815948efc0, 0x000001815948f140]

GC Heap History (12 events):
Event: 0.437 GC heap before
{Heap before GC invocations=0 (full 0):
 garbage-first heap   total 63488K, used 12288K [0x00000000c3200000, 0x0000000100000000)
  region size 1024K, 13 young (13312K), 0 survivors (0K)
 Metaspace       used 1831K, committed 2048K, reserved 1114112K
  class space    used 183K, committed 256K, reserved 1048576K
}
Event: 0.441 GC heap after
{Heap after GC invocations=1 (full 0):
 garbage-first heap   total 63488K, used 1767K [0x00000000c3200000, 0x0000000100000000)
  region size 1024K, 2 young (2048K), 2 survivors (2048K)
 Metaspace       used 1831K, committed 2048K, reserved 1114112K
  class space    used 183K, committed 256K, reserved 1048576K
}
Event: 1.061 GC heap before
{Heap before GC invocations=1 (full 0):
 garbage-first heap   total 63488K, used 23271K [0x00000000c3200000, 0x0000000100000000)
  region size 1024K, 24 young (24576K), 2 survivors (2048K)
 Metaspace       used 4915K, committed 5120K, reserved 1114112K
  class space    used 538K, committed 640K, reserved 1048576K
}
Event: 1.065 GC heap after
{Heap after GC invocations=2 (full 0):
 garbage-first heap   total 63488K, used 5676K [0x00000000c3200000, 0x0000000100000000)
  region size 1024K, 3 young (3072K), 3 survivors (3072K)
 Metaspace       used 4915K, committed 5120K, reserved 1114112K
  class space    used 538K, committed 640K, reserved 1048576K
}
Event: 1.754 GC heap before
{Heap before GC invocations=2 (full 0):
 garbage-first heap   total 63488K, used 59948K [0x00000000c3200000, 0x0000000100000000)
  region size 1024K, 37 young (37888K), 3 survivors (3072K)
 Metaspace       used 12490K, committed 12800K, reserved 1114112K
  class space    used 1692K, committed 1856K, reserved 1048576K
}
Event: 1.761 GC heap after
{Heap after GC invocations=3 (full 0):
 garbage-first heap   total 69632K, used 31078K [0x00000000c3200000, 0x0000000100000000)
  region size 1024K, 5 young (5120K), 5 survivors (5120K)
 Metaspace       used 12490K, committed 12800K, reserved 1114112K
  class space    used 1692K, committed 1856K, reserved 1048576K
}
Event: 8.451 GC heap before
{Heap before GC invocations=3 (full 0):
 garbage-first heap   total 69632K, used 57702K [0x00000000c3200000, 0x0000000100000000)
  region size 1024K, 30 young (30720K), 5 survivors (5120K)
 Metaspace       used 17589K, committed 17856K, reserved 1114112K
  class space    used 2590K, committed 2688K, reserved 1048576K
}
Event: 8.456 GC heap after
{Heap after GC invocations=4 (full 0):
 garbage-first heap   total 69632K, used 35320K [0x00000000c3200000, 0x0000000100000000)
  region size 1024K, 3 young (3072K), 3 survivors (3072K)
 Metaspace       used 17589K, committed 17856K, reserved 1114112K
  class space    used 2590K, committed 2688K, reserved 1048576K
}
Event: 8.673 GC heap before
{Heap before GC invocations=4 (full 0):
 garbage-first heap   total 69632K, used 36344K [0x00000000c3200000, 0x0000000100000000)
  region size 1024K, 5 young (5120K), 3 survivors (3072K)
 Metaspace       used 17714K, committed 18048K, reserved 1114112K
  class space    used 2607K, committed 2752K, reserved 1048576K
}
Event: 8.677 GC heap after
{Heap after GC invocations=5 (full 0):
 garbage-first heap   total 69632K, used 35142K [0x00000000c3200000, 0x0000000100000000)
  region size 1024K, 3 young (3072K), 3 survivors (3072K)
 Metaspace       used 17714K, committed 18048K, reserved 1114112K
  class space    used 2607K, committed 2752K, reserved 1048576K
}
Event: 20.420 GC heap before
{Heap before GC invocations=6 (full 0):
 garbage-first heap   total 269312K, used 268614K [0x00000000c3200000, 0x0000000100000000)
  region size 1024K, 17 young (17408K), 3 survivors (3072K)
 Metaspace       used 18334K, committed 18752K, reserved 1114112K
  class space    used 2622K, committed 2816K, reserved 1048576K
}
Event: 20.427 GC heap after
{Heap after GC invocations=7 (full 0):
 garbage-first heap   total 274432K, used 152793K [0x00000000c3200000, 0x0000000100000000)
  region size 1024K, 3 young (3072K), 3 survivors (3072K)
 Metaspace       used 18334K, committed 18752K, reserved 1114112K
  class space    used 2622K, committed 2816K, reserved 1048576K
}

Dll operation events (20 events):
Event: 0.358 Loaded shared library C:\Users\USER\.openjfx\cache\23.0.1+4\amd64\api-ms-win-crt-math-l1-1-0.dll
Event: 0.361 Loaded shared library C:\Users\USER\.openjfx\cache\23.0.1+4\amd64\api-ms-win-crt-multibyte-l1-1-0.dll
Event: 0.364 Loaded shared library C:\Users\USER\.openjfx\cache\23.0.1+4\amd64\api-ms-win-crt-private-l1-1-0.dll
Event: 0.368 Loaded shared library C:\Users\USER\.openjfx\cache\23.0.1+4\amd64\api-ms-win-crt-process-l1-1-0.dll
Event: 0.370 Loaded shared library C:\Users\USER\.openjfx\cache\23.0.1+4\amd64\api-ms-win-crt-runtime-l1-1-0.dll
Event: 0.373 Loaded shared library C:\Users\USER\.openjfx\cache\23.0.1+4\amd64\api-ms-win-crt-stdio-l1-1-0.dll
Event: 0.376 Loaded shared library C:\Users\USER\.openjfx\cache\23.0.1+4\amd64\api-ms-win-crt-string-l1-1-0.dll
Event: 0.379 Loaded shared library C:\Users\USER\.openjfx\cache\23.0.1+4\amd64\api-ms-win-crt-time-l1-1-0.dll
Event: 0.382 Loaded shared library C:\Users\USER\.openjfx\cache\23.0.1+4\amd64\api-ms-win-crt-utility-l1-1-0.dll
Event: 0.397 Loaded shared library C:\Users\USER\.openjfx\cache\23.0.1+4\amd64\ucrtbase.dll
Event: 0.401 Loaded shared library C:\Users\USER\.openjfx\cache\23.0.1+4\amd64\vcruntime140.dll
Event: 0.404 Loaded shared library C:\Users\USER\.openjfx\cache\23.0.1+4\amd64\vcruntime140_1.dll
Event: 0.413 Loaded shared library C:\Users\USER\.openjfx\cache\23.0.1+4\amd64\msvcp140.dll
Event: 0.418 Loaded shared library C:\Users\USER\.openjfx\cache\23.0.1+4\amd64\msvcp140_1.dll
Event: 0.425 Loaded shared library C:\Users\USER\.openjfx\cache\23.0.1+4\amd64\msvcp140_2.dll
Event: 0.489 Loaded shared library C:\Users\USER\.openjfx\cache\23.0.1+4\amd64\prism_d3d.dll
Event: 0.617 Loaded shared library C:\Users\USER\.openjfx\cache\23.0.1+4\amd64\glass.dll
Event: 0.776 Loaded shared library C:\Program Files\Java\jdk-21\bin\jimage.dll
Event: 1.286 Loaded shared library C:\Users\USER\.openjfx\cache\23.0.1+4\amd64\javafx_font.dll
Event: 8.885 Loaded shared library C:\Users\USER\.openjfx\cache\23.0.1+4\amd64\javafx_iio.dll

Deoptimization events (20 events):
Event: 31.270 Thread 0x000001816b87ed10 DEOPT PACKING pc=0x00000181593d2ddc sp=0x00000010d83fd250
Event: 31.270 Thread 0x000001816b87ed10 DEOPT UNPACKING pc=0x000001815fe388e2 sp=0x00000010d83fc680 mode 0
Event: 31.272 Thread 0x000001816b87ed10 DEOPT PACKING pc=0x00000181593d2e49 sp=0x00000010d83fc1a0
Event: 31.272 Thread 0x000001816b87ed10 DEOPT UNPACKING pc=0x000001815fe388e2 sp=0x00000010d83fb5d0 mode 0
Event: 32.733 Thread 0x000001816ba64510 Uncommon trap: trap_request=0xffffffbe fr.pc=0x00000181605e4cf0 relative=0x0000000000000410
Event: 32.733 Thread 0x000001816ba64510 Uncommon trap: reason=profile_predicate action=maybe_recompile pc=0x00000181605e4cf0 method=javafx.css.CompoundSelector.applies(Ljavafx/css/Styleable;[Ljava/util/Set;I)Z @ 89 c2
Event: 32.733 Thread 0x000001816ba64510 DEOPT PACKING pc=0x00000181605e4cf0 sp=0x00000010d85f9e10
Event: 32.733 Thread 0x000001816ba64510 DEOPT UNPACKING pc=0x000001815fe37da2 sp=0x00000010d85f9da0 mode 2
Event: 32.733 Thread 0x000001816ba64510 Uncommon trap: trap_request=0xffffffbe fr.pc=0x00000181605e4cf0 relative=0x0000000000000410
Event: 32.733 Thread 0x000001816ba64510 Uncommon trap: reason=profile_predicate action=maybe_recompile pc=0x00000181605e4cf0 method=javafx.css.CompoundSelector.applies(Ljavafx/css/Styleable;[Ljava/util/Set;I)Z @ 89 c2
Event: 32.733 Thread 0x000001816ba64510 DEOPT PACKING pc=0x00000181605e4cf0 sp=0x00000010d85f9e10
Event: 32.733 Thread 0x000001816ba64510 DEOPT UNPACKING pc=0x000001815fe37da2 sp=0x00000010d85f9da0 mode 2
Event: 32.734 Thread 0x000001816ba64510 Uncommon trap: trap_request=0xffffffbe fr.pc=0x00000181605e4cf0 relative=0x0000000000000410
Event: 32.734 Thread 0x000001816ba64510 Uncommon trap: reason=profile_predicate action=maybe_recompile pc=0x00000181605e4cf0 method=javafx.css.CompoundSelector.applies(Ljavafx/css/Styleable;[Ljava/util/Set;I)Z @ 89 c2
Event: 32.734 Thread 0x000001816ba64510 DEOPT PACKING pc=0x00000181605e4cf0 sp=0x00000010d85fa5a0
Event: 32.734 Thread 0x000001816ba64510 DEOPT UNPACKING pc=0x000001815fe37da2 sp=0x00000010d85fa530 mode 2
Event: 32.734 Thread 0x000001816ba64510 Uncommon trap: trap_request=0xffffffbe fr.pc=0x00000181605e4cf0 relative=0x0000000000000410
Event: 32.734 Thread 0x000001816ba64510 Uncommon trap: reason=profile_predicate action=maybe_recompile pc=0x00000181605e4cf0 method=javafx.css.CompoundSelector.applies(Ljavafx/css/Styleable;[Ljava/util/Set;I)Z @ 89 c2
Event: 32.734 Thread 0x000001816ba64510 DEOPT PACKING pc=0x00000181605e4cf0 sp=0x00000010d85fa5a0
Event: 32.734 Thread 0x000001816ba64510 DEOPT UNPACKING pc=0x000001815fe37da2 sp=0x00000010d85fa530 mode 2

Classes loaded (20 events):
Event: 2.466 Loading class jdk/internal/foreign/MemorySessionImpl
Event: 2.467 Loading class java/lang/foreign/MemorySegment$Scope
Event: 2.467 Loading class java/lang/foreign/MemorySegment$Scope done
Event: 2.467 Loading class jdk/internal/foreign/MemorySessionImpl done
Event: 6.268 Loading class java/util/EnumMap$Values
Event: 6.268 Loading class java/util/EnumMap$Values done
Event: 6.268 Loading class java/util/EnumMap$ValueIterator
Event: 6.268 Loading class java/util/EnumMap$EnumMapIterator
Event: 6.269 Loading class java/util/EnumMap$EnumMapIterator done
Event: 6.269 Loading class java/util/EnumMap$ValueIterator done
Event: 8.436 Loading class java/io/UnsupportedEncodingException
Event: 8.436 Loading class java/io/UnsupportedEncodingException done
Event: 8.991 Loading class jdk/internal/math/FDBigInteger
Event: 8.992 Loading class jdk/internal/math/FDBigInteger done
Event: 28.243 Loading class java/lang/foreign/MemorySegment
Event: 28.244 Loading class java/lang/foreign/MemorySegment done
Event: 32.763 Loading class java/lang/Throwable$WrappedPrintStream
Event: 32.763 Loading class java/lang/Throwable$PrintStreamOrWriter
Event: 32.764 Loading class java/lang/Throwable$PrintStreamOrWriter done
Event: 32.764 Loading class java/lang/Throwable$WrappedPrintStream done

Classes unloaded (0 events):
No events

Classes redefined (0 events):
No events

Internal exceptions (20 events):
Event: 1.960 Thread 0x000001816ba64510 Exception <a 'java/lang/ClassNotFoundException'{0x00000000c6546a40}: com/sun/javafx/scene/control/skin/resources/controls_en_ID> (0x00000000c6546a40) 
thrown [s\open\src\hotspot\share\prims\jni.cpp, line 539]
Event: 2.008 Thread 0x000001816ba64510 Exception <a 'java/lang/NoSuchMethodError'{0x00000000c601c400}: 'int java.lang.invoke.DirectMethodHandle$Holder.invokeSpecial(java.lang.Object, java.lang.Object, int)'> (0x00000000c601c400) 
thrown [s\open\src\hotspot\share\interpreter\linkResolver.cpp, line 773]
Event: 2.032 Thread 0x000001816ba64510 Exception <a 'java/lang/NoSuchMethodError'{0x00000000c60a4f00}: 'java.lang.Object java.lang.invoke.DirectMethodHandle$Holder.newInvokeSpecial(java.lang.Object, java.lang.Object, int)'> (0x00000000c60a4f00) 
thrown [s\open\src\hotspot\share\interpreter\linkResolver.cpp, line 773]
Event: 2.125 Thread 0x000001816b87ed10 Exception <a 'java/lang/NoSuchMethodError'{0x00000000c5e20bc0}: 'int java.lang.invoke.DirectMethodHandle$Holder.invokeStaticInit(java.lang.Object, java.lang.Object)'> (0x00000000c5e20bc0) 
thrown [s\open\src\hotspot\share\interpreter\linkResolver.cpp, line 773]
Event: 2.151 Thread 0x000001816b87ed10 Exception <a 'java/lang/NoSuchMethodError'{0x00000000c5d14c48}: 'java.lang.Object java.lang.invoke.DirectMethodHandle$Holder.invokeStaticInit(java.lang.Object, int)'> (0x00000000c5d14c48) 
thrown [s\open\src\hotspot\share\interpreter\linkResolver.cpp, line 773]
Event: 8.449 Thread 0x000001816ba64510 Exception <a 'java/lang/NoSuchMethodError'{0x00000000c57e35e8}: 'long java.lang.invoke.DirectMethodHandle$Holder.invokeStatic(java.lang.Object, java.lang.Object, java.lang.Object)'> (0x00000000c57e35e8) 
thrown [s\open\src\hotspot\share\interpreter\linkResolver.cpp, line 773]
Event: 8.450 Thread 0x000001816ba64510 Exception <a 'java/lang/NoSuchMethodError'{0x00000000c57e69c8}: 'long java.lang.invoke.DirectMethodHandle$Holder.invokeStaticInit(java.lang.Object, java.lang.Object, java.lang.Object)'> (0x00000000c57e69c8) 
thrown [s\open\src\hotspot\share\interpreter\linkResolver.cpp, line 773]
Event: 8.450 Thread 0x000001816ba64510 Exception <a 'java/lang/NoSuchMethodError'{0x00000000c57fb0c0}: 'java.lang.Object java.lang.invoke.DirectMethodHandle$Holder.newInvokeSpecial(java.lang.Object, java.lang.Object, long)'> (0x00000000c57fb0c0) 
thrown [s\open\src\hotspot\share\interpreter\linkResolver.cpp, line 773]
Event: 8.451 Thread 0x000001816ba64510 Exception <a 'java/lang/NoSuchMethodError'{0x00000000c57fe9c8}: 'java.lang.Object java.lang.invoke.Invokers$Holder.linkToTargetMethod(java.lang.Object, long, java.lang.Object)'> (0x00000000c57fe9c8) 
thrown [s\open\src\hotspot\share\interpreter\linkResolver.cpp, line 773]
Event: 10.971 Thread 0x000001816ba64510 Exception <a 'java/io/FileNotFoundException'{0x00000000cd6c3c50}> (0x00000000cd6c3c50) 
thrown [s\open\src\hotspot\share\prims\jni.cpp, line 520]
Event: 20.591 Thread 0x000001816b87ed10 Implicit null exception at 0x00000181604b8753 to 0x00000181604bcd30
Event: 21.990 Thread 0x000001816ba64510 Exception <a 'java/io/FileNotFoundException'{0x00000000cd721d80}> (0x00000000cd721d80) 
thrown [s\open\src\hotspot\share\prims\jni.cpp, line 520]
Event: 23.589 Thread 0x000001816ba64510 Implicit null exception at 0x0000018160566a5e to 0x0000018160566adc
Event: 28.184 Thread 0x000001816ba64510 Implicit null exception at 0x000001816055f1df to 0x000001816055f39c
Event: 29.987 Thread 0x000001816ba64510 Exception <a 'java/lang/NoSuchMethodError'{0x00000000cb570eb8}: 'void java.lang.invoke.DirectMethodHandle$Holder.invokeVirtual(java.lang.Object, java.lang.Object)'> (0x00000000cb570eb8) 
thrown [s\open\src\hotspot\share\interpreter\linkResolver.cpp, line 773]
Event: 30.301 Thread 0x000001816ba64510 Exception <a 'java/io/FileNotFoundException'{0x00000000cb371a80}> (0x00000000cb371a80) 
thrown [s\open\src\hotspot\share\prims\jni.cpp, line 520]
Event: 32.763 Thread 0x000001816b87ed10 Implicit null exception at 0x0000018158e67baa to 0x0000018158e68573
Event: 32.763 Thread 0x000001816b87ed10 Exception <a 'java/lang/NullPointerException'{0x00000000c4a45b90}> (0x00000000c4a45b90) 
thrown [s\open\src\hotspot\share\runtime\sharedRuntime.cpp, line 625]
Event: 32.772 Thread 0x000001816b87ed10 Implicit null exception at 0x0000018158e67baa to 0x0000018158e68573
Event: 32.772 Thread 0x000001816b87ed10 Exception <a 'java/lang/NullPointerException'{0x00000000c4a62e38}> (0x00000000c4a62e38) 
thrown [s\open\src\hotspot\share\runtime\sharedRuntime.cpp, line 625]

ZGC Phase Switch (0 events):
No events

VM Operations (20 events):
Event: 21.427 Executing VM operation: Cleanup
Event: 21.428 Executing VM operation: Cleanup done
Event: 23.429 Executing VM operation: Cleanup
Event: 23.429 Executing VM operation: Cleanup done
Event: 24.002 Executing VM operation: ICBufferFull
Event: 24.002 Executing VM operation: ICBufferFull done
Event: 25.002 Executing VM operation: Cleanup
Event: 25.002 Executing VM operation: Cleanup done
Event: 27.003 Executing VM operation: Cleanup
Event: 27.003 Executing VM operation: Cleanup done
Event: 28.003 Executing VM operation: Cleanup
Event: 28.003 Executing VM operation: Cleanup done
Event: 29.004 Executing VM operation: Cleanup
Event: 29.004 Executing VM operation: Cleanup done
Event: 30.004 Executing VM operation: Cleanup
Event: 30.005 Executing VM operation: Cleanup done
Event: 31.005 Executing VM operation: Cleanup
Event: 31.006 Executing VM operation: Cleanup done
Event: 32.006 Executing VM operation: Cleanup
Event: 32.006 Executing VM operation: Cleanup done

Events (18 events):
Event: 0.022 Thread 0x000001814e1d5d60 Thread added: 0x000001814e1d5d60
Event: 0.035 Thread 0x000001816b0422d0 Thread added: 0x000001816b0422d0
Event: 0.036 Thread 0x000001816b0431e0 Thread added: 0x000001816b0431e0
Event: 0.036 Thread 0x000001816b048790 Thread added: 0x000001816b048790
Event: 0.036 Thread 0x000001816b04a4e0 Thread added: 0x000001816b04a4e0
Event: 0.036 Thread 0x000001816b04e350 Thread added: 0x000001816b04e350
Event: 0.036 Thread 0x000001816b050db0 Thread added: 0x000001816b050db0
Event: 0.036 Thread 0x000001816b057040 Thread added: 0x000001816b057040
Event: 0.036 Thread 0x000001816b061af0 Thread added: 0x000001816b061af0
Event: 0.067 Thread 0x00000181504dd0b0 Thread added: 0x00000181504dd0b0
Event: 0.151 Thread 0x000001816b3fae00 Thread added: 0x000001816b3fae00
Event: 0.471 Thread 0x000001816b87ed10 Thread added: 0x000001816b87ed10
Event: 0.620 Thread 0x000001816ba57100 Thread added: 0x000001816ba57100
Event: 0.623 Thread 0x000001816ba64510 Thread added: 0x000001816ba64510
Event: 0.757 Thread 0x000001816bc951a0 Thread added: 0x000001816bc951a0
Event: 0.767 Thread 0x000001816bc908c0 Thread added: 0x000001816bc908c0
Event: 1.460 Thread 0x0000018175fbcd20 Thread added: 0x0000018175fbcd20
Event: 2.222 Thread 0x0000018175e056f0 Thread added: 0x0000018175e056f0


Dynamic libraries:
0x00007ff7edf10000 - 0x00007ff7edf20000 	C:\Program Files\Java\jdk-21\bin\java.exe
0x00007ff878e70000 - 0x00007ff879087000 	C:\WINDOWS\SYSTEM32\ntdll.dll
0x00007ff878820000 - 0x00007ff8788e4000 	C:\WINDOWS\System32\KERNEL32.DLL
0x00007ff8765b0000 - 0x00007ff87696a000 	C:\WINDOWS\System32\KERNELBASE.dll
0x00007ff876a30000 - 0x00007ff876b41000 	C:\WINDOWS\System32\ucrtbase.dll
0x00007fffd6780000 - 0x00007fffd6799000 	C:\Program Files\Java\jdk-21\bin\jli.dll
0x00007ff877560000 - 0x00007ff877612000 	C:\WINDOWS\System32\ADVAPI32.dll
0x00007ff878cd0000 - 0x00007ff878d77000 	C:\WINDOWS\System32\msvcrt.dll
0x00007ff877380000 - 0x00007ff877427000 	C:\WINDOWS\System32\sechost.dll
0x00007ff876b50000 - 0x00007ff876b78000 	C:\WINDOWS\System32\bcrypt.dll
0x00007ff877aa0000 - 0x00007ff877bb4000 	C:\WINDOWS\System32\RPCRT4.dll
0x00007ff820150000 - 0x00007ff82016b000 	C:\Program Files\Java\jdk-21\bin\VCRUNTIME140.dll
0x00007ff877130000 - 0x00007ff8772de000 	C:\WINDOWS\System32\USER32.dll
0x00007ff876270000 - 0x00007ff876296000 	C:\WINDOWS\System32\win32u.dll
0x00007ff878ca0000 - 0x00007ff878cc9000 	C:\WINDOWS\System32\GDI32.dll
0x00007ff876150000 - 0x00007ff87626b000 	C:\WINDOWS\System32\gdi32full.dll
0x00007ff8763a0000 - 0x00007ff87643a000 	C:\WINDOWS\System32\msvcp_win.dll
0x00007ff8605c0000 - 0x00007ff860852000 	C:\WINDOWS\WinSxS\amd64_microsoft.windows.common-controls_6595b64144ccf1df_6.0.22621.4541_none_2710d1c57384c085\COMCTL32.dll
0x00007ff865d30000 - 0x00007ff865d3a000 	C:\WINDOWS\SYSTEM32\VERSION.dll
0x00007ff8772e0000 - 0x00007ff877311000 	C:\WINDOWS\System32\IMM32.DLL
0x00007ff824ce0000 - 0x00007ff824cec000 	C:\Program Files\Java\jdk-21\bin\vcruntime140_1.dll
0x00007ff81fb90000 - 0x00007ff81fc1e000 	C:\Program Files\Java\jdk-21\bin\msvcp140.dll
0x00007ff820170000 - 0x00007ff820e88000 	C:\Program Files\Java\jdk-21\bin\server\jvm.dll
0x00007ff8788f0000 - 0x00007ff878961000 	C:\WINDOWS\System32\WS2_32.dll
0x00007ff876020000 - 0x00007ff87606d000 	C:\WINDOWS\SYSTEM32\POWRPROF.dll
0x00007ff86ca90000 - 0x00007ff86cac4000 	C:\WINDOWS\SYSTEM32\WINMM.dll
0x00007ff876000000 - 0x00007ff876013000 	C:\WINDOWS\SYSTEM32\UMPDC.dll
0x00007ff875190000 - 0x00007ff8751a8000 	C:\WINDOWS\SYSTEM32\kernel.appcore.dll
0x00007ff8200e0000 - 0x00007ff8200ea000 	C:\Program Files\Java\jdk-21\bin\jimage.dll
0x00007ff873990000 - 0x00007ff873bc2000 	C:\WINDOWS\SYSTEM32\DBGHELP.DLL
0x00007ff876d70000 - 0x00007ff8770ff000 	C:\WINDOWS\System32\combase.dll
0x00007ff877480000 - 0x00007ff877557000 	C:\WINDOWS\System32\OLEAUT32.dll
0x00007ff859510000 - 0x00007ff859542000 	C:\WINDOWS\SYSTEM32\dbgcore.DLL
0x00007ff876320000 - 0x00007ff87639b000 	C:\WINDOWS\System32\bcryptPrimitives.dll
0x00007ff8200f0000 - 0x00007ff82010f000 	C:\Program Files\Java\jdk-21\bin\java.dll
0x00007ff877f40000 - 0x00007ff8787b8000 	C:\WINDOWS\System32\SHELL32.dll
0x00007ff874090000 - 0x00007ff874998000 	C:\WINDOWS\SYSTEM32\windows.storage.dll
0x00007ff873f50000 - 0x00007ff87408f000 	C:\WINDOWS\SYSTEM32\wintypes.dll
0x00007ff878b90000 - 0x00007ff878c8a000 	C:\WINDOWS\System32\SHCORE.dll
0x00007ff877320000 - 0x00007ff87737e000 	C:\WINDOWS\System32\shlwapi.dll
0x00007ff876080000 - 0x00007ff8760ab000 	C:\WINDOWS\SYSTEM32\profapi.dll
0x00007ff820000000 - 0x00007ff8200d7000 	C:\Program Files\Java\jdk-21\bin\jsvml.dll
0x00007ff81fff0000 - 0x00007ff820000000 	C:\Program Files\Java\jdk-21\bin\net.dll
0x00007ff871c80000 - 0x00007ff871db6000 	C:\WINDOWS\SYSTEM32\WINHTTP.dll
0x00007ff875610000 - 0x00007ff875679000 	C:\WINDOWS\system32\mswsock.dll
0x00007ff81ffd0000 - 0x00007ff81ffe6000 	C:\Program Files\Java\jdk-21\bin\nio.dll
0x00007ff81ffb0000 - 0x00007ff81ffc8000 	C:\Program Files\Java\jdk-21\bin\zip.dll
0x000001814e3f0000 - 0x000001814e3f3000 	C:\Users\USER\.openjfx\cache\23.0.1+4\amd64\api-ms-win-core-console-l1-1-0.dll
0x000001814e400000 - 0x000001814e403000 	C:\Users\USER\.openjfx\cache\23.0.1+4\amd64\api-ms-win-core-console-l1-2-0.dll
0x000001814e410000 - 0x000001814e413000 	C:\Users\USER\.openjfx\cache\23.0.1+4\amd64\api-ms-win-core-datetime-l1-1-0.dll
0x000001814e420000 - 0x000001814e423000 	C:\Users\USER\.openjfx\cache\23.0.1+4\amd64\api-ms-win-core-debug-l1-1-0.dll
0x000001814e430000 - 0x000001814e433000 	C:\Users\USER\.openjfx\cache\23.0.1+4\amd64\api-ms-win-core-errorhandling-l1-1-0.dll
0x0000018150320000 - 0x0000018150324000 	C:\Users\USER\.openjfx\cache\23.0.1+4\amd64\api-ms-win-core-file-l1-1-0.dll
0x0000018150330000 - 0x0000018150333000 	C:\Users\USER\.openjfx\cache\23.0.1+4\amd64\api-ms-win-core-file-l1-2-0.dll
0x0000018150340000 - 0x0000018150343000 	C:\Users\USER\.openjfx\cache\23.0.1+4\amd64\api-ms-win-core-file-l2-1-0.dll
0x0000018150350000 - 0x0000018150353000 	C:\Users\USER\.openjfx\cache\23.0.1+4\amd64\api-ms-win-core-handle-l1-1-0.dll
0x0000018150360000 - 0x0000018150363000 	C:\Users\USER\.openjfx\cache\23.0.1+4\amd64\api-ms-win-core-heap-l1-1-0.dll
0x0000018150370000 - 0x0000018150373000 	C:\Users\USER\.openjfx\cache\23.0.1+4\amd64\api-ms-win-core-interlocked-l1-1-0.dll
0x0000018150380000 - 0x0000018150383000 	C:\Users\USER\.openjfx\cache\23.0.1+4\amd64\api-ms-win-core-libraryloader-l1-1-0.dll
0x0000018150390000 - 0x0000018150393000 	C:\Users\USER\.openjfx\cache\23.0.1+4\amd64\api-ms-win-core-localization-l1-2-0.dll
0x00000181503a0000 - 0x00000181503a3000 	C:\Users\USER\.openjfx\cache\23.0.1+4\amd64\api-ms-win-core-memory-l1-1-0.dll
0x00000181503b0000 - 0x00000181503b3000 	C:\Users\USER\.openjfx\cache\23.0.1+4\amd64\api-ms-win-core-namedpipe-l1-1-0.dll
0x00000181503c0000 - 0x00000181503c3000 	C:\Users\USER\.openjfx\cache\23.0.1+4\amd64\api-ms-win-core-processenvironment-l1-1-0.dll
0x00000181503d0000 - 0x00000181503d3000 	C:\Users\USER\.openjfx\cache\23.0.1+4\amd64\api-ms-win-core-processthreads-l1-1-0.dll
0x00000181503e0000 - 0x00000181503e3000 	C:\Users\USER\.openjfx\cache\23.0.1+4\amd64\api-ms-win-core-processthreads-l1-1-1.dll
0x000001816be10000 - 0x000001816be13000 	C:\Users\USER\.openjfx\cache\23.0.1+4\amd64\api-ms-win-core-profile-l1-1-0.dll
0x000001816be20000 - 0x000001816be23000 	C:\Users\USER\.openjfx\cache\23.0.1+4\amd64\api-ms-win-core-rtlsupport-l1-1-0.dll
0x000001816be30000 - 0x000001816be33000 	C:\Users\USER\.openjfx\cache\23.0.1+4\amd64\api-ms-win-core-string-l1-1-0.dll
0x000001816be40000 - 0x000001816be43000 	C:\Users\USER\.openjfx\cache\23.0.1+4\amd64\api-ms-win-core-synch-l1-1-0.dll
0x000001816be50000 - 0x000001816be53000 	C:\Users\USER\.openjfx\cache\23.0.1+4\amd64\api-ms-win-core-synch-l1-2-0.dll
0x000001816be60000 - 0x000001816be63000 	C:\Users\USER\.openjfx\cache\23.0.1+4\amd64\api-ms-win-core-sysinfo-l1-1-0.dll
0x000001816be70000 - 0x000001816be73000 	C:\Users\USER\.openjfx\cache\23.0.1+4\amd64\api-ms-win-core-timezone-l1-1-0.dll
0x000001816be80000 - 0x000001816be83000 	C:\Users\USER\.openjfx\cache\23.0.1+4\amd64\api-ms-win-core-util-l1-1-0.dll
0x000001816be90000 - 0x000001816be93000 	C:\Users\USER\.openjfx\cache\23.0.1+4\amd64\api-ms-win-crt-conio-l1-1-0.dll
0x000001816bea0000 - 0x000001816bea4000 	C:\Users\USER\.openjfx\cache\23.0.1+4\amd64\api-ms-win-crt-convert-l1-1-0.dll
0x000001816beb0000 - 0x000001816beb3000 	C:\Users\USER\.openjfx\cache\23.0.1+4\amd64\api-ms-win-crt-environment-l1-1-0.dll
0x000001816bec0000 - 0x000001816bec3000 	C:\Users\USER\.openjfx\cache\23.0.1+4\amd64\api-ms-win-crt-filesystem-l1-1-0.dll
0x000001816bed0000 - 0x000001816bed3000 	C:\Users\USER\.openjfx\cache\23.0.1+4\amd64\api-ms-win-crt-heap-l1-1-0.dll
0x000001816bee0000 - 0x000001816bee3000 	C:\Users\USER\.openjfx\cache\23.0.1+4\amd64\api-ms-win-crt-locale-l1-1-0.dll
0x000001816bef0000 - 0x000001816bef5000 	C:\Users\USER\.openjfx\cache\23.0.1+4\amd64\api-ms-win-crt-math-l1-1-0.dll
0x000001816bf00000 - 0x000001816bf05000 	C:\Users\USER\.openjfx\cache\23.0.1+4\amd64\api-ms-win-crt-multibyte-l1-1-0.dll
0x000001816bf10000 - 0x000001816bf20000 	C:\Users\USER\.openjfx\cache\23.0.1+4\amd64\api-ms-win-crt-private-l1-1-0.dll
0x000001816bf20000 - 0x000001816bf23000 	C:\Users\USER\.openjfx\cache\23.0.1+4\amd64\api-ms-win-crt-process-l1-1-0.dll
0x000001816bf30000 - 0x000001816bf34000 	C:\Users\USER\.openjfx\cache\23.0.1+4\amd64\api-ms-win-crt-runtime-l1-1-0.dll
0x000001816bf40000 - 0x000001816bf44000 	C:\Users\USER\.openjfx\cache\23.0.1+4\amd64\api-ms-win-crt-stdio-l1-1-0.dll
0x000001816bf50000 - 0x000001816bf54000 	C:\Users\USER\.openjfx\cache\23.0.1+4\amd64\api-ms-win-crt-string-l1-1-0.dll
0x000001816bf60000 - 0x000001816bf63000 	C:\Users\USER\.openjfx\cache\23.0.1+4\amd64\api-ms-win-crt-time-l1-1-0.dll
0x000001816bf70000 - 0x000001816bf73000 	C:\Users\USER\.openjfx\cache\23.0.1+4\amd64\api-ms-win-crt-utility-l1-1-0.dll
0x00007fffd1e70000 - 0x00007fffd1f6c000 	C:\Users\USER\.openjfx\cache\23.0.1+4\amd64\ucrtbase.dll
0x00007ff869f60000 - 0x00007ff869f7b000 	C:\Users\USER\.openjfx\cache\23.0.1+4\amd64\vcruntime140.dll
0x00007fffd1e60000 - 0x00007fffd1e6c000 	C:\Users\USER\.openjfx\cache\23.0.1+4\amd64\vcruntime140_1.dll
0x00007fffd1dd0000 - 0x00007fffd1e5e000 	C:\Users\USER\.openjfx\cache\23.0.1+4\amd64\msvcp140.dll
0x00007fffd1dc0000 - 0x00007fffd1dc9000 	C:\Users\USER\.openjfx\cache\23.0.1+4\amd64\msvcp140_1.dll
0x00007fffd1d70000 - 0x00007fffd1db1000 	C:\Users\USER\.openjfx\cache\23.0.1+4\amd64\msvcp140_2.dll
0x00007fffd1d40000 - 0x00007fffd1d70000 	C:\Users\USER\.openjfx\cache\23.0.1+4\amd64\prism_d3d.dll
0x00007ff807a60000 - 0x00007ff807c08000 	C:\WINDOWS\system32\d3d9.dll
0x00007ff873420000 - 0x00007ff87344b000 	C:\WINDOWS\SYSTEM32\dwmapi.dll
0x00007ff8732b0000 - 0x00007ff8732e7000 	C:\WINDOWS\SYSTEM32\dxcore.dll
0x00007ff8731b0000 - 0x00007ff873261000 	C:\WINDOWS\system32\uxtheme.dll
0x00007ff8583a0000 - 0x00007ff85860f000 	C:\WINDOWS\System32\DriverStore\FileRepository\iigd_dch.inf_amd64_03e2a5c7c3b3fa7c\igdumdim64.dll
0x00007ff877d90000 - 0x00007ff877f35000 	C:\WINDOWS\System32\ole32.dll
0x00007ff836f50000 - 0x00007ff838473000 	C:\WINDOWS\System32\DriverStore\FileRepository\iigd_dch.inf_amd64_03e2a5c7c3b3fa7c\igd9dxva64.dll
0x00007ff877620000 - 0x00007ff877a94000 	C:\WINDOWS\System32\SETUPAPI.dll
0x00007ff875d20000 - 0x00007ff875d6e000 	C:\WINDOWS\SYSTEM32\cfgmgr32.dll
0x00007ff80c370000 - 0x00007ff80e09b000 	C:\WINDOWS\System32\DriverStore\FileRepository\iigd_dch.inf_amd64_03e2a5c7c3b3fa7c\media_bin_64.dll
0x00007ff86a0a0000 - 0x00007ff86a4df000 	C:\WINDOWS\System32\DriverStore\FileRepository\iigd_dch.inf_amd64_03e2a5c7c3b3fa7c\igdgmm64.dll
0x00007ff86fa50000 - 0x00007ff86fa99000 	C:\WINDOWS\SYSTEM32\directxdatabasehelper.dll
0x00007fffd04f0000 - 0x00007fffd0535000 	C:\Users\USER\.openjfx\cache\23.0.1+4\amd64\glass.dll
0x00007ff876b80000 - 0x00007ff876c80000 	C:\WINDOWS\System32\COMDLG32.dll
0x00007ff878a20000 - 0x00007ff878b81000 	C:\WINDOWS\System32\MSCTF.dll
0x00007ff821710000 - 0x00007ff821737000 	C:\WINDOWS\System32\DriverStore\FileRepository\iigd_dch.inf_amd64_03e2a5c7c3b3fa7c\igdinfo64.dll
0x00007ff875860000 - 0x00007ff87587b000 	C:\WINDOWS\SYSTEM32\CRYPTSP.dll
0x00007ff8750f0000 - 0x00007ff875125000 	C:\WINDOWS\system32\rsaenh.dll
0x00007ff875880000 - 0x00007ff87588c000 	C:\WINDOWS\SYSTEM32\CRYPTBASE.dll
0x00007ff86c550000 - 0x00007ff86c574000 	C:\WINDOWS\System32\DriverStore\FileRepository\iigd_dch.inf_amd64_03e2a5c7c3b3fa7c\igc64.dll
0x00007ff861310000 - 0x00007ff865a7b000 	C:\WINDOWS\System32\DriverStore\FileRepository\iigd_dch.inf_amd64_03e2a5c7c3b3fa7c\igc1464.dll
0x00007ff878d80000 - 0x00007ff878e30000 	C:\WINDOWS\System32\clbcatq.dll
0x00007ff868ff0000 - 0x00007ff86916d000 	C:\Windows\System32\Windows.UI.dll
0x00007ff867c40000 - 0x00007ff867db5000 	C:\Windows\System32\Windows.UI.Immersive.dll
0x00007fffd03c0000 - 0x00007fffd03d5000 	C:\Users\USER\.openjfx\cache\23.0.1+4\amd64\javafx_font.dll
0x00007ff8703e0000 - 0x00007ff870653000 	C:\WINDOWS\SYSTEM32\dwrite.dll
0x00007ff872fc0000 - 0x00007ff873170000 	C:\WINDOWS\SYSTEM32\WindowsCodecs.dll
0x00007ff84ac30000 - 0x00007ff84ac8e000 	C:\WINDOWS\system32\dataexchange.dll
0x00007ff86e100000 - 0x00007ff86e3a4000 	C:\WINDOWS\system32\twinapi.appcore.dll
0x00007ff85b070000 - 0x00007ff85b0a2000 	C:\Program Files\Common Files\Microsoft Shared\Ink\rtscom.dll
0x00007ff8611c0000 - 0x00007ff861305000 	C:\WINDOWS\SYSTEM32\textinputframework.dll
0x00007ff8717b0000 - 0x00007ff8718e3000 	C:\WINDOWS\SYSTEM32\CoreMessaging.dll
0x00007ff86f230000 - 0x00007ff86f59d000 	C:\WINDOWS\SYSTEM32\CoreUIComponents.dll

dbghelp: loaded successfully - version: 4.0.5 - missing functions: none
symbol engine: initialized successfully - sym options: 0x614 - pdb path: .;C:\Program Files\Java\jdk-21\bin;C:\WINDOWS\SYSTEM32;C:\WINDOWS\WinSxS\amd64_microsoft.windows.common-controls_6595b64144ccf1df_6.0.22621.4541_none_2710d1c57384c085;C:\Program Files\Java\jdk-21\bin\server;C:\Users\USER\.openjfx\cache\23.0.1+4\amd64;C:\WINDOWS\System32\DriverStore\FileRepository\iigd_dch.inf_amd64_03e2a5c7c3b3fa7c;C:\Program Files\Common Files\Microsoft Shared\Ink

VM Arguments:
jvm_args: --module-path=C:\Users\USER\.m2\repository\org\openjfx\javafx-base\23.0.1\javafx-base-23.0.1-win.jar;C:\Users\USER\.m2\repository\org\openjfx\javafx-base\23.0.1\javafx-base-23.0.1.jar;C:\Users\USER\.m2\repository\org\openjfx\javafx-controls\23.0.1\javafx-controls-23.0.1-win.jar;C:\Users\USER\.m2\repository\org\openjfx\javafx-controls\23.0.1\javafx-controls-23.0.1.jar;C:\Users\USER\.m2\repository\org\openjfx\javafx-fxml\23.0.1\javafx-fxml-23.0.1-win.jar;C:\Users\USER\.m2\repository\org\openjfx\javafx-fxml\23.0.1\javafx-fxml-23.0.1.jar;C:\Users\USER\.m2\repository\org\openjfx\javafx-graphics\23.0.1\javafx-graphics-23.0.1-win.jar;C:\Users\USER\.m2\repository\org\openjfx\javafx-graphics\23.0.1\javafx-graphics-23.0.1.jar --add-modules=javafx.base,javafx.controls,javafx.fxml,javafx.graphics 
java_command: com.mycompany.java_farm.mainUi
java_class_path (initial): D:\FILE MEEEEE\SEMESTER 3\PBO\Java_farm\Java_farm\target\classes;C:\Users\USER\.m2\repository\au\com\dius\pact\core\pactbroker\4.6.15\pactbroker-4.6.15.jar;C:\Users\USER\.m2\repository\au\com\dius\pact\core\support\4.6.15\support-4.6.15.jar;C:\Users\USER\.m2\repository\com\github\mifmif\generex\1.0.2\generex-1.0.2.jar;C:\Users\USER\.m2\repository\com\google\code\findbugs\jsr305\3.0.2\jsr305-3.0.2.jar;C:\Users\USER\.m2\repository\com\google\errorprone\error_prone_annotations\2.11.0\error_prone_annotations-2.11.0.jar;C:\Users\USER\.m2\repository\com\google\guava\failureaccess\1.0.1\failureaccess-1.0.1.jar;C:\Users\USER\.m2\repository\com\google\guava\guava\31.1-jre\guava-31.1-jre.jar;C:\Users\USER\.m2\repository\com\google\guava\listenablefuture\9999.0-empty-to-avoid-conflict-with-guava\listenablefuture-9999.0-empty-to-avoid-conflict-with-guava.jar;C:\Users\USER\.m2\repository\com\google\j2objc\j2objc-annotations\1.3\j2objc-annotations-1.3.jar;C:\Users\USER\.m2\repository\com\google\protobuf\protobuf-java\3.21.9\protobuf-java-3.21.9.jar;C:\Users\USER\.m2\repository\com\mysql\mysql-connector-j\8.0.33\mysql-connector-j-8.0.33.jar;C:\Users\USER\.m2\repository\commons-codec\commons-codec\1.15\commons-codec-1.15.jar;C:\Users\USER\.m2\repository\dk\brics\automaton\automaton\1.11-8\automaton-1.11-8.jar;C:\Users\USER\.m2\repository\io\github\oshai\kotlin-logging-jvm\5.1.4\kotlin-logging-jvm-5.1.4.jar;C:\Users\USER\.m2\repository\org\apache\commons\commons-lang3\3.12.0\commons-lang3-3.12.0.jar;C:\Users\USER\.m2\repository\org\apache\commons\commons-text\1.10.0\commons-text-1.10.0.jar;C:\Users\USER\.m2\repository\org\apache\httpcomponents\client5\httpclient5\5.3.1\httpclient5-5.3.1.jar;C:\Users\USER\.m2\repository\org\apache\httpcomponents\client5\httpclient5-fluent\5.3.1\httpclient5-fluent-5.3.1.jar;C:\Users\USER\.m2\repository\org\apache\httpcomponents\core5\httpcore5\5.2.4\httpcore5-5.2.4.jar;C:\Users\USER\.m2\repository\org\apache\httpcomponents\core5\httpcore5-h2\5.2.4\httpcore5-h2-5.2.4.jar;C:\Users\USER\.m2\repository\org\checkerframework\checker-qual\3.12.0\checker-qual-3.12.0.jar;C:\Users\USER\.m2\repository\org\jetbrains\annotations\13.0\annotations-13.0.jar;C:\Users\USER\.m2\repository\org\jetbrains\kotlin\kotlin-reflect\1.8.22\kotlin-reflect-1.8.22.jar;C:\Users\USER\.m2\repository\org\jetbrains\kotlin\kotlin-stdlib\1.8.22\kotlin-stdlib-1.8.22.jar;C:\Users\USER\.m2\repository\org\jetbrains\kotlin\kotlin-stdlib-common\1.8.22\kotlin-stdlib-common-1.8.22.jar;C:\Users\USER\.m2\repository\org\jetbrains\kotlin\kotlin-stdlib-jdk7\1.8.22\kotlin-stdlib-jdk7-1.8.22.jar;C:\Users\USER\.m2\repository\org\jetbrains\kotlin\kotlin-stdlib-jdk8\1.8.22\kotlin-stdlib-jdk8-1.8.22.jar;C:\Users\USER\.m2\repository\org\slf4j\slf4j-api\1.7.36\slf4j-api-1.7.36.jar
Launcher Type: SUN_STANDARD

[Global flags]
     intx CICompilerCount                          = 3                                         {product} {ergonomic}
     uint ConcGCThreads                            = 1                                         {product} {ergonomic}
     uint G1ConcRefinementThreads                  = 4                                         {product} {ergonomic}
   size_t G1HeapRegionSize                         = 1048576                                   {product} {ergonomic}
    uintx GCDrainStackTargetSize                   = 64                                        {product} {ergonomic}
   size_t InitialHeapSize                          = 65011712                                  {product} {ergonomic}
   size_t MarkStackSize                            = 4194304                                   {product} {ergonomic}
   size_t MaxHeapSize                              = 1021313024                                {product} {ergonomic}
   size_t MaxNewSize                               = 612368384                                 {product} {ergonomic}
   size_t MinHeapDeltaBytes                        = 1048576                                   {product} {ergonomic}
   size_t MinHeapSize                              = 8388608                                   {product} {ergonomic}
    uintx NonNMethodCodeHeapSize                   = 5832780                                {pd product} {ergonomic}
    uintx NonProfiledCodeHeapSize                  = 122912730                              {pd product} {ergonomic}
    uintx ProfiledCodeHeapSize                     = 122912730                              {pd product} {ergonomic}
    uintx ReservedCodeCacheSize                    = 251658240                              {pd product} {ergonomic}
     bool SegmentedCodeCache                       = true                                      {product} {ergonomic}
   size_t SoftMaxHeapSize                          = 1021313024                             {manageable} {ergonomic}
     bool UseCompressedOops                        = true                           {product lp64_product} {ergonomic}
     bool UseG1GC                                  = true                                      {product} {ergonomic}
     bool UseLargePagesIndividualAllocation        = false                                  {pd product} {ergonomic}

Logging:
Log output configuration:
 #0: stdout all=warning uptime,level,tags foldmultilines=false
 #1: stderr all=off uptime,level,tags foldmultilines=false

Environment Variables:
JAVA_HOME=C:\Program Files\Java\jdk-21
PATH=C:\Program Files\Common Files\Oracle\Java\javapath;C:\WINDOWS\system32;C:\WINDOWS;C:\WINDOWS\System32\Wbem;C:\WINDOWS\System32\WindowsPowerShell\v1.0\;C:\WINDOWS\System32\OpenSSH\;C:\MinGW\bin;C:\Program Files\dotnet\;C:\Program Files\MySQL\MySQL Server 8.0\bin;C:\xampp\php;C:\Program Files\MATLAB\R2024b\bin;C:\Program Files\Java\jdk-23\bin;C:\Users\USER\Downloads\apache-ant-1.10.15-bin\bin;C:\Program Files\Java\javafx-sdk-23.0.1\bin;C:\Program Files\NetBeans-20\netbeans\java\maven;C:\Users\USER\Downloads\apache-maven-3.9.9-bin\apache-maven-3.9.9\bin;C:\Program Files\Java\jdk-21\bin;C:\Program Files\Java\javafx-sdk-21.0.5\bin;C:\Program Files\Java\jdk-21\bin;C:\Program Files\MySQL\MySQL Shell 8.0\bin\;C:\Users\USER\AppData\Local\Microsoft\WindowsApps;;C:\Users\USER\Documents\FILE MEEEEE\Microsoft VS Code\bin
USERNAME=USER
OS=Windows_NT
PROCESSOR_IDENTIFIER=Intel64 Family 6 Model 140 Stepping 1, GenuineIntel
TMP=C:\Users\USER\AppData\Local\Temp
TEMP=C:\Users\USER\AppData\Local\Temp




Periodic native trim disabled

---------------  S Y S T E M  ---------------

OS:
 Windows 11 , 64 bit Build 22621 (10.0.22621.4391)
OS uptime: 0 days 12:44 hours

CPU: total 4 (initial active 4) (2 cores per cpu, 2 threads per core) family 6 model 140 stepping 1 microcode 0x9a, cx8, cmov, fxsr, ht, mmx, 3dnowpref, sse, sse2, sse3, ssse3, sse4.1, sse4.2, popcnt, lzcnt, tsc, tscinvbit, avx, avx2, aes, erms, clmul, bmi1, bmi2, adx, avx512f, avx512dq, avx512cd, avx512bw, avx512vl, sha, fma, vzeroupper, avx512_vpopcntdq, avx512_vpclmulqdq, avx512_vaes, avx512_vnni, clflush, clflushopt, clwb, avx512_vbmi2, avx512_vbmi, rdtscp, rdpid, fsrm, gfni, avx512_bitalg, f16c, pku, cet_ibt, cet_ss, avx512_ifma
Processor Information for processor 0
  Max Mhz: 2995, Current Mhz: 1198, Mhz Limit: 2995
Processor Information for processor 1
  Max Mhz: 2995, Current Mhz: 2995, Mhz Limit: 2995
Processor Information for processor 2
  Max Mhz: 2995, Current Mhz: 2995, Mhz Limit: 2995
Processor Information for processor 3
  Max Mhz: 2995, Current Mhz: 1198, Mhz Limit: 2995

Memory: 4k page, system-wide physical 3895M (200M free)
TotalPageFile size 15671M (AvailPageFile size 2M)
current process WorkingSet (physical memory assigned to process): 391M, peak: 414M
current process commit charge ("private bytes"): 935M, peak: 935M

vm_info: Java HotSpot(TM) 64-Bit Server VM (21.0.5+9-LTS-239) for windows-amd64 JRE (21.0.5+9-LTS-239), built on 2024-09-30T05:17:38Z by "mach5one" with MS VC++ 17.6 (VS2022)

END.
