#
# There is insufficient memory for the Java Runtime Environment to continue.
# Native memory allocation (malloc) failed to allocate 701536 bytes for Chunk::new
# Possible reasons:
#   The system is out of physical RAM or swap space
#   The process is running with CompressedOops enabled, and the Java Heap may be blocking the growth of the native heap
# Possible solutions:
#   Reduce memory load on the system
#   Increase physical memory or swap space
#   Check if swap backing store is full
#   Decrease Java heap size (-Xmx/-Xms)
#   Decrease number of Java threads
#   Decrease Java thread stack sizes (-Xss)
#   Set larger code cache with -XX:ReservedCodeCacheSize=
#   JVM is running with Unscaled Compressed Oops mode in which the Java heap is
#     placed in the first 4GB address space. The Java Heap base address is the
#     maximum limit for the native heap growth. Please use -XX:HeapBaseMinAddress
#     to set the Java Heap base and to place the Java Heap above 4GB virtual address.
# This output file may be truncated or incomplete.
#
#  Out of Memory Error (arena.cpp:168), pid=19136, tid=15492
#
# JRE version: Java(TM) SE Runtime Environment (21.0.5+9) (build 21.0.5+9-LTS-239)
# Java VM: Java HotSpot(TM) 64-Bit Server VM (21.0.5+9-LTS-239, mixed mode, sharing, tiered, compressed oops, compressed class ptrs, g1 gc, windows-amd64)
# No core dump will be written. Minidumps are not enabled by default on client versions of Windows
#

---------------  S U M M A R Y ------------

Command Line: --module-path=C:/Program Files/Java/javafx-sdk-23.0.1/lib --add-modules=javafx.controls,javafx.fxml --module-path=C:\Users\USER\.m2\repository\org\openjfx\javafx-base\23.0.1\javafx-base-23.0.1-win.jar;C:\Users\USER\.m2\repository\org\openjfx\javafx-base\23.0.1\javafx-base-23.0.1.jar;C:\Users\USER\.m2\repository\org\openjfx\javafx-controls\23.0.1\javafx-controls-23.0.1-win.jar;C:\Users\USER\.m2\repository\org\openjfx\javafx-controls\23.0.1\javafx-controls-23.0.1.jar;C:\Users\USER\.m2\repository\org\openjfx\javafx-fxml\23.0.1\javafx-fxml-23.0.1-win.jar;C:\Users\USER\.m2\repository\org\openjfx\javafx-fxml\23.0.1\javafx-fxml-23.0.1.jar;C:\Users\USER\.m2\repository\org\openjfx\javafx-graphics\23.0.1\javafx-graphics-23.0.1-win.jar;C:\Users\USER\.m2\repository\org\openjfx\javafx-graphics\23.0.1\javafx-graphics-23.0.1.jar --add-modules=javafx.base,javafx.controls,javafx.fxml,javafx.graphics com.mycompany.java_farm.mainUi

Host: 11th Gen Intel(R) Core(TM) i3-1115G4 @ 3.00GHz, 4 cores, 3G,  Windows 11 , 64 bit Build 22621 (10.0.22621.4391)
Time: Mon Dec  2 14:36:20 2024 SE Asia Standard Time elapsed time: 3.414912 seconds (0d 0h 0m 3s)

---------------  T H R E A D  ---------------

Current thread (0x00000143e3e4c1e0):  JavaThread "C2 CompilerThread0" daemon [_thread_in_native, id=15492, stack(0x00000012d6300000,0x00000012d6400000) (1024K)]


Current CompileTask:
C2:   3414 2252       4       java.lang.invoke.MethodType::makeImpl (109 bytes)

Stack: [0x00000012d6300000,0x00000012d6400000]
Native frames: (J=compiled Java code, j=interpreted, Vv=VM code, C=native code)
V  [jvm.dll+0x6ca289]
V  [jvm.dll+0x854a51]
V  [jvm.dll+0x856f7e]
V  [jvm.dll+0x857653]
V  [jvm.dll+0x27dd26]
V  [jvm.dll+0xc4c2d]
V  [jvm.dll+0xc5163]
V  [jvm.dll+0x2f0ccd]
V  [jvm.dll+0x5f4ffa]
V  [jvm.dll+0x24f882]
V  [jvm.dll+0x24fc3f]
V  [jvm.dll+0x248754]
V  [jvm.dll+0x245de4]
V  [jvm.dll+0x1c6d0e]
V  [jvm.dll+0x2554d9]
V  [jvm.dll+0x253a6a]
V  [jvm.dll+0x3ee136]
V  [jvm.dll+0x7fee9b]
V  [jvm.dll+0x6c896d]
C  [ucrtbase.dll+0x29333]
C  [KERNEL32.DLL+0x1259d]
C  [ntdll.dll+0x5af38]


---------------  P R O C E S S  ---------------

Threads class SMR info:
_java_thread_list=0x00000143f0a71ce0, length=18, elements={
0x00000143c712fca0, 0x00000143e3e3b1d0, 0x00000143e3e3be20, 0x00000143e3e3f6b0,
0x00000143e3e42ad0, 0x00000143e3e43740, 0x00000143e3e48670, 0x00000143e3e4c1e0,
0x00000143e3e55e00, 0x00000143e3e451f0, 0x00000143e3e46c30, 0x00000143e3e472c0,
0x00000143e3e47fe0, 0x00000143e3e465a0, 0x00000143e3e45880, 0x00000143e3e45f10,
0x00000143eebda120, 0x00000143eebdc1f0
}

Java Threads: ( => current thread )
  0x00000143c712fca0 JavaThread "main"                              [_thread_blocked, id=17180, stack(0x00000012d5500000,0x00000012d5600000) (1024K)]
  0x00000143e3e3b1d0 JavaThread "Reference Handler"          daemon [_thread_blocked, id=21308, stack(0x00000012d5d00000,0x00000012d5e00000) (1024K)]
  0x00000143e3e3be20 JavaThread "Finalizer"                  daemon [_thread_blocked, id=21320, stack(0x00000012d5e00000,0x00000012d5f00000) (1024K)]
  0x00000143e3e3f6b0 JavaThread "Signal Dispatcher"          daemon [_thread_blocked, id=21364, stack(0x00000012d5f00000,0x00000012d6000000) (1024K)]
  0x00000143e3e42ad0 JavaThread "Attach Listener"            daemon [_thread_blocked, id=21368, stack(0x00000012d6000000,0x00000012d6100000) (1024K)]
  0x00000143e3e43740 JavaThread "Service Thread"             daemon [_thread_blocked, id=22440, stack(0x00000012d6100000,0x00000012d6200000) (1024K)]
  0x00000143e3e48670 JavaThread "Monitor Deflation Thread"   daemon [_thread_blocked, id=21372, stack(0x00000012d6200000,0x00000012d6300000) (1024K)]
=>0x00000143e3e4c1e0 JavaThread "C2 CompilerThread0"         daemon [_thread_in_native, id=15492, stack(0x00000012d6300000,0x00000012d6400000) (1024K)]
  0x00000143e3e55e00 JavaThread "C1 CompilerThread0"         daemon [_thread_blocked, id=22316, stack(0x00000012d6400000,0x00000012d6500000) (1024K)]
  0x00000143e3e451f0 JavaThread "Common-Cleaner"             daemon [_thread_blocked, id=3932, stack(0x00000012d6500000,0x00000012d6600000) (1024K)]
  0x00000143e3e46c30 JavaThread "Notification Thread"        daemon [_thread_blocked, id=12412, stack(0x00000012d6600000,0x00000012d6700000) (1024K)]
  0x00000143e3e472c0 JavaThread "QuantumRenderer-0"          daemon [_thread_blocked, id=14980, stack(0x00000012d6a00000,0x00000012d6b00000) (1024K)]
  0x00000143e3e47fe0 JavaThread "InvokeLaterDispatcher"      daemon [_thread_blocked, id=21680, stack(0x00000012d6b00000,0x00000012d6c00000) (1024K)]
  0x00000143e3e465a0 JavaThread "JavaFX Application Thread"         [_thread_in_native, id=21652, stack(0x00000012d6c00000,0x00000012d6d00000) (1024K)]
  0x00000143e3e45880 JavaThread "JavaFX-Launcher"                   [_thread_blocked, id=7408, stack(0x00000012d7100000,0x00000012d7200000) (1024K)]
  0x00000143e3e45f10 JavaThread "Thread-2"                   daemon [_thread_in_native, id=17740, stack(0x00000012d7000000,0x00000012d7100000) (1024K)]
  0x00000143eebda120 JavaThread "Prism Font Disposer"        daemon [_thread_blocked, id=20540, stack(0x00000012d7300000,0x00000012d7400000) (1024K)]
  0x00000143eebdc1f0 JavaThread "Cleaner-0"                  daemon [_thread_blocked, id=8316, stack(0x00000012d7900000,0x00000012d7a00000) (1024K)]
Total: 18

Other Threads:
  0x00000143c73b42f0 VMThread "VM Thread"                           [id=16580, stack(0x00000012d5c00000,0x00000012d5d00000) (1024K)]
  0x00000143e3e2d230 WatcherThread "VM Periodic Task Thread"        [id=9036, stack(0x00000012d5b00000,0x00000012d5c00000) (1024K)]
  0x00000143c7330030 WorkerThread "GC Thread#0"                     [id=19688, stack(0x00000012d5600000,0x00000012d5700000) (1024K)]
  0x00000143e83ac030 WorkerThread "GC Thread#1"                     [id=2600, stack(0x00000012d6700000,0x00000012d6800000) (1024K)]
  0x00000143e836f000 WorkerThread "GC Thread#2"                     [id=14364, stack(0x00000012d6800000,0x00000012d6900000) (1024K)]
  0x00000143e836f3a0 WorkerThread "GC Thread#3"                     [id=1900, stack(0x00000012d6900000,0x00000012d6a00000) (1024K)]
  0x00000143c7339390 ConcurrentGCThread "G1 Main Marker"            [id=18436, stack(0x00000012d5700000,0x00000012d5800000) (1024K)]
  0x00000143c7339e90 WorkerThread "G1 Conc#0"                       [id=4692, stack(0x00000012d5800000,0x00000012d5900000) (1024K)]
  0x00000143c7393bf0 ConcurrentGCThread "G1 Refine#0"               [id=2532, stack(0x00000012d5900000,0x00000012d5a00000) (1024K)]
  0x00000143c7394760 ConcurrentGCThread "G1 Service"                [id=20472, stack(0x00000012d5a00000,0x00000012d5b00000) (1024K)]
Total: 10

Threads with active compile tasks:
C2 CompilerThread0     3445 2252       4       java.lang.invoke.MethodType::makeImpl (109 bytes)
Total: 1

VM state: not at safepoint (normal execution)

VM Mutex/Monitor currently owned by a thread: None

Heap address: 0x00000000c3200000, size: 974 MB, Compressed Oops mode: 32-bit

CDS archive(s) mapped at: [0x0000014380000000-0x0000014380c90000-0x0000014380c90000), size 13172736, SharedBaseAddress: 0x0000014380000000, ArchiveRelocationMode: 1.
Compressed class space mapped at: 0x0000014381000000-0x00000143c1000000, reserved size: 1073741824
Narrow klass base: 0x0000014380000000, Narrow klass shift: 0, Narrow klass range: 0x100000000

GC Precious Log:
 CardTable entry size: 512
 Card Set container configuration: InlinePtr #cards 5 size 8 Array Of Cards #cards 12 size 40 Howl #buckets 4 coarsen threshold 1843 Howl Bitmap #cards 512 size 80 coarsen threshold 460 Card regions per heap region 1 cards per card region 2048
 CPUs: 4 total, 4 available
 Memory: 3895M
 Large Page Support: Disabled
 NUMA Support: Disabled
 Compressed Oops: Enabled (32-bit)
 Heap Region Size: 1M
 Heap Min Capacity: 8M
 Heap Initial Capacity: 62M
 Heap Max Capacity: 974M
 Pre-touch: Disabled
 Parallel Workers: 4
 Concurrent Workers: 1
 Concurrent Refinement Workers: 4
 Periodic GC: Disabled

Heap:
 garbage-first heap   total 63488K, used 30262K [0x00000000c3200000, 0x0000000100000000)
  region size 1024K, 18 young (18432K), 4 survivors (4096K)
 Metaspace       used 15722K, committed 16064K, reserved 1114112K
  class space    used 2366K, committed 2496K, reserved 1048576K

Heap Regions: E=young(eden), S=young(survivor), O=old, HS=humongous(starts), HC=humongous(continues), CS=collection set, F=free, TAMS=top-at-mark-start, PB=parsable bottom
|   0|0x00000000c3200000, 0x00000000c3300000, 0x00000000c3300000|100%| O|  |TAMS 0x00000000c3200000| PB 0x00000000c3200000| Untracked 
|   1|0x00000000c3300000, 0x00000000c3400000, 0x00000000c3400000|100%| O|  |TAMS 0x00000000c3300000| PB 0x00000000c3300000| Untracked 
|   2|0x00000000c3400000, 0x00000000c3500000, 0x00000000c3500000|100%|HS|  |TAMS 0x00000000c3400000| PB 0x00000000c3400000| Complete 
|   3|0x00000000c3500000, 0x00000000c3600000, 0x00000000c3600000|100%|HC|  |TAMS 0x00000000c3500000| PB 0x00000000c3500000| Complete 
|   4|0x00000000c3600000, 0x00000000c3700000, 0x00000000c3700000|100%|HC|  |TAMS 0x00000000c3600000| PB 0x00000000c3600000| Complete 
|   5|0x00000000c3700000, 0x00000000c3800000, 0x00000000c3800000|100%|HS|  |TAMS 0x00000000c3700000| PB 0x00000000c3700000| Complete 
|   6|0x00000000c3800000, 0x00000000c3900000, 0x00000000c3900000|100%|HC|  |TAMS 0x00000000c3800000| PB 0x00000000c3800000| Complete 
|   7|0x00000000c3900000, 0x00000000c3a00000, 0x00000000c3a00000|100%|HC|  |TAMS 0x00000000c3900000| PB 0x00000000c3900000| Complete 
|   8|0x00000000c3a00000, 0x00000000c3b00000, 0x00000000c3b00000|100%|HC|  |TAMS 0x00000000c3a00000| PB 0x00000000c3a00000| Complete 
|   9|0x00000000c3b00000, 0x00000000c3c00000, 0x00000000c3c00000|100%| O|  |TAMS 0x00000000c3b00000| PB 0x00000000c3b00000| Untracked 
|  10|0x00000000c3c00000, 0x00000000c3d00000, 0x00000000c3d00000|100%| O|  |TAMS 0x00000000c3c00000| PB 0x00000000c3c00000| Untracked 
|  11|0x00000000c3d00000, 0x00000000c3db72e8, 0x00000000c3e00000| 71%| O|  |TAMS 0x00000000c3d00000| PB 0x00000000c3d00000| Untracked 
|  12|0x00000000c3e00000, 0x00000000c3f00000, 0x00000000c3f00000|100%|HS|  |TAMS 0x00000000c3e00000| PB 0x00000000c3e00000| Complete 
|  13|0x00000000c3f00000, 0x00000000c4000000, 0x00000000c4000000|100%|HC|  |TAMS 0x00000000c3f00000| PB 0x00000000c3f00000| Complete 
|  14|0x00000000c4000000, 0x00000000c4000000, 0x00000000c4100000|  0%| F|  |TAMS 0x00000000c4000000| PB 0x00000000c4000000| Untracked 
|  15|0x00000000c4100000, 0x00000000c4100000, 0x00000000c4200000|  0%| F|  |TAMS 0x00000000c4100000| PB 0x00000000c4100000| Untracked 
|  16|0x00000000c4200000, 0x00000000c4200000, 0x00000000c4300000|  0%| F|  |TAMS 0x00000000c4200000| PB 0x00000000c4200000| Untracked 
|  17|0x00000000c4300000, 0x00000000c4300000, 0x00000000c4400000|  0%| F|  |TAMS 0x00000000c4300000| PB 0x00000000c4300000| Untracked 
|  18|0x00000000c4400000, 0x00000000c4400000, 0x00000000c4500000|  0%| F|  |TAMS 0x00000000c4400000| PB 0x00000000c4400000| Untracked 
|  19|0x00000000c4500000, 0x00000000c4500000, 0x00000000c4600000|  0%| F|  |TAMS 0x00000000c4500000| PB 0x00000000c4500000| Untracked 
|  20|0x00000000c4600000, 0x00000000c4600000, 0x00000000c4700000|  0%| F|  |TAMS 0x00000000c4600000| PB 0x00000000c4600000| Untracked 
|  21|0x00000000c4700000, 0x00000000c47d6818, 0x00000000c4800000| 83%| S|CS|TAMS 0x00000000c4700000| PB 0x00000000c4700000| Complete 
|  22|0x00000000c4800000, 0x00000000c4900000, 0x00000000c4900000|100%| S|CS|TAMS 0x00000000c4800000| PB 0x00000000c4800000| Complete 
|  23|0x00000000c4900000, 0x00000000c4a00000, 0x00000000c4a00000|100%| S|CS|TAMS 0x00000000c4900000| PB 0x00000000c4900000| Complete 
|  24|0x00000000c4a00000, 0x00000000c4b00000, 0x00000000c4b00000|100%| S|CS|TAMS 0x00000000c4a00000| PB 0x00000000c4a00000| Complete 
|  25|0x00000000c4b00000, 0x00000000c4b00000, 0x00000000c4c00000|  0%| F|  |TAMS 0x00000000c4b00000| PB 0x00000000c4b00000| Untracked 
|  26|0x00000000c4c00000, 0x00000000c4c00000, 0x00000000c4d00000|  0%| F|  |TAMS 0x00000000c4c00000| PB 0x00000000c4c00000| Untracked 
|  27|0x00000000c4d00000, 0x00000000c4d00000, 0x00000000c4e00000|  0%| F|  |TAMS 0x00000000c4d00000| PB 0x00000000c4d00000| Untracked 
|  28|0x00000000c4e00000, 0x00000000c4e00000, 0x00000000c4f00000|  0%| F|  |TAMS 0x00000000c4e00000| PB 0x00000000c4e00000| Untracked 
|  29|0x00000000c4f00000, 0x00000000c4f00000, 0x00000000c5000000|  0%| F|  |TAMS 0x00000000c4f00000| PB 0x00000000c4f00000| Untracked 
|  30|0x00000000c5000000, 0x00000000c5000000, 0x00000000c5100000|  0%| F|  |TAMS 0x00000000c5000000| PB 0x00000000c5000000| Untracked 
|  31|0x00000000c5100000, 0x00000000c5100000, 0x00000000c5200000|  0%| F|  |TAMS 0x00000000c5100000| PB 0x00000000c5100000| Untracked 
|  32|0x00000000c5200000, 0x00000000c5200000, 0x00000000c5300000|  0%| F|  |TAMS 0x00000000c5200000| PB 0x00000000c5200000| Untracked 
|  33|0x00000000c5300000, 0x00000000c5300000, 0x00000000c5400000|  0%| F|  |TAMS 0x00000000c5300000| PB 0x00000000c5300000| Untracked 
|  34|0x00000000c5400000, 0x00000000c5400000, 0x00000000c5500000|  0%| F|  |TAMS 0x00000000c5400000| PB 0x00000000c5400000| Untracked 
|  35|0x00000000c5500000, 0x00000000c5500000, 0x00000000c5600000|  0%| F|  |TAMS 0x00000000c5500000| PB 0x00000000c5500000| Untracked 
|  36|0x00000000c5600000, 0x00000000c5600000, 0x00000000c5700000|  0%| F|  |TAMS 0x00000000c5600000| PB 0x00000000c5600000| Untracked 
|  37|0x00000000c5700000, 0x00000000c5700000, 0x00000000c5800000|  0%| F|  |TAMS 0x00000000c5700000| PB 0x00000000c5700000| Untracked 
|  38|0x00000000c5800000, 0x00000000c5800000, 0x00000000c5900000|  0%| F|  |TAMS 0x00000000c5800000| PB 0x00000000c5800000| Untracked 
|  39|0x00000000c5900000, 0x00000000c5900000, 0x00000000c5a00000|  0%| F|  |TAMS 0x00000000c5900000| PB 0x00000000c5900000| Untracked 
|  40|0x00000000c5a00000, 0x00000000c5a00000, 0x00000000c5b00000|  0%| F|  |TAMS 0x00000000c5a00000| PB 0x00000000c5a00000| Untracked 
|  41|0x00000000c5b00000, 0x00000000c5b00000, 0x00000000c5c00000|  0%| F|  |TAMS 0x00000000c5b00000| PB 0x00000000c5b00000| Untracked 
|  42|0x00000000c5c00000, 0x00000000c5c00000, 0x00000000c5d00000|  0%| F|  |TAMS 0x00000000c5c00000| PB 0x00000000c5c00000| Untracked 
|  43|0x00000000c5d00000, 0x00000000c5d00000, 0x00000000c5e00000|  0%| F|  |TAMS 0x00000000c5d00000| PB 0x00000000c5d00000| Untracked 
|  44|0x00000000c5e00000, 0x00000000c5e00000, 0x00000000c5f00000|  0%| F|  |TAMS 0x00000000c5e00000| PB 0x00000000c5e00000| Untracked 
|  45|0x00000000c5f00000, 0x00000000c5f00000, 0x00000000c6000000|  0%| F|  |TAMS 0x00000000c5f00000| PB 0x00000000c5f00000| Untracked 
|  46|0x00000000c6000000, 0x00000000c6000000, 0x00000000c6100000|  0%| F|  |TAMS 0x00000000c6000000| PB 0x00000000c6000000| Untracked 
|  47|0x00000000c6100000, 0x00000000c6100000, 0x00000000c6200000|  0%| F|  |TAMS 0x00000000c6100000| PB 0x00000000c6100000| Untracked 
|  48|0x00000000c6200000, 0x00000000c6276228, 0x00000000c6300000| 46%| E|  |TAMS 0x00000000c6200000| PB 0x00000000c6200000| Complete 
|  49|0x00000000c6300000, 0x00000000c6400000, 0x00000000c6400000|100%| E|CS|TAMS 0x00000000c6300000| PB 0x00000000c6300000| Complete 
|  50|0x00000000c6400000, 0x00000000c6500000, 0x00000000c6500000|100%| E|CS|TAMS 0x00000000c6400000| PB 0x00000000c6400000| Complete 
|  51|0x00000000c6500000, 0x00000000c6600000, 0x00000000c6600000|100%| E|  |TAMS 0x00000000c6500000| PB 0x00000000c6500000| Complete 
|  52|0x00000000c6600000, 0x00000000c6700000, 0x00000000c6700000|100%| E|CS|TAMS 0x00000000c6600000| PB 0x00000000c6600000| Complete 
|  53|0x00000000c6700000, 0x00000000c6800000, 0x00000000c6800000|100%| E|CS|TAMS 0x00000000c6700000| PB 0x00000000c6700000| Complete 
|  54|0x00000000c6800000, 0x00000000c6900000, 0x00000000c6900000|100%| E|CS|TAMS 0x00000000c6800000| PB 0x00000000c6800000| Complete 
|  55|0x00000000c6900000, 0x00000000c6a00000, 0x00000000c6a00000|100%| E|CS|TAMS 0x00000000c6900000| PB 0x00000000c6900000| Complete 
|  56|0x00000000c6a00000, 0x00000000c6b00000, 0x00000000c6b00000|100%| E|CS|TAMS 0x00000000c6a00000| PB 0x00000000c6a00000| Complete 
|  57|0x00000000c6b00000, 0x00000000c6c00000, 0x00000000c6c00000|100%| E|CS|TAMS 0x00000000c6b00000| PB 0x00000000c6b00000| Complete 
|  58|0x00000000c6c00000, 0x00000000c6d00000, 0x00000000c6d00000|100%| E|CS|TAMS 0x00000000c6c00000| PB 0x00000000c6c00000| Complete 
|  59|0x00000000c6d00000, 0x00000000c6e00000, 0x00000000c6e00000|100%| E|CS|TAMS 0x00000000c6d00000| PB 0x00000000c6d00000| Complete 
|  60|0x00000000c6e00000, 0x00000000c6f00000, 0x00000000c6f00000|100%| E|CS|TAMS 0x00000000c6e00000| PB 0x00000000c6e00000| Complete 
|  61|0x00000000c6f00000, 0x00000000c7000000, 0x00000000c7000000|100%| E|CS|TAMS 0x00000000c6f00000| PB 0x00000000c6f00000| Complete 

Card table byte_map: [0x00000143e0770000,0x00000143e0960000] _byte_map_base: 0x00000143e0157000

Marking Bits: (CMBitMap*) 0x00000143c7330f40
 Bits: [0x00000143e0960000, 0x00000143e1898000)

Polling page: 0x00000143d0f30000

Metaspace:

Usage:
  Non-class:     13.04 MB used.
      Class:      2.31 MB used.
       Both:     15.35 MB used.

Virtual space:
  Non-class space:       64.00 MB reserved,      13.25 MB ( 21%) committed,  1 nodes.
      Class space:        1.00 GB reserved,       2.44 MB ( <1%) committed,  1 nodes.
             Both:        1.06 GB reserved,      15.69 MB (  1%) committed. 

Chunk freelists:
   Non-Class:  1.92 MB
       Class:  13.47 MB
        Both:  15.40 MB

MaxMetaspaceSize: unlimited
CompressedClassSpaceSize: 1.00 GB
Initial GC threshold: 21.00 MB
Current GC threshold: 21.00 MB
CDS: on
 - commit_granule_bytes: 65536.
 - commit_granule_words: 8192.
 - virtual_space_node_default_size: 8388608.
 - enlarge_chunks_in_place: 1.
 - use_allocation_guard: 0.


Internal statistics:

num_allocs_failed_limit: 0.
num_arena_births: 318.
num_arena_deaths: 0.
num_vsnodes_births: 2.
num_vsnodes_deaths: 0.
num_space_committed: 251.
num_space_uncommitted: 0.
num_chunks_returned_to_freelist: 0.
num_chunks_taken_from_freelist: 810.
num_chunk_merges: 0.
num_chunk_splits: 568.
num_chunks_enlarged: 431.
num_inconsistent_stats: 0.

CodeHeap 'non-profiled nmethods': size=120000Kb used=923Kb max_used=923Kb free=119076Kb
 bounds [0x00000143d8a20000, 0x00000143d8c90000, 0x00000143dff50000]
CodeHeap 'profiled nmethods': size=120000Kb used=4422Kb max_used=4422Kb free=115577Kb
 bounds [0x00000143d0f50000, 0x00000143d13b0000, 0x00000143d8480000]
CodeHeap 'non-nmethods': size=5760Kb used=2036Kb max_used=2036Kb free=3723Kb
 bounds [0x00000143d8480000, 0x00000143d86f0000, 0x00000143d8a20000]
 total_blobs=3087 nmethods=2272 adapters=719
 compilation: enabled
              stopped_count=0, restarted_count=0
 full_count=0

Compilation events (20 events):
Event: 3.364 Thread 0x00000143e3e55e00 2256       3       java.lang.invoke.Invokers::callSiteForm (297 bytes)
Event: 3.365 Thread 0x00000143e3e55e00 nmethod 2256 0x00000143d139d210 code [0x00000143d139d540, 0x00000143d139e918]
Event: 3.365 Thread 0x00000143e3e55e00 2264       3       java.lang.invoke.LambdaFormBuffer::indexOf (33 bytes)
Event: 3.365 Thread 0x00000143e3e55e00 nmethod 2264 0x00000143d139f190 code [0x00000143d139f360, 0x00000143d139f720]
Event: 3.365 Thread 0x00000143e3e55e00 2268       3       java.lang.invoke.DirectMethodHandle$Holder::invokeStatic (24 bytes)
Event: 3.365 Thread 0x00000143e3e55e00 nmethod 2268 0x00000143d139f890 code [0x00000143d139fa60, 0x00000143d139ffd0]
Event: 3.381 Thread 0x00000143e3e55e00 2269       3       sun.misc.Unsafe::putByte (9 bytes)
Event: 3.381 Thread 0x00000143e3e55e00 nmethod 2269 0x00000143d13a0110 code [0x00000143d13a02a0, 0x00000143d13a0420]
Event: 3.381 Thread 0x00000143e3e55e00 2270       3       jdk.internal.misc.Unsafe::putByte (8 bytes)
Event: 3.381 Thread 0x00000143e3e55e00 nmethod 2270 0x00000143d13a0510 code [0x00000143d13a06a0, 0x00000143d13a07b8]
Event: 3.382 Thread 0x00000143e3e55e00 2271       3       jdk.internal.misc.Unsafe::getInt (7 bytes)
Event: 3.382 Thread 0x00000143e3e55e00 nmethod 2271 0x00000143d13a0890 code [0x00000143d13a0a20, 0x00000143d13a0b38]
Event: 3.382 Thread 0x00000143e3e55e00 2272       3       sun.misc.Unsafe::getInt (8 bytes)
Event: 3.382 Thread 0x00000143e3e55e00 nmethod 2272 0x00000143d13a0c10 code [0x00000143d13a0da0, 0x00000143d13a0f20]
Event: 3.382 Thread 0x00000143e3e55e00 2273       3       sun.misc.Unsafe::putInt (9 bytes)
Event: 3.382 Thread 0x00000143e3e55e00 nmethod 2273 0x00000143d13a1010 code [0x00000143d13a11a0, 0x00000143d13a1320]
Event: 3.382 Thread 0x00000143e3e55e00 2274       3       jdk.internal.misc.Unsafe::putInt (8 bytes)
Event: 3.382 Thread 0x00000143e3e55e00 nmethod 2274 0x00000143d13a1410 code [0x00000143d13a15a0, 0x00000143d13a16b8]
Event: 3.397 Thread 0x00000143e3e55e00 2275       3       java.util.concurrent.atomic.AtomicBoolean::get (13 bytes)
Event: 3.398 Thread 0x00000143e3e55e00 nmethod 2275 0x00000143d13a1790 code [0x00000143d13a1920, 0x00000143d13a1a88]

GC Heap History (6 events):
Event: 0.726 GC heap before
{Heap before GC invocations=0 (full 0):
 garbage-first heap   total 63488K, used 12288K [0x00000000c3200000, 0x0000000100000000)
  region size 1024K, 13 young (13312K), 0 survivors (0K)
 Metaspace       used 1860K, committed 2048K, reserved 1114112K
  class space    used 184K, committed 256K, reserved 1048576K
}
Event: 0.732 GC heap after
{Heap after GC invocations=1 (full 0):
 garbage-first heap   total 63488K, used 1751K [0x00000000c3200000, 0x0000000100000000)
  region size 1024K, 2 young (2048K), 2 survivors (2048K)
 Metaspace       used 1860K, committed 2048K, reserved 1114112K
  class space    used 184K, committed 256K, reserved 1048576K
}
Event: 1.579 GC heap before
{Heap before GC invocations=1 (full 0):
 garbage-first heap   total 63488K, used 23255K [0x00000000c3200000, 0x0000000100000000)
  region size 1024K, 24 young (24576K), 2 survivors (2048K)
 Metaspace       used 5074K, committed 5312K, reserved 1114112K
  class space    used 552K, committed 640K, reserved 1048576K
}
Event: 1.585 GC heap after
{Heap after GC invocations=2 (full 0):
 garbage-first heap   total 63488K, used 4659K [0x00000000c3200000, 0x0000000100000000)
  region size 1024K, 3 young (3072K), 3 survivors (3072K)
 Metaspace       used 5074K, committed 5312K, reserved 1114112K
  class space    used 552K, committed 640K, reserved 1048576K
}
Event: 2.897 GC heap before
{Heap before GC invocations=2 (full 0):
 garbage-first heap   total 63488K, used 45619K [0x00000000c3200000, 0x0000000100000000)
  region size 1024K, 37 young (37888K), 3 survivors (3072K)
 Metaspace       used 13010K, committed 13312K, reserved 1114112K
  class space    used 1845K, committed 1984K, reserved 1048576K
}
Event: 2.904 GC heap after
{Heap after GC invocations=3 (full 0):
 garbage-first heap   total 63488K, used 15926K [0x00000000c3200000, 0x0000000100000000)
  region size 1024K, 4 young (4096K), 4 survivors (4096K)
 Metaspace       used 13010K, committed 13312K, reserved 1114112K
  class space    used 1845K, committed 1984K, reserved 1048576K
}

Dll operation events (20 events):
Event: 0.616 Loaded shared library C:\Users\USER\.openjfx\cache\23.0.1+4\amd64\api-ms-win-crt-locale-l1-1-0.dll
Event: 0.621 Loaded shared library C:\Users\USER\.openjfx\cache\23.0.1+4\amd64\api-ms-win-crt-math-l1-1-0.dll
Event: 0.626 Loaded shared library C:\Users\USER\.openjfx\cache\23.0.1+4\amd64\api-ms-win-crt-multibyte-l1-1-0.dll
Event: 0.631 Loaded shared library C:\Users\USER\.openjfx\cache\23.0.1+4\amd64\api-ms-win-crt-private-l1-1-0.dll
Event: 0.635 Loaded shared library C:\Users\USER\.openjfx\cache\23.0.1+4\amd64\api-ms-win-crt-process-l1-1-0.dll
Event: 0.640 Loaded shared library C:\Users\USER\.openjfx\cache\23.0.1+4\amd64\api-ms-win-crt-runtime-l1-1-0.dll
Event: 0.644 Loaded shared library C:\Users\USER\.openjfx\cache\23.0.1+4\amd64\api-ms-win-crt-stdio-l1-1-0.dll
Event: 0.650 Loaded shared library C:\Users\USER\.openjfx\cache\23.0.1+4\amd64\api-ms-win-crt-string-l1-1-0.dll
Event: 0.654 Loaded shared library C:\Users\USER\.openjfx\cache\23.0.1+4\amd64\api-ms-win-crt-time-l1-1-0.dll
Event: 0.660 Loaded shared library C:\Users\USER\.openjfx\cache\23.0.1+4\amd64\api-ms-win-crt-utility-l1-1-0.dll
Event: 0.681 Loaded shared library C:\Users\USER\.openjfx\cache\23.0.1+4\amd64\ucrtbase.dll
Event: 0.687 Loaded shared library C:\Users\USER\.openjfx\cache\23.0.1+4\amd64\vcruntime140.dll
Event: 0.691 Loaded shared library C:\Users\USER\.openjfx\cache\23.0.1+4\amd64\vcruntime140_1.dll
Event: 0.701 Loaded shared library C:\Users\USER\.openjfx\cache\23.0.1+4\amd64\msvcp140.dll
Event: 0.705 Loaded shared library C:\Users\USER\.openjfx\cache\23.0.1+4\amd64\msvcp140_1.dll
Event: 0.712 Loaded shared library C:\Users\USER\.openjfx\cache\23.0.1+4\amd64\msvcp140_2.dll
Event: 0.782 Loaded shared library C:\Users\USER\.openjfx\cache\23.0.1+4\amd64\prism_d3d.dll
Event: 0.916 Loaded shared library C:\Users\USER\.openjfx\cache\23.0.1+4\amd64\glass.dll
Event: 1.164 Loaded shared library C:\Program Files\Java\jdk-21\bin\jimage.dll
Event: 2.086 Loaded shared library C:\Users\USER\.openjfx\cache\23.0.1+4\amd64\javafx_font.dll

Deoptimization events (20 events):
Event: 2.851 Thread 0x00000143e3e465a0 Uncommon trap: trap_request=0xffffffde fr.pc=0x00000143d8a394c8 relative=0x00000000000001a8
Event: 2.851 Thread 0x00000143e3e465a0 Uncommon trap: reason=class_check action=maybe_recompile pc=0x00000143d8a394c8 method=java.lang.String.equals(Ljava/lang/Object;)Z @ 8 c2
Event: 2.851 Thread 0x00000143e3e465a0 DEOPT PACKING pc=0x00000143d8a394c8 sp=0x00000012d6cfd580
Event: 2.851 Thread 0x00000143e3e465a0 DEOPT UNPACKING pc=0x00000143d84d7da2 sp=0x00000012d6cfd518 mode 2
Event: 3.029 Thread 0x00000143e3e465a0 Uncommon trap: trap_request=0xffffff45 fr.pc=0x00000143d8ac0a14 relative=0x00000000000001f4
Event: 3.029 Thread 0x00000143e3e465a0 Uncommon trap: reason=unstable_if action=reinterpret pc=0x00000143d8ac0a14 method=java.io.ByteArrayInputStream.read()I @ 8 c2
Event: 3.029 Thread 0x00000143e3e465a0 DEOPT PACKING pc=0x00000143d8ac0a14 sp=0x00000012d6cfbf60
Event: 3.029 Thread 0x00000143e3e465a0 DEOPT UNPACKING pc=0x00000143d84d7da2 sp=0x00000012d6cfbf08 mode 2
Event: 3.159 Thread 0x00000143e3e472c0 Uncommon trap: trap_request=0xffffffde fr.pc=0x00000143d8aed964 relative=0x0000000000000cc4
Event: 3.159 Thread 0x00000143e3e472c0 Uncommon trap: reason=class_check action=maybe_recompile pc=0x00000143d8aed964 method=java.io.BufferedInputStream.read1([BII)I @ 52 c2
Event: 3.159 Thread 0x00000143e3e472c0 DEOPT PACKING pc=0x00000143d8aed964 sp=0x00000012d6afdf00
Event: 3.159 Thread 0x00000143e3e472c0 DEOPT UNPACKING pc=0x00000143d84d7da2 sp=0x00000012d6afde18 mode 2
Event: 3.159 Thread 0x00000143e3e472c0 Uncommon trap: trap_request=0xffffff45 fr.pc=0x00000143d8aed718 relative=0x0000000000000a78
Event: 3.159 Thread 0x00000143e3e472c0 Uncommon trap: reason=unstable_if action=reinterpret pc=0x00000143d8aed718 method=java.io.BufferedInputStream.read1([BII)I @ 73 c2
Event: 3.159 Thread 0x00000143e3e472c0 DEOPT PACKING pc=0x00000143d8aed718 sp=0x00000012d6afdf00
Event: 3.159 Thread 0x00000143e3e472c0 DEOPT UNPACKING pc=0x00000143d84d7da2 sp=0x00000012d6afde30 mode 2
Event: 3.177 Thread 0x00000143e3e472c0 Uncommon trap: trap_request=0xffffff45 fr.pc=0x00000143d8aba504 relative=0x0000000000000424
Event: 3.177 Thread 0x00000143e3e472c0 Uncommon trap: reason=unstable_if action=reinterpret pc=0x00000143d8aba504 method=java.io.BufferedInputStream.read1([BII)I @ 34 c2
Event: 3.177 Thread 0x00000143e3e472c0 DEOPT PACKING pc=0x00000143d8aba504 sp=0x00000012d6afddf0
Event: 3.177 Thread 0x00000143e3e472c0 DEOPT UNPACKING pc=0x00000143d84d7da2 sp=0x00000012d6afddb8 mode 2

Classes loaded (20 events):
Event: 3.143 Loading class java/util/concurrent/ConcurrentLinkedQueue
Event: 3.144 Loading class java/util/concurrent/ConcurrentLinkedQueue done
Event: 3.144 Loading class java/util/concurrent/ConcurrentLinkedQueue$Node
Event: 3.144 Loading class java/util/concurrent/ConcurrentLinkedQueue$Node done
Event: 3.159 Loading class java/nio/DirectByteBuffer$Deallocator
Event: 3.159 Loading class java/nio/DirectByteBuffer$Deallocator done
Event: 3.193 Loading class java/nio/ShortBuffer
Event: 3.193 Loading class java/nio/ShortBuffer done
Event: 3.193 Loading class java/nio/DoubleBuffer
Event: 3.194 Loading class java/nio/DoubleBuffer done
Event: 3.195 Loading class java/nio/DirectFloatBufferU
Event: 3.195 Loading class java/nio/DirectFloatBufferU done
Event: 3.206 Loading class java/lang/FdLibm$Atan2
Event: 3.206 Loading class java/lang/FdLibm$Atan2 done
Event: 3.354 Loading class jdk/internal/ref/CleanerImpl$InnocuousThreadFactory
Event: 3.355 Loading class jdk/internal/ref/CleanerImpl$InnocuousThreadFactory done
Event: 3.362 Loading class sun/misc/Unsafe
Event: 3.362 Loading class sun/misc/Unsafe done
Event: 3.363 Loading class java/lang/invoke/DirectMethodHandle$StaticAccessor
Event: 3.363 Loading class java/lang/invoke/DirectMethodHandle$StaticAccessor done

Classes unloaded (0 events):
No events

Classes redefined (0 events):
No events

Internal exceptions (20 events):
Event: 2.232 Thread 0x00000143e3e465a0 Exception <a 'java/lang/NoSuchMethodError'{0x00000000c5f843f8}: 'void java.lang.invoke.Invokers$Holder.invokeExact_MT(java.lang.Object, java.lang.Object, java.lang.Object, java.lang.Object)'> (0x00000000c5f843f8) 
thrown [s\open\src\hotspot\share\interpreter\linkResolver.cpp, line 773]
Event: 2.295 Thread 0x00000143e3e465a0 Implicit null exception at 0x00000143d8a448e6 to 0x00000143d8a4498a
Event: 2.316 Thread 0x00000143e3e465a0 Implicit null exception at 0x00000143d8ac511a to 0x00000143d8ac535c
Event: 2.620 Thread 0x00000143e3e465a0 Implicit null exception at 0x00000143d8ac3e9a to 0x00000143d8ac40d8
Event: 2.648 Thread 0x00000143e3e465a0 Implicit null exception at 0x00000143d8a3dabd to 0x00000143d8a3db41
Event: 2.696 Thread 0x00000143e3e465a0 Exception <a 'java/lang/ClassNotFoundException'{0x00000000c5022100}: sun/util/logging/resources/spi/loggingProvider> (0x00000000c5022100) 
thrown [s\open\src\hotspot\share\classfile\systemDictionary.cpp, line 312]
Event: 2.887 Thread 0x00000143e3e465a0 Exception <a 'java/lang/ClassNotFoundException'{0x00000000c4bb1fd8}: com/sun/javafx/scene/control/skin/resources/controls> (0x00000000c4bb1fd8) 
thrown [s\open\src\hotspot\share\prims\jni.cpp, line 539]
Event: 2.888 Thread 0x00000143e3e465a0 Exception <a 'java/lang/ClassNotFoundException'{0x00000000c4bc0418}: com/sun/javafx/scene/control/skin/resources/controls_en> (0x00000000c4bc0418) 
thrown [s\open\src\hotspot\share\prims\jni.cpp, line 539]
Event: 2.888 Thread 0x00000143e3e465a0 Exception <a 'java/lang/ClassNotFoundException'{0x00000000c4bc1708}: com/sun/javafx/scene/control/skin/resources/controls_en_ID> (0x00000000c4bc1708) 
thrown [s\open\src\hotspot\share\prims\jni.cpp, line 539]
Event: 2.948 Thread 0x00000143e3e465a0 Exception <a 'java/lang/NoSuchMethodError'{0x00000000c6e51d18}: 'void java.lang.invoke.DirectMethodHandle$Holder.invokeSpecial(java.lang.Object, java.lang.Object, java.lang.Object, java.lang.Object, java.lang.Object, java.lang.Object)'> (0x00000000c6e51d18) 
thrown [s\open\src\hotspot\share\interpreter\linkResolver.cpp, line 773]
Event: 2.950 Thread 0x00000143e3e465a0 Exception <a 'java/lang/NoSuchMethodError'{0x00000000c6e70908}: 'java.lang.Object java.lang.invoke.DirectMethodHandle$Holder.invokeInterface(java.lang.Object, java.lang.Object, java.lang.Object)'> (0x00000000c6e70908) 
thrown [s\open\src\hotspot\share\interpreter\linkResolver.cpp, line 773]
Event: 2.950 Thread 0x00000143e3e465a0 Exception <a 'java/lang/IncompatibleClassChangeError'{0x00000000c6e73fc0}: Found class java.lang.Object, but interface was expected> (0x00000000c6e73fc0) 
thrown [s\open\src\hotspot\share\interpreter\linkResolver.cpp, line 840]
Event: 3.035 Thread 0x00000143e3e465a0 Exception <a 'java/lang/NoSuchMethodError'{0x00000000c69becd8}: 'int java.lang.invoke.DirectMethodHandle$Holder.invokeSpecial(java.lang.Object, java.lang.Object, int)'> (0x00000000c69becd8) 
thrown [s\open\src\hotspot\share\interpreter\linkResolver.cpp, line 773]
Event: 3.052 Thread 0x00000143e3e465a0 Exception <a 'java/lang/NoSuchMethodError'{0x00000000c6818988}: 'java.lang.Object java.lang.invoke.DirectMethodHandle$Holder.newInvokeSpecial(java.lang.Object, java.lang.Object, int)'> (0x00000000c6818988) 
thrown [s\open\src\hotspot\share\interpreter\linkResolver.cpp, line 773]
Event: 3.137 Thread 0x00000143e3e472c0 Exception <a 'java/lang/NoSuchMethodError'{0x00000000c68ceb00}: 'int java.lang.invoke.DirectMethodHandle$Holder.invokeStaticInit(java.lang.Object, java.lang.Object)'> (0x00000000c68ceb00) 
thrown [s\open\src\hotspot\share\interpreter\linkResolver.cpp, line 773]
Event: 3.145 Thread 0x00000143e3e465a0 Exception <a 'java/lang/NoSuchMethodError'{0x00000000c67270f0}: 'long java.lang.invoke.DirectMethodHandle$Holder.invokeStatic(java.lang.Object, java.lang.Object, java.lang.Object)'> (0x00000000c67270f0) 
thrown [s\open\src\hotspot\share\interpreter\linkResolver.cpp, line 773]
Event: 3.145 Thread 0x00000143e3e465a0 Exception <a 'java/lang/NoSuchMethodError'{0x00000000c672a4d0}: 'long java.lang.invoke.DirectMethodHandle$Holder.invokeStaticInit(java.lang.Object, java.lang.Object, java.lang.Object)'> (0x00000000c672a4d0) 
thrown [s\open\src\hotspot\share\interpreter\linkResolver.cpp, line 773]
Event: 3.147 Thread 0x00000143e3e465a0 Exception <a 'java/lang/NoSuchMethodError'{0x00000000c673eb68}: 'java.lang.Object java.lang.invoke.DirectMethodHandle$Holder.newInvokeSpecial(java.lang.Object, java.lang.Object, long)'> (0x00000000c673eb68) 
thrown [s\open\src\hotspot\share\interpreter\linkResolver.cpp, line 773]
Event: 3.148 Thread 0x00000143e3e465a0 Exception <a 'java/lang/NoSuchMethodError'{0x00000000c6742470}: 'java.lang.Object java.lang.invoke.Invokers$Holder.linkToTargetMethod(java.lang.Object, long, java.lang.Object)'> (0x00000000c6742470) 
thrown [s\open\src\hotspot\share\interpreter\linkResolver.cpp, line 773]
Event: 3.158 Thread 0x00000143e3e472c0 Exception <a 'java/lang/NoSuchMethodError'{0x00000000c661cdf8}: 'java.lang.Object java.lang.invoke.Invokers$Holder.invokeExact_MT(java.lang.Object, java.lang.Object, java.lang.Object, java.lang.Object, java.lang.Object)'> (0x00000000c661cdf8) 
thrown [s\open\src\hotspot\share\interpreter\linkResolver.cpp, line 773]

ZGC Phase Switch (0 events):
No events

VM Operations (20 events):
Event: 0.726 Executing VM operation: G1CollectForAllocation (G1 Evacuation Pause)
Event: 0.732 Executing VM operation: G1CollectForAllocation (G1 Evacuation Pause) done
Event: 0.875 Executing VM operation: HandshakeAllThreads (Deoptimize)
Event: 0.875 Executing VM operation: HandshakeAllThreads (Deoptimize) done
Event: 1.181 Executing VM operation: HandshakeAllThreads (Deoptimize)
Event: 1.181 Executing VM operation: HandshakeAllThreads (Deoptimize) done
Event: 1.579 Executing VM operation: G1CollectForAllocation (G1 Evacuation Pause)
Event: 1.585 Executing VM operation: G1CollectForAllocation (G1 Evacuation Pause) done
Event: 2.092 Executing VM operation: HandshakeAllThreads (Deoptimize)
Event: 2.092 Executing VM operation: HandshakeAllThreads (Deoptimize) done
Event: 2.617 Executing VM operation: ICBufferFull
Event: 2.617 Executing VM operation: ICBufferFull done
Event: 2.657 Executing VM operation: HandshakeAllThreads (Deoptimize)
Event: 2.657 Executing VM operation: HandshakeAllThreads (Deoptimize) done
Event: 2.662 Executing VM operation: HandshakeAllThreads (Deoptimize)
Event: 2.662 Executing VM operation: HandshakeAllThreads (Deoptimize) done
Event: 2.664 Executing VM operation: HandshakeAllThreads (Deoptimize)
Event: 2.664 Executing VM operation: HandshakeAllThreads (Deoptimize) done
Event: 2.897 Executing VM operation: G1CollectForAllocation (G1 Evacuation Pause)
Event: 2.904 Executing VM operation: G1CollectForAllocation (G1 Evacuation Pause) done

Events (20 events):
Event: 0.046 Thread 0x00000143c712fca0 Thread added: 0x00000143c712fca0
Event: 0.092 Thread 0x00000143e3e3b1d0 Thread added: 0x00000143e3e3b1d0
Event: 0.092 Thread 0x00000143e3e3be20 Thread added: 0x00000143e3e3be20
Event: 0.092 Thread 0x00000143e3e3f6b0 Thread added: 0x00000143e3e3f6b0
Event: 0.093 Thread 0x00000143e3e42ad0 Thread added: 0x00000143e3e42ad0
Event: 0.093 Thread 0x00000143e3e43740 Thread added: 0x00000143e3e43740
Event: 0.093 Thread 0x00000143e3e48670 Thread added: 0x00000143e3e48670
Event: 0.093 Thread 0x00000143e3e4c1e0 Thread added: 0x00000143e3e4c1e0
Event: 0.093 Thread 0x00000143e3e55e00 Thread added: 0x00000143e3e55e00
Event: 0.139 Thread 0x00000143e3e451f0 Thread added: 0x00000143e3e451f0
Event: 0.319 Thread 0x00000143e3e46c30 Thread added: 0x00000143e3e46c30
Event: 0.759 Thread 0x00000143e3e472c0 Thread added: 0x00000143e3e472c0
Event: 0.919 Thread 0x00000143e3e47fe0 Thread added: 0x00000143e3e47fe0
Event: 0.924 Thread 0x00000143e3e465a0 Thread added: 0x00000143e3e465a0
Event: 1.132 Thread 0x00000143e3e45880 Thread added: 0x00000143e3e45880
Event: 1.141 Thread 0x00000143e3e45f10 Thread added: 0x00000143e3e45f10
Event: 2.117 Thread 0x00000143ee886180 Thread added: 0x00000143ee886180
Event: 2.612 Thread 0x00000143eebda120 Thread added: 0x00000143eebda120
Event: 2.824 Thread 0x00000143ee886180 Thread exited: 0x00000143ee886180
Event: 3.355 Thread 0x00000143eebdc1f0 Thread added: 0x00000143eebdc1f0


Dynamic libraries:
0x00007ff601f30000 - 0x00007ff601f40000 	C:\Program Files\Java\jdk-21\bin\java.exe
0x00007ffb782f0000 - 0x00007ffb78507000 	C:\WINDOWS\SYSTEM32\ntdll.dll
0x00007ffb76140000 - 0x00007ffb76204000 	C:\WINDOWS\System32\KERNEL32.DLL
0x00007ffb75600000 - 0x00007ffb759ba000 	C:\WINDOWS\System32\KERNELBASE.dll
0x00007ffb759c0000 - 0x00007ffb75ad1000 	C:\WINDOWS\System32\ucrtbase.dll
0x00007ffb5ebd0000 - 0x00007ffb5ebeb000 	C:\Program Files\Java\jdk-21\bin\VCRUNTIME140.dll
0x00007ffb5e470000 - 0x00007ffb5e489000 	C:\Program Files\Java\jdk-21\bin\jli.dll
0x00007ffb76000000 - 0x00007ffb760b2000 	C:\WINDOWS\System32\ADVAPI32.dll
0x00007ffb765a0000 - 0x00007ffb76647000 	C:\WINDOWS\System32\msvcrt.dll
0x00007ffb775d0000 - 0x00007ffb77677000 	C:\WINDOWS\System32\sechost.dll
0x00007ffb75eb0000 - 0x00007ffb75ed8000 	C:\WINDOWS\System32\bcrypt.dll
0x00007ffb767b0000 - 0x00007ffb768c4000 	C:\WINDOWS\System32\RPCRT4.dll
0x00007ffb77d40000 - 0x00007ffb77eee000 	C:\WINDOWS\System32\USER32.dll
0x00007ffb755d0000 - 0x00007ffb755f6000 	C:\WINDOWS\System32\win32u.dll
0x00007ffb78280000 - 0x00007ffb782a9000 	C:\WINDOWS\System32\GDI32.dll
0x00007ffb75ee0000 - 0x00007ffb75ffb000 	C:\WINDOWS\System32\gdi32full.dll
0x00007ffb75e10000 - 0x00007ffb75eaa000 	C:\WINDOWS\System32\msvcp_win.dll
0x00007ffb5f8f0000 - 0x00007ffb5fb82000 	C:\WINDOWS\WinSxS\amd64_microsoft.windows.common-controls_6595b64144ccf1df_6.0.22621.4541_none_2710d1c57384c085\COMCTL32.dll
0x00007ffb6ca30000 - 0x00007ffb6ca3a000 	C:\WINDOWS\SYSTEM32\VERSION.dll
0x00007ffb76700000 - 0x00007ffb76731000 	C:\WINDOWS\System32\IMM32.DLL
0x00007ffb6e050000 - 0x00007ffb6e05c000 	C:\Program Files\Java\jdk-21\bin\vcruntime140_1.dll
0x00007ffb54fa0000 - 0x00007ffb5502e000 	C:\Program Files\Java\jdk-21\bin\msvcp140.dll
0x00007ffb27950000 - 0x00007ffb28668000 	C:\Program Files\Java\jdk-21\bin\server\jvm.dll
0x00007ffb77550000 - 0x00007ffb775c1000 	C:\WINDOWS\System32\WS2_32.dll
0x00007ffb6e180000 - 0x00007ffb6e1b4000 	C:\WINDOWS\SYSTEM32\WINMM.dll
0x00007ffb754a0000 - 0x00007ffb754ed000 	C:\WINDOWS\SYSTEM32\POWRPROF.dll
0x00007ffb75480000 - 0x00007ffb75493000 	C:\WINDOWS\SYSTEM32\UMPDC.dll
0x00007ffb74610000 - 0x00007ffb74628000 	C:\WINDOWS\SYSTEM32\kernel.appcore.dll
0x00007ffb5ebc0000 - 0x00007ffb5ebca000 	C:\Program Files\Java\jdk-21\bin\jimage.dll
0x00007ffb72e10000 - 0x00007ffb73042000 	C:\WINDOWS\SYSTEM32\DBGHELP.DLL
0x00007ffb77ef0000 - 0x00007ffb7827f000 	C:\WINDOWS\System32\combase.dll
0x00007ffb769d0000 - 0x00007ffb76aa7000 	C:\WINDOWS\System32\OLEAUT32.dll
0x00007ffb57770000 - 0x00007ffb577a2000 	C:\WINDOWS\SYSTEM32\dbgcore.DLL
0x00007ffb75c50000 - 0x00007ffb75ccb000 	C:\WINDOWS\System32\bcryptPrimitives.dll
0x00007ffb5e150000 - 0x00007ffb5e16f000 	C:\Program Files\Java\jdk-21\bin\java.dll
0x00007ffb76cc0000 - 0x00007ffb77538000 	C:\WINDOWS\System32\SHELL32.dll
0x00007ffb73510000 - 0x00007ffb73e18000 	C:\WINDOWS\SYSTEM32\windows.storage.dll
0x00007ffb733d0000 - 0x00007ffb7350f000 	C:\WINDOWS\SYSTEM32\wintypes.dll
0x00007ffb763a0000 - 0x00007ffb7649a000 	C:\WINDOWS\System32\SHCORE.dll
0x00007ffb76750000 - 0x00007ffb767ae000 	C:\WINDOWS\System32\shlwapi.dll
0x00007ffb75500000 - 0x00007ffb7552b000 	C:\WINDOWS\SYSTEM32\profapi.dll
0x00007ffb554d0000 - 0x00007ffb555a7000 	C:\Program Files\Java\jdk-21\bin\jsvml.dll
0x00007ffb5eb40000 - 0x00007ffb5eb50000 	C:\Program Files\Java\jdk-21\bin\net.dll
0x00007ffb6f3f0000 - 0x00007ffb6f526000 	C:\WINDOWS\SYSTEM32\WINHTTP.dll
0x00007ffb74a90000 - 0x00007ffb74af9000 	C:\WINDOWS\system32\mswsock.dll
0x00007ffb5e050000 - 0x00007ffb5e066000 	C:\Program Files\Java\jdk-21\bin\nio.dll
0x00007ffb5e030000 - 0x00007ffb5e048000 	C:\Program Files\Java\jdk-21\bin\zip.dll
0x00000143e3f20000 - 0x00000143e3f23000 	C:\Users\USER\.openjfx\cache\23.0.1+4\amd64\api-ms-win-core-console-l1-1-0.dll
0x00000143e3f30000 - 0x00000143e3f33000 	C:\Users\USER\.openjfx\cache\23.0.1+4\amd64\api-ms-win-core-console-l1-2-0.dll
0x00000143e3f40000 - 0x00000143e3f43000 	C:\Users\USER\.openjfx\cache\23.0.1+4\amd64\api-ms-win-core-datetime-l1-1-0.dll
0x00000143e3f50000 - 0x00000143e3f53000 	C:\Users\USER\.openjfx\cache\23.0.1+4\amd64\api-ms-win-core-debug-l1-1-0.dll
0x00000143e3f60000 - 0x00000143e3f63000 	C:\Users\USER\.openjfx\cache\23.0.1+4\amd64\api-ms-win-core-errorhandling-l1-1-0.dll
0x00000143e3f70000 - 0x00000143e3f74000 	C:\Users\USER\.openjfx\cache\23.0.1+4\amd64\api-ms-win-core-file-l1-1-0.dll
0x00000143e3f80000 - 0x00000143e3f83000 	C:\Users\USER\.openjfx\cache\23.0.1+4\amd64\api-ms-win-core-file-l1-2-0.dll
0x00000143e3f90000 - 0x00000143e3f93000 	C:\Users\USER\.openjfx\cache\23.0.1+4\amd64\api-ms-win-core-file-l2-1-0.dll
0x00000143e3fa0000 - 0x00000143e3fa3000 	C:\Users\USER\.openjfx\cache\23.0.1+4\amd64\api-ms-win-core-handle-l1-1-0.dll
0x00000143e3fb0000 - 0x00000143e3fb3000 	C:\Users\USER\.openjfx\cache\23.0.1+4\amd64\api-ms-win-core-heap-l1-1-0.dll
0x00000143e3fc0000 - 0x00000143e3fc3000 	C:\Users\USER\.openjfx\cache\23.0.1+4\amd64\api-ms-win-core-interlocked-l1-1-0.dll
0x00000143e3fd0000 - 0x00000143e3fd3000 	C:\Users\USER\.openjfx\cache\23.0.1+4\amd64\api-ms-win-core-libraryloader-l1-1-0.dll
0x00000143e3fe0000 - 0x00000143e3fe3000 	C:\Users\USER\.openjfx\cache\23.0.1+4\amd64\api-ms-win-core-localization-l1-2-0.dll
0x00000143e3ff0000 - 0x00000143e3ff3000 	C:\Users\USER\.openjfx\cache\23.0.1+4\amd64\api-ms-win-core-memory-l1-1-0.dll
0x00000143e8d00000 - 0x00000143e8d03000 	C:\Users\USER\.openjfx\cache\23.0.1+4\amd64\api-ms-win-core-namedpipe-l1-1-0.dll
0x00000143e8d10000 - 0x00000143e8d13000 	C:\Users\USER\.openjfx\cache\23.0.1+4\amd64\api-ms-win-core-processenvironment-l1-1-0.dll
0x00000143e8d20000 - 0x00000143e8d23000 	C:\Users\USER\.openjfx\cache\23.0.1+4\amd64\api-ms-win-core-processthreads-l1-1-0.dll
0x00000143e8d30000 - 0x00000143e8d33000 	C:\Users\USER\.openjfx\cache\23.0.1+4\amd64\api-ms-win-core-processthreads-l1-1-1.dll
0x00000143e8d40000 - 0x00000143e8d43000 	C:\Users\USER\.openjfx\cache\23.0.1+4\amd64\api-ms-win-core-profile-l1-1-0.dll
0x00000143e8d50000 - 0x00000143e8d53000 	C:\Users\USER\.openjfx\cache\23.0.1+4\amd64\api-ms-win-core-rtlsupport-l1-1-0.dll
0x00000143e8d60000 - 0x00000143e8d63000 	C:\Users\USER\.openjfx\cache\23.0.1+4\amd64\api-ms-win-core-string-l1-1-0.dll
0x00000143e8d70000 - 0x00000143e8d73000 	C:\Users\USER\.openjfx\cache\23.0.1+4\amd64\api-ms-win-core-synch-l1-1-0.dll
0x00000143e8d80000 - 0x00000143e8d83000 	C:\Users\USER\.openjfx\cache\23.0.1+4\amd64\api-ms-win-core-synch-l1-2-0.dll
0x00000143e8d90000 - 0x00000143e8d93000 	C:\Users\USER\.openjfx\cache\23.0.1+4\amd64\api-ms-win-core-sysinfo-l1-1-0.dll
0x00000143e8da0000 - 0x00000143e8da3000 	C:\Users\USER\.openjfx\cache\23.0.1+4\amd64\api-ms-win-core-timezone-l1-1-0.dll
0x00000143e8db0000 - 0x00000143e8db3000 	C:\Users\USER\.openjfx\cache\23.0.1+4\amd64\api-ms-win-core-util-l1-1-0.dll
0x00000143e8dc0000 - 0x00000143e8dc3000 	C:\Users\USER\.openjfx\cache\23.0.1+4\amd64\api-ms-win-crt-conio-l1-1-0.dll
0x00000143e8dd0000 - 0x00000143e8dd4000 	C:\Users\USER\.openjfx\cache\23.0.1+4\amd64\api-ms-win-crt-convert-l1-1-0.dll
0x00000143e8de0000 - 0x00000143e8de3000 	C:\Users\USER\.openjfx\cache\23.0.1+4\amd64\api-ms-win-crt-environment-l1-1-0.dll
0x00000143e8df0000 - 0x00000143e8df3000 	C:\Users\USER\.openjfx\cache\23.0.1+4\amd64\api-ms-win-crt-filesystem-l1-1-0.dll
0x00000143e8e00000 - 0x00000143e8e03000 	C:\Users\USER\.openjfx\cache\23.0.1+4\amd64\api-ms-win-crt-heap-l1-1-0.dll
0x00000143e8e10000 - 0x00000143e8e13000 	C:\Users\USER\.openjfx\cache\23.0.1+4\amd64\api-ms-win-crt-locale-l1-1-0.dll
0x00000143e8e20000 - 0x00000143e8e25000 	C:\Users\USER\.openjfx\cache\23.0.1+4\amd64\api-ms-win-crt-math-l1-1-0.dll
0x00000143e8e30000 - 0x00000143e8e35000 	C:\Users\USER\.openjfx\cache\23.0.1+4\amd64\api-ms-win-crt-multibyte-l1-1-0.dll
0x00000143e8e40000 - 0x00000143e8e50000 	C:\Users\USER\.openjfx\cache\23.0.1+4\amd64\api-ms-win-crt-private-l1-1-0.dll
0x00000143e8e50000 - 0x00000143e8e53000 	C:\Users\USER\.openjfx\cache\23.0.1+4\amd64\api-ms-win-crt-process-l1-1-0.dll
0x00000143e8e60000 - 0x00000143e8e64000 	C:\Users\USER\.openjfx\cache\23.0.1+4\amd64\api-ms-win-crt-runtime-l1-1-0.dll
0x00000143e8e70000 - 0x00000143e8e74000 	C:\Users\USER\.openjfx\cache\23.0.1+4\amd64\api-ms-win-crt-stdio-l1-1-0.dll
0x00000143e8e80000 - 0x00000143e8e84000 	C:\Users\USER\.openjfx\cache\23.0.1+4\amd64\api-ms-win-crt-string-l1-1-0.dll
0x00000143e8e90000 - 0x00000143e8e93000 	C:\Users\USER\.openjfx\cache\23.0.1+4\amd64\api-ms-win-crt-time-l1-1-0.dll
0x00000143e8ea0000 - 0x00000143e8ea3000 	C:\Users\USER\.openjfx\cache\23.0.1+4\amd64\api-ms-win-crt-utility-l1-1-0.dll
0x00007ffb40bd0000 - 0x00007ffb40ccc000 	C:\Users\USER\.openjfx\cache\23.0.1+4\amd64\ucrtbase.dll
0x00007ffb55470000 - 0x00007ffb5548b000 	C:\Users\USER\.openjfx\cache\23.0.1+4\amd64\vcruntime140.dll
0x00007ffb6f280000 - 0x00007ffb6f28c000 	C:\Users\USER\.openjfx\cache\23.0.1+4\amd64\vcruntime140_1.dll
0x00007ffb4bf90000 - 0x00007ffb4c01e000 	C:\Users\USER\.openjfx\cache\23.0.1+4\amd64\msvcp140.dll
0x00007ffb6f220000 - 0x00007ffb6f229000 	C:\Users\USER\.openjfx\cache\23.0.1+4\amd64\msvcp140_1.dll
0x00007ffb4e720000 - 0x00007ffb4e761000 	C:\Users\USER\.openjfx\cache\23.0.1+4\amd64\msvcp140_2.dll
0x00007ffb4e4c0000 - 0x00007ffb4e4f0000 	C:\Users\USER\.openjfx\cache\23.0.1+4\amd64\prism_d3d.dll
0x00007ffb33480000 - 0x00007ffb33628000 	C:\WINDOWS\system32\d3d9.dll
0x00007ffb729a0000 - 0x00007ffb729cb000 	C:\WINDOWS\SYSTEM32\dwmapi.dll
0x00007ffb72750000 - 0x00007ffb72787000 	C:\WINDOWS\SYSTEM32\dxcore.dll
0x00007ffb72640000 - 0x00007ffb726f1000 	C:\WINDOWS\system32\uxtheme.dll
0x00007ffb23010000 - 0x00007ffb2327f000 	C:\WINDOWS\System32\DriverStore\FileRepository\iigd_dch.inf_amd64_03e2a5c7c3b3fa7c\igdumdim64.dll
0x00007ffb77680000 - 0x00007ffb77825000 	C:\WINDOWS\System32\ole32.dll
0x00007ffaa8880000 - 0x00007ffaa9da3000 	C:\WINDOWS\System32\DriverStore\FileRepository\iigd_dch.inf_amd64_03e2a5c7c3b3fa7c\igd9dxva64.dll
0x00007ffb77830000 - 0x00007ffb77ca4000 	C:\WINDOWS\System32\SETUPAPI.dll
0x00007ffb751a0000 - 0x00007ffb751ee000 	C:\WINDOWS\SYSTEM32\cfgmgr32.dll
0x00007ffb02170000 - 0x00007ffb03e9b000 	C:\WINDOWS\System32\DriverStore\FileRepository\iigd_dch.inf_amd64_03e2a5c7c3b3fa7c\media_bin_64.dll
0x00007ffb69140000 - 0x00007ffb6957f000 	C:\WINDOWS\System32\DriverStore\FileRepository\iigd_dch.inf_amd64_03e2a5c7c3b3fa7c\igdgmm64.dll
0x00007ffb6dc50000 - 0x00007ffb6dc99000 	C:\WINDOWS\SYSTEM32\directxdatabasehelper.dll
0x00007ffb4be20000 - 0x00007ffb4be65000 	C:\Users\USER\.openjfx\cache\23.0.1+4\amd64\glass.dll
0x00007ffb764a0000 - 0x00007ffb765a0000 	C:\WINDOWS\System32\COMDLG32.dll
0x00007ffb76230000 - 0x00007ffb76391000 	C:\WINDOWS\System32\MSCTF.dll
0x00007ffb1ad60000 - 0x00007ffb1ad87000 	C:\WINDOWS\System32\DriverStore\FileRepository\iigd_dch.inf_amd64_03e2a5c7c3b3fa7c\igdinfo64.dll
0x00007ffb74ce0000 - 0x00007ffb74cfb000 	C:\WINDOWS\SYSTEM32\CRYPTSP.dll
0x00007ffb74570000 - 0x00007ffb745a5000 	C:\WINDOWS\system32\rsaenh.dll
0x00007ffb74d00000 - 0x00007ffb74d0c000 	C:\WINDOWS\SYSTEM32\CRYPTBASE.dll
0x00007ffb69110000 - 0x00007ffb69134000 	C:\WINDOWS\System32\DriverStore\FileRepository\iigd_dch.inf_amd64_03e2a5c7c3b3fa7c\igc64.dll
0x00007ffb648a0000 - 0x00007ffb6900b000 	C:\WINDOWS\System32\DriverStore\FileRepository\iigd_dch.inf_amd64_03e2a5c7c3b3fa7c\igc1464.dll
0x00007ffb76650000 - 0x00007ffb76700000 	C:\WINDOWS\System32\clbcatq.dll
0x00007ffb63b80000 - 0x00007ffb63cfd000 	C:\Windows\System32\Windows.UI.dll
0x00007ffb62750000 - 0x00007ffb628c5000 	C:\Windows\System32\Windows.UI.Immersive.dll
0x00007ffb4f2b0000 - 0x00007ffb4f2c5000 	C:\Users\USER\.openjfx\cache\23.0.1+4\amd64\javafx_font.dll
0x00007ffb70190000 - 0x00007ffb70403000 	C:\WINDOWS\SYSTEM32\dwrite.dll
0x00007ffb72450000 - 0x00007ffb72600000 	C:\WINDOWS\SYSTEM32\WindowsCodecs.dll
0x00007ffb438d0000 - 0x00007ffb4392e000 	C:\WINDOWS\system32\dataexchange.dll
0x00007ffb6c410000 - 0x00007ffb6c6b4000 	C:\WINDOWS\system32\twinapi.appcore.dll
0x00007ffb48630000 - 0x00007ffb48662000 	C:\Program Files\Common Files\Microsoft Shared\Ink\rtscom.dll
0x00007ffb613f0000 - 0x00007ffb61535000 	C:\WINDOWS\SYSTEM32\textinputframework.dll
0x00007ffb70e10000 - 0x00007ffb70f43000 	C:\WINDOWS\SYSTEM32\CoreMessaging.dll
0x00007ffb6d570000 - 0x00007ffb6d8dd000 	C:\WINDOWS\SYSTEM32\CoreUIComponents.dll

dbghelp: loaded successfully - version: 4.0.5 - missing functions: none
symbol engine: initialized successfully - sym options: 0x614 - pdb path: .;C:\Program Files\Java\jdk-21\bin;C:\WINDOWS\SYSTEM32;C:\WINDOWS\WinSxS\amd64_microsoft.windows.common-controls_6595b64144ccf1df_6.0.22621.4541_none_2710d1c57384c085;C:\Program Files\Java\jdk-21\bin\server;C:\Users\USER\.openjfx\cache\23.0.1+4\amd64;C:\WINDOWS\System32\DriverStore\FileRepository\iigd_dch.inf_amd64_03e2a5c7c3b3fa7c;C:\Program Files\Common Files\Microsoft Shared\Ink

VM Arguments:
jvm_args: --module-path=C:/Program Files/Java/javafx-sdk-23.0.1/lib --add-modules=javafx.controls,javafx.fxml --module-path=C:\Users\USER\.m2\repository\org\openjfx\javafx-base\23.0.1\javafx-base-23.0.1-win.jar;C:\Users\USER\.m2\repository\org\openjfx\javafx-base\23.0.1\javafx-base-23.0.1.jar;C:\Users\USER\.m2\repository\org\openjfx\javafx-controls\23.0.1\javafx-controls-23.0.1-win.jar;C:\Users\USER\.m2\repository\org\openjfx\javafx-controls\23.0.1\javafx-controls-23.0.1.jar;C:\Users\USER\.m2\repository\org\openjfx\javafx-fxml\23.0.1\javafx-fxml-23.0.1-win.jar;C:\Users\USER\.m2\repository\org\openjfx\javafx-fxml\23.0.1\javafx-fxml-23.0.1.jar;C:\Users\USER\.m2\repository\org\openjfx\javafx-graphics\23.0.1\javafx-graphics-23.0.1-win.jar;C:\Users\USER\.m2\repository\org\openjfx\javafx-graphics\23.0.1\javafx-graphics-23.0.1.jar --add-modules=javafx.base,javafx.controls,javafx.fxml,javafx.graphics 
java_command: com.mycompany.java_farm.mainUi
java_class_path (initial): D:\FILE MEEEEE\SEMESTER 3\PBO\Java_farm\Java_farm\target\classes;C:\Users\USER\.m2\repository\com\google\protobuf\protobuf-java\3.21.9\protobuf-java-3.21.9.jar;C:\Users\USER\.m2\repository\com\mysql\mysql-connector-j\8.0.33\mysql-connector-j-8.0.33.jar
Launcher Type: SUN_STANDARD

[Global flags]
     intx CICompilerCount                          = 3                                         {product} {ergonomic}
     uint ConcGCThreads                            = 1                                         {product} {ergonomic}
     uint G1ConcRefinementThreads                  = 4                                         {product} {ergonomic}
   size_t G1HeapRegionSize                         = 1048576                                   {product} {ergonomic}
    uintx GCDrainStackTargetSize                   = 64                                        {product} {ergonomic}
   size_t InitialHeapSize                          = 65011712                                  {product} {ergonomic}
   size_t MarkStackSize                            = 4194304                                   {product} {ergonomic}
   size_t MaxHeapSize                              = 1021313024                                {product} {ergonomic}
   size_t MaxNewSize                               = 612368384                                 {product} {ergonomic}
   size_t MinHeapDeltaBytes                        = 1048576                                   {product} {ergonomic}
   size_t MinHeapSize                              = 8388608                                   {product} {ergonomic}
    uintx NonNMethodCodeHeapSize                   = 5832780                                {pd product} {ergonomic}
    uintx NonProfiledCodeHeapSize                  = 122912730                              {pd product} {ergonomic}
    uintx ProfiledCodeHeapSize                     = 122912730                              {pd product} {ergonomic}
    uintx ReservedCodeCacheSize                    = 251658240                              {pd product} {ergonomic}
     bool SegmentedCodeCache                       = true                                      {product} {ergonomic}
   size_t SoftMaxHeapSize                          = 1021313024                             {manageable} {ergonomic}
     bool UseCompressedOops                        = true                           {product lp64_product} {ergonomic}
     bool UseG1GC                                  = true                                      {product} {ergonomic}
     bool UseLargePagesIndividualAllocation        = false                                  {pd product} {ergonomic}

Logging:
Log output configuration:
 #0: stdout all=warning uptime,level,tags foldmultilines=false
 #1: stderr all=off uptime,level,tags foldmultilines=false

Environment Variables:
JAVA_HOME=C:\Program Files\Java\jdk-21
PATH=C:\Program Files\Common Files\Oracle\Java\javapath;C:\WINDOWS\system32;C:\WINDOWS;C:\WINDOWS\System32\Wbem;C:\WINDOWS\System32\WindowsPowerShell\v1.0\;C:\WINDOWS\System32\OpenSSH\;C:\MinGW\bin;C:\Program Files\dotnet\;C:\Program Files\MySQL\MySQL Server 8.0\bin;C:\xampp\php;C:\Program Files\MATLAB\R2024b\bin;C:\Program Files\Java\jdk-23\bin;C:\Users\USER\Downloads\apache-ant-1.10.15-bin\bin;C:\Program Files\Java\javafx-sdk-23.0.1\bin;C:\Program Files\NetBeans-20\netbeans\java\maven;C:\Users\USER\Downloads\apache-maven-3.9.9-bin\apache-maven-3.9.9\bin;C:\Program Files\Java\jdk-21\bin;C:\Program Files\Java\javafx-sdk-21.0.5\bin;C:\Program Files\Java\jdk-21\bin;C:\Program Files\MySQL\MySQL Shell 8.0\bin\;C:\Users\USER\AppData\Local\Microsoft\WindowsApps;;C:\Users\USER\Documents\FILE MEEEEE\Microsoft VS Code\bin
USERNAME=USER
OS=Windows_NT
PROCESSOR_IDENTIFIER=Intel64 Family 6 Model 140 Stepping 1, GenuineIntel
TMP=C:\Users\USER\AppData\Local\Temp
TEMP=C:\Users\USER\AppData\Local\Temp




Periodic native trim disabled

---------------  S Y S T E M  ---------------

OS:
 Windows 11 , 64 bit Build 22621 (10.0.22621.4391)
OS uptime: 0 days 14:59 hours

CPU: total 4 (initial active 4) (2 cores per cpu, 2 threads per core) family 6 model 140 stepping 1 microcode 0x9a, cx8, cmov, fxsr, ht, mmx, 3dnowpref, sse, sse2, sse3, ssse3, sse4.1, sse4.2, popcnt, lzcnt, tsc, tscinvbit, avx, avx2, aes, erms, clmul, bmi1, bmi2, adx, avx512f, avx512dq, avx512cd, avx512bw, avx512vl, sha, fma, vzeroupper, avx512_vpopcntdq, avx512_vpclmulqdq, avx512_vaes, avx512_vnni, clflush, clflushopt, clwb, avx512_vbmi2, avx512_vbmi, rdtscp, rdpid, fsrm, gfni, avx512_bitalg, f16c, pku, cet_ibt, cet_ss, avx512_ifma
Processor Information for processor 0
  Max Mhz: 2995, Current Mhz: 2995, Mhz Limit: 2995
Processor Information for processor 1
  Max Mhz: 2995, Current Mhz: 1198, Mhz Limit: 2995
Processor Information for processor 2
  Max Mhz: 2995, Current Mhz: 2995, Mhz Limit: 2995
Processor Information for processor 3
  Max Mhz: 2995, Current Mhz: 2995, Mhz Limit: 2995

Memory: 4k page, system-wide physical 3895M (254M free)
TotalPageFile size 15671M (AvailPageFile size 5M)
current process WorkingSet (physical memory assigned to process): 226M, peak: 226M
current process commit charge ("private bytes"): 260M, peak: 261M

vm_info: Java HotSpot(TM) 64-Bit Server VM (21.0.5+9-LTS-239) for windows-amd64 JRE (21.0.5+9-LTS-239), built on 2024-09-30T05:17:38Z by "mach5one" with MS VC++ 17.6 (VS2022)

END.
